2024-07-05 15:13:02,725 - INFO - Simulation started, using 10 workers
2024-07-05 15:13:02,729 - INFO - Start round 0
2024-07-05 15:13:02,759 - INFO - Prepared sim number: 0: RAYPy_Simulation_Bessy2_LoBeta_short_RP/round_0/0_Bessy2_LoBeta_short_RP.rml
2024-07-05 15:13:02,806 - INFO - Prepared sim number: 1: RAYPy_Simulation_Bessy2_LoBeta_short_RP/round_0/1_Bessy2_LoBeta_short_RP.rml
2024-07-05 15:13:02,836 - INFO - Prepared sim number: 2: RAYPy_Simulation_Bessy2_LoBeta_short_RP/round_0/2_Bessy2_LoBeta_short_RP.rml
2024-07-05 15:13:02,858 - INFO - Prepared sim number: 3: RAYPy_Simulation_Bessy2_LoBeta_short_RP/round_0/3_Bessy2_LoBeta_short_RP.rml
2024-07-05 15:13:02,873 - INFO - Prepared sim number: 4: RAYPy_Simulation_Bessy2_LoBeta_short_RP/round_0/4_Bessy2_LoBeta_short_RP.rml
2024-07-05 15:13:02,884 - INFO - Prepared sim number: 5: RAYPy_Simulation_Bessy2_LoBeta_short_RP/round_0/5_Bessy2_LoBeta_short_RP.rml
2024-07-05 15:13:02,894 - INFO - Prepared sim number: 6: RAYPy_Simulation_Bessy2_LoBeta_short_RP/round_0/6_Bessy2_LoBeta_short_RP.rml
2024-07-05 15:13:02,905 - INFO - Prepared sim number: 7: RAYPy_Simulation_Bessy2_LoBeta_short_RP/round_0/7_Bessy2_LoBeta_short_RP.rml
2024-07-05 15:13:02,915 - INFO - Prepared sim number: 8: RAYPy_Simulation_Bessy2_LoBeta_short_RP/round_0/8_Bessy2_LoBeta_short_RP.rml
2024-07-05 15:13:02,924 - INFO - Prepared sim number: 9: RAYPy_Simulation_Bessy2_LoBeta_short_RP/round_0/9_Bessy2_LoBeta_short_RP.rml
2024-07-05 15:13:02,934 - INFO - Prepared sim number: 10: RAYPy_Simulation_Bessy2_LoBeta_short_RP/round_0/10_Bessy2_LoBeta_short_RP.rml
2024-07-05 15:13:02,942 - INFO - Prepared sim number: 11: RAYPy_Simulation_Bessy2_LoBeta_short_RP/round_0/11_Bessy2_LoBeta_short_RP.rml
2024-07-05 15:13:02,955 - INFO - Prepared sim number: 12: RAYPy_Simulation_Bessy2_LoBeta_short_RP/round_0/12_Bessy2_LoBeta_short_RP.rml
2024-07-05 15:13:02,965 - INFO - Prepared sim number: 13: RAYPy_Simulation_Bessy2_LoBeta_short_RP/round_0/13_Bessy2_LoBeta_short_RP.rml
2024-07-05 15:13:02,980 - INFO - Prepared sim number: 14: RAYPy_Simulation_Bessy2_LoBeta_short_RP/round_0/14_Bessy2_LoBeta_short_RP.rml
2024-07-05 15:13:02,993 - INFO - Prepared sim number: 15: RAYPy_Simulation_Bessy2_LoBeta_short_RP/round_0/15_Bessy2_LoBeta_short_RP.rml
2024-07-05 15:13:03,002 - INFO - Prepared sim number: 16: RAYPy_Simulation_Bessy2_LoBeta_short_RP/round_0/16_Bessy2_LoBeta_short_RP.rml
2024-07-05 15:13:03,014 - INFO - Prepared sim number: 17: RAYPy_Simulation_Bessy2_LoBeta_short_RP/round_0/17_Bessy2_LoBeta_short_RP.rml
2024-07-05 15:13:03,026 - INFO - Prepared sim number: 18: RAYPy_Simulation_Bessy2_LoBeta_short_RP/round_0/18_Bessy2_LoBeta_short_RP.rml
2024-07-05 15:13:03,035 - INFO - Prepared sim number: 19: RAYPy_Simulation_Bessy2_LoBeta_short_RP/round_0/19_Bessy2_LoBeta_short_RP.rml
2024-07-05 15:13:03,047 - INFO - Prepared sim number: 20: RAYPy_Simulation_Bessy2_LoBeta_short_RP/round_0/20_Bessy2_LoBeta_short_RP.rml
2024-07-05 15:13:03,058 - INFO - Prepared sim number: 21: RAYPy_Simulation_Bessy2_LoBeta_short_RP/round_0/21_Bessy2_LoBeta_short_RP.rml
2024-07-05 15:13:03,067 - INFO - Prepared sim number: 22: RAYPy_Simulation_Bessy2_LoBeta_short_RP/round_0/22_Bessy2_LoBeta_short_RP.rml
2024-07-05 15:13:03,076 - INFO - Prepared sim number: 23: RAYPy_Simulation_Bessy2_LoBeta_short_RP/round_0/23_Bessy2_LoBeta_short_RP.rml
2024-07-05 15:13:03,087 - INFO - Prepared sim number: 24: RAYPy_Simulation_Bessy2_LoBeta_short_RP/round_0/24_Bessy2_LoBeta_short_RP.rml
2024-07-05 15:13:03,101 - INFO - Prepared sim number: 25: RAYPy_Simulation_Bessy2_LoBeta_short_RP/round_0/25_Bessy2_LoBeta_short_RP.rml
2024-07-05 15:13:03,112 - INFO - Prepared sim number: 26: RAYPy_Simulation_Bessy2_LoBeta_short_RP/round_0/26_Bessy2_LoBeta_short_RP.rml
2024-07-05 15:13:03,126 - INFO - Prepared sim number: 27: RAYPy_Simulation_Bessy2_LoBeta_short_RP/round_0/27_Bessy2_LoBeta_short_RP.rml
2024-07-05 15:13:03,134 - INFO - Prepared sim number: 28: RAYPy_Simulation_Bessy2_LoBeta_short_RP/round_0/28_Bessy2_LoBeta_short_RP.rml
2024-07-05 15:13:03,142 - INFO - Prepared sim number: 29: RAYPy_Simulation_Bessy2_LoBeta_short_RP/round_0/29_Bessy2_LoBeta_short_RP.rml
2024-07-05 15:13:03,153 - INFO - Prepared sim number: 30: RAYPy_Simulation_Bessy2_LoBeta_short_RP/round_0/30_Bessy2_LoBeta_short_RP.rml
2024-07-05 15:13:03,161 - INFO - Prepared sim number: 31: RAYPy_Simulation_Bessy2_LoBeta_short_RP/round_0/31_Bessy2_LoBeta_short_RP.rml
2024-07-05 15:13:03,169 - INFO - Prepared sim number: 32: RAYPy_Simulation_Bessy2_LoBeta_short_RP/round_0/32_Bessy2_LoBeta_short_RP.rml
2024-07-05 15:13:03,177 - INFO - Prepared sim number: 33: RAYPy_Simulation_Bessy2_LoBeta_short_RP/round_0/33_Bessy2_LoBeta_short_RP.rml
2024-07-05 15:13:03,184 - INFO - Prepared sim number: 34: RAYPy_Simulation_Bessy2_LoBeta_short_RP/round_0/34_Bessy2_LoBeta_short_RP.rml
2024-07-05 15:13:03,193 - INFO - Prepared sim number: 35: RAYPy_Simulation_Bessy2_LoBeta_short_RP/round_0/35_Bessy2_LoBeta_short_RP.rml
2024-07-05 15:13:03,203 - INFO - Prepared sim number: 36: RAYPy_Simulation_Bessy2_LoBeta_short_RP/round_0/36_Bessy2_LoBeta_short_RP.rml
2024-07-05 15:13:03,214 - INFO - Prepared sim number: 37: RAYPy_Simulation_Bessy2_LoBeta_short_RP/round_0/37_Bessy2_LoBeta_short_RP.rml
2024-07-05 15:13:03,225 - INFO - Prepared sim number: 38: RAYPy_Simulation_Bessy2_LoBeta_short_RP/round_0/38_Bessy2_LoBeta_short_RP.rml
2024-07-05 15:13:03,239 - INFO - Prepared sim number: 39: RAYPy_Simulation_Bessy2_LoBeta_short_RP/round_0/39_Bessy2_LoBeta_short_RP.rml
2024-07-05 15:13:03,248 - INFO - Prepared sim number: 40: RAYPy_Simulation_Bessy2_LoBeta_short_RP/round_0/40_Bessy2_LoBeta_short_RP.rml
2024-07-05 15:13:03,259 - INFO - Prepared sim number: 41: RAYPy_Simulation_Bessy2_LoBeta_short_RP/round_0/41_Bessy2_LoBeta_short_RP.rml
2024-07-05 15:13:03,272 - INFO - Prepared sim number: 42: RAYPy_Simulation_Bessy2_LoBeta_short_RP/round_0/42_Bessy2_LoBeta_short_RP.rml
2024-07-05 15:13:03,289 - INFO - Prepared sim number: 43: RAYPy_Simulation_Bessy2_LoBeta_short_RP/round_0/43_Bessy2_LoBeta_short_RP.rml
2024-07-05 15:13:03,301 - INFO - Prepared sim number: 44: RAYPy_Simulation_Bessy2_LoBeta_short_RP/round_0/44_Bessy2_LoBeta_short_RP.rml
2024-07-05 15:13:03,311 - INFO - Prepared sim number: 45: RAYPy_Simulation_Bessy2_LoBeta_short_RP/round_0/45_Bessy2_LoBeta_short_RP.rml
2024-07-05 15:13:03,319 - INFO - Prepared sim number: 46: RAYPy_Simulation_Bessy2_LoBeta_short_RP/round_0/46_Bessy2_LoBeta_short_RP.rml
2024-07-05 15:13:03,327 - INFO - Prepared sim number: 47: RAYPy_Simulation_Bessy2_LoBeta_short_RP/round_0/47_Bessy2_LoBeta_short_RP.rml
2024-07-05 15:13:03,336 - INFO - Prepared sim number: 48: RAYPy_Simulation_Bessy2_LoBeta_short_RP/round_0/48_Bessy2_LoBeta_short_RP.rml
2024-07-05 15:13:03,356 - INFO - Prepared sim number: 49: RAYPy_Simulation_Bessy2_LoBeta_short_RP/round_0/49_Bessy2_LoBeta_short_RP.rml
2024-07-05 15:13:03,393 - INFO - Waiting for batch number: 0, timeout: 60s
2024-07-05 15:13:07,224 - INFO - Completed: 1, remaining: 49, RAYPy_Simulation_Bessy2_LoBeta_short_RP/round_0/2_Bessy2_LoBeta_short_RP.rml
2024-07-05 15:13:07,299 - INFO - Completed: 2, remaining: 48, RAYPy_Simulation_Bessy2_LoBeta_short_RP/round_0/9_Bessy2_LoBeta_short_RP.rml
2024-07-05 15:13:07,342 - INFO - Completed: 3, remaining: 47, RAYPy_Simulation_Bessy2_LoBeta_short_RP/round_0/3_Bessy2_LoBeta_short_RP.rml
2024-07-05 15:13:07,363 - INFO - Completed: 4, remaining: 46, RAYPy_Simulation_Bessy2_LoBeta_short_RP/round_0/1_Bessy2_LoBeta_short_RP.rml
2024-07-05 15:13:07,431 - INFO - Completed: 5, remaining: 45, RAYPy_Simulation_Bessy2_LoBeta_short_RP/round_0/8_Bessy2_LoBeta_short_RP.rml
2024-07-05 15:13:07,692 - INFO - Completed: 6, remaining: 44, RAYPy_Simulation_Bessy2_LoBeta_short_RP/round_0/6_Bessy2_LoBeta_short_RP.rml
2024-07-05 15:13:07,785 - INFO - Completed: 7, remaining: 43, RAYPy_Simulation_Bessy2_LoBeta_short_RP/round_0/7_Bessy2_LoBeta_short_RP.rml
2024-07-05 15:13:07,966 - INFO - Completed: 8, remaining: 42, RAYPy_Simulation_Bessy2_LoBeta_short_RP/round_0/4_Bessy2_LoBeta_short_RP.rml
2024-07-05 15:13:08,017 - INFO - Completed: 9, remaining: 41, RAYPy_Simulation_Bessy2_LoBeta_short_RP/round_0/0_Bessy2_LoBeta_short_RP.rml
2024-07-05 15:13:10,480 - INFO - Completed: 10, remaining: 40, RAYPy_Simulation_Bessy2_LoBeta_short_RP/round_0/5_Bessy2_LoBeta_short_RP.rml
2024-07-05 15:13:12,316 - INFO - Completed: 11, remaining: 39, RAYPy_Simulation_Bessy2_LoBeta_short_RP/round_0/13_Bessy2_LoBeta_short_RP.rml
2024-07-05 15:13:12,392 - INFO - Completed: 12, remaining: 38, RAYPy_Simulation_Bessy2_LoBeta_short_RP/round_0/14_Bessy2_LoBeta_short_RP.rml
2024-07-05 15:13:12,424 - INFO - Completed: 13, remaining: 37, RAYPy_Simulation_Bessy2_LoBeta_short_RP/round_0/11_Bessy2_LoBeta_short_RP.rml
2024-07-05 15:13:12,557 - INFO - Completed: 14, remaining: 36, RAYPy_Simulation_Bessy2_LoBeta_short_RP/round_0/12_Bessy2_LoBeta_short_RP.rml
2024-07-05 15:13:12,585 - INFO - Completed: 15, remaining: 35, RAYPy_Simulation_Bessy2_LoBeta_short_RP/round_0/16_Bessy2_LoBeta_short_RP.rml
2024-07-05 15:13:12,618 - INFO - Completed: 16, remaining: 34, RAYPy_Simulation_Bessy2_LoBeta_short_RP/round_0/10_Bessy2_LoBeta_short_RP.rml
2024-07-05 15:13:12,701 - INFO - Completed: 17, remaining: 33, RAYPy_Simulation_Bessy2_LoBeta_short_RP/round_0/15_Bessy2_LoBeta_short_RP.rml
2024-07-05 15:13:12,767 - INFO - Completed: 18, remaining: 32, RAYPy_Simulation_Bessy2_LoBeta_short_RP/round_0/17_Bessy2_LoBeta_short_RP.rml
2024-07-05 15:13:13,007 - INFO - Completed: 19, remaining: 31, RAYPy_Simulation_Bessy2_LoBeta_short_RP/round_0/18_Bessy2_LoBeta_short_RP.rml
2024-07-05 15:13:15,189 - INFO - Completed: 20, remaining: 30, RAYPy_Simulation_Bessy2_LoBeta_short_RP/round_0/19_Bessy2_LoBeta_short_RP.rml
2024-07-05 15:13:16,682 - INFO - Completed: 21, remaining: 29, RAYPy_Simulation_Bessy2_LoBeta_short_RP/round_0/20_Bessy2_LoBeta_short_RP.rml
2024-07-05 15:13:16,833 - INFO - Completed: 22, remaining: 28, RAYPy_Simulation_Bessy2_LoBeta_short_RP/round_0/23_Bessy2_LoBeta_short_RP.rml
2024-07-05 15:13:16,900 - INFO - Completed: 23, remaining: 27, RAYPy_Simulation_Bessy2_LoBeta_short_RP/round_0/22_Bessy2_LoBeta_short_RP.rml
2024-07-05 15:13:17,029 - INFO - Completed: 24, remaining: 26, RAYPy_Simulation_Bessy2_LoBeta_short_RP/round_0/25_Bessy2_LoBeta_short_RP.rml
2024-07-05 15:13:17,121 - INFO - Completed: 25, remaining: 25, RAYPy_Simulation_Bessy2_LoBeta_short_RP/round_0/24_Bessy2_LoBeta_short_RP.rml
2024-07-05 15:13:17,233 - INFO - Completed: 26, remaining: 24, RAYPy_Simulation_Bessy2_LoBeta_short_RP/round_0/21_Bessy2_LoBeta_short_RP.rml
2024-07-05 15:13:17,347 - INFO - Completed: 27, remaining: 23, RAYPy_Simulation_Bessy2_LoBeta_short_RP/round_0/28_Bessy2_LoBeta_short_RP.rml
2024-07-05 15:13:17,541 - INFO - Completed: 28, remaining: 22, RAYPy_Simulation_Bessy2_LoBeta_short_RP/round_0/27_Bessy2_LoBeta_short_RP.rml
2024-07-05 15:13:17,750 - INFO - Completed: 29, remaining: 21, RAYPy_Simulation_Bessy2_LoBeta_short_RP/round_0/26_Bessy2_LoBeta_short_RP.rml
2024-07-05 15:13:18,874 - INFO - Completed: 30, remaining: 20, RAYPy_Simulation_Bessy2_LoBeta_short_RP/round_0/29_Bessy2_LoBeta_short_RP.rml
2024-07-05 15:13:19,991 - INFO - Completed: 31, remaining: 19, RAYPy_Simulation_Bessy2_LoBeta_short_RP/round_0/31_Bessy2_LoBeta_short_RP.rml
2024-07-05 15:13:20,434 - INFO - Completed: 32, remaining: 18, RAYPy_Simulation_Bessy2_LoBeta_short_RP/round_0/32_Bessy2_LoBeta_short_RP.rml
2024-07-05 15:13:20,500 - INFO - Completed: 33, remaining: 17, RAYPy_Simulation_Bessy2_LoBeta_short_RP/round_0/33_Bessy2_LoBeta_short_RP.rml
2024-07-05 15:13:20,578 - INFO - Completed: 34, remaining: 16, RAYPy_Simulation_Bessy2_LoBeta_short_RP/round_0/34_Bessy2_LoBeta_short_RP.rml
2024-07-05 15:13:20,779 - INFO - Completed: 35, remaining: 15, RAYPy_Simulation_Bessy2_LoBeta_short_RP/round_0/30_Bessy2_LoBeta_short_RP.rml
2024-07-05 15:13:20,908 - INFO - Completed: 36, remaining: 14, RAYPy_Simulation_Bessy2_LoBeta_short_RP/round_0/35_Bessy2_LoBeta_short_RP.rml
2024-07-05 15:13:21,570 - INFO - Completed: 37, remaining: 13, RAYPy_Simulation_Bessy2_LoBeta_short_RP/round_0/38_Bessy2_LoBeta_short_RP.rml
2024-07-05 15:13:21,695 - INFO - Completed: 38, remaining: 12, RAYPy_Simulation_Bessy2_LoBeta_short_RP/round_0/36_Bessy2_LoBeta_short_RP.rml
2024-07-05 15:13:21,838 - INFO - Completed: 39, remaining: 11, RAYPy_Simulation_Bessy2_LoBeta_short_RP/round_0/37_Bessy2_LoBeta_short_RP.rml
2024-07-05 15:13:23,522 - INFO - Completed: 40, remaining: 10, RAYPy_Simulation_Bessy2_LoBeta_short_RP/round_0/39_Bessy2_LoBeta_short_RP.rml
2024-07-05 15:13:24,502 - INFO - Completed: 41, remaining: 9, RAYPy_Simulation_Bessy2_LoBeta_short_RP/round_0/40_Bessy2_LoBeta_short_RP.rml
2024-07-05 15:13:24,910 - INFO - Completed: 42, remaining: 8, RAYPy_Simulation_Bessy2_LoBeta_short_RP/round_0/42_Bessy2_LoBeta_short_RP.rml
2024-07-05 15:13:25,028 - INFO - Completed: 43, remaining: 7, RAYPy_Simulation_Bessy2_LoBeta_short_RP/round_0/41_Bessy2_LoBeta_short_RP.rml
2024-07-05 15:13:25,211 - INFO - Completed: 44, remaining: 6, RAYPy_Simulation_Bessy2_LoBeta_short_RP/round_0/44_Bessy2_LoBeta_short_RP.rml
2024-07-05 15:13:25,307 - INFO - Completed: 45, remaining: 5, RAYPy_Simulation_Bessy2_LoBeta_short_RP/round_0/43_Bessy2_LoBeta_short_RP.rml
2024-07-05 15:13:25,448 - INFO - Completed: 46, remaining: 4, RAYPy_Simulation_Bessy2_LoBeta_short_RP/round_0/45_Bessy2_LoBeta_short_RP.rml
2024-07-05 15:13:25,736 - INFO - Completed: 47, remaining: 3, RAYPy_Simulation_Bessy2_LoBeta_short_RP/round_0/46_Bessy2_LoBeta_short_RP.rml
2024-07-05 15:13:25,765 - INFO - Completed: 48, remaining: 2, RAYPy_Simulation_Bessy2_LoBeta_short_RP/round_0/48_Bessy2_LoBeta_short_RP.rml
2024-07-05 15:13:25,975 - INFO - Completed: 49, remaining: 1, RAYPy_Simulation_Bessy2_LoBeta_short_RP/round_0/47_Bessy2_LoBeta_short_RP.rml
2024-07-05 15:13:26,412 - INFO - Completed: 50, remaining: 0, RAYPy_Simulation_Bessy2_LoBeta_short_RP/round_0/49_Bessy2_LoBeta_short_RP.rml
2024-07-05 15:13:26,413 - INFO - Batch Completed
2024-07-05 15:13:26,413 - INFO - Waiting For batch, 50 simulations to go
2024-07-05 15:13:26,424 - INFO - Prepared sim number: 50: RAYPy_Simulation_Bessy2_LoBeta_short_RP/round_0/50_Bessy2_LoBeta_short_RP.rml
2024-07-05 15:13:26,444 - INFO - Prepared sim number: 51: RAYPy_Simulation_Bessy2_LoBeta_short_RP/round_0/51_Bessy2_LoBeta_short_RP.rml
2024-07-05 15:13:26,453 - INFO - Prepared sim number: 52: RAYPy_Simulation_Bessy2_LoBeta_short_RP/round_0/52_Bessy2_LoBeta_short_RP.rml
2024-07-05 15:13:26,467 - INFO - Prepared sim number: 53: RAYPy_Simulation_Bessy2_LoBeta_short_RP/round_0/53_Bessy2_LoBeta_short_RP.rml
2024-07-05 15:13:26,475 - INFO - Prepared sim number: 54: RAYPy_Simulation_Bessy2_LoBeta_short_RP/round_0/54_Bessy2_LoBeta_short_RP.rml
2024-07-05 15:13:26,484 - INFO - Prepared sim number: 55: RAYPy_Simulation_Bessy2_LoBeta_short_RP/round_0/55_Bessy2_LoBeta_short_RP.rml
2024-07-05 15:13:26,494 - INFO - Prepared sim number: 56: RAYPy_Simulation_Bessy2_LoBeta_short_RP/round_0/56_Bessy2_LoBeta_short_RP.rml
2024-07-05 15:13:26,503 - INFO - Prepared sim number: 57: RAYPy_Simulation_Bessy2_LoBeta_short_RP/round_0/57_Bessy2_LoBeta_short_RP.rml
2024-07-05 15:13:26,514 - INFO - Prepared sim number: 58: RAYPy_Simulation_Bessy2_LoBeta_short_RP/round_0/58_Bessy2_LoBeta_short_RP.rml
2024-07-05 15:13:26,531 - INFO - Prepared sim number: 59: RAYPy_Simulation_Bessy2_LoBeta_short_RP/round_0/59_Bessy2_LoBeta_short_RP.rml
2024-07-05 15:13:26,548 - INFO - Prepared sim number: 60: RAYPy_Simulation_Bessy2_LoBeta_short_RP/round_0/60_Bessy2_LoBeta_short_RP.rml
2024-07-05 15:13:26,566 - INFO - Prepared sim number: 61: RAYPy_Simulation_Bessy2_LoBeta_short_RP/round_0/61_Bessy2_LoBeta_short_RP.rml
2024-07-05 15:13:26,584 - INFO - Prepared sim number: 62: RAYPy_Simulation_Bessy2_LoBeta_short_RP/round_0/62_Bessy2_LoBeta_short_RP.rml
2024-07-05 15:13:26,599 - INFO - Prepared sim number: 63: RAYPy_Simulation_Bessy2_LoBeta_short_RP/round_0/63_Bessy2_LoBeta_short_RP.rml
2024-07-05 15:13:26,617 - INFO - Prepared sim number: 64: RAYPy_Simulation_Bessy2_LoBeta_short_RP/round_0/64_Bessy2_LoBeta_short_RP.rml
2024-07-05 15:13:26,637 - INFO - Prepared sim number: 65: RAYPy_Simulation_Bessy2_LoBeta_short_RP/round_0/65_Bessy2_LoBeta_short_RP.rml
2024-07-05 15:13:26,657 - INFO - Prepared sim number: 66: RAYPy_Simulation_Bessy2_LoBeta_short_RP/round_0/66_Bessy2_LoBeta_short_RP.rml
2024-07-05 15:13:26,674 - INFO - Prepared sim number: 67: RAYPy_Simulation_Bessy2_LoBeta_short_RP/round_0/67_Bessy2_LoBeta_short_RP.rml
2024-07-05 15:13:26,690 - INFO - Prepared sim number: 68: RAYPy_Simulation_Bessy2_LoBeta_short_RP/round_0/68_Bessy2_LoBeta_short_RP.rml
2024-07-05 15:13:26,703 - INFO - Prepared sim number: 69: RAYPy_Simulation_Bessy2_LoBeta_short_RP/round_0/69_Bessy2_LoBeta_short_RP.rml
2024-07-05 15:13:26,715 - INFO - Prepared sim number: 70: RAYPy_Simulation_Bessy2_LoBeta_short_RP/round_0/70_Bessy2_LoBeta_short_RP.rml
2024-07-05 15:13:26,726 - INFO - Prepared sim number: 71: RAYPy_Simulation_Bessy2_LoBeta_short_RP/round_0/71_Bessy2_LoBeta_short_RP.rml
2024-07-05 15:13:26,737 - INFO - Prepared sim number: 72: RAYPy_Simulation_Bessy2_LoBeta_short_RP/round_0/72_Bessy2_LoBeta_short_RP.rml
2024-07-05 15:13:26,745 - INFO - Prepared sim number: 73: RAYPy_Simulation_Bessy2_LoBeta_short_RP/round_0/73_Bessy2_LoBeta_short_RP.rml
2024-07-05 15:13:26,752 - INFO - Prepared sim number: 74: RAYPy_Simulation_Bessy2_LoBeta_short_RP/round_0/74_Bessy2_LoBeta_short_RP.rml
2024-07-05 15:13:26,762 - INFO - Prepared sim number: 75: RAYPy_Simulation_Bessy2_LoBeta_short_RP/round_0/75_Bessy2_LoBeta_short_RP.rml
2024-07-05 15:13:26,775 - INFO - Prepared sim number: 76: RAYPy_Simulation_Bessy2_LoBeta_short_RP/round_0/76_Bessy2_LoBeta_short_RP.rml
2024-07-05 15:13:26,785 - INFO - Prepared sim number: 77: RAYPy_Simulation_Bessy2_LoBeta_short_RP/round_0/77_Bessy2_LoBeta_short_RP.rml
2024-07-05 15:13:26,796 - INFO - Prepared sim number: 78: RAYPy_Simulation_Bessy2_LoBeta_short_RP/round_0/78_Bessy2_LoBeta_short_RP.rml
2024-07-05 15:13:26,806 - INFO - Prepared sim number: 79: RAYPy_Simulation_Bessy2_LoBeta_short_RP/round_0/79_Bessy2_LoBeta_short_RP.rml
2024-07-05 15:13:26,818 - INFO - Prepared sim number: 80: RAYPy_Simulation_Bessy2_LoBeta_short_RP/round_0/80_Bessy2_LoBeta_short_RP.rml
2024-07-05 15:13:26,826 - INFO - Prepared sim number: 81: RAYPy_Simulation_Bessy2_LoBeta_short_RP/round_0/81_Bessy2_LoBeta_short_RP.rml
2024-07-05 15:13:26,839 - INFO - Prepared sim number: 82: RAYPy_Simulation_Bessy2_LoBeta_short_RP/round_0/82_Bessy2_LoBeta_short_RP.rml
2024-07-05 15:13:26,849 - INFO - Prepared sim number: 83: RAYPy_Simulation_Bessy2_LoBeta_short_RP/round_0/83_Bessy2_LoBeta_short_RP.rml
2024-07-05 15:13:26,860 - INFO - Prepared sim number: 84: RAYPy_Simulation_Bessy2_LoBeta_short_RP/round_0/84_Bessy2_LoBeta_short_RP.rml
2024-07-05 15:13:26,872 - INFO - Prepared sim number: 85: RAYPy_Simulation_Bessy2_LoBeta_short_RP/round_0/85_Bessy2_LoBeta_short_RP.rml
2024-07-05 15:13:26,884 - INFO - Prepared sim number: 86: RAYPy_Simulation_Bessy2_LoBeta_short_RP/round_0/86_Bessy2_LoBeta_short_RP.rml
2024-07-05 15:13:26,895 - INFO - Prepared sim number: 87: RAYPy_Simulation_Bessy2_LoBeta_short_RP/round_0/87_Bessy2_LoBeta_short_RP.rml
2024-07-05 15:13:26,906 - INFO - Prepared sim number: 88: RAYPy_Simulation_Bessy2_LoBeta_short_RP/round_0/88_Bessy2_LoBeta_short_RP.rml
2024-07-05 15:13:26,923 - INFO - Prepared sim number: 89: RAYPy_Simulation_Bessy2_LoBeta_short_RP/round_0/89_Bessy2_LoBeta_short_RP.rml
2024-07-05 15:13:26,937 - INFO - Prepared sim number: 90: RAYPy_Simulation_Bessy2_LoBeta_short_RP/round_0/90_Bessy2_LoBeta_short_RP.rml
2024-07-05 15:13:26,948 - INFO - Prepared sim number: 91: RAYPy_Simulation_Bessy2_LoBeta_short_RP/round_0/91_Bessy2_LoBeta_short_RP.rml
2024-07-05 15:13:26,963 - INFO - Prepared sim number: 92: RAYPy_Simulation_Bessy2_LoBeta_short_RP/round_0/92_Bessy2_LoBeta_short_RP.rml
2024-07-05 15:13:26,977 - INFO - Prepared sim number: 93: RAYPy_Simulation_Bessy2_LoBeta_short_RP/round_0/93_Bessy2_LoBeta_short_RP.rml
2024-07-05 15:13:26,991 - INFO - Prepared sim number: 94: RAYPy_Simulation_Bessy2_LoBeta_short_RP/round_0/94_Bessy2_LoBeta_short_RP.rml
2024-07-05 15:13:27,004 - INFO - Prepared sim number: 95: RAYPy_Simulation_Bessy2_LoBeta_short_RP/round_0/95_Bessy2_LoBeta_short_RP.rml
2024-07-05 15:13:27,028 - INFO - Prepared sim number: 96: RAYPy_Simulation_Bessy2_LoBeta_short_RP/round_0/96_Bessy2_LoBeta_short_RP.rml
2024-07-05 15:13:27,043 - INFO - Prepared sim number: 97: RAYPy_Simulation_Bessy2_LoBeta_short_RP/round_0/97_Bessy2_LoBeta_short_RP.rml
2024-07-05 15:13:27,058 - INFO - Prepared sim number: 98: RAYPy_Simulation_Bessy2_LoBeta_short_RP/round_0/98_Bessy2_LoBeta_short_RP.rml
2024-07-05 15:13:27,069 - INFO - Prepared sim number: 99: RAYPy_Simulation_Bessy2_LoBeta_short_RP/round_0/99_Bessy2_LoBeta_short_RP.rml
2024-07-05 15:13:27,070 - INFO - Waiting for batch number: 1, timeout: 26.437804441452023s
2024-07-05 15:13:28,826 - INFO - Completed: 1, remaining: 49, RAYPy_Simulation_Bessy2_LoBeta_short_RP/round_0/56_Bessy2_LoBeta_short_RP.rml
2024-07-05 15:13:28,856 - INFO - Completed: 2, remaining: 48, RAYPy_Simulation_Bessy2_LoBeta_short_RP/round_0/51_Bessy2_LoBeta_short_RP.rml
2024-07-05 15:13:28,940 - INFO - Completed: 3, remaining: 47, RAYPy_Simulation_Bessy2_LoBeta_short_RP/round_0/52_Bessy2_LoBeta_short_RP.rml
2024-07-05 15:13:28,990 - INFO - Completed: 4, remaining: 46, RAYPy_Simulation_Bessy2_LoBeta_short_RP/round_0/54_Bessy2_LoBeta_short_RP.rml
2024-07-05 15:13:29,188 - INFO - Completed: 5, remaining: 45, RAYPy_Simulation_Bessy2_LoBeta_short_RP/round_0/57_Bessy2_LoBeta_short_RP.rml
2024-07-05 15:13:30,099 - INFO - Completed: 6, remaining: 44, RAYPy_Simulation_Bessy2_LoBeta_short_RP/round_0/53_Bessy2_LoBeta_short_RP.rml
2024-07-05 15:13:32,940 - INFO - Completed: 7, remaining: 43, RAYPy_Simulation_Bessy2_LoBeta_short_RP/round_0/61_Bessy2_LoBeta_short_RP.rml
2024-07-05 15:13:32,973 - INFO - Completed: 8, remaining: 42, RAYPy_Simulation_Bessy2_LoBeta_short_RP/round_0/55_Bessy2_LoBeta_short_RP.rml
2024-07-05 15:13:33,053 - INFO - Completed: 9, remaining: 41, RAYPy_Simulation_Bessy2_LoBeta_short_RP/round_0/60_Bessy2_LoBeta_short_RP.rml
2024-07-05 15:13:33,150 - INFO - Completed: 10, remaining: 40, RAYPy_Simulation_Bessy2_LoBeta_short_RP/round_0/62_Bessy2_LoBeta_short_RP.rml
2024-07-05 15:13:33,276 - INFO - Completed: 11, remaining: 39, RAYPy_Simulation_Bessy2_LoBeta_short_RP/round_0/63_Bessy2_LoBeta_short_RP.rml
2024-07-05 15:13:33,359 - INFO - Completed: 12, remaining: 38, RAYPy_Simulation_Bessy2_LoBeta_short_RP/round_0/64_Bessy2_LoBeta_short_RP.rml
2024-07-05 15:13:33,654 - INFO - Completed: 13, remaining: 37, RAYPy_Simulation_Bessy2_LoBeta_short_RP/round_0/58_Bessy2_LoBeta_short_RP.rml
2024-07-05 15:13:34,274 - INFO - Completed: 14, remaining: 36, RAYPy_Simulation_Bessy2_LoBeta_short_RP/round_0/65_Bessy2_LoBeta_short_RP.rml
2024-07-05 15:13:35,921 - INFO - Completed: 15, remaining: 35, RAYPy_Simulation_Bessy2_LoBeta_short_RP/round_0/59_Bessy2_LoBeta_short_RP.rml
2024-07-05 15:13:36,001 - INFO - Completed: 16, remaining: 34, RAYPy_Simulation_Bessy2_LoBeta_short_RP/round_0/50_Bessy2_LoBeta_short_RP.rml
2024-07-05 15:13:37,483 - INFO - Completed: 17, remaining: 33, RAYPy_Simulation_Bessy2_LoBeta_short_RP/round_0/66_Bessy2_LoBeta_short_RP.rml
2024-07-05 15:13:37,577 - INFO - Completed: 18, remaining: 32, RAYPy_Simulation_Bessy2_LoBeta_short_RP/round_0/67_Bessy2_LoBeta_short_RP.rml
2024-07-05 15:13:37,699 - INFO - Completed: 19, remaining: 31, RAYPy_Simulation_Bessy2_LoBeta_short_RP/round_0/68_Bessy2_LoBeta_short_RP.rml
2024-07-05 15:13:37,999 - INFO - Completed: 20, remaining: 30, RAYPy_Simulation_Bessy2_LoBeta_short_RP/round_0/70_Bessy2_LoBeta_short_RP.rml
2024-07-05 15:13:38,027 - INFO - Completed: 21, remaining: 29, RAYPy_Simulation_Bessy2_LoBeta_short_RP/round_0/72_Bessy2_LoBeta_short_RP.rml
2024-07-05 15:13:38,147 - INFO - Completed: 22, remaining: 28, RAYPy_Simulation_Bessy2_LoBeta_short_RP/round_0/71_Bessy2_LoBeta_short_RP.rml
2024-07-05 15:13:38,356 - INFO - Completed: 23, remaining: 27, RAYPy_Simulation_Bessy2_LoBeta_short_RP/round_0/69_Bessy2_LoBeta_short_RP.rml
2024-07-05 15:13:38,538 - INFO - Completed: 24, remaining: 26, RAYPy_Simulation_Bessy2_LoBeta_short_RP/round_0/73_Bessy2_LoBeta_short_RP.rml
2024-07-05 15:13:40,270 - INFO - Completed: 25, remaining: 25, RAYPy_Simulation_Bessy2_LoBeta_short_RP/round_0/75_Bessy2_LoBeta_short_RP.rml
2024-07-05 15:13:40,427 - INFO - Completed: 26, remaining: 24, RAYPy_Simulation_Bessy2_LoBeta_short_RP/round_0/74_Bessy2_LoBeta_short_RP.rml
2024-07-05 15:13:41,892 - INFO - Completed: 27, remaining: 23, RAYPy_Simulation_Bessy2_LoBeta_short_RP/round_0/76_Bessy2_LoBeta_short_RP.rml
2024-07-05 15:13:42,016 - INFO - Completed: 28, remaining: 22, RAYPy_Simulation_Bessy2_LoBeta_short_RP/round_0/78_Bessy2_LoBeta_short_RP.rml
2024-07-05 15:13:42,400 - INFO - Completed: 29, remaining: 21, RAYPy_Simulation_Bessy2_LoBeta_short_RP/round_0/77_Bessy2_LoBeta_short_RP.rml
2024-07-05 15:13:42,442 - INFO - Completed: 30, remaining: 20, RAYPy_Simulation_Bessy2_LoBeta_short_RP/round_0/79_Bessy2_LoBeta_short_RP.rml
2024-07-05 15:13:42,567 - INFO - Completed: 31, remaining: 19, RAYPy_Simulation_Bessy2_LoBeta_short_RP/round_0/80_Bessy2_LoBeta_short_RP.rml
2024-07-05 15:13:42,638 - INFO - Completed: 32, remaining: 18, RAYPy_Simulation_Bessy2_LoBeta_short_RP/round_0/81_Bessy2_LoBeta_short_RP.rml
2024-07-05 15:13:43,124 - INFO - Completed: 33, remaining: 17, RAYPy_Simulation_Bessy2_LoBeta_short_RP/round_0/82_Bessy2_LoBeta_short_RP.rml
2024-07-05 15:13:43,716 - INFO - Completed: 34, remaining: 16, RAYPy_Simulation_Bessy2_LoBeta_short_RP/round_0/83_Bessy2_LoBeta_short_RP.rml
2024-07-05 15:13:45,227 - INFO - Completed: 35, remaining: 15, RAYPy_Simulation_Bessy2_LoBeta_short_RP/round_0/84_Bessy2_LoBeta_short_RP.rml
2024-07-05 15:13:45,560 - INFO - Completed: 36, remaining: 14, RAYPy_Simulation_Bessy2_LoBeta_short_RP/round_0/85_Bessy2_LoBeta_short_RP.rml
2024-07-05 15:13:46,899 - INFO - Completed: 37, remaining: 13, RAYPy_Simulation_Bessy2_LoBeta_short_RP/round_0/87_Bessy2_LoBeta_short_RP.rml
2024-07-05 15:13:47,238 - INFO - Completed: 38, remaining: 12, RAYPy_Simulation_Bessy2_LoBeta_short_RP/round_0/86_Bessy2_LoBeta_short_RP.rml
2024-07-05 15:13:47,490 - INFO - Completed: 39, remaining: 11, RAYPy_Simulation_Bessy2_LoBeta_short_RP/round_0/88_Bessy2_LoBeta_short_RP.rml
2024-07-05 15:13:47,910 - INFO - Completed: 40, remaining: 10, RAYPy_Simulation_Bessy2_LoBeta_short_RP/round_0/91_Bessy2_LoBeta_short_RP.rml
2024-07-05 15:13:48,005 - INFO - Completed: 41, remaining: 9, RAYPy_Simulation_Bessy2_LoBeta_short_RP/round_0/90_Bessy2_LoBeta_short_RP.rml
2024-07-05 15:13:48,032 - INFO - Completed: 42, remaining: 8, RAYPy_Simulation_Bessy2_LoBeta_short_RP/round_0/92_Bessy2_LoBeta_short_RP.rml
2024-07-05 15:13:48,168 - INFO - Completed: 43, remaining: 7, RAYPy_Simulation_Bessy2_LoBeta_short_RP/round_0/89_Bessy2_LoBeta_short_RP.rml
2024-07-05 15:13:48,491 - INFO - Completed: 44, remaining: 6, RAYPy_Simulation_Bessy2_LoBeta_short_RP/round_0/93_Bessy2_LoBeta_short_RP.rml
2024-07-05 15:13:49,105 - INFO - Completed: 45, remaining: 5, RAYPy_Simulation_Bessy2_LoBeta_short_RP/round_0/94_Bessy2_LoBeta_short_RP.rml
2024-07-05 15:13:49,698 - INFO - Completed: 46, remaining: 4, RAYPy_Simulation_Bessy2_LoBeta_short_RP/round_0/96_Bessy2_LoBeta_short_RP.rml
2024-07-05 15:13:49,919 - INFO - Completed: 47, remaining: 3, RAYPy_Simulation_Bessy2_LoBeta_short_RP/round_0/97_Bessy2_LoBeta_short_RP.rml
2024-07-05 15:13:50,097 - INFO - Completed: 48, remaining: 2, RAYPy_Simulation_Bessy2_LoBeta_short_RP/round_0/95_Bessy2_LoBeta_short_RP.rml
2024-07-05 15:13:50,229 - INFO - Completed: 49, remaining: 1, RAYPy_Simulation_Bessy2_LoBeta_short_RP/round_0/99_Bessy2_LoBeta_short_RP.rml
2024-07-05 15:13:50,461 - INFO - Completed: 50, remaining: 0, RAYPy_Simulation_Bessy2_LoBeta_short_RP/round_0/98_Bessy2_LoBeta_short_RP.rml
2024-07-05 15:13:50,461 - INFO - Batch Completed
2024-07-05 15:13:50,462 - INFO - Waiting For batch, 50 simulations to go
2024-07-05 15:13:50,482 - INFO - Prepared sim number: 100: RAYPy_Simulation_Bessy2_LoBeta_short_RP/round_0/100_Bessy2_LoBeta_short_RP.rml
2024-07-05 15:13:50,512 - INFO - Prepared sim number: 101: RAYPy_Simulation_Bessy2_LoBeta_short_RP/round_0/101_Bessy2_LoBeta_short_RP.rml
2024-07-05 15:13:50,534 - INFO - Prepared sim number: 102: RAYPy_Simulation_Bessy2_LoBeta_short_RP/round_0/102_Bessy2_LoBeta_short_RP.rml
2024-07-05 15:13:50,554 - INFO - Prepared sim number: 103: RAYPy_Simulation_Bessy2_LoBeta_short_RP/round_0/103_Bessy2_LoBeta_short_RP.rml
2024-07-05 15:13:50,568 - INFO - Prepared sim number: 104: RAYPy_Simulation_Bessy2_LoBeta_short_RP/round_0/104_Bessy2_LoBeta_short_RP.rml
2024-07-05 15:13:50,581 - INFO - Prepared sim number: 105: RAYPy_Simulation_Bessy2_LoBeta_short_RP/round_0/105_Bessy2_LoBeta_short_RP.rml
2024-07-05 15:13:50,593 - INFO - Prepared sim number: 106: RAYPy_Simulation_Bessy2_LoBeta_short_RP/round_0/106_Bessy2_LoBeta_short_RP.rml
2024-07-05 15:13:50,605 - INFO - Prepared sim number: 107: RAYPy_Simulation_Bessy2_LoBeta_short_RP/round_0/107_Bessy2_LoBeta_short_RP.rml
2024-07-05 15:13:50,617 - INFO - Prepared sim number: 108: RAYPy_Simulation_Bessy2_LoBeta_short_RP/round_0/108_Bessy2_LoBeta_short_RP.rml
2024-07-05 15:13:50,629 - INFO - Prepared sim number: 109: RAYPy_Simulation_Bessy2_LoBeta_short_RP/round_0/109_Bessy2_LoBeta_short_RP.rml
2024-07-05 15:13:50,641 - INFO - Prepared sim number: 110: RAYPy_Simulation_Bessy2_LoBeta_short_RP/round_0/110_Bessy2_LoBeta_short_RP.rml
2024-07-05 15:13:50,652 - INFO - Prepared sim number: 111: RAYPy_Simulation_Bessy2_LoBeta_short_RP/round_0/111_Bessy2_LoBeta_short_RP.rml
2024-07-05 15:13:50,664 - INFO - Prepared sim number: 112: RAYPy_Simulation_Bessy2_LoBeta_short_RP/round_0/112_Bessy2_LoBeta_short_RP.rml
2024-07-05 15:13:50,675 - INFO - Prepared sim number: 113: RAYPy_Simulation_Bessy2_LoBeta_short_RP/round_0/113_Bessy2_LoBeta_short_RP.rml
2024-07-05 15:13:50,685 - INFO - Prepared sim number: 114: RAYPy_Simulation_Bessy2_LoBeta_short_RP/round_0/114_Bessy2_LoBeta_short_RP.rml
2024-07-05 15:13:50,699 - INFO - Prepared sim number: 115: RAYPy_Simulation_Bessy2_LoBeta_short_RP/round_0/115_Bessy2_LoBeta_short_RP.rml
2024-07-05 15:13:50,710 - INFO - Prepared sim number: 116: RAYPy_Simulation_Bessy2_LoBeta_short_RP/round_0/116_Bessy2_LoBeta_short_RP.rml
2024-07-05 15:13:50,710 - INFO - Start round 1
2024-07-05 15:13:50,715 - INFO - Prepared sim number: 0: RAYPy_Simulation_Bessy2_LoBeta_short_RP/round_1/0_Bessy2_LoBeta_short_RP.rml
2024-07-05 15:13:50,720 - INFO - Prepared sim number: 1: RAYPy_Simulation_Bessy2_LoBeta_short_RP/round_1/1_Bessy2_LoBeta_short_RP.rml
2024-07-05 15:13:50,725 - INFO - Prepared sim number: 2: RAYPy_Simulation_Bessy2_LoBeta_short_RP/round_1/2_Bessy2_LoBeta_short_RP.rml
2024-07-05 15:13:50,730 - INFO - Prepared sim number: 3: RAYPy_Simulation_Bessy2_LoBeta_short_RP/round_1/3_Bessy2_LoBeta_short_RP.rml
2024-07-05 15:13:50,736 - INFO - Prepared sim number: 4: RAYPy_Simulation_Bessy2_LoBeta_short_RP/round_1/4_Bessy2_LoBeta_short_RP.rml
2024-07-05 15:13:50,741 - INFO - Prepared sim number: 5: RAYPy_Simulation_Bessy2_LoBeta_short_RP/round_1/5_Bessy2_LoBeta_short_RP.rml
2024-07-05 15:13:50,746 - INFO - Prepared sim number: 6: RAYPy_Simulation_Bessy2_LoBeta_short_RP/round_1/6_Bessy2_LoBeta_short_RP.rml
2024-07-05 15:13:50,750 - INFO - Prepared sim number: 7: RAYPy_Simulation_Bessy2_LoBeta_short_RP/round_1/7_Bessy2_LoBeta_short_RP.rml
2024-07-05 15:13:50,755 - INFO - Prepared sim number: 8: RAYPy_Simulation_Bessy2_LoBeta_short_RP/round_1/8_Bessy2_LoBeta_short_RP.rml
2024-07-05 15:13:50,760 - INFO - Prepared sim number: 9: RAYPy_Simulation_Bessy2_LoBeta_short_RP/round_1/9_Bessy2_LoBeta_short_RP.rml
2024-07-05 15:13:50,766 - INFO - Prepared sim number: 10: RAYPy_Simulation_Bessy2_LoBeta_short_RP/round_1/10_Bessy2_LoBeta_short_RP.rml
2024-07-05 15:13:50,770 - INFO - Prepared sim number: 11: RAYPy_Simulation_Bessy2_LoBeta_short_RP/round_1/11_Bessy2_LoBeta_short_RP.rml
2024-07-05 15:13:50,775 - INFO - Prepared sim number: 12: RAYPy_Simulation_Bessy2_LoBeta_short_RP/round_1/12_Bessy2_LoBeta_short_RP.rml
2024-07-05 15:13:50,780 - INFO - Prepared sim number: 13: RAYPy_Simulation_Bessy2_LoBeta_short_RP/round_1/13_Bessy2_LoBeta_short_RP.rml
2024-07-05 15:13:50,786 - INFO - Prepared sim number: 14: RAYPy_Simulation_Bessy2_LoBeta_short_RP/round_1/14_Bessy2_LoBeta_short_RP.rml
2024-07-05 15:13:50,795 - INFO - Prepared sim number: 15: RAYPy_Simulation_Bessy2_LoBeta_short_RP/round_1/15_Bessy2_LoBeta_short_RP.rml
2024-07-05 15:13:50,800 - INFO - Prepared sim number: 16: RAYPy_Simulation_Bessy2_LoBeta_short_RP/round_1/16_Bessy2_LoBeta_short_RP.rml
2024-07-05 15:13:50,805 - INFO - Prepared sim number: 17: RAYPy_Simulation_Bessy2_LoBeta_short_RP/round_1/17_Bessy2_LoBeta_short_RP.rml
2024-07-05 15:13:50,811 - INFO - Prepared sim number: 18: RAYPy_Simulation_Bessy2_LoBeta_short_RP/round_1/18_Bessy2_LoBeta_short_RP.rml
2024-07-05 15:13:50,815 - INFO - Prepared sim number: 19: RAYPy_Simulation_Bessy2_LoBeta_short_RP/round_1/19_Bessy2_LoBeta_short_RP.rml
2024-07-05 15:13:50,820 - INFO - Prepared sim number: 20: RAYPy_Simulation_Bessy2_LoBeta_short_RP/round_1/20_Bessy2_LoBeta_short_RP.rml
2024-07-05 15:13:50,825 - INFO - Prepared sim number: 21: RAYPy_Simulation_Bessy2_LoBeta_short_RP/round_1/21_Bessy2_LoBeta_short_RP.rml
2024-07-05 15:13:50,830 - INFO - Prepared sim number: 22: RAYPy_Simulation_Bessy2_LoBeta_short_RP/round_1/22_Bessy2_LoBeta_short_RP.rml
2024-07-05 15:13:50,835 - INFO - Prepared sim number: 23: RAYPy_Simulation_Bessy2_LoBeta_short_RP/round_1/23_Bessy2_LoBeta_short_RP.rml
2024-07-05 15:13:50,840 - INFO - Prepared sim number: 24: RAYPy_Simulation_Bessy2_LoBeta_short_RP/round_1/24_Bessy2_LoBeta_short_RP.rml
2024-07-05 15:13:50,845 - INFO - Prepared sim number: 25: RAYPy_Simulation_Bessy2_LoBeta_short_RP/round_1/25_Bessy2_LoBeta_short_RP.rml
2024-07-05 15:13:50,850 - INFO - Prepared sim number: 26: RAYPy_Simulation_Bessy2_LoBeta_short_RP/round_1/26_Bessy2_LoBeta_short_RP.rml
2024-07-05 15:13:50,857 - INFO - Prepared sim number: 27: RAYPy_Simulation_Bessy2_LoBeta_short_RP/round_1/27_Bessy2_LoBeta_short_RP.rml
2024-07-05 15:13:50,862 - INFO - Prepared sim number: 28: RAYPy_Simulation_Bessy2_LoBeta_short_RP/round_1/28_Bessy2_LoBeta_short_RP.rml
2024-07-05 15:13:50,867 - INFO - Prepared sim number: 29: RAYPy_Simulation_Bessy2_LoBeta_short_RP/round_1/29_Bessy2_LoBeta_short_RP.rml
2024-07-05 15:13:50,872 - INFO - Prepared sim number: 30: RAYPy_Simulation_Bessy2_LoBeta_short_RP/round_1/30_Bessy2_LoBeta_short_RP.rml
2024-07-05 15:13:50,877 - INFO - Prepared sim number: 31: RAYPy_Simulation_Bessy2_LoBeta_short_RP/round_1/31_Bessy2_LoBeta_short_RP.rml
2024-07-05 15:13:50,882 - INFO - Prepared sim number: 32: RAYPy_Simulation_Bessy2_LoBeta_short_RP/round_1/32_Bessy2_LoBeta_short_RP.rml
2024-07-05 15:13:50,882 - INFO - Waiting for batch number: 2, timeout: 26.50651348114014s
2024-07-05 15:13:53,127 - INFO - Completed: 1, remaining: 49, RAYPy_Simulation_Bessy2_LoBeta_short_RP/round_0/106_Bessy2_LoBeta_short_RP.rml
2024-07-05 15:13:53,145 - INFO - Completed: 2, remaining: 48, RAYPy_Simulation_Bessy2_LoBeta_short_RP/round_0/104_Bessy2_LoBeta_short_RP.rml
2024-07-05 15:13:53,260 - INFO - Completed: 3, remaining: 47, RAYPy_Simulation_Bessy2_LoBeta_short_RP/round_0/100_Bessy2_LoBeta_short_RP.rml
2024-07-05 15:13:53,376 - INFO - Completed: 4, remaining: 46, RAYPy_Simulation_Bessy2_LoBeta_short_RP/round_0/107_Bessy2_LoBeta_short_RP.rml
2024-07-05 15:13:53,413 - INFO - Completed: 5, remaining: 45, RAYPy_Simulation_Bessy2_LoBeta_short_RP/round_0/101_Bessy2_LoBeta_short_RP.rml
2024-07-05 15:13:53,433 - INFO - Completed: 6, remaining: 44, RAYPy_Simulation_Bessy2_LoBeta_short_RP/round_0/108_Bessy2_LoBeta_short_RP.rml
2024-07-05 15:13:53,463 - INFO - Completed: 7, remaining: 43, RAYPy_Simulation_Bessy2_LoBeta_short_RP/round_0/105_Bessy2_LoBeta_short_RP.rml
2024-07-05 15:13:53,713 - INFO - Completed: 8, remaining: 42, RAYPy_Simulation_Bessy2_LoBeta_short_RP/round_0/109_Bessy2_LoBeta_short_RP.rml
2024-07-05 15:13:57,751 - INFO - Completed: 9, remaining: 41, RAYPy_Simulation_Bessy2_LoBeta_short_RP/round_0/102_Bessy2_LoBeta_short_RP.rml
2024-07-05 15:13:57,884 - INFO - Completed: 10, remaining: 40, RAYPy_Simulation_Bessy2_LoBeta_short_RP/round_0/103_Bessy2_LoBeta_short_RP.rml
2024-07-05 15:13:58,325 - INFO - Completed: 11, remaining: 39, RAYPy_Simulation_Bessy2_LoBeta_short_RP/round_0/112_Bessy2_LoBeta_short_RP.rml
2024-07-05 15:13:58,404 - INFO - Completed: 12, remaining: 38, RAYPy_Simulation_Bessy2_LoBeta_short_RP/round_0/110_Bessy2_LoBeta_short_RP.rml
2024-07-05 15:13:58,534 - INFO - Completed: 13, remaining: 37, RAYPy_Simulation_Bessy2_LoBeta_short_RP/round_0/111_Bessy2_LoBeta_short_RP.rml
2024-07-05 15:13:58,675 - INFO - Completed: 14, remaining: 36, RAYPy_Simulation_Bessy2_LoBeta_short_RP/round_0/116_Bessy2_LoBeta_short_RP.rml
2024-07-05 15:13:58,901 - INFO - Completed: 15, remaining: 35, RAYPy_Simulation_Bessy2_LoBeta_short_RP/round_0/113_Bessy2_LoBeta_short_RP.rml
2024-07-05 15:13:58,928 - INFO - Completed: 16, remaining: 34, RAYPy_Simulation_Bessy2_LoBeta_short_RP/round_1/0_Bessy2_LoBeta_short_RP.rml
2024-07-05 15:13:59,401 - INFO - Completed: 17, remaining: 33, RAYPy_Simulation_Bessy2_LoBeta_short_RP/round_0/115_Bessy2_LoBeta_short_RP.rml
2024-07-05 15:13:59,606 - INFO - Completed: 18, remaining: 32, RAYPy_Simulation_Bessy2_LoBeta_short_RP/round_0/114_Bessy2_LoBeta_short_RP.rml
2024-07-05 15:14:02,908 - INFO - Completed: 19, remaining: 31, RAYPy_Simulation_Bessy2_LoBeta_short_RP/round_1/1_Bessy2_LoBeta_short_RP.rml
2024-07-05 15:14:02,954 - INFO - Completed: 20, remaining: 30, RAYPy_Simulation_Bessy2_LoBeta_short_RP/round_1/2_Bessy2_LoBeta_short_RP.rml
2024-07-05 15:14:03,185 - INFO - Completed: 21, remaining: 29, RAYPy_Simulation_Bessy2_LoBeta_short_RP/round_1/3_Bessy2_LoBeta_short_RP.rml
2024-07-05 15:14:03,513 - INFO - Completed: 22, remaining: 28, RAYPy_Simulation_Bessy2_LoBeta_short_RP/round_1/5_Bessy2_LoBeta_short_RP.rml
2024-07-05 15:14:03,684 - INFO - Completed: 23, remaining: 27, RAYPy_Simulation_Bessy2_LoBeta_short_RP/round_1/4_Bessy2_LoBeta_short_RP.rml
2024-07-05 15:14:03,955 - INFO - Completed: 24, remaining: 26, RAYPy_Simulation_Bessy2_LoBeta_short_RP/round_1/6_Bessy2_LoBeta_short_RP.rml
2024-07-05 15:14:04,036 - INFO - Completed: 25, remaining: 25, RAYPy_Simulation_Bessy2_LoBeta_short_RP/round_1/7_Bessy2_LoBeta_short_RP.rml
2024-07-05 15:14:04,286 - INFO - Completed: 26, remaining: 24, RAYPy_Simulation_Bessy2_LoBeta_short_RP/round_1/8_Bessy2_LoBeta_short_RP.rml
2024-07-05 15:14:04,921 - INFO - Completed: 27, remaining: 23, RAYPy_Simulation_Bessy2_LoBeta_short_RP/round_1/10_Bessy2_LoBeta_short_RP.rml
2024-07-05 15:14:05,150 - INFO - Completed: 28, remaining: 22, RAYPy_Simulation_Bessy2_LoBeta_short_RP/round_1/9_Bessy2_LoBeta_short_RP.rml
2024-07-05 15:14:07,711 - INFO - Completed: 29, remaining: 21, RAYPy_Simulation_Bessy2_LoBeta_short_RP/round_1/11_Bessy2_LoBeta_short_RP.rml
2024-07-05 15:14:08,313 - INFO - Completed: 30, remaining: 20, RAYPy_Simulation_Bessy2_LoBeta_short_RP/round_1/12_Bessy2_LoBeta_short_RP.rml
2024-07-05 15:14:08,429 - INFO - Completed: 31, remaining: 19, RAYPy_Simulation_Bessy2_LoBeta_short_RP/round_1/14_Bessy2_LoBeta_short_RP.rml
2024-07-05 15:14:08,681 - INFO - Completed: 32, remaining: 18, RAYPy_Simulation_Bessy2_LoBeta_short_RP/round_1/13_Bessy2_LoBeta_short_RP.rml
2024-07-05 15:14:08,793 - INFO - Completed: 33, remaining: 17, RAYPy_Simulation_Bessy2_LoBeta_short_RP/round_1/15_Bessy2_LoBeta_short_RP.rml
2024-07-05 15:14:08,886 - INFO - Completed: 34, remaining: 16, RAYPy_Simulation_Bessy2_LoBeta_short_RP/round_1/17_Bessy2_LoBeta_short_RP.rml
2024-07-05 15:14:09,136 - INFO - Completed: 35, remaining: 15, RAYPy_Simulation_Bessy2_LoBeta_short_RP/round_1/16_Bessy2_LoBeta_short_RP.rml
2024-07-05 15:14:09,256 - INFO - Completed: 36, remaining: 14, RAYPy_Simulation_Bessy2_LoBeta_short_RP/round_1/18_Bessy2_LoBeta_short_RP.rml
2024-07-05 15:14:09,846 - INFO - Completed: 37, remaining: 13, RAYPy_Simulation_Bessy2_LoBeta_short_RP/round_1/19_Bessy2_LoBeta_short_RP.rml
2024-07-05 15:14:10,134 - INFO - Completed: 38, remaining: 12, RAYPy_Simulation_Bessy2_LoBeta_short_RP/round_1/20_Bessy2_LoBeta_short_RP.rml
2024-07-05 15:14:12,589 - INFO - Completed: 39, remaining: 11, RAYPy_Simulation_Bessy2_LoBeta_short_RP/round_1/21_Bessy2_LoBeta_short_RP.rml
2024-07-05 15:14:13,591 - INFO - Completed: 40, remaining: 10, RAYPy_Simulation_Bessy2_LoBeta_short_RP/round_1/23_Bessy2_LoBeta_short_RP.rml
2024-07-05 15:14:13,626 - INFO - Completed: 41, remaining: 9, RAYPy_Simulation_Bessy2_LoBeta_short_RP/round_1/25_Bessy2_LoBeta_short_RP.rml
2024-07-05 15:14:13,653 - INFO - Completed: 42, remaining: 8, RAYPy_Simulation_Bessy2_LoBeta_short_RP/round_1/26_Bessy2_LoBeta_short_RP.rml
2024-07-05 15:14:13,695 - INFO - Completed: 43, remaining: 7, RAYPy_Simulation_Bessy2_LoBeta_short_RP/round_1/24_Bessy2_LoBeta_short_RP.rml
2024-07-05 15:14:13,897 - INFO - Completed: 44, remaining: 6, RAYPy_Simulation_Bessy2_LoBeta_short_RP/round_1/27_Bessy2_LoBeta_short_RP.rml
2024-07-05 15:14:13,948 - INFO - Completed: 45, remaining: 5, RAYPy_Simulation_Bessy2_LoBeta_short_RP/round_1/28_Bessy2_LoBeta_short_RP.rml
2024-07-05 15:14:14,084 - INFO - Completed: 46, remaining: 4, RAYPy_Simulation_Bessy2_LoBeta_short_RP/round_1/22_Bessy2_LoBeta_short_RP.rml
2024-07-05 15:14:14,249 - INFO - Completed: 47, remaining: 3, RAYPy_Simulation_Bessy2_LoBeta_short_RP/round_1/30_Bessy2_LoBeta_short_RP.rml
2024-07-05 15:14:14,298 - INFO - Completed: 48, remaining: 2, RAYPy_Simulation_Bessy2_LoBeta_short_RP/round_1/29_Bessy2_LoBeta_short_RP.rml
2024-07-05 15:14:15,004 - INFO - Completed: 49, remaining: 1, RAYPy_Simulation_Bessy2_LoBeta_short_RP/round_1/31_Bessy2_LoBeta_short_RP.rml
2024-07-05 15:14:15,367 - INFO - Completed: 50, remaining: 0, RAYPy_Simulation_Bessy2_LoBeta_short_RP/round_1/32_Bessy2_LoBeta_short_RP.rml
2024-07-05 15:14:15,367 - INFO - Batch Completed
2024-07-05 15:14:15,368 - INFO - Waiting For batch, 50 simulations to go
2024-07-05 15:14:15,376 - INFO - Prepared sim number: 33: RAYPy_Simulation_Bessy2_LoBeta_short_RP/round_1/33_Bessy2_LoBeta_short_RP.rml
2024-07-05 15:14:15,397 - INFO - Prepared sim number: 34: RAYPy_Simulation_Bessy2_LoBeta_short_RP/round_1/34_Bessy2_LoBeta_short_RP.rml
2024-07-05 15:14:15,443 - INFO - Prepared sim number: 35: RAYPy_Simulation_Bessy2_LoBeta_short_RP/round_1/35_Bessy2_LoBeta_short_RP.rml
2024-07-05 15:14:15,458 - INFO - Prepared sim number: 36: RAYPy_Simulation_Bessy2_LoBeta_short_RP/round_1/36_Bessy2_LoBeta_short_RP.rml
2024-07-05 15:14:15,477 - INFO - Prepared sim number: 37: RAYPy_Simulation_Bessy2_LoBeta_short_RP/round_1/37_Bessy2_LoBeta_short_RP.rml
2024-07-05 15:14:15,499 - INFO - Prepared sim number: 38: RAYPy_Simulation_Bessy2_LoBeta_short_RP/round_1/38_Bessy2_LoBeta_short_RP.rml
2024-07-05 15:14:15,518 - INFO - Prepared sim number: 39: RAYPy_Simulation_Bessy2_LoBeta_short_RP/round_1/39_Bessy2_LoBeta_short_RP.rml
2024-07-05 15:14:15,531 - INFO - Prepared sim number: 40: RAYPy_Simulation_Bessy2_LoBeta_short_RP/round_1/40_Bessy2_LoBeta_short_RP.rml
2024-07-05 15:14:15,544 - INFO - Prepared sim number: 41: RAYPy_Simulation_Bessy2_LoBeta_short_RP/round_1/41_Bessy2_LoBeta_short_RP.rml
2024-07-05 15:14:15,554 - INFO - Prepared sim number: 42: RAYPy_Simulation_Bessy2_LoBeta_short_RP/round_1/42_Bessy2_LoBeta_short_RP.rml
2024-07-05 15:14:15,562 - INFO - Prepared sim number: 43: RAYPy_Simulation_Bessy2_LoBeta_short_RP/round_1/43_Bessy2_LoBeta_short_RP.rml
2024-07-05 15:14:15,570 - INFO - Prepared sim number: 44: RAYPy_Simulation_Bessy2_LoBeta_short_RP/round_1/44_Bessy2_LoBeta_short_RP.rml
2024-07-05 15:14:15,577 - INFO - Prepared sim number: 45: RAYPy_Simulation_Bessy2_LoBeta_short_RP/round_1/45_Bessy2_LoBeta_short_RP.rml
2024-07-05 15:14:15,583 - INFO - Prepared sim number: 46: RAYPy_Simulation_Bessy2_LoBeta_short_RP/round_1/46_Bessy2_LoBeta_short_RP.rml
2024-07-05 15:14:15,590 - INFO - Prepared sim number: 47: RAYPy_Simulation_Bessy2_LoBeta_short_RP/round_1/47_Bessy2_LoBeta_short_RP.rml
2024-07-05 15:14:15,599 - INFO - Prepared sim number: 48: RAYPy_Simulation_Bessy2_LoBeta_short_RP/round_1/48_Bessy2_LoBeta_short_RP.rml
2024-07-05 15:14:15,606 - INFO - Prepared sim number: 49: RAYPy_Simulation_Bessy2_LoBeta_short_RP/round_1/49_Bessy2_LoBeta_short_RP.rml
2024-07-05 15:14:15,613 - INFO - Prepared sim number: 50: RAYPy_Simulation_Bessy2_LoBeta_short_RP/round_1/50_Bessy2_LoBeta_short_RP.rml
2024-07-05 15:14:15,620 - INFO - Prepared sim number: 51: RAYPy_Simulation_Bessy2_LoBeta_short_RP/round_1/51_Bessy2_LoBeta_short_RP.rml
2024-07-05 15:14:15,627 - INFO - Prepared sim number: 52: RAYPy_Simulation_Bessy2_LoBeta_short_RP/round_1/52_Bessy2_LoBeta_short_RP.rml
2024-07-05 15:14:15,634 - INFO - Prepared sim number: 53: RAYPy_Simulation_Bessy2_LoBeta_short_RP/round_1/53_Bessy2_LoBeta_short_RP.rml
2024-07-05 15:14:15,640 - INFO - Prepared sim number: 54: RAYPy_Simulation_Bessy2_LoBeta_short_RP/round_1/54_Bessy2_LoBeta_short_RP.rml
2024-07-05 15:14:15,647 - INFO - Prepared sim number: 55: RAYPy_Simulation_Bessy2_LoBeta_short_RP/round_1/55_Bessy2_LoBeta_short_RP.rml
2024-07-05 15:14:15,653 - INFO - Prepared sim number: 56: RAYPy_Simulation_Bessy2_LoBeta_short_RP/round_1/56_Bessy2_LoBeta_short_RP.rml
2024-07-05 15:14:15,660 - INFO - Prepared sim number: 57: RAYPy_Simulation_Bessy2_LoBeta_short_RP/round_1/57_Bessy2_LoBeta_short_RP.rml
2024-07-05 15:14:15,667 - INFO - Prepared sim number: 58: RAYPy_Simulation_Bessy2_LoBeta_short_RP/round_1/58_Bessy2_LoBeta_short_RP.rml
2024-07-05 15:14:15,672 - INFO - Prepared sim number: 59: RAYPy_Simulation_Bessy2_LoBeta_short_RP/round_1/59_Bessy2_LoBeta_short_RP.rml
2024-07-05 15:14:15,680 - INFO - Prepared sim number: 60: RAYPy_Simulation_Bessy2_LoBeta_short_RP/round_1/60_Bessy2_LoBeta_short_RP.rml
2024-07-05 15:14:15,686 - INFO - Prepared sim number: 61: RAYPy_Simulation_Bessy2_LoBeta_short_RP/round_1/61_Bessy2_LoBeta_short_RP.rml
2024-07-05 15:14:15,693 - INFO - Prepared sim number: 62: RAYPy_Simulation_Bessy2_LoBeta_short_RP/round_1/62_Bessy2_LoBeta_short_RP.rml
2024-07-05 15:14:15,700 - INFO - Prepared sim number: 63: RAYPy_Simulation_Bessy2_LoBeta_short_RP/round_1/63_Bessy2_LoBeta_short_RP.rml
2024-07-05 15:14:15,706 - INFO - Prepared sim number: 64: RAYPy_Simulation_Bessy2_LoBeta_short_RP/round_1/64_Bessy2_LoBeta_short_RP.rml
2024-07-05 15:14:15,718 - INFO - Prepared sim number: 65: RAYPy_Simulation_Bessy2_LoBeta_short_RP/round_1/65_Bessy2_LoBeta_short_RP.rml
2024-07-05 15:14:15,724 - INFO - Prepared sim number: 66: RAYPy_Simulation_Bessy2_LoBeta_short_RP/round_1/66_Bessy2_LoBeta_short_RP.rml
2024-07-05 15:14:15,731 - INFO - Prepared sim number: 67: RAYPy_Simulation_Bessy2_LoBeta_short_RP/round_1/67_Bessy2_LoBeta_short_RP.rml
2024-07-05 15:14:15,738 - INFO - Prepared sim number: 68: RAYPy_Simulation_Bessy2_LoBeta_short_RP/round_1/68_Bessy2_LoBeta_short_RP.rml
2024-07-05 15:14:15,744 - INFO - Prepared sim number: 69: RAYPy_Simulation_Bessy2_LoBeta_short_RP/round_1/69_Bessy2_LoBeta_short_RP.rml
2024-07-05 15:14:15,750 - INFO - Prepared sim number: 70: RAYPy_Simulation_Bessy2_LoBeta_short_RP/round_1/70_Bessy2_LoBeta_short_RP.rml
2024-07-05 15:14:15,756 - INFO - Prepared sim number: 71: RAYPy_Simulation_Bessy2_LoBeta_short_RP/round_1/71_Bessy2_LoBeta_short_RP.rml
2024-07-05 15:14:15,763 - INFO - Prepared sim number: 72: RAYPy_Simulation_Bessy2_LoBeta_short_RP/round_1/72_Bessy2_LoBeta_short_RP.rml
2024-07-05 15:14:15,768 - INFO - Prepared sim number: 73: RAYPy_Simulation_Bessy2_LoBeta_short_RP/round_1/73_Bessy2_LoBeta_short_RP.rml
2024-07-05 15:14:15,773 - INFO - Prepared sim number: 74: RAYPy_Simulation_Bessy2_LoBeta_short_RP/round_1/74_Bessy2_LoBeta_short_RP.rml
2024-07-05 15:14:15,780 - INFO - Prepared sim number: 75: RAYPy_Simulation_Bessy2_LoBeta_short_RP/round_1/75_Bessy2_LoBeta_short_RP.rml
2024-07-05 15:14:15,786 - INFO - Prepared sim number: 76: RAYPy_Simulation_Bessy2_LoBeta_short_RP/round_1/76_Bessy2_LoBeta_short_RP.rml
2024-07-05 15:14:15,791 - INFO - Prepared sim number: 77: RAYPy_Simulation_Bessy2_LoBeta_short_RP/round_1/77_Bessy2_LoBeta_short_RP.rml
2024-07-05 15:14:15,795 - INFO - Prepared sim number: 78: RAYPy_Simulation_Bessy2_LoBeta_short_RP/round_1/78_Bessy2_LoBeta_short_RP.rml
2024-07-05 15:14:15,801 - INFO - Prepared sim number: 79: RAYPy_Simulation_Bessy2_LoBeta_short_RP/round_1/79_Bessy2_LoBeta_short_RP.rml
2024-07-05 15:14:15,806 - INFO - Prepared sim number: 80: RAYPy_Simulation_Bessy2_LoBeta_short_RP/round_1/80_Bessy2_LoBeta_short_RP.rml
2024-07-05 15:14:15,811 - INFO - Prepared sim number: 81: RAYPy_Simulation_Bessy2_LoBeta_short_RP/round_1/81_Bessy2_LoBeta_short_RP.rml
2024-07-05 15:14:15,818 - INFO - Prepared sim number: 82: RAYPy_Simulation_Bessy2_LoBeta_short_RP/round_1/82_Bessy2_LoBeta_short_RP.rml
2024-07-05 15:14:15,818 - INFO - Waiting for batch number: 3, timeout: 26.98930048942566s
2024-07-05 15:14:17,520 - INFO - Completed: 1, remaining: 49, RAYPy_Simulation_Bessy2_LoBeta_short_RP/round_1/33_Bessy2_LoBeta_short_RP.rml
2024-07-05 15:14:17,682 - INFO - Completed: 2, remaining: 48, RAYPy_Simulation_Bessy2_LoBeta_short_RP/round_1/35_Bessy2_LoBeta_short_RP.rml
2024-07-05 15:14:17,732 - INFO - Completed: 3, remaining: 47, RAYPy_Simulation_Bessy2_LoBeta_short_RP/round_1/39_Bessy2_LoBeta_short_RP.rml
2024-07-05 15:14:17,922 - INFO - Completed: 4, remaining: 46, RAYPy_Simulation_Bessy2_LoBeta_short_RP/round_1/38_Bessy2_LoBeta_short_RP.rml
2024-07-05 15:14:18,142 - INFO - Completed: 5, remaining: 45, RAYPy_Simulation_Bessy2_LoBeta_short_RP/round_1/42_Bessy2_LoBeta_short_RP.rml
2024-07-05 15:14:18,253 - INFO - Completed: 6, remaining: 44, RAYPy_Simulation_Bessy2_LoBeta_short_RP/round_1/36_Bessy2_LoBeta_short_RP.rml
2024-07-05 15:14:22,149 - INFO - Completed: 7, remaining: 43, RAYPy_Simulation_Bessy2_LoBeta_short_RP/round_1/43_Bessy2_LoBeta_short_RP.rml
2024-07-05 15:14:22,295 - INFO - Completed: 8, remaining: 42, RAYPy_Simulation_Bessy2_LoBeta_short_RP/round_1/45_Bessy2_LoBeta_short_RP.rml
2024-07-05 15:14:22,414 - INFO - Completed: 9, remaining: 41, RAYPy_Simulation_Bessy2_LoBeta_short_RP/round_1/44_Bessy2_LoBeta_short_RP.rml
2024-07-05 15:14:22,488 - INFO - Completed: 10, remaining: 40, RAYPy_Simulation_Bessy2_LoBeta_short_RP/round_1/40_Bessy2_LoBeta_short_RP.rml
2024-07-05 15:14:22,569 - INFO - Completed: 11, remaining: 39, RAYPy_Simulation_Bessy2_LoBeta_short_RP/round_1/37_Bessy2_LoBeta_short_RP.rml
2024-07-05 15:14:22,729 - INFO - Completed: 12, remaining: 38, RAYPy_Simulation_Bessy2_LoBeta_short_RP/round_1/46_Bessy2_LoBeta_short_RP.rml
2024-07-05 15:14:22,848 - INFO - Completed: 13, remaining: 37, RAYPy_Simulation_Bessy2_LoBeta_short_RP/round_1/41_Bessy2_LoBeta_short_RP.rml
2024-07-05 15:14:22,941 - INFO - Completed: 14, remaining: 36, RAYPy_Simulation_Bessy2_LoBeta_short_RP/round_1/34_Bessy2_LoBeta_short_RP.rml
2024-07-05 15:14:22,973 - INFO - Completed: 15, remaining: 35, RAYPy_Simulation_Bessy2_LoBeta_short_RP/round_1/48_Bessy2_LoBeta_short_RP.rml
2024-07-05 15:14:23,429 - INFO - Completed: 16, remaining: 34, RAYPy_Simulation_Bessy2_LoBeta_short_RP/round_1/47_Bessy2_LoBeta_short_RP.rml
2024-07-05 15:14:26,925 - INFO - Completed: 17, remaining: 33, RAYPy_Simulation_Bessy2_LoBeta_short_RP/round_1/49_Bessy2_LoBeta_short_RP.rml
2024-07-05 15:14:27,220 - INFO - Completed: 18, remaining: 32, RAYPy_Simulation_Bessy2_LoBeta_short_RP/round_1/50_Bessy2_LoBeta_short_RP.rml
2024-07-05 15:14:27,420 - INFO - Completed: 19, remaining: 31, RAYPy_Simulation_Bessy2_LoBeta_short_RP/round_1/51_Bessy2_LoBeta_short_RP.rml
2024-07-05 15:14:27,634 - INFO - Completed: 20, remaining: 30, RAYPy_Simulation_Bessy2_LoBeta_short_RP/round_1/54_Bessy2_LoBeta_short_RP.rml
2024-07-05 15:14:27,782 - INFO - Completed: 21, remaining: 29, RAYPy_Simulation_Bessy2_LoBeta_short_RP/round_1/56_Bessy2_LoBeta_short_RP.rml
2024-07-05 15:14:27,836 - INFO - Completed: 22, remaining: 28, RAYPy_Simulation_Bessy2_LoBeta_short_RP/round_1/57_Bessy2_LoBeta_short_RP.rml
2024-07-05 15:14:27,901 - INFO - Completed: 23, remaining: 27, RAYPy_Simulation_Bessy2_LoBeta_short_RP/round_1/55_Bessy2_LoBeta_short_RP.rml
2024-07-05 15:14:27,962 - INFO - Completed: 24, remaining: 26, RAYPy_Simulation_Bessy2_LoBeta_short_RP/round_1/53_Bessy2_LoBeta_short_RP.rml
2024-07-05 15:14:28,277 - INFO - Completed: 25, remaining: 25, RAYPy_Simulation_Bessy2_LoBeta_short_RP/round_1/58_Bessy2_LoBeta_short_RP.rml
2024-07-05 15:14:28,748 - INFO - Completed: 26, remaining: 24, RAYPy_Simulation_Bessy2_LoBeta_short_RP/round_1/52_Bessy2_LoBeta_short_RP.rml
2024-07-05 15:14:31,380 - INFO - Completed: 27, remaining: 23, RAYPy_Simulation_Bessy2_LoBeta_short_RP/round_1/59_Bessy2_LoBeta_short_RP.rml
2024-07-05 15:14:31,564 - INFO - Completed: 28, remaining: 22, RAYPy_Simulation_Bessy2_LoBeta_short_RP/round_1/60_Bessy2_LoBeta_short_RP.rml
2024-07-05 15:14:31,799 - INFO - Completed: 29, remaining: 21, RAYPy_Simulation_Bessy2_LoBeta_short_RP/round_1/61_Bessy2_LoBeta_short_RP.rml
2024-07-05 15:14:32,026 - INFO - Completed: 30, remaining: 20, RAYPy_Simulation_Bessy2_LoBeta_short_RP/round_1/62_Bessy2_LoBeta_short_RP.rml
2024-07-05 15:14:32,357 - INFO - Completed: 31, remaining: 19, RAYPy_Simulation_Bessy2_LoBeta_short_RP/round_1/65_Bessy2_LoBeta_short_RP.rml
2024-07-05 15:14:32,413 - INFO - Completed: 32, remaining: 18, RAYPy_Simulation_Bessy2_LoBeta_short_RP/round_1/63_Bessy2_LoBeta_short_RP.rml
2024-07-05 15:14:32,462 - INFO - Completed: 33, remaining: 17, RAYPy_Simulation_Bessy2_LoBeta_short_RP/round_1/64_Bessy2_LoBeta_short_RP.rml
2024-07-05 15:14:32,618 - INFO - Completed: 34, remaining: 16, RAYPy_Simulation_Bessy2_LoBeta_short_RP/round_1/67_Bessy2_LoBeta_short_RP.rml
2024-07-05 15:14:32,997 - INFO - Completed: 35, remaining: 15, RAYPy_Simulation_Bessy2_LoBeta_short_RP/round_1/68_Bessy2_LoBeta_short_RP.rml
2024-07-05 15:14:33,068 - INFO - Completed: 36, remaining: 14, RAYPy_Simulation_Bessy2_LoBeta_short_RP/round_1/66_Bessy2_LoBeta_short_RP.rml
2024-07-05 15:14:35,668 - INFO - Completed: 37, remaining: 13, RAYPy_Simulation_Bessy2_LoBeta_short_RP/round_1/69_Bessy2_LoBeta_short_RP.rml
2024-07-05 15:14:35,797 - INFO - Completed: 38, remaining: 12, RAYPy_Simulation_Bessy2_LoBeta_short_RP/round_1/70_Bessy2_LoBeta_short_RP.rml
2024-07-05 15:14:36,276 - INFO - Completed: 39, remaining: 11, RAYPy_Simulation_Bessy2_LoBeta_short_RP/round_1/71_Bessy2_LoBeta_short_RP.rml
2024-07-05 15:14:36,689 - INFO - Completed: 40, remaining: 10, RAYPy_Simulation_Bessy2_LoBeta_short_RP/round_1/73_Bessy2_LoBeta_short_RP.rml
2024-07-05 15:14:36,868 - INFO - Completed: 41, remaining: 9, RAYPy_Simulation_Bessy2_LoBeta_short_RP/round_1/75_Bessy2_LoBeta_short_RP.rml
2024-07-05 15:14:36,940 - INFO - Completed: 42, remaining: 8, RAYPy_Simulation_Bessy2_LoBeta_short_RP/round_1/76_Bessy2_LoBeta_short_RP.rml
2024-07-05 15:14:37,082 - INFO - Completed: 43, remaining: 7, RAYPy_Simulation_Bessy2_LoBeta_short_RP/round_1/72_Bessy2_LoBeta_short_RP.rml
2024-07-05 15:14:37,126 - INFO - Completed: 44, remaining: 6, RAYPy_Simulation_Bessy2_LoBeta_short_RP/round_1/77_Bessy2_LoBeta_short_RP.rml
2024-07-05 15:14:37,197 - INFO - Completed: 45, remaining: 5, RAYPy_Simulation_Bessy2_LoBeta_short_RP/round_1/78_Bessy2_LoBeta_short_RP.rml
2024-07-05 15:14:37,243 - INFO - Completed: 46, remaining: 4, RAYPy_Simulation_Bessy2_LoBeta_short_RP/round_1/74_Bessy2_LoBeta_short_RP.rml
2024-07-05 15:14:38,173 - INFO - Completed: 47, remaining: 3, RAYPy_Simulation_Bessy2_LoBeta_short_RP/round_1/79_Bessy2_LoBeta_short_RP.rml
2024-07-05 15:14:38,356 - INFO - Completed: 48, remaining: 2, RAYPy_Simulation_Bessy2_LoBeta_short_RP/round_1/81_Bessy2_LoBeta_short_RP.rml
2024-07-05 15:14:38,580 - INFO - Completed: 49, remaining: 1, RAYPy_Simulation_Bessy2_LoBeta_short_RP/round_1/80_Bessy2_LoBeta_short_RP.rml
2024-07-05 15:14:38,825 - INFO - Completed: 50, remaining: 0, RAYPy_Simulation_Bessy2_LoBeta_short_RP/round_1/82_Bessy2_LoBeta_short_RP.rml
2024-07-05 15:14:38,825 - INFO - Batch Completed
2024-07-05 15:14:38,825 - INFO - Waiting For batch, 50 simulations to go
2024-07-05 15:14:38,833 - INFO - Prepared sim number: 83: RAYPy_Simulation_Bessy2_LoBeta_short_RP/round_1/83_Bessy2_LoBeta_short_RP.rml
2024-07-05 15:14:38,844 - INFO - Prepared sim number: 84: RAYPy_Simulation_Bessy2_LoBeta_short_RP/round_1/84_Bessy2_LoBeta_short_RP.rml
2024-07-05 15:14:38,862 - INFO - Prepared sim number: 85: RAYPy_Simulation_Bessy2_LoBeta_short_RP/round_1/85_Bessy2_LoBeta_short_RP.rml
2024-07-05 15:14:38,875 - INFO - Prepared sim number: 86: RAYPy_Simulation_Bessy2_LoBeta_short_RP/round_1/86_Bessy2_LoBeta_short_RP.rml
2024-07-05 15:14:38,889 - INFO - Prepared sim number: 87: RAYPy_Simulation_Bessy2_LoBeta_short_RP/round_1/87_Bessy2_LoBeta_short_RP.rml
2024-07-05 15:14:38,907 - INFO - Prepared sim number: 88: RAYPy_Simulation_Bessy2_LoBeta_short_RP/round_1/88_Bessy2_LoBeta_short_RP.rml
2024-07-05 15:14:38,920 - INFO - Prepared sim number: 89: RAYPy_Simulation_Bessy2_LoBeta_short_RP/round_1/89_Bessy2_LoBeta_short_RP.rml
2024-07-05 15:14:38,953 - INFO - Prepared sim number: 90: RAYPy_Simulation_Bessy2_LoBeta_short_RP/round_1/90_Bessy2_LoBeta_short_RP.rml
2024-07-05 15:14:38,966 - INFO - Prepared sim number: 91: RAYPy_Simulation_Bessy2_LoBeta_short_RP/round_1/91_Bessy2_LoBeta_short_RP.rml
2024-07-05 15:14:39,000 - INFO - Prepared sim number: 92: RAYPy_Simulation_Bessy2_LoBeta_short_RP/round_1/92_Bessy2_LoBeta_short_RP.rml
2024-07-05 15:14:39,017 - INFO - Prepared sim number: 93: RAYPy_Simulation_Bessy2_LoBeta_short_RP/round_1/93_Bessy2_LoBeta_short_RP.rml
2024-07-05 15:14:39,031 - INFO - Prepared sim number: 94: RAYPy_Simulation_Bessy2_LoBeta_short_RP/round_1/94_Bessy2_LoBeta_short_RP.rml
2024-07-05 15:14:39,051 - INFO - Prepared sim number: 95: RAYPy_Simulation_Bessy2_LoBeta_short_RP/round_1/95_Bessy2_LoBeta_short_RP.rml
2024-07-05 15:14:39,064 - INFO - Prepared sim number: 96: RAYPy_Simulation_Bessy2_LoBeta_short_RP/round_1/96_Bessy2_LoBeta_short_RP.rml
2024-07-05 15:14:39,077 - INFO - Prepared sim number: 97: RAYPy_Simulation_Bessy2_LoBeta_short_RP/round_1/97_Bessy2_LoBeta_short_RP.rml
2024-07-05 15:14:39,086 - INFO - Prepared sim number: 98: RAYPy_Simulation_Bessy2_LoBeta_short_RP/round_1/98_Bessy2_LoBeta_short_RP.rml
2024-07-05 15:14:39,096 - INFO - Prepared sim number: 99: RAYPy_Simulation_Bessy2_LoBeta_short_RP/round_1/99_Bessy2_LoBeta_short_RP.rml
2024-07-05 15:14:39,105 - INFO - Prepared sim number: 100: RAYPy_Simulation_Bessy2_LoBeta_short_RP/round_1/100_Bessy2_LoBeta_short_RP.rml
2024-07-05 15:14:39,115 - INFO - Prepared sim number: 101: RAYPy_Simulation_Bessy2_LoBeta_short_RP/round_1/101_Bessy2_LoBeta_short_RP.rml
2024-07-05 15:14:39,125 - INFO - Prepared sim number: 102: RAYPy_Simulation_Bessy2_LoBeta_short_RP/round_1/102_Bessy2_LoBeta_short_RP.rml
2024-07-05 15:14:39,136 - INFO - Prepared sim number: 103: RAYPy_Simulation_Bessy2_LoBeta_short_RP/round_1/103_Bessy2_LoBeta_short_RP.rml
2024-07-05 15:14:39,144 - INFO - Prepared sim number: 104: RAYPy_Simulation_Bessy2_LoBeta_short_RP/round_1/104_Bessy2_LoBeta_short_RP.rml
2024-07-05 15:14:39,150 - INFO - Prepared sim number: 105: RAYPy_Simulation_Bessy2_LoBeta_short_RP/round_1/105_Bessy2_LoBeta_short_RP.rml
2024-07-05 15:14:39,156 - INFO - Prepared sim number: 106: RAYPy_Simulation_Bessy2_LoBeta_short_RP/round_1/106_Bessy2_LoBeta_short_RP.rml
2024-07-05 15:14:39,161 - INFO - Prepared sim number: 107: RAYPy_Simulation_Bessy2_LoBeta_short_RP/round_1/107_Bessy2_LoBeta_short_RP.rml
2024-07-05 15:14:39,168 - INFO - Prepared sim number: 108: RAYPy_Simulation_Bessy2_LoBeta_short_RP/round_1/108_Bessy2_LoBeta_short_RP.rml
2024-07-05 15:14:39,175 - INFO - Prepared sim number: 109: RAYPy_Simulation_Bessy2_LoBeta_short_RP/round_1/109_Bessy2_LoBeta_short_RP.rml
2024-07-05 15:14:39,182 - INFO - Prepared sim number: 110: RAYPy_Simulation_Bessy2_LoBeta_short_RP/round_1/110_Bessy2_LoBeta_short_RP.rml
2024-07-05 15:14:39,188 - INFO - Prepared sim number: 111: RAYPy_Simulation_Bessy2_LoBeta_short_RP/round_1/111_Bessy2_LoBeta_short_RP.rml
2024-07-05 15:14:39,195 - INFO - Prepared sim number: 112: RAYPy_Simulation_Bessy2_LoBeta_short_RP/round_1/112_Bessy2_LoBeta_short_RP.rml
2024-07-05 15:14:39,203 - INFO - Prepared sim number: 113: RAYPy_Simulation_Bessy2_LoBeta_short_RP/round_1/113_Bessy2_LoBeta_short_RP.rml
2024-07-05 15:14:39,211 - INFO - Prepared sim number: 114: RAYPy_Simulation_Bessy2_LoBeta_short_RP/round_1/114_Bessy2_LoBeta_short_RP.rml
2024-07-05 15:14:39,219 - INFO - Prepared sim number: 115: RAYPy_Simulation_Bessy2_LoBeta_short_RP/round_1/115_Bessy2_LoBeta_short_RP.rml
2024-07-05 15:14:39,226 - INFO - Prepared sim number: 116: RAYPy_Simulation_Bessy2_LoBeta_short_RP/round_1/116_Bessy2_LoBeta_short_RP.rml
2024-07-05 15:14:39,227 - INFO - Waiting for batch number: 4, timeout: 26.786732275485992s
2024-07-05 15:14:41,664 - INFO - Completed: 1, remaining: 49, RAYPy_Simulation_Bessy2_LoBeta_short_RP/round_1/90_Bessy2_LoBeta_short_RP.rml
2024-07-05 15:14:41,684 - INFO - Completed: 2, remaining: 48, RAYPy_Simulation_Bessy2_LoBeta_short_RP/round_1/84_Bessy2_LoBeta_short_RP.rml
2024-07-05 15:14:41,724 - INFO - Completed: 3, remaining: 47, RAYPy_Simulation_Bessy2_LoBeta_short_RP/round_1/88_Bessy2_LoBeta_short_RP.rml
2024-07-05 15:14:41,900 - INFO - Completed: 4, remaining: 46, RAYPy_Simulation_Bessy2_LoBeta_short_RP/round_1/83_Bessy2_LoBeta_short_RP.rml
2024-07-05 15:14:42,004 - INFO - Completed: 5, remaining: 45, RAYPy_Simulation_Bessy2_LoBeta_short_RP/round_1/87_Bessy2_LoBeta_short_RP.rml
2024-07-05 15:14:42,027 - INFO - Completed: 6, remaining: 44, RAYPy_Simulation_Bessy2_LoBeta_short_RP/round_1/85_Bessy2_LoBeta_short_RP.rml
2024-07-05 15:14:42,071 - INFO - Completed: 7, remaining: 43, RAYPy_Simulation_Bessy2_LoBeta_short_RP/round_1/91_Bessy2_LoBeta_short_RP.rml
2024-07-05 15:14:42,206 - INFO - Completed: 8, remaining: 42, RAYPy_Simulation_Bessy2_LoBeta_short_RP/round_1/86_Bessy2_LoBeta_short_RP.rml
2024-07-05 15:14:43,754 - INFO - Completed: 9, remaining: 41, RAYPy_Simulation_Bessy2_LoBeta_short_RP/round_1/89_Bessy2_LoBeta_short_RP.rml
2024-07-05 15:14:43,921 - INFO - Completed: 10, remaining: 40, RAYPy_Simulation_Bessy2_LoBeta_short_RP/round_1/92_Bessy2_LoBeta_short_RP.rml
2024-07-05 15:14:44,325 - INFO - Completed: 11, remaining: 39, RAYPy_Simulation_Bessy2_LoBeta_short_RP/round_1/93_Bessy2_LoBeta_short_RP.rml
2024-07-05 15:14:44,710 - INFO - Completed: 12, remaining: 38, RAYPy_Simulation_Bessy2_LoBeta_short_RP/round_1/94_Bessy2_LoBeta_short_RP.rml
2024-07-05 15:14:45,168 - INFO - Completed: 13, remaining: 37, RAYPy_Simulation_Bessy2_LoBeta_short_RP/round_1/100_Bessy2_LoBeta_short_RP.rml
2024-07-05 15:14:45,183 - INFO - Completed: 14, remaining: 36, RAYPy_Simulation_Bessy2_LoBeta_short_RP/round_1/99_Bessy2_LoBeta_short_RP.rml
2024-07-05 15:14:45,221 - INFO - Completed: 15, remaining: 35, RAYPy_Simulation_Bessy2_LoBeta_short_RP/round_1/97_Bessy2_LoBeta_short_RP.rml
2024-07-05 15:14:45,302 - INFO - Completed: 16, remaining: 34, RAYPy_Simulation_Bessy2_LoBeta_short_RP/round_1/98_Bessy2_LoBeta_short_RP.rml
2024-07-05 15:14:45,512 - INFO - Completed: 17, remaining: 33, RAYPy_Simulation_Bessy2_LoBeta_short_RP/round_1/95_Bessy2_LoBeta_short_RP.rml
2024-07-05 15:14:45,555 - INFO - Completed: 18, remaining: 32, RAYPy_Simulation_Bessy2_LoBeta_short_RP/round_1/96_Bessy2_LoBeta_short_RP.rml
2024-07-05 15:14:47,566 - INFO - Completed: 19, remaining: 31, RAYPy_Simulation_Bessy2_LoBeta_short_RP/round_1/102_Bessy2_LoBeta_short_RP.rml
2024-07-05 15:14:47,636 - INFO - Completed: 20, remaining: 30, RAYPy_Simulation_Bessy2_LoBeta_short_RP/round_1/101_Bessy2_LoBeta_short_RP.rml
2024-07-05 15:14:47,965 - INFO - Completed: 21, remaining: 29, RAYPy_Simulation_Bessy2_LoBeta_short_RP/round_1/103_Bessy2_LoBeta_short_RP.rml
2024-07-05 15:14:48,249 - INFO - Completed: 22, remaining: 28, RAYPy_Simulation_Bessy2_LoBeta_short_RP/round_1/104_Bessy2_LoBeta_short_RP.rml
2024-07-05 15:14:49,296 - INFO - Completed: 23, remaining: 27, RAYPy_Simulation_Bessy2_LoBeta_short_RP/round_1/108_Bessy2_LoBeta_short_RP.rml
2024-07-05 15:14:49,397 - INFO - Completed: 24, remaining: 26, RAYPy_Simulation_Bessy2_LoBeta_short_RP/round_1/107_Bessy2_LoBeta_short_RP.rml
2024-07-05 15:14:49,577 - INFO - Completed: 25, remaining: 25, RAYPy_Simulation_Bessy2_LoBeta_short_RP/round_1/106_Bessy2_LoBeta_short_RP.rml
2024-07-05 15:14:49,709 - INFO - Completed: 26, remaining: 24, RAYPy_Simulation_Bessy2_LoBeta_short_RP/round_1/109_Bessy2_LoBeta_short_RP.rml
2024-07-05 15:14:49,816 - INFO - Completed: 27, remaining: 23, RAYPy_Simulation_Bessy2_LoBeta_short_RP/round_1/110_Bessy2_LoBeta_short_RP.rml
2024-07-05 15:14:50,030 - INFO - Completed: 28, remaining: 22, RAYPy_Simulation_Bessy2_LoBeta_short_RP/round_1/105_Bessy2_LoBeta_short_RP.rml
2024-07-05 15:14:51,057 - INFO - Completed: 29, remaining: 21, RAYPy_Simulation_Bessy2_LoBeta_short_RP/round_1/111_Bessy2_LoBeta_short_RP.rml
2024-07-05 15:14:51,072 - INFO - Completed: 30, remaining: 20, RAYPy_Simulation_Bessy2_LoBeta_short_RP/round_1/112_Bessy2_LoBeta_short_RP.rml
2024-07-05 15:14:51,301 - INFO - Completed: 31, remaining: 19, RAYPy_Simulation_Bessy2_LoBeta_short_RP/round_1/113_Bessy2_LoBeta_short_RP.rml
2024-07-05 15:14:51,584 - INFO - Completed: 32, remaining: 18, RAYPy_Simulation_Bessy2_LoBeta_short_RP/round_1/114_Bessy2_LoBeta_short_RP.rml
2024-07-05 15:14:51,828 - INFO - Completed: 33, remaining: 17, RAYPy_Simulation_Bessy2_LoBeta_short_RP/round_1/116_Bessy2_LoBeta_short_RP.rml
2024-07-05 15:14:51,927 - INFO - Completed: 34, remaining: 16, RAYPy_Simulation_Bessy2_LoBeta_short_RP/round_1/115_Bessy2_LoBeta_short_RP.rml
2024-07-05 15:14:51,928 - INFO - Batch Completed
2024-07-05 15:14:51,928 - INFO - Waiting For batch, 50 simulations to go
2024-07-05 15:14:51,929 - INFO - Remaning Simulations 0, stop the simulations loop
2024-07-05 15:14:51,930 - INFO - Checking that all simulations are completed before stopping the ProcessPoolExecutor
2024-07-05 15:14:52,073 - INFO - Executor shutdown completed.
2024-07-05 15:14:52,084 - INFO - Simulation completed successfully.
2024-07-05 15:14:52,085 - INFO - Starting cleanup
2024-07-05 15:14:52,655 - INFO - Done with the cleanup
2024-07-05 15:14:52,655 - INFO - End of the Simulations
