2024-12-17 09:41:21,197 - INFO - Simulation started, using 12 workers
2024-12-17 09:41:21,207 - INFO - Start round 0
2024-12-17 09:41:21,226 - INFO - Prepared sim number: 0: RAYPy_Simulation_bessy3_56m_PGM_2Perc_coupling_errors_on_FLUX/round_0/0_bessy3_56m_PGM_2Perc_coupling_errors_on_FLUX.rml
2024-12-17 09:41:21,249 - INFO - Prepared sim number: 1: RAYPy_Simulation_bessy3_56m_PGM_2Perc_coupling_errors_on_FLUX/round_0/1_bessy3_56m_PGM_2Perc_coupling_errors_on_FLUX.rml
2024-12-17 09:41:21,276 - INFO - Prepared sim number: 2: RAYPy_Simulation_bessy3_56m_PGM_2Perc_coupling_errors_on_FLUX/round_0/2_bessy3_56m_PGM_2Perc_coupling_errors_on_FLUX.rml
2024-12-17 09:41:21,292 - INFO - Prepared sim number: 3: RAYPy_Simulation_bessy3_56m_PGM_2Perc_coupling_errors_on_FLUX/round_0/3_bessy3_56m_PGM_2Perc_coupling_errors_on_FLUX.rml
2024-12-17 09:41:21,307 - INFO - Prepared sim number: 4: RAYPy_Simulation_bessy3_56m_PGM_2Perc_coupling_errors_on_FLUX/round_0/4_bessy3_56m_PGM_2Perc_coupling_errors_on_FLUX.rml
2024-12-17 09:41:21,319 - INFO - Prepared sim number: 5: RAYPy_Simulation_bessy3_56m_PGM_2Perc_coupling_errors_on_FLUX/round_0/5_bessy3_56m_PGM_2Perc_coupling_errors_on_FLUX.rml
2024-12-17 09:41:21,332 - INFO - Prepared sim number: 6: RAYPy_Simulation_bessy3_56m_PGM_2Perc_coupling_errors_on_FLUX/round_0/6_bessy3_56m_PGM_2Perc_coupling_errors_on_FLUX.rml
2024-12-17 09:41:21,344 - INFO - Prepared sim number: 7: RAYPy_Simulation_bessy3_56m_PGM_2Perc_coupling_errors_on_FLUX/round_0/7_bessy3_56m_PGM_2Perc_coupling_errors_on_FLUX.rml
2024-12-17 09:41:21,357 - INFO - Prepared sim number: 8: RAYPy_Simulation_bessy3_56m_PGM_2Perc_coupling_errors_on_FLUX/round_0/8_bessy3_56m_PGM_2Perc_coupling_errors_on_FLUX.rml
2024-12-17 09:41:21,369 - INFO - Prepared sim number: 9: RAYPy_Simulation_bessy3_56m_PGM_2Perc_coupling_errors_on_FLUX/round_0/9_bessy3_56m_PGM_2Perc_coupling_errors_on_FLUX.rml
2024-12-17 09:41:21,381 - INFO - Prepared sim number: 10: RAYPy_Simulation_bessy3_56m_PGM_2Perc_coupling_errors_on_FLUX/round_0/10_bessy3_56m_PGM_2Perc_coupling_errors_on_FLUX.rml
2024-12-17 09:41:21,392 - INFO - Prepared sim number: 11: RAYPy_Simulation_bessy3_56m_PGM_2Perc_coupling_errors_on_FLUX/round_0/11_bessy3_56m_PGM_2Perc_coupling_errors_on_FLUX.rml
2024-12-17 09:41:21,404 - INFO - Prepared sim number: 12: RAYPy_Simulation_bessy3_56m_PGM_2Perc_coupling_errors_on_FLUX/round_0/12_bessy3_56m_PGM_2Perc_coupling_errors_on_FLUX.rml
2024-12-17 09:41:21,416 - INFO - Prepared sim number: 13: RAYPy_Simulation_bessy3_56m_PGM_2Perc_coupling_errors_on_FLUX/round_0/13_bessy3_56m_PGM_2Perc_coupling_errors_on_FLUX.rml
2024-12-17 09:41:21,428 - INFO - Prepared sim number: 14: RAYPy_Simulation_bessy3_56m_PGM_2Perc_coupling_errors_on_FLUX/round_0/14_bessy3_56m_PGM_2Perc_coupling_errors_on_FLUX.rml
2024-12-17 09:41:21,440 - INFO - Prepared sim number: 15: RAYPy_Simulation_bessy3_56m_PGM_2Perc_coupling_errors_on_FLUX/round_0/15_bessy3_56m_PGM_2Perc_coupling_errors_on_FLUX.rml
2024-12-17 09:41:21,451 - INFO - Prepared sim number: 16: RAYPy_Simulation_bessy3_56m_PGM_2Perc_coupling_errors_on_FLUX/round_0/16_bessy3_56m_PGM_2Perc_coupling_errors_on_FLUX.rml
2024-12-17 09:41:21,463 - INFO - Prepared sim number: 17: RAYPy_Simulation_bessy3_56m_PGM_2Perc_coupling_errors_on_FLUX/round_0/17_bessy3_56m_PGM_2Perc_coupling_errors_on_FLUX.rml
2024-12-17 09:41:21,476 - INFO - Prepared sim number: 18: RAYPy_Simulation_bessy3_56m_PGM_2Perc_coupling_errors_on_FLUX/round_0/18_bessy3_56m_PGM_2Perc_coupling_errors_on_FLUX.rml
2024-12-17 09:41:21,491 - INFO - Prepared sim number: 19: RAYPy_Simulation_bessy3_56m_PGM_2Perc_coupling_errors_on_FLUX/round_0/19_bessy3_56m_PGM_2Perc_coupling_errors_on_FLUX.rml
2024-12-17 09:41:21,502 - INFO - Prepared sim number: 20: RAYPy_Simulation_bessy3_56m_PGM_2Perc_coupling_errors_on_FLUX/round_0/20_bessy3_56m_PGM_2Perc_coupling_errors_on_FLUX.rml
2024-12-17 09:41:21,515 - INFO - Prepared sim number: 21: RAYPy_Simulation_bessy3_56m_PGM_2Perc_coupling_errors_on_FLUX/round_0/21_bessy3_56m_PGM_2Perc_coupling_errors_on_FLUX.rml
2024-12-17 09:41:21,527 - INFO - Prepared sim number: 22: RAYPy_Simulation_bessy3_56m_PGM_2Perc_coupling_errors_on_FLUX/round_0/22_bessy3_56m_PGM_2Perc_coupling_errors_on_FLUX.rml
2024-12-17 09:41:21,540 - INFO - Prepared sim number: 23: RAYPy_Simulation_bessy3_56m_PGM_2Perc_coupling_errors_on_FLUX/round_0/23_bessy3_56m_PGM_2Perc_coupling_errors_on_FLUX.rml
2024-12-17 09:41:21,551 - INFO - Prepared sim number: 24: RAYPy_Simulation_bessy3_56m_PGM_2Perc_coupling_errors_on_FLUX/round_0/24_bessy3_56m_PGM_2Perc_coupling_errors_on_FLUX.rml
2024-12-17 09:41:21,562 - INFO - Prepared sim number: 25: RAYPy_Simulation_bessy3_56m_PGM_2Perc_coupling_errors_on_FLUX/round_0/25_bessy3_56m_PGM_2Perc_coupling_errors_on_FLUX.rml
2024-12-17 09:41:21,574 - INFO - Prepared sim number: 26: RAYPy_Simulation_bessy3_56m_PGM_2Perc_coupling_errors_on_FLUX/round_0/26_bessy3_56m_PGM_2Perc_coupling_errors_on_FLUX.rml
2024-12-17 09:41:21,585 - INFO - Prepared sim number: 27: RAYPy_Simulation_bessy3_56m_PGM_2Perc_coupling_errors_on_FLUX/round_0/27_bessy3_56m_PGM_2Perc_coupling_errors_on_FLUX.rml
2024-12-17 09:41:21,597 - INFO - Prepared sim number: 28: RAYPy_Simulation_bessy3_56m_PGM_2Perc_coupling_errors_on_FLUX/round_0/28_bessy3_56m_PGM_2Perc_coupling_errors_on_FLUX.rml
2024-12-17 09:41:21,610 - INFO - Prepared sim number: 29: RAYPy_Simulation_bessy3_56m_PGM_2Perc_coupling_errors_on_FLUX/round_0/29_bessy3_56m_PGM_2Perc_coupling_errors_on_FLUX.rml
2024-12-17 09:41:21,622 - INFO - Prepared sim number: 30: RAYPy_Simulation_bessy3_56m_PGM_2Perc_coupling_errors_on_FLUX/round_0/30_bessy3_56m_PGM_2Perc_coupling_errors_on_FLUX.rml
2024-12-17 09:41:21,633 - INFO - Prepared sim number: 31: RAYPy_Simulation_bessy3_56m_PGM_2Perc_coupling_errors_on_FLUX/round_0/31_bessy3_56m_PGM_2Perc_coupling_errors_on_FLUX.rml
2024-12-17 09:41:21,644 - INFO - Prepared sim number: 32: RAYPy_Simulation_bessy3_56m_PGM_2Perc_coupling_errors_on_FLUX/round_0/32_bessy3_56m_PGM_2Perc_coupling_errors_on_FLUX.rml
2024-12-17 09:41:21,656 - INFO - Prepared sim number: 33: RAYPy_Simulation_bessy3_56m_PGM_2Perc_coupling_errors_on_FLUX/round_0/33_bessy3_56m_PGM_2Perc_coupling_errors_on_FLUX.rml
2024-12-17 09:41:21,667 - INFO - Prepared sim number: 34: RAYPy_Simulation_bessy3_56m_PGM_2Perc_coupling_errors_on_FLUX/round_0/34_bessy3_56m_PGM_2Perc_coupling_errors_on_FLUX.rml
2024-12-17 09:41:21,679 - INFO - Prepared sim number: 35: RAYPy_Simulation_bessy3_56m_PGM_2Perc_coupling_errors_on_FLUX/round_0/35_bessy3_56m_PGM_2Perc_coupling_errors_on_FLUX.rml
2024-12-17 09:41:21,692 - INFO - Prepared sim number: 36: RAYPy_Simulation_bessy3_56m_PGM_2Perc_coupling_errors_on_FLUX/round_0/36_bessy3_56m_PGM_2Perc_coupling_errors_on_FLUX.rml
2024-12-17 09:41:21,703 - INFO - Prepared sim number: 37: RAYPy_Simulation_bessy3_56m_PGM_2Perc_coupling_errors_on_FLUX/round_0/37_bessy3_56m_PGM_2Perc_coupling_errors_on_FLUX.rml
2024-12-17 09:41:21,720 - INFO - Prepared sim number: 38: RAYPy_Simulation_bessy3_56m_PGM_2Perc_coupling_errors_on_FLUX/round_0/38_bessy3_56m_PGM_2Perc_coupling_errors_on_FLUX.rml
2024-12-17 09:41:21,743 - INFO - Prepared sim number: 39: RAYPy_Simulation_bessy3_56m_PGM_2Perc_coupling_errors_on_FLUX/round_0/39_bessy3_56m_PGM_2Perc_coupling_errors_on_FLUX.rml
2024-12-17 09:41:21,763 - INFO - Prepared sim number: 40: RAYPy_Simulation_bessy3_56m_PGM_2Perc_coupling_errors_on_FLUX/round_0/40_bessy3_56m_PGM_2Perc_coupling_errors_on_FLUX.rml
2024-12-17 09:41:21,783 - INFO - Prepared sim number: 41: RAYPy_Simulation_bessy3_56m_PGM_2Perc_coupling_errors_on_FLUX/round_0/41_bessy3_56m_PGM_2Perc_coupling_errors_on_FLUX.rml
2024-12-17 09:41:21,783 - INFO - Start round 1
2024-12-17 09:41:21,790 - INFO - Prepared sim number: 0: RAYPy_Simulation_bessy3_56m_PGM_2Perc_coupling_errors_on_FLUX/round_1/0_bessy3_56m_PGM_2Perc_coupling_errors_on_FLUX.rml
2024-12-17 09:41:21,803 - INFO - Prepared sim number: 1: RAYPy_Simulation_bessy3_56m_PGM_2Perc_coupling_errors_on_FLUX/round_1/1_bessy3_56m_PGM_2Perc_coupling_errors_on_FLUX.rml
2024-12-17 09:41:21,814 - INFO - Prepared sim number: 2: RAYPy_Simulation_bessy3_56m_PGM_2Perc_coupling_errors_on_FLUX/round_1/2_bessy3_56m_PGM_2Perc_coupling_errors_on_FLUX.rml
2024-12-17 09:41:21,821 - INFO - Prepared sim number: 3: RAYPy_Simulation_bessy3_56m_PGM_2Perc_coupling_errors_on_FLUX/round_1/3_bessy3_56m_PGM_2Perc_coupling_errors_on_FLUX.rml
2024-12-17 09:41:21,833 - INFO - Prepared sim number: 4: RAYPy_Simulation_bessy3_56m_PGM_2Perc_coupling_errors_on_FLUX/round_1/4_bessy3_56m_PGM_2Perc_coupling_errors_on_FLUX.rml
2024-12-17 09:41:21,842 - INFO - Prepared sim number: 5: RAYPy_Simulation_bessy3_56m_PGM_2Perc_coupling_errors_on_FLUX/round_1/5_bessy3_56m_PGM_2Perc_coupling_errors_on_FLUX.rml
2024-12-17 09:41:21,852 - INFO - Prepared sim number: 6: RAYPy_Simulation_bessy3_56m_PGM_2Perc_coupling_errors_on_FLUX/round_1/6_bessy3_56m_PGM_2Perc_coupling_errors_on_FLUX.rml
2024-12-17 09:41:21,861 - INFO - Prepared sim number: 7: RAYPy_Simulation_bessy3_56m_PGM_2Perc_coupling_errors_on_FLUX/round_1/7_bessy3_56m_PGM_2Perc_coupling_errors_on_FLUX.rml
2024-12-17 09:41:21,869 - INFO - Prepared sim number: 8: RAYPy_Simulation_bessy3_56m_PGM_2Perc_coupling_errors_on_FLUX/round_1/8_bessy3_56m_PGM_2Perc_coupling_errors_on_FLUX.rml
2024-12-17 09:41:21,877 - INFO - Prepared sim number: 9: RAYPy_Simulation_bessy3_56m_PGM_2Perc_coupling_errors_on_FLUX/round_1/9_bessy3_56m_PGM_2Perc_coupling_errors_on_FLUX.rml
2024-12-17 09:41:21,889 - INFO - Prepared sim number: 10: RAYPy_Simulation_bessy3_56m_PGM_2Perc_coupling_errors_on_FLUX/round_1/10_bessy3_56m_PGM_2Perc_coupling_errors_on_FLUX.rml
2024-12-17 09:41:21,903 - INFO - Prepared sim number: 11: RAYPy_Simulation_bessy3_56m_PGM_2Perc_coupling_errors_on_FLUX/round_1/11_bessy3_56m_PGM_2Perc_coupling_errors_on_FLUX.rml
2024-12-17 09:41:21,912 - INFO - Prepared sim number: 12: RAYPy_Simulation_bessy3_56m_PGM_2Perc_coupling_errors_on_FLUX/round_1/12_bessy3_56m_PGM_2Perc_coupling_errors_on_FLUX.rml
2024-12-17 09:41:21,921 - INFO - Prepared sim number: 13: RAYPy_Simulation_bessy3_56m_PGM_2Perc_coupling_errors_on_FLUX/round_1/13_bessy3_56m_PGM_2Perc_coupling_errors_on_FLUX.rml
2024-12-17 09:41:21,931 - INFO - Prepared sim number: 14: RAYPy_Simulation_bessy3_56m_PGM_2Perc_coupling_errors_on_FLUX/round_1/14_bessy3_56m_PGM_2Perc_coupling_errors_on_FLUX.rml
2024-12-17 09:41:21,942 - INFO - Prepared sim number: 15: RAYPy_Simulation_bessy3_56m_PGM_2Perc_coupling_errors_on_FLUX/round_1/15_bessy3_56m_PGM_2Perc_coupling_errors_on_FLUX.rml
2024-12-17 09:41:21,950 - INFO - Prepared sim number: 16: RAYPy_Simulation_bessy3_56m_PGM_2Perc_coupling_errors_on_FLUX/round_1/16_bessy3_56m_PGM_2Perc_coupling_errors_on_FLUX.rml
2024-12-17 09:41:21,961 - INFO - Prepared sim number: 17: RAYPy_Simulation_bessy3_56m_PGM_2Perc_coupling_errors_on_FLUX/round_1/17_bessy3_56m_PGM_2Perc_coupling_errors_on_FLUX.rml
2024-12-17 09:41:21,985 - INFO - Waiting for batch number: 0, timeout: 60s
2024-12-17 09:41:38,770 - INFO - Completed: 1, remaining: 59, RAYPy_Simulation_bessy3_56m_PGM_2Perc_coupling_errors_on_FLUX/round_0/6_bessy3_56m_PGM_2Perc_coupling_errors_on_FLUX.rml
2024-12-17 09:41:38,849 - INFO - Completed: 2, remaining: 58, RAYPy_Simulation_bessy3_56m_PGM_2Perc_coupling_errors_on_FLUX/round_0/3_bessy3_56m_PGM_2Perc_coupling_errors_on_FLUX.rml
2024-12-17 09:41:39,656 - INFO - Completed: 3, remaining: 57, RAYPy_Simulation_bessy3_56m_PGM_2Perc_coupling_errors_on_FLUX/round_0/7_bessy3_56m_PGM_2Perc_coupling_errors_on_FLUX.rml
2024-12-17 09:41:40,029 - INFO - Completed: 4, remaining: 56, RAYPy_Simulation_bessy3_56m_PGM_2Perc_coupling_errors_on_FLUX/round_0/11_bessy3_56m_PGM_2Perc_coupling_errors_on_FLUX.rml
2024-12-17 09:41:40,199 - INFO - Completed: 5, remaining: 55, RAYPy_Simulation_bessy3_56m_PGM_2Perc_coupling_errors_on_FLUX/round_0/5_bessy3_56m_PGM_2Perc_coupling_errors_on_FLUX.rml
2024-12-17 09:41:41,263 - INFO - Completed: 6, remaining: 54, RAYPy_Simulation_bessy3_56m_PGM_2Perc_coupling_errors_on_FLUX/round_0/0_bessy3_56m_PGM_2Perc_coupling_errors_on_FLUX.rml
2024-12-17 09:41:42,331 - INFO - Completed: 7, remaining: 53, RAYPy_Simulation_bessy3_56m_PGM_2Perc_coupling_errors_on_FLUX/round_0/4_bessy3_56m_PGM_2Perc_coupling_errors_on_FLUX.rml
2024-12-17 09:41:42,495 - INFO - Completed: 8, remaining: 52, RAYPy_Simulation_bessy3_56m_PGM_2Perc_coupling_errors_on_FLUX/round_0/8_bessy3_56m_PGM_2Perc_coupling_errors_on_FLUX.rml
2024-12-17 09:41:42,753 - INFO - Completed: 9, remaining: 51, RAYPy_Simulation_bessy3_56m_PGM_2Perc_coupling_errors_on_FLUX/round_0/9_bessy3_56m_PGM_2Perc_coupling_errors_on_FLUX.rml
2024-12-17 09:41:42,807 - INFO - Completed: 10, remaining: 50, RAYPy_Simulation_bessy3_56m_PGM_2Perc_coupling_errors_on_FLUX/round_0/10_bessy3_56m_PGM_2Perc_coupling_errors_on_FLUX.rml
2024-12-17 09:41:44,305 - INFO - Completed: 11, remaining: 49, RAYPy_Simulation_bessy3_56m_PGM_2Perc_coupling_errors_on_FLUX/round_0/2_bessy3_56m_PGM_2Perc_coupling_errors_on_FLUX.rml
2024-12-17 09:41:44,606 - INFO - Completed: 12, remaining: 48, RAYPy_Simulation_bessy3_56m_PGM_2Perc_coupling_errors_on_FLUX/round_0/1_bessy3_56m_PGM_2Perc_coupling_errors_on_FLUX.rml
2024-12-17 09:41:56,732 - INFO - Completed: 13, remaining: 47, RAYPy_Simulation_bessy3_56m_PGM_2Perc_coupling_errors_on_FLUX/round_0/12_bessy3_56m_PGM_2Perc_coupling_errors_on_FLUX.rml
2024-12-17 09:41:56,887 - INFO - Completed: 14, remaining: 46, RAYPy_Simulation_bessy3_56m_PGM_2Perc_coupling_errors_on_FLUX/round_0/13_bessy3_56m_PGM_2Perc_coupling_errors_on_FLUX.rml
2024-12-17 09:41:58,037 - INFO - Completed: 15, remaining: 45, RAYPy_Simulation_bessy3_56m_PGM_2Perc_coupling_errors_on_FLUX/round_0/15_bessy3_56m_PGM_2Perc_coupling_errors_on_FLUX.rml
2024-12-17 09:41:58,121 - INFO - Completed: 16, remaining: 44, RAYPy_Simulation_bessy3_56m_PGM_2Perc_coupling_errors_on_FLUX/round_0/14_bessy3_56m_PGM_2Perc_coupling_errors_on_FLUX.rml
2024-12-17 09:41:58,878 - INFO - Completed: 17, remaining: 43, RAYPy_Simulation_bessy3_56m_PGM_2Perc_coupling_errors_on_FLUX/round_0/16_bessy3_56m_PGM_2Perc_coupling_errors_on_FLUX.rml
2024-12-17 09:42:00,072 - INFO - Completed: 18, remaining: 42, RAYPy_Simulation_bessy3_56m_PGM_2Perc_coupling_errors_on_FLUX/round_0/17_bessy3_56m_PGM_2Perc_coupling_errors_on_FLUX.rml
2024-12-17 09:42:00,618 - INFO - Completed: 19, remaining: 41, RAYPy_Simulation_bessy3_56m_PGM_2Perc_coupling_errors_on_FLUX/round_0/18_bessy3_56m_PGM_2Perc_coupling_errors_on_FLUX.rml
2024-12-17 09:42:01,156 - INFO - Completed: 20, remaining: 40, RAYPy_Simulation_bessy3_56m_PGM_2Perc_coupling_errors_on_FLUX/round_0/20_bessy3_56m_PGM_2Perc_coupling_errors_on_FLUX.rml
2024-12-17 09:42:01,290 - INFO - Completed: 21, remaining: 39, RAYPy_Simulation_bessy3_56m_PGM_2Perc_coupling_errors_on_FLUX/round_0/21_bessy3_56m_PGM_2Perc_coupling_errors_on_FLUX.rml
2024-12-17 09:42:02,280 - INFO - Completed: 22, remaining: 38, RAYPy_Simulation_bessy3_56m_PGM_2Perc_coupling_errors_on_FLUX/round_0/22_bessy3_56m_PGM_2Perc_coupling_errors_on_FLUX.rml
2024-12-17 09:42:02,280 - INFO - Completed: 23, remaining: 37, RAYPy_Simulation_bessy3_56m_PGM_2Perc_coupling_errors_on_FLUX/round_0/19_bessy3_56m_PGM_2Perc_coupling_errors_on_FLUX.rml
2024-12-17 09:42:02,665 - INFO - Completed: 24, remaining: 36, RAYPy_Simulation_bessy3_56m_PGM_2Perc_coupling_errors_on_FLUX/round_0/23_bessy3_56m_PGM_2Perc_coupling_errors_on_FLUX.rml
2024-12-17 09:42:13,758 - INFO - Completed: 25, remaining: 35, RAYPy_Simulation_bessy3_56m_PGM_2Perc_coupling_errors_on_FLUX/round_0/24_bessy3_56m_PGM_2Perc_coupling_errors_on_FLUX.rml
2024-12-17 09:42:13,786 - INFO - Completed: 26, remaining: 34, RAYPy_Simulation_bessy3_56m_PGM_2Perc_coupling_errors_on_FLUX/round_0/25_bessy3_56m_PGM_2Perc_coupling_errors_on_FLUX.rml
2024-12-17 09:42:14,905 - INFO - Completed: 27, remaining: 33, RAYPy_Simulation_bessy3_56m_PGM_2Perc_coupling_errors_on_FLUX/round_0/26_bessy3_56m_PGM_2Perc_coupling_errors_on_FLUX.rml
2024-12-17 09:42:15,139 - INFO - Completed: 28, remaining: 32, RAYPy_Simulation_bessy3_56m_PGM_2Perc_coupling_errors_on_FLUX/round_0/27_bessy3_56m_PGM_2Perc_coupling_errors_on_FLUX.rml
2024-12-17 09:42:16,301 - INFO - Completed: 29, remaining: 31, RAYPy_Simulation_bessy3_56m_PGM_2Perc_coupling_errors_on_FLUX/round_0/28_bessy3_56m_PGM_2Perc_coupling_errors_on_FLUX.rml
2024-12-17 09:42:17,873 - INFO - Completed: 30, remaining: 30, RAYPy_Simulation_bessy3_56m_PGM_2Perc_coupling_errors_on_FLUX/round_0/29_bessy3_56m_PGM_2Perc_coupling_errors_on_FLUX.rml
2024-12-17 09:42:19,530 - INFO - Completed: 31, remaining: 29, RAYPy_Simulation_bessy3_56m_PGM_2Perc_coupling_errors_on_FLUX/round_0/31_bessy3_56m_PGM_2Perc_coupling_errors_on_FLUX.rml
2024-12-17 09:42:19,701 - INFO - Completed: 32, remaining: 28, RAYPy_Simulation_bessy3_56m_PGM_2Perc_coupling_errors_on_FLUX/round_0/32_bessy3_56m_PGM_2Perc_coupling_errors_on_FLUX.rml
2024-12-17 09:42:20,356 - INFO - Completed: 33, remaining: 27, RAYPy_Simulation_bessy3_56m_PGM_2Perc_coupling_errors_on_FLUX/round_0/30_bessy3_56m_PGM_2Perc_coupling_errors_on_FLUX.rml
2024-12-17 09:42:20,551 - INFO - Completed: 34, remaining: 26, RAYPy_Simulation_bessy3_56m_PGM_2Perc_coupling_errors_on_FLUX/round_0/34_bessy3_56m_PGM_2Perc_coupling_errors_on_FLUX.rml
2024-12-17 09:42:20,861 - INFO - Completed: 35, remaining: 25, RAYPy_Simulation_bessy3_56m_PGM_2Perc_coupling_errors_on_FLUX/round_0/33_bessy3_56m_PGM_2Perc_coupling_errors_on_FLUX.rml
2024-12-17 09:42:20,990 - INFO - Completed: 36, remaining: 24, RAYPy_Simulation_bessy3_56m_PGM_2Perc_coupling_errors_on_FLUX/round_0/35_bessy3_56m_PGM_2Perc_coupling_errors_on_FLUX.rml
2024-12-17 09:42:21,985 - INFO - Exception during simulation: 24 (of 60) futures unfinished
2024-12-17 09:42:27,277 - INFO - Waiting for file RAYPy_Simulation_bessy3_56m_PGM_2Perc_coupling_errors_on_FLUX/round_0/36_bessy3_56m_PGM_2Perc_coupling_errors_on_FLUX.rml, wait_time 22.91164893905322
2024-12-17 09:42:32,299 - INFO - Waiting for file RAYPy_Simulation_bessy3_56m_PGM_2Perc_coupling_errors_on_FLUX/round_0/36_bessy3_56m_PGM_2Perc_coupling_errors_on_FLUX.rml, wait_time 17.91164893905322
2024-12-17 09:42:37,329 - INFO - Waiting for file RAYPy_Simulation_bessy3_56m_PGM_2Perc_coupling_errors_on_FLUX/round_0/38_bessy3_56m_PGM_2Perc_coupling_errors_on_FLUX.rml, wait_time 12.911648939053219
2024-12-17 09:42:42,400 - INFO - Waiting for file RAYPy_Simulation_bessy3_56m_PGM_2Perc_coupling_errors_on_FLUX/round_1/0_bessy3_56m_PGM_2Perc_coupling_errors_on_FLUX.rml, wait_time 7.911648939053219
2024-12-17 09:42:47,450 - INFO - Waiting for file RAYPy_Simulation_bessy3_56m_PGM_2Perc_coupling_errors_on_FLUX/round_1/6_bessy3_56m_PGM_2Perc_coupling_errors_on_FLUX.rml, wait_time 2.9116489390532188
2024-12-17 09:42:52,465 - INFO - Waiting for file RAYPy_Simulation_bessy3_56m_PGM_2Perc_coupling_errors_on_FLUX/round_1/6_bessy3_56m_PGM_2Perc_coupling_errors_on_FLUX.rml, wait_time -2.0883510609467812
2024-12-17 09:42:52,620 - INFO - Found most simulations of the batch, futures missed at least 24 simulations
2024-12-17 09:42:52,623 - INFO - Updated progress bar
2024-12-17 09:42:52,624 - INFO - Batch Completed
2024-12-17 09:42:52,624 - INFO - Waiting For batch, 60 simulations to go
2024-12-17 09:42:52,646 - INFO - Prepared sim number: 18: RAYPy_Simulation_bessy3_56m_PGM_2Perc_coupling_errors_on_FLUX/round_1/18_bessy3_56m_PGM_2Perc_coupling_errors_on_FLUX.rml
2024-12-17 09:42:52,669 - INFO - Prepared sim number: 19: RAYPy_Simulation_bessy3_56m_PGM_2Perc_coupling_errors_on_FLUX/round_1/19_bessy3_56m_PGM_2Perc_coupling_errors_on_FLUX.rml
2024-12-17 09:42:52,693 - INFO - Prepared sim number: 20: RAYPy_Simulation_bessy3_56m_PGM_2Perc_coupling_errors_on_FLUX/round_1/20_bessy3_56m_PGM_2Perc_coupling_errors_on_FLUX.rml
2024-12-17 09:42:52,719 - INFO - Prepared sim number: 21: RAYPy_Simulation_bessy3_56m_PGM_2Perc_coupling_errors_on_FLUX/round_1/21_bessy3_56m_PGM_2Perc_coupling_errors_on_FLUX.rml
2024-12-17 09:42:52,761 - INFO - Prepared sim number: 22: RAYPy_Simulation_bessy3_56m_PGM_2Perc_coupling_errors_on_FLUX/round_1/22_bessy3_56m_PGM_2Perc_coupling_errors_on_FLUX.rml
2024-12-17 09:42:52,784 - INFO - Prepared sim number: 23: RAYPy_Simulation_bessy3_56m_PGM_2Perc_coupling_errors_on_FLUX/round_1/23_bessy3_56m_PGM_2Perc_coupling_errors_on_FLUX.rml
2024-12-17 09:42:52,810 - INFO - Prepared sim number: 24: RAYPy_Simulation_bessy3_56m_PGM_2Perc_coupling_errors_on_FLUX/round_1/24_bessy3_56m_PGM_2Perc_coupling_errors_on_FLUX.rml
2024-12-17 09:42:52,839 - INFO - Prepared sim number: 25: RAYPy_Simulation_bessy3_56m_PGM_2Perc_coupling_errors_on_FLUX/round_1/25_bessy3_56m_PGM_2Perc_coupling_errors_on_FLUX.rml
2024-12-17 09:42:52,858 - INFO - Prepared sim number: 26: RAYPy_Simulation_bessy3_56m_PGM_2Perc_coupling_errors_on_FLUX/round_1/26_bessy3_56m_PGM_2Perc_coupling_errors_on_FLUX.rml
2024-12-17 09:42:52,875 - INFO - Prepared sim number: 27: RAYPy_Simulation_bessy3_56m_PGM_2Perc_coupling_errors_on_FLUX/round_1/27_bessy3_56m_PGM_2Perc_coupling_errors_on_FLUX.rml
2024-12-17 09:42:52,886 - INFO - Prepared sim number: 28: RAYPy_Simulation_bessy3_56m_PGM_2Perc_coupling_errors_on_FLUX/round_1/28_bessy3_56m_PGM_2Perc_coupling_errors_on_FLUX.rml
2024-12-17 09:42:52,898 - INFO - Prepared sim number: 29: RAYPy_Simulation_bessy3_56m_PGM_2Perc_coupling_errors_on_FLUX/round_1/29_bessy3_56m_PGM_2Perc_coupling_errors_on_FLUX.rml
2024-12-17 09:42:52,910 - INFO - Prepared sim number: 30: RAYPy_Simulation_bessy3_56m_PGM_2Perc_coupling_errors_on_FLUX/round_1/30_bessy3_56m_PGM_2Perc_coupling_errors_on_FLUX.rml
2024-12-17 09:42:52,924 - INFO - Prepared sim number: 31: RAYPy_Simulation_bessy3_56m_PGM_2Perc_coupling_errors_on_FLUX/round_1/31_bessy3_56m_PGM_2Perc_coupling_errors_on_FLUX.rml
2024-12-17 09:42:52,937 - INFO - Prepared sim number: 32: RAYPy_Simulation_bessy3_56m_PGM_2Perc_coupling_errors_on_FLUX/round_1/32_bessy3_56m_PGM_2Perc_coupling_errors_on_FLUX.rml
2024-12-17 09:42:52,950 - INFO - Prepared sim number: 33: RAYPy_Simulation_bessy3_56m_PGM_2Perc_coupling_errors_on_FLUX/round_1/33_bessy3_56m_PGM_2Perc_coupling_errors_on_FLUX.rml
2024-12-17 09:42:52,966 - INFO - Prepared sim number: 34: RAYPy_Simulation_bessy3_56m_PGM_2Perc_coupling_errors_on_FLUX/round_1/34_bessy3_56m_PGM_2Perc_coupling_errors_on_FLUX.rml
2024-12-17 09:42:52,980 - INFO - Prepared sim number: 35: RAYPy_Simulation_bessy3_56m_PGM_2Perc_coupling_errors_on_FLUX/round_1/35_bessy3_56m_PGM_2Perc_coupling_errors_on_FLUX.rml
2024-12-17 09:42:52,992 - INFO - Prepared sim number: 36: RAYPy_Simulation_bessy3_56m_PGM_2Perc_coupling_errors_on_FLUX/round_1/36_bessy3_56m_PGM_2Perc_coupling_errors_on_FLUX.rml
2024-12-17 09:42:53,004 - INFO - Prepared sim number: 37: RAYPy_Simulation_bessy3_56m_PGM_2Perc_coupling_errors_on_FLUX/round_1/37_bessy3_56m_PGM_2Perc_coupling_errors_on_FLUX.rml
2024-12-17 09:42:53,016 - INFO - Prepared sim number: 38: RAYPy_Simulation_bessy3_56m_PGM_2Perc_coupling_errors_on_FLUX/round_1/38_bessy3_56m_PGM_2Perc_coupling_errors_on_FLUX.rml
2024-12-17 09:42:53,028 - INFO - Prepared sim number: 39: RAYPy_Simulation_bessy3_56m_PGM_2Perc_coupling_errors_on_FLUX/round_1/39_bessy3_56m_PGM_2Perc_coupling_errors_on_FLUX.rml
2024-12-17 09:42:53,040 - INFO - Prepared sim number: 40: RAYPy_Simulation_bessy3_56m_PGM_2Perc_coupling_errors_on_FLUX/round_1/40_bessy3_56m_PGM_2Perc_coupling_errors_on_FLUX.rml
2024-12-17 09:42:53,051 - INFO - Prepared sim number: 41: RAYPy_Simulation_bessy3_56m_PGM_2Perc_coupling_errors_on_FLUX/round_1/41_bessy3_56m_PGM_2Perc_coupling_errors_on_FLUX.rml
2024-12-17 09:42:53,051 - INFO - Start round 2
2024-12-17 09:42:53,061 - INFO - Prepared sim number: 0: RAYPy_Simulation_bessy3_56m_PGM_2Perc_coupling_errors_on_FLUX/round_2/0_bessy3_56m_PGM_2Perc_coupling_errors_on_FLUX.rml
2024-12-17 09:42:53,072 - INFO - Prepared sim number: 1: RAYPy_Simulation_bessy3_56m_PGM_2Perc_coupling_errors_on_FLUX/round_2/1_bessy3_56m_PGM_2Perc_coupling_errors_on_FLUX.rml
2024-12-17 09:42:53,081 - INFO - Prepared sim number: 2: RAYPy_Simulation_bessy3_56m_PGM_2Perc_coupling_errors_on_FLUX/round_2/2_bessy3_56m_PGM_2Perc_coupling_errors_on_FLUX.rml
2024-12-17 09:42:53,092 - INFO - Prepared sim number: 3: RAYPy_Simulation_bessy3_56m_PGM_2Perc_coupling_errors_on_FLUX/round_2/3_bessy3_56m_PGM_2Perc_coupling_errors_on_FLUX.rml
2024-12-17 09:42:53,102 - INFO - Prepared sim number: 4: RAYPy_Simulation_bessy3_56m_PGM_2Perc_coupling_errors_on_FLUX/round_2/4_bessy3_56m_PGM_2Perc_coupling_errors_on_FLUX.rml
2024-12-17 09:42:53,111 - INFO - Prepared sim number: 5: RAYPy_Simulation_bessy3_56m_PGM_2Perc_coupling_errors_on_FLUX/round_2/5_bessy3_56m_PGM_2Perc_coupling_errors_on_FLUX.rml
2024-12-17 09:42:53,125 - INFO - Prepared sim number: 6: RAYPy_Simulation_bessy3_56m_PGM_2Perc_coupling_errors_on_FLUX/round_2/6_bessy3_56m_PGM_2Perc_coupling_errors_on_FLUX.rml
2024-12-17 09:42:53,156 - INFO - Prepared sim number: 7: RAYPy_Simulation_bessy3_56m_PGM_2Perc_coupling_errors_on_FLUX/round_2/7_bessy3_56m_PGM_2Perc_coupling_errors_on_FLUX.rml
2024-12-17 09:42:53,174 - INFO - Prepared sim number: 8: RAYPy_Simulation_bessy3_56m_PGM_2Perc_coupling_errors_on_FLUX/round_2/8_bessy3_56m_PGM_2Perc_coupling_errors_on_FLUX.rml
2024-12-17 09:42:53,190 - INFO - Prepared sim number: 9: RAYPy_Simulation_bessy3_56m_PGM_2Perc_coupling_errors_on_FLUX/round_2/9_bessy3_56m_PGM_2Perc_coupling_errors_on_FLUX.rml
2024-12-17 09:42:53,203 - INFO - Prepared sim number: 10: RAYPy_Simulation_bessy3_56m_PGM_2Perc_coupling_errors_on_FLUX/round_2/10_bessy3_56m_PGM_2Perc_coupling_errors_on_FLUX.rml
2024-12-17 09:42:53,214 - INFO - Prepared sim number: 11: RAYPy_Simulation_bessy3_56m_PGM_2Perc_coupling_errors_on_FLUX/round_2/11_bessy3_56m_PGM_2Perc_coupling_errors_on_FLUX.rml
2024-12-17 09:42:53,228 - INFO - Prepared sim number: 12: RAYPy_Simulation_bessy3_56m_PGM_2Perc_coupling_errors_on_FLUX/round_2/12_bessy3_56m_PGM_2Perc_coupling_errors_on_FLUX.rml
2024-12-17 09:42:53,242 - INFO - Prepared sim number: 13: RAYPy_Simulation_bessy3_56m_PGM_2Perc_coupling_errors_on_FLUX/round_2/13_bessy3_56m_PGM_2Perc_coupling_errors_on_FLUX.rml
2024-12-17 09:42:53,256 - INFO - Prepared sim number: 14: RAYPy_Simulation_bessy3_56m_PGM_2Perc_coupling_errors_on_FLUX/round_2/14_bessy3_56m_PGM_2Perc_coupling_errors_on_FLUX.rml
2024-12-17 09:42:53,269 - INFO - Prepared sim number: 15: RAYPy_Simulation_bessy3_56m_PGM_2Perc_coupling_errors_on_FLUX/round_2/15_bessy3_56m_PGM_2Perc_coupling_errors_on_FLUX.rml
2024-12-17 09:42:53,282 - INFO - Prepared sim number: 16: RAYPy_Simulation_bessy3_56m_PGM_2Perc_coupling_errors_on_FLUX/round_2/16_bessy3_56m_PGM_2Perc_coupling_errors_on_FLUX.rml
2024-12-17 09:42:53,292 - INFO - Prepared sim number: 17: RAYPy_Simulation_bessy3_56m_PGM_2Perc_coupling_errors_on_FLUX/round_2/17_bessy3_56m_PGM_2Perc_coupling_errors_on_FLUX.rml
2024-12-17 09:42:53,303 - INFO - Prepared sim number: 18: RAYPy_Simulation_bessy3_56m_PGM_2Perc_coupling_errors_on_FLUX/round_2/18_bessy3_56m_PGM_2Perc_coupling_errors_on_FLUX.rml
2024-12-17 09:42:53,314 - INFO - Prepared sim number: 19: RAYPy_Simulation_bessy3_56m_PGM_2Perc_coupling_errors_on_FLUX/round_2/19_bessy3_56m_PGM_2Perc_coupling_errors_on_FLUX.rml
2024-12-17 09:42:53,327 - INFO - Prepared sim number: 20: RAYPy_Simulation_bessy3_56m_PGM_2Perc_coupling_errors_on_FLUX/round_2/20_bessy3_56m_PGM_2Perc_coupling_errors_on_FLUX.rml
2024-12-17 09:42:53,340 - INFO - Prepared sim number: 21: RAYPy_Simulation_bessy3_56m_PGM_2Perc_coupling_errors_on_FLUX/round_2/21_bessy3_56m_PGM_2Perc_coupling_errors_on_FLUX.rml
2024-12-17 09:42:53,352 - INFO - Prepared sim number: 22: RAYPy_Simulation_bessy3_56m_PGM_2Perc_coupling_errors_on_FLUX/round_2/22_bessy3_56m_PGM_2Perc_coupling_errors_on_FLUX.rml
2024-12-17 09:42:53,363 - INFO - Prepared sim number: 23: RAYPy_Simulation_bessy3_56m_PGM_2Perc_coupling_errors_on_FLUX/round_2/23_bessy3_56m_PGM_2Perc_coupling_errors_on_FLUX.rml
2024-12-17 09:42:53,376 - INFO - Prepared sim number: 24: RAYPy_Simulation_bessy3_56m_PGM_2Perc_coupling_errors_on_FLUX/round_2/24_bessy3_56m_PGM_2Perc_coupling_errors_on_FLUX.rml
2024-12-17 09:42:53,385 - INFO - Prepared sim number: 25: RAYPy_Simulation_bessy3_56m_PGM_2Perc_coupling_errors_on_FLUX/round_2/25_bessy3_56m_PGM_2Perc_coupling_errors_on_FLUX.rml
2024-12-17 09:42:53,394 - INFO - Prepared sim number: 26: RAYPy_Simulation_bessy3_56m_PGM_2Perc_coupling_errors_on_FLUX/round_2/26_bessy3_56m_PGM_2Perc_coupling_errors_on_FLUX.rml
2024-12-17 09:42:53,406 - INFO - Prepared sim number: 27: RAYPy_Simulation_bessy3_56m_PGM_2Perc_coupling_errors_on_FLUX/round_2/27_bessy3_56m_PGM_2Perc_coupling_errors_on_FLUX.rml
2024-12-17 09:42:53,418 - INFO - Prepared sim number: 28: RAYPy_Simulation_bessy3_56m_PGM_2Perc_coupling_errors_on_FLUX/round_2/28_bessy3_56m_PGM_2Perc_coupling_errors_on_FLUX.rml
2024-12-17 09:42:53,430 - INFO - Prepared sim number: 29: RAYPy_Simulation_bessy3_56m_PGM_2Perc_coupling_errors_on_FLUX/round_2/29_bessy3_56m_PGM_2Perc_coupling_errors_on_FLUX.rml
2024-12-17 09:42:53,440 - INFO - Prepared sim number: 30: RAYPy_Simulation_bessy3_56m_PGM_2Perc_coupling_errors_on_FLUX/round_2/30_bessy3_56m_PGM_2Perc_coupling_errors_on_FLUX.rml
2024-12-17 09:42:53,450 - INFO - Prepared sim number: 31: RAYPy_Simulation_bessy3_56m_PGM_2Perc_coupling_errors_on_FLUX/round_2/31_bessy3_56m_PGM_2Perc_coupling_errors_on_FLUX.rml
2024-12-17 09:42:53,461 - INFO - Prepared sim number: 32: RAYPy_Simulation_bessy3_56m_PGM_2Perc_coupling_errors_on_FLUX/round_2/32_bessy3_56m_PGM_2Perc_coupling_errors_on_FLUX.rml
2024-12-17 09:42:53,471 - INFO - Prepared sim number: 33: RAYPy_Simulation_bessy3_56m_PGM_2Perc_coupling_errors_on_FLUX/round_2/33_bessy3_56m_PGM_2Perc_coupling_errors_on_FLUX.rml
2024-12-17 09:42:53,482 - INFO - Prepared sim number: 34: RAYPy_Simulation_bessy3_56m_PGM_2Perc_coupling_errors_on_FLUX/round_2/34_bessy3_56m_PGM_2Perc_coupling_errors_on_FLUX.rml
2024-12-17 09:42:53,493 - INFO - Prepared sim number: 35: RAYPy_Simulation_bessy3_56m_PGM_2Perc_coupling_errors_on_FLUX/round_2/35_bessy3_56m_PGM_2Perc_coupling_errors_on_FLUX.rml
2024-12-17 09:42:53,494 - INFO - Waiting for batch number: 1, timeout: 111.64659575621288s
2024-12-17 09:43:09,141 - INFO - Completed: 1, remaining: 59, RAYPy_Simulation_bessy3_56m_PGM_2Perc_coupling_errors_on_FLUX/round_1/18_bessy3_56m_PGM_2Perc_coupling_errors_on_FLUX.rml
2024-12-17 09:43:09,461 - INFO - Completed: 2, remaining: 58, RAYPy_Simulation_bessy3_56m_PGM_2Perc_coupling_errors_on_FLUX/round_1/21_bessy3_56m_PGM_2Perc_coupling_errors_on_FLUX.rml
2024-12-17 09:43:09,606 - INFO - Completed: 3, remaining: 57, RAYPy_Simulation_bessy3_56m_PGM_2Perc_coupling_errors_on_FLUX/round_1/23_bessy3_56m_PGM_2Perc_coupling_errors_on_FLUX.rml
2024-12-17 09:43:09,826 - INFO - Completed: 4, remaining: 56, RAYPy_Simulation_bessy3_56m_PGM_2Perc_coupling_errors_on_FLUX/round_1/19_bessy3_56m_PGM_2Perc_coupling_errors_on_FLUX.rml
2024-12-17 09:43:10,228 - INFO - Completed: 5, remaining: 55, RAYPy_Simulation_bessy3_56m_PGM_2Perc_coupling_errors_on_FLUX/round_1/20_bessy3_56m_PGM_2Perc_coupling_errors_on_FLUX.rml
2024-12-17 09:43:13,191 - INFO - Completed: 6, remaining: 54, RAYPy_Simulation_bessy3_56m_PGM_2Perc_coupling_errors_on_FLUX/round_1/22_bessy3_56m_PGM_2Perc_coupling_errors_on_FLUX.rml
2024-12-17 09:43:14,520 - INFO - Completed: 7, remaining: 53, RAYPy_Simulation_bessy3_56m_PGM_2Perc_coupling_errors_on_FLUX/round_1/25_bessy3_56m_PGM_2Perc_coupling_errors_on_FLUX.rml
2024-12-17 09:43:14,866 - INFO - Completed: 8, remaining: 52, RAYPy_Simulation_bessy3_56m_PGM_2Perc_coupling_errors_on_FLUX/round_1/24_bessy3_56m_PGM_2Perc_coupling_errors_on_FLUX.rml
2024-12-17 09:43:14,926 - INFO - Completed: 9, remaining: 51, RAYPy_Simulation_bessy3_56m_PGM_2Perc_coupling_errors_on_FLUX/round_1/26_bessy3_56m_PGM_2Perc_coupling_errors_on_FLUX.rml
2024-12-17 09:43:15,215 - INFO - Completed: 10, remaining: 50, RAYPy_Simulation_bessy3_56m_PGM_2Perc_coupling_errors_on_FLUX/round_1/28_bessy3_56m_PGM_2Perc_coupling_errors_on_FLUX.rml
2024-12-17 09:43:15,323 - INFO - Completed: 11, remaining: 49, RAYPy_Simulation_bessy3_56m_PGM_2Perc_coupling_errors_on_FLUX/round_1/27_bessy3_56m_PGM_2Perc_coupling_errors_on_FLUX.rml
2024-12-17 09:43:15,912 - INFO - Completed: 12, remaining: 48, RAYPy_Simulation_bessy3_56m_PGM_2Perc_coupling_errors_on_FLUX/round_1/29_bessy3_56m_PGM_2Perc_coupling_errors_on_FLUX.rml
2024-12-17 09:43:29,797 - INFO - Completed: 13, remaining: 47, RAYPy_Simulation_bessy3_56m_PGM_2Perc_coupling_errors_on_FLUX/round_1/30_bessy3_56m_PGM_2Perc_coupling_errors_on_FLUX.rml
2024-12-17 09:43:29,907 - INFO - Completed: 14, remaining: 46, RAYPy_Simulation_bessy3_56m_PGM_2Perc_coupling_errors_on_FLUX/round_1/33_bessy3_56m_PGM_2Perc_coupling_errors_on_FLUX.rml
2024-12-17 09:43:30,110 - INFO - Completed: 15, remaining: 45, RAYPy_Simulation_bessy3_56m_PGM_2Perc_coupling_errors_on_FLUX/round_1/31_bessy3_56m_PGM_2Perc_coupling_errors_on_FLUX.rml
2024-12-17 09:43:30,115 - INFO - Completed: 16, remaining: 44, RAYPy_Simulation_bessy3_56m_PGM_2Perc_coupling_errors_on_FLUX/round_1/32_bessy3_56m_PGM_2Perc_coupling_errors_on_FLUX.rml
2024-12-17 09:43:30,255 - INFO - Completed: 17, remaining: 43, RAYPy_Simulation_bessy3_56m_PGM_2Perc_coupling_errors_on_FLUX/round_1/34_bessy3_56m_PGM_2Perc_coupling_errors_on_FLUX.rml
2024-12-17 09:43:34,112 - INFO - Completed: 18, remaining: 42, RAYPy_Simulation_bessy3_56m_PGM_2Perc_coupling_errors_on_FLUX/round_1/35_bessy3_56m_PGM_2Perc_coupling_errors_on_FLUX.rml
2024-12-17 09:43:34,582 - INFO - Completed: 19, remaining: 41, RAYPy_Simulation_bessy3_56m_PGM_2Perc_coupling_errors_on_FLUX/round_1/36_bessy3_56m_PGM_2Perc_coupling_errors_on_FLUX.rml
2024-12-17 09:43:34,854 - INFO - Completed: 20, remaining: 40, RAYPy_Simulation_bessy3_56m_PGM_2Perc_coupling_errors_on_FLUX/round_1/38_bessy3_56m_PGM_2Perc_coupling_errors_on_FLUX.rml
2024-12-17 09:43:35,111 - INFO - Completed: 21, remaining: 39, RAYPy_Simulation_bessy3_56m_PGM_2Perc_coupling_errors_on_FLUX/round_1/39_bessy3_56m_PGM_2Perc_coupling_errors_on_FLUX.rml
2024-12-17 09:43:35,232 - INFO - Completed: 22, remaining: 38, RAYPy_Simulation_bessy3_56m_PGM_2Perc_coupling_errors_on_FLUX/round_1/40_bessy3_56m_PGM_2Perc_coupling_errors_on_FLUX.rml
2024-12-17 09:43:35,326 - INFO - Completed: 23, remaining: 37, RAYPy_Simulation_bessy3_56m_PGM_2Perc_coupling_errors_on_FLUX/round_1/41_bessy3_56m_PGM_2Perc_coupling_errors_on_FLUX.rml
2024-12-17 09:43:35,394 - INFO - Completed: 24, remaining: 36, RAYPy_Simulation_bessy3_56m_PGM_2Perc_coupling_errors_on_FLUX/round_1/37_bessy3_56m_PGM_2Perc_coupling_errors_on_FLUX.rml
2024-12-17 09:43:46,542 - INFO - Completed: 25, remaining: 35, RAYPy_Simulation_bessy3_56m_PGM_2Perc_coupling_errors_on_FLUX/round_2/0_bessy3_56m_PGM_2Perc_coupling_errors_on_FLUX.rml
2024-12-17 09:43:47,093 - INFO - Completed: 26, remaining: 34, RAYPy_Simulation_bessy3_56m_PGM_2Perc_coupling_errors_on_FLUX/round_2/1_bessy3_56m_PGM_2Perc_coupling_errors_on_FLUX.rml
2024-12-17 09:43:47,193 - INFO - Completed: 27, remaining: 33, RAYPy_Simulation_bessy3_56m_PGM_2Perc_coupling_errors_on_FLUX/round_2/3_bessy3_56m_PGM_2Perc_coupling_errors_on_FLUX.rml
2024-12-17 09:43:47,213 - INFO - Completed: 28, remaining: 32, RAYPy_Simulation_bessy3_56m_PGM_2Perc_coupling_errors_on_FLUX/round_2/4_bessy3_56m_PGM_2Perc_coupling_errors_on_FLUX.rml
2024-12-17 09:43:47,386 - INFO - Completed: 29, remaining: 31, RAYPy_Simulation_bessy3_56m_PGM_2Perc_coupling_errors_on_FLUX/round_2/2_bessy3_56m_PGM_2Perc_coupling_errors_on_FLUX.rml
2024-12-17 09:43:51,061 - INFO - Completed: 30, remaining: 30, RAYPy_Simulation_bessy3_56m_PGM_2Perc_coupling_errors_on_FLUX/round_2/5_bessy3_56m_PGM_2Perc_coupling_errors_on_FLUX.rml
2024-12-17 09:43:51,140 - INFO - Completed: 31, remaining: 29, RAYPy_Simulation_bessy3_56m_PGM_2Perc_coupling_errors_on_FLUX/round_2/6_bessy3_56m_PGM_2Perc_coupling_errors_on_FLUX.rml
2024-12-17 09:43:51,552 - INFO - Completed: 32, remaining: 28, RAYPy_Simulation_bessy3_56m_PGM_2Perc_coupling_errors_on_FLUX/round_2/7_bessy3_56m_PGM_2Perc_coupling_errors_on_FLUX.rml
2024-12-17 09:43:51,661 - INFO - Completed: 33, remaining: 27, RAYPy_Simulation_bessy3_56m_PGM_2Perc_coupling_errors_on_FLUX/round_2/8_bessy3_56m_PGM_2Perc_coupling_errors_on_FLUX.rml
2024-12-17 09:43:51,897 - INFO - Completed: 34, remaining: 26, RAYPy_Simulation_bessy3_56m_PGM_2Perc_coupling_errors_on_FLUX/round_2/9_bessy3_56m_PGM_2Perc_coupling_errors_on_FLUX.rml
2024-12-17 09:43:52,286 - INFO - Completed: 35, remaining: 25, RAYPy_Simulation_bessy3_56m_PGM_2Perc_coupling_errors_on_FLUX/round_2/10_bessy3_56m_PGM_2Perc_coupling_errors_on_FLUX.rml
2024-12-17 09:43:52,341 - INFO - Completed: 36, remaining: 24, RAYPy_Simulation_bessy3_56m_PGM_2Perc_coupling_errors_on_FLUX/round_2/11_bessy3_56m_PGM_2Perc_coupling_errors_on_FLUX.rml
2024-12-17 09:44:01,927 - INFO - Completed: 37, remaining: 23, RAYPy_Simulation_bessy3_56m_PGM_2Perc_coupling_errors_on_FLUX/round_2/12_bessy3_56m_PGM_2Perc_coupling_errors_on_FLUX.rml
2024-12-17 09:44:02,609 - INFO - Completed: 38, remaining: 22, RAYPy_Simulation_bessy3_56m_PGM_2Perc_coupling_errors_on_FLUX/round_2/15_bessy3_56m_PGM_2Perc_coupling_errors_on_FLUX.rml
2024-12-17 09:44:02,660 - INFO - Completed: 39, remaining: 21, RAYPy_Simulation_bessy3_56m_PGM_2Perc_coupling_errors_on_FLUX/round_2/13_bessy3_56m_PGM_2Perc_coupling_errors_on_FLUX.rml
2024-12-17 09:44:02,868 - INFO - Completed: 40, remaining: 20, RAYPy_Simulation_bessy3_56m_PGM_2Perc_coupling_errors_on_FLUX/round_2/14_bessy3_56m_PGM_2Perc_coupling_errors_on_FLUX.rml
2024-12-17 09:44:03,536 - INFO - Completed: 41, remaining: 19, RAYPy_Simulation_bessy3_56m_PGM_2Perc_coupling_errors_on_FLUX/round_2/16_bessy3_56m_PGM_2Perc_coupling_errors_on_FLUX.rml
2024-12-17 09:44:07,615 - INFO - Completed: 42, remaining: 18, RAYPy_Simulation_bessy3_56m_PGM_2Perc_coupling_errors_on_FLUX/round_2/18_bessy3_56m_PGM_2Perc_coupling_errors_on_FLUX.rml
2024-12-17 09:44:07,633 - INFO - Completed: 43, remaining: 17, RAYPy_Simulation_bessy3_56m_PGM_2Perc_coupling_errors_on_FLUX/round_2/17_bessy3_56m_PGM_2Perc_coupling_errors_on_FLUX.rml
2024-12-17 09:44:08,188 - INFO - Completed: 44, remaining: 16, RAYPy_Simulation_bessy3_56m_PGM_2Perc_coupling_errors_on_FLUX/round_2/19_bessy3_56m_PGM_2Perc_coupling_errors_on_FLUX.rml
2024-12-17 09:44:08,284 - INFO - Completed: 45, remaining: 15, RAYPy_Simulation_bessy3_56m_PGM_2Perc_coupling_errors_on_FLUX/round_2/20_bessy3_56m_PGM_2Perc_coupling_errors_on_FLUX.rml
2024-12-17 09:44:08,297 - INFO - Completed: 46, remaining: 14, RAYPy_Simulation_bessy3_56m_PGM_2Perc_coupling_errors_on_FLUX/round_2/21_bessy3_56m_PGM_2Perc_coupling_errors_on_FLUX.rml
2024-12-17 09:44:08,755 - INFO - Completed: 47, remaining: 13, RAYPy_Simulation_bessy3_56m_PGM_2Perc_coupling_errors_on_FLUX/round_2/22_bessy3_56m_PGM_2Perc_coupling_errors_on_FLUX.rml
2024-12-17 09:44:09,487 - INFO - Completed: 48, remaining: 12, RAYPy_Simulation_bessy3_56m_PGM_2Perc_coupling_errors_on_FLUX/round_2/23_bessy3_56m_PGM_2Perc_coupling_errors_on_FLUX.rml
2024-12-17 09:44:17,301 - INFO - Completed: 49, remaining: 11, RAYPy_Simulation_bessy3_56m_PGM_2Perc_coupling_errors_on_FLUX/round_2/24_bessy3_56m_PGM_2Perc_coupling_errors_on_FLUX.rml
2024-12-17 09:44:17,999 - INFO - Completed: 50, remaining: 10, RAYPy_Simulation_bessy3_56m_PGM_2Perc_coupling_errors_on_FLUX/round_2/25_bessy3_56m_PGM_2Perc_coupling_errors_on_FLUX.rml
2024-12-17 09:44:18,107 - INFO - Completed: 51, remaining: 9, RAYPy_Simulation_bessy3_56m_PGM_2Perc_coupling_errors_on_FLUX/round_2/26_bessy3_56m_PGM_2Perc_coupling_errors_on_FLUX.rml
2024-12-17 09:44:18,423 - INFO - Completed: 52, remaining: 8, RAYPy_Simulation_bessy3_56m_PGM_2Perc_coupling_errors_on_FLUX/round_2/27_bessy3_56m_PGM_2Perc_coupling_errors_on_FLUX.rml
2024-12-17 09:44:18,591 - INFO - Completed: 53, remaining: 7, RAYPy_Simulation_bessy3_56m_PGM_2Perc_coupling_errors_on_FLUX/round_2/28_bessy3_56m_PGM_2Perc_coupling_errors_on_FLUX.rml
2024-12-17 09:44:21,675 - INFO - Completed: 54, remaining: 6, RAYPy_Simulation_bessy3_56m_PGM_2Perc_coupling_errors_on_FLUX/round_2/30_bessy3_56m_PGM_2Perc_coupling_errors_on_FLUX.rml
2024-12-17 09:44:22,072 - INFO - Completed: 55, remaining: 5, RAYPy_Simulation_bessy3_56m_PGM_2Perc_coupling_errors_on_FLUX/round_2/31_bessy3_56m_PGM_2Perc_coupling_errors_on_FLUX.rml
2024-12-17 09:44:22,185 - INFO - Completed: 56, remaining: 4, RAYPy_Simulation_bessy3_56m_PGM_2Perc_coupling_errors_on_FLUX/round_2/33_bessy3_56m_PGM_2Perc_coupling_errors_on_FLUX.rml
2024-12-17 09:44:22,300 - INFO - Completed: 57, remaining: 3, RAYPy_Simulation_bessy3_56m_PGM_2Perc_coupling_errors_on_FLUX/round_2/34_bessy3_56m_PGM_2Perc_coupling_errors_on_FLUX.rml
2024-12-17 09:44:22,361 - INFO - Completed: 58, remaining: 2, RAYPy_Simulation_bessy3_56m_PGM_2Perc_coupling_errors_on_FLUX/round_2/32_bessy3_56m_PGM_2Perc_coupling_errors_on_FLUX.rml
2024-12-17 09:44:22,459 - INFO - Completed: 59, remaining: 1, RAYPy_Simulation_bessy3_56m_PGM_2Perc_coupling_errors_on_FLUX/round_2/29_bessy3_56m_PGM_2Perc_coupling_errors_on_FLUX.rml
2024-12-17 09:44:22,616 - INFO - Completed: 60, remaining: 0, RAYPy_Simulation_bessy3_56m_PGM_2Perc_coupling_errors_on_FLUX/round_2/35_bessy3_56m_PGM_2Perc_coupling_errors_on_FLUX.rml
2024-12-17 09:44:22,616 - INFO - Batch Completed
2024-12-17 09:44:22,616 - INFO - Waiting For batch, 60 simulations to go
2024-12-17 09:44:22,622 - INFO - Prepared sim number: 36: RAYPy_Simulation_bessy3_56m_PGM_2Perc_coupling_errors_on_FLUX/round_2/36_bessy3_56m_PGM_2Perc_coupling_errors_on_FLUX.rml
2024-12-17 09:44:22,627 - INFO - Prepared sim number: 37: RAYPy_Simulation_bessy3_56m_PGM_2Perc_coupling_errors_on_FLUX/round_2/37_bessy3_56m_PGM_2Perc_coupling_errors_on_FLUX.rml
2024-12-17 09:44:22,635 - INFO - Prepared sim number: 38: RAYPy_Simulation_bessy3_56m_PGM_2Perc_coupling_errors_on_FLUX/round_2/38_bessy3_56m_PGM_2Perc_coupling_errors_on_FLUX.rml
2024-12-17 09:44:22,641 - INFO - Prepared sim number: 39: RAYPy_Simulation_bessy3_56m_PGM_2Perc_coupling_errors_on_FLUX/round_2/39_bessy3_56m_PGM_2Perc_coupling_errors_on_FLUX.rml
2024-12-17 09:44:22,649 - INFO - Prepared sim number: 40: RAYPy_Simulation_bessy3_56m_PGM_2Perc_coupling_errors_on_FLUX/round_2/40_bessy3_56m_PGM_2Perc_coupling_errors_on_FLUX.rml
2024-12-17 09:44:22,654 - INFO - Prepared sim number: 41: RAYPy_Simulation_bessy3_56m_PGM_2Perc_coupling_errors_on_FLUX/round_2/41_bessy3_56m_PGM_2Perc_coupling_errors_on_FLUX.rml
2024-12-17 09:44:22,655 - INFO - Start round 3
2024-12-17 09:44:22,660 - INFO - Prepared sim number: 0: RAYPy_Simulation_bessy3_56m_PGM_2Perc_coupling_errors_on_FLUX/round_3/0_bessy3_56m_PGM_2Perc_coupling_errors_on_FLUX.rml
2024-12-17 09:44:22,665 - INFO - Prepared sim number: 1: RAYPy_Simulation_bessy3_56m_PGM_2Perc_coupling_errors_on_FLUX/round_3/1_bessy3_56m_PGM_2Perc_coupling_errors_on_FLUX.rml
2024-12-17 09:44:22,669 - INFO - Prepared sim number: 2: RAYPy_Simulation_bessy3_56m_PGM_2Perc_coupling_errors_on_FLUX/round_3/2_bessy3_56m_PGM_2Perc_coupling_errors_on_FLUX.rml
2024-12-17 09:44:22,674 - INFO - Prepared sim number: 3: RAYPy_Simulation_bessy3_56m_PGM_2Perc_coupling_errors_on_FLUX/round_3/3_bessy3_56m_PGM_2Perc_coupling_errors_on_FLUX.rml
2024-12-17 09:44:22,678 - INFO - Prepared sim number: 4: RAYPy_Simulation_bessy3_56m_PGM_2Perc_coupling_errors_on_FLUX/round_3/4_bessy3_56m_PGM_2Perc_coupling_errors_on_FLUX.rml
2024-12-17 09:44:22,682 - INFO - Prepared sim number: 5: RAYPy_Simulation_bessy3_56m_PGM_2Perc_coupling_errors_on_FLUX/round_3/5_bessy3_56m_PGM_2Perc_coupling_errors_on_FLUX.rml
2024-12-17 09:44:22,687 - INFO - Prepared sim number: 6: RAYPy_Simulation_bessy3_56m_PGM_2Perc_coupling_errors_on_FLUX/round_3/6_bessy3_56m_PGM_2Perc_coupling_errors_on_FLUX.rml
2024-12-17 09:44:22,692 - INFO - Prepared sim number: 7: RAYPy_Simulation_bessy3_56m_PGM_2Perc_coupling_errors_on_FLUX/round_3/7_bessy3_56m_PGM_2Perc_coupling_errors_on_FLUX.rml
2024-12-17 09:44:22,696 - INFO - Prepared sim number: 8: RAYPy_Simulation_bessy3_56m_PGM_2Perc_coupling_errors_on_FLUX/round_3/8_bessy3_56m_PGM_2Perc_coupling_errors_on_FLUX.rml
2024-12-17 09:44:22,700 - INFO - Prepared sim number: 9: RAYPy_Simulation_bessy3_56m_PGM_2Perc_coupling_errors_on_FLUX/round_3/9_bessy3_56m_PGM_2Perc_coupling_errors_on_FLUX.rml
2024-12-17 09:44:22,704 - INFO - Prepared sim number: 10: RAYPy_Simulation_bessy3_56m_PGM_2Perc_coupling_errors_on_FLUX/round_3/10_bessy3_56m_PGM_2Perc_coupling_errors_on_FLUX.rml
2024-12-17 09:44:22,708 - INFO - Prepared sim number: 11: RAYPy_Simulation_bessy3_56m_PGM_2Perc_coupling_errors_on_FLUX/round_3/11_bessy3_56m_PGM_2Perc_coupling_errors_on_FLUX.rml
2024-12-17 09:44:22,713 - INFO - Prepared sim number: 12: RAYPy_Simulation_bessy3_56m_PGM_2Perc_coupling_errors_on_FLUX/round_3/12_bessy3_56m_PGM_2Perc_coupling_errors_on_FLUX.rml
2024-12-17 09:44:22,718 - INFO - Prepared sim number: 13: RAYPy_Simulation_bessy3_56m_PGM_2Perc_coupling_errors_on_FLUX/round_3/13_bessy3_56m_PGM_2Perc_coupling_errors_on_FLUX.rml
2024-12-17 09:44:22,722 - INFO - Prepared sim number: 14: RAYPy_Simulation_bessy3_56m_PGM_2Perc_coupling_errors_on_FLUX/round_3/14_bessy3_56m_PGM_2Perc_coupling_errors_on_FLUX.rml
2024-12-17 09:44:22,726 - INFO - Prepared sim number: 15: RAYPy_Simulation_bessy3_56m_PGM_2Perc_coupling_errors_on_FLUX/round_3/15_bessy3_56m_PGM_2Perc_coupling_errors_on_FLUX.rml
2024-12-17 09:44:22,730 - INFO - Prepared sim number: 16: RAYPy_Simulation_bessy3_56m_PGM_2Perc_coupling_errors_on_FLUX/round_3/16_bessy3_56m_PGM_2Perc_coupling_errors_on_FLUX.rml
2024-12-17 09:44:22,734 - INFO - Prepared sim number: 17: RAYPy_Simulation_bessy3_56m_PGM_2Perc_coupling_errors_on_FLUX/round_3/17_bessy3_56m_PGM_2Perc_coupling_errors_on_FLUX.rml
2024-12-17 09:44:22,738 - INFO - Prepared sim number: 18: RAYPy_Simulation_bessy3_56m_PGM_2Perc_coupling_errors_on_FLUX/round_3/18_bessy3_56m_PGM_2Perc_coupling_errors_on_FLUX.rml
2024-12-17 09:44:22,742 - INFO - Prepared sim number: 19: RAYPy_Simulation_bessy3_56m_PGM_2Perc_coupling_errors_on_FLUX/round_3/19_bessy3_56m_PGM_2Perc_coupling_errors_on_FLUX.rml
2024-12-17 09:44:22,746 - INFO - Prepared sim number: 20: RAYPy_Simulation_bessy3_56m_PGM_2Perc_coupling_errors_on_FLUX/round_3/20_bessy3_56m_PGM_2Perc_coupling_errors_on_FLUX.rml
2024-12-17 09:44:22,752 - INFO - Prepared sim number: 21: RAYPy_Simulation_bessy3_56m_PGM_2Perc_coupling_errors_on_FLUX/round_3/21_bessy3_56m_PGM_2Perc_coupling_errors_on_FLUX.rml
2024-12-17 09:44:22,756 - INFO - Prepared sim number: 22: RAYPy_Simulation_bessy3_56m_PGM_2Perc_coupling_errors_on_FLUX/round_3/22_bessy3_56m_PGM_2Perc_coupling_errors_on_FLUX.rml
2024-12-17 09:44:22,761 - INFO - Prepared sim number: 23: RAYPy_Simulation_bessy3_56m_PGM_2Perc_coupling_errors_on_FLUX/round_3/23_bessy3_56m_PGM_2Perc_coupling_errors_on_FLUX.rml
2024-12-17 09:44:22,765 - INFO - Prepared sim number: 24: RAYPy_Simulation_bessy3_56m_PGM_2Perc_coupling_errors_on_FLUX/round_3/24_bessy3_56m_PGM_2Perc_coupling_errors_on_FLUX.rml
2024-12-17 09:44:22,768 - INFO - Prepared sim number: 25: RAYPy_Simulation_bessy3_56m_PGM_2Perc_coupling_errors_on_FLUX/round_3/25_bessy3_56m_PGM_2Perc_coupling_errors_on_FLUX.rml
2024-12-17 09:44:22,773 - INFO - Prepared sim number: 26: RAYPy_Simulation_bessy3_56m_PGM_2Perc_coupling_errors_on_FLUX/round_3/26_bessy3_56m_PGM_2Perc_coupling_errors_on_FLUX.rml
2024-12-17 09:44:22,776 - INFO - Prepared sim number: 27: RAYPy_Simulation_bessy3_56m_PGM_2Perc_coupling_errors_on_FLUX/round_3/27_bessy3_56m_PGM_2Perc_coupling_errors_on_FLUX.rml
2024-12-17 09:44:22,781 - INFO - Prepared sim number: 28: RAYPy_Simulation_bessy3_56m_PGM_2Perc_coupling_errors_on_FLUX/round_3/28_bessy3_56m_PGM_2Perc_coupling_errors_on_FLUX.rml
2024-12-17 09:44:22,785 - INFO - Prepared sim number: 29: RAYPy_Simulation_bessy3_56m_PGM_2Perc_coupling_errors_on_FLUX/round_3/29_bessy3_56m_PGM_2Perc_coupling_errors_on_FLUX.rml
2024-12-17 09:44:22,789 - INFO - Prepared sim number: 30: RAYPy_Simulation_bessy3_56m_PGM_2Perc_coupling_errors_on_FLUX/round_3/30_bessy3_56m_PGM_2Perc_coupling_errors_on_FLUX.rml
2024-12-17 09:44:22,793 - INFO - Prepared sim number: 31: RAYPy_Simulation_bessy3_56m_PGM_2Perc_coupling_errors_on_FLUX/round_3/31_bessy3_56m_PGM_2Perc_coupling_errors_on_FLUX.rml
2024-12-17 09:44:22,796 - INFO - Prepared sim number: 32: RAYPy_Simulation_bessy3_56m_PGM_2Perc_coupling_errors_on_FLUX/round_3/32_bessy3_56m_PGM_2Perc_coupling_errors_on_FLUX.rml
2024-12-17 09:44:22,800 - INFO - Prepared sim number: 33: RAYPy_Simulation_bessy3_56m_PGM_2Perc_coupling_errors_on_FLUX/round_3/33_bessy3_56m_PGM_2Perc_coupling_errors_on_FLUX.rml
2024-12-17 09:44:22,804 - INFO - Prepared sim number: 34: RAYPy_Simulation_bessy3_56m_PGM_2Perc_coupling_errors_on_FLUX/round_3/34_bessy3_56m_PGM_2Perc_coupling_errors_on_FLUX.rml
2024-12-17 09:44:22,808 - INFO - Prepared sim number: 35: RAYPy_Simulation_bessy3_56m_PGM_2Perc_coupling_errors_on_FLUX/round_3/35_bessy3_56m_PGM_2Perc_coupling_errors_on_FLUX.rml
2024-12-17 09:44:22,812 - INFO - Prepared sim number: 36: RAYPy_Simulation_bessy3_56m_PGM_2Perc_coupling_errors_on_FLUX/round_3/36_bessy3_56m_PGM_2Perc_coupling_errors_on_FLUX.rml
2024-12-17 09:44:22,817 - INFO - Prepared sim number: 37: RAYPy_Simulation_bessy3_56m_PGM_2Perc_coupling_errors_on_FLUX/round_3/37_bessy3_56m_PGM_2Perc_coupling_errors_on_FLUX.rml
2024-12-17 09:44:22,821 - INFO - Prepared sim number: 38: RAYPy_Simulation_bessy3_56m_PGM_2Perc_coupling_errors_on_FLUX/round_3/38_bessy3_56m_PGM_2Perc_coupling_errors_on_FLUX.rml
2024-12-17 09:44:22,825 - INFO - Prepared sim number: 39: RAYPy_Simulation_bessy3_56m_PGM_2Perc_coupling_errors_on_FLUX/round_3/39_bessy3_56m_PGM_2Perc_coupling_errors_on_FLUX.rml
2024-12-17 09:44:22,829 - INFO - Prepared sim number: 40: RAYPy_Simulation_bessy3_56m_PGM_2Perc_coupling_errors_on_FLUX/round_3/40_bessy3_56m_PGM_2Perc_coupling_errors_on_FLUX.rml
2024-12-17 09:44:22,833 - INFO - Prepared sim number: 41: RAYPy_Simulation_bessy3_56m_PGM_2Perc_coupling_errors_on_FLUX/round_3/41_bessy3_56m_PGM_2Perc_coupling_errors_on_FLUX.rml
2024-12-17 09:44:22,833 - INFO - Start round 4
2024-12-17 09:44:22,837 - INFO - Prepared sim number: 0: RAYPy_Simulation_bessy3_56m_PGM_2Perc_coupling_errors_on_FLUX/round_4/0_bessy3_56m_PGM_2Perc_coupling_errors_on_FLUX.rml
2024-12-17 09:44:22,842 - INFO - Prepared sim number: 1: RAYPy_Simulation_bessy3_56m_PGM_2Perc_coupling_errors_on_FLUX/round_4/1_bessy3_56m_PGM_2Perc_coupling_errors_on_FLUX.rml
2024-12-17 09:44:22,845 - INFO - Prepared sim number: 2: RAYPy_Simulation_bessy3_56m_PGM_2Perc_coupling_errors_on_FLUX/round_4/2_bessy3_56m_PGM_2Perc_coupling_errors_on_FLUX.rml
2024-12-17 09:44:22,849 - INFO - Prepared sim number: 3: RAYPy_Simulation_bessy3_56m_PGM_2Perc_coupling_errors_on_FLUX/round_4/3_bessy3_56m_PGM_2Perc_coupling_errors_on_FLUX.rml
2024-12-17 09:44:22,854 - INFO - Prepared sim number: 4: RAYPy_Simulation_bessy3_56m_PGM_2Perc_coupling_errors_on_FLUX/round_4/4_bessy3_56m_PGM_2Perc_coupling_errors_on_FLUX.rml
2024-12-17 09:44:22,858 - INFO - Prepared sim number: 5: RAYPy_Simulation_bessy3_56m_PGM_2Perc_coupling_errors_on_FLUX/round_4/5_bessy3_56m_PGM_2Perc_coupling_errors_on_FLUX.rml
2024-12-17 09:44:22,862 - INFO - Prepared sim number: 6: RAYPy_Simulation_bessy3_56m_PGM_2Perc_coupling_errors_on_FLUX/round_4/6_bessy3_56m_PGM_2Perc_coupling_errors_on_FLUX.rml
2024-12-17 09:44:22,866 - INFO - Prepared sim number: 7: RAYPy_Simulation_bessy3_56m_PGM_2Perc_coupling_errors_on_FLUX/round_4/7_bessy3_56m_PGM_2Perc_coupling_errors_on_FLUX.rml
2024-12-17 09:44:22,870 - INFO - Prepared sim number: 8: RAYPy_Simulation_bessy3_56m_PGM_2Perc_coupling_errors_on_FLUX/round_4/8_bessy3_56m_PGM_2Perc_coupling_errors_on_FLUX.rml
2024-12-17 09:44:22,874 - INFO - Prepared sim number: 9: RAYPy_Simulation_bessy3_56m_PGM_2Perc_coupling_errors_on_FLUX/round_4/9_bessy3_56m_PGM_2Perc_coupling_errors_on_FLUX.rml
2024-12-17 09:44:22,878 - INFO - Prepared sim number: 10: RAYPy_Simulation_bessy3_56m_PGM_2Perc_coupling_errors_on_FLUX/round_4/10_bessy3_56m_PGM_2Perc_coupling_errors_on_FLUX.rml
2024-12-17 09:44:22,881 - INFO - Prepared sim number: 11: RAYPy_Simulation_bessy3_56m_PGM_2Perc_coupling_errors_on_FLUX/round_4/11_bessy3_56m_PGM_2Perc_coupling_errors_on_FLUX.rml
2024-12-17 09:44:22,882 - INFO - Waiting for batch number: 2, timeout: 105.91079039871691s
2024-12-17 09:44:37,877 - INFO - Completed: 1, remaining: 59, RAYPy_Simulation_bessy3_56m_PGM_2Perc_coupling_errors_on_FLUX/round_2/41_bessy3_56m_PGM_2Perc_coupling_errors_on_FLUX.rml
2024-12-17 09:44:39,292 - INFO - Completed: 2, remaining: 58, RAYPy_Simulation_bessy3_56m_PGM_2Perc_coupling_errors_on_FLUX/round_3/3_bessy3_56m_PGM_2Perc_coupling_errors_on_FLUX.rml
2024-12-17 09:44:39,481 - INFO - Completed: 3, remaining: 57, RAYPy_Simulation_bessy3_56m_PGM_2Perc_coupling_errors_on_FLUX/round_2/36_bessy3_56m_PGM_2Perc_coupling_errors_on_FLUX.rml
2024-12-17 09:44:39,611 - INFO - Completed: 4, remaining: 56, RAYPy_Simulation_bessy3_56m_PGM_2Perc_coupling_errors_on_FLUX/round_2/39_bessy3_56m_PGM_2Perc_coupling_errors_on_FLUX.rml
2024-12-17 09:44:39,652 - INFO - Completed: 5, remaining: 55, RAYPy_Simulation_bessy3_56m_PGM_2Perc_coupling_errors_on_FLUX/round_3/0_bessy3_56m_PGM_2Perc_coupling_errors_on_FLUX.rml
2024-12-17 09:44:39,818 - INFO - Completed: 6, remaining: 54, RAYPy_Simulation_bessy3_56m_PGM_2Perc_coupling_errors_on_FLUX/round_3/4_bessy3_56m_PGM_2Perc_coupling_errors_on_FLUX.rml
2024-12-17 09:44:39,881 - INFO - Completed: 7, remaining: 53, RAYPy_Simulation_bessy3_56m_PGM_2Perc_coupling_errors_on_FLUX/round_3/1_bessy3_56m_PGM_2Perc_coupling_errors_on_FLUX.rml
2024-12-17 09:44:40,152 - INFO - Completed: 8, remaining: 52, RAYPy_Simulation_bessy3_56m_PGM_2Perc_coupling_errors_on_FLUX/round_3/2_bessy3_56m_PGM_2Perc_coupling_errors_on_FLUX.rml
2024-12-17 09:44:41,133 - INFO - Completed: 9, remaining: 51, RAYPy_Simulation_bessy3_56m_PGM_2Perc_coupling_errors_on_FLUX/round_2/40_bessy3_56m_PGM_2Perc_coupling_errors_on_FLUX.rml
2024-12-17 09:44:41,343 - INFO - Completed: 10, remaining: 50, RAYPy_Simulation_bessy3_56m_PGM_2Perc_coupling_errors_on_FLUX/round_3/5_bessy3_56m_PGM_2Perc_coupling_errors_on_FLUX.rml
2024-12-17 09:44:41,404 - INFO - Completed: 11, remaining: 49, RAYPy_Simulation_bessy3_56m_PGM_2Perc_coupling_errors_on_FLUX/round_2/38_bessy3_56m_PGM_2Perc_coupling_errors_on_FLUX.rml
2024-12-17 09:44:41,622 - INFO - Completed: 12, remaining: 48, RAYPy_Simulation_bessy3_56m_PGM_2Perc_coupling_errors_on_FLUX/round_2/37_bessy3_56m_PGM_2Perc_coupling_errors_on_FLUX.rml
2024-12-17 09:44:50,417 - INFO - Completed: 13, remaining: 47, RAYPy_Simulation_bessy3_56m_PGM_2Perc_coupling_errors_on_FLUX/round_3/6_bessy3_56m_PGM_2Perc_coupling_errors_on_FLUX.rml
2024-12-17 09:44:56,034 - INFO - Completed: 14, remaining: 46, RAYPy_Simulation_bessy3_56m_PGM_2Perc_coupling_errors_on_FLUX/round_3/8_bessy3_56m_PGM_2Perc_coupling_errors_on_FLUX.rml
2024-12-17 09:44:56,127 - INFO - Completed: 15, remaining: 45, RAYPy_Simulation_bessy3_56m_PGM_2Perc_coupling_errors_on_FLUX/round_3/9_bessy3_56m_PGM_2Perc_coupling_errors_on_FLUX.rml
2024-12-17 09:44:56,222 - INFO - Completed: 16, remaining: 44, RAYPy_Simulation_bessy3_56m_PGM_2Perc_coupling_errors_on_FLUX/round_3/7_bessy3_56m_PGM_2Perc_coupling_errors_on_FLUX.rml
2024-12-17 09:44:56,229 - INFO - Completed: 17, remaining: 43, RAYPy_Simulation_bessy3_56m_PGM_2Perc_coupling_errors_on_FLUX/round_3/10_bessy3_56m_PGM_2Perc_coupling_errors_on_FLUX.rml
2024-12-17 09:44:56,643 - INFO - Completed: 18, remaining: 42, RAYPy_Simulation_bessy3_56m_PGM_2Perc_coupling_errors_on_FLUX/round_3/11_bessy3_56m_PGM_2Perc_coupling_errors_on_FLUX.rml
2024-12-17 09:44:57,527 - INFO - Completed: 19, remaining: 41, RAYPy_Simulation_bessy3_56m_PGM_2Perc_coupling_errors_on_FLUX/round_3/13_bessy3_56m_PGM_2Perc_coupling_errors_on_FLUX.rml
2024-12-17 09:44:58,137 - INFO - Completed: 20, remaining: 40, RAYPy_Simulation_bessy3_56m_PGM_2Perc_coupling_errors_on_FLUX/round_3/14_bessy3_56m_PGM_2Perc_coupling_errors_on_FLUX.rml
2024-12-17 09:44:58,272 - INFO - Completed: 21, remaining: 39, RAYPy_Simulation_bessy3_56m_PGM_2Perc_coupling_errors_on_FLUX/round_3/12_bessy3_56m_PGM_2Perc_coupling_errors_on_FLUX.rml
2024-12-17 09:44:58,368 - INFO - Completed: 22, remaining: 38, RAYPy_Simulation_bessy3_56m_PGM_2Perc_coupling_errors_on_FLUX/round_3/15_bessy3_56m_PGM_2Perc_coupling_errors_on_FLUX.rml
2024-12-17 09:44:58,614 - INFO - Completed: 23, remaining: 37, RAYPy_Simulation_bessy3_56m_PGM_2Perc_coupling_errors_on_FLUX/round_3/16_bessy3_56m_PGM_2Perc_coupling_errors_on_FLUX.rml
2024-12-17 09:44:58,766 - INFO - Completed: 24, remaining: 36, RAYPy_Simulation_bessy3_56m_PGM_2Perc_coupling_errors_on_FLUX/round_3/17_bessy3_56m_PGM_2Perc_coupling_errors_on_FLUX.rml
2024-12-17 09:45:04,092 - INFO - Completed: 25, remaining: 35, RAYPy_Simulation_bessy3_56m_PGM_2Perc_coupling_errors_on_FLUX/round_3/18_bessy3_56m_PGM_2Perc_coupling_errors_on_FLUX.rml
2024-12-17 09:45:12,343 - INFO - Completed: 26, remaining: 34, RAYPy_Simulation_bessy3_56m_PGM_2Perc_coupling_errors_on_FLUX/round_3/19_bessy3_56m_PGM_2Perc_coupling_errors_on_FLUX.rml
2024-12-17 09:45:13,210 - INFO - Completed: 27, remaining: 33, RAYPy_Simulation_bessy3_56m_PGM_2Perc_coupling_errors_on_FLUX/round_3/20_bessy3_56m_PGM_2Perc_coupling_errors_on_FLUX.rml
2024-12-17 09:45:13,332 - INFO - Completed: 28, remaining: 32, RAYPy_Simulation_bessy3_56m_PGM_2Perc_coupling_errors_on_FLUX/round_3/22_bessy3_56m_PGM_2Perc_coupling_errors_on_FLUX.rml
2024-12-17 09:45:13,896 - INFO - Completed: 29, remaining: 31, RAYPy_Simulation_bessy3_56m_PGM_2Perc_coupling_errors_on_FLUX/round_3/21_bessy3_56m_PGM_2Perc_coupling_errors_on_FLUX.rml
2024-12-17 09:45:14,026 - INFO - Completed: 30, remaining: 30, RAYPy_Simulation_bessy3_56m_PGM_2Perc_coupling_errors_on_FLUX/round_3/23_bessy3_56m_PGM_2Perc_coupling_errors_on_FLUX.rml
2024-12-17 09:45:15,256 - INFO - Completed: 31, remaining: 29, RAYPy_Simulation_bessy3_56m_PGM_2Perc_coupling_errors_on_FLUX/round_3/24_bessy3_56m_PGM_2Perc_coupling_errors_on_FLUX.rml
2024-12-17 09:45:16,020 - INFO - Completed: 32, remaining: 28, RAYPy_Simulation_bessy3_56m_PGM_2Perc_coupling_errors_on_FLUX/round_3/25_bessy3_56m_PGM_2Perc_coupling_errors_on_FLUX.rml
2024-12-17 09:45:16,078 - INFO - Completed: 33, remaining: 27, RAYPy_Simulation_bessy3_56m_PGM_2Perc_coupling_errors_on_FLUX/round_3/29_bessy3_56m_PGM_2Perc_coupling_errors_on_FLUX.rml
2024-12-17 09:45:16,222 - INFO - Completed: 34, remaining: 26, RAYPy_Simulation_bessy3_56m_PGM_2Perc_coupling_errors_on_FLUX/round_3/26_bessy3_56m_PGM_2Perc_coupling_errors_on_FLUX.rml
2024-12-17 09:45:16,338 - INFO - Completed: 35, remaining: 25, RAYPy_Simulation_bessy3_56m_PGM_2Perc_coupling_errors_on_FLUX/round_3/28_bessy3_56m_PGM_2Perc_coupling_errors_on_FLUX.rml
2024-12-17 09:45:17,318 - INFO - Completed: 36, remaining: 24, RAYPy_Simulation_bessy3_56m_PGM_2Perc_coupling_errors_on_FLUX/round_3/27_bessy3_56m_PGM_2Perc_coupling_errors_on_FLUX.rml
2024-12-17 09:45:19,695 - INFO - Completed: 37, remaining: 23, RAYPy_Simulation_bessy3_56m_PGM_2Perc_coupling_errors_on_FLUX/round_3/30_bessy3_56m_PGM_2Perc_coupling_errors_on_FLUX.rml
2024-12-17 09:45:27,960 - INFO - Completed: 38, remaining: 22, RAYPy_Simulation_bessy3_56m_PGM_2Perc_coupling_errors_on_FLUX/round_3/31_bessy3_56m_PGM_2Perc_coupling_errors_on_FLUX.rml
2024-12-17 09:45:29,303 - INFO - Completed: 39, remaining: 21, RAYPy_Simulation_bessy3_56m_PGM_2Perc_coupling_errors_on_FLUX/round_3/32_bessy3_56m_PGM_2Perc_coupling_errors_on_FLUX.rml
2024-12-17 09:45:29,570 - INFO - Completed: 40, remaining: 20, RAYPy_Simulation_bessy3_56m_PGM_2Perc_coupling_errors_on_FLUX/round_3/33_bessy3_56m_PGM_2Perc_coupling_errors_on_FLUX.rml
2024-12-17 09:45:30,362 - INFO - Completed: 41, remaining: 19, RAYPy_Simulation_bessy3_56m_PGM_2Perc_coupling_errors_on_FLUX/round_3/34_bessy3_56m_PGM_2Perc_coupling_errors_on_FLUX.rml
2024-12-17 09:45:31,735 - INFO - Completed: 42, remaining: 18, RAYPy_Simulation_bessy3_56m_PGM_2Perc_coupling_errors_on_FLUX/round_3/35_bessy3_56m_PGM_2Perc_coupling_errors_on_FLUX.rml
2024-12-17 09:45:32,063 - INFO - Completed: 43, remaining: 17, RAYPy_Simulation_bessy3_56m_PGM_2Perc_coupling_errors_on_FLUX/round_3/36_bessy3_56m_PGM_2Perc_coupling_errors_on_FLUX.rml
2024-12-17 09:45:32,605 - INFO - Completed: 44, remaining: 16, RAYPy_Simulation_bessy3_56m_PGM_2Perc_coupling_errors_on_FLUX/round_3/40_bessy3_56m_PGM_2Perc_coupling_errors_on_FLUX.rml
2024-12-17 09:45:32,706 - INFO - Completed: 45, remaining: 15, RAYPy_Simulation_bessy3_56m_PGM_2Perc_coupling_errors_on_FLUX/round_3/38_bessy3_56m_PGM_2Perc_coupling_errors_on_FLUX.rml
2024-12-17 09:45:32,724 - INFO - Completed: 46, remaining: 14, RAYPy_Simulation_bessy3_56m_PGM_2Perc_coupling_errors_on_FLUX/round_3/39_bessy3_56m_PGM_2Perc_coupling_errors_on_FLUX.rml
2024-12-17 09:45:32,805 - INFO - Completed: 47, remaining: 13, RAYPy_Simulation_bessy3_56m_PGM_2Perc_coupling_errors_on_FLUX/round_3/37_bessy3_56m_PGM_2Perc_coupling_errors_on_FLUX.rml
2024-12-17 09:45:33,198 - INFO - Completed: 48, remaining: 12, RAYPy_Simulation_bessy3_56m_PGM_2Perc_coupling_errors_on_FLUX/round_3/41_bessy3_56m_PGM_2Perc_coupling_errors_on_FLUX.rml
2024-12-17 09:45:35,644 - INFO - Completed: 49, remaining: 11, RAYPy_Simulation_bessy3_56m_PGM_2Perc_coupling_errors_on_FLUX/round_4/0_bessy3_56m_PGM_2Perc_coupling_errors_on_FLUX.rml
2024-12-17 09:45:42,453 - INFO - Completed: 50, remaining: 10, RAYPy_Simulation_bessy3_56m_PGM_2Perc_coupling_errors_on_FLUX/round_4/1_bessy3_56m_PGM_2Perc_coupling_errors_on_FLUX.rml
2024-12-17 09:45:43,601 - INFO - Completed: 51, remaining: 9, RAYPy_Simulation_bessy3_56m_PGM_2Perc_coupling_errors_on_FLUX/round_4/3_bessy3_56m_PGM_2Perc_coupling_errors_on_FLUX.rml
2024-12-17 09:45:44,876 - INFO - Completed: 52, remaining: 8, RAYPy_Simulation_bessy3_56m_PGM_2Perc_coupling_errors_on_FLUX/round_4/4_bessy3_56m_PGM_2Perc_coupling_errors_on_FLUX.rml
2024-12-17 09:45:45,604 - INFO - Completed: 53, remaining: 7, RAYPy_Simulation_bessy3_56m_PGM_2Perc_coupling_errors_on_FLUX/round_4/2_bessy3_56m_PGM_2Perc_coupling_errors_on_FLUX.rml
2024-12-17 09:45:46,498 - INFO - Completed: 54, remaining: 6, RAYPy_Simulation_bessy3_56m_PGM_2Perc_coupling_errors_on_FLUX/round_4/5_bessy3_56m_PGM_2Perc_coupling_errors_on_FLUX.rml
2024-12-17 09:45:46,578 - INFO - Completed: 55, remaining: 5, RAYPy_Simulation_bessy3_56m_PGM_2Perc_coupling_errors_on_FLUX/round_4/6_bessy3_56m_PGM_2Perc_coupling_errors_on_FLUX.rml
2024-12-17 09:45:46,875 - INFO - Completed: 56, remaining: 4, RAYPy_Simulation_bessy3_56m_PGM_2Perc_coupling_errors_on_FLUX/round_4/7_bessy3_56m_PGM_2Perc_coupling_errors_on_FLUX.rml
2024-12-17 09:45:46,978 - INFO - Completed: 57, remaining: 3, RAYPy_Simulation_bessy3_56m_PGM_2Perc_coupling_errors_on_FLUX/round_4/8_bessy3_56m_PGM_2Perc_coupling_errors_on_FLUX.rml
2024-12-17 09:45:47,023 - INFO - Completed: 58, remaining: 2, RAYPy_Simulation_bessy3_56m_PGM_2Perc_coupling_errors_on_FLUX/round_4/10_bessy3_56m_PGM_2Perc_coupling_errors_on_FLUX.rml
2024-12-17 09:45:47,073 - INFO - Completed: 59, remaining: 1, RAYPy_Simulation_bessy3_56m_PGM_2Perc_coupling_errors_on_FLUX/round_4/11_bessy3_56m_PGM_2Perc_coupling_errors_on_FLUX.rml
2024-12-17 09:45:47,092 - INFO - Completed: 60, remaining: 0, RAYPy_Simulation_bessy3_56m_PGM_2Perc_coupling_errors_on_FLUX/round_4/9_bessy3_56m_PGM_2Perc_coupling_errors_on_FLUX.rml
2024-12-17 09:45:47,092 - INFO - Batch Completed
2024-12-17 09:45:47,093 - INFO - Waiting For batch, 60 simulations to go
2024-12-17 09:45:47,102 - INFO - Prepared sim number: 12: RAYPy_Simulation_bessy3_56m_PGM_2Perc_coupling_errors_on_FLUX/round_4/12_bessy3_56m_PGM_2Perc_coupling_errors_on_FLUX.rml
2024-12-17 09:45:47,109 - INFO - Prepared sim number: 13: RAYPy_Simulation_bessy3_56m_PGM_2Perc_coupling_errors_on_FLUX/round_4/13_bessy3_56m_PGM_2Perc_coupling_errors_on_FLUX.rml
2024-12-17 09:45:47,119 - INFO - Prepared sim number: 14: RAYPy_Simulation_bessy3_56m_PGM_2Perc_coupling_errors_on_FLUX/round_4/14_bessy3_56m_PGM_2Perc_coupling_errors_on_FLUX.rml
2024-12-17 09:45:47,128 - INFO - Prepared sim number: 15: RAYPy_Simulation_bessy3_56m_PGM_2Perc_coupling_errors_on_FLUX/round_4/15_bessy3_56m_PGM_2Perc_coupling_errors_on_FLUX.rml
2024-12-17 09:45:47,135 - INFO - Prepared sim number: 16: RAYPy_Simulation_bessy3_56m_PGM_2Perc_coupling_errors_on_FLUX/round_4/16_bessy3_56m_PGM_2Perc_coupling_errors_on_FLUX.rml
2024-12-17 09:45:47,142 - INFO - Prepared sim number: 17: RAYPy_Simulation_bessy3_56m_PGM_2Perc_coupling_errors_on_FLUX/round_4/17_bessy3_56m_PGM_2Perc_coupling_errors_on_FLUX.rml
2024-12-17 09:45:47,149 - INFO - Prepared sim number: 18: RAYPy_Simulation_bessy3_56m_PGM_2Perc_coupling_errors_on_FLUX/round_4/18_bessy3_56m_PGM_2Perc_coupling_errors_on_FLUX.rml
2024-12-17 09:45:47,157 - INFO - Prepared sim number: 19: RAYPy_Simulation_bessy3_56m_PGM_2Perc_coupling_errors_on_FLUX/round_4/19_bessy3_56m_PGM_2Perc_coupling_errors_on_FLUX.rml
2024-12-17 09:45:47,162 - INFO - Prepared sim number: 20: RAYPy_Simulation_bessy3_56m_PGM_2Perc_coupling_errors_on_FLUX/round_4/20_bessy3_56m_PGM_2Perc_coupling_errors_on_FLUX.rml
2024-12-17 09:45:47,167 - INFO - Prepared sim number: 21: RAYPy_Simulation_bessy3_56m_PGM_2Perc_coupling_errors_on_FLUX/round_4/21_bessy3_56m_PGM_2Perc_coupling_errors_on_FLUX.rml
2024-12-17 09:45:47,172 - INFO - Prepared sim number: 22: RAYPy_Simulation_bessy3_56m_PGM_2Perc_coupling_errors_on_FLUX/round_4/22_bessy3_56m_PGM_2Perc_coupling_errors_on_FLUX.rml
2024-12-17 09:45:47,177 - INFO - Prepared sim number: 23: RAYPy_Simulation_bessy3_56m_PGM_2Perc_coupling_errors_on_FLUX/round_4/23_bessy3_56m_PGM_2Perc_coupling_errors_on_FLUX.rml
2024-12-17 09:45:47,181 - INFO - Prepared sim number: 24: RAYPy_Simulation_bessy3_56m_PGM_2Perc_coupling_errors_on_FLUX/round_4/24_bessy3_56m_PGM_2Perc_coupling_errors_on_FLUX.rml
2024-12-17 09:45:47,186 - INFO - Prepared sim number: 25: RAYPy_Simulation_bessy3_56m_PGM_2Perc_coupling_errors_on_FLUX/round_4/25_bessy3_56m_PGM_2Perc_coupling_errors_on_FLUX.rml
2024-12-17 09:45:47,191 - INFO - Prepared sim number: 26: RAYPy_Simulation_bessy3_56m_PGM_2Perc_coupling_errors_on_FLUX/round_4/26_bessy3_56m_PGM_2Perc_coupling_errors_on_FLUX.rml
2024-12-17 09:45:47,194 - INFO - Prepared sim number: 27: RAYPy_Simulation_bessy3_56m_PGM_2Perc_coupling_errors_on_FLUX/round_4/27_bessy3_56m_PGM_2Perc_coupling_errors_on_FLUX.rml
2024-12-17 09:45:47,199 - INFO - Prepared sim number: 28: RAYPy_Simulation_bessy3_56m_PGM_2Perc_coupling_errors_on_FLUX/round_4/28_bessy3_56m_PGM_2Perc_coupling_errors_on_FLUX.rml
2024-12-17 09:45:47,204 - INFO - Prepared sim number: 29: RAYPy_Simulation_bessy3_56m_PGM_2Perc_coupling_errors_on_FLUX/round_4/29_bessy3_56m_PGM_2Perc_coupling_errors_on_FLUX.rml
2024-12-17 09:45:47,208 - INFO - Prepared sim number: 30: RAYPy_Simulation_bessy3_56m_PGM_2Perc_coupling_errors_on_FLUX/round_4/30_bessy3_56m_PGM_2Perc_coupling_errors_on_FLUX.rml
2024-12-17 09:45:47,212 - INFO - Prepared sim number: 31: RAYPy_Simulation_bessy3_56m_PGM_2Perc_coupling_errors_on_FLUX/round_4/31_bessy3_56m_PGM_2Perc_coupling_errors_on_FLUX.rml
2024-12-17 09:45:47,217 - INFO - Prepared sim number: 32: RAYPy_Simulation_bessy3_56m_PGM_2Perc_coupling_errors_on_FLUX/round_4/32_bessy3_56m_PGM_2Perc_coupling_errors_on_FLUX.rml
2024-12-17 09:45:47,221 - INFO - Prepared sim number: 33: RAYPy_Simulation_bessy3_56m_PGM_2Perc_coupling_errors_on_FLUX/round_4/33_bessy3_56m_PGM_2Perc_coupling_errors_on_FLUX.rml
2024-12-17 09:45:47,225 - INFO - Prepared sim number: 34: RAYPy_Simulation_bessy3_56m_PGM_2Perc_coupling_errors_on_FLUX/round_4/34_bessy3_56m_PGM_2Perc_coupling_errors_on_FLUX.rml
2024-12-17 09:45:47,230 - INFO - Prepared sim number: 35: RAYPy_Simulation_bessy3_56m_PGM_2Perc_coupling_errors_on_FLUX/round_4/35_bessy3_56m_PGM_2Perc_coupling_errors_on_FLUX.rml
2024-12-17 09:45:47,234 - INFO - Prepared sim number: 36: RAYPy_Simulation_bessy3_56m_PGM_2Perc_coupling_errors_on_FLUX/round_4/36_bessy3_56m_PGM_2Perc_coupling_errors_on_FLUX.rml
2024-12-17 09:45:47,238 - INFO - Prepared sim number: 37: RAYPy_Simulation_bessy3_56m_PGM_2Perc_coupling_errors_on_FLUX/round_4/37_bessy3_56m_PGM_2Perc_coupling_errors_on_FLUX.rml
2024-12-17 09:45:47,242 - INFO - Prepared sim number: 38: RAYPy_Simulation_bessy3_56m_PGM_2Perc_coupling_errors_on_FLUX/round_4/38_bessy3_56m_PGM_2Perc_coupling_errors_on_FLUX.rml
2024-12-17 09:45:47,246 - INFO - Prepared sim number: 39: RAYPy_Simulation_bessy3_56m_PGM_2Perc_coupling_errors_on_FLUX/round_4/39_bessy3_56m_PGM_2Perc_coupling_errors_on_FLUX.rml
2024-12-17 09:45:47,250 - INFO - Prepared sim number: 40: RAYPy_Simulation_bessy3_56m_PGM_2Perc_coupling_errors_on_FLUX/round_4/40_bessy3_56m_PGM_2Perc_coupling_errors_on_FLUX.rml
2024-12-17 09:45:47,254 - INFO - Prepared sim number: 41: RAYPy_Simulation_bessy3_56m_PGM_2Perc_coupling_errors_on_FLUX/round_4/41_bessy3_56m_PGM_2Perc_coupling_errors_on_FLUX.rml
2024-12-17 09:45:47,255 - INFO - Waiting for batch number: 3, timeout: 103.0867181466176s
2024-12-17 09:46:03,563 - INFO - Completed: 1, remaining: 59, RAYPy_Simulation_bessy3_56m_PGM_2Perc_coupling_errors_on_FLUX/round_4/12_bessy3_56m_PGM_2Perc_coupling_errors_on_FLUX.rml
2024-12-17 09:46:03,669 - INFO - Completed: 2, remaining: 58, RAYPy_Simulation_bessy3_56m_PGM_2Perc_coupling_errors_on_FLUX/round_4/13_bessy3_56m_PGM_2Perc_coupling_errors_on_FLUX.rml
2024-12-17 09:46:04,027 - INFO - Completed: 3, remaining: 57, RAYPy_Simulation_bessy3_56m_PGM_2Perc_coupling_errors_on_FLUX/round_4/22_bessy3_56m_PGM_2Perc_coupling_errors_on_FLUX.rml
2024-12-17 09:46:04,146 - INFO - Completed: 4, remaining: 56, RAYPy_Simulation_bessy3_56m_PGM_2Perc_coupling_errors_on_FLUX/round_4/19_bessy3_56m_PGM_2Perc_coupling_errors_on_FLUX.rml
2024-12-17 09:46:04,246 - INFO - Completed: 5, remaining: 55, RAYPy_Simulation_bessy3_56m_PGM_2Perc_coupling_errors_on_FLUX/round_4/15_bessy3_56m_PGM_2Perc_coupling_errors_on_FLUX.rml
2024-12-17 09:46:04,308 - INFO - Completed: 6, remaining: 54, RAYPy_Simulation_bessy3_56m_PGM_2Perc_coupling_errors_on_FLUX/round_4/21_bessy3_56m_PGM_2Perc_coupling_errors_on_FLUX.rml
2024-12-17 09:46:04,334 - INFO - Completed: 7, remaining: 53, RAYPy_Simulation_bessy3_56m_PGM_2Perc_coupling_errors_on_FLUX/round_4/16_bessy3_56m_PGM_2Perc_coupling_errors_on_FLUX.rml
2024-12-17 09:46:04,454 - INFO - Completed: 8, remaining: 52, RAYPy_Simulation_bessy3_56m_PGM_2Perc_coupling_errors_on_FLUX/round_4/23_bessy3_56m_PGM_2Perc_coupling_errors_on_FLUX.rml
2024-12-17 09:46:05,625 - INFO - Completed: 9, remaining: 51, RAYPy_Simulation_bessy3_56m_PGM_2Perc_coupling_errors_on_FLUX/round_4/18_bessy3_56m_PGM_2Perc_coupling_errors_on_FLUX.rml
2024-12-17 09:46:05,950 - INFO - Completed: 10, remaining: 50, RAYPy_Simulation_bessy3_56m_PGM_2Perc_coupling_errors_on_FLUX/round_4/14_bessy3_56m_PGM_2Perc_coupling_errors_on_FLUX.rml
2024-12-17 09:46:06,047 - INFO - Completed: 11, remaining: 49, RAYPy_Simulation_bessy3_56m_PGM_2Perc_coupling_errors_on_FLUX/round_4/20_bessy3_56m_PGM_2Perc_coupling_errors_on_FLUX.rml
2024-12-17 09:46:06,086 - INFO - Completed: 12, remaining: 48, RAYPy_Simulation_bessy3_56m_PGM_2Perc_coupling_errors_on_FLUX/round_4/17_bessy3_56m_PGM_2Perc_coupling_errors_on_FLUX.rml
2024-12-17 09:46:19,483 - INFO - Completed: 13, remaining: 47, RAYPy_Simulation_bessy3_56m_PGM_2Perc_coupling_errors_on_FLUX/round_4/25_bessy3_56m_PGM_2Perc_coupling_errors_on_FLUX.rml
2024-12-17 09:46:20,892 - INFO - Completed: 14, remaining: 46, RAYPy_Simulation_bessy3_56m_PGM_2Perc_coupling_errors_on_FLUX/round_4/29_bessy3_56m_PGM_2Perc_coupling_errors_on_FLUX.rml
2024-12-17 09:46:21,027 - INFO - Completed: 15, remaining: 45, RAYPy_Simulation_bessy3_56m_PGM_2Perc_coupling_errors_on_FLUX/round_4/27_bessy3_56m_PGM_2Perc_coupling_errors_on_FLUX.rml
2024-12-17 09:46:21,104 - INFO - Completed: 16, remaining: 44, RAYPy_Simulation_bessy3_56m_PGM_2Perc_coupling_errors_on_FLUX/round_4/28_bessy3_56m_PGM_2Perc_coupling_errors_on_FLUX.rml
2024-12-17 09:46:21,222 - INFO - Completed: 17, remaining: 43, RAYPy_Simulation_bessy3_56m_PGM_2Perc_coupling_errors_on_FLUX/round_4/30_bessy3_56m_PGM_2Perc_coupling_errors_on_FLUX.rml
2024-12-17 09:46:21,384 - INFO - Completed: 18, remaining: 42, RAYPy_Simulation_bessy3_56m_PGM_2Perc_coupling_errors_on_FLUX/round_4/24_bessy3_56m_PGM_2Perc_coupling_errors_on_FLUX.rml
2024-12-17 09:46:21,447 - INFO - Completed: 19, remaining: 41, RAYPy_Simulation_bessy3_56m_PGM_2Perc_coupling_errors_on_FLUX/round_4/31_bessy3_56m_PGM_2Perc_coupling_errors_on_FLUX.rml
2024-12-17 09:46:22,132 - INFO - Completed: 20, remaining: 40, RAYPy_Simulation_bessy3_56m_PGM_2Perc_coupling_errors_on_FLUX/round_4/26_bessy3_56m_PGM_2Perc_coupling_errors_on_FLUX.rml
2024-12-17 09:46:22,281 - INFO - Completed: 21, remaining: 39, RAYPy_Simulation_bessy3_56m_PGM_2Perc_coupling_errors_on_FLUX/round_4/32_bessy3_56m_PGM_2Perc_coupling_errors_on_FLUX.rml
2024-12-17 09:46:22,594 - INFO - Completed: 22, remaining: 38, RAYPy_Simulation_bessy3_56m_PGM_2Perc_coupling_errors_on_FLUX/round_4/33_bessy3_56m_PGM_2Perc_coupling_errors_on_FLUX.rml
2024-12-17 09:46:22,649 - INFO - Completed: 23, remaining: 37, RAYPy_Simulation_bessy3_56m_PGM_2Perc_coupling_errors_on_FLUX/round_4/35_bessy3_56m_PGM_2Perc_coupling_errors_on_FLUX.rml
2024-12-17 09:46:22,697 - INFO - Completed: 24, remaining: 36, RAYPy_Simulation_bessy3_56m_PGM_2Perc_coupling_errors_on_FLUX/round_4/34_bessy3_56m_PGM_2Perc_coupling_errors_on_FLUX.rml
2024-12-17 09:46:28,364 - INFO - Completed: 25, remaining: 35, RAYPy_Simulation_bessy3_56m_PGM_2Perc_coupling_errors_on_FLUX/round_4/36_bessy3_56m_PGM_2Perc_coupling_errors_on_FLUX.rml
2024-12-17 09:46:30,619 - INFO - Completed: 26, remaining: 34, RAYPy_Simulation_bessy3_56m_PGM_2Perc_coupling_errors_on_FLUX/round_4/38_bessy3_56m_PGM_2Perc_coupling_errors_on_FLUX.rml
2024-12-17 09:46:30,720 - INFO - Completed: 27, remaining: 33, RAYPy_Simulation_bessy3_56m_PGM_2Perc_coupling_errors_on_FLUX/round_4/39_bessy3_56m_PGM_2Perc_coupling_errors_on_FLUX.rml
2024-12-17 09:46:30,732 - INFO - Completed: 28, remaining: 32, RAYPy_Simulation_bessy3_56m_PGM_2Perc_coupling_errors_on_FLUX/round_4/37_bessy3_56m_PGM_2Perc_coupling_errors_on_FLUX.rml
2024-12-17 09:46:30,753 - INFO - Completed: 29, remaining: 31, RAYPy_Simulation_bessy3_56m_PGM_2Perc_coupling_errors_on_FLUX/round_4/40_bessy3_56m_PGM_2Perc_coupling_errors_on_FLUX.rml
2024-12-17 09:46:31,116 - INFO - Completed: 30, remaining: 30, RAYPy_Simulation_bessy3_56m_PGM_2Perc_coupling_errors_on_FLUX/round_4/41_bessy3_56m_PGM_2Perc_coupling_errors_on_FLUX.rml
2024-12-17 09:46:31,116 - INFO - Batch Completed
2024-12-17 09:46:31,116 - INFO - Waiting For batch, 60 simulations to go
2024-12-17 09:46:31,117 - INFO - Remaning Simulations 0, stop the simulations loop
2024-12-17 09:46:31,117 - INFO - Checking that all simulations are completed before stopping the ProcessPoolExecutor
2024-12-17 09:46:31,343 - INFO - Executor shutdown completed.
2024-12-17 09:46:31,363 - INFO - Simulation completed successfully.
2024-12-17 09:46:31,364 - INFO - Starting cleanup
2024-12-17 09:46:32,772 - INFO - Done with the cleanup
2024-12-17 09:46:32,773 - INFO - Create Pandas Recap Files
2024-12-17 09:46:32,799 - INFO - End of the Simulations
