2024-12-22 16:55:07,902 - INFO - Simulation started, using 8 workers
2024-12-22 16:55:07,904 - INFO - Start round 0
2024-12-22 16:55:07,905 - INFO - Prepared sim number: 0: RAYPy_Simulation_bessy3_long_52_errors_off_old_FLUX/round_0/0_bessy3_long_52_errors_off_old_FLUX.rml
2024-12-22 16:55:07,907 - INFO - Prepared sim number: 1: RAYPy_Simulation_bessy3_long_52_errors_off_old_FLUX/round_0/1_bessy3_long_52_errors_off_old_FLUX.rml
2024-12-22 16:55:07,908 - INFO - Prepared sim number: 2: RAYPy_Simulation_bessy3_long_52_errors_off_old_FLUX/round_0/2_bessy3_long_52_errors_off_old_FLUX.rml
2024-12-22 16:55:07,910 - INFO - Prepared sim number: 3: RAYPy_Simulation_bessy3_long_52_errors_off_old_FLUX/round_0/3_bessy3_long_52_errors_off_old_FLUX.rml
2024-12-22 16:55:07,911 - INFO - Prepared sim number: 4: RAYPy_Simulation_bessy3_long_52_errors_off_old_FLUX/round_0/4_bessy3_long_52_errors_off_old_FLUX.rml
2024-12-22 16:55:07,912 - INFO - Prepared sim number: 5: RAYPy_Simulation_bessy3_long_52_errors_off_old_FLUX/round_0/5_bessy3_long_52_errors_off_old_FLUX.rml
2024-12-22 16:55:07,914 - INFO - Prepared sim number: 6: RAYPy_Simulation_bessy3_long_52_errors_off_old_FLUX/round_0/6_bessy3_long_52_errors_off_old_FLUX.rml
2024-12-22 16:55:07,915 - INFO - Prepared sim number: 7: RAYPy_Simulation_bessy3_long_52_errors_off_old_FLUX/round_0/7_bessy3_long_52_errors_off_old_FLUX.rml
2024-12-22 16:55:07,917 - INFO - Prepared sim number: 8: RAYPy_Simulation_bessy3_long_52_errors_off_old_FLUX/round_0/8_bessy3_long_52_errors_off_old_FLUX.rml
2024-12-22 16:55:07,918 - INFO - Prepared sim number: 9: RAYPy_Simulation_bessy3_long_52_errors_off_old_FLUX/round_0/9_bessy3_long_52_errors_off_old_FLUX.rml
2024-12-22 16:55:07,919 - INFO - Prepared sim number: 10: RAYPy_Simulation_bessy3_long_52_errors_off_old_FLUX/round_0/10_bessy3_long_52_errors_off_old_FLUX.rml
2024-12-22 16:55:07,921 - INFO - Prepared sim number: 11: RAYPy_Simulation_bessy3_long_52_errors_off_old_FLUX/round_0/11_bessy3_long_52_errors_off_old_FLUX.rml
2024-12-22 16:55:07,922 - INFO - Prepared sim number: 12: RAYPy_Simulation_bessy3_long_52_errors_off_old_FLUX/round_0/12_bessy3_long_52_errors_off_old_FLUX.rml
2024-12-22 16:55:07,924 - INFO - Prepared sim number: 13: RAYPy_Simulation_bessy3_long_52_errors_off_old_FLUX/round_0/13_bessy3_long_52_errors_off_old_FLUX.rml
2024-12-22 16:55:07,925 - INFO - Prepared sim number: 14: RAYPy_Simulation_bessy3_long_52_errors_off_old_FLUX/round_0/14_bessy3_long_52_errors_off_old_FLUX.rml
2024-12-22 16:55:07,926 - INFO - Prepared sim number: 15: RAYPy_Simulation_bessy3_long_52_errors_off_old_FLUX/round_0/15_bessy3_long_52_errors_off_old_FLUX.rml
2024-12-22 16:55:07,928 - INFO - Prepared sim number: 16: RAYPy_Simulation_bessy3_long_52_errors_off_old_FLUX/round_0/16_bessy3_long_52_errors_off_old_FLUX.rml
2024-12-22 16:55:07,929 - INFO - Prepared sim number: 17: RAYPy_Simulation_bessy3_long_52_errors_off_old_FLUX/round_0/17_bessy3_long_52_errors_off_old_FLUX.rml
2024-12-22 16:55:07,931 - INFO - Prepared sim number: 18: RAYPy_Simulation_bessy3_long_52_errors_off_old_FLUX/round_0/18_bessy3_long_52_errors_off_old_FLUX.rml
2024-12-22 16:55:07,932 - INFO - Prepared sim number: 19: RAYPy_Simulation_bessy3_long_52_errors_off_old_FLUX/round_0/19_bessy3_long_52_errors_off_old_FLUX.rml
2024-12-22 16:55:07,933 - INFO - Prepared sim number: 20: RAYPy_Simulation_bessy3_long_52_errors_off_old_FLUX/round_0/20_bessy3_long_52_errors_off_old_FLUX.rml
2024-12-22 16:55:07,935 - INFO - Prepared sim number: 21: RAYPy_Simulation_bessy3_long_52_errors_off_old_FLUX/round_0/21_bessy3_long_52_errors_off_old_FLUX.rml
2024-12-22 16:55:07,936 - INFO - Prepared sim number: 22: RAYPy_Simulation_bessy3_long_52_errors_off_old_FLUX/round_0/22_bessy3_long_52_errors_off_old_FLUX.rml
2024-12-22 16:55:07,937 - INFO - Prepared sim number: 23: RAYPy_Simulation_bessy3_long_52_errors_off_old_FLUX/round_0/23_bessy3_long_52_errors_off_old_FLUX.rml
2024-12-22 16:55:07,939 - INFO - Prepared sim number: 24: RAYPy_Simulation_bessy3_long_52_errors_off_old_FLUX/round_0/24_bessy3_long_52_errors_off_old_FLUX.rml
2024-12-22 16:55:07,940 - INFO - Prepared sim number: 25: RAYPy_Simulation_bessy3_long_52_errors_off_old_FLUX/round_0/25_bessy3_long_52_errors_off_old_FLUX.rml
2024-12-22 16:55:07,941 - INFO - Prepared sim number: 26: RAYPy_Simulation_bessy3_long_52_errors_off_old_FLUX/round_0/26_bessy3_long_52_errors_off_old_FLUX.rml
2024-12-22 16:55:07,943 - INFO - Prepared sim number: 27: RAYPy_Simulation_bessy3_long_52_errors_off_old_FLUX/round_0/27_bessy3_long_52_errors_off_old_FLUX.rml
2024-12-22 16:55:07,944 - INFO - Prepared sim number: 28: RAYPy_Simulation_bessy3_long_52_errors_off_old_FLUX/round_0/28_bessy3_long_52_errors_off_old_FLUX.rml
2024-12-22 16:55:07,946 - INFO - Prepared sim number: 29: RAYPy_Simulation_bessy3_long_52_errors_off_old_FLUX/round_0/29_bessy3_long_52_errors_off_old_FLUX.rml
2024-12-22 16:55:07,947 - INFO - Prepared sim number: 30: RAYPy_Simulation_bessy3_long_52_errors_off_old_FLUX/round_0/30_bessy3_long_52_errors_off_old_FLUX.rml
2024-12-22 16:55:07,948 - INFO - Prepared sim number: 31: RAYPy_Simulation_bessy3_long_52_errors_off_old_FLUX/round_0/31_bessy3_long_52_errors_off_old_FLUX.rml
2024-12-22 16:55:07,950 - INFO - Prepared sim number: 32: RAYPy_Simulation_bessy3_long_52_errors_off_old_FLUX/round_0/32_bessy3_long_52_errors_off_old_FLUX.rml
2024-12-22 16:55:07,951 - INFO - Prepared sim number: 33: RAYPy_Simulation_bessy3_long_52_errors_off_old_FLUX/round_0/33_bessy3_long_52_errors_off_old_FLUX.rml
2024-12-22 16:55:07,952 - INFO - Prepared sim number: 34: RAYPy_Simulation_bessy3_long_52_errors_off_old_FLUX/round_0/34_bessy3_long_52_errors_off_old_FLUX.rml
2024-12-22 16:55:07,954 - INFO - Prepared sim number: 35: RAYPy_Simulation_bessy3_long_52_errors_off_old_FLUX/round_0/35_bessy3_long_52_errors_off_old_FLUX.rml
2024-12-22 16:55:07,955 - INFO - Prepared sim number: 36: RAYPy_Simulation_bessy3_long_52_errors_off_old_FLUX/round_0/36_bessy3_long_52_errors_off_old_FLUX.rml
2024-12-22 16:55:07,956 - INFO - Prepared sim number: 37: RAYPy_Simulation_bessy3_long_52_errors_off_old_FLUX/round_0/37_bessy3_long_52_errors_off_old_FLUX.rml
2024-12-22 16:55:07,958 - INFO - Prepared sim number: 38: RAYPy_Simulation_bessy3_long_52_errors_off_old_FLUX/round_0/38_bessy3_long_52_errors_off_old_FLUX.rml
2024-12-22 16:55:07,959 - INFO - Prepared sim number: 39: RAYPy_Simulation_bessy3_long_52_errors_off_old_FLUX/round_0/39_bessy3_long_52_errors_off_old_FLUX.rml
2024-12-22 16:55:07,974 - INFO - Waiting for batch number: 0, timeout: 60s
2024-12-22 16:55:15,284 - INFO - Completed: 1, remaining: 39, RAYPy_Simulation_bessy3_long_52_errors_off_old_FLUX/round_0/1_bessy3_long_52_errors_off_old_FLUX.rml
2024-12-22 16:55:15,928 - INFO - Completed: 2, remaining: 38, RAYPy_Simulation_bessy3_long_52_errors_off_old_FLUX/round_0/5_bessy3_long_52_errors_off_old_FLUX.rml
2024-12-22 16:55:15,970 - INFO - Completed: 3, remaining: 37, RAYPy_Simulation_bessy3_long_52_errors_off_old_FLUX/round_0/7_bessy3_long_52_errors_off_old_FLUX.rml
2024-12-22 16:55:16,191 - INFO - Completed: 4, remaining: 36, RAYPy_Simulation_bessy3_long_52_errors_off_old_FLUX/round_0/3_bessy3_long_52_errors_off_old_FLUX.rml
2024-12-22 16:55:16,929 - INFO - Completed: 5, remaining: 35, RAYPy_Simulation_bessy3_long_52_errors_off_old_FLUX/round_0/2_bessy3_long_52_errors_off_old_FLUX.rml
2024-12-22 16:55:16,953 - INFO - Completed: 6, remaining: 34, RAYPy_Simulation_bessy3_long_52_errors_off_old_FLUX/round_0/4_bessy3_long_52_errors_off_old_FLUX.rml
2024-12-22 16:55:17,497 - INFO - Completed: 7, remaining: 33, RAYPy_Simulation_bessy3_long_52_errors_off_old_FLUX/round_0/0_bessy3_long_52_errors_off_old_FLUX.rml
2024-12-22 16:55:19,515 - INFO - Completed: 8, remaining: 32, RAYPy_Simulation_bessy3_long_52_errors_off_old_FLUX/round_0/6_bessy3_long_52_errors_off_old_FLUX.rml
2024-12-22 16:55:23,651 - INFO - Completed: 9, remaining: 31, RAYPy_Simulation_bessy3_long_52_errors_off_old_FLUX/round_0/9_bessy3_long_52_errors_off_old_FLUX.rml
2024-12-22 16:55:24,546 - INFO - Completed: 10, remaining: 30, RAYPy_Simulation_bessy3_long_52_errors_off_old_FLUX/round_0/14_bessy3_long_52_errors_off_old_FLUX.rml
2024-12-22 16:55:24,574 - INFO - Completed: 11, remaining: 29, RAYPy_Simulation_bessy3_long_52_errors_off_old_FLUX/round_0/10_bessy3_long_52_errors_off_old_FLUX.rml
2024-12-22 16:55:24,981 - INFO - Completed: 12, remaining: 28, RAYPy_Simulation_bessy3_long_52_errors_off_old_FLUX/round_0/12_bessy3_long_52_errors_off_old_FLUX.rml
2024-12-22 16:55:25,237 - INFO - Completed: 13, remaining: 27, RAYPy_Simulation_bessy3_long_52_errors_off_old_FLUX/round_0/8_bessy3_long_52_errors_off_old_FLUX.rml
2024-12-22 16:55:25,683 - INFO - Completed: 14, remaining: 26, RAYPy_Simulation_bessy3_long_52_errors_off_old_FLUX/round_0/11_bessy3_long_52_errors_off_old_FLUX.rml
2024-12-22 16:55:26,140 - INFO - Completed: 15, remaining: 25, RAYPy_Simulation_bessy3_long_52_errors_off_old_FLUX/round_0/13_bessy3_long_52_errors_off_old_FLUX.rml
2024-12-22 16:55:27,486 - INFO - Completed: 16, remaining: 24, RAYPy_Simulation_bessy3_long_52_errors_off_old_FLUX/round_0/15_bessy3_long_52_errors_off_old_FLUX.rml
2024-12-22 16:55:32,029 - INFO - Completed: 17, remaining: 23, RAYPy_Simulation_bessy3_long_52_errors_off_old_FLUX/round_0/16_bessy3_long_52_errors_off_old_FLUX.rml
2024-12-22 16:55:32,519 - INFO - Completed: 18, remaining: 22, RAYPy_Simulation_bessy3_long_52_errors_off_old_FLUX/round_0/19_bessy3_long_52_errors_off_old_FLUX.rml
2024-12-22 16:55:32,934 - INFO - Completed: 19, remaining: 21, RAYPy_Simulation_bessy3_long_52_errors_off_old_FLUX/round_0/21_bessy3_long_52_errors_off_old_FLUX.rml
2024-12-22 16:55:33,465 - INFO - Completed: 20, remaining: 20, RAYPy_Simulation_bessy3_long_52_errors_off_old_FLUX/round_0/20_bessy3_long_52_errors_off_old_FLUX.rml
2024-12-22 16:55:33,806 - INFO - Completed: 21, remaining: 19, RAYPy_Simulation_bessy3_long_52_errors_off_old_FLUX/round_0/18_bessy3_long_52_errors_off_old_FLUX.rml
2024-12-22 16:55:34,612 - INFO - Completed: 22, remaining: 18, RAYPy_Simulation_bessy3_long_52_errors_off_old_FLUX/round_0/17_bessy3_long_52_errors_off_old_FLUX.rml
2024-12-22 16:55:34,927 - INFO - Completed: 23, remaining: 17, RAYPy_Simulation_bessy3_long_52_errors_off_old_FLUX/round_0/22_bessy3_long_52_errors_off_old_FLUX.rml
2024-12-22 16:55:38,386 - INFO - Completed: 24, remaining: 16, RAYPy_Simulation_bessy3_long_52_errors_off_old_FLUX/round_0/23_bessy3_long_52_errors_off_old_FLUX.rml
2024-12-22 16:55:39,367 - INFO - Completed: 25, remaining: 15, RAYPy_Simulation_bessy3_long_52_errors_off_old_FLUX/round_0/25_bessy3_long_52_errors_off_old_FLUX.rml
2024-12-22 16:55:40,397 - INFO - Completed: 26, remaining: 14, RAYPy_Simulation_bessy3_long_52_errors_off_old_FLUX/round_0/24_bessy3_long_52_errors_off_old_FLUX.rml
2024-12-22 16:55:41,004 - INFO - Completed: 27, remaining: 13, RAYPy_Simulation_bessy3_long_52_errors_off_old_FLUX/round_0/27_bessy3_long_52_errors_off_old_FLUX.rml
2024-12-22 16:55:41,811 - INFO - Completed: 28, remaining: 12, RAYPy_Simulation_bessy3_long_52_errors_off_old_FLUX/round_0/26_bessy3_long_52_errors_off_old_FLUX.rml
2024-12-22 16:55:42,343 - INFO - Completed: 29, remaining: 11, RAYPy_Simulation_bessy3_long_52_errors_off_old_FLUX/round_0/28_bessy3_long_52_errors_off_old_FLUX.rml
2024-12-22 16:55:42,392 - INFO - Completed: 30, remaining: 10, RAYPy_Simulation_bessy3_long_52_errors_off_old_FLUX/round_0/30_bessy3_long_52_errors_off_old_FLUX.rml
2024-12-22 16:55:44,129 - INFO - Completed: 31, remaining: 9, RAYPy_Simulation_bessy3_long_52_errors_off_old_FLUX/round_0/29_bessy3_long_52_errors_off_old_FLUX.rml
2024-12-22 16:55:47,483 - INFO - Completed: 32, remaining: 8, RAYPy_Simulation_bessy3_long_52_errors_off_old_FLUX/round_0/31_bessy3_long_52_errors_off_old_FLUX.rml
2024-12-22 16:55:47,502 - INFO - Completed: 33, remaining: 7, RAYPy_Simulation_bessy3_long_52_errors_off_old_FLUX/round_0/33_bessy3_long_52_errors_off_old_FLUX.rml
2024-12-22 16:55:47,681 - INFO - Completed: 34, remaining: 6, RAYPy_Simulation_bessy3_long_52_errors_off_old_FLUX/round_0/32_bessy3_long_52_errors_off_old_FLUX.rml
2024-12-22 16:55:48,820 - INFO - Completed: 35, remaining: 5, RAYPy_Simulation_bessy3_long_52_errors_off_old_FLUX/round_0/34_bessy3_long_52_errors_off_old_FLUX.rml
2024-12-22 16:55:49,208 - INFO - Completed: 36, remaining: 4, RAYPy_Simulation_bessy3_long_52_errors_off_old_FLUX/round_0/37_bessy3_long_52_errors_off_old_FLUX.rml
2024-12-22 16:55:49,899 - INFO - Completed: 37, remaining: 3, RAYPy_Simulation_bessy3_long_52_errors_off_old_FLUX/round_0/35_bessy3_long_52_errors_off_old_FLUX.rml
2024-12-22 16:55:50,379 - INFO - Completed: 38, remaining: 2, RAYPy_Simulation_bessy3_long_52_errors_off_old_FLUX/round_0/36_bessy3_long_52_errors_off_old_FLUX.rml
2024-12-22 16:55:51,620 - INFO - Completed: 39, remaining: 1, RAYPy_Simulation_bessy3_long_52_errors_off_old_FLUX/round_0/38_bessy3_long_52_errors_off_old_FLUX.rml
2024-12-22 16:55:52,684 - INFO - Completed: 40, remaining: 0, RAYPy_Simulation_bessy3_long_52_errors_off_old_FLUX/round_0/39_bessy3_long_52_errors_off_old_FLUX.rml
2024-12-22 16:55:52,685 - INFO - Batch Completed
2024-12-22 16:55:52,685 - INFO - Waiting For batch, 40 simulations to go
2024-12-22 16:55:52,691 - INFO - Prepared sim number: 40: RAYPy_Simulation_bessy3_long_52_errors_off_old_FLUX/round_0/40_bessy3_long_52_errors_off_old_FLUX.rml
2024-12-22 16:55:52,694 - INFO - Prepared sim number: 41: RAYPy_Simulation_bessy3_long_52_errors_off_old_FLUX/round_0/41_bessy3_long_52_errors_off_old_FLUX.rml
2024-12-22 16:55:52,694 - INFO - Start round 1
2024-12-22 16:55:52,697 - INFO - Prepared sim number: 0: RAYPy_Simulation_bessy3_long_52_errors_off_old_FLUX/round_1/0_bessy3_long_52_errors_off_old_FLUX.rml
2024-12-22 16:55:52,700 - INFO - Prepared sim number: 1: RAYPy_Simulation_bessy3_long_52_errors_off_old_FLUX/round_1/1_bessy3_long_52_errors_off_old_FLUX.rml
2024-12-22 16:55:52,702 - INFO - Prepared sim number: 2: RAYPy_Simulation_bessy3_long_52_errors_off_old_FLUX/round_1/2_bessy3_long_52_errors_off_old_FLUX.rml
2024-12-22 16:55:52,703 - INFO - Prepared sim number: 3: RAYPy_Simulation_bessy3_long_52_errors_off_old_FLUX/round_1/3_bessy3_long_52_errors_off_old_FLUX.rml
2024-12-22 16:55:52,704 - INFO - Prepared sim number: 4: RAYPy_Simulation_bessy3_long_52_errors_off_old_FLUX/round_1/4_bessy3_long_52_errors_off_old_FLUX.rml
2024-12-22 16:55:52,705 - INFO - Prepared sim number: 5: RAYPy_Simulation_bessy3_long_52_errors_off_old_FLUX/round_1/5_bessy3_long_52_errors_off_old_FLUX.rml
2024-12-22 16:55:52,706 - INFO - Prepared sim number: 6: RAYPy_Simulation_bessy3_long_52_errors_off_old_FLUX/round_1/6_bessy3_long_52_errors_off_old_FLUX.rml
2024-12-22 16:55:52,707 - INFO - Prepared sim number: 7: RAYPy_Simulation_bessy3_long_52_errors_off_old_FLUX/round_1/7_bessy3_long_52_errors_off_old_FLUX.rml
2024-12-22 16:55:52,708 - INFO - Prepared sim number: 8: RAYPy_Simulation_bessy3_long_52_errors_off_old_FLUX/round_1/8_bessy3_long_52_errors_off_old_FLUX.rml
2024-12-22 16:55:52,709 - INFO - Prepared sim number: 9: RAYPy_Simulation_bessy3_long_52_errors_off_old_FLUX/round_1/9_bessy3_long_52_errors_off_old_FLUX.rml
2024-12-22 16:55:52,710 - INFO - Prepared sim number: 10: RAYPy_Simulation_bessy3_long_52_errors_off_old_FLUX/round_1/10_bessy3_long_52_errors_off_old_FLUX.rml
2024-12-22 16:55:52,711 - INFO - Prepared sim number: 11: RAYPy_Simulation_bessy3_long_52_errors_off_old_FLUX/round_1/11_bessy3_long_52_errors_off_old_FLUX.rml
2024-12-22 16:55:52,712 - INFO - Prepared sim number: 12: RAYPy_Simulation_bessy3_long_52_errors_off_old_FLUX/round_1/12_bessy3_long_52_errors_off_old_FLUX.rml
2024-12-22 16:55:52,713 - INFO - Prepared sim number: 13: RAYPy_Simulation_bessy3_long_52_errors_off_old_FLUX/round_1/13_bessy3_long_52_errors_off_old_FLUX.rml
2024-12-22 16:55:52,714 - INFO - Prepared sim number: 14: RAYPy_Simulation_bessy3_long_52_errors_off_old_FLUX/round_1/14_bessy3_long_52_errors_off_old_FLUX.rml
2024-12-22 16:55:52,716 - INFO - Prepared sim number: 15: RAYPy_Simulation_bessy3_long_52_errors_off_old_FLUX/round_1/15_bessy3_long_52_errors_off_old_FLUX.rml
2024-12-22 16:55:52,717 - INFO - Prepared sim number: 16: RAYPy_Simulation_bessy3_long_52_errors_off_old_FLUX/round_1/16_bessy3_long_52_errors_off_old_FLUX.rml
2024-12-22 16:55:52,718 - INFO - Prepared sim number: 17: RAYPy_Simulation_bessy3_long_52_errors_off_old_FLUX/round_1/17_bessy3_long_52_errors_off_old_FLUX.rml
2024-12-22 16:55:52,719 - INFO - Prepared sim number: 18: RAYPy_Simulation_bessy3_long_52_errors_off_old_FLUX/round_1/18_bessy3_long_52_errors_off_old_FLUX.rml
2024-12-22 16:55:52,720 - INFO - Prepared sim number: 19: RAYPy_Simulation_bessy3_long_52_errors_off_old_FLUX/round_1/19_bessy3_long_52_errors_off_old_FLUX.rml
2024-12-22 16:55:52,721 - INFO - Prepared sim number: 20: RAYPy_Simulation_bessy3_long_52_errors_off_old_FLUX/round_1/20_bessy3_long_52_errors_off_old_FLUX.rml
2024-12-22 16:55:52,722 - INFO - Prepared sim number: 21: RAYPy_Simulation_bessy3_long_52_errors_off_old_FLUX/round_1/21_bessy3_long_52_errors_off_old_FLUX.rml
2024-12-22 16:55:52,723 - INFO - Prepared sim number: 22: RAYPy_Simulation_bessy3_long_52_errors_off_old_FLUX/round_1/22_bessy3_long_52_errors_off_old_FLUX.rml
2024-12-22 16:55:52,724 - INFO - Prepared sim number: 23: RAYPy_Simulation_bessy3_long_52_errors_off_old_FLUX/round_1/23_bessy3_long_52_errors_off_old_FLUX.rml
2024-12-22 16:55:52,725 - INFO - Prepared sim number: 24: RAYPy_Simulation_bessy3_long_52_errors_off_old_FLUX/round_1/24_bessy3_long_52_errors_off_old_FLUX.rml
2024-12-22 16:55:52,726 - INFO - Prepared sim number: 25: RAYPy_Simulation_bessy3_long_52_errors_off_old_FLUX/round_1/25_bessy3_long_52_errors_off_old_FLUX.rml
2024-12-22 16:55:52,727 - INFO - Prepared sim number: 26: RAYPy_Simulation_bessy3_long_52_errors_off_old_FLUX/round_1/26_bessy3_long_52_errors_off_old_FLUX.rml
2024-12-22 16:55:52,728 - INFO - Prepared sim number: 27: RAYPy_Simulation_bessy3_long_52_errors_off_old_FLUX/round_1/27_bessy3_long_52_errors_off_old_FLUX.rml
2024-12-22 16:55:52,729 - INFO - Prepared sim number: 28: RAYPy_Simulation_bessy3_long_52_errors_off_old_FLUX/round_1/28_bessy3_long_52_errors_off_old_FLUX.rml
2024-12-22 16:55:52,730 - INFO - Prepared sim number: 29: RAYPy_Simulation_bessy3_long_52_errors_off_old_FLUX/round_1/29_bessy3_long_52_errors_off_old_FLUX.rml
2024-12-22 16:55:52,731 - INFO - Prepared sim number: 30: RAYPy_Simulation_bessy3_long_52_errors_off_old_FLUX/round_1/30_bessy3_long_52_errors_off_old_FLUX.rml
2024-12-22 16:55:52,732 - INFO - Prepared sim number: 31: RAYPy_Simulation_bessy3_long_52_errors_off_old_FLUX/round_1/31_bessy3_long_52_errors_off_old_FLUX.rml
2024-12-22 16:55:52,733 - INFO - Prepared sim number: 32: RAYPy_Simulation_bessy3_long_52_errors_off_old_FLUX/round_1/32_bessy3_long_52_errors_off_old_FLUX.rml
2024-12-22 16:55:52,734 - INFO - Prepared sim number: 33: RAYPy_Simulation_bessy3_long_52_errors_off_old_FLUX/round_1/33_bessy3_long_52_errors_off_old_FLUX.rml
2024-12-22 16:55:52,735 - INFO - Prepared sim number: 34: RAYPy_Simulation_bessy3_long_52_errors_off_old_FLUX/round_1/34_bessy3_long_52_errors_off_old_FLUX.rml
2024-12-22 16:55:52,736 - INFO - Prepared sim number: 35: RAYPy_Simulation_bessy3_long_52_errors_off_old_FLUX/round_1/35_bessy3_long_52_errors_off_old_FLUX.rml
2024-12-22 16:55:52,737 - INFO - Prepared sim number: 36: RAYPy_Simulation_bessy3_long_52_errors_off_old_FLUX/round_1/36_bessy3_long_52_errors_off_old_FLUX.rml
2024-12-22 16:55:52,738 - INFO - Prepared sim number: 37: RAYPy_Simulation_bessy3_long_52_errors_off_old_FLUX/round_1/37_bessy3_long_52_errors_off_old_FLUX.rml
2024-12-22 16:55:52,738 - INFO - Waiting for batch number: 1, timeout: 50.09501359462738s
2024-12-22 16:55:59,244 - INFO - Completed: 1, remaining: 39, RAYPy_Simulation_bessy3_long_52_errors_off_old_FLUX/round_1/3_bessy3_long_52_errors_off_old_FLUX.rml
2024-12-22 16:55:59,576 - INFO - Completed: 2, remaining: 38, RAYPy_Simulation_bessy3_long_52_errors_off_old_FLUX/round_1/0_bessy3_long_52_errors_off_old_FLUX.rml
2024-12-22 16:56:00,746 - INFO - Completed: 3, remaining: 37, RAYPy_Simulation_bessy3_long_52_errors_off_old_FLUX/round_1/5_bessy3_long_52_errors_off_old_FLUX.rml
2024-12-22 16:56:01,003 - INFO - Completed: 4, remaining: 36, RAYPy_Simulation_bessy3_long_52_errors_off_old_FLUX/round_1/4_bessy3_long_52_errors_off_old_FLUX.rml
2024-12-22 16:56:01,874 - INFO - Completed: 5, remaining: 35, RAYPy_Simulation_bessy3_long_52_errors_off_old_FLUX/round_0/41_bessy3_long_52_errors_off_old_FLUX.rml
2024-12-22 16:56:02,125 - INFO - Completed: 6, remaining: 34, RAYPy_Simulation_bessy3_long_52_errors_off_old_FLUX/round_1/1_bessy3_long_52_errors_off_old_FLUX.rml
2024-12-22 16:56:02,223 - INFO - Completed: 7, remaining: 33, RAYPy_Simulation_bessy3_long_52_errors_off_old_FLUX/round_1/2_bessy3_long_52_errors_off_old_FLUX.rml
2024-12-22 16:56:03,764 - INFO - Completed: 8, remaining: 32, RAYPy_Simulation_bessy3_long_52_errors_off_old_FLUX/round_0/40_bessy3_long_52_errors_off_old_FLUX.rml
2024-12-22 16:56:07,099 - INFO - Completed: 9, remaining: 31, RAYPy_Simulation_bessy3_long_52_errors_off_old_FLUX/round_1/6_bessy3_long_52_errors_off_old_FLUX.rml
2024-12-22 16:56:08,356 - INFO - Completed: 10, remaining: 30, RAYPy_Simulation_bessy3_long_52_errors_off_old_FLUX/round_1/9_bessy3_long_52_errors_off_old_FLUX.rml
2024-12-22 16:56:08,979 - INFO - Completed: 11, remaining: 29, RAYPy_Simulation_bessy3_long_52_errors_off_old_FLUX/round_1/7_bessy3_long_52_errors_off_old_FLUX.rml
2024-12-22 16:56:10,330 - INFO - Completed: 12, remaining: 28, RAYPy_Simulation_bessy3_long_52_errors_off_old_FLUX/round_1/10_bessy3_long_52_errors_off_old_FLUX.rml
2024-12-22 16:56:10,529 - INFO - Completed: 13, remaining: 27, RAYPy_Simulation_bessy3_long_52_errors_off_old_FLUX/round_1/13_bessy3_long_52_errors_off_old_FLUX.rml
2024-12-22 16:56:10,651 - INFO - Completed: 14, remaining: 26, RAYPy_Simulation_bessy3_long_52_errors_off_old_FLUX/round_1/8_bessy3_long_52_errors_off_old_FLUX.rml
2024-12-22 16:56:11,324 - INFO - Completed: 15, remaining: 25, RAYPy_Simulation_bessy3_long_52_errors_off_old_FLUX/round_1/11_bessy3_long_52_errors_off_old_FLUX.rml
2024-12-22 16:56:11,850 - INFO - Completed: 16, remaining: 24, RAYPy_Simulation_bessy3_long_52_errors_off_old_FLUX/round_1/12_bessy3_long_52_errors_off_old_FLUX.rml
2024-12-22 16:56:15,875 - INFO - Completed: 17, remaining: 23, RAYPy_Simulation_bessy3_long_52_errors_off_old_FLUX/round_1/15_bessy3_long_52_errors_off_old_FLUX.rml
2024-12-22 16:56:16,767 - INFO - Completed: 18, remaining: 22, RAYPy_Simulation_bessy3_long_52_errors_off_old_FLUX/round_1/14_bessy3_long_52_errors_off_old_FLUX.rml
2024-12-22 16:56:18,286 - INFO - Completed: 19, remaining: 21, RAYPy_Simulation_bessy3_long_52_errors_off_old_FLUX/round_1/19_bessy3_long_52_errors_off_old_FLUX.rml
2024-12-22 16:56:18,687 - INFO - Completed: 20, remaining: 20, RAYPy_Simulation_bessy3_long_52_errors_off_old_FLUX/round_1/16_bessy3_long_52_errors_off_old_FLUX.rml
2024-12-22 16:56:19,037 - INFO - Completed: 21, remaining: 19, RAYPy_Simulation_bessy3_long_52_errors_off_old_FLUX/round_1/17_bessy3_long_52_errors_off_old_FLUX.rml
2024-12-22 16:56:19,455 - INFO - Completed: 22, remaining: 18, RAYPy_Simulation_bessy3_long_52_errors_off_old_FLUX/round_1/20_bessy3_long_52_errors_off_old_FLUX.rml
2024-12-22 16:56:19,783 - INFO - Completed: 23, remaining: 17, RAYPy_Simulation_bessy3_long_52_errors_off_old_FLUX/round_1/21_bessy3_long_52_errors_off_old_FLUX.rml
2024-12-22 16:56:20,209 - INFO - Completed: 24, remaining: 16, RAYPy_Simulation_bessy3_long_52_errors_off_old_FLUX/round_1/18_bessy3_long_52_errors_off_old_FLUX.rml
2024-12-22 16:56:23,456 - INFO - Completed: 25, remaining: 15, RAYPy_Simulation_bessy3_long_52_errors_off_old_FLUX/round_1/22_bessy3_long_52_errors_off_old_FLUX.rml
2024-12-22 16:56:24,555 - INFO - Completed: 26, remaining: 14, RAYPy_Simulation_bessy3_long_52_errors_off_old_FLUX/round_1/23_bessy3_long_52_errors_off_old_FLUX.rml
2024-12-22 16:56:27,301 - INFO - Completed: 27, remaining: 13, RAYPy_Simulation_bessy3_long_52_errors_off_old_FLUX/round_1/27_bessy3_long_52_errors_off_old_FLUX.rml
2024-12-22 16:56:27,665 - INFO - Completed: 28, remaining: 12, RAYPy_Simulation_bessy3_long_52_errors_off_old_FLUX/round_1/26_bessy3_long_52_errors_off_old_FLUX.rml
2024-12-22 16:56:27,733 - INFO - Completed: 29, remaining: 11, RAYPy_Simulation_bessy3_long_52_errors_off_old_FLUX/round_1/24_bessy3_long_52_errors_off_old_FLUX.rml
2024-12-22 16:56:27,945 - INFO - Completed: 30, remaining: 10, RAYPy_Simulation_bessy3_long_52_errors_off_old_FLUX/round_1/25_bessy3_long_52_errors_off_old_FLUX.rml
2024-12-22 16:56:28,312 - INFO - Completed: 31, remaining: 9, RAYPy_Simulation_bessy3_long_52_errors_off_old_FLUX/round_1/29_bessy3_long_52_errors_off_old_FLUX.rml
2024-12-22 16:56:28,767 - INFO - Completed: 32, remaining: 8, RAYPy_Simulation_bessy3_long_52_errors_off_old_FLUX/round_1/28_bessy3_long_52_errors_off_old_FLUX.rml
2024-12-22 16:56:31,739 - INFO - Completed: 33, remaining: 7, RAYPy_Simulation_bessy3_long_52_errors_off_old_FLUX/round_1/30_bessy3_long_52_errors_off_old_FLUX.rml
2024-12-22 16:56:33,171 - INFO - Completed: 34, remaining: 6, RAYPy_Simulation_bessy3_long_52_errors_off_old_FLUX/round_1/31_bessy3_long_52_errors_off_old_FLUX.rml
2024-12-22 16:56:34,224 - INFO - Completed: 35, remaining: 5, RAYPy_Simulation_bessy3_long_52_errors_off_old_FLUX/round_1/32_bessy3_long_52_errors_off_old_FLUX.rml
2024-12-22 16:56:34,844 - INFO - Completed: 36, remaining: 4, RAYPy_Simulation_bessy3_long_52_errors_off_old_FLUX/round_1/37_bessy3_long_52_errors_off_old_FLUX.rml
2024-12-22 16:56:35,668 - INFO - Completed: 37, remaining: 3, RAYPy_Simulation_bessy3_long_52_errors_off_old_FLUX/round_1/33_bessy3_long_52_errors_off_old_FLUX.rml
2024-12-22 16:56:35,843 - INFO - Completed: 38, remaining: 2, RAYPy_Simulation_bessy3_long_52_errors_off_old_FLUX/round_1/34_bessy3_long_52_errors_off_old_FLUX.rml
2024-12-22 16:56:36,339 - INFO - Completed: 39, remaining: 1, RAYPy_Simulation_bessy3_long_52_errors_off_old_FLUX/round_1/36_bessy3_long_52_errors_off_old_FLUX.rml
2024-12-22 16:56:36,474 - INFO - Completed: 40, remaining: 0, RAYPy_Simulation_bessy3_long_52_errors_off_old_FLUX/round_1/35_bessy3_long_52_errors_off_old_FLUX.rml
2024-12-22 16:56:36,474 - INFO - Batch Completed
2024-12-22 16:56:36,474 - INFO - Waiting For batch, 40 simulations to go
2024-12-22 16:56:36,476 - INFO - Prepared sim number: 38: RAYPy_Simulation_bessy3_long_52_errors_off_old_FLUX/round_1/38_bessy3_long_52_errors_off_old_FLUX.rml
2024-12-22 16:56:36,477 - INFO - Prepared sim number: 39: RAYPy_Simulation_bessy3_long_52_errors_off_old_FLUX/round_1/39_bessy3_long_52_errors_off_old_FLUX.rml
2024-12-22 16:56:36,479 - INFO - Prepared sim number: 40: RAYPy_Simulation_bessy3_long_52_errors_off_old_FLUX/round_1/40_bessy3_long_52_errors_off_old_FLUX.rml
2024-12-22 16:56:36,480 - INFO - Prepared sim number: 41: RAYPy_Simulation_bessy3_long_52_errors_off_old_FLUX/round_1/41_bessy3_long_52_errors_off_old_FLUX.rml
2024-12-22 16:56:36,480 - INFO - Start round 2
2024-12-22 16:56:36,481 - INFO - Prepared sim number: 0: RAYPy_Simulation_bessy3_long_52_errors_off_old_FLUX/round_2/0_bessy3_long_52_errors_off_old_FLUX.rml
2024-12-22 16:56:36,483 - INFO - Prepared sim number: 1: RAYPy_Simulation_bessy3_long_52_errors_off_old_FLUX/round_2/1_bessy3_long_52_errors_off_old_FLUX.rml
2024-12-22 16:56:36,484 - INFO - Prepared sim number: 2: RAYPy_Simulation_bessy3_long_52_errors_off_old_FLUX/round_2/2_bessy3_long_52_errors_off_old_FLUX.rml
2024-12-22 16:56:36,485 - INFO - Prepared sim number: 3: RAYPy_Simulation_bessy3_long_52_errors_off_old_FLUX/round_2/3_bessy3_long_52_errors_off_old_FLUX.rml
2024-12-22 16:56:36,487 - INFO - Prepared sim number: 4: RAYPy_Simulation_bessy3_long_52_errors_off_old_FLUX/round_2/4_bessy3_long_52_errors_off_old_FLUX.rml
2024-12-22 16:56:36,488 - INFO - Prepared sim number: 5: RAYPy_Simulation_bessy3_long_52_errors_off_old_FLUX/round_2/5_bessy3_long_52_errors_off_old_FLUX.rml
2024-12-22 16:56:36,489 - INFO - Prepared sim number: 6: RAYPy_Simulation_bessy3_long_52_errors_off_old_FLUX/round_2/6_bessy3_long_52_errors_off_old_FLUX.rml
2024-12-22 16:56:36,491 - INFO - Prepared sim number: 7: RAYPy_Simulation_bessy3_long_52_errors_off_old_FLUX/round_2/7_bessy3_long_52_errors_off_old_FLUX.rml
2024-12-22 16:56:36,492 - INFO - Prepared sim number: 8: RAYPy_Simulation_bessy3_long_52_errors_off_old_FLUX/round_2/8_bessy3_long_52_errors_off_old_FLUX.rml
2024-12-22 16:56:36,493 - INFO - Prepared sim number: 9: RAYPy_Simulation_bessy3_long_52_errors_off_old_FLUX/round_2/9_bessy3_long_52_errors_off_old_FLUX.rml
2024-12-22 16:56:36,494 - INFO - Prepared sim number: 10: RAYPy_Simulation_bessy3_long_52_errors_off_old_FLUX/round_2/10_bessy3_long_52_errors_off_old_FLUX.rml
2024-12-22 16:56:36,496 - INFO - Prepared sim number: 11: RAYPy_Simulation_bessy3_long_52_errors_off_old_FLUX/round_2/11_bessy3_long_52_errors_off_old_FLUX.rml
2024-12-22 16:56:36,497 - INFO - Prepared sim number: 12: RAYPy_Simulation_bessy3_long_52_errors_off_old_FLUX/round_2/12_bessy3_long_52_errors_off_old_FLUX.rml
2024-12-22 16:56:36,498 - INFO - Prepared sim number: 13: RAYPy_Simulation_bessy3_long_52_errors_off_old_FLUX/round_2/13_bessy3_long_52_errors_off_old_FLUX.rml
2024-12-22 16:56:36,500 - INFO - Prepared sim number: 14: RAYPy_Simulation_bessy3_long_52_errors_off_old_FLUX/round_2/14_bessy3_long_52_errors_off_old_FLUX.rml
2024-12-22 16:56:36,501 - INFO - Prepared sim number: 15: RAYPy_Simulation_bessy3_long_52_errors_off_old_FLUX/round_2/15_bessy3_long_52_errors_off_old_FLUX.rml
2024-12-22 16:56:36,502 - INFO - Prepared sim number: 16: RAYPy_Simulation_bessy3_long_52_errors_off_old_FLUX/round_2/16_bessy3_long_52_errors_off_old_FLUX.rml
2024-12-22 16:56:36,503 - INFO - Prepared sim number: 17: RAYPy_Simulation_bessy3_long_52_errors_off_old_FLUX/round_2/17_bessy3_long_52_errors_off_old_FLUX.rml
2024-12-22 16:56:36,505 - INFO - Prepared sim number: 18: RAYPy_Simulation_bessy3_long_52_errors_off_old_FLUX/round_2/18_bessy3_long_52_errors_off_old_FLUX.rml
2024-12-22 16:56:36,506 - INFO - Prepared sim number: 19: RAYPy_Simulation_bessy3_long_52_errors_off_old_FLUX/round_2/19_bessy3_long_52_errors_off_old_FLUX.rml
2024-12-22 16:56:36,507 - INFO - Prepared sim number: 20: RAYPy_Simulation_bessy3_long_52_errors_off_old_FLUX/round_2/20_bessy3_long_52_errors_off_old_FLUX.rml
2024-12-22 16:56:36,509 - INFO - Prepared sim number: 21: RAYPy_Simulation_bessy3_long_52_errors_off_old_FLUX/round_2/21_bessy3_long_52_errors_off_old_FLUX.rml
2024-12-22 16:56:36,510 - INFO - Prepared sim number: 22: RAYPy_Simulation_bessy3_long_52_errors_off_old_FLUX/round_2/22_bessy3_long_52_errors_off_old_FLUX.rml
2024-12-22 16:56:36,511 - INFO - Prepared sim number: 23: RAYPy_Simulation_bessy3_long_52_errors_off_old_FLUX/round_2/23_bessy3_long_52_errors_off_old_FLUX.rml
2024-12-22 16:56:36,513 - INFO - Prepared sim number: 24: RAYPy_Simulation_bessy3_long_52_errors_off_old_FLUX/round_2/24_bessy3_long_52_errors_off_old_FLUX.rml
2024-12-22 16:56:36,514 - INFO - Prepared sim number: 25: RAYPy_Simulation_bessy3_long_52_errors_off_old_FLUX/round_2/25_bessy3_long_52_errors_off_old_FLUX.rml
2024-12-22 16:56:36,515 - INFO - Prepared sim number: 26: RAYPy_Simulation_bessy3_long_52_errors_off_old_FLUX/round_2/26_bessy3_long_52_errors_off_old_FLUX.rml
2024-12-22 16:56:36,517 - INFO - Prepared sim number: 27: RAYPy_Simulation_bessy3_long_52_errors_off_old_FLUX/round_2/27_bessy3_long_52_errors_off_old_FLUX.rml
2024-12-22 16:56:36,518 - INFO - Prepared sim number: 28: RAYPy_Simulation_bessy3_long_52_errors_off_old_FLUX/round_2/28_bessy3_long_52_errors_off_old_FLUX.rml
2024-12-22 16:56:36,519 - INFO - Prepared sim number: 29: RAYPy_Simulation_bessy3_long_52_errors_off_old_FLUX/round_2/29_bessy3_long_52_errors_off_old_FLUX.rml
2024-12-22 16:56:36,521 - INFO - Prepared sim number: 30: RAYPy_Simulation_bessy3_long_52_errors_off_old_FLUX/round_2/30_bessy3_long_52_errors_off_old_FLUX.rml
2024-12-22 16:56:36,522 - INFO - Prepared sim number: 31: RAYPy_Simulation_bessy3_long_52_errors_off_old_FLUX/round_2/31_bessy3_long_52_errors_off_old_FLUX.rml
2024-12-22 16:56:36,523 - INFO - Prepared sim number: 32: RAYPy_Simulation_bessy3_long_52_errors_off_old_FLUX/round_2/32_bessy3_long_52_errors_off_old_FLUX.rml
2024-12-22 16:56:36,525 - INFO - Prepared sim number: 33: RAYPy_Simulation_bessy3_long_52_errors_off_old_FLUX/round_2/33_bessy3_long_52_errors_off_old_FLUX.rml
2024-12-22 16:56:36,526 - INFO - Prepared sim number: 34: RAYPy_Simulation_bessy3_long_52_errors_off_old_FLUX/round_2/34_bessy3_long_52_errors_off_old_FLUX.rml
2024-12-22 16:56:36,527 - INFO - Prepared sim number: 35: RAYPy_Simulation_bessy3_long_52_errors_off_old_FLUX/round_2/35_bessy3_long_52_errors_off_old_FLUX.rml
2024-12-22 16:56:36,528 - INFO - Waiting for batch number: 2, timeout: 50.27524906396866s
2024-12-22 16:56:42,493 - INFO - Completed: 1, remaining: 39, RAYPy_Simulation_bessy3_long_52_errors_off_old_FLUX/round_1/41_bessy3_long_52_errors_off_old_FLUX.rml
2024-12-22 16:56:43,560 - INFO - Completed: 2, remaining: 38, RAYPy_Simulation_bessy3_long_52_errors_off_old_FLUX/round_1/38_bessy3_long_52_errors_off_old_FLUX.rml
2024-12-22 16:56:43,648 - INFO - Completed: 3, remaining: 37, RAYPy_Simulation_bessy3_long_52_errors_off_old_FLUX/round_1/40_bessy3_long_52_errors_off_old_FLUX.rml
2024-12-22 16:56:44,420 - INFO - Completed: 4, remaining: 36, RAYPy_Simulation_bessy3_long_52_errors_off_old_FLUX/round_1/39_bessy3_long_52_errors_off_old_FLUX.rml
2024-12-22 16:56:45,024 - INFO - Completed: 5, remaining: 35, RAYPy_Simulation_bessy3_long_52_errors_off_old_FLUX/round_2/0_bessy3_long_52_errors_off_old_FLUX.rml
2024-12-22 16:56:46,424 - INFO - Completed: 6, remaining: 34, RAYPy_Simulation_bessy3_long_52_errors_off_old_FLUX/round_2/1_bessy3_long_52_errors_off_old_FLUX.rml
2024-12-22 16:56:48,418 - INFO - Completed: 7, remaining: 33, RAYPy_Simulation_bessy3_long_52_errors_off_old_FLUX/round_2/4_bessy3_long_52_errors_off_old_FLUX.rml
2024-12-22 16:56:48,440 - INFO - Completed: 8, remaining: 32, RAYPy_Simulation_bessy3_long_52_errors_off_old_FLUX/round_2/2_bessy3_long_52_errors_off_old_FLUX.rml
2024-12-22 16:56:50,568 - INFO - Completed: 9, remaining: 31, RAYPy_Simulation_bessy3_long_52_errors_off_old_FLUX/round_2/3_bessy3_long_52_errors_off_old_FLUX.rml
2024-12-22 16:56:52,258 - INFO - Completed: 10, remaining: 30, RAYPy_Simulation_bessy3_long_52_errors_off_old_FLUX/round_2/7_bessy3_long_52_errors_off_old_FLUX.rml
2024-12-22 16:56:52,524 - INFO - Completed: 11, remaining: 29, RAYPy_Simulation_bessy3_long_52_errors_off_old_FLUX/round_2/6_bessy3_long_52_errors_off_old_FLUX.rml
2024-12-22 16:56:52,847 - INFO - Completed: 12, remaining: 28, RAYPy_Simulation_bessy3_long_52_errors_off_old_FLUX/round_2/5_bessy3_long_52_errors_off_old_FLUX.rml
2024-12-22 16:56:55,340 - INFO - Completed: 13, remaining: 27, RAYPy_Simulation_bessy3_long_52_errors_off_old_FLUX/round_2/9_bessy3_long_52_errors_off_old_FLUX.rml
2024-12-22 16:56:56,515 - INFO - Completed: 14, remaining: 26, RAYPy_Simulation_bessy3_long_52_errors_off_old_FLUX/round_2/11_bessy3_long_52_errors_off_old_FLUX.rml
2024-12-22 16:56:56,627 - INFO - Completed: 15, remaining: 25, RAYPy_Simulation_bessy3_long_52_errors_off_old_FLUX/round_2/8_bessy3_long_52_errors_off_old_FLUX.rml
2024-12-22 16:56:58,001 - INFO - Completed: 16, remaining: 24, RAYPy_Simulation_bessy3_long_52_errors_off_old_FLUX/round_2/10_bessy3_long_52_errors_off_old_FLUX.rml
2024-12-22 16:56:58,509 - INFO - Completed: 17, remaining: 23, RAYPy_Simulation_bessy3_long_52_errors_off_old_FLUX/round_2/12_bessy3_long_52_errors_off_old_FLUX.rml
2024-12-22 16:56:59,707 - INFO - Completed: 18, remaining: 22, RAYPy_Simulation_bessy3_long_52_errors_off_old_FLUX/round_2/14_bessy3_long_52_errors_off_old_FLUX.rml
2024-12-22 16:57:01,357 - INFO - Completed: 19, remaining: 21, RAYPy_Simulation_bessy3_long_52_errors_off_old_FLUX/round_2/15_bessy3_long_52_errors_off_old_FLUX.rml
2024-12-22 16:57:02,089 - INFO - Completed: 20, remaining: 20, RAYPy_Simulation_bessy3_long_52_errors_off_old_FLUX/round_2/13_bessy3_long_52_errors_off_old_FLUX.rml
2024-12-22 16:57:04,678 - INFO - Completed: 21, remaining: 19, RAYPy_Simulation_bessy3_long_52_errors_off_old_FLUX/round_2/16_bessy3_long_52_errors_off_old_FLUX.rml
2024-12-22 16:57:05,818 - INFO - Completed: 22, remaining: 18, RAYPy_Simulation_bessy3_long_52_errors_off_old_FLUX/round_2/17_bessy3_long_52_errors_off_old_FLUX.rml
2024-12-22 16:57:06,566 - INFO - Completed: 23, remaining: 17, RAYPy_Simulation_bessy3_long_52_errors_off_old_FLUX/round_2/20_bessy3_long_52_errors_off_old_FLUX.rml
2024-12-22 16:57:07,486 - INFO - Completed: 24, remaining: 16, RAYPy_Simulation_bessy3_long_52_errors_off_old_FLUX/round_2/19_bessy3_long_52_errors_off_old_FLUX.rml
2024-12-22 16:57:07,573 - INFO - Completed: 25, remaining: 15, RAYPy_Simulation_bessy3_long_52_errors_off_old_FLUX/round_2/21_bessy3_long_52_errors_off_old_FLUX.rml
2024-12-22 16:57:07,745 - INFO - Completed: 26, remaining: 14, RAYPy_Simulation_bessy3_long_52_errors_off_old_FLUX/round_2/18_bessy3_long_52_errors_off_old_FLUX.rml
2024-12-22 16:57:11,094 - INFO - Completed: 27, remaining: 13, RAYPy_Simulation_bessy3_long_52_errors_off_old_FLUX/round_2/22_bessy3_long_52_errors_off_old_FLUX.rml
2024-12-22 16:57:11,644 - INFO - Completed: 28, remaining: 12, RAYPy_Simulation_bessy3_long_52_errors_off_old_FLUX/round_2/23_bessy3_long_52_errors_off_old_FLUX.rml
2024-12-22 16:57:14,239 - INFO - Completed: 29, remaining: 11, RAYPy_Simulation_bessy3_long_52_errors_off_old_FLUX/round_2/24_bessy3_long_52_errors_off_old_FLUX.rml
2024-12-22 16:57:15,191 - INFO - Completed: 30, remaining: 10, RAYPy_Simulation_bessy3_long_52_errors_off_old_FLUX/round_2/25_bessy3_long_52_errors_off_old_FLUX.rml
2024-12-22 16:57:15,527 - INFO - Completed: 31, remaining: 9, RAYPy_Simulation_bessy3_long_52_errors_off_old_FLUX/round_2/26_bessy3_long_52_errors_off_old_FLUX.rml
2024-12-22 16:57:16,262 - INFO - Completed: 32, remaining: 8, RAYPy_Simulation_bessy3_long_52_errors_off_old_FLUX/round_2/28_bessy3_long_52_errors_off_old_FLUX.rml
2024-12-22 16:57:16,350 - INFO - Completed: 33, remaining: 7, RAYPy_Simulation_bessy3_long_52_errors_off_old_FLUX/round_2/27_bessy3_long_52_errors_off_old_FLUX.rml
2024-12-22 16:57:16,437 - INFO - Completed: 34, remaining: 6, RAYPy_Simulation_bessy3_long_52_errors_off_old_FLUX/round_2/29_bessy3_long_52_errors_off_old_FLUX.rml
2024-12-22 16:57:19,174 - INFO - Completed: 35, remaining: 5, RAYPy_Simulation_bessy3_long_52_errors_off_old_FLUX/round_2/31_bessy3_long_52_errors_off_old_FLUX.rml
2024-12-22 16:57:19,625 - INFO - Completed: 36, remaining: 4, RAYPy_Simulation_bessy3_long_52_errors_off_old_FLUX/round_2/30_bessy3_long_52_errors_off_old_FLUX.rml
2024-12-22 16:57:20,351 - INFO - Completed: 37, remaining: 3, RAYPy_Simulation_bessy3_long_52_errors_off_old_FLUX/round_2/32_bessy3_long_52_errors_off_old_FLUX.rml
2024-12-22 16:57:21,490 - INFO - Completed: 38, remaining: 2, RAYPy_Simulation_bessy3_long_52_errors_off_old_FLUX/round_2/34_bessy3_long_52_errors_off_old_FLUX.rml
2024-12-22 16:57:21,532 - INFO - Completed: 39, remaining: 1, RAYPy_Simulation_bessy3_long_52_errors_off_old_FLUX/round_2/33_bessy3_long_52_errors_off_old_FLUX.rml
2024-12-22 16:57:22,805 - INFO - Completed: 40, remaining: 0, RAYPy_Simulation_bessy3_long_52_errors_off_old_FLUX/round_2/35_bessy3_long_52_errors_off_old_FLUX.rml
2024-12-22 16:57:22,806 - INFO - Batch Completed
2024-12-22 16:57:22,806 - INFO - Waiting For batch, 40 simulations to go
2024-12-22 16:57:22,810 - INFO - Prepared sim number: 36: RAYPy_Simulation_bessy3_long_52_errors_off_old_FLUX/round_2/36_bessy3_long_52_errors_off_old_FLUX.rml
2024-12-22 16:57:22,813 - INFO - Prepared sim number: 37: RAYPy_Simulation_bessy3_long_52_errors_off_old_FLUX/round_2/37_bessy3_long_52_errors_off_old_FLUX.rml
2024-12-22 16:57:22,816 - INFO - Prepared sim number: 38: RAYPy_Simulation_bessy3_long_52_errors_off_old_FLUX/round_2/38_bessy3_long_52_errors_off_old_FLUX.rml
2024-12-22 16:57:22,819 - INFO - Prepared sim number: 39: RAYPy_Simulation_bessy3_long_52_errors_off_old_FLUX/round_2/39_bessy3_long_52_errors_off_old_FLUX.rml
2024-12-22 16:57:22,822 - INFO - Prepared sim number: 40: RAYPy_Simulation_bessy3_long_52_errors_off_old_FLUX/round_2/40_bessy3_long_52_errors_off_old_FLUX.rml
2024-12-22 16:57:22,823 - INFO - Prepared sim number: 41: RAYPy_Simulation_bessy3_long_52_errors_off_old_FLUX/round_2/41_bessy3_long_52_errors_off_old_FLUX.rml
2024-12-22 16:57:22,823 - INFO - Start round 3
2024-12-22 16:57:22,825 - INFO - Prepared sim number: 0: RAYPy_Simulation_bessy3_long_52_errors_off_old_FLUX/round_3/0_bessy3_long_52_errors_off_old_FLUX.rml
2024-12-22 16:57:22,826 - INFO - Prepared sim number: 1: RAYPy_Simulation_bessy3_long_52_errors_off_old_FLUX/round_3/1_bessy3_long_52_errors_off_old_FLUX.rml
2024-12-22 16:57:22,827 - INFO - Prepared sim number: 2: RAYPy_Simulation_bessy3_long_52_errors_off_old_FLUX/round_3/2_bessy3_long_52_errors_off_old_FLUX.rml
2024-12-22 16:57:22,828 - INFO - Prepared sim number: 3: RAYPy_Simulation_bessy3_long_52_errors_off_old_FLUX/round_3/3_bessy3_long_52_errors_off_old_FLUX.rml
2024-12-22 16:57:22,829 - INFO - Prepared sim number: 4: RAYPy_Simulation_bessy3_long_52_errors_off_old_FLUX/round_3/4_bessy3_long_52_errors_off_old_FLUX.rml
2024-12-22 16:57:22,830 - INFO - Prepared sim number: 5: RAYPy_Simulation_bessy3_long_52_errors_off_old_FLUX/round_3/5_bessy3_long_52_errors_off_old_FLUX.rml
2024-12-22 16:57:22,831 - INFO - Prepared sim number: 6: RAYPy_Simulation_bessy3_long_52_errors_off_old_FLUX/round_3/6_bessy3_long_52_errors_off_old_FLUX.rml
2024-12-22 16:57:22,832 - INFO - Prepared sim number: 7: RAYPy_Simulation_bessy3_long_52_errors_off_old_FLUX/round_3/7_bessy3_long_52_errors_off_old_FLUX.rml
2024-12-22 16:57:22,833 - INFO - Prepared sim number: 8: RAYPy_Simulation_bessy3_long_52_errors_off_old_FLUX/round_3/8_bessy3_long_52_errors_off_old_FLUX.rml
2024-12-22 16:57:22,834 - INFO - Prepared sim number: 9: RAYPy_Simulation_bessy3_long_52_errors_off_old_FLUX/round_3/9_bessy3_long_52_errors_off_old_FLUX.rml
2024-12-22 16:57:22,835 - INFO - Prepared sim number: 10: RAYPy_Simulation_bessy3_long_52_errors_off_old_FLUX/round_3/10_bessy3_long_52_errors_off_old_FLUX.rml
2024-12-22 16:57:22,836 - INFO - Prepared sim number: 11: RAYPy_Simulation_bessy3_long_52_errors_off_old_FLUX/round_3/11_bessy3_long_52_errors_off_old_FLUX.rml
2024-12-22 16:57:22,837 - INFO - Prepared sim number: 12: RAYPy_Simulation_bessy3_long_52_errors_off_old_FLUX/round_3/12_bessy3_long_52_errors_off_old_FLUX.rml
2024-12-22 16:57:22,838 - INFO - Prepared sim number: 13: RAYPy_Simulation_bessy3_long_52_errors_off_old_FLUX/round_3/13_bessy3_long_52_errors_off_old_FLUX.rml
2024-12-22 16:57:22,839 - INFO - Prepared sim number: 14: RAYPy_Simulation_bessy3_long_52_errors_off_old_FLUX/round_3/14_bessy3_long_52_errors_off_old_FLUX.rml
2024-12-22 16:57:22,840 - INFO - Prepared sim number: 15: RAYPy_Simulation_bessy3_long_52_errors_off_old_FLUX/round_3/15_bessy3_long_52_errors_off_old_FLUX.rml
2024-12-22 16:57:22,841 - INFO - Prepared sim number: 16: RAYPy_Simulation_bessy3_long_52_errors_off_old_FLUX/round_3/16_bessy3_long_52_errors_off_old_FLUX.rml
2024-12-22 16:57:22,842 - INFO - Prepared sim number: 17: RAYPy_Simulation_bessy3_long_52_errors_off_old_FLUX/round_3/17_bessy3_long_52_errors_off_old_FLUX.rml
2024-12-22 16:57:22,843 - INFO - Prepared sim number: 18: RAYPy_Simulation_bessy3_long_52_errors_off_old_FLUX/round_3/18_bessy3_long_52_errors_off_old_FLUX.rml
2024-12-22 16:57:22,844 - INFO - Prepared sim number: 19: RAYPy_Simulation_bessy3_long_52_errors_off_old_FLUX/round_3/19_bessy3_long_52_errors_off_old_FLUX.rml
2024-12-22 16:57:22,845 - INFO - Prepared sim number: 20: RAYPy_Simulation_bessy3_long_52_errors_off_old_FLUX/round_3/20_bessy3_long_52_errors_off_old_FLUX.rml
2024-12-22 16:57:22,846 - INFO - Prepared sim number: 21: RAYPy_Simulation_bessy3_long_52_errors_off_old_FLUX/round_3/21_bessy3_long_52_errors_off_old_FLUX.rml
2024-12-22 16:57:22,848 - INFO - Prepared sim number: 22: RAYPy_Simulation_bessy3_long_52_errors_off_old_FLUX/round_3/22_bessy3_long_52_errors_off_old_FLUX.rml
2024-12-22 16:57:22,849 - INFO - Prepared sim number: 23: RAYPy_Simulation_bessy3_long_52_errors_off_old_FLUX/round_3/23_bessy3_long_52_errors_off_old_FLUX.rml
2024-12-22 16:57:22,850 - INFO - Prepared sim number: 24: RAYPy_Simulation_bessy3_long_52_errors_off_old_FLUX/round_3/24_bessy3_long_52_errors_off_old_FLUX.rml
2024-12-22 16:57:22,851 - INFO - Prepared sim number: 25: RAYPy_Simulation_bessy3_long_52_errors_off_old_FLUX/round_3/25_bessy3_long_52_errors_off_old_FLUX.rml
2024-12-22 16:57:22,852 - INFO - Prepared sim number: 26: RAYPy_Simulation_bessy3_long_52_errors_off_old_FLUX/round_3/26_bessy3_long_52_errors_off_old_FLUX.rml
2024-12-22 16:57:22,853 - INFO - Prepared sim number: 27: RAYPy_Simulation_bessy3_long_52_errors_off_old_FLUX/round_3/27_bessy3_long_52_errors_off_old_FLUX.rml
2024-12-22 16:57:22,854 - INFO - Prepared sim number: 28: RAYPy_Simulation_bessy3_long_52_errors_off_old_FLUX/round_3/28_bessy3_long_52_errors_off_old_FLUX.rml
2024-12-22 16:57:22,855 - INFO - Prepared sim number: 29: RAYPy_Simulation_bessy3_long_52_errors_off_old_FLUX/round_3/29_bessy3_long_52_errors_off_old_FLUX.rml
2024-12-22 16:57:22,856 - INFO - Prepared sim number: 30: RAYPy_Simulation_bessy3_long_52_errors_off_old_FLUX/round_3/30_bessy3_long_52_errors_off_old_FLUX.rml
2024-12-22 16:57:22,857 - INFO - Prepared sim number: 31: RAYPy_Simulation_bessy3_long_52_errors_off_old_FLUX/round_3/31_bessy3_long_52_errors_off_old_FLUX.rml
2024-12-22 16:57:22,858 - INFO - Prepared sim number: 32: RAYPy_Simulation_bessy3_long_52_errors_off_old_FLUX/round_3/32_bessy3_long_52_errors_off_old_FLUX.rml
2024-12-22 16:57:22,859 - INFO - Prepared sim number: 33: RAYPy_Simulation_bessy3_long_52_errors_off_old_FLUX/round_3/33_bessy3_long_52_errors_off_old_FLUX.rml
2024-12-22 16:57:22,859 - INFO - Waiting for batch number: 3, timeout: 50.79265012741089s
2024-12-22 16:57:28,796 - INFO - Completed: 1, remaining: 39, RAYPy_Simulation_bessy3_long_52_errors_off_old_FLUX/round_2/36_bessy3_long_52_errors_off_old_FLUX.rml
2024-12-22 16:57:29,897 - INFO - Completed: 2, remaining: 38, RAYPy_Simulation_bessy3_long_52_errors_off_old_FLUX/round_2/37_bessy3_long_52_errors_off_old_FLUX.rml
2024-12-22 16:57:30,313 - INFO - Completed: 3, remaining: 37, RAYPy_Simulation_bessy3_long_52_errors_off_old_FLUX/round_3/0_bessy3_long_52_errors_off_old_FLUX.rml
2024-12-22 16:57:31,320 - INFO - Completed: 4, remaining: 36, RAYPy_Simulation_bessy3_long_52_errors_off_old_FLUX/round_2/41_bessy3_long_52_errors_off_old_FLUX.rml
2024-12-22 16:57:31,648 - INFO - Completed: 5, remaining: 35, RAYPy_Simulation_bessy3_long_52_errors_off_old_FLUX/round_2/38_bessy3_long_52_errors_off_old_FLUX.rml
2024-12-22 16:57:32,434 - INFO - Completed: 6, remaining: 34, RAYPy_Simulation_bessy3_long_52_errors_off_old_FLUX/round_3/1_bessy3_long_52_errors_off_old_FLUX.rml
2024-12-22 16:57:33,995 - INFO - Completed: 7, remaining: 33, RAYPy_Simulation_bessy3_long_52_errors_off_old_FLUX/round_2/39_bessy3_long_52_errors_off_old_FLUX.rml
2024-12-22 16:57:35,646 - INFO - Completed: 8, remaining: 32, RAYPy_Simulation_bessy3_long_52_errors_off_old_FLUX/round_2/40_bessy3_long_52_errors_off_old_FLUX.rml
2024-12-22 16:57:36,851 - INFO - Completed: 9, remaining: 31, RAYPy_Simulation_bessy3_long_52_errors_off_old_FLUX/round_3/3_bessy3_long_52_errors_off_old_FLUX.rml
2024-12-22 16:57:37,669 - INFO - Completed: 10, remaining: 30, RAYPy_Simulation_bessy3_long_52_errors_off_old_FLUX/round_3/2_bessy3_long_52_errors_off_old_FLUX.rml
2024-12-22 16:57:38,773 - INFO - Completed: 11, remaining: 29, RAYPy_Simulation_bessy3_long_52_errors_off_old_FLUX/round_3/4_bessy3_long_52_errors_off_old_FLUX.rml
2024-12-22 16:57:39,428 - INFO - Completed: 12, remaining: 28, RAYPy_Simulation_bessy3_long_52_errors_off_old_FLUX/round_3/5_bessy3_long_52_errors_off_old_FLUX.rml
2024-12-22 16:57:39,502 - INFO - Completed: 13, remaining: 27, RAYPy_Simulation_bessy3_long_52_errors_off_old_FLUX/round_3/7_bessy3_long_52_errors_off_old_FLUX.rml
2024-12-22 16:57:40,785 - INFO - Completed: 14, remaining: 26, RAYPy_Simulation_bessy3_long_52_errors_off_old_FLUX/round_3/6_bessy3_long_52_errors_off_old_FLUX.rml
2024-12-22 16:57:41,884 - INFO - Completed: 15, remaining: 25, RAYPy_Simulation_bessy3_long_52_errors_off_old_FLUX/round_3/8_bessy3_long_52_errors_off_old_FLUX.rml
2024-12-22 16:57:44,869 - INFO - Completed: 16, remaining: 24, RAYPy_Simulation_bessy3_long_52_errors_off_old_FLUX/round_3/10_bessy3_long_52_errors_off_old_FLUX.rml
2024-12-22 16:57:45,268 - INFO - Completed: 17, remaining: 23, RAYPy_Simulation_bessy3_long_52_errors_off_old_FLUX/round_3/9_bessy3_long_52_errors_off_old_FLUX.rml
2024-12-22 16:57:46,567 - INFO - Completed: 18, remaining: 22, RAYPy_Simulation_bessy3_long_52_errors_off_old_FLUX/round_3/11_bessy3_long_52_errors_off_old_FLUX.rml
2024-12-22 16:57:46,886 - INFO - Completed: 19, remaining: 21, RAYPy_Simulation_bessy3_long_52_errors_off_old_FLUX/round_3/12_bessy3_long_52_errors_off_old_FLUX.rml
2024-12-22 16:57:47,902 - INFO - Completed: 20, remaining: 20, RAYPy_Simulation_bessy3_long_52_errors_off_old_FLUX/round_3/13_bessy3_long_52_errors_off_old_FLUX.rml
2024-12-22 16:57:48,163 - INFO - Completed: 21, remaining: 19, RAYPy_Simulation_bessy3_long_52_errors_off_old_FLUX/round_3/14_bessy3_long_52_errors_off_old_FLUX.rml
2024-12-22 16:57:49,675 - INFO - Completed: 22, remaining: 18, RAYPy_Simulation_bessy3_long_52_errors_off_old_FLUX/round_3/15_bessy3_long_52_errors_off_old_FLUX.rml
2024-12-22 16:57:50,456 - INFO - Completed: 23, remaining: 17, RAYPy_Simulation_bessy3_long_52_errors_off_old_FLUX/round_3/16_bessy3_long_52_errors_off_old_FLUX.rml
2024-12-22 16:57:52,999 - INFO - Completed: 24, remaining: 16, RAYPy_Simulation_bessy3_long_52_errors_off_old_FLUX/round_3/17_bessy3_long_52_errors_off_old_FLUX.rml
2024-12-22 16:57:53,783 - INFO - Completed: 25, remaining: 15, RAYPy_Simulation_bessy3_long_52_errors_off_old_FLUX/round_3/18_bessy3_long_52_errors_off_old_FLUX.rml
2024-12-22 16:57:54,368 - INFO - Completed: 26, remaining: 14, RAYPy_Simulation_bessy3_long_52_errors_off_old_FLUX/round_3/20_bessy3_long_52_errors_off_old_FLUX.rml
2024-12-22 16:57:55,917 - INFO - Completed: 27, remaining: 13, RAYPy_Simulation_bessy3_long_52_errors_off_old_FLUX/round_3/19_bessy3_long_52_errors_off_old_FLUX.rml
2024-12-22 16:57:55,972 - INFO - Completed: 28, remaining: 12, RAYPy_Simulation_bessy3_long_52_errors_off_old_FLUX/round_3/21_bessy3_long_52_errors_off_old_FLUX.rml
2024-12-22 16:57:57,889 - INFO - Completed: 29, remaining: 11, RAYPy_Simulation_bessy3_long_52_errors_off_old_FLUX/round_3/22_bessy3_long_52_errors_off_old_FLUX.rml
2024-12-22 16:57:58,833 - INFO - Completed: 30, remaining: 10, RAYPy_Simulation_bessy3_long_52_errors_off_old_FLUX/round_3/23_bessy3_long_52_errors_off_old_FLUX.rml
2024-12-22 16:57:59,353 - INFO - Completed: 31, remaining: 9, RAYPy_Simulation_bessy3_long_52_errors_off_old_FLUX/round_3/24_bessy3_long_52_errors_off_old_FLUX.rml
2024-12-22 16:58:00,483 - INFO - Completed: 32, remaining: 8, RAYPy_Simulation_bessy3_long_52_errors_off_old_FLUX/round_3/25_bessy3_long_52_errors_off_old_FLUX.rml
2024-12-22 16:58:01,793 - INFO - Completed: 33, remaining: 7, RAYPy_Simulation_bessy3_long_52_errors_off_old_FLUX/round_3/27_bessy3_long_52_errors_off_old_FLUX.rml
2024-12-22 16:58:02,962 - INFO - Completed: 34, remaining: 6, RAYPy_Simulation_bessy3_long_52_errors_off_old_FLUX/round_3/26_bessy3_long_52_errors_off_old_FLUX.rml
2024-12-22 16:58:04,301 - INFO - Completed: 35, remaining: 5, RAYPy_Simulation_bessy3_long_52_errors_off_old_FLUX/round_3/29_bessy3_long_52_errors_off_old_FLUX.rml
2024-12-22 16:58:04,319 - INFO - Completed: 36, remaining: 4, RAYPy_Simulation_bessy3_long_52_errors_off_old_FLUX/round_3/28_bessy3_long_52_errors_off_old_FLUX.rml
2024-12-22 16:58:04,741 - INFO - Completed: 37, remaining: 3, RAYPy_Simulation_bessy3_long_52_errors_off_old_FLUX/round_3/30_bessy3_long_52_errors_off_old_FLUX.rml
2024-12-22 16:58:05,868 - INFO - Completed: 38, remaining: 2, RAYPy_Simulation_bessy3_long_52_errors_off_old_FLUX/round_3/31_bessy3_long_52_errors_off_old_FLUX.rml
2024-12-22 16:58:05,923 - INFO - Completed: 39, remaining: 1, RAYPy_Simulation_bessy3_long_52_errors_off_old_FLUX/round_3/32_bessy3_long_52_errors_off_old_FLUX.rml
2024-12-22 16:58:06,887 - INFO - Completed: 40, remaining: 0, RAYPy_Simulation_bessy3_long_52_errors_off_old_FLUX/round_3/33_bessy3_long_52_errors_off_old_FLUX.rml
2024-12-22 16:58:06,888 - INFO - Batch Completed
2024-12-22 16:58:06,888 - INFO - Waiting For batch, 40 simulations to go
2024-12-22 16:58:06,890 - INFO - Prepared sim number: 34: RAYPy_Simulation_bessy3_long_52_errors_off_old_FLUX/round_3/34_bessy3_long_52_errors_off_old_FLUX.rml
2024-12-22 16:58:06,892 - INFO - Prepared sim number: 35: RAYPy_Simulation_bessy3_long_52_errors_off_old_FLUX/round_3/35_bessy3_long_52_errors_off_old_FLUX.rml
2024-12-22 16:58:06,893 - INFO - Prepared sim number: 36: RAYPy_Simulation_bessy3_long_52_errors_off_old_FLUX/round_3/36_bessy3_long_52_errors_off_old_FLUX.rml
2024-12-22 16:58:06,894 - INFO - Prepared sim number: 37: RAYPy_Simulation_bessy3_long_52_errors_off_old_FLUX/round_3/37_bessy3_long_52_errors_off_old_FLUX.rml
2024-12-22 16:58:06,896 - INFO - Prepared sim number: 38: RAYPy_Simulation_bessy3_long_52_errors_off_old_FLUX/round_3/38_bessy3_long_52_errors_off_old_FLUX.rml
2024-12-22 16:58:06,897 - INFO - Prepared sim number: 39: RAYPy_Simulation_bessy3_long_52_errors_off_old_FLUX/round_3/39_bessy3_long_52_errors_off_old_FLUX.rml
2024-12-22 16:58:06,898 - INFO - Prepared sim number: 40: RAYPy_Simulation_bessy3_long_52_errors_off_old_FLUX/round_3/40_bessy3_long_52_errors_off_old_FLUX.rml
2024-12-22 16:58:06,899 - INFO - Prepared sim number: 41: RAYPy_Simulation_bessy3_long_52_errors_off_old_FLUX/round_3/41_bessy3_long_52_errors_off_old_FLUX.rml
2024-12-22 16:58:06,899 - INFO - Start round 4
2024-12-22 16:58:06,900 - INFO - Prepared sim number: 0: RAYPy_Simulation_bessy3_long_52_errors_off_old_FLUX/round_4/0_bessy3_long_52_errors_off_old_FLUX.rml
2024-12-22 16:58:06,902 - INFO - Prepared sim number: 1: RAYPy_Simulation_bessy3_long_52_errors_off_old_FLUX/round_4/1_bessy3_long_52_errors_off_old_FLUX.rml
2024-12-22 16:58:06,903 - INFO - Prepared sim number: 2: RAYPy_Simulation_bessy3_long_52_errors_off_old_FLUX/round_4/2_bessy3_long_52_errors_off_old_FLUX.rml
2024-12-22 16:58:06,904 - INFO - Prepared sim number: 3: RAYPy_Simulation_bessy3_long_52_errors_off_old_FLUX/round_4/3_bessy3_long_52_errors_off_old_FLUX.rml
2024-12-22 16:58:06,905 - INFO - Prepared sim number: 4: RAYPy_Simulation_bessy3_long_52_errors_off_old_FLUX/round_4/4_bessy3_long_52_errors_off_old_FLUX.rml
2024-12-22 16:58:06,906 - INFO - Prepared sim number: 5: RAYPy_Simulation_bessy3_long_52_errors_off_old_FLUX/round_4/5_bessy3_long_52_errors_off_old_FLUX.rml
2024-12-22 16:58:06,907 - INFO - Prepared sim number: 6: RAYPy_Simulation_bessy3_long_52_errors_off_old_FLUX/round_4/6_bessy3_long_52_errors_off_old_FLUX.rml
2024-12-22 16:58:06,908 - INFO - Prepared sim number: 7: RAYPy_Simulation_bessy3_long_52_errors_off_old_FLUX/round_4/7_bessy3_long_52_errors_off_old_FLUX.rml
2024-12-22 16:58:06,909 - INFO - Prepared sim number: 8: RAYPy_Simulation_bessy3_long_52_errors_off_old_FLUX/round_4/8_bessy3_long_52_errors_off_old_FLUX.rml
2024-12-22 16:58:06,910 - INFO - Prepared sim number: 9: RAYPy_Simulation_bessy3_long_52_errors_off_old_FLUX/round_4/9_bessy3_long_52_errors_off_old_FLUX.rml
2024-12-22 16:58:06,911 - INFO - Prepared sim number: 10: RAYPy_Simulation_bessy3_long_52_errors_off_old_FLUX/round_4/10_bessy3_long_52_errors_off_old_FLUX.rml
2024-12-22 16:58:06,913 - INFO - Prepared sim number: 11: RAYPy_Simulation_bessy3_long_52_errors_off_old_FLUX/round_4/11_bessy3_long_52_errors_off_old_FLUX.rml
2024-12-22 16:58:06,914 - INFO - Prepared sim number: 12: RAYPy_Simulation_bessy3_long_52_errors_off_old_FLUX/round_4/12_bessy3_long_52_errors_off_old_FLUX.rml
2024-12-22 16:58:06,915 - INFO - Prepared sim number: 13: RAYPy_Simulation_bessy3_long_52_errors_off_old_FLUX/round_4/13_bessy3_long_52_errors_off_old_FLUX.rml
2024-12-22 16:58:06,916 - INFO - Prepared sim number: 14: RAYPy_Simulation_bessy3_long_52_errors_off_old_FLUX/round_4/14_bessy3_long_52_errors_off_old_FLUX.rml
2024-12-22 16:58:06,917 - INFO - Prepared sim number: 15: RAYPy_Simulation_bessy3_long_52_errors_off_old_FLUX/round_4/15_bessy3_long_52_errors_off_old_FLUX.rml
2024-12-22 16:58:06,918 - INFO - Prepared sim number: 16: RAYPy_Simulation_bessy3_long_52_errors_off_old_FLUX/round_4/16_bessy3_long_52_errors_off_old_FLUX.rml
2024-12-22 16:58:06,919 - INFO - Prepared sim number: 17: RAYPy_Simulation_bessy3_long_52_errors_off_old_FLUX/round_4/17_bessy3_long_52_errors_off_old_FLUX.rml
2024-12-22 16:58:06,920 - INFO - Prepared sim number: 18: RAYPy_Simulation_bessy3_long_52_errors_off_old_FLUX/round_4/18_bessy3_long_52_errors_off_old_FLUX.rml
2024-12-22 16:58:06,921 - INFO - Prepared sim number: 19: RAYPy_Simulation_bessy3_long_52_errors_off_old_FLUX/round_4/19_bessy3_long_52_errors_off_old_FLUX.rml
2024-12-22 16:58:06,922 - INFO - Prepared sim number: 20: RAYPy_Simulation_bessy3_long_52_errors_off_old_FLUX/round_4/20_bessy3_long_52_errors_off_old_FLUX.rml
2024-12-22 16:58:06,924 - INFO - Prepared sim number: 21: RAYPy_Simulation_bessy3_long_52_errors_off_old_FLUX/round_4/21_bessy3_long_52_errors_off_old_FLUX.rml
2024-12-22 16:58:06,925 - INFO - Prepared sim number: 22: RAYPy_Simulation_bessy3_long_52_errors_off_old_FLUX/round_4/22_bessy3_long_52_errors_off_old_FLUX.rml
2024-12-22 16:58:06,926 - INFO - Prepared sim number: 23: RAYPy_Simulation_bessy3_long_52_errors_off_old_FLUX/round_4/23_bessy3_long_52_errors_off_old_FLUX.rml
2024-12-22 16:58:06,928 - INFO - Prepared sim number: 24: RAYPy_Simulation_bessy3_long_52_errors_off_old_FLUX/round_4/24_bessy3_long_52_errors_off_old_FLUX.rml
2024-12-22 16:58:06,929 - INFO - Prepared sim number: 25: RAYPy_Simulation_bessy3_long_52_errors_off_old_FLUX/round_4/25_bessy3_long_52_errors_off_old_FLUX.rml
2024-12-22 16:58:06,931 - INFO - Prepared sim number: 26: RAYPy_Simulation_bessy3_long_52_errors_off_old_FLUX/round_4/26_bessy3_long_52_errors_off_old_FLUX.rml
2024-12-22 16:58:06,932 - INFO - Prepared sim number: 27: RAYPy_Simulation_bessy3_long_52_errors_off_old_FLUX/round_4/27_bessy3_long_52_errors_off_old_FLUX.rml
2024-12-22 16:58:06,933 - INFO - Prepared sim number: 28: RAYPy_Simulation_bessy3_long_52_errors_off_old_FLUX/round_4/28_bessy3_long_52_errors_off_old_FLUX.rml
2024-12-22 16:58:06,934 - INFO - Prepared sim number: 29: RAYPy_Simulation_bessy3_long_52_errors_off_old_FLUX/round_4/29_bessy3_long_52_errors_off_old_FLUX.rml
2024-12-22 16:58:06,935 - INFO - Prepared sim number: 30: RAYPy_Simulation_bessy3_long_52_errors_off_old_FLUX/round_4/30_bessy3_long_52_errors_off_old_FLUX.rml
2024-12-22 16:58:06,936 - INFO - Prepared sim number: 31: RAYPy_Simulation_bessy3_long_52_errors_off_old_FLUX/round_4/31_bessy3_long_52_errors_off_old_FLUX.rml
2024-12-22 16:58:06,936 - INFO - Waiting for batch number: 4, timeout: 50.615550068020816s
2024-12-22 16:58:12,543 - INFO - Completed: 1, remaining: 39, RAYPy_Simulation_bessy3_long_52_errors_off_old_FLUX/round_3/41_bessy3_long_52_errors_off_old_FLUX.rml
2024-12-22 16:58:15,092 - INFO - Completed: 2, remaining: 38, RAYPy_Simulation_bessy3_long_52_errors_off_old_FLUX/round_3/36_bessy3_long_52_errors_off_old_FLUX.rml
2024-12-22 16:58:15,187 - INFO - Completed: 3, remaining: 37, RAYPy_Simulation_bessy3_long_52_errors_off_old_FLUX/round_3/35_bessy3_long_52_errors_off_old_FLUX.rml
2024-12-22 16:58:15,549 - INFO - Completed: 4, remaining: 36, RAYPy_Simulation_bessy3_long_52_errors_off_old_FLUX/round_3/37_bessy3_long_52_errors_off_old_FLUX.rml
2024-12-22 16:58:16,662 - INFO - Completed: 5, remaining: 35, RAYPy_Simulation_bessy3_long_52_errors_off_old_FLUX/round_3/40_bessy3_long_52_errors_off_old_FLUX.rml
2024-12-22 16:58:17,607 - INFO - Completed: 6, remaining: 34, RAYPy_Simulation_bessy3_long_52_errors_off_old_FLUX/round_3/38_bessy3_long_52_errors_off_old_FLUX.rml
2024-12-22 16:58:17,724 - INFO - Completed: 7, remaining: 33, RAYPy_Simulation_bessy3_long_52_errors_off_old_FLUX/round_3/39_bessy3_long_52_errors_off_old_FLUX.rml
2024-12-22 16:58:18,821 - INFO - Completed: 8, remaining: 32, RAYPy_Simulation_bessy3_long_52_errors_off_old_FLUX/round_3/34_bessy3_long_52_errors_off_old_FLUX.rml
2024-12-22 16:58:20,768 - INFO - Completed: 9, remaining: 31, RAYPy_Simulation_bessy3_long_52_errors_off_old_FLUX/round_4/0_bessy3_long_52_errors_off_old_FLUX.rml
2024-12-22 16:58:22,661 - INFO - Completed: 10, remaining: 30, RAYPy_Simulation_bessy3_long_52_errors_off_old_FLUX/round_4/2_bessy3_long_52_errors_off_old_FLUX.rml
2024-12-22 16:58:23,012 - INFO - Completed: 11, remaining: 29, RAYPy_Simulation_bessy3_long_52_errors_off_old_FLUX/round_4/1_bessy3_long_52_errors_off_old_FLUX.rml
2024-12-22 16:58:23,483 - INFO - Completed: 12, remaining: 28, RAYPy_Simulation_bessy3_long_52_errors_off_old_FLUX/round_4/3_bessy3_long_52_errors_off_old_FLUX.rml
2024-12-22 16:58:25,225 - INFO - Completed: 13, remaining: 27, RAYPy_Simulation_bessy3_long_52_errors_off_old_FLUX/round_4/5_bessy3_long_52_errors_off_old_FLUX.rml
2024-12-22 16:58:26,437 - INFO - Completed: 14, remaining: 26, RAYPy_Simulation_bessy3_long_52_errors_off_old_FLUX/round_4/4_bessy3_long_52_errors_off_old_FLUX.rml
2024-12-22 16:58:26,469 - INFO - Completed: 15, remaining: 25, RAYPy_Simulation_bessy3_long_52_errors_off_old_FLUX/round_4/7_bessy3_long_52_errors_off_old_FLUX.rml
2024-12-22 16:58:26,916 - INFO - Completed: 16, remaining: 24, RAYPy_Simulation_bessy3_long_52_errors_off_old_FLUX/round_4/6_bessy3_long_52_errors_off_old_FLUX.rml
2024-12-22 16:58:30,858 - INFO - Completed: 17, remaining: 23, RAYPy_Simulation_bessy3_long_52_errors_off_old_FLUX/round_4/9_bessy3_long_52_errors_off_old_FLUX.rml
2024-12-22 16:58:30,923 - INFO - Completed: 18, remaining: 22, RAYPy_Simulation_bessy3_long_52_errors_off_old_FLUX/round_4/8_bessy3_long_52_errors_off_old_FLUX.rml
2024-12-22 16:58:31,789 - INFO - Completed: 19, remaining: 21, RAYPy_Simulation_bessy3_long_52_errors_off_old_FLUX/round_4/11_bessy3_long_52_errors_off_old_FLUX.rml
2024-12-22 16:58:32,631 - INFO - Completed: 20, remaining: 20, RAYPy_Simulation_bessy3_long_52_errors_off_old_FLUX/round_4/10_bessy3_long_52_errors_off_old_FLUX.rml
2024-12-22 16:58:33,397 - INFO - Completed: 21, remaining: 19, RAYPy_Simulation_bessy3_long_52_errors_off_old_FLUX/round_4/12_bessy3_long_52_errors_off_old_FLUX.rml
2024-12-22 16:58:35,225 - INFO - Completed: 22, remaining: 18, RAYPy_Simulation_bessy3_long_52_errors_off_old_FLUX/round_4/15_bessy3_long_52_errors_off_old_FLUX.rml
2024-12-22 16:58:35,996 - INFO - Completed: 23, remaining: 17, RAYPy_Simulation_bessy3_long_52_errors_off_old_FLUX/round_4/13_bessy3_long_52_errors_off_old_FLUX.rml
2024-12-22 16:58:37,004 - INFO - Completed: 24, remaining: 16, RAYPy_Simulation_bessy3_long_52_errors_off_old_FLUX/round_4/14_bessy3_long_52_errors_off_old_FLUX.rml
2024-12-22 16:58:39,347 - INFO - Completed: 25, remaining: 15, RAYPy_Simulation_bessy3_long_52_errors_off_old_FLUX/round_4/17_bessy3_long_52_errors_off_old_FLUX.rml
2024-12-22 16:58:39,866 - INFO - Completed: 26, remaining: 14, RAYPy_Simulation_bessy3_long_52_errors_off_old_FLUX/round_4/16_bessy3_long_52_errors_off_old_FLUX.rml
2024-12-22 16:58:41,528 - INFO - Completed: 27, remaining: 13, RAYPy_Simulation_bessy3_long_52_errors_off_old_FLUX/round_4/18_bessy3_long_52_errors_off_old_FLUX.rml
2024-12-22 16:58:42,378 - INFO - Completed: 28, remaining: 12, RAYPy_Simulation_bessy3_long_52_errors_off_old_FLUX/round_4/19_bessy3_long_52_errors_off_old_FLUX.rml
2024-12-22 16:58:42,572 - INFO - Completed: 29, remaining: 11, RAYPy_Simulation_bessy3_long_52_errors_off_old_FLUX/round_4/20_bessy3_long_52_errors_off_old_FLUX.rml
2024-12-22 16:58:43,255 - INFO - Completed: 30, remaining: 10, RAYPy_Simulation_bessy3_long_52_errors_off_old_FLUX/round_4/21_bessy3_long_52_errors_off_old_FLUX.rml
2024-12-22 16:58:43,541 - INFO - Completed: 31, remaining: 9, RAYPy_Simulation_bessy3_long_52_errors_off_old_FLUX/round_4/22_bessy3_long_52_errors_off_old_FLUX.rml
2024-12-22 16:58:43,841 - INFO - Completed: 32, remaining: 8, RAYPy_Simulation_bessy3_long_52_errors_off_old_FLUX/round_4/23_bessy3_long_52_errors_off_old_FLUX.rml
2024-12-22 16:58:47,801 - INFO - Completed: 33, remaining: 7, RAYPy_Simulation_bessy3_long_52_errors_off_old_FLUX/round_4/24_bessy3_long_52_errors_off_old_FLUX.rml
2024-12-22 16:58:48,322 - INFO - Completed: 34, remaining: 6, RAYPy_Simulation_bessy3_long_52_errors_off_old_FLUX/round_4/26_bessy3_long_52_errors_off_old_FLUX.rml
2024-12-22 16:58:49,063 - INFO - Completed: 35, remaining: 5, RAYPy_Simulation_bessy3_long_52_errors_off_old_FLUX/round_4/25_bessy3_long_52_errors_off_old_FLUX.rml
2024-12-22 16:58:50,512 - INFO - Completed: 36, remaining: 4, RAYPy_Simulation_bessy3_long_52_errors_off_old_FLUX/round_4/29_bessy3_long_52_errors_off_old_FLUX.rml
2024-12-22 16:58:50,811 - INFO - Completed: 37, remaining: 3, RAYPy_Simulation_bessy3_long_52_errors_off_old_FLUX/round_4/27_bessy3_long_52_errors_off_old_FLUX.rml
2024-12-22 16:58:51,311 - INFO - Completed: 38, remaining: 2, RAYPy_Simulation_bessy3_long_52_errors_off_old_FLUX/round_4/28_bessy3_long_52_errors_off_old_FLUX.rml
2024-12-22 16:58:51,474 - INFO - Completed: 39, remaining: 1, RAYPy_Simulation_bessy3_long_52_errors_off_old_FLUX/round_4/30_bessy3_long_52_errors_off_old_FLUX.rml
2024-12-22 16:58:51,561 - INFO - Completed: 40, remaining: 0, RAYPy_Simulation_bessy3_long_52_errors_off_old_FLUX/round_4/31_bessy3_long_52_errors_off_old_FLUX.rml
2024-12-22 16:58:51,561 - INFO - Batch Completed
2024-12-22 16:58:51,561 - INFO - Waiting For batch, 40 simulations to go
2024-12-22 16:58:51,564 - INFO - Prepared sim number: 32: RAYPy_Simulation_bessy3_long_52_errors_off_old_FLUX/round_4/32_bessy3_long_52_errors_off_old_FLUX.rml
2024-12-22 16:58:51,566 - INFO - Prepared sim number: 33: RAYPy_Simulation_bessy3_long_52_errors_off_old_FLUX/round_4/33_bessy3_long_52_errors_off_old_FLUX.rml
2024-12-22 16:58:51,568 - INFO - Prepared sim number: 34: RAYPy_Simulation_bessy3_long_52_errors_off_old_FLUX/round_4/34_bessy3_long_52_errors_off_old_FLUX.rml
2024-12-22 16:58:51,569 - INFO - Prepared sim number: 35: RAYPy_Simulation_bessy3_long_52_errors_off_old_FLUX/round_4/35_bessy3_long_52_errors_off_old_FLUX.rml
2024-12-22 16:58:51,571 - INFO - Prepared sim number: 36: RAYPy_Simulation_bessy3_long_52_errors_off_old_FLUX/round_4/36_bessy3_long_52_errors_off_old_FLUX.rml
2024-12-22 16:58:51,572 - INFO - Prepared sim number: 37: RAYPy_Simulation_bessy3_long_52_errors_off_old_FLUX/round_4/37_bessy3_long_52_errors_off_old_FLUX.rml
2024-12-22 16:58:51,574 - INFO - Prepared sim number: 38: RAYPy_Simulation_bessy3_long_52_errors_off_old_FLUX/round_4/38_bessy3_long_52_errors_off_old_FLUX.rml
2024-12-22 16:58:51,575 - INFO - Prepared sim number: 39: RAYPy_Simulation_bessy3_long_52_errors_off_old_FLUX/round_4/39_bessy3_long_52_errors_off_old_FLUX.rml
2024-12-22 16:58:51,577 - INFO - Prepared sim number: 40: RAYPy_Simulation_bessy3_long_52_errors_off_old_FLUX/round_4/40_bessy3_long_52_errors_off_old_FLUX.rml
2024-12-22 16:58:51,578 - INFO - Prepared sim number: 41: RAYPy_Simulation_bessy3_long_52_errors_off_old_FLUX/round_4/41_bessy3_long_52_errors_off_old_FLUX.rml
2024-12-22 16:58:51,578 - INFO - Waiting for batch number: 5, timeout: 50.85263459444047s
2024-12-22 16:58:57,931 - INFO - Completed: 1, remaining: 39, RAYPy_Simulation_bessy3_long_52_errors_off_old_FLUX/round_4/32_bessy3_long_52_errors_off_old_FLUX.rml
2024-12-22 16:58:58,565 - INFO - Completed: 2, remaining: 38, RAYPy_Simulation_bessy3_long_52_errors_off_old_FLUX/round_4/39_bessy3_long_52_errors_off_old_FLUX.rml
2024-12-22 16:58:59,973 - INFO - Completed: 3, remaining: 37, RAYPy_Simulation_bessy3_long_52_errors_off_old_FLUX/round_4/35_bessy3_long_52_errors_off_old_FLUX.rml
2024-12-22 16:59:00,059 - INFO - Completed: 4, remaining: 36, RAYPy_Simulation_bessy3_long_52_errors_off_old_FLUX/round_4/34_bessy3_long_52_errors_off_old_FLUX.rml
2024-12-22 16:59:00,360 - INFO - Completed: 5, remaining: 35, RAYPy_Simulation_bessy3_long_52_errors_off_old_FLUX/round_4/38_bessy3_long_52_errors_off_old_FLUX.rml
2024-12-22 16:59:00,395 - INFO - Completed: 6, remaining: 34, RAYPy_Simulation_bessy3_long_52_errors_off_old_FLUX/round_4/36_bessy3_long_52_errors_off_old_FLUX.rml
2024-12-22 16:59:00,554 - INFO - Completed: 7, remaining: 33, RAYPy_Simulation_bessy3_long_52_errors_off_old_FLUX/round_4/37_bessy3_long_52_errors_off_old_FLUX.rml
2024-12-22 16:59:01,865 - INFO - Completed: 8, remaining: 32, RAYPy_Simulation_bessy3_long_52_errors_off_old_FLUX/round_4/33_bessy3_long_52_errors_off_old_FLUX.rml
2024-12-22 16:59:03,742 - INFO - Completed: 9, remaining: 31, RAYPy_Simulation_bessy3_long_52_errors_off_old_FLUX/round_4/41_bessy3_long_52_errors_off_old_FLUX.rml
2024-12-22 16:59:03,847 - INFO - Completed: 10, remaining: 30, RAYPy_Simulation_bessy3_long_52_errors_off_old_FLUX/round_4/40_bessy3_long_52_errors_off_old_FLUX.rml
2024-12-22 16:59:03,847 - INFO - Batch Completed
2024-12-22 16:59:03,847 - INFO - Waiting For batch, 40 simulations to go
2024-12-22 16:59:03,847 - INFO - Remaning Simulations 0, stop the simulations loop
2024-12-22 16:59:03,848 - INFO - Checking that all simulations are completed before stopping the ProcessPoolExecutor
2024-12-22 16:59:03,857 - INFO - Executor shutdown completed.
2024-12-22 16:59:03,858 - INFO - Simulation completed successfully.
2024-12-22 16:59:03,858 - INFO - Starting cleanup
2024-12-22 16:59:04,030 - INFO - Done with the cleanup
2024-12-22 16:59:04,030 - INFO - Create Pandas Recap Files
2024-12-22 16:59:04,043 - INFO - End of the Simulations
