2024-12-17 11:53:34,900 - INFO - Simulation started, using 12 workers
2024-12-17 11:53:34,904 - INFO - Start round 0
2024-12-17 11:53:34,914 - INFO - Prepared sim number: 0: RAYPy_Simulation_bessy2_56m_PGM_2Perc_coupling_errors_on_FLUX/round_0/0_bessy2_56m_PGM_2Perc_coupling_errors_on_FLUX.rml
2024-12-17 11:53:34,923 - INFO - Prepared sim number: 1: RAYPy_Simulation_bessy2_56m_PGM_2Perc_coupling_errors_on_FLUX/round_0/1_bessy2_56m_PGM_2Perc_coupling_errors_on_FLUX.rml
2024-12-17 11:53:34,936 - INFO - Prepared sim number: 2: RAYPy_Simulation_bessy2_56m_PGM_2Perc_coupling_errors_on_FLUX/round_0/2_bessy2_56m_PGM_2Perc_coupling_errors_on_FLUX.rml
2024-12-17 11:53:34,950 - INFO - Prepared sim number: 3: RAYPy_Simulation_bessy2_56m_PGM_2Perc_coupling_errors_on_FLUX/round_0/3_bessy2_56m_PGM_2Perc_coupling_errors_on_FLUX.rml
2024-12-17 11:53:34,959 - INFO - Prepared sim number: 4: RAYPy_Simulation_bessy2_56m_PGM_2Perc_coupling_errors_on_FLUX/round_0/4_bessy2_56m_PGM_2Perc_coupling_errors_on_FLUX.rml
2024-12-17 11:53:34,972 - INFO - Prepared sim number: 5: RAYPy_Simulation_bessy2_56m_PGM_2Perc_coupling_errors_on_FLUX/round_0/5_bessy2_56m_PGM_2Perc_coupling_errors_on_FLUX.rml
2024-12-17 11:53:34,983 - INFO - Prepared sim number: 6: RAYPy_Simulation_bessy2_56m_PGM_2Perc_coupling_errors_on_FLUX/round_0/6_bessy2_56m_PGM_2Perc_coupling_errors_on_FLUX.rml
2024-12-17 11:53:34,995 - INFO - Prepared sim number: 7: RAYPy_Simulation_bessy2_56m_PGM_2Perc_coupling_errors_on_FLUX/round_0/7_bessy2_56m_PGM_2Perc_coupling_errors_on_FLUX.rml
2024-12-17 11:53:35,003 - INFO - Prepared sim number: 8: RAYPy_Simulation_bessy2_56m_PGM_2Perc_coupling_errors_on_FLUX/round_0/8_bessy2_56m_PGM_2Perc_coupling_errors_on_FLUX.rml
2024-12-17 11:53:35,012 - INFO - Prepared sim number: 9: RAYPy_Simulation_bessy2_56m_PGM_2Perc_coupling_errors_on_FLUX/round_0/9_bessy2_56m_PGM_2Perc_coupling_errors_on_FLUX.rml
2024-12-17 11:53:35,019 - INFO - Prepared sim number: 10: RAYPy_Simulation_bessy2_56m_PGM_2Perc_coupling_errors_on_FLUX/round_0/10_bessy2_56m_PGM_2Perc_coupling_errors_on_FLUX.rml
2024-12-17 11:53:35,028 - INFO - Prepared sim number: 11: RAYPy_Simulation_bessy2_56m_PGM_2Perc_coupling_errors_on_FLUX/round_0/11_bessy2_56m_PGM_2Perc_coupling_errors_on_FLUX.rml
2024-12-17 11:53:35,036 - INFO - Prepared sim number: 12: RAYPy_Simulation_bessy2_56m_PGM_2Perc_coupling_errors_on_FLUX/round_0/12_bessy2_56m_PGM_2Perc_coupling_errors_on_FLUX.rml
2024-12-17 11:53:35,045 - INFO - Prepared sim number: 13: RAYPy_Simulation_bessy2_56m_PGM_2Perc_coupling_errors_on_FLUX/round_0/13_bessy2_56m_PGM_2Perc_coupling_errors_on_FLUX.rml
2024-12-17 11:53:35,053 - INFO - Prepared sim number: 14: RAYPy_Simulation_bessy2_56m_PGM_2Perc_coupling_errors_on_FLUX/round_0/14_bessy2_56m_PGM_2Perc_coupling_errors_on_FLUX.rml
2024-12-17 11:53:35,061 - INFO - Prepared sim number: 15: RAYPy_Simulation_bessy2_56m_PGM_2Perc_coupling_errors_on_FLUX/round_0/15_bessy2_56m_PGM_2Perc_coupling_errors_on_FLUX.rml
2024-12-17 11:53:35,068 - INFO - Prepared sim number: 16: RAYPy_Simulation_bessy2_56m_PGM_2Perc_coupling_errors_on_FLUX/round_0/16_bessy2_56m_PGM_2Perc_coupling_errors_on_FLUX.rml
2024-12-17 11:53:35,076 - INFO - Prepared sim number: 17: RAYPy_Simulation_bessy2_56m_PGM_2Perc_coupling_errors_on_FLUX/round_0/17_bessy2_56m_PGM_2Perc_coupling_errors_on_FLUX.rml
2024-12-17 11:53:35,084 - INFO - Prepared sim number: 18: RAYPy_Simulation_bessy2_56m_PGM_2Perc_coupling_errors_on_FLUX/round_0/18_bessy2_56m_PGM_2Perc_coupling_errors_on_FLUX.rml
2024-12-17 11:53:35,091 - INFO - Prepared sim number: 19: RAYPy_Simulation_bessy2_56m_PGM_2Perc_coupling_errors_on_FLUX/round_0/19_bessy2_56m_PGM_2Perc_coupling_errors_on_FLUX.rml
2024-12-17 11:53:35,100 - INFO - Prepared sim number: 20: RAYPy_Simulation_bessy2_56m_PGM_2Perc_coupling_errors_on_FLUX/round_0/20_bessy2_56m_PGM_2Perc_coupling_errors_on_FLUX.rml
2024-12-17 11:53:35,109 - INFO - Prepared sim number: 21: RAYPy_Simulation_bessy2_56m_PGM_2Perc_coupling_errors_on_FLUX/round_0/21_bessy2_56m_PGM_2Perc_coupling_errors_on_FLUX.rml
2024-12-17 11:53:35,117 - INFO - Prepared sim number: 22: RAYPy_Simulation_bessy2_56m_PGM_2Perc_coupling_errors_on_FLUX/round_0/22_bessy2_56m_PGM_2Perc_coupling_errors_on_FLUX.rml
2024-12-17 11:53:35,125 - INFO - Prepared sim number: 23: RAYPy_Simulation_bessy2_56m_PGM_2Perc_coupling_errors_on_FLUX/round_0/23_bessy2_56m_PGM_2Perc_coupling_errors_on_FLUX.rml
2024-12-17 11:53:35,134 - INFO - Prepared sim number: 24: RAYPy_Simulation_bessy2_56m_PGM_2Perc_coupling_errors_on_FLUX/round_0/24_bessy2_56m_PGM_2Perc_coupling_errors_on_FLUX.rml
2024-12-17 11:53:35,141 - INFO - Prepared sim number: 25: RAYPy_Simulation_bessy2_56m_PGM_2Perc_coupling_errors_on_FLUX/round_0/25_bessy2_56m_PGM_2Perc_coupling_errors_on_FLUX.rml
2024-12-17 11:53:35,148 - INFO - Prepared sim number: 26: RAYPy_Simulation_bessy2_56m_PGM_2Perc_coupling_errors_on_FLUX/round_0/26_bessy2_56m_PGM_2Perc_coupling_errors_on_FLUX.rml
2024-12-17 11:53:35,156 - INFO - Prepared sim number: 27: RAYPy_Simulation_bessy2_56m_PGM_2Perc_coupling_errors_on_FLUX/round_0/27_bessy2_56m_PGM_2Perc_coupling_errors_on_FLUX.rml
2024-12-17 11:53:35,164 - INFO - Prepared sim number: 28: RAYPy_Simulation_bessy2_56m_PGM_2Perc_coupling_errors_on_FLUX/round_0/28_bessy2_56m_PGM_2Perc_coupling_errors_on_FLUX.rml
2024-12-17 11:53:35,172 - INFO - Prepared sim number: 29: RAYPy_Simulation_bessy2_56m_PGM_2Perc_coupling_errors_on_FLUX/round_0/29_bessy2_56m_PGM_2Perc_coupling_errors_on_FLUX.rml
2024-12-17 11:53:35,180 - INFO - Prepared sim number: 30: RAYPy_Simulation_bessy2_56m_PGM_2Perc_coupling_errors_on_FLUX/round_0/30_bessy2_56m_PGM_2Perc_coupling_errors_on_FLUX.rml
2024-12-17 11:53:35,188 - INFO - Prepared sim number: 31: RAYPy_Simulation_bessy2_56m_PGM_2Perc_coupling_errors_on_FLUX/round_0/31_bessy2_56m_PGM_2Perc_coupling_errors_on_FLUX.rml
2024-12-17 11:53:35,197 - INFO - Prepared sim number: 32: RAYPy_Simulation_bessy2_56m_PGM_2Perc_coupling_errors_on_FLUX/round_0/32_bessy2_56m_PGM_2Perc_coupling_errors_on_FLUX.rml
2024-12-17 11:53:35,207 - INFO - Prepared sim number: 33: RAYPy_Simulation_bessy2_56m_PGM_2Perc_coupling_errors_on_FLUX/round_0/33_bessy2_56m_PGM_2Perc_coupling_errors_on_FLUX.rml
2024-12-17 11:53:35,216 - INFO - Prepared sim number: 34: RAYPy_Simulation_bessy2_56m_PGM_2Perc_coupling_errors_on_FLUX/round_0/34_bessy2_56m_PGM_2Perc_coupling_errors_on_FLUX.rml
2024-12-17 11:53:35,223 - INFO - Prepared sim number: 35: RAYPy_Simulation_bessy2_56m_PGM_2Perc_coupling_errors_on_FLUX/round_0/35_bessy2_56m_PGM_2Perc_coupling_errors_on_FLUX.rml
2024-12-17 11:53:35,232 - INFO - Prepared sim number: 36: RAYPy_Simulation_bessy2_56m_PGM_2Perc_coupling_errors_on_FLUX/round_0/36_bessy2_56m_PGM_2Perc_coupling_errors_on_FLUX.rml
2024-12-17 11:53:35,240 - INFO - Prepared sim number: 37: RAYPy_Simulation_bessy2_56m_PGM_2Perc_coupling_errors_on_FLUX/round_0/37_bessy2_56m_PGM_2Perc_coupling_errors_on_FLUX.rml
2024-12-17 11:53:35,247 - INFO - Prepared sim number: 38: RAYPy_Simulation_bessy2_56m_PGM_2Perc_coupling_errors_on_FLUX/round_0/38_bessy2_56m_PGM_2Perc_coupling_errors_on_FLUX.rml
2024-12-17 11:53:35,254 - INFO - Prepared sim number: 39: RAYPy_Simulation_bessy2_56m_PGM_2Perc_coupling_errors_on_FLUX/round_0/39_bessy2_56m_PGM_2Perc_coupling_errors_on_FLUX.rml
2024-12-17 11:53:35,262 - INFO - Prepared sim number: 40: RAYPy_Simulation_bessy2_56m_PGM_2Perc_coupling_errors_on_FLUX/round_0/40_bessy2_56m_PGM_2Perc_coupling_errors_on_FLUX.rml
2024-12-17 11:53:35,270 - INFO - Prepared sim number: 41: RAYPy_Simulation_bessy2_56m_PGM_2Perc_coupling_errors_on_FLUX/round_0/41_bessy2_56m_PGM_2Perc_coupling_errors_on_FLUX.rml
2024-12-17 11:53:35,270 - INFO - Start round 1
2024-12-17 11:53:35,274 - INFO - Prepared sim number: 0: RAYPy_Simulation_bessy2_56m_PGM_2Perc_coupling_errors_on_FLUX/round_1/0_bessy2_56m_PGM_2Perc_coupling_errors_on_FLUX.rml
2024-12-17 11:53:35,278 - INFO - Prepared sim number: 1: RAYPy_Simulation_bessy2_56m_PGM_2Perc_coupling_errors_on_FLUX/round_1/1_bessy2_56m_PGM_2Perc_coupling_errors_on_FLUX.rml
2024-12-17 11:53:35,281 - INFO - Prepared sim number: 2: RAYPy_Simulation_bessy2_56m_PGM_2Perc_coupling_errors_on_FLUX/round_1/2_bessy2_56m_PGM_2Perc_coupling_errors_on_FLUX.rml
2024-12-17 11:53:35,285 - INFO - Prepared sim number: 3: RAYPy_Simulation_bessy2_56m_PGM_2Perc_coupling_errors_on_FLUX/round_1/3_bessy2_56m_PGM_2Perc_coupling_errors_on_FLUX.rml
2024-12-17 11:53:35,289 - INFO - Prepared sim number: 4: RAYPy_Simulation_bessy2_56m_PGM_2Perc_coupling_errors_on_FLUX/round_1/4_bessy2_56m_PGM_2Perc_coupling_errors_on_FLUX.rml
2024-12-17 11:53:35,293 - INFO - Prepared sim number: 5: RAYPy_Simulation_bessy2_56m_PGM_2Perc_coupling_errors_on_FLUX/round_1/5_bessy2_56m_PGM_2Perc_coupling_errors_on_FLUX.rml
2024-12-17 11:53:35,296 - INFO - Prepared sim number: 6: RAYPy_Simulation_bessy2_56m_PGM_2Perc_coupling_errors_on_FLUX/round_1/6_bessy2_56m_PGM_2Perc_coupling_errors_on_FLUX.rml
2024-12-17 11:53:35,300 - INFO - Prepared sim number: 7: RAYPy_Simulation_bessy2_56m_PGM_2Perc_coupling_errors_on_FLUX/round_1/7_bessy2_56m_PGM_2Perc_coupling_errors_on_FLUX.rml
2024-12-17 11:53:35,303 - INFO - Prepared sim number: 8: RAYPy_Simulation_bessy2_56m_PGM_2Perc_coupling_errors_on_FLUX/round_1/8_bessy2_56m_PGM_2Perc_coupling_errors_on_FLUX.rml
2024-12-17 11:53:35,307 - INFO - Prepared sim number: 9: RAYPy_Simulation_bessy2_56m_PGM_2Perc_coupling_errors_on_FLUX/round_1/9_bessy2_56m_PGM_2Perc_coupling_errors_on_FLUX.rml
2024-12-17 11:53:35,311 - INFO - Prepared sim number: 10: RAYPy_Simulation_bessy2_56m_PGM_2Perc_coupling_errors_on_FLUX/round_1/10_bessy2_56m_PGM_2Perc_coupling_errors_on_FLUX.rml
2024-12-17 11:53:35,314 - INFO - Prepared sim number: 11: RAYPy_Simulation_bessy2_56m_PGM_2Perc_coupling_errors_on_FLUX/round_1/11_bessy2_56m_PGM_2Perc_coupling_errors_on_FLUX.rml
2024-12-17 11:53:35,318 - INFO - Prepared sim number: 12: RAYPy_Simulation_bessy2_56m_PGM_2Perc_coupling_errors_on_FLUX/round_1/12_bessy2_56m_PGM_2Perc_coupling_errors_on_FLUX.rml
2024-12-17 11:53:35,322 - INFO - Prepared sim number: 13: RAYPy_Simulation_bessy2_56m_PGM_2Perc_coupling_errors_on_FLUX/round_1/13_bessy2_56m_PGM_2Perc_coupling_errors_on_FLUX.rml
2024-12-17 11:53:35,325 - INFO - Prepared sim number: 14: RAYPy_Simulation_bessy2_56m_PGM_2Perc_coupling_errors_on_FLUX/round_1/14_bessy2_56m_PGM_2Perc_coupling_errors_on_FLUX.rml
2024-12-17 11:53:35,329 - INFO - Prepared sim number: 15: RAYPy_Simulation_bessy2_56m_PGM_2Perc_coupling_errors_on_FLUX/round_1/15_bessy2_56m_PGM_2Perc_coupling_errors_on_FLUX.rml
2024-12-17 11:53:35,332 - INFO - Prepared sim number: 16: RAYPy_Simulation_bessy2_56m_PGM_2Perc_coupling_errors_on_FLUX/round_1/16_bessy2_56m_PGM_2Perc_coupling_errors_on_FLUX.rml
2024-12-17 11:53:35,336 - INFO - Prepared sim number: 17: RAYPy_Simulation_bessy2_56m_PGM_2Perc_coupling_errors_on_FLUX/round_1/17_bessy2_56m_PGM_2Perc_coupling_errors_on_FLUX.rml
2024-12-17 11:53:35,351 - INFO - Waiting for batch number: 0, timeout: 60s
2024-12-17 11:53:50,690 - INFO - Completed: 1, remaining: 59, RAYPy_Simulation_bessy2_56m_PGM_2Perc_coupling_errors_on_FLUX/round_0/6_bessy2_56m_PGM_2Perc_coupling_errors_on_FLUX.rml
2024-12-17 11:53:51,530 - INFO - Completed: 2, remaining: 58, RAYPy_Simulation_bessy2_56m_PGM_2Perc_coupling_errors_on_FLUX/round_0/3_bessy2_56m_PGM_2Perc_coupling_errors_on_FLUX.rml
2024-12-17 11:53:51,823 - INFO - Completed: 3, remaining: 57, RAYPy_Simulation_bessy2_56m_PGM_2Perc_coupling_errors_on_FLUX/round_0/10_bessy2_56m_PGM_2Perc_coupling_errors_on_FLUX.rml
2024-12-17 11:53:51,958 - INFO - Completed: 4, remaining: 56, RAYPy_Simulation_bessy2_56m_PGM_2Perc_coupling_errors_on_FLUX/round_0/7_bessy2_56m_PGM_2Perc_coupling_errors_on_FLUX.rml
2024-12-17 11:53:52,094 - INFO - Completed: 5, remaining: 55, RAYPy_Simulation_bessy2_56m_PGM_2Perc_coupling_errors_on_FLUX/round_0/2_bessy2_56m_PGM_2Perc_coupling_errors_on_FLUX.rml
2024-12-17 11:53:52,212 - INFO - Completed: 6, remaining: 54, RAYPy_Simulation_bessy2_56m_PGM_2Perc_coupling_errors_on_FLUX/round_0/9_bessy2_56m_PGM_2Perc_coupling_errors_on_FLUX.rml
2024-12-17 11:53:52,304 - INFO - Completed: 7, remaining: 53, RAYPy_Simulation_bessy2_56m_PGM_2Perc_coupling_errors_on_FLUX/round_0/1_bessy2_56m_PGM_2Perc_coupling_errors_on_FLUX.rml
2024-12-17 11:53:52,515 - INFO - Completed: 8, remaining: 52, RAYPy_Simulation_bessy2_56m_PGM_2Perc_coupling_errors_on_FLUX/round_0/11_bessy2_56m_PGM_2Perc_coupling_errors_on_FLUX.rml
2024-12-17 11:53:53,093 - INFO - Completed: 9, remaining: 51, RAYPy_Simulation_bessy2_56m_PGM_2Perc_coupling_errors_on_FLUX/round_0/5_bessy2_56m_PGM_2Perc_coupling_errors_on_FLUX.rml
2024-12-17 11:53:53,608 - INFO - Completed: 10, remaining: 50, RAYPy_Simulation_bessy2_56m_PGM_2Perc_coupling_errors_on_FLUX/round_0/4_bessy2_56m_PGM_2Perc_coupling_errors_on_FLUX.rml
2024-12-17 11:53:53,849 - INFO - Completed: 11, remaining: 49, RAYPy_Simulation_bessy2_56m_PGM_2Perc_coupling_errors_on_FLUX/round_0/0_bessy2_56m_PGM_2Perc_coupling_errors_on_FLUX.rml
2024-12-17 11:53:53,975 - INFO - Completed: 12, remaining: 48, RAYPy_Simulation_bessy2_56m_PGM_2Perc_coupling_errors_on_FLUX/round_0/8_bessy2_56m_PGM_2Perc_coupling_errors_on_FLUX.rml
2024-12-17 11:54:06,960 - INFO - Completed: 13, remaining: 47, RAYPy_Simulation_bessy2_56m_PGM_2Perc_coupling_errors_on_FLUX/round_0/12_bessy2_56m_PGM_2Perc_coupling_errors_on_FLUX.rml
2024-12-17 11:54:08,404 - INFO - Completed: 14, remaining: 46, RAYPy_Simulation_bessy2_56m_PGM_2Perc_coupling_errors_on_FLUX/round_0/13_bessy2_56m_PGM_2Perc_coupling_errors_on_FLUX.rml
2024-12-17 11:54:09,205 - INFO - Completed: 15, remaining: 45, RAYPy_Simulation_bessy2_56m_PGM_2Perc_coupling_errors_on_FLUX/round_0/14_bessy2_56m_PGM_2Perc_coupling_errors_on_FLUX.rml
2024-12-17 11:54:09,663 - INFO - Completed: 16, remaining: 44, RAYPy_Simulation_bessy2_56m_PGM_2Perc_coupling_errors_on_FLUX/round_0/15_bessy2_56m_PGM_2Perc_coupling_errors_on_FLUX.rml
2024-12-17 11:54:09,839 - INFO - Completed: 17, remaining: 43, RAYPy_Simulation_bessy2_56m_PGM_2Perc_coupling_errors_on_FLUX/round_0/16_bessy2_56m_PGM_2Perc_coupling_errors_on_FLUX.rml
2024-12-17 11:54:10,093 - INFO - Completed: 18, remaining: 42, RAYPy_Simulation_bessy2_56m_PGM_2Perc_coupling_errors_on_FLUX/round_0/18_bessy2_56m_PGM_2Perc_coupling_errors_on_FLUX.rml
2024-12-17 11:54:10,399 - INFO - Completed: 19, remaining: 41, RAYPy_Simulation_bessy2_56m_PGM_2Perc_coupling_errors_on_FLUX/round_0/19_bessy2_56m_PGM_2Perc_coupling_errors_on_FLUX.rml
2024-12-17 11:54:11,050 - INFO - Completed: 20, remaining: 40, RAYPy_Simulation_bessy2_56m_PGM_2Perc_coupling_errors_on_FLUX/round_0/20_bessy2_56m_PGM_2Perc_coupling_errors_on_FLUX.rml
2024-12-17 11:54:11,572 - INFO - Completed: 21, remaining: 39, RAYPy_Simulation_bessy2_56m_PGM_2Perc_coupling_errors_on_FLUX/round_0/17_bessy2_56m_PGM_2Perc_coupling_errors_on_FLUX.rml
2024-12-17 11:54:11,735 - INFO - Completed: 22, remaining: 38, RAYPy_Simulation_bessy2_56m_PGM_2Perc_coupling_errors_on_FLUX/round_0/21_bessy2_56m_PGM_2Perc_coupling_errors_on_FLUX.rml
2024-12-17 11:54:11,820 - INFO - Completed: 23, remaining: 37, RAYPy_Simulation_bessy2_56m_PGM_2Perc_coupling_errors_on_FLUX/round_0/22_bessy2_56m_PGM_2Perc_coupling_errors_on_FLUX.rml
2024-12-17 11:54:11,978 - INFO - Completed: 24, remaining: 36, RAYPy_Simulation_bessy2_56m_PGM_2Perc_coupling_errors_on_FLUX/round_0/23_bessy2_56m_PGM_2Perc_coupling_errors_on_FLUX.rml
2024-12-17 11:54:20,422 - INFO - Completed: 25, remaining: 35, RAYPy_Simulation_bessy2_56m_PGM_2Perc_coupling_errors_on_FLUX/round_0/24_bessy2_56m_PGM_2Perc_coupling_errors_on_FLUX.rml
2024-12-17 11:54:22,435 - INFO - Completed: 26, remaining: 34, RAYPy_Simulation_bessy2_56m_PGM_2Perc_coupling_errors_on_FLUX/round_0/25_bessy2_56m_PGM_2Perc_coupling_errors_on_FLUX.rml
2024-12-17 11:54:25,611 - INFO - Completed: 27, remaining: 33, RAYPy_Simulation_bessy2_56m_PGM_2Perc_coupling_errors_on_FLUX/round_0/26_bessy2_56m_PGM_2Perc_coupling_errors_on_FLUX.rml
2024-12-17 11:54:26,370 - INFO - Completed: 28, remaining: 32, RAYPy_Simulation_bessy2_56m_PGM_2Perc_coupling_errors_on_FLUX/round_0/28_bessy2_56m_PGM_2Perc_coupling_errors_on_FLUX.rml
2024-12-17 11:54:26,506 - INFO - Completed: 29, remaining: 31, RAYPy_Simulation_bessy2_56m_PGM_2Perc_coupling_errors_on_FLUX/round_0/27_bessy2_56m_PGM_2Perc_coupling_errors_on_FLUX.rml
2024-12-17 11:54:27,835 - INFO - Completed: 30, remaining: 30, RAYPy_Simulation_bessy2_56m_PGM_2Perc_coupling_errors_on_FLUX/round_0/30_bessy2_56m_PGM_2Perc_coupling_errors_on_FLUX.rml
2024-12-17 11:54:28,193 - INFO - Completed: 31, remaining: 29, RAYPy_Simulation_bessy2_56m_PGM_2Perc_coupling_errors_on_FLUX/round_0/29_bessy2_56m_PGM_2Perc_coupling_errors_on_FLUX.rml
2024-12-17 11:54:28,380 - INFO - Completed: 32, remaining: 28, RAYPy_Simulation_bessy2_56m_PGM_2Perc_coupling_errors_on_FLUX/round_0/31_bessy2_56m_PGM_2Perc_coupling_errors_on_FLUX.rml
2024-12-17 11:54:28,918 - INFO - Completed: 33, remaining: 27, RAYPy_Simulation_bessy2_56m_PGM_2Perc_coupling_errors_on_FLUX/round_0/34_bessy2_56m_PGM_2Perc_coupling_errors_on_FLUX.rml
2024-12-17 11:54:29,052 - INFO - Completed: 34, remaining: 26, RAYPy_Simulation_bessy2_56m_PGM_2Perc_coupling_errors_on_FLUX/round_0/33_bessy2_56m_PGM_2Perc_coupling_errors_on_FLUX.rml
2024-12-17 11:54:29,102 - INFO - Completed: 35, remaining: 25, RAYPy_Simulation_bessy2_56m_PGM_2Perc_coupling_errors_on_FLUX/round_0/35_bessy2_56m_PGM_2Perc_coupling_errors_on_FLUX.rml
2024-12-17 11:54:30,155 - INFO - Completed: 36, remaining: 24, RAYPy_Simulation_bessy2_56m_PGM_2Perc_coupling_errors_on_FLUX/round_0/32_bessy2_56m_PGM_2Perc_coupling_errors_on_FLUX.rml
2024-12-17 11:54:35,352 - INFO - Exception during simulation: 24 (of 60) futures unfinished
2024-12-17 11:54:40,670 - INFO - Waiting for file RAYPy_Simulation_bessy2_56m_PGM_2Perc_coupling_errors_on_FLUX/round_0/36_bessy2_56m_PGM_2Perc_coupling_errors_on_FLUX.rml, wait_time 20.780841628710427
2024-12-17 11:54:45,718 - INFO - Waiting for file RAYPy_Simulation_bessy2_56m_PGM_2Perc_coupling_errors_on_FLUX/round_0/38_bessy2_56m_PGM_2Perc_coupling_errors_on_FLUX.rml, wait_time 15.780841628710427
2024-12-17 11:54:50,824 - INFO - Waiting for file RAYPy_Simulation_bessy2_56m_PGM_2Perc_coupling_errors_on_FLUX/round_1/5_bessy2_56m_PGM_2Perc_coupling_errors_on_FLUX.rml, wait_time 10.780841628710427
2024-12-17 11:54:55,838 - INFO - Waiting for file RAYPy_Simulation_bessy2_56m_PGM_2Perc_coupling_errors_on_FLUX/round_1/6_bessy2_56m_PGM_2Perc_coupling_errors_on_FLUX.rml, wait_time 5.7808416287104265
2024-12-17 11:55:00,870 - INFO - Waiting for file RAYPy_Simulation_bessy2_56m_PGM_2Perc_coupling_errors_on_FLUX/round_1/8_bessy2_56m_PGM_2Perc_coupling_errors_on_FLUX.rml, wait_time 0.7808416287104265
2024-12-17 11:55:00,888 - INFO - Found all simulations of the batch, futures missed 24 simulations
2024-12-17 11:55:00,890 - INFO - Updated progress bar
2024-12-17 11:55:00,890 - INFO - Batch Completed
2024-12-17 11:55:00,891 - INFO - Waiting For batch, 60 simulations to go
2024-12-17 11:55:00,896 - INFO - Prepared sim number: 18: RAYPy_Simulation_bessy2_56m_PGM_2Perc_coupling_errors_on_FLUX/round_1/18_bessy2_56m_PGM_2Perc_coupling_errors_on_FLUX.rml
2024-12-17 11:55:00,901 - INFO - Prepared sim number: 19: RAYPy_Simulation_bessy2_56m_PGM_2Perc_coupling_errors_on_FLUX/round_1/19_bessy2_56m_PGM_2Perc_coupling_errors_on_FLUX.rml
2024-12-17 11:55:00,908 - INFO - Prepared sim number: 20: RAYPy_Simulation_bessy2_56m_PGM_2Perc_coupling_errors_on_FLUX/round_1/20_bessy2_56m_PGM_2Perc_coupling_errors_on_FLUX.rml
2024-12-17 11:55:00,914 - INFO - Prepared sim number: 21: RAYPy_Simulation_bessy2_56m_PGM_2Perc_coupling_errors_on_FLUX/round_1/21_bessy2_56m_PGM_2Perc_coupling_errors_on_FLUX.rml
2024-12-17 11:55:00,921 - INFO - Prepared sim number: 22: RAYPy_Simulation_bessy2_56m_PGM_2Perc_coupling_errors_on_FLUX/round_1/22_bessy2_56m_PGM_2Perc_coupling_errors_on_FLUX.rml
2024-12-17 11:55:00,928 - INFO - Prepared sim number: 23: RAYPy_Simulation_bessy2_56m_PGM_2Perc_coupling_errors_on_FLUX/round_1/23_bessy2_56m_PGM_2Perc_coupling_errors_on_FLUX.rml
2024-12-17 11:55:00,933 - INFO - Prepared sim number: 24: RAYPy_Simulation_bessy2_56m_PGM_2Perc_coupling_errors_on_FLUX/round_1/24_bessy2_56m_PGM_2Perc_coupling_errors_on_FLUX.rml
2024-12-17 11:55:00,939 - INFO - Prepared sim number: 25: RAYPy_Simulation_bessy2_56m_PGM_2Perc_coupling_errors_on_FLUX/round_1/25_bessy2_56m_PGM_2Perc_coupling_errors_on_FLUX.rml
2024-12-17 11:55:00,944 - INFO - Prepared sim number: 26: RAYPy_Simulation_bessy2_56m_PGM_2Perc_coupling_errors_on_FLUX/round_1/26_bessy2_56m_PGM_2Perc_coupling_errors_on_FLUX.rml
2024-12-17 11:55:00,969 - INFO - Prepared sim number: 27: RAYPy_Simulation_bessy2_56m_PGM_2Perc_coupling_errors_on_FLUX/round_1/27_bessy2_56m_PGM_2Perc_coupling_errors_on_FLUX.rml
2024-12-17 11:55:00,974 - INFO - Prepared sim number: 28: RAYPy_Simulation_bessy2_56m_PGM_2Perc_coupling_errors_on_FLUX/round_1/28_bessy2_56m_PGM_2Perc_coupling_errors_on_FLUX.rml
2024-12-17 11:55:00,979 - INFO - Prepared sim number: 29: RAYPy_Simulation_bessy2_56m_PGM_2Perc_coupling_errors_on_FLUX/round_1/29_bessy2_56m_PGM_2Perc_coupling_errors_on_FLUX.rml
2024-12-17 11:55:00,983 - INFO - Prepared sim number: 30: RAYPy_Simulation_bessy2_56m_PGM_2Perc_coupling_errors_on_FLUX/round_1/30_bessy2_56m_PGM_2Perc_coupling_errors_on_FLUX.rml
2024-12-17 11:55:00,987 - INFO - Prepared sim number: 31: RAYPy_Simulation_bessy2_56m_PGM_2Perc_coupling_errors_on_FLUX/round_1/31_bessy2_56m_PGM_2Perc_coupling_errors_on_FLUX.rml
2024-12-17 11:55:00,991 - INFO - Prepared sim number: 32: RAYPy_Simulation_bessy2_56m_PGM_2Perc_coupling_errors_on_FLUX/round_1/32_bessy2_56m_PGM_2Perc_coupling_errors_on_FLUX.rml
2024-12-17 11:55:00,996 - INFO - Prepared sim number: 33: RAYPy_Simulation_bessy2_56m_PGM_2Perc_coupling_errors_on_FLUX/round_1/33_bessy2_56m_PGM_2Perc_coupling_errors_on_FLUX.rml
2024-12-17 11:55:01,000 - INFO - Prepared sim number: 34: RAYPy_Simulation_bessy2_56m_PGM_2Perc_coupling_errors_on_FLUX/round_1/34_bessy2_56m_PGM_2Perc_coupling_errors_on_FLUX.rml
2024-12-17 11:55:01,005 - INFO - Prepared sim number: 35: RAYPy_Simulation_bessy2_56m_PGM_2Perc_coupling_errors_on_FLUX/round_1/35_bessy2_56m_PGM_2Perc_coupling_errors_on_FLUX.rml
2024-12-17 11:55:01,009 - INFO - Prepared sim number: 36: RAYPy_Simulation_bessy2_56m_PGM_2Perc_coupling_errors_on_FLUX/round_1/36_bessy2_56m_PGM_2Perc_coupling_errors_on_FLUX.rml
2024-12-17 11:55:01,013 - INFO - Prepared sim number: 37: RAYPy_Simulation_bessy2_56m_PGM_2Perc_coupling_errors_on_FLUX/round_1/37_bessy2_56m_PGM_2Perc_coupling_errors_on_FLUX.rml
2024-12-17 11:55:01,017 - INFO - Prepared sim number: 38: RAYPy_Simulation_bessy2_56m_PGM_2Perc_coupling_errors_on_FLUX/round_1/38_bessy2_56m_PGM_2Perc_coupling_errors_on_FLUX.rml
2024-12-17 11:55:01,021 - INFO - Prepared sim number: 39: RAYPy_Simulation_bessy2_56m_PGM_2Perc_coupling_errors_on_FLUX/round_1/39_bessy2_56m_PGM_2Perc_coupling_errors_on_FLUX.rml
2024-12-17 11:55:01,026 - INFO - Prepared sim number: 40: RAYPy_Simulation_bessy2_56m_PGM_2Perc_coupling_errors_on_FLUX/round_1/40_bessy2_56m_PGM_2Perc_coupling_errors_on_FLUX.rml
2024-12-17 11:55:01,030 - INFO - Prepared sim number: 41: RAYPy_Simulation_bessy2_56m_PGM_2Perc_coupling_errors_on_FLUX/round_1/41_bessy2_56m_PGM_2Perc_coupling_errors_on_FLUX.rml
2024-12-17 11:55:01,030 - INFO - Start round 2
2024-12-17 11:55:01,035 - INFO - Prepared sim number: 0: RAYPy_Simulation_bessy2_56m_PGM_2Perc_coupling_errors_on_FLUX/round_2/0_bessy2_56m_PGM_2Perc_coupling_errors_on_FLUX.rml
2024-12-17 11:55:01,039 - INFO - Prepared sim number: 1: RAYPy_Simulation_bessy2_56m_PGM_2Perc_coupling_errors_on_FLUX/round_2/1_bessy2_56m_PGM_2Perc_coupling_errors_on_FLUX.rml
2024-12-17 11:55:01,043 - INFO - Prepared sim number: 2: RAYPy_Simulation_bessy2_56m_PGM_2Perc_coupling_errors_on_FLUX/round_2/2_bessy2_56m_PGM_2Perc_coupling_errors_on_FLUX.rml
2024-12-17 11:55:01,048 - INFO - Prepared sim number: 3: RAYPy_Simulation_bessy2_56m_PGM_2Perc_coupling_errors_on_FLUX/round_2/3_bessy2_56m_PGM_2Perc_coupling_errors_on_FLUX.rml
2024-12-17 11:55:01,051 - INFO - Prepared sim number: 4: RAYPy_Simulation_bessy2_56m_PGM_2Perc_coupling_errors_on_FLUX/round_2/4_bessy2_56m_PGM_2Perc_coupling_errors_on_FLUX.rml
2024-12-17 11:55:01,055 - INFO - Prepared sim number: 5: RAYPy_Simulation_bessy2_56m_PGM_2Perc_coupling_errors_on_FLUX/round_2/5_bessy2_56m_PGM_2Perc_coupling_errors_on_FLUX.rml
2024-12-17 11:55:01,059 - INFO - Prepared sim number: 6: RAYPy_Simulation_bessy2_56m_PGM_2Perc_coupling_errors_on_FLUX/round_2/6_bessy2_56m_PGM_2Perc_coupling_errors_on_FLUX.rml
2024-12-17 11:55:01,064 - INFO - Prepared sim number: 7: RAYPy_Simulation_bessy2_56m_PGM_2Perc_coupling_errors_on_FLUX/round_2/7_bessy2_56m_PGM_2Perc_coupling_errors_on_FLUX.rml
2024-12-17 11:55:01,068 - INFO - Prepared sim number: 8: RAYPy_Simulation_bessy2_56m_PGM_2Perc_coupling_errors_on_FLUX/round_2/8_bessy2_56m_PGM_2Perc_coupling_errors_on_FLUX.rml
2024-12-17 11:55:01,072 - INFO - Prepared sim number: 9: RAYPy_Simulation_bessy2_56m_PGM_2Perc_coupling_errors_on_FLUX/round_2/9_bessy2_56m_PGM_2Perc_coupling_errors_on_FLUX.rml
2024-12-17 11:55:01,076 - INFO - Prepared sim number: 10: RAYPy_Simulation_bessy2_56m_PGM_2Perc_coupling_errors_on_FLUX/round_2/10_bessy2_56m_PGM_2Perc_coupling_errors_on_FLUX.rml
2024-12-17 11:55:01,080 - INFO - Prepared sim number: 11: RAYPy_Simulation_bessy2_56m_PGM_2Perc_coupling_errors_on_FLUX/round_2/11_bessy2_56m_PGM_2Perc_coupling_errors_on_FLUX.rml
2024-12-17 11:55:01,084 - INFO - Prepared sim number: 12: RAYPy_Simulation_bessy2_56m_PGM_2Perc_coupling_errors_on_FLUX/round_2/12_bessy2_56m_PGM_2Perc_coupling_errors_on_FLUX.rml
2024-12-17 11:55:01,088 - INFO - Prepared sim number: 13: RAYPy_Simulation_bessy2_56m_PGM_2Perc_coupling_errors_on_FLUX/round_2/13_bessy2_56m_PGM_2Perc_coupling_errors_on_FLUX.rml
2024-12-17 11:55:01,092 - INFO - Prepared sim number: 14: RAYPy_Simulation_bessy2_56m_PGM_2Perc_coupling_errors_on_FLUX/round_2/14_bessy2_56m_PGM_2Perc_coupling_errors_on_FLUX.rml
2024-12-17 11:55:01,096 - INFO - Prepared sim number: 15: RAYPy_Simulation_bessy2_56m_PGM_2Perc_coupling_errors_on_FLUX/round_2/15_bessy2_56m_PGM_2Perc_coupling_errors_on_FLUX.rml
2024-12-17 11:55:01,100 - INFO - Prepared sim number: 16: RAYPy_Simulation_bessy2_56m_PGM_2Perc_coupling_errors_on_FLUX/round_2/16_bessy2_56m_PGM_2Perc_coupling_errors_on_FLUX.rml
2024-12-17 11:55:01,105 - INFO - Prepared sim number: 17: RAYPy_Simulation_bessy2_56m_PGM_2Perc_coupling_errors_on_FLUX/round_2/17_bessy2_56m_PGM_2Perc_coupling_errors_on_FLUX.rml
2024-12-17 11:55:01,109 - INFO - Prepared sim number: 18: RAYPy_Simulation_bessy2_56m_PGM_2Perc_coupling_errors_on_FLUX/round_2/18_bessy2_56m_PGM_2Perc_coupling_errors_on_FLUX.rml
2024-12-17 11:55:01,113 - INFO - Prepared sim number: 19: RAYPy_Simulation_bessy2_56m_PGM_2Perc_coupling_errors_on_FLUX/round_2/19_bessy2_56m_PGM_2Perc_coupling_errors_on_FLUX.rml
2024-12-17 11:55:01,117 - INFO - Prepared sim number: 20: RAYPy_Simulation_bessy2_56m_PGM_2Perc_coupling_errors_on_FLUX/round_2/20_bessy2_56m_PGM_2Perc_coupling_errors_on_FLUX.rml
2024-12-17 11:55:01,122 - INFO - Prepared sim number: 21: RAYPy_Simulation_bessy2_56m_PGM_2Perc_coupling_errors_on_FLUX/round_2/21_bessy2_56m_PGM_2Perc_coupling_errors_on_FLUX.rml
2024-12-17 11:55:01,127 - INFO - Prepared sim number: 22: RAYPy_Simulation_bessy2_56m_PGM_2Perc_coupling_errors_on_FLUX/round_2/22_bessy2_56m_PGM_2Perc_coupling_errors_on_FLUX.rml
2024-12-17 11:55:01,132 - INFO - Prepared sim number: 23: RAYPy_Simulation_bessy2_56m_PGM_2Perc_coupling_errors_on_FLUX/round_2/23_bessy2_56m_PGM_2Perc_coupling_errors_on_FLUX.rml
2024-12-17 11:55:01,137 - INFO - Prepared sim number: 24: RAYPy_Simulation_bessy2_56m_PGM_2Perc_coupling_errors_on_FLUX/round_2/24_bessy2_56m_PGM_2Perc_coupling_errors_on_FLUX.rml
2024-12-17 11:55:01,142 - INFO - Prepared sim number: 25: RAYPy_Simulation_bessy2_56m_PGM_2Perc_coupling_errors_on_FLUX/round_2/25_bessy2_56m_PGM_2Perc_coupling_errors_on_FLUX.rml
2024-12-17 11:55:01,146 - INFO - Prepared sim number: 26: RAYPy_Simulation_bessy2_56m_PGM_2Perc_coupling_errors_on_FLUX/round_2/26_bessy2_56m_PGM_2Perc_coupling_errors_on_FLUX.rml
2024-12-17 11:55:01,150 - INFO - Prepared sim number: 27: RAYPy_Simulation_bessy2_56m_PGM_2Perc_coupling_errors_on_FLUX/round_2/27_bessy2_56m_PGM_2Perc_coupling_errors_on_FLUX.rml
2024-12-17 11:55:01,155 - INFO - Prepared sim number: 28: RAYPy_Simulation_bessy2_56m_PGM_2Perc_coupling_errors_on_FLUX/round_2/28_bessy2_56m_PGM_2Perc_coupling_errors_on_FLUX.rml
2024-12-17 11:55:01,159 - INFO - Prepared sim number: 29: RAYPy_Simulation_bessy2_56m_PGM_2Perc_coupling_errors_on_FLUX/round_2/29_bessy2_56m_PGM_2Perc_coupling_errors_on_FLUX.rml
2024-12-17 11:55:01,163 - INFO - Prepared sim number: 30: RAYPy_Simulation_bessy2_56m_PGM_2Perc_coupling_errors_on_FLUX/round_2/30_bessy2_56m_PGM_2Perc_coupling_errors_on_FLUX.rml
2024-12-17 11:55:01,168 - INFO - Prepared sim number: 31: RAYPy_Simulation_bessy2_56m_PGM_2Perc_coupling_errors_on_FLUX/round_2/31_bessy2_56m_PGM_2Perc_coupling_errors_on_FLUX.rml
2024-12-17 11:55:01,173 - INFO - Prepared sim number: 32: RAYPy_Simulation_bessy2_56m_PGM_2Perc_coupling_errors_on_FLUX/round_2/32_bessy2_56m_PGM_2Perc_coupling_errors_on_FLUX.rml
2024-12-17 11:55:01,177 - INFO - Prepared sim number: 33: RAYPy_Simulation_bessy2_56m_PGM_2Perc_coupling_errors_on_FLUX/round_2/33_bessy2_56m_PGM_2Perc_coupling_errors_on_FLUX.rml
2024-12-17 11:55:01,181 - INFO - Prepared sim number: 34: RAYPy_Simulation_bessy2_56m_PGM_2Perc_coupling_errors_on_FLUX/round_2/34_bessy2_56m_PGM_2Perc_coupling_errors_on_FLUX.rml
2024-12-17 11:55:01,184 - INFO - Prepared sim number: 35: RAYPy_Simulation_bessy2_56m_PGM_2Perc_coupling_errors_on_FLUX/round_2/35_bessy2_56m_PGM_2Perc_coupling_errors_on_FLUX.rml
2024-12-17 11:55:01,185 - INFO - Waiting for batch number: 1, timeout: 103.1233665148417s
2024-12-17 11:55:16,781 - INFO - Completed: 1, remaining: 59, RAYPy_Simulation_bessy2_56m_PGM_2Perc_coupling_errors_on_FLUX/round_1/21_bessy2_56m_PGM_2Perc_coupling_errors_on_FLUX.rml
2024-12-17 11:55:17,067 - INFO - Completed: 2, remaining: 58, RAYPy_Simulation_bessy2_56m_PGM_2Perc_coupling_errors_on_FLUX/round_1/27_bessy2_56m_PGM_2Perc_coupling_errors_on_FLUX.rml
2024-12-17 11:55:17,271 - INFO - Completed: 3, remaining: 57, RAYPy_Simulation_bessy2_56m_PGM_2Perc_coupling_errors_on_FLUX/round_1/19_bessy2_56m_PGM_2Perc_coupling_errors_on_FLUX.rml
2024-12-17 11:55:17,384 - INFO - Completed: 4, remaining: 56, RAYPy_Simulation_bessy2_56m_PGM_2Perc_coupling_errors_on_FLUX/round_1/28_bessy2_56m_PGM_2Perc_coupling_errors_on_FLUX.rml
2024-12-17 11:55:17,475 - INFO - Completed: 5, remaining: 55, RAYPy_Simulation_bessy2_56m_PGM_2Perc_coupling_errors_on_FLUX/round_1/25_bessy2_56m_PGM_2Perc_coupling_errors_on_FLUX.rml
2024-12-17 11:55:17,523 - INFO - Completed: 6, remaining: 54, RAYPy_Simulation_bessy2_56m_PGM_2Perc_coupling_errors_on_FLUX/round_1/18_bessy2_56m_PGM_2Perc_coupling_errors_on_FLUX.rml
2024-12-17 11:55:17,576 - INFO - Completed: 7, remaining: 53, RAYPy_Simulation_bessy2_56m_PGM_2Perc_coupling_errors_on_FLUX/round_1/23_bessy2_56m_PGM_2Perc_coupling_errors_on_FLUX.rml
2024-12-17 11:55:18,837 - INFO - Completed: 8, remaining: 52, RAYPy_Simulation_bessy2_56m_PGM_2Perc_coupling_errors_on_FLUX/round_1/22_bessy2_56m_PGM_2Perc_coupling_errors_on_FLUX.rml
2024-12-17 11:55:19,082 - INFO - Completed: 9, remaining: 51, RAYPy_Simulation_bessy2_56m_PGM_2Perc_coupling_errors_on_FLUX/round_1/20_bessy2_56m_PGM_2Perc_coupling_errors_on_FLUX.rml
2024-12-17 11:55:19,292 - INFO - Completed: 10, remaining: 50, RAYPy_Simulation_bessy2_56m_PGM_2Perc_coupling_errors_on_FLUX/round_1/29_bessy2_56m_PGM_2Perc_coupling_errors_on_FLUX.rml
2024-12-17 11:55:19,308 - INFO - Completed: 11, remaining: 49, RAYPy_Simulation_bessy2_56m_PGM_2Perc_coupling_errors_on_FLUX/round_1/24_bessy2_56m_PGM_2Perc_coupling_errors_on_FLUX.rml
2024-12-17 11:55:19,482 - INFO - Completed: 12, remaining: 48, RAYPy_Simulation_bessy2_56m_PGM_2Perc_coupling_errors_on_FLUX/round_1/26_bessy2_56m_PGM_2Perc_coupling_errors_on_FLUX.rml
2024-12-17 11:55:32,613 - INFO - Completed: 13, remaining: 47, RAYPy_Simulation_bessy2_56m_PGM_2Perc_coupling_errors_on_FLUX/round_1/30_bessy2_56m_PGM_2Perc_coupling_errors_on_FLUX.rml
2024-12-17 11:55:34,108 - INFO - Completed: 14, remaining: 46, RAYPy_Simulation_bessy2_56m_PGM_2Perc_coupling_errors_on_FLUX/round_1/31_bessy2_56m_PGM_2Perc_coupling_errors_on_FLUX.rml
2024-12-17 11:55:34,143 - INFO - Completed: 15, remaining: 45, RAYPy_Simulation_bessy2_56m_PGM_2Perc_coupling_errors_on_FLUX/round_1/34_bessy2_56m_PGM_2Perc_coupling_errors_on_FLUX.rml
2024-12-17 11:55:34,209 - INFO - Completed: 16, remaining: 44, RAYPy_Simulation_bessy2_56m_PGM_2Perc_coupling_errors_on_FLUX/round_1/33_bessy2_56m_PGM_2Perc_coupling_errors_on_FLUX.rml
2024-12-17 11:55:34,263 - INFO - Completed: 17, remaining: 43, RAYPy_Simulation_bessy2_56m_PGM_2Perc_coupling_errors_on_FLUX/round_1/35_bessy2_56m_PGM_2Perc_coupling_errors_on_FLUX.rml
2024-12-17 11:55:34,434 - INFO - Completed: 18, remaining: 42, RAYPy_Simulation_bessy2_56m_PGM_2Perc_coupling_errors_on_FLUX/round_1/36_bessy2_56m_PGM_2Perc_coupling_errors_on_FLUX.rml
2024-12-17 11:55:34,649 - INFO - Completed: 19, remaining: 41, RAYPy_Simulation_bessy2_56m_PGM_2Perc_coupling_errors_on_FLUX/round_1/32_bessy2_56m_PGM_2Perc_coupling_errors_on_FLUX.rml
2024-12-17 11:55:35,487 - INFO - Completed: 20, remaining: 40, RAYPy_Simulation_bessy2_56m_PGM_2Perc_coupling_errors_on_FLUX/round_1/41_bessy2_56m_PGM_2Perc_coupling_errors_on_FLUX.rml
2024-12-17 11:55:35,492 - INFO - Completed: 21, remaining: 39, RAYPy_Simulation_bessy2_56m_PGM_2Perc_coupling_errors_on_FLUX/round_1/37_bessy2_56m_PGM_2Perc_coupling_errors_on_FLUX.rml
2024-12-17 11:55:35,506 - INFO - Completed: 22, remaining: 38, RAYPy_Simulation_bessy2_56m_PGM_2Perc_coupling_errors_on_FLUX/round_1/40_bessy2_56m_PGM_2Perc_coupling_errors_on_FLUX.rml
2024-12-17 11:55:35,595 - INFO - Completed: 23, remaining: 37, RAYPy_Simulation_bessy2_56m_PGM_2Perc_coupling_errors_on_FLUX/round_1/39_bessy2_56m_PGM_2Perc_coupling_errors_on_FLUX.rml
2024-12-17 11:55:35,897 - INFO - Completed: 24, remaining: 36, RAYPy_Simulation_bessy2_56m_PGM_2Perc_coupling_errors_on_FLUX/round_1/38_bessy2_56m_PGM_2Perc_coupling_errors_on_FLUX.rml
2024-12-17 11:55:46,815 - INFO - Completed: 25, remaining: 35, RAYPy_Simulation_bessy2_56m_PGM_2Perc_coupling_errors_on_FLUX/round_2/0_bessy2_56m_PGM_2Perc_coupling_errors_on_FLUX.rml
2024-12-17 11:55:51,305 - INFO - Completed: 26, remaining: 34, RAYPy_Simulation_bessy2_56m_PGM_2Perc_coupling_errors_on_FLUX/round_2/4_bessy2_56m_PGM_2Perc_coupling_errors_on_FLUX.rml
2024-12-17 11:55:51,487 - INFO - Completed: 27, remaining: 33, RAYPy_Simulation_bessy2_56m_PGM_2Perc_coupling_errors_on_FLUX/round_2/2_bessy2_56m_PGM_2Perc_coupling_errors_on_FLUX.rml
2024-12-17 11:55:51,525 - INFO - Completed: 28, remaining: 32, RAYPy_Simulation_bessy2_56m_PGM_2Perc_coupling_errors_on_FLUX/round_2/5_bessy2_56m_PGM_2Perc_coupling_errors_on_FLUX.rml
2024-12-17 11:55:51,676 - INFO - Completed: 29, remaining: 31, RAYPy_Simulation_bessy2_56m_PGM_2Perc_coupling_errors_on_FLUX/round_2/3_bessy2_56m_PGM_2Perc_coupling_errors_on_FLUX.rml
2024-12-17 11:55:52,106 - INFO - Completed: 30, remaining: 30, RAYPy_Simulation_bessy2_56m_PGM_2Perc_coupling_errors_on_FLUX/round_2/6_bessy2_56m_PGM_2Perc_coupling_errors_on_FLUX.rml
2024-12-17 11:55:52,544 - INFO - Completed: 31, remaining: 29, RAYPy_Simulation_bessy2_56m_PGM_2Perc_coupling_errors_on_FLUX/round_2/1_bessy2_56m_PGM_2Perc_coupling_errors_on_FLUX.rml
2024-12-17 11:55:53,065 - INFO - Completed: 32, remaining: 28, RAYPy_Simulation_bessy2_56m_PGM_2Perc_coupling_errors_on_FLUX/round_2/8_bessy2_56m_PGM_2Perc_coupling_errors_on_FLUX.rml
2024-12-17 11:55:53,144 - INFO - Completed: 33, remaining: 27, RAYPy_Simulation_bessy2_56m_PGM_2Perc_coupling_errors_on_FLUX/round_2/10_bessy2_56m_PGM_2Perc_coupling_errors_on_FLUX.rml
2024-12-17 11:55:53,241 - INFO - Completed: 34, remaining: 26, RAYPy_Simulation_bessy2_56m_PGM_2Perc_coupling_errors_on_FLUX/round_2/7_bessy2_56m_PGM_2Perc_coupling_errors_on_FLUX.rml
2024-12-17 11:55:53,610 - INFO - Completed: 35, remaining: 25, RAYPy_Simulation_bessy2_56m_PGM_2Perc_coupling_errors_on_FLUX/round_2/11_bessy2_56m_PGM_2Perc_coupling_errors_on_FLUX.rml
2024-12-17 11:55:53,748 - INFO - Completed: 36, remaining: 24, RAYPy_Simulation_bessy2_56m_PGM_2Perc_coupling_errors_on_FLUX/round_2/9_bessy2_56m_PGM_2Perc_coupling_errors_on_FLUX.rml
2024-12-17 11:55:59,437 - INFO - Completed: 37, remaining: 23, RAYPy_Simulation_bessy2_56m_PGM_2Perc_coupling_errors_on_FLUX/round_2/12_bessy2_56m_PGM_2Perc_coupling_errors_on_FLUX.rml
2024-12-17 11:56:07,628 - INFO - Completed: 38, remaining: 22, RAYPy_Simulation_bessy2_56m_PGM_2Perc_coupling_errors_on_FLUX/round_2/13_bessy2_56m_PGM_2Perc_coupling_errors_on_FLUX.rml
2024-12-17 11:56:07,726 - INFO - Completed: 39, remaining: 21, RAYPy_Simulation_bessy2_56m_PGM_2Perc_coupling_errors_on_FLUX/round_2/14_bessy2_56m_PGM_2Perc_coupling_errors_on_FLUX.rml
2024-12-17 11:56:07,810 - INFO - Completed: 40, remaining: 20, RAYPy_Simulation_bessy2_56m_PGM_2Perc_coupling_errors_on_FLUX/round_2/15_bessy2_56m_PGM_2Perc_coupling_errors_on_FLUX.rml
2024-12-17 11:56:08,152 - INFO - Completed: 41, remaining: 19, RAYPy_Simulation_bessy2_56m_PGM_2Perc_coupling_errors_on_FLUX/round_2/16_bessy2_56m_PGM_2Perc_coupling_errors_on_FLUX.rml
2024-12-17 11:56:08,534 - INFO - Completed: 42, remaining: 18, RAYPy_Simulation_bessy2_56m_PGM_2Perc_coupling_errors_on_FLUX/round_2/17_bessy2_56m_PGM_2Perc_coupling_errors_on_FLUX.rml
2024-12-17 11:56:09,568 - INFO - Completed: 43, remaining: 17, RAYPy_Simulation_bessy2_56m_PGM_2Perc_coupling_errors_on_FLUX/round_2/18_bessy2_56m_PGM_2Perc_coupling_errors_on_FLUX.rml
2024-12-17 11:56:10,182 - INFO - Completed: 44, remaining: 16, RAYPy_Simulation_bessy2_56m_PGM_2Perc_coupling_errors_on_FLUX/round_2/20_bessy2_56m_PGM_2Perc_coupling_errors_on_FLUX.rml
2024-12-17 11:56:10,229 - INFO - Completed: 45, remaining: 15, RAYPy_Simulation_bessy2_56m_PGM_2Perc_coupling_errors_on_FLUX/round_2/21_bessy2_56m_PGM_2Perc_coupling_errors_on_FLUX.rml
2024-12-17 11:56:10,433 - INFO - Completed: 46, remaining: 14, RAYPy_Simulation_bessy2_56m_PGM_2Perc_coupling_errors_on_FLUX/round_2/22_bessy2_56m_PGM_2Perc_coupling_errors_on_FLUX.rml
2024-12-17 11:56:10,508 - INFO - Completed: 47, remaining: 13, RAYPy_Simulation_bessy2_56m_PGM_2Perc_coupling_errors_on_FLUX/round_2/23_bessy2_56m_PGM_2Perc_coupling_errors_on_FLUX.rml
2024-12-17 11:56:11,136 - INFO - Completed: 48, remaining: 12, RAYPy_Simulation_bessy2_56m_PGM_2Perc_coupling_errors_on_FLUX/round_2/19_bessy2_56m_PGM_2Perc_coupling_errors_on_FLUX.rml
2024-12-17 11:56:13,043 - INFO - Completed: 49, remaining: 11, RAYPy_Simulation_bessy2_56m_PGM_2Perc_coupling_errors_on_FLUX/round_2/24_bessy2_56m_PGM_2Perc_coupling_errors_on_FLUX.rml
2024-12-17 11:56:23,885 - INFO - Completed: 50, remaining: 10, RAYPy_Simulation_bessy2_56m_PGM_2Perc_coupling_errors_on_FLUX/round_2/26_bessy2_56m_PGM_2Perc_coupling_errors_on_FLUX.rml
2024-12-17 11:56:24,133 - INFO - Completed: 51, remaining: 9, RAYPy_Simulation_bessy2_56m_PGM_2Perc_coupling_errors_on_FLUX/round_2/25_bessy2_56m_PGM_2Perc_coupling_errors_on_FLUX.rml
2024-12-17 11:56:25,108 - INFO - Completed: 52, remaining: 8, RAYPy_Simulation_bessy2_56m_PGM_2Perc_coupling_errors_on_FLUX/round_2/28_bessy2_56m_PGM_2Perc_coupling_errors_on_FLUX.rml
2024-12-17 11:56:25,393 - INFO - Completed: 53, remaining: 7, RAYPy_Simulation_bessy2_56m_PGM_2Perc_coupling_errors_on_FLUX/round_2/29_bessy2_56m_PGM_2Perc_coupling_errors_on_FLUX.rml
2024-12-17 11:56:26,263 - INFO - Completed: 54, remaining: 6, RAYPy_Simulation_bessy2_56m_PGM_2Perc_coupling_errors_on_FLUX/round_2/27_bessy2_56m_PGM_2Perc_coupling_errors_on_FLUX.rml
2024-12-17 11:56:26,487 - INFO - Completed: 55, remaining: 5, RAYPy_Simulation_bessy2_56m_PGM_2Perc_coupling_errors_on_FLUX/round_2/30_bessy2_56m_PGM_2Perc_coupling_errors_on_FLUX.rml
2024-12-17 11:56:26,796 - INFO - Completed: 56, remaining: 4, RAYPy_Simulation_bessy2_56m_PGM_2Perc_coupling_errors_on_FLUX/round_2/31_bessy2_56m_PGM_2Perc_coupling_errors_on_FLUX.rml
2024-12-17 11:56:26,873 - INFO - Completed: 57, remaining: 3, RAYPy_Simulation_bessy2_56m_PGM_2Perc_coupling_errors_on_FLUX/round_2/33_bessy2_56m_PGM_2Perc_coupling_errors_on_FLUX.rml
2024-12-17 11:56:26,903 - INFO - Completed: 58, remaining: 2, RAYPy_Simulation_bessy2_56m_PGM_2Perc_coupling_errors_on_FLUX/round_2/34_bessy2_56m_PGM_2Perc_coupling_errors_on_FLUX.rml
2024-12-17 11:56:26,986 - INFO - Completed: 59, remaining: 1, RAYPy_Simulation_bessy2_56m_PGM_2Perc_coupling_errors_on_FLUX/round_2/35_bessy2_56m_PGM_2Perc_coupling_errors_on_FLUX.rml
2024-12-17 11:56:27,130 - INFO - Completed: 60, remaining: 0, RAYPy_Simulation_bessy2_56m_PGM_2Perc_coupling_errors_on_FLUX/round_2/32_bessy2_56m_PGM_2Perc_coupling_errors_on_FLUX.rml
2024-12-17 11:56:27,130 - INFO - Batch Completed
2024-12-17 11:56:27,131 - INFO - Waiting For batch, 60 simulations to go
2024-12-17 11:56:27,135 - INFO - Prepared sim number: 36: RAYPy_Simulation_bessy2_56m_PGM_2Perc_coupling_errors_on_FLUX/round_2/36_bessy2_56m_PGM_2Perc_coupling_errors_on_FLUX.rml
2024-12-17 11:56:27,142 - INFO - Prepared sim number: 37: RAYPy_Simulation_bessy2_56m_PGM_2Perc_coupling_errors_on_FLUX/round_2/37_bessy2_56m_PGM_2Perc_coupling_errors_on_FLUX.rml
2024-12-17 11:56:27,148 - INFO - Prepared sim number: 38: RAYPy_Simulation_bessy2_56m_PGM_2Perc_coupling_errors_on_FLUX/round_2/38_bessy2_56m_PGM_2Perc_coupling_errors_on_FLUX.rml
2024-12-17 11:56:27,153 - INFO - Prepared sim number: 39: RAYPy_Simulation_bessy2_56m_PGM_2Perc_coupling_errors_on_FLUX/round_2/39_bessy2_56m_PGM_2Perc_coupling_errors_on_FLUX.rml
2024-12-17 11:56:27,160 - INFO - Prepared sim number: 40: RAYPy_Simulation_bessy2_56m_PGM_2Perc_coupling_errors_on_FLUX/round_2/40_bessy2_56m_PGM_2Perc_coupling_errors_on_FLUX.rml
2024-12-17 11:56:27,165 - INFO - Prepared sim number: 41: RAYPy_Simulation_bessy2_56m_PGM_2Perc_coupling_errors_on_FLUX/round_2/41_bessy2_56m_PGM_2Perc_coupling_errors_on_FLUX.rml
2024-12-17 11:56:27,165 - INFO - Start round 3
2024-12-17 11:56:27,172 - INFO - Prepared sim number: 0: RAYPy_Simulation_bessy2_56m_PGM_2Perc_coupling_errors_on_FLUX/round_3/0_bessy2_56m_PGM_2Perc_coupling_errors_on_FLUX.rml
2024-12-17 11:56:27,177 - INFO - Prepared sim number: 1: RAYPy_Simulation_bessy2_56m_PGM_2Perc_coupling_errors_on_FLUX/round_3/1_bessy2_56m_PGM_2Perc_coupling_errors_on_FLUX.rml
2024-12-17 11:56:27,181 - INFO - Prepared sim number: 2: RAYPy_Simulation_bessy2_56m_PGM_2Perc_coupling_errors_on_FLUX/round_3/2_bessy2_56m_PGM_2Perc_coupling_errors_on_FLUX.rml
2024-12-17 11:56:27,187 - INFO - Prepared sim number: 3: RAYPy_Simulation_bessy2_56m_PGM_2Perc_coupling_errors_on_FLUX/round_3/3_bessy2_56m_PGM_2Perc_coupling_errors_on_FLUX.rml
2024-12-17 11:56:27,191 - INFO - Prepared sim number: 4: RAYPy_Simulation_bessy2_56m_PGM_2Perc_coupling_errors_on_FLUX/round_3/4_bessy2_56m_PGM_2Perc_coupling_errors_on_FLUX.rml
2024-12-17 11:56:27,195 - INFO - Prepared sim number: 5: RAYPy_Simulation_bessy2_56m_PGM_2Perc_coupling_errors_on_FLUX/round_3/5_bessy2_56m_PGM_2Perc_coupling_errors_on_FLUX.rml
2024-12-17 11:56:27,199 - INFO - Prepared sim number: 6: RAYPy_Simulation_bessy2_56m_PGM_2Perc_coupling_errors_on_FLUX/round_3/6_bessy2_56m_PGM_2Perc_coupling_errors_on_FLUX.rml
2024-12-17 11:56:27,203 - INFO - Prepared sim number: 7: RAYPy_Simulation_bessy2_56m_PGM_2Perc_coupling_errors_on_FLUX/round_3/7_bessy2_56m_PGM_2Perc_coupling_errors_on_FLUX.rml
2024-12-17 11:56:27,206 - INFO - Prepared sim number: 8: RAYPy_Simulation_bessy2_56m_PGM_2Perc_coupling_errors_on_FLUX/round_3/8_bessy2_56m_PGM_2Perc_coupling_errors_on_FLUX.rml
2024-12-17 11:56:27,210 - INFO - Prepared sim number: 9: RAYPy_Simulation_bessy2_56m_PGM_2Perc_coupling_errors_on_FLUX/round_3/9_bessy2_56m_PGM_2Perc_coupling_errors_on_FLUX.rml
2024-12-17 11:56:27,213 - INFO - Prepared sim number: 10: RAYPy_Simulation_bessy2_56m_PGM_2Perc_coupling_errors_on_FLUX/round_3/10_bessy2_56m_PGM_2Perc_coupling_errors_on_FLUX.rml
2024-12-17 11:56:27,217 - INFO - Prepared sim number: 11: RAYPy_Simulation_bessy2_56m_PGM_2Perc_coupling_errors_on_FLUX/round_3/11_bessy2_56m_PGM_2Perc_coupling_errors_on_FLUX.rml
2024-12-17 11:56:27,220 - INFO - Prepared sim number: 12: RAYPy_Simulation_bessy2_56m_PGM_2Perc_coupling_errors_on_FLUX/round_3/12_bessy2_56m_PGM_2Perc_coupling_errors_on_FLUX.rml
2024-12-17 11:56:27,224 - INFO - Prepared sim number: 13: RAYPy_Simulation_bessy2_56m_PGM_2Perc_coupling_errors_on_FLUX/round_3/13_bessy2_56m_PGM_2Perc_coupling_errors_on_FLUX.rml
2024-12-17 11:56:27,228 - INFO - Prepared sim number: 14: RAYPy_Simulation_bessy2_56m_PGM_2Perc_coupling_errors_on_FLUX/round_3/14_bessy2_56m_PGM_2Perc_coupling_errors_on_FLUX.rml
2024-12-17 11:56:27,231 - INFO - Prepared sim number: 15: RAYPy_Simulation_bessy2_56m_PGM_2Perc_coupling_errors_on_FLUX/round_3/15_bessy2_56m_PGM_2Perc_coupling_errors_on_FLUX.rml
2024-12-17 11:56:27,235 - INFO - Prepared sim number: 16: RAYPy_Simulation_bessy2_56m_PGM_2Perc_coupling_errors_on_FLUX/round_3/16_bessy2_56m_PGM_2Perc_coupling_errors_on_FLUX.rml
2024-12-17 11:56:27,239 - INFO - Prepared sim number: 17: RAYPy_Simulation_bessy2_56m_PGM_2Perc_coupling_errors_on_FLUX/round_3/17_bessy2_56m_PGM_2Perc_coupling_errors_on_FLUX.rml
2024-12-17 11:56:27,242 - INFO - Prepared sim number: 18: RAYPy_Simulation_bessy2_56m_PGM_2Perc_coupling_errors_on_FLUX/round_3/18_bessy2_56m_PGM_2Perc_coupling_errors_on_FLUX.rml
2024-12-17 11:56:27,245 - INFO - Prepared sim number: 19: RAYPy_Simulation_bessy2_56m_PGM_2Perc_coupling_errors_on_FLUX/round_3/19_bessy2_56m_PGM_2Perc_coupling_errors_on_FLUX.rml
2024-12-17 11:56:27,249 - INFO - Prepared sim number: 20: RAYPy_Simulation_bessy2_56m_PGM_2Perc_coupling_errors_on_FLUX/round_3/20_bessy2_56m_PGM_2Perc_coupling_errors_on_FLUX.rml
2024-12-17 11:56:27,253 - INFO - Prepared sim number: 21: RAYPy_Simulation_bessy2_56m_PGM_2Perc_coupling_errors_on_FLUX/round_3/21_bessy2_56m_PGM_2Perc_coupling_errors_on_FLUX.rml
2024-12-17 11:56:27,257 - INFO - Prepared sim number: 22: RAYPy_Simulation_bessy2_56m_PGM_2Perc_coupling_errors_on_FLUX/round_3/22_bessy2_56m_PGM_2Perc_coupling_errors_on_FLUX.rml
2024-12-17 11:56:27,261 - INFO - Prepared sim number: 23: RAYPy_Simulation_bessy2_56m_PGM_2Perc_coupling_errors_on_FLUX/round_3/23_bessy2_56m_PGM_2Perc_coupling_errors_on_FLUX.rml
2024-12-17 11:56:27,265 - INFO - Prepared sim number: 24: RAYPy_Simulation_bessy2_56m_PGM_2Perc_coupling_errors_on_FLUX/round_3/24_bessy2_56m_PGM_2Perc_coupling_errors_on_FLUX.rml
2024-12-17 11:56:27,268 - INFO - Prepared sim number: 25: RAYPy_Simulation_bessy2_56m_PGM_2Perc_coupling_errors_on_FLUX/round_3/25_bessy2_56m_PGM_2Perc_coupling_errors_on_FLUX.rml
2024-12-17 11:56:27,273 - INFO - Prepared sim number: 26: RAYPy_Simulation_bessy2_56m_PGM_2Perc_coupling_errors_on_FLUX/round_3/26_bessy2_56m_PGM_2Perc_coupling_errors_on_FLUX.rml
2024-12-17 11:56:27,276 - INFO - Prepared sim number: 27: RAYPy_Simulation_bessy2_56m_PGM_2Perc_coupling_errors_on_FLUX/round_3/27_bessy2_56m_PGM_2Perc_coupling_errors_on_FLUX.rml
2024-12-17 11:56:27,280 - INFO - Prepared sim number: 28: RAYPy_Simulation_bessy2_56m_PGM_2Perc_coupling_errors_on_FLUX/round_3/28_bessy2_56m_PGM_2Perc_coupling_errors_on_FLUX.rml
2024-12-17 11:56:27,283 - INFO - Prepared sim number: 29: RAYPy_Simulation_bessy2_56m_PGM_2Perc_coupling_errors_on_FLUX/round_3/29_bessy2_56m_PGM_2Perc_coupling_errors_on_FLUX.rml
2024-12-17 11:56:27,287 - INFO - Prepared sim number: 30: RAYPy_Simulation_bessy2_56m_PGM_2Perc_coupling_errors_on_FLUX/round_3/30_bessy2_56m_PGM_2Perc_coupling_errors_on_FLUX.rml
2024-12-17 11:56:27,290 - INFO - Prepared sim number: 31: RAYPy_Simulation_bessy2_56m_PGM_2Perc_coupling_errors_on_FLUX/round_3/31_bessy2_56m_PGM_2Perc_coupling_errors_on_FLUX.rml
2024-12-17 11:56:27,294 - INFO - Prepared sim number: 32: RAYPy_Simulation_bessy2_56m_PGM_2Perc_coupling_errors_on_FLUX/round_3/32_bessy2_56m_PGM_2Perc_coupling_errors_on_FLUX.rml
2024-12-17 11:56:27,297 - INFO - Prepared sim number: 33: RAYPy_Simulation_bessy2_56m_PGM_2Perc_coupling_errors_on_FLUX/round_3/33_bessy2_56m_PGM_2Perc_coupling_errors_on_FLUX.rml
2024-12-17 11:56:27,300 - INFO - Prepared sim number: 34: RAYPy_Simulation_bessy2_56m_PGM_2Perc_coupling_errors_on_FLUX/round_3/34_bessy2_56m_PGM_2Perc_coupling_errors_on_FLUX.rml
2024-12-17 11:56:27,304 - INFO - Prepared sim number: 35: RAYPy_Simulation_bessy2_56m_PGM_2Perc_coupling_errors_on_FLUX/round_3/35_bessy2_56m_PGM_2Perc_coupling_errors_on_FLUX.rml
2024-12-17 11:56:27,307 - INFO - Prepared sim number: 36: RAYPy_Simulation_bessy2_56m_PGM_2Perc_coupling_errors_on_FLUX/round_3/36_bessy2_56m_PGM_2Perc_coupling_errors_on_FLUX.rml
2024-12-17 11:56:27,311 - INFO - Prepared sim number: 37: RAYPy_Simulation_bessy2_56m_PGM_2Perc_coupling_errors_on_FLUX/round_3/37_bessy2_56m_PGM_2Perc_coupling_errors_on_FLUX.rml
2024-12-17 11:56:27,315 - INFO - Prepared sim number: 38: RAYPy_Simulation_bessy2_56m_PGM_2Perc_coupling_errors_on_FLUX/round_3/38_bessy2_56m_PGM_2Perc_coupling_errors_on_FLUX.rml
2024-12-17 11:56:27,319 - INFO - Prepared sim number: 39: RAYPy_Simulation_bessy2_56m_PGM_2Perc_coupling_errors_on_FLUX/round_3/39_bessy2_56m_PGM_2Perc_coupling_errors_on_FLUX.rml
2024-12-17 11:56:27,323 - INFO - Prepared sim number: 40: RAYPy_Simulation_bessy2_56m_PGM_2Perc_coupling_errors_on_FLUX/round_3/40_bessy2_56m_PGM_2Perc_coupling_errors_on_FLUX.rml
2024-12-17 11:56:27,327 - INFO - Prepared sim number: 41: RAYPy_Simulation_bessy2_56m_PGM_2Perc_coupling_errors_on_FLUX/round_3/41_bessy2_56m_PGM_2Perc_coupling_errors_on_FLUX.rml
2024-12-17 11:56:27,327 - INFO - Start round 4
2024-12-17 11:56:27,331 - INFO - Prepared sim number: 0: RAYPy_Simulation_bessy2_56m_PGM_2Perc_coupling_errors_on_FLUX/round_4/0_bessy2_56m_PGM_2Perc_coupling_errors_on_FLUX.rml
2024-12-17 11:56:27,334 - INFO - Prepared sim number: 1: RAYPy_Simulation_bessy2_56m_PGM_2Perc_coupling_errors_on_FLUX/round_4/1_bessy2_56m_PGM_2Perc_coupling_errors_on_FLUX.rml
2024-12-17 11:56:27,338 - INFO - Prepared sim number: 2: RAYPy_Simulation_bessy2_56m_PGM_2Perc_coupling_errors_on_FLUX/round_4/2_bessy2_56m_PGM_2Perc_coupling_errors_on_FLUX.rml
2024-12-17 11:56:27,342 - INFO - Prepared sim number: 3: RAYPy_Simulation_bessy2_56m_PGM_2Perc_coupling_errors_on_FLUX/round_4/3_bessy2_56m_PGM_2Perc_coupling_errors_on_FLUX.rml
2024-12-17 11:56:27,347 - INFO - Prepared sim number: 4: RAYPy_Simulation_bessy2_56m_PGM_2Perc_coupling_errors_on_FLUX/round_4/4_bessy2_56m_PGM_2Perc_coupling_errors_on_FLUX.rml
2024-12-17 11:56:27,351 - INFO - Prepared sim number: 5: RAYPy_Simulation_bessy2_56m_PGM_2Perc_coupling_errors_on_FLUX/round_4/5_bessy2_56m_PGM_2Perc_coupling_errors_on_FLUX.rml
2024-12-17 11:56:27,354 - INFO - Prepared sim number: 6: RAYPy_Simulation_bessy2_56m_PGM_2Perc_coupling_errors_on_FLUX/round_4/6_bessy2_56m_PGM_2Perc_coupling_errors_on_FLUX.rml
2024-12-17 11:56:27,358 - INFO - Prepared sim number: 7: RAYPy_Simulation_bessy2_56m_PGM_2Perc_coupling_errors_on_FLUX/round_4/7_bessy2_56m_PGM_2Perc_coupling_errors_on_FLUX.rml
2024-12-17 11:56:27,362 - INFO - Prepared sim number: 8: RAYPy_Simulation_bessy2_56m_PGM_2Perc_coupling_errors_on_FLUX/round_4/8_bessy2_56m_PGM_2Perc_coupling_errors_on_FLUX.rml
2024-12-17 11:56:27,366 - INFO - Prepared sim number: 9: RAYPy_Simulation_bessy2_56m_PGM_2Perc_coupling_errors_on_FLUX/round_4/9_bessy2_56m_PGM_2Perc_coupling_errors_on_FLUX.rml
2024-12-17 11:56:27,370 - INFO - Prepared sim number: 10: RAYPy_Simulation_bessy2_56m_PGM_2Perc_coupling_errors_on_FLUX/round_4/10_bessy2_56m_PGM_2Perc_coupling_errors_on_FLUX.rml
2024-12-17 11:56:27,374 - INFO - Prepared sim number: 11: RAYPy_Simulation_bessy2_56m_PGM_2Perc_coupling_errors_on_FLUX/round_4/11_bessy2_56m_PGM_2Perc_coupling_errors_on_FLUX.rml
2024-12-17 11:56:27,375 - INFO - Waiting for batch number: 2, timeout: 101.46805056929587s
2024-12-17 11:56:41,753 - INFO - Completed: 1, remaining: 59, RAYPy_Simulation_bessy2_56m_PGM_2Perc_coupling_errors_on_FLUX/round_2/41_bessy2_56m_PGM_2Perc_coupling_errors_on_FLUX.rml
2024-12-17 11:56:42,974 - INFO - Completed: 2, remaining: 58, RAYPy_Simulation_bessy2_56m_PGM_2Perc_coupling_errors_on_FLUX/round_3/4_bessy2_56m_PGM_2Perc_coupling_errors_on_FLUX.rml
2024-12-17 11:56:43,038 - INFO - Completed: 3, remaining: 57, RAYPy_Simulation_bessy2_56m_PGM_2Perc_coupling_errors_on_FLUX/round_2/40_bessy2_56m_PGM_2Perc_coupling_errors_on_FLUX.rml
2024-12-17 11:56:43,106 - INFO - Completed: 4, remaining: 56, RAYPy_Simulation_bessy2_56m_PGM_2Perc_coupling_errors_on_FLUX/round_3/0_bessy2_56m_PGM_2Perc_coupling_errors_on_FLUX.rml
2024-12-17 11:56:43,177 - INFO - Completed: 5, remaining: 55, RAYPy_Simulation_bessy2_56m_PGM_2Perc_coupling_errors_on_FLUX/round_2/38_bessy2_56m_PGM_2Perc_coupling_errors_on_FLUX.rml
2024-12-17 11:56:43,614 - INFO - Completed: 6, remaining: 54, RAYPy_Simulation_bessy2_56m_PGM_2Perc_coupling_errors_on_FLUX/round_2/39_bessy2_56m_PGM_2Perc_coupling_errors_on_FLUX.rml
2024-12-17 11:56:43,757 - INFO - Completed: 7, remaining: 53, RAYPy_Simulation_bessy2_56m_PGM_2Perc_coupling_errors_on_FLUX/round_3/1_bessy2_56m_PGM_2Perc_coupling_errors_on_FLUX.rml
2024-12-17 11:56:44,189 - INFO - Completed: 8, remaining: 52, RAYPy_Simulation_bessy2_56m_PGM_2Perc_coupling_errors_on_FLUX/round_3/3_bessy2_56m_PGM_2Perc_coupling_errors_on_FLUX.rml
2024-12-17 11:56:45,209 - INFO - Completed: 9, remaining: 51, RAYPy_Simulation_bessy2_56m_PGM_2Perc_coupling_errors_on_FLUX/round_3/5_bessy2_56m_PGM_2Perc_coupling_errors_on_FLUX.rml
2024-12-17 11:56:45,356 - INFO - Completed: 10, remaining: 50, RAYPy_Simulation_bessy2_56m_PGM_2Perc_coupling_errors_on_FLUX/round_2/37_bessy2_56m_PGM_2Perc_coupling_errors_on_FLUX.rml
2024-12-17 11:56:45,561 - INFO - Completed: 11, remaining: 49, RAYPy_Simulation_bessy2_56m_PGM_2Perc_coupling_errors_on_FLUX/round_3/2_bessy2_56m_PGM_2Perc_coupling_errors_on_FLUX.rml
2024-12-17 11:56:46,456 - INFO - Completed: 12, remaining: 48, RAYPy_Simulation_bessy2_56m_PGM_2Perc_coupling_errors_on_FLUX/round_2/36_bessy2_56m_PGM_2Perc_coupling_errors_on_FLUX.rml
2024-12-17 11:56:54,852 - INFO - Completed: 13, remaining: 47, RAYPy_Simulation_bessy2_56m_PGM_2Perc_coupling_errors_on_FLUX/round_3/6_bessy2_56m_PGM_2Perc_coupling_errors_on_FLUX.rml
2024-12-17 11:56:59,060 - INFO - Completed: 14, remaining: 46, RAYPy_Simulation_bessy2_56m_PGM_2Perc_coupling_errors_on_FLUX/round_3/9_bessy2_56m_PGM_2Perc_coupling_errors_on_FLUX.rml
2024-12-17 11:56:59,091 - INFO - Completed: 15, remaining: 45, RAYPy_Simulation_bessy2_56m_PGM_2Perc_coupling_errors_on_FLUX/round_3/8_bessy2_56m_PGM_2Perc_coupling_errors_on_FLUX.rml
2024-12-17 11:56:59,699 - INFO - Completed: 16, remaining: 44, RAYPy_Simulation_bessy2_56m_PGM_2Perc_coupling_errors_on_FLUX/round_3/7_bessy2_56m_PGM_2Perc_coupling_errors_on_FLUX.rml
2024-12-17 11:56:59,798 - INFO - Completed: 17, remaining: 43, RAYPy_Simulation_bessy2_56m_PGM_2Perc_coupling_errors_on_FLUX/round_3/11_bessy2_56m_PGM_2Perc_coupling_errors_on_FLUX.rml
2024-12-17 11:57:00,080 - INFO - Completed: 18, remaining: 42, RAYPy_Simulation_bessy2_56m_PGM_2Perc_coupling_errors_on_FLUX/round_3/10_bessy2_56m_PGM_2Perc_coupling_errors_on_FLUX.rml
2024-12-17 11:57:00,508 - INFO - Completed: 19, remaining: 41, RAYPy_Simulation_bessy2_56m_PGM_2Perc_coupling_errors_on_FLUX/round_3/13_bessy2_56m_PGM_2Perc_coupling_errors_on_FLUX.rml
2024-12-17 11:57:01,383 - INFO - Completed: 20, remaining: 40, RAYPy_Simulation_bessy2_56m_PGM_2Perc_coupling_errors_on_FLUX/round_3/14_bessy2_56m_PGM_2Perc_coupling_errors_on_FLUX.rml
2024-12-17 11:57:01,938 - INFO - Completed: 21, remaining: 39, RAYPy_Simulation_bessy2_56m_PGM_2Perc_coupling_errors_on_FLUX/round_3/12_bessy2_56m_PGM_2Perc_coupling_errors_on_FLUX.rml
2024-12-17 11:57:01,948 - INFO - Completed: 22, remaining: 38, RAYPy_Simulation_bessy2_56m_PGM_2Perc_coupling_errors_on_FLUX/round_3/15_bessy2_56m_PGM_2Perc_coupling_errors_on_FLUX.rml
2024-12-17 11:57:02,117 - INFO - Completed: 23, remaining: 37, RAYPy_Simulation_bessy2_56m_PGM_2Perc_coupling_errors_on_FLUX/round_3/16_bessy2_56m_PGM_2Perc_coupling_errors_on_FLUX.rml
2024-12-17 11:57:02,706 - INFO - Completed: 24, remaining: 36, RAYPy_Simulation_bessy2_56m_PGM_2Perc_coupling_errors_on_FLUX/round_3/17_bessy2_56m_PGM_2Perc_coupling_errors_on_FLUX.rml
2024-12-17 11:57:08,729 - INFO - Completed: 25, remaining: 35, RAYPy_Simulation_bessy2_56m_PGM_2Perc_coupling_errors_on_FLUX/round_3/18_bessy2_56m_PGM_2Perc_coupling_errors_on_FLUX.rml
2024-12-17 11:57:14,876 - INFO - Completed: 26, remaining: 34, RAYPy_Simulation_bessy2_56m_PGM_2Perc_coupling_errors_on_FLUX/round_3/19_bessy2_56m_PGM_2Perc_coupling_errors_on_FLUX.rml
2024-12-17 11:57:15,382 - INFO - Completed: 27, remaining: 33, RAYPy_Simulation_bessy2_56m_PGM_2Perc_coupling_errors_on_FLUX/round_3/20_bessy2_56m_PGM_2Perc_coupling_errors_on_FLUX.rml
2024-12-17 11:57:16,808 - INFO - Completed: 28, remaining: 32, RAYPy_Simulation_bessy2_56m_PGM_2Perc_coupling_errors_on_FLUX/round_3/21_bessy2_56m_PGM_2Perc_coupling_errors_on_FLUX.rml
2024-12-17 11:57:17,016 - INFO - Completed: 29, remaining: 31, RAYPy_Simulation_bessy2_56m_PGM_2Perc_coupling_errors_on_FLUX/round_3/22_bessy2_56m_PGM_2Perc_coupling_errors_on_FLUX.rml
2024-12-17 11:57:17,463 - INFO - Completed: 30, remaining: 30, RAYPy_Simulation_bessy2_56m_PGM_2Perc_coupling_errors_on_FLUX/round_3/23_bessy2_56m_PGM_2Perc_coupling_errors_on_FLUX.rml
2024-12-17 11:57:17,873 - INFO - Completed: 31, remaining: 29, RAYPy_Simulation_bessy2_56m_PGM_2Perc_coupling_errors_on_FLUX/round_3/24_bessy2_56m_PGM_2Perc_coupling_errors_on_FLUX.rml
2024-12-17 11:57:18,747 - INFO - Completed: 32, remaining: 28, RAYPy_Simulation_bessy2_56m_PGM_2Perc_coupling_errors_on_FLUX/round_3/25_bessy2_56m_PGM_2Perc_coupling_errors_on_FLUX.rml
2024-12-17 11:57:19,132 - INFO - Completed: 33, remaining: 27, RAYPy_Simulation_bessy2_56m_PGM_2Perc_coupling_errors_on_FLUX/round_3/27_bessy2_56m_PGM_2Perc_coupling_errors_on_FLUX.rml
2024-12-17 11:57:19,358 - INFO - Completed: 34, remaining: 26, RAYPy_Simulation_bessy2_56m_PGM_2Perc_coupling_errors_on_FLUX/round_3/26_bessy2_56m_PGM_2Perc_coupling_errors_on_FLUX.rml
2024-12-17 11:57:19,414 - INFO - Completed: 35, remaining: 25, RAYPy_Simulation_bessy2_56m_PGM_2Perc_coupling_errors_on_FLUX/round_3/28_bessy2_56m_PGM_2Perc_coupling_errors_on_FLUX.rml
2024-12-17 11:57:20,018 - INFO - Completed: 36, remaining: 24, RAYPy_Simulation_bessy2_56m_PGM_2Perc_coupling_errors_on_FLUX/round_3/29_bessy2_56m_PGM_2Perc_coupling_errors_on_FLUX.rml
2024-12-17 11:57:24,188 - INFO - Completed: 37, remaining: 23, RAYPy_Simulation_bessy2_56m_PGM_2Perc_coupling_errors_on_FLUX/round_3/30_bessy2_56m_PGM_2Perc_coupling_errors_on_FLUX.rml
2024-12-17 11:57:30,412 - INFO - Completed: 38, remaining: 22, RAYPy_Simulation_bessy2_56m_PGM_2Perc_coupling_errors_on_FLUX/round_3/31_bessy2_56m_PGM_2Perc_coupling_errors_on_FLUX.rml
2024-12-17 11:57:30,930 - INFO - Completed: 39, remaining: 21, RAYPy_Simulation_bessy2_56m_PGM_2Perc_coupling_errors_on_FLUX/round_3/32_bessy2_56m_PGM_2Perc_coupling_errors_on_FLUX.rml
2024-12-17 11:57:33,501 - INFO - Completed: 40, remaining: 20, RAYPy_Simulation_bessy2_56m_PGM_2Perc_coupling_errors_on_FLUX/round_3/34_bessy2_56m_PGM_2Perc_coupling_errors_on_FLUX.rml
2024-12-17 11:57:33,551 - INFO - Completed: 41, remaining: 19, RAYPy_Simulation_bessy2_56m_PGM_2Perc_coupling_errors_on_FLUX/round_3/33_bessy2_56m_PGM_2Perc_coupling_errors_on_FLUX.rml
2024-12-17 11:57:34,099 - INFO - Completed: 42, remaining: 18, RAYPy_Simulation_bessy2_56m_PGM_2Perc_coupling_errors_on_FLUX/round_3/35_bessy2_56m_PGM_2Perc_coupling_errors_on_FLUX.rml
2024-12-17 11:57:34,606 - INFO - Completed: 43, remaining: 17, RAYPy_Simulation_bessy2_56m_PGM_2Perc_coupling_errors_on_FLUX/round_3/36_bessy2_56m_PGM_2Perc_coupling_errors_on_FLUX.rml
2024-12-17 11:57:35,954 - INFO - Completed: 44, remaining: 16, RAYPy_Simulation_bessy2_56m_PGM_2Perc_coupling_errors_on_FLUX/round_3/37_bessy2_56m_PGM_2Perc_coupling_errors_on_FLUX.rml
2024-12-17 11:57:36,058 - INFO - Completed: 45, remaining: 15, RAYPy_Simulation_bessy2_56m_PGM_2Perc_coupling_errors_on_FLUX/round_3/40_bessy2_56m_PGM_2Perc_coupling_errors_on_FLUX.rml
2024-12-17 11:57:36,153 - INFO - Completed: 46, remaining: 14, RAYPy_Simulation_bessy2_56m_PGM_2Perc_coupling_errors_on_FLUX/round_3/39_bessy2_56m_PGM_2Perc_coupling_errors_on_FLUX.rml
2024-12-17 11:57:36,164 - INFO - Completed: 47, remaining: 13, RAYPy_Simulation_bessy2_56m_PGM_2Perc_coupling_errors_on_FLUX/round_3/38_bessy2_56m_PGM_2Perc_coupling_errors_on_FLUX.rml
2024-12-17 11:57:36,223 - INFO - Completed: 48, remaining: 12, RAYPy_Simulation_bessy2_56m_PGM_2Perc_coupling_errors_on_FLUX/round_3/41_bessy2_56m_PGM_2Perc_coupling_errors_on_FLUX.rml
2024-12-17 11:57:41,919 - INFO - Completed: 49, remaining: 11, RAYPy_Simulation_bessy2_56m_PGM_2Perc_coupling_errors_on_FLUX/round_4/0_bessy2_56m_PGM_2Perc_coupling_errors_on_FLUX.rml
2024-12-17 11:57:47,584 - INFO - Completed: 50, remaining: 10, RAYPy_Simulation_bessy2_56m_PGM_2Perc_coupling_errors_on_FLUX/round_4/1_bessy2_56m_PGM_2Perc_coupling_errors_on_FLUX.rml
2024-12-17 11:57:47,814 - INFO - Completed: 51, remaining: 9, RAYPy_Simulation_bessy2_56m_PGM_2Perc_coupling_errors_on_FLUX/round_4/2_bessy2_56m_PGM_2Perc_coupling_errors_on_FLUX.rml
2024-12-17 11:57:49,886 - INFO - Completed: 52, remaining: 8, RAYPy_Simulation_bessy2_56m_PGM_2Perc_coupling_errors_on_FLUX/round_4/4_bessy2_56m_PGM_2Perc_coupling_errors_on_FLUX.rml
2024-12-17 11:57:50,006 - INFO - Completed: 53, remaining: 7, RAYPy_Simulation_bessy2_56m_PGM_2Perc_coupling_errors_on_FLUX/round_4/3_bessy2_56m_PGM_2Perc_coupling_errors_on_FLUX.rml
2024-12-17 11:57:50,562 - INFO - Completed: 54, remaining: 6, RAYPy_Simulation_bessy2_56m_PGM_2Perc_coupling_errors_on_FLUX/round_4/5_bessy2_56m_PGM_2Perc_coupling_errors_on_FLUX.rml
2024-12-17 11:57:50,678 - INFO - Completed: 55, remaining: 5, RAYPy_Simulation_bessy2_56m_PGM_2Perc_coupling_errors_on_FLUX/round_4/6_bessy2_56m_PGM_2Perc_coupling_errors_on_FLUX.rml
2024-12-17 11:57:51,412 - INFO - Completed: 56, remaining: 4, RAYPy_Simulation_bessy2_56m_PGM_2Perc_coupling_errors_on_FLUX/round_4/7_bessy2_56m_PGM_2Perc_coupling_errors_on_FLUX.rml
2024-12-17 11:57:51,609 - INFO - Completed: 57, remaining: 3, RAYPy_Simulation_bessy2_56m_PGM_2Perc_coupling_errors_on_FLUX/round_4/11_bessy2_56m_PGM_2Perc_coupling_errors_on_FLUX.rml
2024-12-17 11:57:51,627 - INFO - Completed: 58, remaining: 2, RAYPy_Simulation_bessy2_56m_PGM_2Perc_coupling_errors_on_FLUX/round_4/9_bessy2_56m_PGM_2Perc_coupling_errors_on_FLUX.rml
2024-12-17 11:57:51,734 - INFO - Completed: 59, remaining: 1, RAYPy_Simulation_bessy2_56m_PGM_2Perc_coupling_errors_on_FLUX/round_4/8_bessy2_56m_PGM_2Perc_coupling_errors_on_FLUX.rml
2024-12-17 11:57:51,914 - INFO - Completed: 60, remaining: 0, RAYPy_Simulation_bessy2_56m_PGM_2Perc_coupling_errors_on_FLUX/round_4/10_bessy2_56m_PGM_2Perc_coupling_errors_on_FLUX.rml
2024-12-17 11:57:51,914 - INFO - Batch Completed
2024-12-17 11:57:51,914 - INFO - Waiting For batch, 60 simulations to go
2024-12-17 11:57:51,921 - INFO - Prepared sim number: 12: RAYPy_Simulation_bessy2_56m_PGM_2Perc_coupling_errors_on_FLUX/round_4/12_bessy2_56m_PGM_2Perc_coupling_errors_on_FLUX.rml
2024-12-17 11:57:51,930 - INFO - Prepared sim number: 13: RAYPy_Simulation_bessy2_56m_PGM_2Perc_coupling_errors_on_FLUX/round_4/13_bessy2_56m_PGM_2Perc_coupling_errors_on_FLUX.rml
2024-12-17 11:57:51,937 - INFO - Prepared sim number: 14: RAYPy_Simulation_bessy2_56m_PGM_2Perc_coupling_errors_on_FLUX/round_4/14_bessy2_56m_PGM_2Perc_coupling_errors_on_FLUX.rml
2024-12-17 11:57:51,947 - INFO - Prepared sim number: 15: RAYPy_Simulation_bessy2_56m_PGM_2Perc_coupling_errors_on_FLUX/round_4/15_bessy2_56m_PGM_2Perc_coupling_errors_on_FLUX.rml
2024-12-17 11:57:51,953 - INFO - Prepared sim number: 16: RAYPy_Simulation_bessy2_56m_PGM_2Perc_coupling_errors_on_FLUX/round_4/16_bessy2_56m_PGM_2Perc_coupling_errors_on_FLUX.rml
2024-12-17 11:57:51,960 - INFO - Prepared sim number: 17: RAYPy_Simulation_bessy2_56m_PGM_2Perc_coupling_errors_on_FLUX/round_4/17_bessy2_56m_PGM_2Perc_coupling_errors_on_FLUX.rml
2024-12-17 11:57:51,966 - INFO - Prepared sim number: 18: RAYPy_Simulation_bessy2_56m_PGM_2Perc_coupling_errors_on_FLUX/round_4/18_bessy2_56m_PGM_2Perc_coupling_errors_on_FLUX.rml
2024-12-17 11:57:51,974 - INFO - Prepared sim number: 19: RAYPy_Simulation_bessy2_56m_PGM_2Perc_coupling_errors_on_FLUX/round_4/19_bessy2_56m_PGM_2Perc_coupling_errors_on_FLUX.rml
2024-12-17 11:57:51,978 - INFO - Prepared sim number: 20: RAYPy_Simulation_bessy2_56m_PGM_2Perc_coupling_errors_on_FLUX/round_4/20_bessy2_56m_PGM_2Perc_coupling_errors_on_FLUX.rml
2024-12-17 11:57:51,984 - INFO - Prepared sim number: 21: RAYPy_Simulation_bessy2_56m_PGM_2Perc_coupling_errors_on_FLUX/round_4/21_bessy2_56m_PGM_2Perc_coupling_errors_on_FLUX.rml
2024-12-17 11:57:51,990 - INFO - Prepared sim number: 22: RAYPy_Simulation_bessy2_56m_PGM_2Perc_coupling_errors_on_FLUX/round_4/22_bessy2_56m_PGM_2Perc_coupling_errors_on_FLUX.rml
2024-12-17 11:57:51,997 - INFO - Prepared sim number: 23: RAYPy_Simulation_bessy2_56m_PGM_2Perc_coupling_errors_on_FLUX/round_4/23_bessy2_56m_PGM_2Perc_coupling_errors_on_FLUX.rml
2024-12-17 11:57:52,004 - INFO - Prepared sim number: 24: RAYPy_Simulation_bessy2_56m_PGM_2Perc_coupling_errors_on_FLUX/round_4/24_bessy2_56m_PGM_2Perc_coupling_errors_on_FLUX.rml
2024-12-17 11:57:52,010 - INFO - Prepared sim number: 25: RAYPy_Simulation_bessy2_56m_PGM_2Perc_coupling_errors_on_FLUX/round_4/25_bessy2_56m_PGM_2Perc_coupling_errors_on_FLUX.rml
2024-12-17 11:57:52,016 - INFO - Prepared sim number: 26: RAYPy_Simulation_bessy2_56m_PGM_2Perc_coupling_errors_on_FLUX/round_4/26_bessy2_56m_PGM_2Perc_coupling_errors_on_FLUX.rml
2024-12-17 11:57:52,021 - INFO - Prepared sim number: 27: RAYPy_Simulation_bessy2_56m_PGM_2Perc_coupling_errors_on_FLUX/round_4/27_bessy2_56m_PGM_2Perc_coupling_errors_on_FLUX.rml
2024-12-17 11:57:52,027 - INFO - Prepared sim number: 28: RAYPy_Simulation_bessy2_56m_PGM_2Perc_coupling_errors_on_FLUX/round_4/28_bessy2_56m_PGM_2Perc_coupling_errors_on_FLUX.rml
2024-12-17 11:57:52,032 - INFO - Prepared sim number: 29: RAYPy_Simulation_bessy2_56m_PGM_2Perc_coupling_errors_on_FLUX/round_4/29_bessy2_56m_PGM_2Perc_coupling_errors_on_FLUX.rml
2024-12-17 11:57:52,038 - INFO - Prepared sim number: 30: RAYPy_Simulation_bessy2_56m_PGM_2Perc_coupling_errors_on_FLUX/round_4/30_bessy2_56m_PGM_2Perc_coupling_errors_on_FLUX.rml
2024-12-17 11:57:52,044 - INFO - Prepared sim number: 31: RAYPy_Simulation_bessy2_56m_PGM_2Perc_coupling_errors_on_FLUX/round_4/31_bessy2_56m_PGM_2Perc_coupling_errors_on_FLUX.rml
2024-12-17 11:57:52,050 - INFO - Prepared sim number: 32: RAYPy_Simulation_bessy2_56m_PGM_2Perc_coupling_errors_on_FLUX/round_4/32_bessy2_56m_PGM_2Perc_coupling_errors_on_FLUX.rml
2024-12-17 11:57:52,056 - INFO - Prepared sim number: 33: RAYPy_Simulation_bessy2_56m_PGM_2Perc_coupling_errors_on_FLUX/round_4/33_bessy2_56m_PGM_2Perc_coupling_errors_on_FLUX.rml
2024-12-17 11:57:52,062 - INFO - Prepared sim number: 34: RAYPy_Simulation_bessy2_56m_PGM_2Perc_coupling_errors_on_FLUX/round_4/34_bessy2_56m_PGM_2Perc_coupling_errors_on_FLUX.rml
2024-12-17 11:57:52,067 - INFO - Prepared sim number: 35: RAYPy_Simulation_bessy2_56m_PGM_2Perc_coupling_errors_on_FLUX/round_4/35_bessy2_56m_PGM_2Perc_coupling_errors_on_FLUX.rml
2024-12-17 11:57:52,073 - INFO - Prepared sim number: 36: RAYPy_Simulation_bessy2_56m_PGM_2Perc_coupling_errors_on_FLUX/round_4/36_bessy2_56m_PGM_2Perc_coupling_errors_on_FLUX.rml
2024-12-17 11:57:52,077 - INFO - Prepared sim number: 37: RAYPy_Simulation_bessy2_56m_PGM_2Perc_coupling_errors_on_FLUX/round_4/37_bessy2_56m_PGM_2Perc_coupling_errors_on_FLUX.rml
2024-12-17 11:57:52,083 - INFO - Prepared sim number: 38: RAYPy_Simulation_bessy2_56m_PGM_2Perc_coupling_errors_on_FLUX/round_4/38_bessy2_56m_PGM_2Perc_coupling_errors_on_FLUX.rml
2024-12-17 11:57:52,088 - INFO - Prepared sim number: 39: RAYPy_Simulation_bessy2_56m_PGM_2Perc_coupling_errors_on_FLUX/round_4/39_bessy2_56m_PGM_2Perc_coupling_errors_on_FLUX.rml
2024-12-17 11:57:52,093 - INFO - Prepared sim number: 40: RAYPy_Simulation_bessy2_56m_PGM_2Perc_coupling_errors_on_FLUX/round_4/40_bessy2_56m_PGM_2Perc_coupling_errors_on_FLUX.rml
2024-12-17 11:57:52,100 - INFO - Prepared sim number: 41: RAYPy_Simulation_bessy2_56m_PGM_2Perc_coupling_errors_on_FLUX/round_4/41_bessy2_56m_PGM_2Perc_coupling_errors_on_FLUX.rml
2024-12-17 11:57:52,100 - INFO - Waiting for batch number: 3, timeout: 100.45006387050334s
2024-12-17 11:58:11,939 - INFO - Completed: 1, remaining: 59, RAYPy_Simulation_bessy2_56m_PGM_2Perc_coupling_errors_on_FLUX/round_4/12_bessy2_56m_PGM_2Perc_coupling_errors_on_FLUX.rml
2024-12-17 11:58:12,153 - INFO - Completed: 2, remaining: 58, RAYPy_Simulation_bessy2_56m_PGM_2Perc_coupling_errors_on_FLUX/round_4/18_bessy2_56m_PGM_2Perc_coupling_errors_on_FLUX.rml
2024-12-17 11:58:12,319 - INFO - Completed: 3, remaining: 57, RAYPy_Simulation_bessy2_56m_PGM_2Perc_coupling_errors_on_FLUX/round_4/19_bessy2_56m_PGM_2Perc_coupling_errors_on_FLUX.rml
2024-12-17 11:58:12,336 - INFO - Completed: 4, remaining: 56, RAYPy_Simulation_bessy2_56m_PGM_2Perc_coupling_errors_on_FLUX/round_4/14_bessy2_56m_PGM_2Perc_coupling_errors_on_FLUX.rml
2024-12-17 11:58:12,705 - INFO - Completed: 5, remaining: 55, RAYPy_Simulation_bessy2_56m_PGM_2Perc_coupling_errors_on_FLUX/round_4/17_bessy2_56m_PGM_2Perc_coupling_errors_on_FLUX.rml
2024-12-17 11:58:12,723 - INFO - Completed: 6, remaining: 54, RAYPy_Simulation_bessy2_56m_PGM_2Perc_coupling_errors_on_FLUX/round_4/16_bessy2_56m_PGM_2Perc_coupling_errors_on_FLUX.rml
2024-12-17 11:58:12,879 - INFO - Completed: 7, remaining: 53, RAYPy_Simulation_bessy2_56m_PGM_2Perc_coupling_errors_on_FLUX/round_4/20_bessy2_56m_PGM_2Perc_coupling_errors_on_FLUX.rml
2024-12-17 11:58:13,837 - INFO - Completed: 8, remaining: 52, RAYPy_Simulation_bessy2_56m_PGM_2Perc_coupling_errors_on_FLUX/round_4/13_bessy2_56m_PGM_2Perc_coupling_errors_on_FLUX.rml
2024-12-17 11:58:13,886 - INFO - Completed: 9, remaining: 51, RAYPy_Simulation_bessy2_56m_PGM_2Perc_coupling_errors_on_FLUX/round_4/23_bessy2_56m_PGM_2Perc_coupling_errors_on_FLUX.rml
2024-12-17 11:58:14,071 - INFO - Completed: 10, remaining: 50, RAYPy_Simulation_bessy2_56m_PGM_2Perc_coupling_errors_on_FLUX/round_4/22_bessy2_56m_PGM_2Perc_coupling_errors_on_FLUX.rml
2024-12-17 11:58:14,118 - INFO - Completed: 11, remaining: 49, RAYPy_Simulation_bessy2_56m_PGM_2Perc_coupling_errors_on_FLUX/round_4/15_bessy2_56m_PGM_2Perc_coupling_errors_on_FLUX.rml
2024-12-17 11:58:14,178 - INFO - Completed: 12, remaining: 48, RAYPy_Simulation_bessy2_56m_PGM_2Perc_coupling_errors_on_FLUX/round_4/21_bessy2_56m_PGM_2Perc_coupling_errors_on_FLUX.rml
2024-12-17 11:58:29,348 - INFO - Completed: 13, remaining: 47, RAYPy_Simulation_bessy2_56m_PGM_2Perc_coupling_errors_on_FLUX/round_4/24_bessy2_56m_PGM_2Perc_coupling_errors_on_FLUX.rml
2024-12-17 11:58:30,441 - INFO - Completed: 14, remaining: 46, RAYPy_Simulation_bessy2_56m_PGM_2Perc_coupling_errors_on_FLUX/round_4/25_bessy2_56m_PGM_2Perc_coupling_errors_on_FLUX.rml
2024-12-17 11:58:30,458 - INFO - Completed: 15, remaining: 45, RAYPy_Simulation_bessy2_56m_PGM_2Perc_coupling_errors_on_FLUX/round_4/27_bessy2_56m_PGM_2Perc_coupling_errors_on_FLUX.rml
2024-12-17 11:58:30,778 - INFO - Completed: 16, remaining: 44, RAYPy_Simulation_bessy2_56m_PGM_2Perc_coupling_errors_on_FLUX/round_4/26_bessy2_56m_PGM_2Perc_coupling_errors_on_FLUX.rml
2024-12-17 11:58:31,222 - INFO - Completed: 17, remaining: 43, RAYPy_Simulation_bessy2_56m_PGM_2Perc_coupling_errors_on_FLUX/round_4/28_bessy2_56m_PGM_2Perc_coupling_errors_on_FLUX.rml
2024-12-17 11:58:31,362 - INFO - Completed: 18, remaining: 42, RAYPy_Simulation_bessy2_56m_PGM_2Perc_coupling_errors_on_FLUX/round_4/29_bessy2_56m_PGM_2Perc_coupling_errors_on_FLUX.rml
2024-12-17 11:58:31,514 - INFO - Completed: 19, remaining: 41, RAYPy_Simulation_bessy2_56m_PGM_2Perc_coupling_errors_on_FLUX/round_4/30_bessy2_56m_PGM_2Perc_coupling_errors_on_FLUX.rml
2024-12-17 11:58:32,286 - INFO - Completed: 20, remaining: 40, RAYPy_Simulation_bessy2_56m_PGM_2Perc_coupling_errors_on_FLUX/round_4/31_bessy2_56m_PGM_2Perc_coupling_errors_on_FLUX.rml
2024-12-17 11:58:32,494 - INFO - Completed: 21, remaining: 39, RAYPy_Simulation_bessy2_56m_PGM_2Perc_coupling_errors_on_FLUX/round_4/33_bessy2_56m_PGM_2Perc_coupling_errors_on_FLUX.rml
2024-12-17 11:58:32,505 - INFO - Completed: 22, remaining: 38, RAYPy_Simulation_bessy2_56m_PGM_2Perc_coupling_errors_on_FLUX/round_4/35_bessy2_56m_PGM_2Perc_coupling_errors_on_FLUX.rml
2024-12-17 11:58:32,509 - INFO - Completed: 23, remaining: 37, RAYPy_Simulation_bessy2_56m_PGM_2Perc_coupling_errors_on_FLUX/round_4/34_bessy2_56m_PGM_2Perc_coupling_errors_on_FLUX.rml
2024-12-17 11:58:32,704 - INFO - Completed: 24, remaining: 36, RAYPy_Simulation_bessy2_56m_PGM_2Perc_coupling_errors_on_FLUX/round_4/32_bessy2_56m_PGM_2Perc_coupling_errors_on_FLUX.rml
2024-12-17 11:58:38,335 - INFO - Completed: 25, remaining: 35, RAYPy_Simulation_bessy2_56m_PGM_2Perc_coupling_errors_on_FLUX/round_4/36_bessy2_56m_PGM_2Perc_coupling_errors_on_FLUX.rml
2024-12-17 11:58:40,220 - INFO - Completed: 26, remaining: 34, RAYPy_Simulation_bessy2_56m_PGM_2Perc_coupling_errors_on_FLUX/round_4/37_bessy2_56m_PGM_2Perc_coupling_errors_on_FLUX.rml
2024-12-17 11:58:40,378 - INFO - Completed: 27, remaining: 33, RAYPy_Simulation_bessy2_56m_PGM_2Perc_coupling_errors_on_FLUX/round_4/41_bessy2_56m_PGM_2Perc_coupling_errors_on_FLUX.rml
2024-12-17 11:58:40,460 - INFO - Completed: 28, remaining: 32, RAYPy_Simulation_bessy2_56m_PGM_2Perc_coupling_errors_on_FLUX/round_4/39_bessy2_56m_PGM_2Perc_coupling_errors_on_FLUX.rml
2024-12-17 11:58:40,590 - INFO - Completed: 29, remaining: 31, RAYPy_Simulation_bessy2_56m_PGM_2Perc_coupling_errors_on_FLUX/round_4/40_bessy2_56m_PGM_2Perc_coupling_errors_on_FLUX.rml
2024-12-17 11:58:40,737 - INFO - Completed: 30, remaining: 30, RAYPy_Simulation_bessy2_56m_PGM_2Perc_coupling_errors_on_FLUX/round_4/38_bessy2_56m_PGM_2Perc_coupling_errors_on_FLUX.rml
2024-12-17 11:58:40,737 - INFO - Batch Completed
2024-12-17 11:58:40,737 - INFO - Waiting For batch, 60 simulations to go
2024-12-17 11:58:40,737 - INFO - Remaning Simulations 0, stop the simulations loop
2024-12-17 11:58:40,738 - INFO - Checking that all simulations are completed before stopping the ProcessPoolExecutor
2024-12-17 11:58:40,953 - INFO - Executor shutdown completed.
2024-12-17 11:58:40,974 - INFO - Simulation completed successfully.
2024-12-17 11:58:40,974 - INFO - Starting cleanup
2024-12-17 11:58:42,818 - INFO - Done with the cleanup
2024-12-17 11:58:42,818 - INFO - Create Pandas Recap Files
2024-12-17 11:58:42,866 - INFO - End of the Simulations
2024-12-17 12:51:15,679 - INFO - Simulation started, using 12 workers
2024-12-17 12:51:15,681 - INFO - Start round 0
2024-12-17 12:51:15,682 - INFO - Prepared sim number: 0: RAYPy_Simulation_bessy2_56m_PGM_2Perc_coupling_errors_on_FLUX/round_0/0_bessy2_56m_PGM_2Perc_coupling_errors_on_FLUX.rml
2024-12-17 12:51:15,683 - INFO - Prepared sim number: 1: RAYPy_Simulation_bessy2_56m_PGM_2Perc_coupling_errors_on_FLUX/round_0/1_bessy2_56m_PGM_2Perc_coupling_errors_on_FLUX.rml
2024-12-17 12:51:15,684 - INFO - Prepared sim number: 2: RAYPy_Simulation_bessy2_56m_PGM_2Perc_coupling_errors_on_FLUX/round_0/2_bessy2_56m_PGM_2Perc_coupling_errors_on_FLUX.rml
2024-12-17 12:51:15,685 - INFO - Prepared sim number: 3: RAYPy_Simulation_bessy2_56m_PGM_2Perc_coupling_errors_on_FLUX/round_0/3_bessy2_56m_PGM_2Perc_coupling_errors_on_FLUX.rml
2024-12-17 12:51:15,687 - INFO - Prepared sim number: 4: RAYPy_Simulation_bessy2_56m_PGM_2Perc_coupling_errors_on_FLUX/round_0/4_bessy2_56m_PGM_2Perc_coupling_errors_on_FLUX.rml
2024-12-17 12:51:15,689 - INFO - Prepared sim number: 5: RAYPy_Simulation_bessy2_56m_PGM_2Perc_coupling_errors_on_FLUX/round_0/5_bessy2_56m_PGM_2Perc_coupling_errors_on_FLUX.rml
2024-12-17 12:51:15,691 - INFO - Prepared sim number: 6: RAYPy_Simulation_bessy2_56m_PGM_2Perc_coupling_errors_on_FLUX/round_0/6_bessy2_56m_PGM_2Perc_coupling_errors_on_FLUX.rml
2024-12-17 12:51:15,693 - INFO - Prepared sim number: 7: RAYPy_Simulation_bessy2_56m_PGM_2Perc_coupling_errors_on_FLUX/round_0/7_bessy2_56m_PGM_2Perc_coupling_errors_on_FLUX.rml
2024-12-17 12:51:15,694 - INFO - Prepared sim number: 8: RAYPy_Simulation_bessy2_56m_PGM_2Perc_coupling_errors_on_FLUX/round_0/8_bessy2_56m_PGM_2Perc_coupling_errors_on_FLUX.rml
2024-12-17 12:51:15,696 - INFO - Prepared sim number: 9: RAYPy_Simulation_bessy2_56m_PGM_2Perc_coupling_errors_on_FLUX/round_0/9_bessy2_56m_PGM_2Perc_coupling_errors_on_FLUX.rml
2024-12-17 12:51:15,697 - INFO - Prepared sim number: 10: RAYPy_Simulation_bessy2_56m_PGM_2Perc_coupling_errors_on_FLUX/round_0/10_bessy2_56m_PGM_2Perc_coupling_errors_on_FLUX.rml
2024-12-17 12:51:15,698 - INFO - Prepared sim number: 11: RAYPy_Simulation_bessy2_56m_PGM_2Perc_coupling_errors_on_FLUX/round_0/11_bessy2_56m_PGM_2Perc_coupling_errors_on_FLUX.rml
2024-12-17 12:51:15,699 - INFO - Prepared sim number: 12: RAYPy_Simulation_bessy2_56m_PGM_2Perc_coupling_errors_on_FLUX/round_0/12_bessy2_56m_PGM_2Perc_coupling_errors_on_FLUX.rml
2024-12-17 12:51:15,700 - INFO - Prepared sim number: 13: RAYPy_Simulation_bessy2_56m_PGM_2Perc_coupling_errors_on_FLUX/round_0/13_bessy2_56m_PGM_2Perc_coupling_errors_on_FLUX.rml
2024-12-17 12:51:15,702 - INFO - Prepared sim number: 14: RAYPy_Simulation_bessy2_56m_PGM_2Perc_coupling_errors_on_FLUX/round_0/14_bessy2_56m_PGM_2Perc_coupling_errors_on_FLUX.rml
2024-12-17 12:51:15,704 - INFO - Prepared sim number: 15: RAYPy_Simulation_bessy2_56m_PGM_2Perc_coupling_errors_on_FLUX/round_0/15_bessy2_56m_PGM_2Perc_coupling_errors_on_FLUX.rml
2024-12-17 12:51:15,706 - INFO - Prepared sim number: 16: RAYPy_Simulation_bessy2_56m_PGM_2Perc_coupling_errors_on_FLUX/round_0/16_bessy2_56m_PGM_2Perc_coupling_errors_on_FLUX.rml
2024-12-17 12:51:15,708 - INFO - Prepared sim number: 17: RAYPy_Simulation_bessy2_56m_PGM_2Perc_coupling_errors_on_FLUX/round_0/17_bessy2_56m_PGM_2Perc_coupling_errors_on_FLUX.rml
2024-12-17 12:51:15,709 - INFO - Prepared sim number: 18: RAYPy_Simulation_bessy2_56m_PGM_2Perc_coupling_errors_on_FLUX/round_0/18_bessy2_56m_PGM_2Perc_coupling_errors_on_FLUX.rml
2024-12-17 12:51:15,710 - INFO - Prepared sim number: 19: RAYPy_Simulation_bessy2_56m_PGM_2Perc_coupling_errors_on_FLUX/round_0/19_bessy2_56m_PGM_2Perc_coupling_errors_on_FLUX.rml
2024-12-17 12:51:15,711 - INFO - Prepared sim number: 20: RAYPy_Simulation_bessy2_56m_PGM_2Perc_coupling_errors_on_FLUX/round_0/20_bessy2_56m_PGM_2Perc_coupling_errors_on_FLUX.rml
2024-12-17 12:51:15,712 - INFO - Prepared sim number: 21: RAYPy_Simulation_bessy2_56m_PGM_2Perc_coupling_errors_on_FLUX/round_0/21_bessy2_56m_PGM_2Perc_coupling_errors_on_FLUX.rml
2024-12-17 12:51:15,713 - INFO - Prepared sim number: 22: RAYPy_Simulation_bessy2_56m_PGM_2Perc_coupling_errors_on_FLUX/round_0/22_bessy2_56m_PGM_2Perc_coupling_errors_on_FLUX.rml
2024-12-17 12:51:15,715 - INFO - Prepared sim number: 23: RAYPy_Simulation_bessy2_56m_PGM_2Perc_coupling_errors_on_FLUX/round_0/23_bessy2_56m_PGM_2Perc_coupling_errors_on_FLUX.rml
2024-12-17 12:51:15,716 - INFO - Prepared sim number: 24: RAYPy_Simulation_bessy2_56m_PGM_2Perc_coupling_errors_on_FLUX/round_0/24_bessy2_56m_PGM_2Perc_coupling_errors_on_FLUX.rml
2024-12-17 12:51:15,718 - INFO - Prepared sim number: 25: RAYPy_Simulation_bessy2_56m_PGM_2Perc_coupling_errors_on_FLUX/round_0/25_bessy2_56m_PGM_2Perc_coupling_errors_on_FLUX.rml
2024-12-17 12:51:15,721 - INFO - Prepared sim number: 26: RAYPy_Simulation_bessy2_56m_PGM_2Perc_coupling_errors_on_FLUX/round_0/26_bessy2_56m_PGM_2Perc_coupling_errors_on_FLUX.rml
2024-12-17 12:51:15,723 - INFO - Prepared sim number: 27: RAYPy_Simulation_bessy2_56m_PGM_2Perc_coupling_errors_on_FLUX/round_0/27_bessy2_56m_PGM_2Perc_coupling_errors_on_FLUX.rml
2024-12-17 12:51:15,725 - INFO - Prepared sim number: 28: RAYPy_Simulation_bessy2_56m_PGM_2Perc_coupling_errors_on_FLUX/round_0/28_bessy2_56m_PGM_2Perc_coupling_errors_on_FLUX.rml
2024-12-17 12:51:15,727 - INFO - Prepared sim number: 29: RAYPy_Simulation_bessy2_56m_PGM_2Perc_coupling_errors_on_FLUX/round_0/29_bessy2_56m_PGM_2Perc_coupling_errors_on_FLUX.rml
2024-12-17 12:51:15,728 - INFO - Prepared sim number: 30: RAYPy_Simulation_bessy2_56m_PGM_2Perc_coupling_errors_on_FLUX/round_0/30_bessy2_56m_PGM_2Perc_coupling_errors_on_FLUX.rml
2024-12-17 12:51:15,730 - INFO - Prepared sim number: 31: RAYPy_Simulation_bessy2_56m_PGM_2Perc_coupling_errors_on_FLUX/round_0/31_bessy2_56m_PGM_2Perc_coupling_errors_on_FLUX.rml
2024-12-17 12:51:15,731 - INFO - Prepared sim number: 32: RAYPy_Simulation_bessy2_56m_PGM_2Perc_coupling_errors_on_FLUX/round_0/32_bessy2_56m_PGM_2Perc_coupling_errors_on_FLUX.rml
2024-12-17 12:51:15,732 - INFO - Prepared sim number: 33: RAYPy_Simulation_bessy2_56m_PGM_2Perc_coupling_errors_on_FLUX/round_0/33_bessy2_56m_PGM_2Perc_coupling_errors_on_FLUX.rml
2024-12-17 12:51:15,733 - INFO - Prepared sim number: 34: RAYPy_Simulation_bessy2_56m_PGM_2Perc_coupling_errors_on_FLUX/round_0/34_bessy2_56m_PGM_2Perc_coupling_errors_on_FLUX.rml
2024-12-17 12:51:15,735 - INFO - Prepared sim number: 35: RAYPy_Simulation_bessy2_56m_PGM_2Perc_coupling_errors_on_FLUX/round_0/35_bessy2_56m_PGM_2Perc_coupling_errors_on_FLUX.rml
2024-12-17 12:51:15,735 - INFO - Prepared sim number: 36: RAYPy_Simulation_bessy2_56m_PGM_2Perc_coupling_errors_on_FLUX/round_0/36_bessy2_56m_PGM_2Perc_coupling_errors_on_FLUX.rml
2024-12-17 12:51:15,737 - INFO - Prepared sim number: 37: RAYPy_Simulation_bessy2_56m_PGM_2Perc_coupling_errors_on_FLUX/round_0/37_bessy2_56m_PGM_2Perc_coupling_errors_on_FLUX.rml
2024-12-17 12:51:15,738 - INFO - Prepared sim number: 38: RAYPy_Simulation_bessy2_56m_PGM_2Perc_coupling_errors_on_FLUX/round_0/38_bessy2_56m_PGM_2Perc_coupling_errors_on_FLUX.rml
2024-12-17 12:51:15,738 - INFO - Prepared sim number: 39: RAYPy_Simulation_bessy2_56m_PGM_2Perc_coupling_errors_on_FLUX/round_0/39_bessy2_56m_PGM_2Perc_coupling_errors_on_FLUX.rml
2024-12-17 12:51:15,739 - INFO - Prepared sim number: 40: RAYPy_Simulation_bessy2_56m_PGM_2Perc_coupling_errors_on_FLUX/round_0/40_bessy2_56m_PGM_2Perc_coupling_errors_on_FLUX.rml
2024-12-17 12:51:15,740 - INFO - Prepared sim number: 41: RAYPy_Simulation_bessy2_56m_PGM_2Perc_coupling_errors_on_FLUX/round_0/41_bessy2_56m_PGM_2Perc_coupling_errors_on_FLUX.rml
2024-12-17 12:51:15,740 - INFO - Start round 1
2024-12-17 12:51:15,741 - INFO - Prepared sim number: 0: RAYPy_Simulation_bessy2_56m_PGM_2Perc_coupling_errors_on_FLUX/round_1/0_bessy2_56m_PGM_2Perc_coupling_errors_on_FLUX.rml
2024-12-17 12:51:15,742 - INFO - Prepared sim number: 1: RAYPy_Simulation_bessy2_56m_PGM_2Perc_coupling_errors_on_FLUX/round_1/1_bessy2_56m_PGM_2Perc_coupling_errors_on_FLUX.rml
2024-12-17 12:51:15,743 - INFO - Prepared sim number: 2: RAYPy_Simulation_bessy2_56m_PGM_2Perc_coupling_errors_on_FLUX/round_1/2_bessy2_56m_PGM_2Perc_coupling_errors_on_FLUX.rml
2024-12-17 12:51:15,744 - INFO - Prepared sim number: 3: RAYPy_Simulation_bessy2_56m_PGM_2Perc_coupling_errors_on_FLUX/round_1/3_bessy2_56m_PGM_2Perc_coupling_errors_on_FLUX.rml
2024-12-17 12:51:15,745 - INFO - Prepared sim number: 4: RAYPy_Simulation_bessy2_56m_PGM_2Perc_coupling_errors_on_FLUX/round_1/4_bessy2_56m_PGM_2Perc_coupling_errors_on_FLUX.rml
2024-12-17 12:51:15,746 - INFO - Prepared sim number: 5: RAYPy_Simulation_bessy2_56m_PGM_2Perc_coupling_errors_on_FLUX/round_1/5_bessy2_56m_PGM_2Perc_coupling_errors_on_FLUX.rml
2024-12-17 12:51:15,747 - INFO - Prepared sim number: 6: RAYPy_Simulation_bessy2_56m_PGM_2Perc_coupling_errors_on_FLUX/round_1/6_bessy2_56m_PGM_2Perc_coupling_errors_on_FLUX.rml
2024-12-17 12:51:15,748 - INFO - Prepared sim number: 7: RAYPy_Simulation_bessy2_56m_PGM_2Perc_coupling_errors_on_FLUX/round_1/7_bessy2_56m_PGM_2Perc_coupling_errors_on_FLUX.rml
2024-12-17 12:51:15,748 - INFO - Prepared sim number: 8: RAYPy_Simulation_bessy2_56m_PGM_2Perc_coupling_errors_on_FLUX/round_1/8_bessy2_56m_PGM_2Perc_coupling_errors_on_FLUX.rml
2024-12-17 12:51:15,749 - INFO - Prepared sim number: 9: RAYPy_Simulation_bessy2_56m_PGM_2Perc_coupling_errors_on_FLUX/round_1/9_bessy2_56m_PGM_2Perc_coupling_errors_on_FLUX.rml
2024-12-17 12:51:15,750 - INFO - Prepared sim number: 10: RAYPy_Simulation_bessy2_56m_PGM_2Perc_coupling_errors_on_FLUX/round_1/10_bessy2_56m_PGM_2Perc_coupling_errors_on_FLUX.rml
2024-12-17 12:51:15,751 - INFO - Prepared sim number: 11: RAYPy_Simulation_bessy2_56m_PGM_2Perc_coupling_errors_on_FLUX/round_1/11_bessy2_56m_PGM_2Perc_coupling_errors_on_FLUX.rml
2024-12-17 12:51:15,752 - INFO - Prepared sim number: 12: RAYPy_Simulation_bessy2_56m_PGM_2Perc_coupling_errors_on_FLUX/round_1/12_bessy2_56m_PGM_2Perc_coupling_errors_on_FLUX.rml
2024-12-17 12:51:15,753 - INFO - Prepared sim number: 13: RAYPy_Simulation_bessy2_56m_PGM_2Perc_coupling_errors_on_FLUX/round_1/13_bessy2_56m_PGM_2Perc_coupling_errors_on_FLUX.rml
2024-12-17 12:51:15,754 - INFO - Prepared sim number: 14: RAYPy_Simulation_bessy2_56m_PGM_2Perc_coupling_errors_on_FLUX/round_1/14_bessy2_56m_PGM_2Perc_coupling_errors_on_FLUX.rml
2024-12-17 12:51:15,755 - INFO - Prepared sim number: 15: RAYPy_Simulation_bessy2_56m_PGM_2Perc_coupling_errors_on_FLUX/round_1/15_bessy2_56m_PGM_2Perc_coupling_errors_on_FLUX.rml
2024-12-17 12:51:15,756 - INFO - Prepared sim number: 16: RAYPy_Simulation_bessy2_56m_PGM_2Perc_coupling_errors_on_FLUX/round_1/16_bessy2_56m_PGM_2Perc_coupling_errors_on_FLUX.rml
2024-12-17 12:51:15,757 - INFO - Prepared sim number: 17: RAYPy_Simulation_bessy2_56m_PGM_2Perc_coupling_errors_on_FLUX/round_1/17_bessy2_56m_PGM_2Perc_coupling_errors_on_FLUX.rml
2024-12-17 12:51:15,777 - INFO - Waiting for batch number: 0, timeout: 60s
