2025-01-17 15:12:14,287 - INFO - Simulation started, using 12 workers
2025-01-17 15:12:14,298 - INFO - Start round 0
2025-01-17 15:12:14,327 - INFO - Prepared sim number: 0: RAYPy_Simulation_bessy3_37m_PGM_2Perc_coupling_errors_on_FLUX/round_0/0_bessy3_37m_PGM_2Perc_coupling_errors_on_FLUX.rml
2025-01-17 15:12:14,354 - INFO - Prepared sim number: 1: RAYPy_Simulation_bessy3_37m_PGM_2Perc_coupling_errors_on_FLUX/round_0/1_bessy3_37m_PGM_2Perc_coupling_errors_on_FLUX.rml
2025-01-17 15:12:14,382 - INFO - Prepared sim number: 2: RAYPy_Simulation_bessy3_37m_PGM_2Perc_coupling_errors_on_FLUX/round_0/2_bessy3_37m_PGM_2Perc_coupling_errors_on_FLUX.rml
2025-01-17 15:12:14,405 - INFO - Prepared sim number: 3: RAYPy_Simulation_bessy3_37m_PGM_2Perc_coupling_errors_on_FLUX/round_0/3_bessy3_37m_PGM_2Perc_coupling_errors_on_FLUX.rml
2025-01-17 15:12:14,422 - INFO - Prepared sim number: 4: RAYPy_Simulation_bessy3_37m_PGM_2Perc_coupling_errors_on_FLUX/round_0/4_bessy3_37m_PGM_2Perc_coupling_errors_on_FLUX.rml
2025-01-17 15:12:14,436 - INFO - Prepared sim number: 5: RAYPy_Simulation_bessy3_37m_PGM_2Perc_coupling_errors_on_FLUX/round_0/5_bessy3_37m_PGM_2Perc_coupling_errors_on_FLUX.rml
2025-01-17 15:12:14,450 - INFO - Prepared sim number: 6: RAYPy_Simulation_bessy3_37m_PGM_2Perc_coupling_errors_on_FLUX/round_0/6_bessy3_37m_PGM_2Perc_coupling_errors_on_FLUX.rml
2025-01-17 15:12:14,463 - INFO - Prepared sim number: 7: RAYPy_Simulation_bessy3_37m_PGM_2Perc_coupling_errors_on_FLUX/round_0/7_bessy3_37m_PGM_2Perc_coupling_errors_on_FLUX.rml
2025-01-17 15:12:14,478 - INFO - Prepared sim number: 8: RAYPy_Simulation_bessy3_37m_PGM_2Perc_coupling_errors_on_FLUX/round_0/8_bessy3_37m_PGM_2Perc_coupling_errors_on_FLUX.rml
2025-01-17 15:12:14,492 - INFO - Prepared sim number: 9: RAYPy_Simulation_bessy3_37m_PGM_2Perc_coupling_errors_on_FLUX/round_0/9_bessy3_37m_PGM_2Perc_coupling_errors_on_FLUX.rml
2025-01-17 15:12:14,506 - INFO - Prepared sim number: 10: RAYPy_Simulation_bessy3_37m_PGM_2Perc_coupling_errors_on_FLUX/round_0/10_bessy3_37m_PGM_2Perc_coupling_errors_on_FLUX.rml
2025-01-17 15:12:14,520 - INFO - Prepared sim number: 11: RAYPy_Simulation_bessy3_37m_PGM_2Perc_coupling_errors_on_FLUX/round_0/11_bessy3_37m_PGM_2Perc_coupling_errors_on_FLUX.rml
2025-01-17 15:12:14,534 - INFO - Prepared sim number: 12: RAYPy_Simulation_bessy3_37m_PGM_2Perc_coupling_errors_on_FLUX/round_0/12_bessy3_37m_PGM_2Perc_coupling_errors_on_FLUX.rml
2025-01-17 15:12:14,548 - INFO - Prepared sim number: 13: RAYPy_Simulation_bessy3_37m_PGM_2Perc_coupling_errors_on_FLUX/round_0/13_bessy3_37m_PGM_2Perc_coupling_errors_on_FLUX.rml
2025-01-17 15:12:14,562 - INFO - Prepared sim number: 14: RAYPy_Simulation_bessy3_37m_PGM_2Perc_coupling_errors_on_FLUX/round_0/14_bessy3_37m_PGM_2Perc_coupling_errors_on_FLUX.rml
2025-01-17 15:12:14,575 - INFO - Prepared sim number: 15: RAYPy_Simulation_bessy3_37m_PGM_2Perc_coupling_errors_on_FLUX/round_0/15_bessy3_37m_PGM_2Perc_coupling_errors_on_FLUX.rml
2025-01-17 15:12:14,588 - INFO - Prepared sim number: 16: RAYPy_Simulation_bessy3_37m_PGM_2Perc_coupling_errors_on_FLUX/round_0/16_bessy3_37m_PGM_2Perc_coupling_errors_on_FLUX.rml
2025-01-17 15:12:14,601 - INFO - Prepared sim number: 17: RAYPy_Simulation_bessy3_37m_PGM_2Perc_coupling_errors_on_FLUX/round_0/17_bessy3_37m_PGM_2Perc_coupling_errors_on_FLUX.rml
2025-01-17 15:12:14,614 - INFO - Prepared sim number: 18: RAYPy_Simulation_bessy3_37m_PGM_2Perc_coupling_errors_on_FLUX/round_0/18_bessy3_37m_PGM_2Perc_coupling_errors_on_FLUX.rml
2025-01-17 15:12:14,626 - INFO - Prepared sim number: 19: RAYPy_Simulation_bessy3_37m_PGM_2Perc_coupling_errors_on_FLUX/round_0/19_bessy3_37m_PGM_2Perc_coupling_errors_on_FLUX.rml
2025-01-17 15:12:14,641 - INFO - Prepared sim number: 20: RAYPy_Simulation_bessy3_37m_PGM_2Perc_coupling_errors_on_FLUX/round_0/20_bessy3_37m_PGM_2Perc_coupling_errors_on_FLUX.rml
2025-01-17 15:12:14,642 - INFO - Start round 1
2025-01-17 15:12:14,648 - INFO - Prepared sim number: 0: RAYPy_Simulation_bessy3_37m_PGM_2Perc_coupling_errors_on_FLUX/round_1/0_bessy3_37m_PGM_2Perc_coupling_errors_on_FLUX.rml
2025-01-17 15:12:14,654 - INFO - Prepared sim number: 1: RAYPy_Simulation_bessy3_37m_PGM_2Perc_coupling_errors_on_FLUX/round_1/1_bessy3_37m_PGM_2Perc_coupling_errors_on_FLUX.rml
2025-01-17 15:12:14,661 - INFO - Prepared sim number: 2: RAYPy_Simulation_bessy3_37m_PGM_2Perc_coupling_errors_on_FLUX/round_1/2_bessy3_37m_PGM_2Perc_coupling_errors_on_FLUX.rml
2025-01-17 15:12:14,668 - INFO - Prepared sim number: 3: RAYPy_Simulation_bessy3_37m_PGM_2Perc_coupling_errors_on_FLUX/round_1/3_bessy3_37m_PGM_2Perc_coupling_errors_on_FLUX.rml
2025-01-17 15:12:14,675 - INFO - Prepared sim number: 4: RAYPy_Simulation_bessy3_37m_PGM_2Perc_coupling_errors_on_FLUX/round_1/4_bessy3_37m_PGM_2Perc_coupling_errors_on_FLUX.rml
2025-01-17 15:12:14,681 - INFO - Prepared sim number: 5: RAYPy_Simulation_bessy3_37m_PGM_2Perc_coupling_errors_on_FLUX/round_1/5_bessy3_37m_PGM_2Perc_coupling_errors_on_FLUX.rml
2025-01-17 15:12:14,687 - INFO - Prepared sim number: 6: RAYPy_Simulation_bessy3_37m_PGM_2Perc_coupling_errors_on_FLUX/round_1/6_bessy3_37m_PGM_2Perc_coupling_errors_on_FLUX.rml
2025-01-17 15:12:14,694 - INFO - Prepared sim number: 7: RAYPy_Simulation_bessy3_37m_PGM_2Perc_coupling_errors_on_FLUX/round_1/7_bessy3_37m_PGM_2Perc_coupling_errors_on_FLUX.rml
2025-01-17 15:12:14,699 - INFO - Prepared sim number: 8: RAYPy_Simulation_bessy3_37m_PGM_2Perc_coupling_errors_on_FLUX/round_1/8_bessy3_37m_PGM_2Perc_coupling_errors_on_FLUX.rml
2025-01-17 15:12:14,706 - INFO - Prepared sim number: 9: RAYPy_Simulation_bessy3_37m_PGM_2Perc_coupling_errors_on_FLUX/round_1/9_bessy3_37m_PGM_2Perc_coupling_errors_on_FLUX.rml
2025-01-17 15:12:14,711 - INFO - Prepared sim number: 10: RAYPy_Simulation_bessy3_37m_PGM_2Perc_coupling_errors_on_FLUX/round_1/10_bessy3_37m_PGM_2Perc_coupling_errors_on_FLUX.rml
2025-01-17 15:12:14,719 - INFO - Prepared sim number: 11: RAYPy_Simulation_bessy3_37m_PGM_2Perc_coupling_errors_on_FLUX/round_1/11_bessy3_37m_PGM_2Perc_coupling_errors_on_FLUX.rml
2025-01-17 15:12:14,732 - INFO - Prepared sim number: 12: RAYPy_Simulation_bessy3_37m_PGM_2Perc_coupling_errors_on_FLUX/round_1/12_bessy3_37m_PGM_2Perc_coupling_errors_on_FLUX.rml
2025-01-17 15:12:14,742 - INFO - Prepared sim number: 13: RAYPy_Simulation_bessy3_37m_PGM_2Perc_coupling_errors_on_FLUX/round_1/13_bessy3_37m_PGM_2Perc_coupling_errors_on_FLUX.rml
2025-01-17 15:12:14,755 - INFO - Prepared sim number: 14: RAYPy_Simulation_bessy3_37m_PGM_2Perc_coupling_errors_on_FLUX/round_1/14_bessy3_37m_PGM_2Perc_coupling_errors_on_FLUX.rml
2025-01-17 15:12:14,770 - INFO - Prepared sim number: 15: RAYPy_Simulation_bessy3_37m_PGM_2Perc_coupling_errors_on_FLUX/round_1/15_bessy3_37m_PGM_2Perc_coupling_errors_on_FLUX.rml
2025-01-17 15:12:14,778 - INFO - Prepared sim number: 16: RAYPy_Simulation_bessy3_37m_PGM_2Perc_coupling_errors_on_FLUX/round_1/16_bessy3_37m_PGM_2Perc_coupling_errors_on_FLUX.rml
2025-01-17 15:12:14,801 - INFO - Prepared sim number: 17: RAYPy_Simulation_bessy3_37m_PGM_2Perc_coupling_errors_on_FLUX/round_1/17_bessy3_37m_PGM_2Perc_coupling_errors_on_FLUX.rml
2025-01-17 15:12:14,815 - INFO - Prepared sim number: 18: RAYPy_Simulation_bessy3_37m_PGM_2Perc_coupling_errors_on_FLUX/round_1/18_bessy3_37m_PGM_2Perc_coupling_errors_on_FLUX.rml
2025-01-17 15:12:14,824 - INFO - Prepared sim number: 19: RAYPy_Simulation_bessy3_37m_PGM_2Perc_coupling_errors_on_FLUX/round_1/19_bessy3_37m_PGM_2Perc_coupling_errors_on_FLUX.rml
2025-01-17 15:12:14,843 - INFO - Prepared sim number: 20: RAYPy_Simulation_bessy3_37m_PGM_2Perc_coupling_errors_on_FLUX/round_1/20_bessy3_37m_PGM_2Perc_coupling_errors_on_FLUX.rml
2025-01-17 15:12:14,843 - INFO - Start round 2
2025-01-17 15:12:14,852 - INFO - Prepared sim number: 0: RAYPy_Simulation_bessy3_37m_PGM_2Perc_coupling_errors_on_FLUX/round_2/0_bessy3_37m_PGM_2Perc_coupling_errors_on_FLUX.rml
2025-01-17 15:12:14,871 - INFO - Prepared sim number: 1: RAYPy_Simulation_bessy3_37m_PGM_2Perc_coupling_errors_on_FLUX/round_2/1_bessy3_37m_PGM_2Perc_coupling_errors_on_FLUX.rml
2025-01-17 15:12:14,882 - INFO - Prepared sim number: 2: RAYPy_Simulation_bessy3_37m_PGM_2Perc_coupling_errors_on_FLUX/round_2/2_bessy3_37m_PGM_2Perc_coupling_errors_on_FLUX.rml
2025-01-17 15:12:14,896 - INFO - Prepared sim number: 3: RAYPy_Simulation_bessy3_37m_PGM_2Perc_coupling_errors_on_FLUX/round_2/3_bessy3_37m_PGM_2Perc_coupling_errors_on_FLUX.rml
2025-01-17 15:12:14,911 - INFO - Prepared sim number: 4: RAYPy_Simulation_bessy3_37m_PGM_2Perc_coupling_errors_on_FLUX/round_2/4_bessy3_37m_PGM_2Perc_coupling_errors_on_FLUX.rml
2025-01-17 15:12:14,922 - INFO - Prepared sim number: 5: RAYPy_Simulation_bessy3_37m_PGM_2Perc_coupling_errors_on_FLUX/round_2/5_bessy3_37m_PGM_2Perc_coupling_errors_on_FLUX.rml
2025-01-17 15:12:14,936 - INFO - Prepared sim number: 6: RAYPy_Simulation_bessy3_37m_PGM_2Perc_coupling_errors_on_FLUX/round_2/6_bessy3_37m_PGM_2Perc_coupling_errors_on_FLUX.rml
2025-01-17 15:12:14,946 - INFO - Prepared sim number: 7: RAYPy_Simulation_bessy3_37m_PGM_2Perc_coupling_errors_on_FLUX/round_2/7_bessy3_37m_PGM_2Perc_coupling_errors_on_FLUX.rml
2025-01-17 15:12:14,957 - INFO - Prepared sim number: 8: RAYPy_Simulation_bessy3_37m_PGM_2Perc_coupling_errors_on_FLUX/round_2/8_bessy3_37m_PGM_2Perc_coupling_errors_on_FLUX.rml
2025-01-17 15:12:14,967 - INFO - Prepared sim number: 9: RAYPy_Simulation_bessy3_37m_PGM_2Perc_coupling_errors_on_FLUX/round_2/9_bessy3_37m_PGM_2Perc_coupling_errors_on_FLUX.rml
2025-01-17 15:12:14,976 - INFO - Prepared sim number: 10: RAYPy_Simulation_bessy3_37m_PGM_2Perc_coupling_errors_on_FLUX/round_2/10_bessy3_37m_PGM_2Perc_coupling_errors_on_FLUX.rml
2025-01-17 15:12:14,987 - INFO - Prepared sim number: 11: RAYPy_Simulation_bessy3_37m_PGM_2Perc_coupling_errors_on_FLUX/round_2/11_bessy3_37m_PGM_2Perc_coupling_errors_on_FLUX.rml
2025-01-17 15:12:14,997 - INFO - Prepared sim number: 12: RAYPy_Simulation_bessy3_37m_PGM_2Perc_coupling_errors_on_FLUX/round_2/12_bessy3_37m_PGM_2Perc_coupling_errors_on_FLUX.rml
2025-01-17 15:12:15,008 - INFO - Prepared sim number: 13: RAYPy_Simulation_bessy3_37m_PGM_2Perc_coupling_errors_on_FLUX/round_2/13_bessy3_37m_PGM_2Perc_coupling_errors_on_FLUX.rml
2025-01-17 15:12:15,023 - INFO - Prepared sim number: 14: RAYPy_Simulation_bessy3_37m_PGM_2Perc_coupling_errors_on_FLUX/round_2/14_bessy3_37m_PGM_2Perc_coupling_errors_on_FLUX.rml
2025-01-17 15:12:15,030 - INFO - Prepared sim number: 15: RAYPy_Simulation_bessy3_37m_PGM_2Perc_coupling_errors_on_FLUX/round_2/15_bessy3_37m_PGM_2Perc_coupling_errors_on_FLUX.rml
2025-01-17 15:12:15,044 - INFO - Prepared sim number: 16: RAYPy_Simulation_bessy3_37m_PGM_2Perc_coupling_errors_on_FLUX/round_2/16_bessy3_37m_PGM_2Perc_coupling_errors_on_FLUX.rml
2025-01-17 15:12:15,055 - INFO - Prepared sim number: 17: RAYPy_Simulation_bessy3_37m_PGM_2Perc_coupling_errors_on_FLUX/round_2/17_bessy3_37m_PGM_2Perc_coupling_errors_on_FLUX.rml
2025-01-17 15:12:15,089 - INFO - Waiting for batch number: 0, timeout: 60s
2025-01-17 15:12:36,078 - INFO - Completed: 1, remaining: 59, RAYPy_Simulation_bessy3_37m_PGM_2Perc_coupling_errors_on_FLUX/round_0/1_bessy3_37m_PGM_2Perc_coupling_errors_on_FLUX.rml
2025-01-17 15:12:36,679 - INFO - Completed: 2, remaining: 58, RAYPy_Simulation_bessy3_37m_PGM_2Perc_coupling_errors_on_FLUX/round_0/2_bessy3_37m_PGM_2Perc_coupling_errors_on_FLUX.rml
2025-01-17 15:12:36,688 - INFO - Completed: 3, remaining: 57, RAYPy_Simulation_bessy3_37m_PGM_2Perc_coupling_errors_on_FLUX/round_0/3_bessy3_37m_PGM_2Perc_coupling_errors_on_FLUX.rml
2025-01-17 15:12:36,769 - INFO - Completed: 4, remaining: 56, RAYPy_Simulation_bessy3_37m_PGM_2Perc_coupling_errors_on_FLUX/round_0/4_bessy3_37m_PGM_2Perc_coupling_errors_on_FLUX.rml
2025-01-17 15:12:37,024 - INFO - Completed: 5, remaining: 55, RAYPy_Simulation_bessy3_37m_PGM_2Perc_coupling_errors_on_FLUX/round_0/5_bessy3_37m_PGM_2Perc_coupling_errors_on_FLUX.rml
2025-01-17 15:12:37,415 - INFO - Completed: 6, remaining: 54, RAYPy_Simulation_bessy3_37m_PGM_2Perc_coupling_errors_on_FLUX/round_0/7_bessy3_37m_PGM_2Perc_coupling_errors_on_FLUX.rml
2025-01-17 15:12:37,437 - INFO - Completed: 7, remaining: 53, RAYPy_Simulation_bessy3_37m_PGM_2Perc_coupling_errors_on_FLUX/round_0/11_bessy3_37m_PGM_2Perc_coupling_errors_on_FLUX.rml
2025-01-17 15:12:37,539 - INFO - Completed: 8, remaining: 52, RAYPy_Simulation_bessy3_37m_PGM_2Perc_coupling_errors_on_FLUX/round_0/9_bessy3_37m_PGM_2Perc_coupling_errors_on_FLUX.rml
2025-01-17 15:12:37,762 - INFO - Completed: 9, remaining: 51, RAYPy_Simulation_bessy3_37m_PGM_2Perc_coupling_errors_on_FLUX/round_0/10_bessy3_37m_PGM_2Perc_coupling_errors_on_FLUX.rml
2025-01-17 15:12:38,777 - INFO - Completed: 10, remaining: 50, RAYPy_Simulation_bessy3_37m_PGM_2Perc_coupling_errors_on_FLUX/round_0/6_bessy3_37m_PGM_2Perc_coupling_errors_on_FLUX.rml
2025-01-17 15:12:38,883 - INFO - Completed: 11, remaining: 49, RAYPy_Simulation_bessy3_37m_PGM_2Perc_coupling_errors_on_FLUX/round_0/0_bessy3_37m_PGM_2Perc_coupling_errors_on_FLUX.rml
2025-01-17 15:12:38,959 - INFO - Completed: 12, remaining: 48, RAYPy_Simulation_bessy3_37m_PGM_2Perc_coupling_errors_on_FLUX/round_0/8_bessy3_37m_PGM_2Perc_coupling_errors_on_FLUX.rml
2025-01-17 15:12:54,596 - INFO - Completed: 13, remaining: 47, RAYPy_Simulation_bessy3_37m_PGM_2Perc_coupling_errors_on_FLUX/round_0/12_bessy3_37m_PGM_2Perc_coupling_errors_on_FLUX.rml
2025-01-17 15:12:56,118 - INFO - Completed: 14, remaining: 46, RAYPy_Simulation_bessy3_37m_PGM_2Perc_coupling_errors_on_FLUX/round_0/20_bessy3_37m_PGM_2Perc_coupling_errors_on_FLUX.rml
2025-01-17 15:12:56,510 - INFO - Completed: 15, remaining: 45, RAYPy_Simulation_bessy3_37m_PGM_2Perc_coupling_errors_on_FLUX/round_0/13_bessy3_37m_PGM_2Perc_coupling_errors_on_FLUX.rml
2025-01-17 15:12:56,581 - INFO - Completed: 16, remaining: 44, RAYPy_Simulation_bessy3_37m_PGM_2Perc_coupling_errors_on_FLUX/round_0/15_bessy3_37m_PGM_2Perc_coupling_errors_on_FLUX.rml
2025-01-17 15:12:56,894 - INFO - Completed: 17, remaining: 43, RAYPy_Simulation_bessy3_37m_PGM_2Perc_coupling_errors_on_FLUX/round_0/14_bessy3_37m_PGM_2Perc_coupling_errors_on_FLUX.rml
2025-01-17 15:12:57,120 - INFO - Completed: 18, remaining: 42, RAYPy_Simulation_bessy3_37m_PGM_2Perc_coupling_errors_on_FLUX/round_0/16_bessy3_37m_PGM_2Perc_coupling_errors_on_FLUX.rml
2025-01-17 15:12:57,303 - INFO - Completed: 19, remaining: 41, RAYPy_Simulation_bessy3_37m_PGM_2Perc_coupling_errors_on_FLUX/round_0/18_bessy3_37m_PGM_2Perc_coupling_errors_on_FLUX.rml
2025-01-17 15:12:57,528 - INFO - Completed: 20, remaining: 40, RAYPy_Simulation_bessy3_37m_PGM_2Perc_coupling_errors_on_FLUX/round_0/17_bessy3_37m_PGM_2Perc_coupling_errors_on_FLUX.rml
2025-01-17 15:12:57,942 - INFO - Completed: 21, remaining: 39, RAYPy_Simulation_bessy3_37m_PGM_2Perc_coupling_errors_on_FLUX/round_1/1_bessy3_37m_PGM_2Perc_coupling_errors_on_FLUX.rml
2025-01-17 15:12:58,275 - INFO - Completed: 22, remaining: 38, RAYPy_Simulation_bessy3_37m_PGM_2Perc_coupling_errors_on_FLUX/round_1/2_bessy3_37m_PGM_2Perc_coupling_errors_on_FLUX.rml
2025-01-17 15:12:58,564 - INFO - Completed: 23, remaining: 37, RAYPy_Simulation_bessy3_37m_PGM_2Perc_coupling_errors_on_FLUX/round_1/0_bessy3_37m_PGM_2Perc_coupling_errors_on_FLUX.rml
2025-01-17 15:12:58,658 - INFO - Completed: 24, remaining: 36, RAYPy_Simulation_bessy3_37m_PGM_2Perc_coupling_errors_on_FLUX/round_0/19_bessy3_37m_PGM_2Perc_coupling_errors_on_FLUX.rml
2025-01-17 15:13:09,103 - INFO - Completed: 25, remaining: 35, RAYPy_Simulation_bessy3_37m_PGM_2Perc_coupling_errors_on_FLUX/round_1/3_bessy3_37m_PGM_2Perc_coupling_errors_on_FLUX.rml
2025-01-17 15:13:14,326 - INFO - Completed: 26, remaining: 34, RAYPy_Simulation_bessy3_37m_PGM_2Perc_coupling_errors_on_FLUX/round_1/4_bessy3_37m_PGM_2Perc_coupling_errors_on_FLUX.rml
2025-01-17 15:13:15,094 - INFO - Exception during simulation: 34 (of 60) futures unfinished
2025-01-17 15:13:20,382 - INFO - Waiting for file RAYPy_Simulation_bessy3_37m_PGM_2Perc_coupling_errors_on_FLUX/round_1/7_bessy3_37m_PGM_2Perc_coupling_errors_on_FLUX.rml, wait_time 26.01875577523158
2025-01-17 15:13:25,459 - INFO - Waiting for file RAYPy_Simulation_bessy3_37m_PGM_2Perc_coupling_errors_on_FLUX/round_1/15_bessy3_37m_PGM_2Perc_coupling_errors_on_FLUX.rml, wait_time 21.01875577523158
2025-01-17 15:13:30,500 - INFO - Waiting for file RAYPy_Simulation_bessy3_37m_PGM_2Perc_coupling_errors_on_FLUX/round_1/16_bessy3_37m_PGM_2Perc_coupling_errors_on_FLUX.rml, wait_time 16.01875577523158
2025-01-17 15:13:35,531 - INFO - Waiting for file RAYPy_Simulation_bessy3_37m_PGM_2Perc_coupling_errors_on_FLUX/round_1/17_bessy3_37m_PGM_2Perc_coupling_errors_on_FLUX.rml, wait_time 11.018755775231579
2025-01-17 15:13:40,592 - INFO - Waiting for file RAYPy_Simulation_bessy3_37m_PGM_2Perc_coupling_errors_on_FLUX/round_2/0_bessy3_37m_PGM_2Perc_coupling_errors_on_FLUX.rml, wait_time 6.018755775231579
2025-01-17 15:13:45,664 - INFO - Waiting for file RAYPy_Simulation_bessy3_37m_PGM_2Perc_coupling_errors_on_FLUX/round_2/6_bessy3_37m_PGM_2Perc_coupling_errors_on_FLUX.rml, wait_time 1.018755775231579
2025-01-17 15:13:50,688 - INFO - Waiting for file RAYPy_Simulation_bessy3_37m_PGM_2Perc_coupling_errors_on_FLUX/round_2/7_bessy3_37m_PGM_2Perc_coupling_errors_on_FLUX.rml, wait_time -3.981244224768421
2025-01-17 15:13:50,840 - INFO - Found most simulations of the batch, futures missed at least 34 simulations
2025-01-17 15:13:50,843 - INFO - Updated progress bar
2025-01-17 15:13:50,844 - INFO - Batch Completed
2025-01-17 15:13:50,846 - INFO - Waiting For batch, 60 simulations to go
2025-01-17 15:13:50,877 - INFO - Prepared sim number: 18: RAYPy_Simulation_bessy3_37m_PGM_2Perc_coupling_errors_on_FLUX/round_2/18_bessy3_37m_PGM_2Perc_coupling_errors_on_FLUX.rml
2025-01-17 15:13:50,909 - INFO - Prepared sim number: 19: RAYPy_Simulation_bessy3_37m_PGM_2Perc_coupling_errors_on_FLUX/round_2/19_bessy3_37m_PGM_2Perc_coupling_errors_on_FLUX.rml
2025-01-17 15:13:50,932 - INFO - Prepared sim number: 20: RAYPy_Simulation_bessy3_37m_PGM_2Perc_coupling_errors_on_FLUX/round_2/20_bessy3_37m_PGM_2Perc_coupling_errors_on_FLUX.rml
2025-01-17 15:13:50,934 - INFO - Start round 3
2025-01-17 15:13:50,957 - INFO - Prepared sim number: 0: RAYPy_Simulation_bessy3_37m_PGM_2Perc_coupling_errors_on_FLUX/round_3/0_bessy3_37m_PGM_2Perc_coupling_errors_on_FLUX.rml
2025-01-17 15:13:50,981 - INFO - Prepared sim number: 1: RAYPy_Simulation_bessy3_37m_PGM_2Perc_coupling_errors_on_FLUX/round_3/1_bessy3_37m_PGM_2Perc_coupling_errors_on_FLUX.rml
2025-01-17 15:13:51,002 - INFO - Prepared sim number: 2: RAYPy_Simulation_bessy3_37m_PGM_2Perc_coupling_errors_on_FLUX/round_3/2_bessy3_37m_PGM_2Perc_coupling_errors_on_FLUX.rml
2025-01-17 15:13:51,027 - INFO - Prepared sim number: 3: RAYPy_Simulation_bessy3_37m_PGM_2Perc_coupling_errors_on_FLUX/round_3/3_bessy3_37m_PGM_2Perc_coupling_errors_on_FLUX.rml
2025-01-17 15:13:51,050 - INFO - Prepared sim number: 4: RAYPy_Simulation_bessy3_37m_PGM_2Perc_coupling_errors_on_FLUX/round_3/4_bessy3_37m_PGM_2Perc_coupling_errors_on_FLUX.rml
2025-01-17 15:13:51,078 - INFO - Prepared sim number: 5: RAYPy_Simulation_bessy3_37m_PGM_2Perc_coupling_errors_on_FLUX/round_3/5_bessy3_37m_PGM_2Perc_coupling_errors_on_FLUX.rml
2025-01-17 15:13:51,097 - INFO - Prepared sim number: 6: RAYPy_Simulation_bessy3_37m_PGM_2Perc_coupling_errors_on_FLUX/round_3/6_bessy3_37m_PGM_2Perc_coupling_errors_on_FLUX.rml
2025-01-17 15:13:51,122 - INFO - Prepared sim number: 7: RAYPy_Simulation_bessy3_37m_PGM_2Perc_coupling_errors_on_FLUX/round_3/7_bessy3_37m_PGM_2Perc_coupling_errors_on_FLUX.rml
2025-01-17 15:13:51,145 - INFO - Prepared sim number: 8: RAYPy_Simulation_bessy3_37m_PGM_2Perc_coupling_errors_on_FLUX/round_3/8_bessy3_37m_PGM_2Perc_coupling_errors_on_FLUX.rml
2025-01-17 15:13:51,171 - INFO - Prepared sim number: 9: RAYPy_Simulation_bessy3_37m_PGM_2Perc_coupling_errors_on_FLUX/round_3/9_bessy3_37m_PGM_2Perc_coupling_errors_on_FLUX.rml
2025-01-17 15:13:51,199 - INFO - Prepared sim number: 10: RAYPy_Simulation_bessy3_37m_PGM_2Perc_coupling_errors_on_FLUX/round_3/10_bessy3_37m_PGM_2Perc_coupling_errors_on_FLUX.rml
2025-01-17 15:13:51,220 - INFO - Prepared sim number: 11: RAYPy_Simulation_bessy3_37m_PGM_2Perc_coupling_errors_on_FLUX/round_3/11_bessy3_37m_PGM_2Perc_coupling_errors_on_FLUX.rml
2025-01-17 15:13:51,245 - INFO - Prepared sim number: 12: RAYPy_Simulation_bessy3_37m_PGM_2Perc_coupling_errors_on_FLUX/round_3/12_bessy3_37m_PGM_2Perc_coupling_errors_on_FLUX.rml
2025-01-17 15:13:51,266 - INFO - Prepared sim number: 13: RAYPy_Simulation_bessy3_37m_PGM_2Perc_coupling_errors_on_FLUX/round_3/13_bessy3_37m_PGM_2Perc_coupling_errors_on_FLUX.rml
2025-01-17 15:13:51,289 - INFO - Prepared sim number: 14: RAYPy_Simulation_bessy3_37m_PGM_2Perc_coupling_errors_on_FLUX/round_3/14_bessy3_37m_PGM_2Perc_coupling_errors_on_FLUX.rml
2025-01-17 15:13:51,308 - INFO - Prepared sim number: 15: RAYPy_Simulation_bessy3_37m_PGM_2Perc_coupling_errors_on_FLUX/round_3/15_bessy3_37m_PGM_2Perc_coupling_errors_on_FLUX.rml
2025-01-17 15:13:51,332 - INFO - Prepared sim number: 16: RAYPy_Simulation_bessy3_37m_PGM_2Perc_coupling_errors_on_FLUX/round_3/16_bessy3_37m_PGM_2Perc_coupling_errors_on_FLUX.rml
2025-01-17 15:13:51,353 - INFO - Prepared sim number: 17: RAYPy_Simulation_bessy3_37m_PGM_2Perc_coupling_errors_on_FLUX/round_3/17_bessy3_37m_PGM_2Perc_coupling_errors_on_FLUX.rml
2025-01-17 15:13:51,372 - INFO - Prepared sim number: 18: RAYPy_Simulation_bessy3_37m_PGM_2Perc_coupling_errors_on_FLUX/round_3/18_bessy3_37m_PGM_2Perc_coupling_errors_on_FLUX.rml
2025-01-17 15:13:51,393 - INFO - Prepared sim number: 19: RAYPy_Simulation_bessy3_37m_PGM_2Perc_coupling_errors_on_FLUX/round_3/19_bessy3_37m_PGM_2Perc_coupling_errors_on_FLUX.rml
2025-01-17 15:13:51,415 - INFO - Prepared sim number: 20: RAYPy_Simulation_bessy3_37m_PGM_2Perc_coupling_errors_on_FLUX/round_3/20_bessy3_37m_PGM_2Perc_coupling_errors_on_FLUX.rml
2025-01-17 15:13:51,416 - INFO - Start round 4
2025-01-17 15:13:51,440 - INFO - Prepared sim number: 0: RAYPy_Simulation_bessy3_37m_PGM_2Perc_coupling_errors_on_FLUX/round_4/0_bessy3_37m_PGM_2Perc_coupling_errors_on_FLUX.rml
2025-01-17 15:13:51,461 - INFO - Prepared sim number: 1: RAYPy_Simulation_bessy3_37m_PGM_2Perc_coupling_errors_on_FLUX/round_4/1_bessy3_37m_PGM_2Perc_coupling_errors_on_FLUX.rml
2025-01-17 15:13:51,481 - INFO - Prepared sim number: 2: RAYPy_Simulation_bessy3_37m_PGM_2Perc_coupling_errors_on_FLUX/round_4/2_bessy3_37m_PGM_2Perc_coupling_errors_on_FLUX.rml
2025-01-17 15:13:51,502 - INFO - Prepared sim number: 3: RAYPy_Simulation_bessy3_37m_PGM_2Perc_coupling_errors_on_FLUX/round_4/3_bessy3_37m_PGM_2Perc_coupling_errors_on_FLUX.rml
2025-01-17 15:13:51,524 - INFO - Prepared sim number: 4: RAYPy_Simulation_bessy3_37m_PGM_2Perc_coupling_errors_on_FLUX/round_4/4_bessy3_37m_PGM_2Perc_coupling_errors_on_FLUX.rml
2025-01-17 15:13:51,544 - INFO - Prepared sim number: 5: RAYPy_Simulation_bessy3_37m_PGM_2Perc_coupling_errors_on_FLUX/round_4/5_bessy3_37m_PGM_2Perc_coupling_errors_on_FLUX.rml
2025-01-17 15:13:51,564 - INFO - Prepared sim number: 6: RAYPy_Simulation_bessy3_37m_PGM_2Perc_coupling_errors_on_FLUX/round_4/6_bessy3_37m_PGM_2Perc_coupling_errors_on_FLUX.rml
2025-01-17 15:13:51,585 - INFO - Prepared sim number: 7: RAYPy_Simulation_bessy3_37m_PGM_2Perc_coupling_errors_on_FLUX/round_4/7_bessy3_37m_PGM_2Perc_coupling_errors_on_FLUX.rml
2025-01-17 15:13:51,608 - INFO - Prepared sim number: 8: RAYPy_Simulation_bessy3_37m_PGM_2Perc_coupling_errors_on_FLUX/round_4/8_bessy3_37m_PGM_2Perc_coupling_errors_on_FLUX.rml
2025-01-17 15:13:51,624 - INFO - Prepared sim number: 9: RAYPy_Simulation_bessy3_37m_PGM_2Perc_coupling_errors_on_FLUX/round_4/9_bessy3_37m_PGM_2Perc_coupling_errors_on_FLUX.rml
2025-01-17 15:13:51,648 - INFO - Prepared sim number: 10: RAYPy_Simulation_bessy3_37m_PGM_2Perc_coupling_errors_on_FLUX/round_4/10_bessy3_37m_PGM_2Perc_coupling_errors_on_FLUX.rml
2025-01-17 15:13:51,666 - INFO - Prepared sim number: 11: RAYPy_Simulation_bessy3_37m_PGM_2Perc_coupling_errors_on_FLUX/round_4/11_bessy3_37m_PGM_2Perc_coupling_errors_on_FLUX.rml
2025-01-17 15:13:51,689 - INFO - Prepared sim number: 12: RAYPy_Simulation_bessy3_37m_PGM_2Perc_coupling_errors_on_FLUX/round_4/12_bessy3_37m_PGM_2Perc_coupling_errors_on_FLUX.rml
2025-01-17 15:13:51,709 - INFO - Prepared sim number: 13: RAYPy_Simulation_bessy3_37m_PGM_2Perc_coupling_errors_on_FLUX/round_4/13_bessy3_37m_PGM_2Perc_coupling_errors_on_FLUX.rml
2025-01-17 15:13:51,729 - INFO - Prepared sim number: 14: RAYPy_Simulation_bessy3_37m_PGM_2Perc_coupling_errors_on_FLUX/round_4/14_bessy3_37m_PGM_2Perc_coupling_errors_on_FLUX.rml
2025-01-17 15:13:51,749 - INFO - Prepared sim number: 15: RAYPy_Simulation_bessy3_37m_PGM_2Perc_coupling_errors_on_FLUX/round_4/15_bessy3_37m_PGM_2Perc_coupling_errors_on_FLUX.rml
2025-01-17 15:13:51,770 - INFO - Prepared sim number: 16: RAYPy_Simulation_bessy3_37m_PGM_2Perc_coupling_errors_on_FLUX/round_4/16_bessy3_37m_PGM_2Perc_coupling_errors_on_FLUX.rml
2025-01-17 15:13:51,789 - INFO - Prepared sim number: 17: RAYPy_Simulation_bessy3_37m_PGM_2Perc_coupling_errors_on_FLUX/round_4/17_bessy3_37m_PGM_2Perc_coupling_errors_on_FLUX.rml
2025-01-17 15:13:51,808 - INFO - Prepared sim number: 18: RAYPy_Simulation_bessy3_37m_PGM_2Perc_coupling_errors_on_FLUX/round_4/18_bessy3_37m_PGM_2Perc_coupling_errors_on_FLUX.rml
2025-01-17 15:13:51,825 - INFO - Prepared sim number: 19: RAYPy_Simulation_bessy3_37m_PGM_2Perc_coupling_errors_on_FLUX/round_4/19_bessy3_37m_PGM_2Perc_coupling_errors_on_FLUX.rml
2025-01-17 15:13:51,848 - INFO - Prepared sim number: 20: RAYPy_Simulation_bessy3_37m_PGM_2Perc_coupling_errors_on_FLUX/round_4/20_bessy3_37m_PGM_2Perc_coupling_errors_on_FLUX.rml
2025-01-17 15:13:51,850 - INFO - Start round 5
2025-01-17 15:13:51,883 - INFO - Prepared sim number: 0: RAYPy_Simulation_bessy3_37m_PGM_2Perc_coupling_errors_on_FLUX/round_5/0_bessy3_37m_PGM_2Perc_coupling_errors_on_FLUX.rml
2025-01-17 15:13:51,938 - INFO - Prepared sim number: 1: RAYPy_Simulation_bessy3_37m_PGM_2Perc_coupling_errors_on_FLUX/round_5/1_bessy3_37m_PGM_2Perc_coupling_errors_on_FLUX.rml
2025-01-17 15:13:51,970 - INFO - Prepared sim number: 2: RAYPy_Simulation_bessy3_37m_PGM_2Perc_coupling_errors_on_FLUX/round_5/2_bessy3_37m_PGM_2Perc_coupling_errors_on_FLUX.rml
2025-01-17 15:13:51,992 - INFO - Prepared sim number: 3: RAYPy_Simulation_bessy3_37m_PGM_2Perc_coupling_errors_on_FLUX/round_5/3_bessy3_37m_PGM_2Perc_coupling_errors_on_FLUX.rml
2025-01-17 15:13:52,015 - INFO - Prepared sim number: 4: RAYPy_Simulation_bessy3_37m_PGM_2Perc_coupling_errors_on_FLUX/round_5/4_bessy3_37m_PGM_2Perc_coupling_errors_on_FLUX.rml
2025-01-17 15:13:52,040 - INFO - Prepared sim number: 5: RAYPy_Simulation_bessy3_37m_PGM_2Perc_coupling_errors_on_FLUX/round_5/5_bessy3_37m_PGM_2Perc_coupling_errors_on_FLUX.rml
2025-01-17 15:13:52,060 - INFO - Prepared sim number: 6: RAYPy_Simulation_bessy3_37m_PGM_2Perc_coupling_errors_on_FLUX/round_5/6_bessy3_37m_PGM_2Perc_coupling_errors_on_FLUX.rml
2025-01-17 15:13:52,083 - INFO - Prepared sim number: 7: RAYPy_Simulation_bessy3_37m_PGM_2Perc_coupling_errors_on_FLUX/round_5/7_bessy3_37m_PGM_2Perc_coupling_errors_on_FLUX.rml
2025-01-17 15:13:52,107 - INFO - Prepared sim number: 8: RAYPy_Simulation_bessy3_37m_PGM_2Perc_coupling_errors_on_FLUX/round_5/8_bessy3_37m_PGM_2Perc_coupling_errors_on_FLUX.rml
2025-01-17 15:13:52,128 - INFO - Prepared sim number: 9: RAYPy_Simulation_bessy3_37m_PGM_2Perc_coupling_errors_on_FLUX/round_5/9_bessy3_37m_PGM_2Perc_coupling_errors_on_FLUX.rml
2025-01-17 15:13:52,155 - INFO - Prepared sim number: 10: RAYPy_Simulation_bessy3_37m_PGM_2Perc_coupling_errors_on_FLUX/round_5/10_bessy3_37m_PGM_2Perc_coupling_errors_on_FLUX.rml
2025-01-17 15:13:52,188 - INFO - Prepared sim number: 11: RAYPy_Simulation_bessy3_37m_PGM_2Perc_coupling_errors_on_FLUX/round_5/11_bessy3_37m_PGM_2Perc_coupling_errors_on_FLUX.rml
2025-01-17 15:13:52,212 - INFO - Prepared sim number: 12: RAYPy_Simulation_bessy3_37m_PGM_2Perc_coupling_errors_on_FLUX/round_5/12_bessy3_37m_PGM_2Perc_coupling_errors_on_FLUX.rml
2025-01-17 15:13:52,234 - INFO - Prepared sim number: 13: RAYPy_Simulation_bessy3_37m_PGM_2Perc_coupling_errors_on_FLUX/round_5/13_bessy3_37m_PGM_2Perc_coupling_errors_on_FLUX.rml
2025-01-17 15:13:52,253 - INFO - Prepared sim number: 14: RAYPy_Simulation_bessy3_37m_PGM_2Perc_coupling_errors_on_FLUX/round_5/14_bessy3_37m_PGM_2Perc_coupling_errors_on_FLUX.rml
2025-01-17 15:13:52,255 - INFO - Waiting for batch number: 1, timeout: 124.07502310092632s
2025-01-17 15:14:07,789 - INFO - Completed: 1, remaining: 59, RAYPy_Simulation_bessy3_37m_PGM_2Perc_coupling_errors_on_FLUX/round_2/20_bessy3_37m_PGM_2Perc_coupling_errors_on_FLUX.rml
2025-01-17 15:14:09,800 - INFO - Completed: 2, remaining: 58, RAYPy_Simulation_bessy3_37m_PGM_2Perc_coupling_errors_on_FLUX/round_2/19_bessy3_37m_PGM_2Perc_coupling_errors_on_FLUX.rml
2025-01-17 15:14:10,118 - INFO - Completed: 3, remaining: 57, RAYPy_Simulation_bessy3_37m_PGM_2Perc_coupling_errors_on_FLUX/round_2/18_bessy3_37m_PGM_2Perc_coupling_errors_on_FLUX.rml
2025-01-17 15:14:10,485 - INFO - Completed: 4, remaining: 56, RAYPy_Simulation_bessy3_37m_PGM_2Perc_coupling_errors_on_FLUX/round_3/0_bessy3_37m_PGM_2Perc_coupling_errors_on_FLUX.rml
2025-01-17 15:14:11,782 - INFO - Completed: 5, remaining: 55, RAYPy_Simulation_bessy3_37m_PGM_2Perc_coupling_errors_on_FLUX/round_3/2_bessy3_37m_PGM_2Perc_coupling_errors_on_FLUX.rml
2025-01-17 15:14:12,362 - INFO - Completed: 6, remaining: 54, RAYPy_Simulation_bessy3_37m_PGM_2Perc_coupling_errors_on_FLUX/round_3/1_bessy3_37m_PGM_2Perc_coupling_errors_on_FLUX.rml
2025-01-17 15:14:13,943 - INFO - Completed: 7, remaining: 53, RAYPy_Simulation_bessy3_37m_PGM_2Perc_coupling_errors_on_FLUX/round_3/3_bessy3_37m_PGM_2Perc_coupling_errors_on_FLUX.rml
2025-01-17 15:14:14,913 - INFO - Completed: 8, remaining: 52, RAYPy_Simulation_bessy3_37m_PGM_2Perc_coupling_errors_on_FLUX/round_3/6_bessy3_37m_PGM_2Perc_coupling_errors_on_FLUX.rml
2025-01-17 15:14:15,046 - INFO - Completed: 9, remaining: 51, RAYPy_Simulation_bessy3_37m_PGM_2Perc_coupling_errors_on_FLUX/round_3/7_bessy3_37m_PGM_2Perc_coupling_errors_on_FLUX.rml
2025-01-17 15:14:15,064 - INFO - Completed: 10, remaining: 50, RAYPy_Simulation_bessy3_37m_PGM_2Perc_coupling_errors_on_FLUX/round_3/5_bessy3_37m_PGM_2Perc_coupling_errors_on_FLUX.rml
2025-01-17 15:14:15,290 - INFO - Completed: 11, remaining: 49, RAYPy_Simulation_bessy3_37m_PGM_2Perc_coupling_errors_on_FLUX/round_3/8_bessy3_37m_PGM_2Perc_coupling_errors_on_FLUX.rml
2025-01-17 15:14:17,087 - INFO - Completed: 12, remaining: 48, RAYPy_Simulation_bessy3_37m_PGM_2Perc_coupling_errors_on_FLUX/round_3/4_bessy3_37m_PGM_2Perc_coupling_errors_on_FLUX.rml
2025-01-17 15:14:26,491 - INFO - Completed: 13, remaining: 47, RAYPy_Simulation_bessy3_37m_PGM_2Perc_coupling_errors_on_FLUX/round_3/9_bessy3_37m_PGM_2Perc_coupling_errors_on_FLUX.rml
2025-01-17 15:14:29,228 - INFO - Completed: 14, remaining: 46, RAYPy_Simulation_bessy3_37m_PGM_2Perc_coupling_errors_on_FLUX/round_3/10_bessy3_37m_PGM_2Perc_coupling_errors_on_FLUX.rml
2025-01-17 15:14:29,895 - INFO - Completed: 15, remaining: 45, RAYPy_Simulation_bessy3_37m_PGM_2Perc_coupling_errors_on_FLUX/round_3/11_bessy3_37m_PGM_2Perc_coupling_errors_on_FLUX.rml
2025-01-17 15:14:30,152 - INFO - Completed: 16, remaining: 44, RAYPy_Simulation_bessy3_37m_PGM_2Perc_coupling_errors_on_FLUX/round_3/12_bessy3_37m_PGM_2Perc_coupling_errors_on_FLUX.rml
2025-01-17 15:14:31,137 - INFO - Completed: 17, remaining: 43, RAYPy_Simulation_bessy3_37m_PGM_2Perc_coupling_errors_on_FLUX/round_3/13_bessy3_37m_PGM_2Perc_coupling_errors_on_FLUX.rml
2025-01-17 15:14:31,902 - INFO - Completed: 18, remaining: 42, RAYPy_Simulation_bessy3_37m_PGM_2Perc_coupling_errors_on_FLUX/round_3/14_bessy3_37m_PGM_2Perc_coupling_errors_on_FLUX.rml
2025-01-17 15:14:33,710 - INFO - Completed: 19, remaining: 41, RAYPy_Simulation_bessy3_37m_PGM_2Perc_coupling_errors_on_FLUX/round_3/15_bessy3_37m_PGM_2Perc_coupling_errors_on_FLUX.rml
2025-01-17 15:14:34,374 - INFO - Completed: 20, remaining: 40, RAYPy_Simulation_bessy3_37m_PGM_2Perc_coupling_errors_on_FLUX/round_3/17_bessy3_37m_PGM_2Perc_coupling_errors_on_FLUX.rml
2025-01-17 15:14:34,407 - INFO - Completed: 21, remaining: 39, RAYPy_Simulation_bessy3_37m_PGM_2Perc_coupling_errors_on_FLUX/round_3/19_bessy3_37m_PGM_2Perc_coupling_errors_on_FLUX.rml
2025-01-17 15:14:34,504 - INFO - Completed: 22, remaining: 38, RAYPy_Simulation_bessy3_37m_PGM_2Perc_coupling_errors_on_FLUX/round_3/18_bessy3_37m_PGM_2Perc_coupling_errors_on_FLUX.rml
2025-01-17 15:14:34,576 - INFO - Completed: 23, remaining: 37, RAYPy_Simulation_bessy3_37m_PGM_2Perc_coupling_errors_on_FLUX/round_3/16_bessy3_37m_PGM_2Perc_coupling_errors_on_FLUX.rml
2025-01-17 15:14:35,085 - INFO - Completed: 24, remaining: 36, RAYPy_Simulation_bessy3_37m_PGM_2Perc_coupling_errors_on_FLUX/round_3/20_bessy3_37m_PGM_2Perc_coupling_errors_on_FLUX.rml
2025-01-17 15:14:44,090 - INFO - Completed: 25, remaining: 35, RAYPy_Simulation_bessy3_37m_PGM_2Perc_coupling_errors_on_FLUX/round_4/0_bessy3_37m_PGM_2Perc_coupling_errors_on_FLUX.rml
2025-01-17 15:14:46,594 - INFO - Completed: 26, remaining: 34, RAYPy_Simulation_bessy3_37m_PGM_2Perc_coupling_errors_on_FLUX/round_4/1_bessy3_37m_PGM_2Perc_coupling_errors_on_FLUX.rml
2025-01-17 15:14:47,965 - INFO - Completed: 27, remaining: 33, RAYPy_Simulation_bessy3_37m_PGM_2Perc_coupling_errors_on_FLUX/round_4/3_bessy3_37m_PGM_2Perc_coupling_errors_on_FLUX.rml
2025-01-17 15:14:49,598 - INFO - Completed: 28, remaining: 32, RAYPy_Simulation_bessy3_37m_PGM_2Perc_coupling_errors_on_FLUX/round_4/4_bessy3_37m_PGM_2Perc_coupling_errors_on_FLUX.rml
2025-01-17 15:14:50,252 - INFO - Completed: 29, remaining: 31, RAYPy_Simulation_bessy3_37m_PGM_2Perc_coupling_errors_on_FLUX/round_4/2_bessy3_37m_PGM_2Perc_coupling_errors_on_FLUX.rml
2025-01-17 15:14:50,784 - INFO - Completed: 30, remaining: 30, RAYPy_Simulation_bessy3_37m_PGM_2Perc_coupling_errors_on_FLUX/round_4/5_bessy3_37m_PGM_2Perc_coupling_errors_on_FLUX.rml
2025-01-17 15:14:53,839 - INFO - Completed: 31, remaining: 29, RAYPy_Simulation_bessy3_37m_PGM_2Perc_coupling_errors_on_FLUX/round_4/6_bessy3_37m_PGM_2Perc_coupling_errors_on_FLUX.rml
2025-01-17 15:14:54,337 - INFO - Completed: 32, remaining: 28, RAYPy_Simulation_bessy3_37m_PGM_2Perc_coupling_errors_on_FLUX/round_4/9_bessy3_37m_PGM_2Perc_coupling_errors_on_FLUX.rml
2025-01-17 15:14:54,351 - INFO - Completed: 33, remaining: 27, RAYPy_Simulation_bessy3_37m_PGM_2Perc_coupling_errors_on_FLUX/round_4/8_bessy3_37m_PGM_2Perc_coupling_errors_on_FLUX.rml
2025-01-17 15:14:54,502 - INFO - Completed: 34, remaining: 26, RAYPy_Simulation_bessy3_37m_PGM_2Perc_coupling_errors_on_FLUX/round_4/7_bessy3_37m_PGM_2Perc_coupling_errors_on_FLUX.rml
2025-01-17 15:14:54,710 - INFO - Completed: 35, remaining: 25, RAYPy_Simulation_bessy3_37m_PGM_2Perc_coupling_errors_on_FLUX/round_4/10_bessy3_37m_PGM_2Perc_coupling_errors_on_FLUX.rml
2025-01-17 15:14:54,999 - INFO - Completed: 36, remaining: 24, RAYPy_Simulation_bessy3_37m_PGM_2Perc_coupling_errors_on_FLUX/round_4/11_bessy3_37m_PGM_2Perc_coupling_errors_on_FLUX.rml
2025-01-17 15:15:02,834 - INFO - Completed: 37, remaining: 23, RAYPy_Simulation_bessy3_37m_PGM_2Perc_coupling_errors_on_FLUX/round_4/12_bessy3_37m_PGM_2Perc_coupling_errors_on_FLUX.rml
2025-01-17 15:15:07,194 - INFO - Completed: 38, remaining: 22, RAYPy_Simulation_bessy3_37m_PGM_2Perc_coupling_errors_on_FLUX/round_4/13_bessy3_37m_PGM_2Perc_coupling_errors_on_FLUX.rml
2025-01-17 15:15:07,479 - INFO - Completed: 39, remaining: 21, RAYPy_Simulation_bessy3_37m_PGM_2Perc_coupling_errors_on_FLUX/round_4/14_bessy3_37m_PGM_2Perc_coupling_errors_on_FLUX.rml
2025-01-17 15:15:09,263 - INFO - Completed: 40, remaining: 20, RAYPy_Simulation_bessy3_37m_PGM_2Perc_coupling_errors_on_FLUX/round_4/15_bessy3_37m_PGM_2Perc_coupling_errors_on_FLUX.rml
2025-01-17 15:15:09,940 - INFO - Completed: 41, remaining: 19, RAYPy_Simulation_bessy3_37m_PGM_2Perc_coupling_errors_on_FLUX/round_4/16_bessy3_37m_PGM_2Perc_coupling_errors_on_FLUX.rml
2025-01-17 15:15:10,005 - INFO - Completed: 42, remaining: 18, RAYPy_Simulation_bessy3_37m_PGM_2Perc_coupling_errors_on_FLUX/round_4/17_bessy3_37m_PGM_2Perc_coupling_errors_on_FLUX.rml
2025-01-17 15:15:13,461 - INFO - Completed: 43, remaining: 17, RAYPy_Simulation_bessy3_37m_PGM_2Perc_coupling_errors_on_FLUX/round_4/20_bessy3_37m_PGM_2Perc_coupling_errors_on_FLUX.rml
2025-01-17 15:15:13,918 - INFO - Completed: 44, remaining: 16, RAYPy_Simulation_bessy3_37m_PGM_2Perc_coupling_errors_on_FLUX/round_4/19_bessy3_37m_PGM_2Perc_coupling_errors_on_FLUX.rml
2025-01-17 15:15:14,473 - INFO - Completed: 45, remaining: 15, RAYPy_Simulation_bessy3_37m_PGM_2Perc_coupling_errors_on_FLUX/round_5/1_bessy3_37m_PGM_2Perc_coupling_errors_on_FLUX.rml
2025-01-17 15:15:14,554 - INFO - Completed: 46, remaining: 14, RAYPy_Simulation_bessy3_37m_PGM_2Perc_coupling_errors_on_FLUX/round_5/2_bessy3_37m_PGM_2Perc_coupling_errors_on_FLUX.rml
2025-01-17 15:15:14,744 - INFO - Completed: 47, remaining: 13, RAYPy_Simulation_bessy3_37m_PGM_2Perc_coupling_errors_on_FLUX/round_5/0_bessy3_37m_PGM_2Perc_coupling_errors_on_FLUX.rml
2025-01-17 15:15:15,579 - INFO - Completed: 48, remaining: 12, RAYPy_Simulation_bessy3_37m_PGM_2Perc_coupling_errors_on_FLUX/round_4/18_bessy3_37m_PGM_2Perc_coupling_errors_on_FLUX.rml
2025-01-17 15:15:20,408 - INFO - Completed: 49, remaining: 11, RAYPy_Simulation_bessy3_37m_PGM_2Perc_coupling_errors_on_FLUX/round_5/3_bessy3_37m_PGM_2Perc_coupling_errors_on_FLUX.rml
2025-01-17 15:15:24,760 - INFO - Completed: 50, remaining: 10, RAYPy_Simulation_bessy3_37m_PGM_2Perc_coupling_errors_on_FLUX/round_5/4_bessy3_37m_PGM_2Perc_coupling_errors_on_FLUX.rml
2025-01-17 15:15:25,050 - INFO - Completed: 51, remaining: 9, RAYPy_Simulation_bessy3_37m_PGM_2Perc_coupling_errors_on_FLUX/round_5/5_bessy3_37m_PGM_2Perc_coupling_errors_on_FLUX.rml
2025-01-17 15:15:26,794 - INFO - Completed: 52, remaining: 8, RAYPy_Simulation_bessy3_37m_PGM_2Perc_coupling_errors_on_FLUX/round_5/6_bessy3_37m_PGM_2Perc_coupling_errors_on_FLUX.rml
2025-01-17 15:15:27,081 - INFO - Completed: 53, remaining: 7, RAYPy_Simulation_bessy3_37m_PGM_2Perc_coupling_errors_on_FLUX/round_5/7_bessy3_37m_PGM_2Perc_coupling_errors_on_FLUX.rml
2025-01-17 15:15:27,205 - INFO - Completed: 54, remaining: 6, RAYPy_Simulation_bessy3_37m_PGM_2Perc_coupling_errors_on_FLUX/round_5/8_bessy3_37m_PGM_2Perc_coupling_errors_on_FLUX.rml
2025-01-17 15:15:29,431 - INFO - Completed: 55, remaining: 5, RAYPy_Simulation_bessy3_37m_PGM_2Perc_coupling_errors_on_FLUX/round_5/9_bessy3_37m_PGM_2Perc_coupling_errors_on_FLUX.rml
2025-01-17 15:15:29,500 - INFO - Completed: 56, remaining: 4, RAYPy_Simulation_bessy3_37m_PGM_2Perc_coupling_errors_on_FLUX/round_5/10_bessy3_37m_PGM_2Perc_coupling_errors_on_FLUX.rml
2025-01-17 15:15:29,891 - INFO - Completed: 57, remaining: 3, RAYPy_Simulation_bessy3_37m_PGM_2Perc_coupling_errors_on_FLUX/round_5/12_bessy3_37m_PGM_2Perc_coupling_errors_on_FLUX.rml
2025-01-17 15:15:29,901 - INFO - Completed: 58, remaining: 2, RAYPy_Simulation_bessy3_37m_PGM_2Perc_coupling_errors_on_FLUX/round_5/13_bessy3_37m_PGM_2Perc_coupling_errors_on_FLUX.rml
2025-01-17 15:15:30,250 - INFO - Completed: 59, remaining: 1, RAYPy_Simulation_bessy3_37m_PGM_2Perc_coupling_errors_on_FLUX/round_5/11_bessy3_37m_PGM_2Perc_coupling_errors_on_FLUX.rml
2025-01-17 15:15:30,337 - INFO - Completed: 60, remaining: 0, RAYPy_Simulation_bessy3_37m_PGM_2Perc_coupling_errors_on_FLUX/round_5/14_bessy3_37m_PGM_2Perc_coupling_errors_on_FLUX.rml
2025-01-17 15:15:30,338 - INFO - Batch Completed
2025-01-17 15:15:30,338 - INFO - Waiting For batch, 60 simulations to go
2025-01-17 15:15:30,344 - INFO - Prepared sim number: 15: RAYPy_Simulation_bessy3_37m_PGM_2Perc_coupling_errors_on_FLUX/round_5/15_bessy3_37m_PGM_2Perc_coupling_errors_on_FLUX.rml
2025-01-17 15:15:30,350 - INFO - Prepared sim number: 16: RAYPy_Simulation_bessy3_37m_PGM_2Perc_coupling_errors_on_FLUX/round_5/16_bessy3_37m_PGM_2Perc_coupling_errors_on_FLUX.rml
2025-01-17 15:15:30,360 - INFO - Prepared sim number: 17: RAYPy_Simulation_bessy3_37m_PGM_2Perc_coupling_errors_on_FLUX/round_5/17_bessy3_37m_PGM_2Perc_coupling_errors_on_FLUX.rml
2025-01-17 15:15:30,367 - INFO - Prepared sim number: 18: RAYPy_Simulation_bessy3_37m_PGM_2Perc_coupling_errors_on_FLUX/round_5/18_bessy3_37m_PGM_2Perc_coupling_errors_on_FLUX.rml
2025-01-17 15:15:30,374 - INFO - Prepared sim number: 19: RAYPy_Simulation_bessy3_37m_PGM_2Perc_coupling_errors_on_FLUX/round_5/19_bessy3_37m_PGM_2Perc_coupling_errors_on_FLUX.rml
2025-01-17 15:15:30,380 - INFO - Prepared sim number: 20: RAYPy_Simulation_bessy3_37m_PGM_2Perc_coupling_errors_on_FLUX/round_5/20_bessy3_37m_PGM_2Perc_coupling_errors_on_FLUX.rml
2025-01-17 15:15:30,381 - INFO - Start round 6
2025-01-17 15:15:30,387 - INFO - Prepared sim number: 0: RAYPy_Simulation_bessy3_37m_PGM_2Perc_coupling_errors_on_FLUX/round_6/0_bessy3_37m_PGM_2Perc_coupling_errors_on_FLUX.rml
2025-01-17 15:15:30,394 - INFO - Prepared sim number: 1: RAYPy_Simulation_bessy3_37m_PGM_2Perc_coupling_errors_on_FLUX/round_6/1_bessy3_37m_PGM_2Perc_coupling_errors_on_FLUX.rml
2025-01-17 15:15:30,399 - INFO - Prepared sim number: 2: RAYPy_Simulation_bessy3_37m_PGM_2Perc_coupling_errors_on_FLUX/round_6/2_bessy3_37m_PGM_2Perc_coupling_errors_on_FLUX.rml
2025-01-17 15:15:30,421 - INFO - Prepared sim number: 3: RAYPy_Simulation_bessy3_37m_PGM_2Perc_coupling_errors_on_FLUX/round_6/3_bessy3_37m_PGM_2Perc_coupling_errors_on_FLUX.rml
2025-01-17 15:15:30,425 - INFO - Prepared sim number: 4: RAYPy_Simulation_bessy3_37m_PGM_2Perc_coupling_errors_on_FLUX/round_6/4_bessy3_37m_PGM_2Perc_coupling_errors_on_FLUX.rml
2025-01-17 15:15:30,430 - INFO - Prepared sim number: 5: RAYPy_Simulation_bessy3_37m_PGM_2Perc_coupling_errors_on_FLUX/round_6/5_bessy3_37m_PGM_2Perc_coupling_errors_on_FLUX.rml
2025-01-17 15:15:30,434 - INFO - Prepared sim number: 6: RAYPy_Simulation_bessy3_37m_PGM_2Perc_coupling_errors_on_FLUX/round_6/6_bessy3_37m_PGM_2Perc_coupling_errors_on_FLUX.rml
2025-01-17 15:15:30,439 - INFO - Prepared sim number: 7: RAYPy_Simulation_bessy3_37m_PGM_2Perc_coupling_errors_on_FLUX/round_6/7_bessy3_37m_PGM_2Perc_coupling_errors_on_FLUX.rml
2025-01-17 15:15:30,443 - INFO - Prepared sim number: 8: RAYPy_Simulation_bessy3_37m_PGM_2Perc_coupling_errors_on_FLUX/round_6/8_bessy3_37m_PGM_2Perc_coupling_errors_on_FLUX.rml
2025-01-17 15:15:30,447 - INFO - Prepared sim number: 9: RAYPy_Simulation_bessy3_37m_PGM_2Perc_coupling_errors_on_FLUX/round_6/9_bessy3_37m_PGM_2Perc_coupling_errors_on_FLUX.rml
2025-01-17 15:15:30,453 - INFO - Prepared sim number: 10: RAYPy_Simulation_bessy3_37m_PGM_2Perc_coupling_errors_on_FLUX/round_6/10_bessy3_37m_PGM_2Perc_coupling_errors_on_FLUX.rml
2025-01-17 15:15:30,458 - INFO - Prepared sim number: 11: RAYPy_Simulation_bessy3_37m_PGM_2Perc_coupling_errors_on_FLUX/round_6/11_bessy3_37m_PGM_2Perc_coupling_errors_on_FLUX.rml
2025-01-17 15:15:30,463 - INFO - Prepared sim number: 12: RAYPy_Simulation_bessy3_37m_PGM_2Perc_coupling_errors_on_FLUX/round_6/12_bessy3_37m_PGM_2Perc_coupling_errors_on_FLUX.rml
2025-01-17 15:15:30,468 - INFO - Prepared sim number: 13: RAYPy_Simulation_bessy3_37m_PGM_2Perc_coupling_errors_on_FLUX/round_6/13_bessy3_37m_PGM_2Perc_coupling_errors_on_FLUX.rml
2025-01-17 15:15:30,472 - INFO - Prepared sim number: 14: RAYPy_Simulation_bessy3_37m_PGM_2Perc_coupling_errors_on_FLUX/round_6/14_bessy3_37m_PGM_2Perc_coupling_errors_on_FLUX.rml
2025-01-17 15:15:30,477 - INFO - Prepared sim number: 15: RAYPy_Simulation_bessy3_37m_PGM_2Perc_coupling_errors_on_FLUX/round_6/15_bessy3_37m_PGM_2Perc_coupling_errors_on_FLUX.rml
2025-01-17 15:15:30,482 - INFO - Prepared sim number: 16: RAYPy_Simulation_bessy3_37m_PGM_2Perc_coupling_errors_on_FLUX/round_6/16_bessy3_37m_PGM_2Perc_coupling_errors_on_FLUX.rml
2025-01-17 15:15:30,488 - INFO - Prepared sim number: 17: RAYPy_Simulation_bessy3_37m_PGM_2Perc_coupling_errors_on_FLUX/round_6/17_bessy3_37m_PGM_2Perc_coupling_errors_on_FLUX.rml
2025-01-17 15:15:30,493 - INFO - Prepared sim number: 18: RAYPy_Simulation_bessy3_37m_PGM_2Perc_coupling_errors_on_FLUX/round_6/18_bessy3_37m_PGM_2Perc_coupling_errors_on_FLUX.rml
2025-01-17 15:15:30,500 - INFO - Prepared sim number: 19: RAYPy_Simulation_bessy3_37m_PGM_2Perc_coupling_errors_on_FLUX/round_6/19_bessy3_37m_PGM_2Perc_coupling_errors_on_FLUX.rml
2025-01-17 15:15:30,504 - INFO - Prepared sim number: 20: RAYPy_Simulation_bessy3_37m_PGM_2Perc_coupling_errors_on_FLUX/round_6/20_bessy3_37m_PGM_2Perc_coupling_errors_on_FLUX.rml
2025-01-17 15:15:30,504 - INFO - Start round 7
2025-01-17 15:15:30,509 - INFO - Prepared sim number: 0: RAYPy_Simulation_bessy3_37m_PGM_2Perc_coupling_errors_on_FLUX/round_7/0_bessy3_37m_PGM_2Perc_coupling_errors_on_FLUX.rml
2025-01-17 15:15:30,514 - INFO - Prepared sim number: 1: RAYPy_Simulation_bessy3_37m_PGM_2Perc_coupling_errors_on_FLUX/round_7/1_bessy3_37m_PGM_2Perc_coupling_errors_on_FLUX.rml
2025-01-17 15:15:30,519 - INFO - Prepared sim number: 2: RAYPy_Simulation_bessy3_37m_PGM_2Perc_coupling_errors_on_FLUX/round_7/2_bessy3_37m_PGM_2Perc_coupling_errors_on_FLUX.rml
2025-01-17 15:15:30,524 - INFO - Prepared sim number: 3: RAYPy_Simulation_bessy3_37m_PGM_2Perc_coupling_errors_on_FLUX/round_7/3_bessy3_37m_PGM_2Perc_coupling_errors_on_FLUX.rml
2025-01-17 15:15:30,530 - INFO - Prepared sim number: 4: RAYPy_Simulation_bessy3_37m_PGM_2Perc_coupling_errors_on_FLUX/round_7/4_bessy3_37m_PGM_2Perc_coupling_errors_on_FLUX.rml
2025-01-17 15:15:30,535 - INFO - Prepared sim number: 5: RAYPy_Simulation_bessy3_37m_PGM_2Perc_coupling_errors_on_FLUX/round_7/5_bessy3_37m_PGM_2Perc_coupling_errors_on_FLUX.rml
2025-01-17 15:15:30,539 - INFO - Prepared sim number: 6: RAYPy_Simulation_bessy3_37m_PGM_2Perc_coupling_errors_on_FLUX/round_7/6_bessy3_37m_PGM_2Perc_coupling_errors_on_FLUX.rml
2025-01-17 15:15:30,543 - INFO - Prepared sim number: 7: RAYPy_Simulation_bessy3_37m_PGM_2Perc_coupling_errors_on_FLUX/round_7/7_bessy3_37m_PGM_2Perc_coupling_errors_on_FLUX.rml
2025-01-17 15:15:30,548 - INFO - Prepared sim number: 8: RAYPy_Simulation_bessy3_37m_PGM_2Perc_coupling_errors_on_FLUX/round_7/8_bessy3_37m_PGM_2Perc_coupling_errors_on_FLUX.rml
2025-01-17 15:15:30,554 - INFO - Prepared sim number: 9: RAYPy_Simulation_bessy3_37m_PGM_2Perc_coupling_errors_on_FLUX/round_7/9_bessy3_37m_PGM_2Perc_coupling_errors_on_FLUX.rml
2025-01-17 15:15:30,560 - INFO - Prepared sim number: 10: RAYPy_Simulation_bessy3_37m_PGM_2Perc_coupling_errors_on_FLUX/round_7/10_bessy3_37m_PGM_2Perc_coupling_errors_on_FLUX.rml
2025-01-17 15:15:30,565 - INFO - Prepared sim number: 11: RAYPy_Simulation_bessy3_37m_PGM_2Perc_coupling_errors_on_FLUX/round_7/11_bessy3_37m_PGM_2Perc_coupling_errors_on_FLUX.rml
2025-01-17 15:15:30,571 - INFO - Prepared sim number: 12: RAYPy_Simulation_bessy3_37m_PGM_2Perc_coupling_errors_on_FLUX/round_7/12_bessy3_37m_PGM_2Perc_coupling_errors_on_FLUX.rml
2025-01-17 15:15:30,576 - INFO - Prepared sim number: 13: RAYPy_Simulation_bessy3_37m_PGM_2Perc_coupling_errors_on_FLUX/round_7/13_bessy3_37m_PGM_2Perc_coupling_errors_on_FLUX.rml
2025-01-17 15:15:30,581 - INFO - Prepared sim number: 14: RAYPy_Simulation_bessy3_37m_PGM_2Perc_coupling_errors_on_FLUX/round_7/14_bessy3_37m_PGM_2Perc_coupling_errors_on_FLUX.rml
2025-01-17 15:15:30,585 - INFO - Prepared sim number: 15: RAYPy_Simulation_bessy3_37m_PGM_2Perc_coupling_errors_on_FLUX/round_7/15_bessy3_37m_PGM_2Perc_coupling_errors_on_FLUX.rml
2025-01-17 15:15:30,589 - INFO - Prepared sim number: 16: RAYPy_Simulation_bessy3_37m_PGM_2Perc_coupling_errors_on_FLUX/round_7/16_bessy3_37m_PGM_2Perc_coupling_errors_on_FLUX.rml
2025-01-17 15:15:30,594 - INFO - Prepared sim number: 17: RAYPy_Simulation_bessy3_37m_PGM_2Perc_coupling_errors_on_FLUX/round_7/17_bessy3_37m_PGM_2Perc_coupling_errors_on_FLUX.rml
2025-01-17 15:15:30,598 - INFO - Prepared sim number: 18: RAYPy_Simulation_bessy3_37m_PGM_2Perc_coupling_errors_on_FLUX/round_7/18_bessy3_37m_PGM_2Perc_coupling_errors_on_FLUX.rml
2025-01-17 15:15:30,604 - INFO - Prepared sim number: 19: RAYPy_Simulation_bessy3_37m_PGM_2Perc_coupling_errors_on_FLUX/round_7/19_bessy3_37m_PGM_2Perc_coupling_errors_on_FLUX.rml
2025-01-17 15:15:30,610 - INFO - Prepared sim number: 20: RAYPy_Simulation_bessy3_37m_PGM_2Perc_coupling_errors_on_FLUX/round_7/20_bessy3_37m_PGM_2Perc_coupling_errors_on_FLUX.rml
2025-01-17 15:15:30,610 - INFO - Start round 8
2025-01-17 15:15:30,616 - INFO - Prepared sim number: 0: RAYPy_Simulation_bessy3_37m_PGM_2Perc_coupling_errors_on_FLUX/round_8/0_bessy3_37m_PGM_2Perc_coupling_errors_on_FLUX.rml
2025-01-17 15:15:30,620 - INFO - Prepared sim number: 1: RAYPy_Simulation_bessy3_37m_PGM_2Perc_coupling_errors_on_FLUX/round_8/1_bessy3_37m_PGM_2Perc_coupling_errors_on_FLUX.rml
2025-01-17 15:15:30,625 - INFO - Prepared sim number: 2: RAYPy_Simulation_bessy3_37m_PGM_2Perc_coupling_errors_on_FLUX/round_8/2_bessy3_37m_PGM_2Perc_coupling_errors_on_FLUX.rml
2025-01-17 15:15:30,631 - INFO - Prepared sim number: 3: RAYPy_Simulation_bessy3_37m_PGM_2Perc_coupling_errors_on_FLUX/round_8/3_bessy3_37m_PGM_2Perc_coupling_errors_on_FLUX.rml
2025-01-17 15:15:30,637 - INFO - Prepared sim number: 4: RAYPy_Simulation_bessy3_37m_PGM_2Perc_coupling_errors_on_FLUX/round_8/4_bessy3_37m_PGM_2Perc_coupling_errors_on_FLUX.rml
2025-01-17 15:15:30,642 - INFO - Prepared sim number: 5: RAYPy_Simulation_bessy3_37m_PGM_2Perc_coupling_errors_on_FLUX/round_8/5_bessy3_37m_PGM_2Perc_coupling_errors_on_FLUX.rml
2025-01-17 15:15:30,647 - INFO - Prepared sim number: 6: RAYPy_Simulation_bessy3_37m_PGM_2Perc_coupling_errors_on_FLUX/round_8/6_bessy3_37m_PGM_2Perc_coupling_errors_on_FLUX.rml
2025-01-17 15:15:30,652 - INFO - Prepared sim number: 7: RAYPy_Simulation_bessy3_37m_PGM_2Perc_coupling_errors_on_FLUX/round_8/7_bessy3_37m_PGM_2Perc_coupling_errors_on_FLUX.rml
2025-01-17 15:15:30,656 - INFO - Prepared sim number: 8: RAYPy_Simulation_bessy3_37m_PGM_2Perc_coupling_errors_on_FLUX/round_8/8_bessy3_37m_PGM_2Perc_coupling_errors_on_FLUX.rml
2025-01-17 15:15:30,661 - INFO - Prepared sim number: 9: RAYPy_Simulation_bessy3_37m_PGM_2Perc_coupling_errors_on_FLUX/round_8/9_bessy3_37m_PGM_2Perc_coupling_errors_on_FLUX.rml
2025-01-17 15:15:30,667 - INFO - Prepared sim number: 10: RAYPy_Simulation_bessy3_37m_PGM_2Perc_coupling_errors_on_FLUX/round_8/10_bessy3_37m_PGM_2Perc_coupling_errors_on_FLUX.rml
2025-01-17 15:15:30,672 - INFO - Prepared sim number: 11: RAYPy_Simulation_bessy3_37m_PGM_2Perc_coupling_errors_on_FLUX/round_8/11_bessy3_37m_PGM_2Perc_coupling_errors_on_FLUX.rml
2025-01-17 15:15:30,672 - INFO - Waiting for batch number: 2, timeout: 115.68706379380336s
2025-01-17 15:15:50,169 - INFO - Completed: 1, remaining: 59, RAYPy_Simulation_bessy3_37m_PGM_2Perc_coupling_errors_on_FLUX/round_5/20_bessy3_37m_PGM_2Perc_coupling_errors_on_FLUX.rml
2025-01-17 15:15:50,846 - INFO - Completed: 2, remaining: 58, RAYPy_Simulation_bessy3_37m_PGM_2Perc_coupling_errors_on_FLUX/round_6/2_bessy3_37m_PGM_2Perc_coupling_errors_on_FLUX.rml
2025-01-17 15:15:51,335 - INFO - Completed: 3, remaining: 57, RAYPy_Simulation_bessy3_37m_PGM_2Perc_coupling_errors_on_FLUX/round_6/4_bessy3_37m_PGM_2Perc_coupling_errors_on_FLUX.rml
2025-01-17 15:15:51,696 - INFO - Completed: 4, remaining: 56, RAYPy_Simulation_bessy3_37m_PGM_2Perc_coupling_errors_on_FLUX/round_6/1_bessy3_37m_PGM_2Perc_coupling_errors_on_FLUX.rml
2025-01-17 15:15:51,708 - INFO - Completed: 5, remaining: 55, RAYPy_Simulation_bessy3_37m_PGM_2Perc_coupling_errors_on_FLUX/round_5/19_bessy3_37m_PGM_2Perc_coupling_errors_on_FLUX.rml
2025-01-17 15:15:51,874 - INFO - Completed: 6, remaining: 54, RAYPy_Simulation_bessy3_37m_PGM_2Perc_coupling_errors_on_FLUX/round_5/18_bessy3_37m_PGM_2Perc_coupling_errors_on_FLUX.rml
2025-01-17 15:15:52,060 - INFO - Completed: 7, remaining: 53, RAYPy_Simulation_bessy3_37m_PGM_2Perc_coupling_errors_on_FLUX/round_6/5_bessy3_37m_PGM_2Perc_coupling_errors_on_FLUX.rml
2025-01-17 15:15:52,090 - INFO - Completed: 8, remaining: 52, RAYPy_Simulation_bessy3_37m_PGM_2Perc_coupling_errors_on_FLUX/round_5/15_bessy3_37m_PGM_2Perc_coupling_errors_on_FLUX.rml
2025-01-17 15:15:52,103 - INFO - Completed: 9, remaining: 51, RAYPy_Simulation_bessy3_37m_PGM_2Perc_coupling_errors_on_FLUX/round_6/0_bessy3_37m_PGM_2Perc_coupling_errors_on_FLUX.rml
2025-01-17 15:15:52,119 - INFO - Completed: 10, remaining: 50, RAYPy_Simulation_bessy3_37m_PGM_2Perc_coupling_errors_on_FLUX/round_5/16_bessy3_37m_PGM_2Perc_coupling_errors_on_FLUX.rml
2025-01-17 15:15:53,142 - INFO - Completed: 11, remaining: 49, RAYPy_Simulation_bessy3_37m_PGM_2Perc_coupling_errors_on_FLUX/round_5/17_bessy3_37m_PGM_2Perc_coupling_errors_on_FLUX.rml
2025-01-17 15:15:54,030 - INFO - Completed: 12, remaining: 48, RAYPy_Simulation_bessy3_37m_PGM_2Perc_coupling_errors_on_FLUX/round_6/3_bessy3_37m_PGM_2Perc_coupling_errors_on_FLUX.rml
2025-01-17 15:16:06,851 - INFO - Completed: 13, remaining: 47, RAYPy_Simulation_bessy3_37m_PGM_2Perc_coupling_errors_on_FLUX/round_6/6_bessy3_37m_PGM_2Perc_coupling_errors_on_FLUX.rml
2025-01-17 15:16:09,149 - INFO - Completed: 14, remaining: 46, RAYPy_Simulation_bessy3_37m_PGM_2Perc_coupling_errors_on_FLUX/round_6/7_bessy3_37m_PGM_2Perc_coupling_errors_on_FLUX.rml
2025-01-17 15:16:10,610 - INFO - Completed: 15, remaining: 45, RAYPy_Simulation_bessy3_37m_PGM_2Perc_coupling_errors_on_FLUX/round_6/8_bessy3_37m_PGM_2Perc_coupling_errors_on_FLUX.rml
2025-01-17 15:16:11,452 - INFO - Completed: 16, remaining: 44, RAYPy_Simulation_bessy3_37m_PGM_2Perc_coupling_errors_on_FLUX/round_6/11_bessy3_37m_PGM_2Perc_coupling_errors_on_FLUX.rml
2025-01-17 15:16:11,827 - INFO - Completed: 17, remaining: 43, RAYPy_Simulation_bessy3_37m_PGM_2Perc_coupling_errors_on_FLUX/round_6/9_bessy3_37m_PGM_2Perc_coupling_errors_on_FLUX.rml
2025-01-17 15:16:11,834 - INFO - Completed: 18, remaining: 42, RAYPy_Simulation_bessy3_37m_PGM_2Perc_coupling_errors_on_FLUX/round_6/12_bessy3_37m_PGM_2Perc_coupling_errors_on_FLUX.rml
2025-01-17 15:16:12,031 - INFO - Completed: 19, remaining: 41, RAYPy_Simulation_bessy3_37m_PGM_2Perc_coupling_errors_on_FLUX/round_6/13_bessy3_37m_PGM_2Perc_coupling_errors_on_FLUX.rml
2025-01-17 15:16:12,174 - INFO - Completed: 20, remaining: 40, RAYPy_Simulation_bessy3_37m_PGM_2Perc_coupling_errors_on_FLUX/round_6/14_bessy3_37m_PGM_2Perc_coupling_errors_on_FLUX.rml
2025-01-17 15:16:12,235 - INFO - Completed: 21, remaining: 39, RAYPy_Simulation_bessy3_37m_PGM_2Perc_coupling_errors_on_FLUX/round_6/10_bessy3_37m_PGM_2Perc_coupling_errors_on_FLUX.rml
2025-01-17 15:16:12,278 - INFO - Completed: 22, remaining: 38, RAYPy_Simulation_bessy3_37m_PGM_2Perc_coupling_errors_on_FLUX/round_6/15_bessy3_37m_PGM_2Perc_coupling_errors_on_FLUX.rml
2025-01-17 15:16:12,694 - INFO - Completed: 23, remaining: 37, RAYPy_Simulation_bessy3_37m_PGM_2Perc_coupling_errors_on_FLUX/round_6/16_bessy3_37m_PGM_2Perc_coupling_errors_on_FLUX.rml
2025-01-17 15:16:13,083 - INFO - Completed: 24, remaining: 36, RAYPy_Simulation_bessy3_37m_PGM_2Perc_coupling_errors_on_FLUX/round_6/17_bessy3_37m_PGM_2Perc_coupling_errors_on_FLUX.rml
2025-01-17 15:16:21,368 - INFO - Completed: 25, remaining: 35, RAYPy_Simulation_bessy3_37m_PGM_2Perc_coupling_errors_on_FLUX/round_6/18_bessy3_37m_PGM_2Perc_coupling_errors_on_FLUX.rml
2025-01-17 15:16:23,424 - INFO - Completed: 26, remaining: 34, RAYPy_Simulation_bessy3_37m_PGM_2Perc_coupling_errors_on_FLUX/round_6/19_bessy3_37m_PGM_2Perc_coupling_errors_on_FLUX.rml
2025-01-17 15:16:26,865 - INFO - Completed: 27, remaining: 33, RAYPy_Simulation_bessy3_37m_PGM_2Perc_coupling_errors_on_FLUX/round_6/20_bessy3_37m_PGM_2Perc_coupling_errors_on_FLUX.rml
2025-01-17 15:16:31,046 - INFO - Completed: 28, remaining: 32, RAYPy_Simulation_bessy3_37m_PGM_2Perc_coupling_errors_on_FLUX/round_7/2_bessy3_37m_PGM_2Perc_coupling_errors_on_FLUX.rml
2025-01-17 15:16:31,955 - INFO - Completed: 29, remaining: 31, RAYPy_Simulation_bessy3_37m_PGM_2Perc_coupling_errors_on_FLUX/round_7/0_bessy3_37m_PGM_2Perc_coupling_errors_on_FLUX.rml
2025-01-17 15:16:31,972 - INFO - Completed: 30, remaining: 30, RAYPy_Simulation_bessy3_37m_PGM_2Perc_coupling_errors_on_FLUX/round_7/3_bessy3_37m_PGM_2Perc_coupling_errors_on_FLUX.rml
2025-01-17 15:16:32,020 - INFO - Completed: 31, remaining: 29, RAYPy_Simulation_bessy3_37m_PGM_2Perc_coupling_errors_on_FLUX/round_7/4_bessy3_37m_PGM_2Perc_coupling_errors_on_FLUX.rml
2025-01-17 15:16:32,175 - INFO - Completed: 32, remaining: 28, RAYPy_Simulation_bessy3_37m_PGM_2Perc_coupling_errors_on_FLUX/round_7/6_bessy3_37m_PGM_2Perc_coupling_errors_on_FLUX.rml
2025-01-17 15:16:32,177 - INFO - Completed: 33, remaining: 27, RAYPy_Simulation_bessy3_37m_PGM_2Perc_coupling_errors_on_FLUX/round_7/5_bessy3_37m_PGM_2Perc_coupling_errors_on_FLUX.rml
2025-01-17 15:16:32,740 - INFO - Completed: 34, remaining: 26, RAYPy_Simulation_bessy3_37m_PGM_2Perc_coupling_errors_on_FLUX/round_7/7_bessy3_37m_PGM_2Perc_coupling_errors_on_FLUX.rml
2025-01-17 15:16:33,192 - INFO - Completed: 35, remaining: 25, RAYPy_Simulation_bessy3_37m_PGM_2Perc_coupling_errors_on_FLUX/round_7/8_bessy3_37m_PGM_2Perc_coupling_errors_on_FLUX.rml
2025-01-17 15:16:33,526 - INFO - Completed: 36, remaining: 24, RAYPy_Simulation_bessy3_37m_PGM_2Perc_coupling_errors_on_FLUX/round_7/1_bessy3_37m_PGM_2Perc_coupling_errors_on_FLUX.rml
2025-01-17 15:16:39,398 - INFO - Completed: 37, remaining: 23, RAYPy_Simulation_bessy3_37m_PGM_2Perc_coupling_errors_on_FLUX/round_7/9_bessy3_37m_PGM_2Perc_coupling_errors_on_FLUX.rml
2025-01-17 15:16:41,455 - INFO - Completed: 38, remaining: 22, RAYPy_Simulation_bessy3_37m_PGM_2Perc_coupling_errors_on_FLUX/round_7/10_bessy3_37m_PGM_2Perc_coupling_errors_on_FLUX.rml
2025-01-17 15:16:44,303 - INFO - Completed: 39, remaining: 21, RAYPy_Simulation_bessy3_37m_PGM_2Perc_coupling_errors_on_FLUX/round_7/11_bessy3_37m_PGM_2Perc_coupling_errors_on_FLUX.rml
2025-01-17 15:16:50,409 - INFO - Completed: 40, remaining: 20, RAYPy_Simulation_bessy3_37m_PGM_2Perc_coupling_errors_on_FLUX/round_7/12_bessy3_37m_PGM_2Perc_coupling_errors_on_FLUX.rml
2025-01-17 15:16:52,196 - INFO - Completed: 41, remaining: 19, RAYPy_Simulation_bessy3_37m_PGM_2Perc_coupling_errors_on_FLUX/round_7/20_bessy3_37m_PGM_2Perc_coupling_errors_on_FLUX.rml
2025-01-17 15:16:52,551 - INFO - Completed: 42, remaining: 18, RAYPy_Simulation_bessy3_37m_PGM_2Perc_coupling_errors_on_FLUX/round_7/13_bessy3_37m_PGM_2Perc_coupling_errors_on_FLUX.rml
2025-01-17 15:16:52,605 - INFO - Completed: 43, remaining: 17, RAYPy_Simulation_bessy3_37m_PGM_2Perc_coupling_errors_on_FLUX/round_7/14_bessy3_37m_PGM_2Perc_coupling_errors_on_FLUX.rml
2025-01-17 15:16:52,618 - INFO - Completed: 44, remaining: 16, RAYPy_Simulation_bessy3_37m_PGM_2Perc_coupling_errors_on_FLUX/round_7/15_bessy3_37m_PGM_2Perc_coupling_errors_on_FLUX.rml
2025-01-17 15:16:52,859 - INFO - Completed: 45, remaining: 15, RAYPy_Simulation_bessy3_37m_PGM_2Perc_coupling_errors_on_FLUX/round_7/16_bessy3_37m_PGM_2Perc_coupling_errors_on_FLUX.rml
2025-01-17 15:16:52,951 - INFO - Completed: 46, remaining: 14, RAYPy_Simulation_bessy3_37m_PGM_2Perc_coupling_errors_on_FLUX/round_7/17_bessy3_37m_PGM_2Perc_coupling_errors_on_FLUX.rml
2025-01-17 15:16:53,245 - INFO - Completed: 47, remaining: 13, RAYPy_Simulation_bessy3_37m_PGM_2Perc_coupling_errors_on_FLUX/round_7/18_bessy3_37m_PGM_2Perc_coupling_errors_on_FLUX.rml
2025-01-17 15:16:53,787 - INFO - Completed: 48, remaining: 12, RAYPy_Simulation_bessy3_37m_PGM_2Perc_coupling_errors_on_FLUX/round_7/19_bessy3_37m_PGM_2Perc_coupling_errors_on_FLUX.rml
2025-01-17 15:16:56,580 - INFO - Completed: 49, remaining: 11, RAYPy_Simulation_bessy3_37m_PGM_2Perc_coupling_errors_on_FLUX/round_8/0_bessy3_37m_PGM_2Perc_coupling_errors_on_FLUX.rml
2025-01-17 15:16:58,141 - INFO - Completed: 50, remaining: 10, RAYPy_Simulation_bessy3_37m_PGM_2Perc_coupling_errors_on_FLUX/round_8/1_bessy3_37m_PGM_2Perc_coupling_errors_on_FLUX.rml
2025-01-17 15:17:00,561 - INFO - Completed: 51, remaining: 9, RAYPy_Simulation_bessy3_37m_PGM_2Perc_coupling_errors_on_FLUX/round_8/2_bessy3_37m_PGM_2Perc_coupling_errors_on_FLUX.rml
2025-01-17 15:17:06,870 - INFO - Completed: 52, remaining: 8, RAYPy_Simulation_bessy3_37m_PGM_2Perc_coupling_errors_on_FLUX/round_8/3_bessy3_37m_PGM_2Perc_coupling_errors_on_FLUX.rml
2025-01-17 15:17:08,826 - INFO - Completed: 53, remaining: 7, RAYPy_Simulation_bessy3_37m_PGM_2Perc_coupling_errors_on_FLUX/round_8/4_bessy3_37m_PGM_2Perc_coupling_errors_on_FLUX.rml
2025-01-17 15:17:09,019 - INFO - Completed: 54, remaining: 6, RAYPy_Simulation_bessy3_37m_PGM_2Perc_coupling_errors_on_FLUX/round_8/5_bessy3_37m_PGM_2Perc_coupling_errors_on_FLUX.rml
2025-01-17 15:17:09,036 - INFO - Completed: 55, remaining: 5, RAYPy_Simulation_bessy3_37m_PGM_2Perc_coupling_errors_on_FLUX/round_8/8_bessy3_37m_PGM_2Perc_coupling_errors_on_FLUX.rml
2025-01-17 15:17:09,047 - INFO - Completed: 56, remaining: 4, RAYPy_Simulation_bessy3_37m_PGM_2Perc_coupling_errors_on_FLUX/round_8/7_bessy3_37m_PGM_2Perc_coupling_errors_on_FLUX.rml
2025-01-17 15:17:09,162 - INFO - Completed: 57, remaining: 3, RAYPy_Simulation_bessy3_37m_PGM_2Perc_coupling_errors_on_FLUX/round_8/6_bessy3_37m_PGM_2Perc_coupling_errors_on_FLUX.rml
2025-01-17 15:17:09,300 - INFO - Completed: 58, remaining: 2, RAYPy_Simulation_bessy3_37m_PGM_2Perc_coupling_errors_on_FLUX/round_8/10_bessy3_37m_PGM_2Perc_coupling_errors_on_FLUX.rml
2025-01-17 15:17:09,399 - INFO - Completed: 59, remaining: 1, RAYPy_Simulation_bessy3_37m_PGM_2Perc_coupling_errors_on_FLUX/round_8/9_bessy3_37m_PGM_2Perc_coupling_errors_on_FLUX.rml
2025-01-17 15:17:09,574 - INFO - Completed: 60, remaining: 0, RAYPy_Simulation_bessy3_37m_PGM_2Perc_coupling_errors_on_FLUX/round_8/11_bessy3_37m_PGM_2Perc_coupling_errors_on_FLUX.rml
2025-01-17 15:17:09,575 - INFO - Batch Completed
2025-01-17 15:17:09,575 - INFO - Waiting For batch, 60 simulations to go
2025-01-17 15:17:09,581 - INFO - Prepared sim number: 12: RAYPy_Simulation_bessy3_37m_PGM_2Perc_coupling_errors_on_FLUX/round_8/12_bessy3_37m_PGM_2Perc_coupling_errors_on_FLUX.rml
2025-01-17 15:17:09,587 - INFO - Prepared sim number: 13: RAYPy_Simulation_bessy3_37m_PGM_2Perc_coupling_errors_on_FLUX/round_8/13_bessy3_37m_PGM_2Perc_coupling_errors_on_FLUX.rml
2025-01-17 15:17:09,596 - INFO - Prepared sim number: 14: RAYPy_Simulation_bessy3_37m_PGM_2Perc_coupling_errors_on_FLUX/round_8/14_bessy3_37m_PGM_2Perc_coupling_errors_on_FLUX.rml
2025-01-17 15:17:09,603 - INFO - Prepared sim number: 15: RAYPy_Simulation_bessy3_37m_PGM_2Perc_coupling_errors_on_FLUX/round_8/15_bessy3_37m_PGM_2Perc_coupling_errors_on_FLUX.rml
2025-01-17 15:17:09,611 - INFO - Prepared sim number: 16: RAYPy_Simulation_bessy3_37m_PGM_2Perc_coupling_errors_on_FLUX/round_8/16_bessy3_37m_PGM_2Perc_coupling_errors_on_FLUX.rml
2025-01-17 15:17:09,616 - INFO - Prepared sim number: 17: RAYPy_Simulation_bessy3_37m_PGM_2Perc_coupling_errors_on_FLUX/round_8/17_bessy3_37m_PGM_2Perc_coupling_errors_on_FLUX.rml
2025-01-17 15:17:09,623 - INFO - Prepared sim number: 18: RAYPy_Simulation_bessy3_37m_PGM_2Perc_coupling_errors_on_FLUX/round_8/18_bessy3_37m_PGM_2Perc_coupling_errors_on_FLUX.rml
2025-01-17 15:17:09,628 - INFO - Prepared sim number: 19: RAYPy_Simulation_bessy3_37m_PGM_2Perc_coupling_errors_on_FLUX/round_8/19_bessy3_37m_PGM_2Perc_coupling_errors_on_FLUX.rml
2025-01-17 15:17:09,637 - INFO - Prepared sim number: 20: RAYPy_Simulation_bessy3_37m_PGM_2Perc_coupling_errors_on_FLUX/round_8/20_bessy3_37m_PGM_2Perc_coupling_errors_on_FLUX.rml
2025-01-17 15:17:09,638 - INFO - Start round 9
2025-01-17 15:17:09,643 - INFO - Prepared sim number: 0: RAYPy_Simulation_bessy3_37m_PGM_2Perc_coupling_errors_on_FLUX/round_9/0_bessy3_37m_PGM_2Perc_coupling_errors_on_FLUX.rml
2025-01-17 15:17:09,648 - INFO - Prepared sim number: 1: RAYPy_Simulation_bessy3_37m_PGM_2Perc_coupling_errors_on_FLUX/round_9/1_bessy3_37m_PGM_2Perc_coupling_errors_on_FLUX.rml
2025-01-17 15:17:09,653 - INFO - Prepared sim number: 2: RAYPy_Simulation_bessy3_37m_PGM_2Perc_coupling_errors_on_FLUX/round_9/2_bessy3_37m_PGM_2Perc_coupling_errors_on_FLUX.rml
2025-01-17 15:17:09,657 - INFO - Prepared sim number: 3: RAYPy_Simulation_bessy3_37m_PGM_2Perc_coupling_errors_on_FLUX/round_9/3_bessy3_37m_PGM_2Perc_coupling_errors_on_FLUX.rml
2025-01-17 15:17:09,662 - INFO - Prepared sim number: 4: RAYPy_Simulation_bessy3_37m_PGM_2Perc_coupling_errors_on_FLUX/round_9/4_bessy3_37m_PGM_2Perc_coupling_errors_on_FLUX.rml
2025-01-17 15:17:09,667 - INFO - Prepared sim number: 5: RAYPy_Simulation_bessy3_37m_PGM_2Perc_coupling_errors_on_FLUX/round_9/5_bessy3_37m_PGM_2Perc_coupling_errors_on_FLUX.rml
2025-01-17 15:17:09,671 - INFO - Prepared sim number: 6: RAYPy_Simulation_bessy3_37m_PGM_2Perc_coupling_errors_on_FLUX/round_9/6_bessy3_37m_PGM_2Perc_coupling_errors_on_FLUX.rml
2025-01-17 15:17:09,677 - INFO - Prepared sim number: 7: RAYPy_Simulation_bessy3_37m_PGM_2Perc_coupling_errors_on_FLUX/round_9/7_bessy3_37m_PGM_2Perc_coupling_errors_on_FLUX.rml
2025-01-17 15:17:09,681 - INFO - Prepared sim number: 8: RAYPy_Simulation_bessy3_37m_PGM_2Perc_coupling_errors_on_FLUX/round_9/8_bessy3_37m_PGM_2Perc_coupling_errors_on_FLUX.rml
2025-01-17 15:17:09,686 - INFO - Prepared sim number: 9: RAYPy_Simulation_bessy3_37m_PGM_2Perc_coupling_errors_on_FLUX/round_9/9_bessy3_37m_PGM_2Perc_coupling_errors_on_FLUX.rml
2025-01-17 15:17:09,691 - INFO - Prepared sim number: 10: RAYPy_Simulation_bessy3_37m_PGM_2Perc_coupling_errors_on_FLUX/round_9/10_bessy3_37m_PGM_2Perc_coupling_errors_on_FLUX.rml
2025-01-17 15:17:09,696 - INFO - Prepared sim number: 11: RAYPy_Simulation_bessy3_37m_PGM_2Perc_coupling_errors_on_FLUX/round_9/11_bessy3_37m_PGM_2Perc_coupling_errors_on_FLUX.rml
2025-01-17 15:17:09,700 - INFO - Prepared sim number: 12: RAYPy_Simulation_bessy3_37m_PGM_2Perc_coupling_errors_on_FLUX/round_9/12_bessy3_37m_PGM_2Perc_coupling_errors_on_FLUX.rml
2025-01-17 15:17:09,705 - INFO - Prepared sim number: 13: RAYPy_Simulation_bessy3_37m_PGM_2Perc_coupling_errors_on_FLUX/round_9/13_bessy3_37m_PGM_2Perc_coupling_errors_on_FLUX.rml
2025-01-17 15:17:09,710 - INFO - Prepared sim number: 14: RAYPy_Simulation_bessy3_37m_PGM_2Perc_coupling_errors_on_FLUX/round_9/14_bessy3_37m_PGM_2Perc_coupling_errors_on_FLUX.rml
2025-01-17 15:17:09,716 - INFO - Prepared sim number: 15: RAYPy_Simulation_bessy3_37m_PGM_2Perc_coupling_errors_on_FLUX/round_9/15_bessy3_37m_PGM_2Perc_coupling_errors_on_FLUX.rml
2025-01-17 15:17:09,721 - INFO - Prepared sim number: 16: RAYPy_Simulation_bessy3_37m_PGM_2Perc_coupling_errors_on_FLUX/round_9/16_bessy3_37m_PGM_2Perc_coupling_errors_on_FLUX.rml
2025-01-17 15:17:09,725 - INFO - Prepared sim number: 17: RAYPy_Simulation_bessy3_37m_PGM_2Perc_coupling_errors_on_FLUX/round_9/17_bessy3_37m_PGM_2Perc_coupling_errors_on_FLUX.rml
2025-01-17 15:17:09,730 - INFO - Prepared sim number: 18: RAYPy_Simulation_bessy3_37m_PGM_2Perc_coupling_errors_on_FLUX/round_9/18_bessy3_37m_PGM_2Perc_coupling_errors_on_FLUX.rml
2025-01-17 15:17:09,735 - INFO - Prepared sim number: 19: RAYPy_Simulation_bessy3_37m_PGM_2Perc_coupling_errors_on_FLUX/round_9/19_bessy3_37m_PGM_2Perc_coupling_errors_on_FLUX.rml
2025-01-17 15:17:09,739 - INFO - Prepared sim number: 20: RAYPy_Simulation_bessy3_37m_PGM_2Perc_coupling_errors_on_FLUX/round_9/20_bessy3_37m_PGM_2Perc_coupling_errors_on_FLUX.rml
2025-01-17 15:17:09,740 - INFO - Waiting for batch number: 3, timeout: 115.29873735284151s
2025-01-17 15:17:28,734 - INFO - Completed: 1, remaining: 59, RAYPy_Simulation_bessy3_37m_PGM_2Perc_coupling_errors_on_FLUX/round_9/1_bessy3_37m_PGM_2Perc_coupling_errors_on_FLUX.rml
2025-01-17 15:17:28,974 - INFO - Completed: 2, remaining: 58, RAYPy_Simulation_bessy3_37m_PGM_2Perc_coupling_errors_on_FLUX/round_9/2_bessy3_37m_PGM_2Perc_coupling_errors_on_FLUX.rml
2025-01-17 15:17:29,632 - INFO - Completed: 3, remaining: 57, RAYPy_Simulation_bessy3_37m_PGM_2Perc_coupling_errors_on_FLUX/round_8/14_bessy3_37m_PGM_2Perc_coupling_errors_on_FLUX.rml
2025-01-17 15:17:29,645 - INFO - Completed: 4, remaining: 56, RAYPy_Simulation_bessy3_37m_PGM_2Perc_coupling_errors_on_FLUX/round_8/18_bessy3_37m_PGM_2Perc_coupling_errors_on_FLUX.rml
2025-01-17 15:17:29,704 - INFO - Completed: 5, remaining: 55, RAYPy_Simulation_bessy3_37m_PGM_2Perc_coupling_errors_on_FLUX/round_9/0_bessy3_37m_PGM_2Perc_coupling_errors_on_FLUX.rml
2025-01-17 15:17:29,840 - INFO - Completed: 6, remaining: 54, RAYPy_Simulation_bessy3_37m_PGM_2Perc_coupling_errors_on_FLUX/round_8/16_bessy3_37m_PGM_2Perc_coupling_errors_on_FLUX.rml
2025-01-17 15:17:29,981 - INFO - Completed: 7, remaining: 53, RAYPy_Simulation_bessy3_37m_PGM_2Perc_coupling_errors_on_FLUX/round_8/12_bessy3_37m_PGM_2Perc_coupling_errors_on_FLUX.rml
2025-01-17 15:17:30,316 - INFO - Completed: 8, remaining: 52, RAYPy_Simulation_bessy3_37m_PGM_2Perc_coupling_errors_on_FLUX/round_8/13_bessy3_37m_PGM_2Perc_coupling_errors_on_FLUX.rml
2025-01-17 15:17:30,776 - INFO - Completed: 9, remaining: 51, RAYPy_Simulation_bessy3_37m_PGM_2Perc_coupling_errors_on_FLUX/round_8/20_bessy3_37m_PGM_2Perc_coupling_errors_on_FLUX.rml
2025-01-17 15:17:31,285 - INFO - Completed: 10, remaining: 50, RAYPy_Simulation_bessy3_37m_PGM_2Perc_coupling_errors_on_FLUX/round_8/19_bessy3_37m_PGM_2Perc_coupling_errors_on_FLUX.rml
2025-01-17 15:17:31,711 - INFO - Completed: 11, remaining: 49, RAYPy_Simulation_bessy3_37m_PGM_2Perc_coupling_errors_on_FLUX/round_8/15_bessy3_37m_PGM_2Perc_coupling_errors_on_FLUX.rml
2025-01-17 15:17:31,755 - INFO - Completed: 12, remaining: 48, RAYPy_Simulation_bessy3_37m_PGM_2Perc_coupling_errors_on_FLUX/round_8/17_bessy3_37m_PGM_2Perc_coupling_errors_on_FLUX.rml
2025-01-17 15:17:46,668 - INFO - Completed: 13, remaining: 47, RAYPy_Simulation_bessy3_37m_PGM_2Perc_coupling_errors_on_FLUX/round_9/3_bessy3_37m_PGM_2Perc_coupling_errors_on_FLUX.rml
2025-01-17 15:17:46,849 - INFO - Completed: 14, remaining: 46, RAYPy_Simulation_bessy3_37m_PGM_2Perc_coupling_errors_on_FLUX/round_9/4_bessy3_37m_PGM_2Perc_coupling_errors_on_FLUX.rml
2025-01-17 15:17:48,493 - INFO - Completed: 15, remaining: 45, RAYPy_Simulation_bessy3_37m_PGM_2Perc_coupling_errors_on_FLUX/round_9/5_bessy3_37m_PGM_2Perc_coupling_errors_on_FLUX.rml
2025-01-17 15:17:48,918 - INFO - Completed: 16, remaining: 44, RAYPy_Simulation_bessy3_37m_PGM_2Perc_coupling_errors_on_FLUX/round_9/6_bessy3_37m_PGM_2Perc_coupling_errors_on_FLUX.rml
2025-01-17 15:17:48,953 - INFO - Completed: 17, remaining: 43, RAYPy_Simulation_bessy3_37m_PGM_2Perc_coupling_errors_on_FLUX/round_9/8_bessy3_37m_PGM_2Perc_coupling_errors_on_FLUX.rml
2025-01-17 15:17:49,185 - INFO - Completed: 18, remaining: 42, RAYPy_Simulation_bessy3_37m_PGM_2Perc_coupling_errors_on_FLUX/round_9/7_bessy3_37m_PGM_2Perc_coupling_errors_on_FLUX.rml
2025-01-17 15:17:49,470 - INFO - Completed: 19, remaining: 41, RAYPy_Simulation_bessy3_37m_PGM_2Perc_coupling_errors_on_FLUX/round_9/9_bessy3_37m_PGM_2Perc_coupling_errors_on_FLUX.rml
2025-01-17 15:17:49,727 - INFO - Completed: 20, remaining: 40, RAYPy_Simulation_bessy3_37m_PGM_2Perc_coupling_errors_on_FLUX/round_9/10_bessy3_37m_PGM_2Perc_coupling_errors_on_FLUX.rml
2025-01-17 15:17:50,246 - INFO - Completed: 21, remaining: 39, RAYPy_Simulation_bessy3_37m_PGM_2Perc_coupling_errors_on_FLUX/round_9/11_bessy3_37m_PGM_2Perc_coupling_errors_on_FLUX.rml
2025-01-17 15:17:50,538 - INFO - Completed: 22, remaining: 38, RAYPy_Simulation_bessy3_37m_PGM_2Perc_coupling_errors_on_FLUX/round_9/12_bessy3_37m_PGM_2Perc_coupling_errors_on_FLUX.rml
2025-01-17 15:17:50,667 - INFO - Completed: 23, remaining: 37, RAYPy_Simulation_bessy3_37m_PGM_2Perc_coupling_errors_on_FLUX/round_9/14_bessy3_37m_PGM_2Perc_coupling_errors_on_FLUX.rml
2025-01-17 15:17:51,632 - INFO - Completed: 24, remaining: 36, RAYPy_Simulation_bessy3_37m_PGM_2Perc_coupling_errors_on_FLUX/round_9/13_bessy3_37m_PGM_2Perc_coupling_errors_on_FLUX.rml
2025-01-17 15:17:58,602 - INFO - Completed: 25, remaining: 35, RAYPy_Simulation_bessy3_37m_PGM_2Perc_coupling_errors_on_FLUX/round_9/15_bessy3_37m_PGM_2Perc_coupling_errors_on_FLUX.rml
2025-01-17 15:17:58,693 - INFO - Completed: 26, remaining: 34, RAYPy_Simulation_bessy3_37m_PGM_2Perc_coupling_errors_on_FLUX/round_9/16_bessy3_37m_PGM_2Perc_coupling_errors_on_FLUX.rml
2025-01-17 15:18:00,102 - INFO - Completed: 27, remaining: 33, RAYPy_Simulation_bessy3_37m_PGM_2Perc_coupling_errors_on_FLUX/round_9/20_bessy3_37m_PGM_2Perc_coupling_errors_on_FLUX.rml
2025-01-17 15:18:00,369 - INFO - Completed: 28, remaining: 32, RAYPy_Simulation_bessy3_37m_PGM_2Perc_coupling_errors_on_FLUX/round_9/19_bessy3_37m_PGM_2Perc_coupling_errors_on_FLUX.rml
2025-01-17 15:18:00,517 - INFO - Completed: 29, remaining: 31, RAYPy_Simulation_bessy3_37m_PGM_2Perc_coupling_errors_on_FLUX/round_9/17_bessy3_37m_PGM_2Perc_coupling_errors_on_FLUX.rml
2025-01-17 15:18:00,638 - INFO - Completed: 30, remaining: 30, RAYPy_Simulation_bessy3_37m_PGM_2Perc_coupling_errors_on_FLUX/round_9/18_bessy3_37m_PGM_2Perc_coupling_errors_on_FLUX.rml
2025-01-17 15:18:00,638 - INFO - Batch Completed
2025-01-17 15:18:00,638 - INFO - Waiting For batch, 60 simulations to go
2025-01-17 15:18:00,639 - INFO - Remaning Simulations 0, stop the simulations loop
2025-01-17 15:18:00,639 - INFO - Checking that all simulations are completed before stopping the ProcessPoolExecutor
2025-01-17 15:18:00,928 - INFO - Executor shutdown completed.
2025-01-17 15:18:00,954 - INFO - Simulation completed successfully.
2025-01-17 15:18:00,955 - INFO - Starting cleanup
2025-01-17 15:18:02,538 - INFO - Done with the cleanup
2025-01-17 15:18:02,538 - INFO - Create Pandas Recap Files
2025-01-17 15:18:02,577 - INFO - End of the Simulations
