2024-07-01 10:37:52,184 - INFO - Simulation started, using 30 workers
2024-07-01 10:37:52,186 - INFO - Start round 0
2024-07-01 10:37:52,187 - INFO - Prepared sim number: 0: RAYPy_Simulation_bessy3_FLUX/round_0/0_bessy3_FLUX.rml
2024-07-01 10:37:52,188 - INFO - Prepared sim number: 1: RAYPy_Simulation_bessy3_FLUX/round_0/1_bessy3_FLUX.rml
2024-07-01 10:37:52,189 - INFO - Prepared sim number: 2: RAYPy_Simulation_bessy3_FLUX/round_0/2_bessy3_FLUX.rml
2024-07-01 10:37:52,190 - INFO - Prepared sim number: 3: RAYPy_Simulation_bessy3_FLUX/round_0/3_bessy3_FLUX.rml
2024-07-01 10:37:52,191 - INFO - Prepared sim number: 4: RAYPy_Simulation_bessy3_FLUX/round_0/4_bessy3_FLUX.rml
2024-07-01 10:37:52,191 - INFO - Prepared sim number: 5: RAYPy_Simulation_bessy3_FLUX/round_0/5_bessy3_FLUX.rml
2024-07-01 10:37:52,192 - INFO - Prepared sim number: 6: RAYPy_Simulation_bessy3_FLUX/round_0/6_bessy3_FLUX.rml
2024-07-01 10:37:52,193 - INFO - Prepared sim number: 7: RAYPy_Simulation_bessy3_FLUX/round_0/7_bessy3_FLUX.rml
2024-07-01 10:37:52,194 - INFO - Prepared sim number: 8: RAYPy_Simulation_bessy3_FLUX/round_0/8_bessy3_FLUX.rml
2024-07-01 10:37:52,194 - INFO - Prepared sim number: 9: RAYPy_Simulation_bessy3_FLUX/round_0/9_bessy3_FLUX.rml
2024-07-01 10:37:52,195 - INFO - Prepared sim number: 10: RAYPy_Simulation_bessy3_FLUX/round_0/10_bessy3_FLUX.rml
2024-07-01 10:37:52,196 - INFO - Prepared sim number: 11: RAYPy_Simulation_bessy3_FLUX/round_0/11_bessy3_FLUX.rml
2024-07-01 10:37:52,197 - INFO - Prepared sim number: 12: RAYPy_Simulation_bessy3_FLUX/round_0/12_bessy3_FLUX.rml
2024-07-01 10:37:52,197 - INFO - Prepared sim number: 13: RAYPy_Simulation_bessy3_FLUX/round_0/13_bessy3_FLUX.rml
2024-07-01 10:37:52,198 - INFO - Prepared sim number: 14: RAYPy_Simulation_bessy3_FLUX/round_0/14_bessy3_FLUX.rml
2024-07-01 10:37:52,199 - INFO - Prepared sim number: 15: RAYPy_Simulation_bessy3_FLUX/round_0/15_bessy3_FLUX.rml
2024-07-01 10:37:52,200 - INFO - Prepared sim number: 16: RAYPy_Simulation_bessy3_FLUX/round_0/16_bessy3_FLUX.rml
2024-07-01 10:37:52,200 - INFO - Prepared sim number: 17: RAYPy_Simulation_bessy3_FLUX/round_0/17_bessy3_FLUX.rml
2024-07-01 10:37:52,201 - INFO - Prepared sim number: 18: RAYPy_Simulation_bessy3_FLUX/round_0/18_bessy3_FLUX.rml
2024-07-01 10:37:52,202 - INFO - Prepared sim number: 19: RAYPy_Simulation_bessy3_FLUX/round_0/19_bessy3_FLUX.rml
2024-07-01 10:37:52,203 - INFO - Prepared sim number: 20: RAYPy_Simulation_bessy3_FLUX/round_0/20_bessy3_FLUX.rml
2024-07-01 10:37:52,203 - INFO - Prepared sim number: 21: RAYPy_Simulation_bessy3_FLUX/round_0/21_bessy3_FLUX.rml
2024-07-01 10:37:52,204 - INFO - Prepared sim number: 22: RAYPy_Simulation_bessy3_FLUX/round_0/22_bessy3_FLUX.rml
2024-07-01 10:37:52,205 - INFO - Prepared sim number: 23: RAYPy_Simulation_bessy3_FLUX/round_0/23_bessy3_FLUX.rml
2024-07-01 10:37:52,206 - INFO - Prepared sim number: 24: RAYPy_Simulation_bessy3_FLUX/round_0/24_bessy3_FLUX.rml
2024-07-01 10:37:52,206 - INFO - Prepared sim number: 25: RAYPy_Simulation_bessy3_FLUX/round_0/25_bessy3_FLUX.rml
2024-07-01 10:37:52,207 - INFO - Prepared sim number: 26: RAYPy_Simulation_bessy3_FLUX/round_0/26_bessy3_FLUX.rml
2024-07-01 10:37:52,208 - INFO - Prepared sim number: 27: RAYPy_Simulation_bessy3_FLUX/round_0/27_bessy3_FLUX.rml
2024-07-01 10:37:52,209 - INFO - Prepared sim number: 28: RAYPy_Simulation_bessy3_FLUX/round_0/28_bessy3_FLUX.rml
2024-07-01 10:37:52,210 - INFO - Prepared sim number: 29: RAYPy_Simulation_bessy3_FLUX/round_0/29_bessy3_FLUX.rml
2024-07-01 10:37:52,210 - INFO - Prepared sim number: 30: RAYPy_Simulation_bessy3_FLUX/round_0/30_bessy3_FLUX.rml
2024-07-01 10:37:52,211 - INFO - Prepared sim number: 31: RAYPy_Simulation_bessy3_FLUX/round_0/31_bessy3_FLUX.rml
2024-07-01 10:37:52,212 - INFO - Prepared sim number: 32: RAYPy_Simulation_bessy3_FLUX/round_0/32_bessy3_FLUX.rml
2024-07-01 10:37:52,212 - INFO - Prepared sim number: 33: RAYPy_Simulation_bessy3_FLUX/round_0/33_bessy3_FLUX.rml
2024-07-01 10:37:52,213 - INFO - Prepared sim number: 34: RAYPy_Simulation_bessy3_FLUX/round_0/34_bessy3_FLUX.rml
2024-07-01 10:37:52,214 - INFO - Prepared sim number: 35: RAYPy_Simulation_bessy3_FLUX/round_0/35_bessy3_FLUX.rml
2024-07-01 10:37:52,215 - INFO - Prepared sim number: 36: RAYPy_Simulation_bessy3_FLUX/round_0/36_bessy3_FLUX.rml
2024-07-01 10:37:52,215 - INFO - Prepared sim number: 37: RAYPy_Simulation_bessy3_FLUX/round_0/37_bessy3_FLUX.rml
2024-07-01 10:37:52,216 - INFO - Prepared sim number: 38: RAYPy_Simulation_bessy3_FLUX/round_0/38_bessy3_FLUX.rml
2024-07-01 10:37:52,217 - INFO - Prepared sim number: 39: RAYPy_Simulation_bessy3_FLUX/round_0/39_bessy3_FLUX.rml
2024-07-01 10:37:52,218 - INFO - Prepared sim number: 40: RAYPy_Simulation_bessy3_FLUX/round_0/40_bessy3_FLUX.rml
2024-07-01 10:37:52,218 - INFO - Prepared sim number: 41: RAYPy_Simulation_bessy3_FLUX/round_0/41_bessy3_FLUX.rml
2024-07-01 10:37:52,219 - INFO - Prepared sim number: 42: RAYPy_Simulation_bessy3_FLUX/round_0/42_bessy3_FLUX.rml
2024-07-01 10:37:52,220 - INFO - Prepared sim number: 43: RAYPy_Simulation_bessy3_FLUX/round_0/43_bessy3_FLUX.rml
2024-07-01 10:37:52,221 - INFO - Prepared sim number: 44: RAYPy_Simulation_bessy3_FLUX/round_0/44_bessy3_FLUX.rml
2024-07-01 10:37:52,221 - INFO - Prepared sim number: 45: RAYPy_Simulation_bessy3_FLUX/round_0/45_bessy3_FLUX.rml
2024-07-01 10:37:52,222 - INFO - Prepared sim number: 46: RAYPy_Simulation_bessy3_FLUX/round_0/46_bessy3_FLUX.rml
2024-07-01 10:37:52,223 - INFO - Prepared sim number: 47: RAYPy_Simulation_bessy3_FLUX/round_0/47_bessy3_FLUX.rml
2024-07-01 10:37:52,224 - INFO - Prepared sim number: 48: RAYPy_Simulation_bessy3_FLUX/round_0/48_bessy3_FLUX.rml
2024-07-01 10:37:52,225 - INFO - Prepared sim number: 49: RAYPy_Simulation_bessy3_FLUX/round_0/49_bessy3_FLUX.rml
2024-07-01 10:37:52,225 - INFO - Prepared sim number: 50: RAYPy_Simulation_bessy3_FLUX/round_0/50_bessy3_FLUX.rml
2024-07-01 10:37:52,226 - INFO - Prepared sim number: 51: RAYPy_Simulation_bessy3_FLUX/round_0/51_bessy3_FLUX.rml
2024-07-01 10:37:52,227 - INFO - Prepared sim number: 52: RAYPy_Simulation_bessy3_FLUX/round_0/52_bessy3_FLUX.rml
2024-07-01 10:37:52,227 - INFO - Prepared sim number: 53: RAYPy_Simulation_bessy3_FLUX/round_0/53_bessy3_FLUX.rml
2024-07-01 10:37:52,228 - INFO - Prepared sim number: 54: RAYPy_Simulation_bessy3_FLUX/round_0/54_bessy3_FLUX.rml
2024-07-01 10:37:52,229 - INFO - Prepared sim number: 55: RAYPy_Simulation_bessy3_FLUX/round_0/55_bessy3_FLUX.rml
2024-07-01 10:37:52,230 - INFO - Prepared sim number: 56: RAYPy_Simulation_bessy3_FLUX/round_0/56_bessy3_FLUX.rml
2024-07-01 10:37:52,230 - INFO - Prepared sim number: 57: RAYPy_Simulation_bessy3_FLUX/round_0/57_bessy3_FLUX.rml
2024-07-01 10:37:52,231 - INFO - Prepared sim number: 58: RAYPy_Simulation_bessy3_FLUX/round_0/58_bessy3_FLUX.rml
2024-07-01 10:37:52,232 - INFO - Prepared sim number: 59: RAYPy_Simulation_bessy3_FLUX/round_0/59_bessy3_FLUX.rml
2024-07-01 10:37:52,233 - INFO - Prepared sim number: 60: RAYPy_Simulation_bessy3_FLUX/round_0/60_bessy3_FLUX.rml
2024-07-01 10:37:52,233 - INFO - Prepared sim number: 61: RAYPy_Simulation_bessy3_FLUX/round_0/61_bessy3_FLUX.rml
2024-07-01 10:37:52,234 - INFO - Prepared sim number: 62: RAYPy_Simulation_bessy3_FLUX/round_0/62_bessy3_FLUX.rml
2024-07-01 10:37:52,235 - INFO - Prepared sim number: 63: RAYPy_Simulation_bessy3_FLUX/round_0/63_bessy3_FLUX.rml
2024-07-01 10:37:52,236 - INFO - Prepared sim number: 64: RAYPy_Simulation_bessy3_FLUX/round_0/64_bessy3_FLUX.rml
2024-07-01 10:37:52,236 - INFO - Prepared sim number: 65: RAYPy_Simulation_bessy3_FLUX/round_0/65_bessy3_FLUX.rml
2024-07-01 10:37:52,237 - INFO - Prepared sim number: 66: RAYPy_Simulation_bessy3_FLUX/round_0/66_bessy3_FLUX.rml
2024-07-01 10:37:52,238 - INFO - Prepared sim number: 67: RAYPy_Simulation_bessy3_FLUX/round_0/67_bessy3_FLUX.rml
2024-07-01 10:37:52,238 - INFO - Prepared sim number: 68: RAYPy_Simulation_bessy3_FLUX/round_0/68_bessy3_FLUX.rml
2024-07-01 10:37:52,239 - INFO - Prepared sim number: 69: RAYPy_Simulation_bessy3_FLUX/round_0/69_bessy3_FLUX.rml
2024-07-01 10:37:52,240 - INFO - Prepared sim number: 70: RAYPy_Simulation_bessy3_FLUX/round_0/70_bessy3_FLUX.rml
2024-07-01 10:37:52,241 - INFO - Prepared sim number: 71: RAYPy_Simulation_bessy3_FLUX/round_0/71_bessy3_FLUX.rml
2024-07-01 10:37:52,242 - INFO - Prepared sim number: 72: RAYPy_Simulation_bessy3_FLUX/round_0/72_bessy3_FLUX.rml
2024-07-01 10:37:52,242 - INFO - Prepared sim number: 73: RAYPy_Simulation_bessy3_FLUX/round_0/73_bessy3_FLUX.rml
2024-07-01 10:37:52,243 - INFO - Prepared sim number: 74: RAYPy_Simulation_bessy3_FLUX/round_0/74_bessy3_FLUX.rml
2024-07-01 10:37:52,244 - INFO - Prepared sim number: 75: RAYPy_Simulation_bessy3_FLUX/round_0/75_bessy3_FLUX.rml
2024-07-01 10:37:52,245 - INFO - Prepared sim number: 76: RAYPy_Simulation_bessy3_FLUX/round_0/76_bessy3_FLUX.rml
2024-07-01 10:37:52,245 - INFO - Prepared sim number: 77: RAYPy_Simulation_bessy3_FLUX/round_0/77_bessy3_FLUX.rml
2024-07-01 10:37:52,245 - INFO - Start round 1
2024-07-01 10:37:52,246 - INFO - Prepared sim number: 0: RAYPy_Simulation_bessy3_FLUX/round_1/0_bessy3_FLUX.rml
2024-07-01 10:37:52,247 - INFO - Prepared sim number: 1: RAYPy_Simulation_bessy3_FLUX/round_1/1_bessy3_FLUX.rml
2024-07-01 10:37:52,247 - INFO - Prepared sim number: 2: RAYPy_Simulation_bessy3_FLUX/round_1/2_bessy3_FLUX.rml
2024-07-01 10:37:52,248 - INFO - Prepared sim number: 3: RAYPy_Simulation_bessy3_FLUX/round_1/3_bessy3_FLUX.rml
2024-07-01 10:37:52,249 - INFO - Prepared sim number: 4: RAYPy_Simulation_bessy3_FLUX/round_1/4_bessy3_FLUX.rml
2024-07-01 10:37:52,249 - INFO - Prepared sim number: 5: RAYPy_Simulation_bessy3_FLUX/round_1/5_bessy3_FLUX.rml
2024-07-01 10:37:52,250 - INFO - Prepared sim number: 6: RAYPy_Simulation_bessy3_FLUX/round_1/6_bessy3_FLUX.rml
2024-07-01 10:37:52,251 - INFO - Prepared sim number: 7: RAYPy_Simulation_bessy3_FLUX/round_1/7_bessy3_FLUX.rml
2024-07-01 10:37:52,252 - INFO - Prepared sim number: 8: RAYPy_Simulation_bessy3_FLUX/round_1/8_bessy3_FLUX.rml
2024-07-01 10:37:52,252 - INFO - Prepared sim number: 9: RAYPy_Simulation_bessy3_FLUX/round_1/9_bessy3_FLUX.rml
2024-07-01 10:37:52,253 - INFO - Prepared sim number: 10: RAYPy_Simulation_bessy3_FLUX/round_1/10_bessy3_FLUX.rml
2024-07-01 10:37:52,254 - INFO - Prepared sim number: 11: RAYPy_Simulation_bessy3_FLUX/round_1/11_bessy3_FLUX.rml
2024-07-01 10:37:52,254 - INFO - Prepared sim number: 12: RAYPy_Simulation_bessy3_FLUX/round_1/12_bessy3_FLUX.rml
2024-07-01 10:37:52,255 - INFO - Prepared sim number: 13: RAYPy_Simulation_bessy3_FLUX/round_1/13_bessy3_FLUX.rml
2024-07-01 10:37:52,256 - INFO - Prepared sim number: 14: RAYPy_Simulation_bessy3_FLUX/round_1/14_bessy3_FLUX.rml
2024-07-01 10:37:52,257 - INFO - Prepared sim number: 15: RAYPy_Simulation_bessy3_FLUX/round_1/15_bessy3_FLUX.rml
2024-07-01 10:37:52,257 - INFO - Prepared sim number: 16: RAYPy_Simulation_bessy3_FLUX/round_1/16_bessy3_FLUX.rml
2024-07-01 10:37:52,258 - INFO - Prepared sim number: 17: RAYPy_Simulation_bessy3_FLUX/round_1/17_bessy3_FLUX.rml
2024-07-01 10:37:52,259 - INFO - Prepared sim number: 18: RAYPy_Simulation_bessy3_FLUX/round_1/18_bessy3_FLUX.rml
2024-07-01 10:37:52,259 - INFO - Prepared sim number: 19: RAYPy_Simulation_bessy3_FLUX/round_1/19_bessy3_FLUX.rml
2024-07-01 10:37:52,260 - INFO - Prepared sim number: 20: RAYPy_Simulation_bessy3_FLUX/round_1/20_bessy3_FLUX.rml
2024-07-01 10:37:52,261 - INFO - Prepared sim number: 21: RAYPy_Simulation_bessy3_FLUX/round_1/21_bessy3_FLUX.rml
2024-07-01 10:37:52,261 - INFO - Prepared sim number: 22: RAYPy_Simulation_bessy3_FLUX/round_1/22_bessy3_FLUX.rml
2024-07-01 10:37:52,262 - INFO - Prepared sim number: 23: RAYPy_Simulation_bessy3_FLUX/round_1/23_bessy3_FLUX.rml
2024-07-01 10:37:52,263 - INFO - Prepared sim number: 24: RAYPy_Simulation_bessy3_FLUX/round_1/24_bessy3_FLUX.rml
2024-07-01 10:37:52,264 - INFO - Prepared sim number: 25: RAYPy_Simulation_bessy3_FLUX/round_1/25_bessy3_FLUX.rml
2024-07-01 10:37:52,264 - INFO - Prepared sim number: 26: RAYPy_Simulation_bessy3_FLUX/round_1/26_bessy3_FLUX.rml
2024-07-01 10:37:52,265 - INFO - Prepared sim number: 27: RAYPy_Simulation_bessy3_FLUX/round_1/27_bessy3_FLUX.rml
2024-07-01 10:37:52,266 - INFO - Prepared sim number: 28: RAYPy_Simulation_bessy3_FLUX/round_1/28_bessy3_FLUX.rml
2024-07-01 10:37:52,266 - INFO - Prepared sim number: 29: RAYPy_Simulation_bessy3_FLUX/round_1/29_bessy3_FLUX.rml
2024-07-01 10:37:52,267 - INFO - Prepared sim number: 30: RAYPy_Simulation_bessy3_FLUX/round_1/30_bessy3_FLUX.rml
2024-07-01 10:37:52,268 - INFO - Prepared sim number: 31: RAYPy_Simulation_bessy3_FLUX/round_1/31_bessy3_FLUX.rml
2024-07-01 10:37:52,268 - INFO - Prepared sim number: 32: RAYPy_Simulation_bessy3_FLUX/round_1/32_bessy3_FLUX.rml
2024-07-01 10:37:52,269 - INFO - Prepared sim number: 33: RAYPy_Simulation_bessy3_FLUX/round_1/33_bessy3_FLUX.rml
2024-07-01 10:37:52,270 - INFO - Prepared sim number: 34: RAYPy_Simulation_bessy3_FLUX/round_1/34_bessy3_FLUX.rml
2024-07-01 10:37:52,270 - INFO - Prepared sim number: 35: RAYPy_Simulation_bessy3_FLUX/round_1/35_bessy3_FLUX.rml
2024-07-01 10:37:52,271 - INFO - Prepared sim number: 36: RAYPy_Simulation_bessy3_FLUX/round_1/36_bessy3_FLUX.rml
2024-07-01 10:37:52,272 - INFO - Prepared sim number: 37: RAYPy_Simulation_bessy3_FLUX/round_1/37_bessy3_FLUX.rml
2024-07-01 10:37:52,273 - INFO - Prepared sim number: 38: RAYPy_Simulation_bessy3_FLUX/round_1/38_bessy3_FLUX.rml
2024-07-01 10:37:52,273 - INFO - Prepared sim number: 39: RAYPy_Simulation_bessy3_FLUX/round_1/39_bessy3_FLUX.rml
2024-07-01 10:37:52,274 - INFO - Prepared sim number: 40: RAYPy_Simulation_bessy3_FLUX/round_1/40_bessy3_FLUX.rml
2024-07-01 10:37:52,275 - INFO - Prepared sim number: 41: RAYPy_Simulation_bessy3_FLUX/round_1/41_bessy3_FLUX.rml
2024-07-01 10:37:52,275 - INFO - Prepared sim number: 42: RAYPy_Simulation_bessy3_FLUX/round_1/42_bessy3_FLUX.rml
2024-07-01 10:37:52,276 - INFO - Prepared sim number: 43: RAYPy_Simulation_bessy3_FLUX/round_1/43_bessy3_FLUX.rml
2024-07-01 10:37:52,277 - INFO - Prepared sim number: 44: RAYPy_Simulation_bessy3_FLUX/round_1/44_bessy3_FLUX.rml
2024-07-01 10:37:52,277 - INFO - Prepared sim number: 45: RAYPy_Simulation_bessy3_FLUX/round_1/45_bessy3_FLUX.rml
2024-07-01 10:37:52,278 - INFO - Prepared sim number: 46: RAYPy_Simulation_bessy3_FLUX/round_1/46_bessy3_FLUX.rml
2024-07-01 10:37:52,279 - INFO - Prepared sim number: 47: RAYPy_Simulation_bessy3_FLUX/round_1/47_bessy3_FLUX.rml
2024-07-01 10:37:52,280 - INFO - Prepared sim number: 48: RAYPy_Simulation_bessy3_FLUX/round_1/48_bessy3_FLUX.rml
2024-07-01 10:37:52,280 - INFO - Prepared sim number: 49: RAYPy_Simulation_bessy3_FLUX/round_1/49_bessy3_FLUX.rml
2024-07-01 10:37:52,281 - INFO - Prepared sim number: 50: RAYPy_Simulation_bessy3_FLUX/round_1/50_bessy3_FLUX.rml
2024-07-01 10:37:52,282 - INFO - Prepared sim number: 51: RAYPy_Simulation_bessy3_FLUX/round_1/51_bessy3_FLUX.rml
2024-07-01 10:37:52,282 - INFO - Prepared sim number: 52: RAYPy_Simulation_bessy3_FLUX/round_1/52_bessy3_FLUX.rml
2024-07-01 10:37:52,283 - INFO - Prepared sim number: 53: RAYPy_Simulation_bessy3_FLUX/round_1/53_bessy3_FLUX.rml
2024-07-01 10:37:52,284 - INFO - Prepared sim number: 54: RAYPy_Simulation_bessy3_FLUX/round_1/54_bessy3_FLUX.rml
2024-07-01 10:37:52,285 - INFO - Prepared sim number: 55: RAYPy_Simulation_bessy3_FLUX/round_1/55_bessy3_FLUX.rml
2024-07-01 10:37:52,285 - INFO - Prepared sim number: 56: RAYPy_Simulation_bessy3_FLUX/round_1/56_bessy3_FLUX.rml
2024-07-01 10:37:52,286 - INFO - Prepared sim number: 57: RAYPy_Simulation_bessy3_FLUX/round_1/57_bessy3_FLUX.rml
2024-07-01 10:37:52,287 - INFO - Prepared sim number: 58: RAYPy_Simulation_bessy3_FLUX/round_1/58_bessy3_FLUX.rml
2024-07-01 10:37:52,287 - INFO - Prepared sim number: 59: RAYPy_Simulation_bessy3_FLUX/round_1/59_bessy3_FLUX.rml
2024-07-01 10:37:52,288 - INFO - Prepared sim number: 60: RAYPy_Simulation_bessy3_FLUX/round_1/60_bessy3_FLUX.rml
2024-07-01 10:37:52,289 - INFO - Prepared sim number: 61: RAYPy_Simulation_bessy3_FLUX/round_1/61_bessy3_FLUX.rml
2024-07-01 10:37:52,290 - INFO - Prepared sim number: 62: RAYPy_Simulation_bessy3_FLUX/round_1/62_bessy3_FLUX.rml
2024-07-01 10:37:52,290 - INFO - Prepared sim number: 63: RAYPy_Simulation_bessy3_FLUX/round_1/63_bessy3_FLUX.rml
2024-07-01 10:37:52,291 - INFO - Prepared sim number: 64: RAYPy_Simulation_bessy3_FLUX/round_1/64_bessy3_FLUX.rml
2024-07-01 10:37:52,292 - INFO - Prepared sim number: 65: RAYPy_Simulation_bessy3_FLUX/round_1/65_bessy3_FLUX.rml
2024-07-01 10:37:52,292 - INFO - Prepared sim number: 66: RAYPy_Simulation_bessy3_FLUX/round_1/66_bessy3_FLUX.rml
2024-07-01 10:37:52,293 - INFO - Prepared sim number: 67: RAYPy_Simulation_bessy3_FLUX/round_1/67_bessy3_FLUX.rml
2024-07-01 10:37:52,294 - INFO - Prepared sim number: 68: RAYPy_Simulation_bessy3_FLUX/round_1/68_bessy3_FLUX.rml
2024-07-01 10:37:52,294 - INFO - Prepared sim number: 69: RAYPy_Simulation_bessy3_FLUX/round_1/69_bessy3_FLUX.rml
2024-07-01 10:37:52,295 - INFO - Prepared sim number: 70: RAYPy_Simulation_bessy3_FLUX/round_1/70_bessy3_FLUX.rml
2024-07-01 10:37:52,296 - INFO - Prepared sim number: 71: RAYPy_Simulation_bessy3_FLUX/round_1/71_bessy3_FLUX.rml
2024-07-01 10:37:52,323 - INFO - Waiting for batch number: 0, timeout: 60s
2024-07-01 10:37:54,835 - INFO - Completed: 1, remaining: 149, RAYPy_Simulation_bessy3_FLUX/round_0/2_bessy3_FLUX.rml
2024-07-01 10:37:54,856 - INFO - Completed: 2, remaining: 148, RAYPy_Simulation_bessy3_FLUX/round_0/23_bessy3_FLUX.rml
2024-07-01 10:37:54,862 - INFO - Completed: 3, remaining: 147, RAYPy_Simulation_bessy3_FLUX/round_0/25_bessy3_FLUX.rml
2024-07-01 10:37:54,879 - INFO - Completed: 4, remaining: 146, RAYPy_Simulation_bessy3_FLUX/round_0/28_bessy3_FLUX.rml
2024-07-01 10:37:54,883 - INFO - Completed: 5, remaining: 145, RAYPy_Simulation_bessy3_FLUX/round_0/1_bessy3_FLUX.rml
2024-07-01 10:37:54,916 - INFO - Completed: 6, remaining: 144, RAYPy_Simulation_bessy3_FLUX/round_0/20_bessy3_FLUX.rml
2024-07-01 10:37:54,956 - INFO - Completed: 7, remaining: 143, RAYPy_Simulation_bessy3_FLUX/round_0/21_bessy3_FLUX.rml
2024-07-01 10:37:55,258 - INFO - Completed: 8, remaining: 142, RAYPy_Simulation_bessy3_FLUX/round_0/26_bessy3_FLUX.rml
2024-07-01 10:37:55,996 - INFO - Completed: 9, remaining: 141, RAYPy_Simulation_bessy3_FLUX/round_0/15_bessy3_FLUX.rml
2024-07-01 10:37:56,860 - INFO - Completed: 10, remaining: 140, RAYPy_Simulation_bessy3_FLUX/round_0/16_bessy3_FLUX.rml
2024-07-01 10:37:57,279 - INFO - Completed: 11, remaining: 139, RAYPy_Simulation_bessy3_FLUX/round_0/8_bessy3_FLUX.rml
2024-07-01 10:37:57,348 - INFO - Completed: 12, remaining: 138, RAYPy_Simulation_bessy3_FLUX/round_0/27_bessy3_FLUX.rml
2024-07-01 10:37:57,364 - INFO - Completed: 13, remaining: 137, RAYPy_Simulation_bessy3_FLUX/round_0/34_bessy3_FLUX.rml
2024-07-01 10:37:57,506 - INFO - Completed: 14, remaining: 136, RAYPy_Simulation_bessy3_FLUX/round_0/9_bessy3_FLUX.rml
2024-07-01 10:37:57,575 - INFO - Completed: 15, remaining: 135, RAYPy_Simulation_bessy3_FLUX/round_0/24_bessy3_FLUX.rml
2024-07-01 10:37:57,631 - INFO - Completed: 16, remaining: 134, RAYPy_Simulation_bessy3_FLUX/round_0/32_bessy3_FLUX.rml
2024-07-01 10:37:57,736 - INFO - Completed: 17, remaining: 133, RAYPy_Simulation_bessy3_FLUX/round_0/30_bessy3_FLUX.rml
2024-07-01 10:37:58,170 - INFO - Completed: 18, remaining: 132, RAYPy_Simulation_bessy3_FLUX/round_0/35_bessy3_FLUX.rml
2024-07-01 10:37:58,605 - INFO - Completed: 19, remaining: 131, RAYPy_Simulation_bessy3_FLUX/round_0/33_bessy3_FLUX.rml
2024-07-01 10:37:58,642 - INFO - Completed: 20, remaining: 130, RAYPy_Simulation_bessy3_FLUX/round_0/36_bessy3_FLUX.rml
2024-07-01 10:37:58,811 - INFO - Completed: 21, remaining: 129, RAYPy_Simulation_bessy3_FLUX/round_0/38_bessy3_FLUX.rml
2024-07-01 10:37:58,816 - INFO - Completed: 22, remaining: 128, RAYPy_Simulation_bessy3_FLUX/round_0/37_bessy3_FLUX.rml
2024-07-01 10:37:59,388 - INFO - Completed: 23, remaining: 127, RAYPy_Simulation_bessy3_FLUX/round_0/31_bessy3_FLUX.rml
2024-07-01 10:37:59,750 - INFO - Completed: 24, remaining: 126, RAYPy_Simulation_bessy3_FLUX/round_0/3_bessy3_FLUX.rml
2024-07-01 10:38:00,078 - INFO - Completed: 25, remaining: 125, RAYPy_Simulation_bessy3_FLUX/round_0/41_bessy3_FLUX.rml
2024-07-01 10:38:00,590 - INFO - Completed: 26, remaining: 124, RAYPy_Simulation_bessy3_FLUX/round_0/4_bessy3_FLUX.rml
2024-07-01 10:38:00,634 - INFO - Completed: 27, remaining: 123, RAYPy_Simulation_bessy3_FLUX/round_0/13_bessy3_FLUX.rml
2024-07-01 10:38:00,692 - INFO - Completed: 28, remaining: 122, RAYPy_Simulation_bessy3_FLUX/round_0/44_bessy3_FLUX.rml
2024-07-01 10:38:00,879 - INFO - Completed: 29, remaining: 121, RAYPy_Simulation_bessy3_FLUX/round_0/10_bessy3_FLUX.rml
2024-07-01 10:38:00,889 - INFO - Completed: 30, remaining: 120, RAYPy_Simulation_bessy3_FLUX/round_0/5_bessy3_FLUX.rml
2024-07-01 10:38:01,028 - INFO - Completed: 31, remaining: 119, RAYPy_Simulation_bessy3_FLUX/round_0/47_bessy3_FLUX.rml
2024-07-01 10:38:01,139 - INFO - Completed: 32, remaining: 118, RAYPy_Simulation_bessy3_FLUX/round_0/45_bessy3_FLUX.rml
2024-07-01 10:38:01,153 - INFO - Completed: 33, remaining: 117, RAYPy_Simulation_bessy3_FLUX/round_0/39_bessy3_FLUX.rml
2024-07-01 10:38:01,310 - INFO - Completed: 34, remaining: 116, RAYPy_Simulation_bessy3_FLUX/round_0/0_bessy3_FLUX.rml
2024-07-01 10:38:01,341 - INFO - Completed: 35, remaining: 115, RAYPy_Simulation_bessy3_FLUX/round_0/46_bessy3_FLUX.rml
2024-07-01 10:38:01,372 - INFO - Completed: 36, remaining: 114, RAYPy_Simulation_bessy3_FLUX/round_0/43_bessy3_FLUX.rml
2024-07-01 10:38:01,430 - INFO - Completed: 37, remaining: 113, RAYPy_Simulation_bessy3_FLUX/round_0/18_bessy3_FLUX.rml
2024-07-01 10:38:01,742 - INFO - Completed: 38, remaining: 112, RAYPy_Simulation_bessy3_FLUX/round_0/42_bessy3_FLUX.rml
2024-07-01 10:38:01,808 - INFO - Completed: 39, remaining: 111, RAYPy_Simulation_bessy3_FLUX/round_0/49_bessy3_FLUX.rml
2024-07-01 10:38:01,921 - INFO - Completed: 40, remaining: 110, RAYPy_Simulation_bessy3_FLUX/round_0/40_bessy3_FLUX.rml
2024-07-01 10:38:02,160 - INFO - Completed: 41, remaining: 109, RAYPy_Simulation_bessy3_FLUX/round_0/22_bessy3_FLUX.rml
2024-07-01 10:38:02,301 - INFO - Completed: 42, remaining: 108, RAYPy_Simulation_bessy3_FLUX/round_0/50_bessy3_FLUX.rml
2024-07-01 10:38:03,177 - INFO - Completed: 43, remaining: 107, RAYPy_Simulation_bessy3_FLUX/round_0/29_bessy3_FLUX.rml
2024-07-01 10:38:03,439 - INFO - Completed: 44, remaining: 106, RAYPy_Simulation_bessy3_FLUX/round_0/12_bessy3_FLUX.rml
2024-07-01 10:38:03,480 - INFO - Completed: 45, remaining: 105, RAYPy_Simulation_bessy3_FLUX/round_0/48_bessy3_FLUX.rml
2024-07-01 10:38:03,580 - INFO - Completed: 46, remaining: 104, RAYPy_Simulation_bessy3_FLUX/round_0/51_bessy3_FLUX.rml
2024-07-01 10:38:03,853 - INFO - Completed: 47, remaining: 103, RAYPy_Simulation_bessy3_FLUX/round_0/6_bessy3_FLUX.rml
2024-07-01 10:38:03,929 - INFO - Completed: 48, remaining: 102, RAYPy_Simulation_bessy3_FLUX/round_0/52_bessy3_FLUX.rml
2024-07-01 10:38:04,124 - INFO - Completed: 49, remaining: 101, RAYPy_Simulation_bessy3_FLUX/round_0/55_bessy3_FLUX.rml
2024-07-01 10:38:04,443 - INFO - Completed: 50, remaining: 100, RAYPy_Simulation_bessy3_FLUX/round_0/14_bessy3_FLUX.rml
2024-07-01 10:38:04,544 - INFO - Completed: 51, remaining: 99, RAYPy_Simulation_bessy3_FLUX/round_0/53_bessy3_FLUX.rml
2024-07-01 10:38:04,571 - INFO - Completed: 52, remaining: 98, RAYPy_Simulation_bessy3_FLUX/round_0/59_bessy3_FLUX.rml
2024-07-01 10:38:04,683 - INFO - Completed: 53, remaining: 97, RAYPy_Simulation_bessy3_FLUX/round_0/57_bessy3_FLUX.rml
2024-07-01 10:38:04,845 - INFO - Completed: 54, remaining: 96, RAYPy_Simulation_bessy3_FLUX/round_0/65_bessy3_FLUX.rml
2024-07-01 10:38:05,067 - INFO - Completed: 55, remaining: 95, RAYPy_Simulation_bessy3_FLUX/round_0/63_bessy3_FLUX.rml
2024-07-01 10:38:05,117 - INFO - Completed: 56, remaining: 94, RAYPy_Simulation_bessy3_FLUX/round_0/54_bessy3_FLUX.rml
2024-07-01 10:38:05,554 - INFO - Completed: 57, remaining: 93, RAYPy_Simulation_bessy3_FLUX/round_0/56_bessy3_FLUX.rml
2024-07-01 10:38:05,556 - INFO - Completed: 58, remaining: 92, RAYPy_Simulation_bessy3_FLUX/round_0/61_bessy3_FLUX.rml
2024-07-01 10:38:05,663 - INFO - Completed: 59, remaining: 91, RAYPy_Simulation_bessy3_FLUX/round_0/67_bessy3_FLUX.rml
2024-07-01 10:38:05,869 - INFO - Completed: 60, remaining: 90, RAYPy_Simulation_bessy3_FLUX/round_0/58_bessy3_FLUX.rml
2024-07-01 10:38:06,089 - INFO - Completed: 61, remaining: 89, RAYPy_Simulation_bessy3_FLUX/round_0/62_bessy3_FLUX.rml
2024-07-01 10:38:06,144 - INFO - Completed: 62, remaining: 88, RAYPy_Simulation_bessy3_FLUX/round_0/70_bessy3_FLUX.rml
2024-07-01 10:38:06,288 - INFO - Completed: 63, remaining: 87, RAYPy_Simulation_bessy3_FLUX/round_0/66_bessy3_FLUX.rml
2024-07-01 10:38:06,292 - INFO - Completed: 64, remaining: 86, RAYPy_Simulation_bessy3_FLUX/round_0/17_bessy3_FLUX.rml
2024-07-01 10:38:06,471 - INFO - Completed: 65, remaining: 85, RAYPy_Simulation_bessy3_FLUX/round_0/60_bessy3_FLUX.rml
2024-07-01 10:38:06,541 - INFO - Completed: 66, remaining: 84, RAYPy_Simulation_bessy3_FLUX/round_0/68_bessy3_FLUX.rml
2024-07-01 10:38:06,738 - INFO - Completed: 67, remaining: 83, RAYPy_Simulation_bessy3_FLUX/round_0/69_bessy3_FLUX.rml
2024-07-01 10:38:06,930 - INFO - Completed: 68, remaining: 82, RAYPy_Simulation_bessy3_FLUX/round_0/71_bessy3_FLUX.rml
2024-07-01 10:38:06,953 - INFO - Completed: 69, remaining: 81, RAYPy_Simulation_bessy3_FLUX/round_0/76_bessy3_FLUX.rml
2024-07-01 10:38:07,101 - INFO - Completed: 70, remaining: 80, RAYPy_Simulation_bessy3_FLUX/round_0/72_bessy3_FLUX.rml
2024-07-01 10:38:07,216 - INFO - Completed: 71, remaining: 79, RAYPy_Simulation_bessy3_FLUX/round_0/75_bessy3_FLUX.rml
2024-07-01 10:38:07,338 - INFO - Completed: 72, remaining: 78, RAYPy_Simulation_bessy3_FLUX/round_0/11_bessy3_FLUX.rml
2024-07-01 10:38:07,384 - INFO - Completed: 73, remaining: 77, RAYPy_Simulation_bessy3_FLUX/round_0/77_bessy3_FLUX.rml
2024-07-01 10:38:07,409 - INFO - Completed: 74, remaining: 76, RAYPy_Simulation_bessy3_FLUX/round_0/64_bessy3_FLUX.rml
2024-07-01 10:38:07,597 - INFO - Completed: 75, remaining: 75, RAYPy_Simulation_bessy3_FLUX/round_1/2_bessy3_FLUX.rml
2024-07-01 10:38:07,960 - INFO - Completed: 76, remaining: 74, RAYPy_Simulation_bessy3_FLUX/round_0/74_bessy3_FLUX.rml
2024-07-01 10:38:08,141 - INFO - Completed: 77, remaining: 73, RAYPy_Simulation_bessy3_FLUX/round_1/0_bessy3_FLUX.rml
2024-07-01 10:38:08,427 - INFO - Completed: 78, remaining: 72, RAYPy_Simulation_bessy3_FLUX/round_1/6_bessy3_FLUX.rml
2024-07-01 10:38:08,484 - INFO - Completed: 79, remaining: 71, RAYPy_Simulation_bessy3_FLUX/round_1/1_bessy3_FLUX.rml
2024-07-01 10:38:08,915 - INFO - Completed: 80, remaining: 70, RAYPy_Simulation_bessy3_FLUX/round_1/5_bessy3_FLUX.rml
2024-07-01 10:38:09,130 - INFO - Completed: 81, remaining: 69, RAYPy_Simulation_bessy3_FLUX/round_1/3_bessy3_FLUX.rml
2024-07-01 10:38:09,189 - INFO - Completed: 82, remaining: 68, RAYPy_Simulation_bessy3_FLUX/round_0/73_bessy3_FLUX.rml
2024-07-01 10:38:09,734 - INFO - Completed: 83, remaining: 67, RAYPy_Simulation_bessy3_FLUX/round_1/13_bessy3_FLUX.rml
2024-07-01 10:38:09,893 - INFO - Completed: 84, remaining: 66, RAYPy_Simulation_bessy3_FLUX/round_1/4_bessy3_FLUX.rml
2024-07-01 10:38:10,050 - INFO - Completed: 85, remaining: 65, RAYPy_Simulation_bessy3_FLUX/round_1/7_bessy3_FLUX.rml
2024-07-01 10:38:10,216 - INFO - Completed: 86, remaining: 64, RAYPy_Simulation_bessy3_FLUX/round_1/19_bessy3_FLUX.rml
2024-07-01 10:38:10,218 - INFO - Completed: 87, remaining: 63, RAYPy_Simulation_bessy3_FLUX/round_1/14_bessy3_FLUX.rml
2024-07-01 10:38:10,524 - INFO - Completed: 88, remaining: 62, RAYPy_Simulation_bessy3_FLUX/round_1/16_bessy3_FLUX.rml
2024-07-01 10:38:10,524 - INFO - Completed: 89, remaining: 61, RAYPy_Simulation_bessy3_FLUX/round_1/15_bessy3_FLUX.rml
2024-07-01 10:38:10,592 - INFO - Completed: 90, remaining: 60, RAYPy_Simulation_bessy3_FLUX/round_1/8_bessy3_FLUX.rml
2024-07-01 10:38:10,622 - INFO - Completed: 91, remaining: 59, RAYPy_Simulation_bessy3_FLUX/round_1/11_bessy3_FLUX.rml
2024-07-01 10:38:10,855 - INFO - Completed: 92, remaining: 58, RAYPy_Simulation_bessy3_FLUX/round_1/9_bessy3_FLUX.rml
2024-07-01 10:38:10,938 - INFO - Completed: 93, remaining: 57, RAYPy_Simulation_bessy3_FLUX/round_1/18_bessy3_FLUX.rml
2024-07-01 10:38:10,970 - INFO - Completed: 94, remaining: 56, RAYPy_Simulation_bessy3_FLUX/round_1/25_bessy3_FLUX.rml
2024-07-01 10:38:11,059 - INFO - Completed: 95, remaining: 55, RAYPy_Simulation_bessy3_FLUX/round_1/10_bessy3_FLUX.rml
2024-07-01 10:38:11,092 - INFO - Completed: 96, remaining: 54, RAYPy_Simulation_bessy3_FLUX/round_1/24_bessy3_FLUX.rml
2024-07-01 10:38:11,117 - INFO - Completed: 97, remaining: 53, RAYPy_Simulation_bessy3_FLUX/round_1/12_bessy3_FLUX.rml
2024-07-01 10:38:11,209 - INFO - Completed: 98, remaining: 52, RAYPy_Simulation_bessy3_FLUX/round_1/23_bessy3_FLUX.rml
2024-07-01 10:38:11,686 - INFO - Completed: 99, remaining: 51, RAYPy_Simulation_bessy3_FLUX/round_1/17_bessy3_FLUX.rml
2024-07-01 10:38:11,873 - INFO - Completed: 100, remaining: 50, RAYPy_Simulation_bessy3_FLUX/round_1/21_bessy3_FLUX.rml
2024-07-01 10:38:12,096 - INFO - Completed: 101, remaining: 49, RAYPy_Simulation_bessy3_FLUX/round_1/20_bessy3_FLUX.rml
2024-07-01 10:38:12,462 - INFO - Completed: 102, remaining: 48, RAYPy_Simulation_bessy3_FLUX/round_1/27_bessy3_FLUX.rml
2024-07-01 10:38:12,540 - INFO - Completed: 103, remaining: 47, RAYPy_Simulation_bessy3_FLUX/round_1/22_bessy3_FLUX.rml
2024-07-01 10:38:12,548 - INFO - Completed: 104, remaining: 46, RAYPy_Simulation_bessy3_FLUX/round_1/29_bessy3_FLUX.rml
2024-07-01 10:38:12,610 - INFO - Completed: 105, remaining: 45, RAYPy_Simulation_bessy3_FLUX/round_1/26_bessy3_FLUX.rml
2024-07-01 10:38:12,800 - INFO - Completed: 106, remaining: 44, RAYPy_Simulation_bessy3_FLUX/round_1/28_bessy3_FLUX.rml
2024-07-01 10:38:13,301 - INFO - Completed: 107, remaining: 43, RAYPy_Simulation_bessy3_FLUX/round_1/30_bessy3_FLUX.rml
2024-07-01 10:38:13,408 - INFO - Completed: 108, remaining: 42, RAYPy_Simulation_bessy3_FLUX/round_1/33_bessy3_FLUX.rml
2024-07-01 10:38:13,911 - INFO - Completed: 109, remaining: 41, RAYPy_Simulation_bessy3_FLUX/round_1/32_bessy3_FLUX.rml
2024-07-01 10:38:14,108 - INFO - Completed: 110, remaining: 40, RAYPy_Simulation_bessy3_FLUX/round_1/31_bessy3_FLUX.rml
2024-07-01 10:38:14,218 - INFO - Completed: 111, remaining: 39, RAYPy_Simulation_bessy3_FLUX/round_1/38_bessy3_FLUX.rml
2024-07-01 10:38:14,330 - INFO - Completed: 112, remaining: 38, RAYPy_Simulation_bessy3_FLUX/round_1/42_bessy3_FLUX.rml
2024-07-01 10:38:14,409 - INFO - Completed: 113, remaining: 37, RAYPy_Simulation_bessy3_FLUX/round_1/40_bessy3_FLUX.rml
2024-07-01 10:38:14,486 - INFO - Completed: 114, remaining: 36, RAYPy_Simulation_bessy3_FLUX/round_1/45_bessy3_FLUX.rml
2024-07-01 10:38:14,570 - INFO - Completed: 115, remaining: 35, RAYPy_Simulation_bessy3_FLUX/round_1/34_bessy3_FLUX.rml
2024-07-01 10:38:14,577 - INFO - Completed: 116, remaining: 34, RAYPy_Simulation_bessy3_FLUX/round_1/35_bessy3_FLUX.rml
2024-07-01 10:38:14,617 - INFO - Completed: 117, remaining: 33, RAYPy_Simulation_bessy3_FLUX/round_1/39_bessy3_FLUX.rml
2024-07-01 10:38:14,639 - INFO - Completed: 118, remaining: 32, RAYPy_Simulation_bessy3_FLUX/round_1/48_bessy3_FLUX.rml
2024-07-01 10:38:15,044 - INFO - Completed: 119, remaining: 31, RAYPy_Simulation_bessy3_FLUX/round_1/36_bessy3_FLUX.rml
2024-07-01 10:38:15,122 - INFO - Completed: 120, remaining: 30, RAYPy_Simulation_bessy3_FLUX/round_1/41_bessy3_FLUX.rml
2024-07-01 10:38:15,501 - INFO - Completed: 121, remaining: 29, RAYPy_Simulation_bessy3_FLUX/round_1/46_bessy3_FLUX.rml
2024-07-01 10:38:15,583 - INFO - Completed: 122, remaining: 28, RAYPy_Simulation_bessy3_FLUX/round_1/44_bessy3_FLUX.rml
2024-07-01 10:38:15,728 - INFO - Completed: 123, remaining: 27, RAYPy_Simulation_bessy3_FLUX/round_1/43_bessy3_FLUX.rml
2024-07-01 10:38:15,843 - INFO - Completed: 124, remaining: 26, RAYPy_Simulation_bessy3_FLUX/round_1/49_bessy3_FLUX.rml
2024-07-01 10:38:15,907 - INFO - Completed: 125, remaining: 25, RAYPy_Simulation_bessy3_FLUX/round_1/50_bessy3_FLUX.rml
2024-07-01 10:38:16,044 - INFO - Completed: 126, remaining: 24, RAYPy_Simulation_bessy3_FLUX/round_1/37_bessy3_FLUX.rml
2024-07-01 10:38:16,181 - INFO - Completed: 127, remaining: 23, RAYPy_Simulation_bessy3_FLUX/round_1/54_bessy3_FLUX.rml
2024-07-01 10:38:16,334 - INFO - Completed: 128, remaining: 22, RAYPy_Simulation_bessy3_FLUX/round_1/47_bessy3_FLUX.rml
2024-07-01 10:38:16,472 - INFO - Completed: 129, remaining: 21, RAYPy_Simulation_bessy3_FLUX/round_1/55_bessy3_FLUX.rml
2024-07-01 10:38:16,636 - INFO - Completed: 130, remaining: 20, RAYPy_Simulation_bessy3_FLUX/round_1/57_bessy3_FLUX.rml
2024-07-01 10:38:16,896 - INFO - Completed: 131, remaining: 19, RAYPy_Simulation_bessy3_FLUX/round_1/60_bessy3_FLUX.rml
2024-07-01 10:38:16,976 - INFO - Completed: 132, remaining: 18, RAYPy_Simulation_bessy3_FLUX/round_1/53_bessy3_FLUX.rml
2024-07-01 10:38:17,007 - INFO - Completed: 133, remaining: 17, RAYPy_Simulation_bessy3_FLUX/round_1/52_bessy3_FLUX.rml
2024-07-01 10:38:17,026 - INFO - Completed: 134, remaining: 16, RAYPy_Simulation_bessy3_FLUX/round_1/59_bessy3_FLUX.rml
2024-07-01 10:38:17,209 - INFO - Completed: 135, remaining: 15, RAYPy_Simulation_bessy3_FLUX/round_1/56_bessy3_FLUX.rml
2024-07-01 10:38:17,282 - INFO - Completed: 136, remaining: 14, RAYPy_Simulation_bessy3_FLUX/round_1/58_bessy3_FLUX.rml
2024-07-01 10:38:17,576 - INFO - Completed: 137, remaining: 13, RAYPy_Simulation_bessy3_FLUX/round_1/51_bessy3_FLUX.rml
2024-07-01 10:38:17,607 - INFO - Completed: 138, remaining: 12, RAYPy_Simulation_bessy3_FLUX/round_1/69_bessy3_FLUX.rml
2024-07-01 10:38:17,718 - INFO - Completed: 139, remaining: 11, RAYPy_Simulation_bessy3_FLUX/round_1/64_bessy3_FLUX.rml
2024-07-01 10:38:17,805 - INFO - Completed: 140, remaining: 10, RAYPy_Simulation_bessy3_FLUX/round_1/65_bessy3_FLUX.rml
2024-07-01 10:38:17,924 - INFO - Completed: 141, remaining: 9, RAYPy_Simulation_bessy3_FLUX/round_1/61_bessy3_FLUX.rml
2024-07-01 10:38:17,998 - INFO - Completed: 142, remaining: 8, RAYPy_Simulation_bessy3_FLUX/round_1/70_bessy3_FLUX.rml
2024-07-01 10:38:18,030 - INFO - Completed: 143, remaining: 7, RAYPy_Simulation_bessy3_FLUX/round_1/67_bessy3_FLUX.rml
2024-07-01 10:38:18,143 - INFO - Completed: 144, remaining: 6, RAYPy_Simulation_bessy3_FLUX/round_1/62_bessy3_FLUX.rml
2024-07-01 10:38:18,221 - INFO - Completed: 145, remaining: 5, RAYPy_Simulation_bessy3_FLUX/round_1/68_bessy3_FLUX.rml
2024-07-01 10:38:18,255 - INFO - Completed: 146, remaining: 4, RAYPy_Simulation_bessy3_FLUX/round_1/63_bessy3_FLUX.rml
2024-07-01 10:38:18,483 - INFO - Completed: 147, remaining: 3, RAYPy_Simulation_bessy3_FLUX/round_1/71_bessy3_FLUX.rml
2024-07-01 10:38:18,618 - INFO - Completed: 148, remaining: 2, RAYPy_Simulation_bessy3_FLUX/round_1/66_bessy3_FLUX.rml
2024-07-01 10:38:52,324 - INFO - Exception during simulation: 2 (of 150) futures unfinished
2024-07-01 10:38:57,329 - INFO - Waiting for file RAYPy_Simulation_bessy3_FLUX/round_0/0_bessy3_FLUX.rml
2024-07-01 10:39:02,335 - INFO - Waiting for file RAYPy_Simulation_bessy3_FLUX/round_0/0_bessy3_FLUX.rml
2024-07-01 10:39:07,340 - INFO - Waiting for file RAYPy_Simulation_bessy3_FLUX/round_0/0_bessy3_FLUX.rml
2024-07-01 10:39:12,345 - INFO - Waiting for file RAYPy_Simulation_bessy3_FLUX/round_0/0_bessy3_FLUX.rml
2024-07-01 10:39:17,350 - INFO - Waiting for file RAYPy_Simulation_bessy3_FLUX/round_0/0_bessy3_FLUX.rml
2024-07-01 10:39:22,356 - INFO - Waiting for file RAYPy_Simulation_bessy3_FLUX/round_0/0_bessy3_FLUX.rml
2024-07-01 10:39:27,361 - INFO - Waiting for file RAYPy_Simulation_bessy3_FLUX/round_0/0_bessy3_FLUX.rml
2024-07-01 10:39:32,366 - INFO - Waiting for file RAYPy_Simulation_bessy3_FLUX/round_0/0_bessy3_FLUX.rml
2024-07-01 10:39:37,371 - INFO - Waiting for file RAYPy_Simulation_bessy3_FLUX/round_0/0_bessy3_FLUX.rml
2024-07-01 10:39:42,377 - INFO - Waiting for file RAYPy_Simulation_bessy3_FLUX/round_0/0_bessy3_FLUX.rml
2024-07-01 10:39:47,382 - INFO - Waiting for file RAYPy_Simulation_bessy3_FLUX/round_0/0_bessy3_FLUX.rml
2024-07-01 10:39:52,387 - INFO - Waiting for file RAYPy_Simulation_bessy3_FLUX/round_0/0_bessy3_FLUX.rml
2024-07-01 10:39:59,176 - INFO - Simulation started, using 30 workers
2024-07-01 10:39:59,178 - INFO - Start round 0
2024-07-01 10:39:59,179 - INFO - Prepared sim number: 7: RAYPy_Simulation_bessy3_FLUX/round_0/7_bessy3_FLUX.rml
2024-07-01 10:39:59,181 - INFO - Prepared sim number: 19: RAYPy_Simulation_bessy3_FLUX/round_0/19_bessy3_FLUX.rml
2024-07-01 10:39:59,182 - INFO - Start round 1
2024-07-01 10:39:59,209 - INFO - Waiting for batch number: 0, timeout: 60s
2024-07-01 10:40:01,575 - INFO - Completed: 1, remaining: 149, RAYPy_Simulation_bessy3_FLUX/round_0/19_bessy3_FLUX.rml
2024-07-01 10:40:03,467 - INFO - Completed: 2, remaining: 148, RAYPy_Simulation_bessy3_FLUX/round_0/7_bessy3_FLUX.rml
2024-07-01 10:40:03,467 - INFO - Batch Completed
2024-07-01 10:40:03,467 - INFO - Waiting For batch, 150 simulations to go
2024-07-01 10:40:03,469 - INFO - Prepared sim number: 72: RAYPy_Simulation_bessy3_FLUX/round_1/72_bessy3_FLUX.rml
2024-07-01 10:40:03,470 - INFO - Prepared sim number: 73: RAYPy_Simulation_bessy3_FLUX/round_1/73_bessy3_FLUX.rml
2024-07-01 10:40:03,471 - INFO - Prepared sim number: 74: RAYPy_Simulation_bessy3_FLUX/round_1/74_bessy3_FLUX.rml
2024-07-01 10:40:03,472 - INFO - Prepared sim number: 75: RAYPy_Simulation_bessy3_FLUX/round_1/75_bessy3_FLUX.rml
2024-07-01 10:40:03,472 - INFO - Prepared sim number: 76: RAYPy_Simulation_bessy3_FLUX/round_1/76_bessy3_FLUX.rml
2024-07-01 10:40:03,473 - INFO - Prepared sim number: 77: RAYPy_Simulation_bessy3_FLUX/round_1/77_bessy3_FLUX.rml
2024-07-01 10:40:03,473 - INFO - Waiting for batch number: 1, timeout: 19.86085081100464s
2024-07-01 10:40:05,785 - INFO - Completed: 1, remaining: 149, RAYPy_Simulation_bessy3_FLUX/round_1/77_bessy3_FLUX.rml
2024-07-01 10:40:05,792 - INFO - Completed: 2, remaining: 148, RAYPy_Simulation_bessy3_FLUX/round_1/76_bessy3_FLUX.rml
2024-07-01 10:40:05,868 - INFO - Completed: 3, remaining: 147, RAYPy_Simulation_bessy3_FLUX/round_1/72_bessy3_FLUX.rml
2024-07-01 10:40:05,952 - INFO - Completed: 4, remaining: 146, RAYPy_Simulation_bessy3_FLUX/round_1/75_bessy3_FLUX.rml
2024-07-01 10:40:07,726 - INFO - Completed: 5, remaining: 145, RAYPy_Simulation_bessy3_FLUX/round_1/74_bessy3_FLUX.rml
2024-07-01 10:40:09,744 - INFO - Completed: 6, remaining: 144, RAYPy_Simulation_bessy3_FLUX/round_1/73_bessy3_FLUX.rml
2024-07-01 10:40:09,744 - INFO - Batch Completed
2024-07-01 10:40:09,744 - INFO - Waiting For batch, 150 simulations to go
2024-07-01 10:40:09,744 - INFO - Remaning Simulations 0, stop the simulations loop
2024-07-01 10:40:09,744 - INFO - Checking that all simulations are completed before stopping the ProcessPoolExecutor
2024-07-01 10:40:09,746 - INFO - Executor shutdown completed.
2024-07-01 10:40:09,746 - INFO - Simulation completed successfully.
2024-07-01 10:40:09,746 - INFO - Starting cleanup
2024-07-01 10:40:09,790 - INFO - Done with the cleanup
2024-07-01 10:40:09,790 - INFO - Brute force exit
