2024-12-17 09:46:33,385 - INFO - Simulation started, using 12 workers
2024-12-17 09:46:33,400 - INFO - Start round 0
2024-12-17 09:46:33,414 - INFO - Prepared sim number: 0: RAYPy_Simulation_bessy3_56m_PGM_2Perc_coupling_errors_on_RP/round_0/0_bessy3_56m_PGM_2Perc_coupling_errors_on_RP.rml
2024-12-17 09:46:33,437 - INFO - Prepared sim number: 1: RAYPy_Simulation_bessy3_56m_PGM_2Perc_coupling_errors_on_RP/round_0/1_bessy3_56m_PGM_2Perc_coupling_errors_on_RP.rml
2024-12-17 09:46:33,451 - INFO - Prepared sim number: 2: RAYPy_Simulation_bessy3_56m_PGM_2Perc_coupling_errors_on_RP/round_0/2_bessy3_56m_PGM_2Perc_coupling_errors_on_RP.rml
2024-12-17 09:46:33,467 - INFO - Prepared sim number: 3: RAYPy_Simulation_bessy3_56m_PGM_2Perc_coupling_errors_on_RP/round_0/3_bessy3_56m_PGM_2Perc_coupling_errors_on_RP.rml
2024-12-17 09:46:33,478 - INFO - Prepared sim number: 4: RAYPy_Simulation_bessy3_56m_PGM_2Perc_coupling_errors_on_RP/round_0/4_bessy3_56m_PGM_2Perc_coupling_errors_on_RP.rml
2024-12-17 09:46:33,488 - INFO - Prepared sim number: 5: RAYPy_Simulation_bessy3_56m_PGM_2Perc_coupling_errors_on_RP/round_0/5_bessy3_56m_PGM_2Perc_coupling_errors_on_RP.rml
2024-12-17 09:46:33,498 - INFO - Prepared sim number: 6: RAYPy_Simulation_bessy3_56m_PGM_2Perc_coupling_errors_on_RP/round_0/6_bessy3_56m_PGM_2Perc_coupling_errors_on_RP.rml
2024-12-17 09:46:33,508 - INFO - Prepared sim number: 7: RAYPy_Simulation_bessy3_56m_PGM_2Perc_coupling_errors_on_RP/round_0/7_bessy3_56m_PGM_2Perc_coupling_errors_on_RP.rml
2024-12-17 09:46:33,518 - INFO - Prepared sim number: 8: RAYPy_Simulation_bessy3_56m_PGM_2Perc_coupling_errors_on_RP/round_0/8_bessy3_56m_PGM_2Perc_coupling_errors_on_RP.rml
2024-12-17 09:46:33,528 - INFO - Prepared sim number: 9: RAYPy_Simulation_bessy3_56m_PGM_2Perc_coupling_errors_on_RP/round_0/9_bessy3_56m_PGM_2Perc_coupling_errors_on_RP.rml
2024-12-17 09:46:33,540 - INFO - Prepared sim number: 10: RAYPy_Simulation_bessy3_56m_PGM_2Perc_coupling_errors_on_RP/round_0/10_bessy3_56m_PGM_2Perc_coupling_errors_on_RP.rml
2024-12-17 09:46:33,552 - INFO - Prepared sim number: 11: RAYPy_Simulation_bessy3_56m_PGM_2Perc_coupling_errors_on_RP/round_0/11_bessy3_56m_PGM_2Perc_coupling_errors_on_RP.rml
2024-12-17 09:46:33,561 - INFO - Prepared sim number: 12: RAYPy_Simulation_bessy3_56m_PGM_2Perc_coupling_errors_on_RP/round_0/12_bessy3_56m_PGM_2Perc_coupling_errors_on_RP.rml
2024-12-17 09:46:33,571 - INFO - Prepared sim number: 13: RAYPy_Simulation_bessy3_56m_PGM_2Perc_coupling_errors_on_RP/round_0/13_bessy3_56m_PGM_2Perc_coupling_errors_on_RP.rml
2024-12-17 09:46:33,581 - INFO - Prepared sim number: 14: RAYPy_Simulation_bessy3_56m_PGM_2Perc_coupling_errors_on_RP/round_0/14_bessy3_56m_PGM_2Perc_coupling_errors_on_RP.rml
2024-12-17 09:46:33,590 - INFO - Prepared sim number: 15: RAYPy_Simulation_bessy3_56m_PGM_2Perc_coupling_errors_on_RP/round_0/15_bessy3_56m_PGM_2Perc_coupling_errors_on_RP.rml
2024-12-17 09:46:33,599 - INFO - Prepared sim number: 16: RAYPy_Simulation_bessy3_56m_PGM_2Perc_coupling_errors_on_RP/round_0/16_bessy3_56m_PGM_2Perc_coupling_errors_on_RP.rml
2024-12-17 09:46:33,609 - INFO - Prepared sim number: 17: RAYPy_Simulation_bessy3_56m_PGM_2Perc_coupling_errors_on_RP/round_0/17_bessy3_56m_PGM_2Perc_coupling_errors_on_RP.rml
2024-12-17 09:46:33,617 - INFO - Prepared sim number: 18: RAYPy_Simulation_bessy3_56m_PGM_2Perc_coupling_errors_on_RP/round_0/18_bessy3_56m_PGM_2Perc_coupling_errors_on_RP.rml
2024-12-17 09:46:33,626 - INFO - Prepared sim number: 19: RAYPy_Simulation_bessy3_56m_PGM_2Perc_coupling_errors_on_RP/round_0/19_bessy3_56m_PGM_2Perc_coupling_errors_on_RP.rml
2024-12-17 09:46:33,635 - INFO - Prepared sim number: 20: RAYPy_Simulation_bessy3_56m_PGM_2Perc_coupling_errors_on_RP/round_0/20_bessy3_56m_PGM_2Perc_coupling_errors_on_RP.rml
2024-12-17 09:46:33,644 - INFO - Prepared sim number: 21: RAYPy_Simulation_bessy3_56m_PGM_2Perc_coupling_errors_on_RP/round_0/21_bessy3_56m_PGM_2Perc_coupling_errors_on_RP.rml
2024-12-17 09:46:33,653 - INFO - Prepared sim number: 22: RAYPy_Simulation_bessy3_56m_PGM_2Perc_coupling_errors_on_RP/round_0/22_bessy3_56m_PGM_2Perc_coupling_errors_on_RP.rml
2024-12-17 09:46:33,662 - INFO - Prepared sim number: 23: RAYPy_Simulation_bessy3_56m_PGM_2Perc_coupling_errors_on_RP/round_0/23_bessy3_56m_PGM_2Perc_coupling_errors_on_RP.rml
2024-12-17 09:46:33,671 - INFO - Prepared sim number: 24: RAYPy_Simulation_bessy3_56m_PGM_2Perc_coupling_errors_on_RP/round_0/24_bessy3_56m_PGM_2Perc_coupling_errors_on_RP.rml
2024-12-17 09:46:33,681 - INFO - Prepared sim number: 25: RAYPy_Simulation_bessy3_56m_PGM_2Perc_coupling_errors_on_RP/round_0/25_bessy3_56m_PGM_2Perc_coupling_errors_on_RP.rml
2024-12-17 09:46:33,689 - INFO - Prepared sim number: 26: RAYPy_Simulation_bessy3_56m_PGM_2Perc_coupling_errors_on_RP/round_0/26_bessy3_56m_PGM_2Perc_coupling_errors_on_RP.rml
2024-12-17 09:46:33,698 - INFO - Prepared sim number: 27: RAYPy_Simulation_bessy3_56m_PGM_2Perc_coupling_errors_on_RP/round_0/27_bessy3_56m_PGM_2Perc_coupling_errors_on_RP.rml
2024-12-17 09:46:33,708 - INFO - Prepared sim number: 28: RAYPy_Simulation_bessy3_56m_PGM_2Perc_coupling_errors_on_RP/round_0/28_bessy3_56m_PGM_2Perc_coupling_errors_on_RP.rml
2024-12-17 09:46:33,717 - INFO - Prepared sim number: 29: RAYPy_Simulation_bessy3_56m_PGM_2Perc_coupling_errors_on_RP/round_0/29_bessy3_56m_PGM_2Perc_coupling_errors_on_RP.rml
2024-12-17 09:46:33,725 - INFO - Prepared sim number: 30: RAYPy_Simulation_bessy3_56m_PGM_2Perc_coupling_errors_on_RP/round_0/30_bessy3_56m_PGM_2Perc_coupling_errors_on_RP.rml
2024-12-17 09:46:33,734 - INFO - Prepared sim number: 31: RAYPy_Simulation_bessy3_56m_PGM_2Perc_coupling_errors_on_RP/round_0/31_bessy3_56m_PGM_2Perc_coupling_errors_on_RP.rml
2024-12-17 09:46:33,742 - INFO - Prepared sim number: 32: RAYPy_Simulation_bessy3_56m_PGM_2Perc_coupling_errors_on_RP/round_0/32_bessy3_56m_PGM_2Perc_coupling_errors_on_RP.rml
2024-12-17 09:46:33,751 - INFO - Prepared sim number: 33: RAYPy_Simulation_bessy3_56m_PGM_2Perc_coupling_errors_on_RP/round_0/33_bessy3_56m_PGM_2Perc_coupling_errors_on_RP.rml
2024-12-17 09:46:33,759 - INFO - Prepared sim number: 34: RAYPy_Simulation_bessy3_56m_PGM_2Perc_coupling_errors_on_RP/round_0/34_bessy3_56m_PGM_2Perc_coupling_errors_on_RP.rml
2024-12-17 09:46:33,768 - INFO - Prepared sim number: 35: RAYPy_Simulation_bessy3_56m_PGM_2Perc_coupling_errors_on_RP/round_0/35_bessy3_56m_PGM_2Perc_coupling_errors_on_RP.rml
2024-12-17 09:46:33,779 - INFO - Prepared sim number: 36: RAYPy_Simulation_bessy3_56m_PGM_2Perc_coupling_errors_on_RP/round_0/36_bessy3_56m_PGM_2Perc_coupling_errors_on_RP.rml
2024-12-17 09:46:33,788 - INFO - Prepared sim number: 37: RAYPy_Simulation_bessy3_56m_PGM_2Perc_coupling_errors_on_RP/round_0/37_bessy3_56m_PGM_2Perc_coupling_errors_on_RP.rml
2024-12-17 09:46:33,797 - INFO - Prepared sim number: 38: RAYPy_Simulation_bessy3_56m_PGM_2Perc_coupling_errors_on_RP/round_0/38_bessy3_56m_PGM_2Perc_coupling_errors_on_RP.rml
2024-12-17 09:46:33,805 - INFO - Prepared sim number: 39: RAYPy_Simulation_bessy3_56m_PGM_2Perc_coupling_errors_on_RP/round_0/39_bessy3_56m_PGM_2Perc_coupling_errors_on_RP.rml
2024-12-17 09:46:33,814 - INFO - Prepared sim number: 40: RAYPy_Simulation_bessy3_56m_PGM_2Perc_coupling_errors_on_RP/round_0/40_bessy3_56m_PGM_2Perc_coupling_errors_on_RP.rml
2024-12-17 09:46:33,823 - INFO - Prepared sim number: 41: RAYPy_Simulation_bessy3_56m_PGM_2Perc_coupling_errors_on_RP/round_0/41_bessy3_56m_PGM_2Perc_coupling_errors_on_RP.rml
2024-12-17 09:46:33,823 - INFO - Start round 1
2024-12-17 09:46:33,827 - INFO - Prepared sim number: 0: RAYPy_Simulation_bessy3_56m_PGM_2Perc_coupling_errors_on_RP/round_1/0_bessy3_56m_PGM_2Perc_coupling_errors_on_RP.rml
2024-12-17 09:46:33,831 - INFO - Prepared sim number: 1: RAYPy_Simulation_bessy3_56m_PGM_2Perc_coupling_errors_on_RP/round_1/1_bessy3_56m_PGM_2Perc_coupling_errors_on_RP.rml
2024-12-17 09:46:33,835 - INFO - Prepared sim number: 2: RAYPy_Simulation_bessy3_56m_PGM_2Perc_coupling_errors_on_RP/round_1/2_bessy3_56m_PGM_2Perc_coupling_errors_on_RP.rml
2024-12-17 09:46:33,840 - INFO - Prepared sim number: 3: RAYPy_Simulation_bessy3_56m_PGM_2Perc_coupling_errors_on_RP/round_1/3_bessy3_56m_PGM_2Perc_coupling_errors_on_RP.rml
2024-12-17 09:46:33,844 - INFO - Prepared sim number: 4: RAYPy_Simulation_bessy3_56m_PGM_2Perc_coupling_errors_on_RP/round_1/4_bessy3_56m_PGM_2Perc_coupling_errors_on_RP.rml
2024-12-17 09:46:33,848 - INFO - Prepared sim number: 5: RAYPy_Simulation_bessy3_56m_PGM_2Perc_coupling_errors_on_RP/round_1/5_bessy3_56m_PGM_2Perc_coupling_errors_on_RP.rml
2024-12-17 09:46:33,852 - INFO - Prepared sim number: 6: RAYPy_Simulation_bessy3_56m_PGM_2Perc_coupling_errors_on_RP/round_1/6_bessy3_56m_PGM_2Perc_coupling_errors_on_RP.rml
2024-12-17 09:46:33,855 - INFO - Prepared sim number: 7: RAYPy_Simulation_bessy3_56m_PGM_2Perc_coupling_errors_on_RP/round_1/7_bessy3_56m_PGM_2Perc_coupling_errors_on_RP.rml
2024-12-17 09:46:33,859 - INFO - Prepared sim number: 8: RAYPy_Simulation_bessy3_56m_PGM_2Perc_coupling_errors_on_RP/round_1/8_bessy3_56m_PGM_2Perc_coupling_errors_on_RP.rml
2024-12-17 09:46:33,864 - INFO - Prepared sim number: 9: RAYPy_Simulation_bessy3_56m_PGM_2Perc_coupling_errors_on_RP/round_1/9_bessy3_56m_PGM_2Perc_coupling_errors_on_RP.rml
2024-12-17 09:46:33,867 - INFO - Prepared sim number: 10: RAYPy_Simulation_bessy3_56m_PGM_2Perc_coupling_errors_on_RP/round_1/10_bessy3_56m_PGM_2Perc_coupling_errors_on_RP.rml
2024-12-17 09:46:33,871 - INFO - Prepared sim number: 11: RAYPy_Simulation_bessy3_56m_PGM_2Perc_coupling_errors_on_RP/round_1/11_bessy3_56m_PGM_2Perc_coupling_errors_on_RP.rml
2024-12-17 09:46:33,875 - INFO - Prepared sim number: 12: RAYPy_Simulation_bessy3_56m_PGM_2Perc_coupling_errors_on_RP/round_1/12_bessy3_56m_PGM_2Perc_coupling_errors_on_RP.rml
2024-12-17 09:46:33,879 - INFO - Prepared sim number: 13: RAYPy_Simulation_bessy3_56m_PGM_2Perc_coupling_errors_on_RP/round_1/13_bessy3_56m_PGM_2Perc_coupling_errors_on_RP.rml
2024-12-17 09:46:33,883 - INFO - Prepared sim number: 14: RAYPy_Simulation_bessy3_56m_PGM_2Perc_coupling_errors_on_RP/round_1/14_bessy3_56m_PGM_2Perc_coupling_errors_on_RP.rml
2024-12-17 09:46:33,887 - INFO - Prepared sim number: 15: RAYPy_Simulation_bessy3_56m_PGM_2Perc_coupling_errors_on_RP/round_1/15_bessy3_56m_PGM_2Perc_coupling_errors_on_RP.rml
2024-12-17 09:46:33,892 - INFO - Prepared sim number: 16: RAYPy_Simulation_bessy3_56m_PGM_2Perc_coupling_errors_on_RP/round_1/16_bessy3_56m_PGM_2Perc_coupling_errors_on_RP.rml
2024-12-17 09:46:33,895 - INFO - Prepared sim number: 17: RAYPy_Simulation_bessy3_56m_PGM_2Perc_coupling_errors_on_RP/round_1/17_bessy3_56m_PGM_2Perc_coupling_errors_on_RP.rml
2024-12-17 09:46:33,920 - INFO - Waiting for batch number: 0, timeout: 60s
2024-12-17 09:46:36,661 - INFO - Completed: 1, remaining: 59, RAYPy_Simulation_bessy3_56m_PGM_2Perc_coupling_errors_on_RP/round_0/3_bessy3_56m_PGM_2Perc_coupling_errors_on_RP.rml
2024-12-17 09:46:36,804 - INFO - Completed: 2, remaining: 58, RAYPy_Simulation_bessy3_56m_PGM_2Perc_coupling_errors_on_RP/round_0/1_bessy3_56m_PGM_2Perc_coupling_errors_on_RP.rml
2024-12-17 09:46:36,825 - INFO - Completed: 3, remaining: 57, RAYPy_Simulation_bessy3_56m_PGM_2Perc_coupling_errors_on_RP/round_0/2_bessy3_56m_PGM_2Perc_coupling_errors_on_RP.rml
2024-12-17 09:46:36,923 - INFO - Completed: 4, remaining: 56, RAYPy_Simulation_bessy3_56m_PGM_2Perc_coupling_errors_on_RP/round_0/5_bessy3_56m_PGM_2Perc_coupling_errors_on_RP.rml
2024-12-17 09:46:36,978 - INFO - Completed: 5, remaining: 55, RAYPy_Simulation_bessy3_56m_PGM_2Perc_coupling_errors_on_RP/round_0/8_bessy3_56m_PGM_2Perc_coupling_errors_on_RP.rml
2024-12-17 09:46:37,002 - INFO - Completed: 6, remaining: 54, RAYPy_Simulation_bessy3_56m_PGM_2Perc_coupling_errors_on_RP/round_0/10_bessy3_56m_PGM_2Perc_coupling_errors_on_RP.rml
2024-12-17 09:46:37,040 - INFO - Completed: 7, remaining: 53, RAYPy_Simulation_bessy3_56m_PGM_2Perc_coupling_errors_on_RP/round_0/7_bessy3_56m_PGM_2Perc_coupling_errors_on_RP.rml
2024-12-17 09:46:37,299 - INFO - Completed: 8, remaining: 52, RAYPy_Simulation_bessy3_56m_PGM_2Perc_coupling_errors_on_RP/round_0/9_bessy3_56m_PGM_2Perc_coupling_errors_on_RP.rml
2024-12-17 09:46:39,105 - INFO - Completed: 9, remaining: 51, RAYPy_Simulation_bessy3_56m_PGM_2Perc_coupling_errors_on_RP/round_0/0_bessy3_56m_PGM_2Perc_coupling_errors_on_RP.rml
2024-12-17 09:46:39,207 - INFO - Completed: 10, remaining: 50, RAYPy_Simulation_bessy3_56m_PGM_2Perc_coupling_errors_on_RP/round_0/6_bessy3_56m_PGM_2Perc_coupling_errors_on_RP.rml
2024-12-17 09:46:39,273 - INFO - Completed: 11, remaining: 49, RAYPy_Simulation_bessy3_56m_PGM_2Perc_coupling_errors_on_RP/round_0/4_bessy3_56m_PGM_2Perc_coupling_errors_on_RP.rml
2024-12-17 09:46:39,357 - INFO - Completed: 12, remaining: 48, RAYPy_Simulation_bessy3_56m_PGM_2Perc_coupling_errors_on_RP/round_0/11_bessy3_56m_PGM_2Perc_coupling_errors_on_RP.rml
2024-12-17 09:46:40,179 - INFO - Completed: 13, remaining: 47, RAYPy_Simulation_bessy3_56m_PGM_2Perc_coupling_errors_on_RP/round_0/12_bessy3_56m_PGM_2Perc_coupling_errors_on_RP.rml
2024-12-17 09:46:40,257 - INFO - Completed: 14, remaining: 46, RAYPy_Simulation_bessy3_56m_PGM_2Perc_coupling_errors_on_RP/round_0/14_bessy3_56m_PGM_2Perc_coupling_errors_on_RP.rml
2024-12-17 09:46:40,404 - INFO - Completed: 15, remaining: 45, RAYPy_Simulation_bessy3_56m_PGM_2Perc_coupling_errors_on_RP/round_0/13_bessy3_56m_PGM_2Perc_coupling_errors_on_RP.rml
2024-12-17 09:46:40,406 - INFO - Completed: 16, remaining: 44, RAYPy_Simulation_bessy3_56m_PGM_2Perc_coupling_errors_on_RP/round_0/16_bessy3_56m_PGM_2Perc_coupling_errors_on_RP.rml
2024-12-17 09:46:40,462 - INFO - Completed: 17, remaining: 43, RAYPy_Simulation_bessy3_56m_PGM_2Perc_coupling_errors_on_RP/round_0/15_bessy3_56m_PGM_2Perc_coupling_errors_on_RP.rml
2024-12-17 09:46:40,572 - INFO - Completed: 18, remaining: 42, RAYPy_Simulation_bessy3_56m_PGM_2Perc_coupling_errors_on_RP/round_0/17_bessy3_56m_PGM_2Perc_coupling_errors_on_RP.rml
2024-12-17 09:46:40,668 - INFO - Completed: 19, remaining: 41, RAYPy_Simulation_bessy3_56m_PGM_2Perc_coupling_errors_on_RP/round_0/18_bessy3_56m_PGM_2Perc_coupling_errors_on_RP.rml
2024-12-17 09:46:40,702 - INFO - Completed: 20, remaining: 40, RAYPy_Simulation_bessy3_56m_PGM_2Perc_coupling_errors_on_RP/round_0/19_bessy3_56m_PGM_2Perc_coupling_errors_on_RP.rml
2024-12-17 09:46:42,579 - INFO - Completed: 21, remaining: 39, RAYPy_Simulation_bessy3_56m_PGM_2Perc_coupling_errors_on_RP/round_0/23_bessy3_56m_PGM_2Perc_coupling_errors_on_RP.rml
2024-12-17 09:46:42,607 - INFO - Completed: 22, remaining: 38, RAYPy_Simulation_bessy3_56m_PGM_2Perc_coupling_errors_on_RP/round_0/20_bessy3_56m_PGM_2Perc_coupling_errors_on_RP.rml
2024-12-17 09:46:42,682 - INFO - Completed: 23, remaining: 37, RAYPy_Simulation_bessy3_56m_PGM_2Perc_coupling_errors_on_RP/round_0/22_bessy3_56m_PGM_2Perc_coupling_errors_on_RP.rml
2024-12-17 09:46:42,714 - INFO - Completed: 24, remaining: 36, RAYPy_Simulation_bessy3_56m_PGM_2Perc_coupling_errors_on_RP/round_0/21_bessy3_56m_PGM_2Perc_coupling_errors_on_RP.rml
2024-12-17 09:46:43,358 - INFO - Completed: 25, remaining: 35, RAYPy_Simulation_bessy3_56m_PGM_2Perc_coupling_errors_on_RP/round_0/24_bessy3_56m_PGM_2Perc_coupling_errors_on_RP.rml
2024-12-17 09:46:43,662 - INFO - Completed: 26, remaining: 34, RAYPy_Simulation_bessy3_56m_PGM_2Perc_coupling_errors_on_RP/round_0/28_bessy3_56m_PGM_2Perc_coupling_errors_on_RP.rml
2024-12-17 09:46:43,702 - INFO - Completed: 27, remaining: 33, RAYPy_Simulation_bessy3_56m_PGM_2Perc_coupling_errors_on_RP/round_0/27_bessy3_56m_PGM_2Perc_coupling_errors_on_RP.rml
2024-12-17 09:46:43,924 - INFO - Completed: 28, remaining: 32, RAYPy_Simulation_bessy3_56m_PGM_2Perc_coupling_errors_on_RP/round_0/29_bessy3_56m_PGM_2Perc_coupling_errors_on_RP.rml
2024-12-17 09:46:44,140 - INFO - Completed: 29, remaining: 31, RAYPy_Simulation_bessy3_56m_PGM_2Perc_coupling_errors_on_RP/round_0/30_bessy3_56m_PGM_2Perc_coupling_errors_on_RP.rml
2024-12-17 09:46:44,358 - INFO - Completed: 30, remaining: 30, RAYPy_Simulation_bessy3_56m_PGM_2Perc_coupling_errors_on_RP/round_0/25_bessy3_56m_PGM_2Perc_coupling_errors_on_RP.rml
2024-12-17 09:46:44,382 - INFO - Completed: 31, remaining: 29, RAYPy_Simulation_bessy3_56m_PGM_2Perc_coupling_errors_on_RP/round_0/31_bessy3_56m_PGM_2Perc_coupling_errors_on_RP.rml
2024-12-17 09:46:45,792 - INFO - Completed: 32, remaining: 28, RAYPy_Simulation_bessy3_56m_PGM_2Perc_coupling_errors_on_RP/round_0/26_bessy3_56m_PGM_2Perc_coupling_errors_on_RP.rml
2024-12-17 09:46:46,160 - INFO - Completed: 33, remaining: 27, RAYPy_Simulation_bessy3_56m_PGM_2Perc_coupling_errors_on_RP/round_0/35_bessy3_56m_PGM_2Perc_coupling_errors_on_RP.rml
2024-12-17 09:46:46,234 - INFO - Completed: 34, remaining: 26, RAYPy_Simulation_bessy3_56m_PGM_2Perc_coupling_errors_on_RP/round_0/34_bessy3_56m_PGM_2Perc_coupling_errors_on_RP.rml
2024-12-17 09:46:46,503 - INFO - Completed: 35, remaining: 25, RAYPy_Simulation_bessy3_56m_PGM_2Perc_coupling_errors_on_RP/round_0/33_bessy3_56m_PGM_2Perc_coupling_errors_on_RP.rml
2024-12-17 09:46:46,719 - INFO - Completed: 36, remaining: 24, RAYPy_Simulation_bessy3_56m_PGM_2Perc_coupling_errors_on_RP/round_0/36_bessy3_56m_PGM_2Perc_coupling_errors_on_RP.rml
2024-12-17 09:46:46,973 - INFO - Completed: 37, remaining: 23, RAYPy_Simulation_bessy3_56m_PGM_2Perc_coupling_errors_on_RP/round_0/32_bessy3_56m_PGM_2Perc_coupling_errors_on_RP.rml
2024-12-17 09:46:47,228 - INFO - Completed: 38, remaining: 22, RAYPy_Simulation_bessy3_56m_PGM_2Perc_coupling_errors_on_RP/round_0/38_bessy3_56m_PGM_2Perc_coupling_errors_on_RP.rml
2024-12-17 09:46:47,276 - INFO - Completed: 39, remaining: 21, RAYPy_Simulation_bessy3_56m_PGM_2Perc_coupling_errors_on_RP/round_0/37_bessy3_56m_PGM_2Perc_coupling_errors_on_RP.rml
2024-12-17 09:46:47,358 - INFO - Completed: 40, remaining: 20, RAYPy_Simulation_bessy3_56m_PGM_2Perc_coupling_errors_on_RP/round_0/39_bessy3_56m_PGM_2Perc_coupling_errors_on_RP.rml
2024-12-17 09:46:47,555 - INFO - Completed: 41, remaining: 19, RAYPy_Simulation_bessy3_56m_PGM_2Perc_coupling_errors_on_RP/round_1/0_bessy3_56m_PGM_2Perc_coupling_errors_on_RP.rml
2024-12-17 09:46:47,864 - INFO - Completed: 42, remaining: 18, RAYPy_Simulation_bessy3_56m_PGM_2Perc_coupling_errors_on_RP/round_0/40_bessy3_56m_PGM_2Perc_coupling_errors_on_RP.rml
2024-12-17 09:46:48,040 - INFO - Completed: 43, remaining: 17, RAYPy_Simulation_bessy3_56m_PGM_2Perc_coupling_errors_on_RP/round_0/41_bessy3_56m_PGM_2Perc_coupling_errors_on_RP.rml
2024-12-17 09:46:49,086 - INFO - Completed: 44, remaining: 16, RAYPy_Simulation_bessy3_56m_PGM_2Perc_coupling_errors_on_RP/round_1/1_bessy3_56m_PGM_2Perc_coupling_errors_on_RP.rml
2024-12-17 09:46:49,507 - INFO - Completed: 45, remaining: 15, RAYPy_Simulation_bessy3_56m_PGM_2Perc_coupling_errors_on_RP/round_1/2_bessy3_56m_PGM_2Perc_coupling_errors_on_RP.rml
2024-12-17 09:46:49,824 - INFO - Completed: 46, remaining: 14, RAYPy_Simulation_bessy3_56m_PGM_2Perc_coupling_errors_on_RP/round_1/4_bessy3_56m_PGM_2Perc_coupling_errors_on_RP.rml
2024-12-17 09:46:49,879 - INFO - Completed: 47, remaining: 13, RAYPy_Simulation_bessy3_56m_PGM_2Perc_coupling_errors_on_RP/round_1/3_bessy3_56m_PGM_2Perc_coupling_errors_on_RP.rml
2024-12-17 09:46:50,170 - INFO - Completed: 48, remaining: 12, RAYPy_Simulation_bessy3_56m_PGM_2Perc_coupling_errors_on_RP/round_1/5_bessy3_56m_PGM_2Perc_coupling_errors_on_RP.rml
2024-12-17 09:46:50,484 - INFO - Completed: 49, remaining: 11, RAYPy_Simulation_bessy3_56m_PGM_2Perc_coupling_errors_on_RP/round_1/6_bessy3_56m_PGM_2Perc_coupling_errors_on_RP.rml
2024-12-17 09:46:50,596 - INFO - Completed: 50, remaining: 10, RAYPy_Simulation_bessy3_56m_PGM_2Perc_coupling_errors_on_RP/round_1/7_bessy3_56m_PGM_2Perc_coupling_errors_on_RP.rml
2024-12-17 09:46:50,740 - INFO - Completed: 51, remaining: 9, RAYPy_Simulation_bessy3_56m_PGM_2Perc_coupling_errors_on_RP/round_1/8_bessy3_56m_PGM_2Perc_coupling_errors_on_RP.rml
2024-12-17 09:46:50,820 - INFO - Completed: 52, remaining: 8, RAYPy_Simulation_bessy3_56m_PGM_2Perc_coupling_errors_on_RP/round_1/9_bessy3_56m_PGM_2Perc_coupling_errors_on_RP.rml
2024-12-17 09:46:50,971 - INFO - Completed: 53, remaining: 7, RAYPy_Simulation_bessy3_56m_PGM_2Perc_coupling_errors_on_RP/round_1/10_bessy3_56m_PGM_2Perc_coupling_errors_on_RP.rml
2024-12-17 09:46:51,150 - INFO - Completed: 54, remaining: 6, RAYPy_Simulation_bessy3_56m_PGM_2Perc_coupling_errors_on_RP/round_1/11_bessy3_56m_PGM_2Perc_coupling_errors_on_RP.rml
2024-12-17 09:46:51,324 - INFO - Completed: 55, remaining: 5, RAYPy_Simulation_bessy3_56m_PGM_2Perc_coupling_errors_on_RP/round_1/12_bessy3_56m_PGM_2Perc_coupling_errors_on_RP.rml
2024-12-17 09:46:52,357 - INFO - Completed: 56, remaining: 4, RAYPy_Simulation_bessy3_56m_PGM_2Perc_coupling_errors_on_RP/round_1/13_bessy3_56m_PGM_2Perc_coupling_errors_on_RP.rml
2024-12-17 09:46:52,393 - INFO - Completed: 57, remaining: 3, RAYPy_Simulation_bessy3_56m_PGM_2Perc_coupling_errors_on_RP/round_1/14_bessy3_56m_PGM_2Perc_coupling_errors_on_RP.rml
2024-12-17 09:46:52,545 - INFO - Completed: 58, remaining: 2, RAYPy_Simulation_bessy3_56m_PGM_2Perc_coupling_errors_on_RP/round_1/16_bessy3_56m_PGM_2Perc_coupling_errors_on_RP.rml
2024-12-17 09:46:52,555 - INFO - Completed: 59, remaining: 1, RAYPy_Simulation_bessy3_56m_PGM_2Perc_coupling_errors_on_RP/round_1/15_bessy3_56m_PGM_2Perc_coupling_errors_on_RP.rml
2024-12-17 09:46:52,638 - INFO - Completed: 60, remaining: 0, RAYPy_Simulation_bessy3_56m_PGM_2Perc_coupling_errors_on_RP/round_1/17_bessy3_56m_PGM_2Perc_coupling_errors_on_RP.rml
2024-12-17 09:46:52,638 - INFO - Batch Completed
2024-12-17 09:46:52,638 - INFO - Waiting For batch, 60 simulations to go
2024-12-17 09:46:52,644 - INFO - Prepared sim number: 18: RAYPy_Simulation_bessy3_56m_PGM_2Perc_coupling_errors_on_RP/round_1/18_bessy3_56m_PGM_2Perc_coupling_errors_on_RP.rml
2024-12-17 09:46:52,651 - INFO - Prepared sim number: 19: RAYPy_Simulation_bessy3_56m_PGM_2Perc_coupling_errors_on_RP/round_1/19_bessy3_56m_PGM_2Perc_coupling_errors_on_RP.rml
2024-12-17 09:46:52,656 - INFO - Prepared sim number: 20: RAYPy_Simulation_bessy3_56m_PGM_2Perc_coupling_errors_on_RP/round_1/20_bessy3_56m_PGM_2Perc_coupling_errors_on_RP.rml
2024-12-17 09:46:52,663 - INFO - Prepared sim number: 21: RAYPy_Simulation_bessy3_56m_PGM_2Perc_coupling_errors_on_RP/round_1/21_bessy3_56m_PGM_2Perc_coupling_errors_on_RP.rml
2024-12-17 09:46:52,669 - INFO - Prepared sim number: 22: RAYPy_Simulation_bessy3_56m_PGM_2Perc_coupling_errors_on_RP/round_1/22_bessy3_56m_PGM_2Perc_coupling_errors_on_RP.rml
2024-12-17 09:46:52,674 - INFO - Prepared sim number: 23: RAYPy_Simulation_bessy3_56m_PGM_2Perc_coupling_errors_on_RP/round_1/23_bessy3_56m_PGM_2Perc_coupling_errors_on_RP.rml
2024-12-17 09:46:52,680 - INFO - Prepared sim number: 24: RAYPy_Simulation_bessy3_56m_PGM_2Perc_coupling_errors_on_RP/round_1/24_bessy3_56m_PGM_2Perc_coupling_errors_on_RP.rml
2024-12-17 09:46:52,686 - INFO - Prepared sim number: 25: RAYPy_Simulation_bessy3_56m_PGM_2Perc_coupling_errors_on_RP/round_1/25_bessy3_56m_PGM_2Perc_coupling_errors_on_RP.rml
2024-12-17 09:46:52,692 - INFO - Prepared sim number: 26: RAYPy_Simulation_bessy3_56m_PGM_2Perc_coupling_errors_on_RP/round_1/26_bessy3_56m_PGM_2Perc_coupling_errors_on_RP.rml
2024-12-17 09:46:52,698 - INFO - Prepared sim number: 27: RAYPy_Simulation_bessy3_56m_PGM_2Perc_coupling_errors_on_RP/round_1/27_bessy3_56m_PGM_2Perc_coupling_errors_on_RP.rml
2024-12-17 09:46:52,702 - INFO - Prepared sim number: 28: RAYPy_Simulation_bessy3_56m_PGM_2Perc_coupling_errors_on_RP/round_1/28_bessy3_56m_PGM_2Perc_coupling_errors_on_RP.rml
2024-12-17 09:46:52,707 - INFO - Prepared sim number: 29: RAYPy_Simulation_bessy3_56m_PGM_2Perc_coupling_errors_on_RP/round_1/29_bessy3_56m_PGM_2Perc_coupling_errors_on_RP.rml
2024-12-17 09:46:52,711 - INFO - Prepared sim number: 30: RAYPy_Simulation_bessy3_56m_PGM_2Perc_coupling_errors_on_RP/round_1/30_bessy3_56m_PGM_2Perc_coupling_errors_on_RP.rml
2024-12-17 09:46:52,715 - INFO - Prepared sim number: 31: RAYPy_Simulation_bessy3_56m_PGM_2Perc_coupling_errors_on_RP/round_1/31_bessy3_56m_PGM_2Perc_coupling_errors_on_RP.rml
2024-12-17 09:46:52,720 - INFO - Prepared sim number: 32: RAYPy_Simulation_bessy3_56m_PGM_2Perc_coupling_errors_on_RP/round_1/32_bessy3_56m_PGM_2Perc_coupling_errors_on_RP.rml
2024-12-17 09:46:52,725 - INFO - Prepared sim number: 33: RAYPy_Simulation_bessy3_56m_PGM_2Perc_coupling_errors_on_RP/round_1/33_bessy3_56m_PGM_2Perc_coupling_errors_on_RP.rml
2024-12-17 09:46:52,729 - INFO - Prepared sim number: 34: RAYPy_Simulation_bessy3_56m_PGM_2Perc_coupling_errors_on_RP/round_1/34_bessy3_56m_PGM_2Perc_coupling_errors_on_RP.rml
2024-12-17 09:46:52,734 - INFO - Prepared sim number: 35: RAYPy_Simulation_bessy3_56m_PGM_2Perc_coupling_errors_on_RP/round_1/35_bessy3_56m_PGM_2Perc_coupling_errors_on_RP.rml
2024-12-17 09:46:52,738 - INFO - Prepared sim number: 36: RAYPy_Simulation_bessy3_56m_PGM_2Perc_coupling_errors_on_RP/round_1/36_bessy3_56m_PGM_2Perc_coupling_errors_on_RP.rml
2024-12-17 09:46:52,743 - INFO - Prepared sim number: 37: RAYPy_Simulation_bessy3_56m_PGM_2Perc_coupling_errors_on_RP/round_1/37_bessy3_56m_PGM_2Perc_coupling_errors_on_RP.rml
2024-12-17 09:46:52,747 - INFO - Prepared sim number: 38: RAYPy_Simulation_bessy3_56m_PGM_2Perc_coupling_errors_on_RP/round_1/38_bessy3_56m_PGM_2Perc_coupling_errors_on_RP.rml
2024-12-17 09:46:52,751 - INFO - Prepared sim number: 39: RAYPy_Simulation_bessy3_56m_PGM_2Perc_coupling_errors_on_RP/round_1/39_bessy3_56m_PGM_2Perc_coupling_errors_on_RP.rml
2024-12-17 09:46:52,755 - INFO - Prepared sim number: 40: RAYPy_Simulation_bessy3_56m_PGM_2Perc_coupling_errors_on_RP/round_1/40_bessy3_56m_PGM_2Perc_coupling_errors_on_RP.rml
2024-12-17 09:46:52,760 - INFO - Prepared sim number: 41: RAYPy_Simulation_bessy3_56m_PGM_2Perc_coupling_errors_on_RP/round_1/41_bessy3_56m_PGM_2Perc_coupling_errors_on_RP.rml
2024-12-17 09:46:52,760 - INFO - Start round 2
2024-12-17 09:46:52,764 - INFO - Prepared sim number: 0: RAYPy_Simulation_bessy3_56m_PGM_2Perc_coupling_errors_on_RP/round_2/0_bessy3_56m_PGM_2Perc_coupling_errors_on_RP.rml
2024-12-17 09:46:52,768 - INFO - Prepared sim number: 1: RAYPy_Simulation_bessy3_56m_PGM_2Perc_coupling_errors_on_RP/round_2/1_bessy3_56m_PGM_2Perc_coupling_errors_on_RP.rml
2024-12-17 09:46:52,773 - INFO - Prepared sim number: 2: RAYPy_Simulation_bessy3_56m_PGM_2Perc_coupling_errors_on_RP/round_2/2_bessy3_56m_PGM_2Perc_coupling_errors_on_RP.rml
2024-12-17 09:46:52,776 - INFO - Prepared sim number: 3: RAYPy_Simulation_bessy3_56m_PGM_2Perc_coupling_errors_on_RP/round_2/3_bessy3_56m_PGM_2Perc_coupling_errors_on_RP.rml
2024-12-17 09:46:52,781 - INFO - Prepared sim number: 4: RAYPy_Simulation_bessy3_56m_PGM_2Perc_coupling_errors_on_RP/round_2/4_bessy3_56m_PGM_2Perc_coupling_errors_on_RP.rml
2024-12-17 09:46:52,785 - INFO - Prepared sim number: 5: RAYPy_Simulation_bessy3_56m_PGM_2Perc_coupling_errors_on_RP/round_2/5_bessy3_56m_PGM_2Perc_coupling_errors_on_RP.rml
2024-12-17 09:46:52,790 - INFO - Prepared sim number: 6: RAYPy_Simulation_bessy3_56m_PGM_2Perc_coupling_errors_on_RP/round_2/6_bessy3_56m_PGM_2Perc_coupling_errors_on_RP.rml
2024-12-17 09:46:52,794 - INFO - Prepared sim number: 7: RAYPy_Simulation_bessy3_56m_PGM_2Perc_coupling_errors_on_RP/round_2/7_bessy3_56m_PGM_2Perc_coupling_errors_on_RP.rml
2024-12-17 09:46:52,798 - INFO - Prepared sim number: 8: RAYPy_Simulation_bessy3_56m_PGM_2Perc_coupling_errors_on_RP/round_2/8_bessy3_56m_PGM_2Perc_coupling_errors_on_RP.rml
2024-12-17 09:46:52,801 - INFO - Prepared sim number: 9: RAYPy_Simulation_bessy3_56m_PGM_2Perc_coupling_errors_on_RP/round_2/9_bessy3_56m_PGM_2Perc_coupling_errors_on_RP.rml
2024-12-17 09:46:52,805 - INFO - Prepared sim number: 10: RAYPy_Simulation_bessy3_56m_PGM_2Perc_coupling_errors_on_RP/round_2/10_bessy3_56m_PGM_2Perc_coupling_errors_on_RP.rml
2024-12-17 09:46:52,810 - INFO - Prepared sim number: 11: RAYPy_Simulation_bessy3_56m_PGM_2Perc_coupling_errors_on_RP/round_2/11_bessy3_56m_PGM_2Perc_coupling_errors_on_RP.rml
2024-12-17 09:46:52,814 - INFO - Prepared sim number: 12: RAYPy_Simulation_bessy3_56m_PGM_2Perc_coupling_errors_on_RP/round_2/12_bessy3_56m_PGM_2Perc_coupling_errors_on_RP.rml
2024-12-17 09:46:52,818 - INFO - Prepared sim number: 13: RAYPy_Simulation_bessy3_56m_PGM_2Perc_coupling_errors_on_RP/round_2/13_bessy3_56m_PGM_2Perc_coupling_errors_on_RP.rml
2024-12-17 09:46:52,822 - INFO - Prepared sim number: 14: RAYPy_Simulation_bessy3_56m_PGM_2Perc_coupling_errors_on_RP/round_2/14_bessy3_56m_PGM_2Perc_coupling_errors_on_RP.rml
2024-12-17 09:46:52,826 - INFO - Prepared sim number: 15: RAYPy_Simulation_bessy3_56m_PGM_2Perc_coupling_errors_on_RP/round_2/15_bessy3_56m_PGM_2Perc_coupling_errors_on_RP.rml
2024-12-17 09:46:52,830 - INFO - Prepared sim number: 16: RAYPy_Simulation_bessy3_56m_PGM_2Perc_coupling_errors_on_RP/round_2/16_bessy3_56m_PGM_2Perc_coupling_errors_on_RP.rml
2024-12-17 09:46:52,834 - INFO - Prepared sim number: 17: RAYPy_Simulation_bessy3_56m_PGM_2Perc_coupling_errors_on_RP/round_2/17_bessy3_56m_PGM_2Perc_coupling_errors_on_RP.rml
2024-12-17 09:46:52,838 - INFO - Prepared sim number: 18: RAYPy_Simulation_bessy3_56m_PGM_2Perc_coupling_errors_on_RP/round_2/18_bessy3_56m_PGM_2Perc_coupling_errors_on_RP.rml
2024-12-17 09:46:52,842 - INFO - Prepared sim number: 19: RAYPy_Simulation_bessy3_56m_PGM_2Perc_coupling_errors_on_RP/round_2/19_bessy3_56m_PGM_2Perc_coupling_errors_on_RP.rml
2024-12-17 09:46:52,847 - INFO - Prepared sim number: 20: RAYPy_Simulation_bessy3_56m_PGM_2Perc_coupling_errors_on_RP/round_2/20_bessy3_56m_PGM_2Perc_coupling_errors_on_RP.rml
2024-12-17 09:46:52,851 - INFO - Prepared sim number: 21: RAYPy_Simulation_bessy3_56m_PGM_2Perc_coupling_errors_on_RP/round_2/21_bessy3_56m_PGM_2Perc_coupling_errors_on_RP.rml
2024-12-17 09:46:52,855 - INFO - Prepared sim number: 22: RAYPy_Simulation_bessy3_56m_PGM_2Perc_coupling_errors_on_RP/round_2/22_bessy3_56m_PGM_2Perc_coupling_errors_on_RP.rml
2024-12-17 09:46:52,859 - INFO - Prepared sim number: 23: RAYPy_Simulation_bessy3_56m_PGM_2Perc_coupling_errors_on_RP/round_2/23_bessy3_56m_PGM_2Perc_coupling_errors_on_RP.rml
2024-12-17 09:46:52,863 - INFO - Prepared sim number: 24: RAYPy_Simulation_bessy3_56m_PGM_2Perc_coupling_errors_on_RP/round_2/24_bessy3_56m_PGM_2Perc_coupling_errors_on_RP.rml
2024-12-17 09:46:52,866 - INFO - Prepared sim number: 25: RAYPy_Simulation_bessy3_56m_PGM_2Perc_coupling_errors_on_RP/round_2/25_bessy3_56m_PGM_2Perc_coupling_errors_on_RP.rml
2024-12-17 09:46:52,871 - INFO - Prepared sim number: 26: RAYPy_Simulation_bessy3_56m_PGM_2Perc_coupling_errors_on_RP/round_2/26_bessy3_56m_PGM_2Perc_coupling_errors_on_RP.rml
2024-12-17 09:46:52,874 - INFO - Prepared sim number: 27: RAYPy_Simulation_bessy3_56m_PGM_2Perc_coupling_errors_on_RP/round_2/27_bessy3_56m_PGM_2Perc_coupling_errors_on_RP.rml
2024-12-17 09:46:52,878 - INFO - Prepared sim number: 28: RAYPy_Simulation_bessy3_56m_PGM_2Perc_coupling_errors_on_RP/round_2/28_bessy3_56m_PGM_2Perc_coupling_errors_on_RP.rml
2024-12-17 09:46:52,882 - INFO - Prepared sim number: 29: RAYPy_Simulation_bessy3_56m_PGM_2Perc_coupling_errors_on_RP/round_2/29_bessy3_56m_PGM_2Perc_coupling_errors_on_RP.rml
2024-12-17 09:46:52,886 - INFO - Prepared sim number: 30: RAYPy_Simulation_bessy3_56m_PGM_2Perc_coupling_errors_on_RP/round_2/30_bessy3_56m_PGM_2Perc_coupling_errors_on_RP.rml
2024-12-17 09:46:52,890 - INFO - Prepared sim number: 31: RAYPy_Simulation_bessy3_56m_PGM_2Perc_coupling_errors_on_RP/round_2/31_bessy3_56m_PGM_2Perc_coupling_errors_on_RP.rml
2024-12-17 09:46:52,894 - INFO - Prepared sim number: 32: RAYPy_Simulation_bessy3_56m_PGM_2Perc_coupling_errors_on_RP/round_2/32_bessy3_56m_PGM_2Perc_coupling_errors_on_RP.rml
2024-12-17 09:46:52,898 - INFO - Prepared sim number: 33: RAYPy_Simulation_bessy3_56m_PGM_2Perc_coupling_errors_on_RP/round_2/33_bessy3_56m_PGM_2Perc_coupling_errors_on_RP.rml
2024-12-17 09:46:52,902 - INFO - Prepared sim number: 34: RAYPy_Simulation_bessy3_56m_PGM_2Perc_coupling_errors_on_RP/round_2/34_bessy3_56m_PGM_2Perc_coupling_errors_on_RP.rml
2024-12-17 09:46:52,905 - INFO - Prepared sim number: 35: RAYPy_Simulation_bessy3_56m_PGM_2Perc_coupling_errors_on_RP/round_2/35_bessy3_56m_PGM_2Perc_coupling_errors_on_RP.rml
2024-12-17 09:46:52,906 - INFO - Waiting for batch number: 1, timeout: 21.149339604377747s
2024-12-17 09:46:55,902 - INFO - Completed: 1, remaining: 59, RAYPy_Simulation_bessy3_56m_PGM_2Perc_coupling_errors_on_RP/round_1/26_bessy3_56m_PGM_2Perc_coupling_errors_on_RP.rml
2024-12-17 09:46:55,941 - INFO - Completed: 2, remaining: 58, RAYPy_Simulation_bessy3_56m_PGM_2Perc_coupling_errors_on_RP/round_1/29_bessy3_56m_PGM_2Perc_coupling_errors_on_RP.rml
2024-12-17 09:46:55,964 - INFO - Completed: 3, remaining: 57, RAYPy_Simulation_bessy3_56m_PGM_2Perc_coupling_errors_on_RP/round_1/25_bessy3_56m_PGM_2Perc_coupling_errors_on_RP.rml
2024-12-17 09:46:55,972 - INFO - Completed: 4, remaining: 56, RAYPy_Simulation_bessy3_56m_PGM_2Perc_coupling_errors_on_RP/round_1/22_bessy3_56m_PGM_2Perc_coupling_errors_on_RP.rml
2024-12-17 09:46:55,998 - INFO - Completed: 5, remaining: 55, RAYPy_Simulation_bessy3_56m_PGM_2Perc_coupling_errors_on_RP/round_1/18_bessy3_56m_PGM_2Perc_coupling_errors_on_RP.rml
2024-12-17 09:46:56,016 - INFO - Completed: 6, remaining: 54, RAYPy_Simulation_bessy3_56m_PGM_2Perc_coupling_errors_on_RP/round_1/23_bessy3_56m_PGM_2Perc_coupling_errors_on_RP.rml
2024-12-17 09:46:56,017 - INFO - Completed: 7, remaining: 53, RAYPy_Simulation_bessy3_56m_PGM_2Perc_coupling_errors_on_RP/round_1/20_bessy3_56m_PGM_2Perc_coupling_errors_on_RP.rml
2024-12-17 09:46:56,240 - INFO - Completed: 8, remaining: 52, RAYPy_Simulation_bessy3_56m_PGM_2Perc_coupling_errors_on_RP/round_1/21_bessy3_56m_PGM_2Perc_coupling_errors_on_RP.rml
2024-12-17 09:46:58,307 - INFO - Completed: 9, remaining: 51, RAYPy_Simulation_bessy3_56m_PGM_2Perc_coupling_errors_on_RP/round_1/27_bessy3_56m_PGM_2Perc_coupling_errors_on_RP.rml
2024-12-17 09:46:58,438 - INFO - Completed: 10, remaining: 50, RAYPy_Simulation_bessy3_56m_PGM_2Perc_coupling_errors_on_RP/round_1/24_bessy3_56m_PGM_2Perc_coupling_errors_on_RP.rml
2024-12-17 09:46:58,463 - INFO - Completed: 11, remaining: 49, RAYPy_Simulation_bessy3_56m_PGM_2Perc_coupling_errors_on_RP/round_1/28_bessy3_56m_PGM_2Perc_coupling_errors_on_RP.rml
2024-12-17 09:46:59,448 - INFO - Completed: 12, remaining: 48, RAYPy_Simulation_bessy3_56m_PGM_2Perc_coupling_errors_on_RP/round_1/19_bessy3_56m_PGM_2Perc_coupling_errors_on_RP.rml
2024-12-17 09:46:59,615 - INFO - Completed: 13, remaining: 47, RAYPy_Simulation_bessy3_56m_PGM_2Perc_coupling_errors_on_RP/round_1/31_bessy3_56m_PGM_2Perc_coupling_errors_on_RP.rml
2024-12-17 09:46:59,621 - INFO - Completed: 14, remaining: 46, RAYPy_Simulation_bessy3_56m_PGM_2Perc_coupling_errors_on_RP/round_1/36_bessy3_56m_PGM_2Perc_coupling_errors_on_RP.rml
2024-12-17 09:46:59,675 - INFO - Completed: 15, remaining: 45, RAYPy_Simulation_bessy3_56m_PGM_2Perc_coupling_errors_on_RP/round_1/30_bessy3_56m_PGM_2Perc_coupling_errors_on_RP.rml
2024-12-17 09:46:59,773 - INFO - Completed: 16, remaining: 44, RAYPy_Simulation_bessy3_56m_PGM_2Perc_coupling_errors_on_RP/round_1/32_bessy3_56m_PGM_2Perc_coupling_errors_on_RP.rml
2024-12-17 09:46:59,793 - INFO - Completed: 17, remaining: 43, RAYPy_Simulation_bessy3_56m_PGM_2Perc_coupling_errors_on_RP/round_1/34_bessy3_56m_PGM_2Perc_coupling_errors_on_RP.rml
2024-12-17 09:46:59,802 - INFO - Completed: 18, remaining: 42, RAYPy_Simulation_bessy3_56m_PGM_2Perc_coupling_errors_on_RP/round_1/35_bessy3_56m_PGM_2Perc_coupling_errors_on_RP.rml
2024-12-17 09:46:59,937 - INFO - Completed: 19, remaining: 41, RAYPy_Simulation_bessy3_56m_PGM_2Perc_coupling_errors_on_RP/round_1/37_bessy3_56m_PGM_2Perc_coupling_errors_on_RP.rml
2024-12-17 09:47:00,054 - INFO - Completed: 20, remaining: 40, RAYPy_Simulation_bessy3_56m_PGM_2Perc_coupling_errors_on_RP/round_1/33_bessy3_56m_PGM_2Perc_coupling_errors_on_RP.rml
2024-12-17 09:47:01,979 - INFO - Completed: 21, remaining: 39, RAYPy_Simulation_bessy3_56m_PGM_2Perc_coupling_errors_on_RP/round_1/38_bessy3_56m_PGM_2Perc_coupling_errors_on_RP.rml
2024-12-17 09:47:02,022 - INFO - Completed: 22, remaining: 38, RAYPy_Simulation_bessy3_56m_PGM_2Perc_coupling_errors_on_RP/round_1/40_bessy3_56m_PGM_2Perc_coupling_errors_on_RP.rml
2024-12-17 09:47:02,187 - INFO - Completed: 23, remaining: 37, RAYPy_Simulation_bessy3_56m_PGM_2Perc_coupling_errors_on_RP/round_1/39_bessy3_56m_PGM_2Perc_coupling_errors_on_RP.rml
2024-12-17 09:47:02,914 - INFO - Completed: 24, remaining: 36, RAYPy_Simulation_bessy3_56m_PGM_2Perc_coupling_errors_on_RP/round_1/41_bessy3_56m_PGM_2Perc_coupling_errors_on_RP.rml
2024-12-17 09:47:02,932 - INFO - Completed: 25, remaining: 35, RAYPy_Simulation_bessy3_56m_PGM_2Perc_coupling_errors_on_RP/round_2/2_bessy3_56m_PGM_2Perc_coupling_errors_on_RP.rml
2024-12-17 09:47:03,026 - INFO - Completed: 26, remaining: 34, RAYPy_Simulation_bessy3_56m_PGM_2Perc_coupling_errors_on_RP/round_2/0_bessy3_56m_PGM_2Perc_coupling_errors_on_RP.rml
2024-12-17 09:47:03,247 - INFO - Completed: 27, remaining: 33, RAYPy_Simulation_bessy3_56m_PGM_2Perc_coupling_errors_on_RP/round_2/6_bessy3_56m_PGM_2Perc_coupling_errors_on_RP.rml
2024-12-17 09:47:03,296 - INFO - Completed: 28, remaining: 32, RAYPy_Simulation_bessy3_56m_PGM_2Perc_coupling_errors_on_RP/round_2/4_bessy3_56m_PGM_2Perc_coupling_errors_on_RP.rml
2024-12-17 09:47:03,354 - INFO - Completed: 29, remaining: 31, RAYPy_Simulation_bessy3_56m_PGM_2Perc_coupling_errors_on_RP/round_2/3_bessy3_56m_PGM_2Perc_coupling_errors_on_RP.rml
2024-12-17 09:47:03,427 - INFO - Completed: 30, remaining: 30, RAYPy_Simulation_bessy3_56m_PGM_2Perc_coupling_errors_on_RP/round_2/5_bessy3_56m_PGM_2Perc_coupling_errors_on_RP.rml
2024-12-17 09:47:03,464 - INFO - Completed: 31, remaining: 29, RAYPy_Simulation_bessy3_56m_PGM_2Perc_coupling_errors_on_RP/round_2/7_bessy3_56m_PGM_2Perc_coupling_errors_on_RP.rml
2024-12-17 09:47:03,676 - INFO - Completed: 32, remaining: 28, RAYPy_Simulation_bessy3_56m_PGM_2Perc_coupling_errors_on_RP/round_2/1_bessy3_56m_PGM_2Perc_coupling_errors_on_RP.rml
2024-12-17 09:47:05,476 - INFO - Completed: 33, remaining: 27, RAYPy_Simulation_bessy3_56m_PGM_2Perc_coupling_errors_on_RP/round_2/9_bessy3_56m_PGM_2Perc_coupling_errors_on_RP.rml
2024-12-17 09:47:05,543 - INFO - Completed: 34, remaining: 26, RAYPy_Simulation_bessy3_56m_PGM_2Perc_coupling_errors_on_RP/round_2/10_bessy3_56m_PGM_2Perc_coupling_errors_on_RP.rml
2024-12-17 09:47:06,250 - INFO - Completed: 35, remaining: 25, RAYPy_Simulation_bessy3_56m_PGM_2Perc_coupling_errors_on_RP/round_2/11_bessy3_56m_PGM_2Perc_coupling_errors_on_RP.rml
2024-12-17 09:47:06,356 - INFO - Completed: 36, remaining: 24, RAYPy_Simulation_bessy3_56m_PGM_2Perc_coupling_errors_on_RP/round_2/12_bessy3_56m_PGM_2Perc_coupling_errors_on_RP.rml
2024-12-17 09:47:06,474 - INFO - Completed: 37, remaining: 23, RAYPy_Simulation_bessy3_56m_PGM_2Perc_coupling_errors_on_RP/round_2/13_bessy3_56m_PGM_2Perc_coupling_errors_on_RP.rml
2024-12-17 09:47:06,634 - INFO - Completed: 38, remaining: 22, RAYPy_Simulation_bessy3_56m_PGM_2Perc_coupling_errors_on_RP/round_2/14_bessy3_56m_PGM_2Perc_coupling_errors_on_RP.rml
2024-12-17 09:47:06,804 - INFO - Completed: 39, remaining: 21, RAYPy_Simulation_bessy3_56m_PGM_2Perc_coupling_errors_on_RP/round_2/8_bessy3_56m_PGM_2Perc_coupling_errors_on_RP.rml
2024-12-17 09:47:06,977 - INFO - Completed: 40, remaining: 20, RAYPy_Simulation_bessy3_56m_PGM_2Perc_coupling_errors_on_RP/round_2/17_bessy3_56m_PGM_2Perc_coupling_errors_on_RP.rml
2024-12-17 09:47:07,048 - INFO - Completed: 41, remaining: 19, RAYPy_Simulation_bessy3_56m_PGM_2Perc_coupling_errors_on_RP/round_2/15_bessy3_56m_PGM_2Perc_coupling_errors_on_RP.rml
2024-12-17 09:47:07,205 - INFO - Completed: 42, remaining: 18, RAYPy_Simulation_bessy3_56m_PGM_2Perc_coupling_errors_on_RP/round_2/19_bessy3_56m_PGM_2Perc_coupling_errors_on_RP.rml
2024-12-17 09:47:07,235 - INFO - Completed: 43, remaining: 17, RAYPy_Simulation_bessy3_56m_PGM_2Perc_coupling_errors_on_RP/round_2/16_bessy3_56m_PGM_2Perc_coupling_errors_on_RP.rml
2024-12-17 09:47:07,373 - INFO - Completed: 44, remaining: 16, RAYPy_Simulation_bessy3_56m_PGM_2Perc_coupling_errors_on_RP/round_2/18_bessy3_56m_PGM_2Perc_coupling_errors_on_RP.rml
2024-12-17 09:47:08,969 - INFO - Completed: 45, remaining: 15, RAYPy_Simulation_bessy3_56m_PGM_2Perc_coupling_errors_on_RP/round_2/21_bessy3_56m_PGM_2Perc_coupling_errors_on_RP.rml
2024-12-17 09:47:09,300 - INFO - Completed: 46, remaining: 14, RAYPy_Simulation_bessy3_56m_PGM_2Perc_coupling_errors_on_RP/round_2/20_bessy3_56m_PGM_2Perc_coupling_errors_on_RP.rml
2024-12-17 09:47:09,634 - INFO - Completed: 47, remaining: 13, RAYPy_Simulation_bessy3_56m_PGM_2Perc_coupling_errors_on_RP/round_2/22_bessy3_56m_PGM_2Perc_coupling_errors_on_RP.rml
2024-12-17 09:47:09,695 - INFO - Completed: 48, remaining: 12, RAYPy_Simulation_bessy3_56m_PGM_2Perc_coupling_errors_on_RP/round_2/23_bessy3_56m_PGM_2Perc_coupling_errors_on_RP.rml
2024-12-17 09:47:09,879 - INFO - Completed: 49, remaining: 11, RAYPy_Simulation_bessy3_56m_PGM_2Perc_coupling_errors_on_RP/round_2/24_bessy3_56m_PGM_2Perc_coupling_errors_on_RP.rml
2024-12-17 09:47:09,925 - INFO - Completed: 50, remaining: 10, RAYPy_Simulation_bessy3_56m_PGM_2Perc_coupling_errors_on_RP/round_2/25_bessy3_56m_PGM_2Perc_coupling_errors_on_RP.rml
2024-12-17 09:47:10,308 - INFO - Completed: 51, remaining: 9, RAYPy_Simulation_bessy3_56m_PGM_2Perc_coupling_errors_on_RP/round_2/26_bessy3_56m_PGM_2Perc_coupling_errors_on_RP.rml
2024-12-17 09:47:10,400 - INFO - Completed: 52, remaining: 8, RAYPy_Simulation_bessy3_56m_PGM_2Perc_coupling_errors_on_RP/round_2/28_bessy3_56m_PGM_2Perc_coupling_errors_on_RP.rml
2024-12-17 09:47:10,492 - INFO - Completed: 53, remaining: 7, RAYPy_Simulation_bessy3_56m_PGM_2Perc_coupling_errors_on_RP/round_2/27_bessy3_56m_PGM_2Perc_coupling_errors_on_RP.rml
2024-12-17 09:47:10,661 - INFO - Completed: 54, remaining: 6, RAYPy_Simulation_bessy3_56m_PGM_2Perc_coupling_errors_on_RP/round_2/29_bessy3_56m_PGM_2Perc_coupling_errors_on_RP.rml
2024-12-17 09:47:10,807 - INFO - Completed: 55, remaining: 5, RAYPy_Simulation_bessy3_56m_PGM_2Perc_coupling_errors_on_RP/round_2/31_bessy3_56m_PGM_2Perc_coupling_errors_on_RP.rml
2024-12-17 09:47:11,607 - INFO - Completed: 56, remaining: 4, RAYPy_Simulation_bessy3_56m_PGM_2Perc_coupling_errors_on_RP/round_2/30_bessy3_56m_PGM_2Perc_coupling_errors_on_RP.rml
2024-12-17 09:47:11,748 - INFO - Completed: 57, remaining: 3, RAYPy_Simulation_bessy3_56m_PGM_2Perc_coupling_errors_on_RP/round_2/32_bessy3_56m_PGM_2Perc_coupling_errors_on_RP.rml
2024-12-17 09:47:12,153 - INFO - Completed: 58, remaining: 2, RAYPy_Simulation_bessy3_56m_PGM_2Perc_coupling_errors_on_RP/round_2/34_bessy3_56m_PGM_2Perc_coupling_errors_on_RP.rml
2024-12-17 09:47:12,168 - INFO - Completed: 59, remaining: 1, RAYPy_Simulation_bessy3_56m_PGM_2Perc_coupling_errors_on_RP/round_2/35_bessy3_56m_PGM_2Perc_coupling_errors_on_RP.rml
2024-12-17 09:47:12,185 - INFO - Completed: 60, remaining: 0, RAYPy_Simulation_bessy3_56m_PGM_2Perc_coupling_errors_on_RP/round_2/33_bessy3_56m_PGM_2Perc_coupling_errors_on_RP.rml
2024-12-17 09:47:12,186 - INFO - Batch Completed
2024-12-17 09:47:12,186 - INFO - Waiting For batch, 60 simulations to go
2024-12-17 09:47:12,194 - INFO - Prepared sim number: 36: RAYPy_Simulation_bessy3_56m_PGM_2Perc_coupling_errors_on_RP/round_2/36_bessy3_56m_PGM_2Perc_coupling_errors_on_RP.rml
2024-12-17 09:47:12,202 - INFO - Prepared sim number: 37: RAYPy_Simulation_bessy3_56m_PGM_2Perc_coupling_errors_on_RP/round_2/37_bessy3_56m_PGM_2Perc_coupling_errors_on_RP.rml
2024-12-17 09:47:12,208 - INFO - Prepared sim number: 38: RAYPy_Simulation_bessy3_56m_PGM_2Perc_coupling_errors_on_RP/round_2/38_bessy3_56m_PGM_2Perc_coupling_errors_on_RP.rml
2024-12-17 09:47:12,217 - INFO - Prepared sim number: 39: RAYPy_Simulation_bessy3_56m_PGM_2Perc_coupling_errors_on_RP/round_2/39_bessy3_56m_PGM_2Perc_coupling_errors_on_RP.rml
2024-12-17 09:47:12,224 - INFO - Prepared sim number: 40: RAYPy_Simulation_bessy3_56m_PGM_2Perc_coupling_errors_on_RP/round_2/40_bessy3_56m_PGM_2Perc_coupling_errors_on_RP.rml
2024-12-17 09:47:12,234 - INFO - Prepared sim number: 41: RAYPy_Simulation_bessy3_56m_PGM_2Perc_coupling_errors_on_RP/round_2/41_bessy3_56m_PGM_2Perc_coupling_errors_on_RP.rml
2024-12-17 09:47:12,234 - INFO - Start round 3
2024-12-17 09:47:12,241 - INFO - Prepared sim number: 0: RAYPy_Simulation_bessy3_56m_PGM_2Perc_coupling_errors_on_RP/round_3/0_bessy3_56m_PGM_2Perc_coupling_errors_on_RP.rml
2024-12-17 09:47:12,249 - INFO - Prepared sim number: 1: RAYPy_Simulation_bessy3_56m_PGM_2Perc_coupling_errors_on_RP/round_3/1_bessy3_56m_PGM_2Perc_coupling_errors_on_RP.rml
2024-12-17 09:47:12,255 - INFO - Prepared sim number: 2: RAYPy_Simulation_bessy3_56m_PGM_2Perc_coupling_errors_on_RP/round_3/2_bessy3_56m_PGM_2Perc_coupling_errors_on_RP.rml
2024-12-17 09:47:12,262 - INFO - Prepared sim number: 3: RAYPy_Simulation_bessy3_56m_PGM_2Perc_coupling_errors_on_RP/round_3/3_bessy3_56m_PGM_2Perc_coupling_errors_on_RP.rml
2024-12-17 09:47:12,269 - INFO - Prepared sim number: 4: RAYPy_Simulation_bessy3_56m_PGM_2Perc_coupling_errors_on_RP/round_3/4_bessy3_56m_PGM_2Perc_coupling_errors_on_RP.rml
2024-12-17 09:47:12,274 - INFO - Prepared sim number: 5: RAYPy_Simulation_bessy3_56m_PGM_2Perc_coupling_errors_on_RP/round_3/5_bessy3_56m_PGM_2Perc_coupling_errors_on_RP.rml
2024-12-17 09:47:12,279 - INFO - Prepared sim number: 6: RAYPy_Simulation_bessy3_56m_PGM_2Perc_coupling_errors_on_RP/round_3/6_bessy3_56m_PGM_2Perc_coupling_errors_on_RP.rml
2024-12-17 09:47:12,284 - INFO - Prepared sim number: 7: RAYPy_Simulation_bessy3_56m_PGM_2Perc_coupling_errors_on_RP/round_3/7_bessy3_56m_PGM_2Perc_coupling_errors_on_RP.rml
2024-12-17 09:47:12,289 - INFO - Prepared sim number: 8: RAYPy_Simulation_bessy3_56m_PGM_2Perc_coupling_errors_on_RP/round_3/8_bessy3_56m_PGM_2Perc_coupling_errors_on_RP.rml
2024-12-17 09:47:12,294 - INFO - Prepared sim number: 9: RAYPy_Simulation_bessy3_56m_PGM_2Perc_coupling_errors_on_RP/round_3/9_bessy3_56m_PGM_2Perc_coupling_errors_on_RP.rml
2024-12-17 09:47:12,298 - INFO - Prepared sim number: 10: RAYPy_Simulation_bessy3_56m_PGM_2Perc_coupling_errors_on_RP/round_3/10_bessy3_56m_PGM_2Perc_coupling_errors_on_RP.rml
2024-12-17 09:47:12,303 - INFO - Prepared sim number: 11: RAYPy_Simulation_bessy3_56m_PGM_2Perc_coupling_errors_on_RP/round_3/11_bessy3_56m_PGM_2Perc_coupling_errors_on_RP.rml
2024-12-17 09:47:12,308 - INFO - Prepared sim number: 12: RAYPy_Simulation_bessy3_56m_PGM_2Perc_coupling_errors_on_RP/round_3/12_bessy3_56m_PGM_2Perc_coupling_errors_on_RP.rml
2024-12-17 09:47:12,312 - INFO - Prepared sim number: 13: RAYPy_Simulation_bessy3_56m_PGM_2Perc_coupling_errors_on_RP/round_3/13_bessy3_56m_PGM_2Perc_coupling_errors_on_RP.rml
2024-12-17 09:47:12,317 - INFO - Prepared sim number: 14: RAYPy_Simulation_bessy3_56m_PGM_2Perc_coupling_errors_on_RP/round_3/14_bessy3_56m_PGM_2Perc_coupling_errors_on_RP.rml
2024-12-17 09:47:12,322 - INFO - Prepared sim number: 15: RAYPy_Simulation_bessy3_56m_PGM_2Perc_coupling_errors_on_RP/round_3/15_bessy3_56m_PGM_2Perc_coupling_errors_on_RP.rml
2024-12-17 09:47:12,327 - INFO - Prepared sim number: 16: RAYPy_Simulation_bessy3_56m_PGM_2Perc_coupling_errors_on_RP/round_3/16_bessy3_56m_PGM_2Perc_coupling_errors_on_RP.rml
2024-12-17 09:47:12,331 - INFO - Prepared sim number: 17: RAYPy_Simulation_bessy3_56m_PGM_2Perc_coupling_errors_on_RP/round_3/17_bessy3_56m_PGM_2Perc_coupling_errors_on_RP.rml
2024-12-17 09:47:12,336 - INFO - Prepared sim number: 18: RAYPy_Simulation_bessy3_56m_PGM_2Perc_coupling_errors_on_RP/round_3/18_bessy3_56m_PGM_2Perc_coupling_errors_on_RP.rml
2024-12-17 09:47:12,341 - INFO - Prepared sim number: 19: RAYPy_Simulation_bessy3_56m_PGM_2Perc_coupling_errors_on_RP/round_3/19_bessy3_56m_PGM_2Perc_coupling_errors_on_RP.rml
2024-12-17 09:47:12,345 - INFO - Prepared sim number: 20: RAYPy_Simulation_bessy3_56m_PGM_2Perc_coupling_errors_on_RP/round_3/20_bessy3_56m_PGM_2Perc_coupling_errors_on_RP.rml
2024-12-17 09:47:12,351 - INFO - Prepared sim number: 21: RAYPy_Simulation_bessy3_56m_PGM_2Perc_coupling_errors_on_RP/round_3/21_bessy3_56m_PGM_2Perc_coupling_errors_on_RP.rml
2024-12-17 09:47:12,356 - INFO - Prepared sim number: 22: RAYPy_Simulation_bessy3_56m_PGM_2Perc_coupling_errors_on_RP/round_3/22_bessy3_56m_PGM_2Perc_coupling_errors_on_RP.rml
2024-12-17 09:47:12,362 - INFO - Prepared sim number: 23: RAYPy_Simulation_bessy3_56m_PGM_2Perc_coupling_errors_on_RP/round_3/23_bessy3_56m_PGM_2Perc_coupling_errors_on_RP.rml
2024-12-17 09:47:12,367 - INFO - Prepared sim number: 24: RAYPy_Simulation_bessy3_56m_PGM_2Perc_coupling_errors_on_RP/round_3/24_bessy3_56m_PGM_2Perc_coupling_errors_on_RP.rml
2024-12-17 09:47:12,371 - INFO - Prepared sim number: 25: RAYPy_Simulation_bessy3_56m_PGM_2Perc_coupling_errors_on_RP/round_3/25_bessy3_56m_PGM_2Perc_coupling_errors_on_RP.rml
2024-12-17 09:47:12,376 - INFO - Prepared sim number: 26: RAYPy_Simulation_bessy3_56m_PGM_2Perc_coupling_errors_on_RP/round_3/26_bessy3_56m_PGM_2Perc_coupling_errors_on_RP.rml
2024-12-17 09:47:12,380 - INFO - Prepared sim number: 27: RAYPy_Simulation_bessy3_56m_PGM_2Perc_coupling_errors_on_RP/round_3/27_bessy3_56m_PGM_2Perc_coupling_errors_on_RP.rml
2024-12-17 09:47:12,385 - INFO - Prepared sim number: 28: RAYPy_Simulation_bessy3_56m_PGM_2Perc_coupling_errors_on_RP/round_3/28_bessy3_56m_PGM_2Perc_coupling_errors_on_RP.rml
2024-12-17 09:47:12,390 - INFO - Prepared sim number: 29: RAYPy_Simulation_bessy3_56m_PGM_2Perc_coupling_errors_on_RP/round_3/29_bessy3_56m_PGM_2Perc_coupling_errors_on_RP.rml
2024-12-17 09:47:12,394 - INFO - Prepared sim number: 30: RAYPy_Simulation_bessy3_56m_PGM_2Perc_coupling_errors_on_RP/round_3/30_bessy3_56m_PGM_2Perc_coupling_errors_on_RP.rml
2024-12-17 09:47:12,400 - INFO - Prepared sim number: 31: RAYPy_Simulation_bessy3_56m_PGM_2Perc_coupling_errors_on_RP/round_3/31_bessy3_56m_PGM_2Perc_coupling_errors_on_RP.rml
2024-12-17 09:47:12,405 - INFO - Prepared sim number: 32: RAYPy_Simulation_bessy3_56m_PGM_2Perc_coupling_errors_on_RP/round_3/32_bessy3_56m_PGM_2Perc_coupling_errors_on_RP.rml
2024-12-17 09:47:12,409 - INFO - Prepared sim number: 33: RAYPy_Simulation_bessy3_56m_PGM_2Perc_coupling_errors_on_RP/round_3/33_bessy3_56m_PGM_2Perc_coupling_errors_on_RP.rml
2024-12-17 09:47:12,414 - INFO - Prepared sim number: 34: RAYPy_Simulation_bessy3_56m_PGM_2Perc_coupling_errors_on_RP/round_3/34_bessy3_56m_PGM_2Perc_coupling_errors_on_RP.rml
2024-12-17 09:47:12,419 - INFO - Prepared sim number: 35: RAYPy_Simulation_bessy3_56m_PGM_2Perc_coupling_errors_on_RP/round_3/35_bessy3_56m_PGM_2Perc_coupling_errors_on_RP.rml
2024-12-17 09:47:12,424 - INFO - Prepared sim number: 36: RAYPy_Simulation_bessy3_56m_PGM_2Perc_coupling_errors_on_RP/round_3/36_bessy3_56m_PGM_2Perc_coupling_errors_on_RP.rml
2024-12-17 09:47:12,428 - INFO - Prepared sim number: 37: RAYPy_Simulation_bessy3_56m_PGM_2Perc_coupling_errors_on_RP/round_3/37_bessy3_56m_PGM_2Perc_coupling_errors_on_RP.rml
2024-12-17 09:47:12,434 - INFO - Prepared sim number: 38: RAYPy_Simulation_bessy3_56m_PGM_2Perc_coupling_errors_on_RP/round_3/38_bessy3_56m_PGM_2Perc_coupling_errors_on_RP.rml
2024-12-17 09:47:12,438 - INFO - Prepared sim number: 39: RAYPy_Simulation_bessy3_56m_PGM_2Perc_coupling_errors_on_RP/round_3/39_bessy3_56m_PGM_2Perc_coupling_errors_on_RP.rml
2024-12-17 09:47:12,442 - INFO - Prepared sim number: 40: RAYPy_Simulation_bessy3_56m_PGM_2Perc_coupling_errors_on_RP/round_3/40_bessy3_56m_PGM_2Perc_coupling_errors_on_RP.rml
2024-12-17 09:47:12,447 - INFO - Prepared sim number: 41: RAYPy_Simulation_bessy3_56m_PGM_2Perc_coupling_errors_on_RP/round_3/41_bessy3_56m_PGM_2Perc_coupling_errors_on_RP.rml
2024-12-17 09:47:12,447 - INFO - Start round 4
2024-12-17 09:47:12,452 - INFO - Prepared sim number: 0: RAYPy_Simulation_bessy3_56m_PGM_2Perc_coupling_errors_on_RP/round_4/0_bessy3_56m_PGM_2Perc_coupling_errors_on_RP.rml
2024-12-17 09:47:12,457 - INFO - Prepared sim number: 1: RAYPy_Simulation_bessy3_56m_PGM_2Perc_coupling_errors_on_RP/round_4/1_bessy3_56m_PGM_2Perc_coupling_errors_on_RP.rml
2024-12-17 09:47:12,463 - INFO - Prepared sim number: 2: RAYPy_Simulation_bessy3_56m_PGM_2Perc_coupling_errors_on_RP/round_4/2_bessy3_56m_PGM_2Perc_coupling_errors_on_RP.rml
2024-12-17 09:47:12,468 - INFO - Prepared sim number: 3: RAYPy_Simulation_bessy3_56m_PGM_2Perc_coupling_errors_on_RP/round_4/3_bessy3_56m_PGM_2Perc_coupling_errors_on_RP.rml
2024-12-17 09:47:12,473 - INFO - Prepared sim number: 4: RAYPy_Simulation_bessy3_56m_PGM_2Perc_coupling_errors_on_RP/round_4/4_bessy3_56m_PGM_2Perc_coupling_errors_on_RP.rml
2024-12-17 09:47:12,478 - INFO - Prepared sim number: 5: RAYPy_Simulation_bessy3_56m_PGM_2Perc_coupling_errors_on_RP/round_4/5_bessy3_56m_PGM_2Perc_coupling_errors_on_RP.rml
2024-12-17 09:47:12,482 - INFO - Prepared sim number: 6: RAYPy_Simulation_bessy3_56m_PGM_2Perc_coupling_errors_on_RP/round_4/6_bessy3_56m_PGM_2Perc_coupling_errors_on_RP.rml
2024-12-17 09:47:12,486 - INFO - Prepared sim number: 7: RAYPy_Simulation_bessy3_56m_PGM_2Perc_coupling_errors_on_RP/round_4/7_bessy3_56m_PGM_2Perc_coupling_errors_on_RP.rml
2024-12-17 09:47:12,491 - INFO - Prepared sim number: 8: RAYPy_Simulation_bessy3_56m_PGM_2Perc_coupling_errors_on_RP/round_4/8_bessy3_56m_PGM_2Perc_coupling_errors_on_RP.rml
2024-12-17 09:47:12,496 - INFO - Prepared sim number: 9: RAYPy_Simulation_bessy3_56m_PGM_2Perc_coupling_errors_on_RP/round_4/9_bessy3_56m_PGM_2Perc_coupling_errors_on_RP.rml
2024-12-17 09:47:12,501 - INFO - Prepared sim number: 10: RAYPy_Simulation_bessy3_56m_PGM_2Perc_coupling_errors_on_RP/round_4/10_bessy3_56m_PGM_2Perc_coupling_errors_on_RP.rml
2024-12-17 09:47:12,506 - INFO - Prepared sim number: 11: RAYPy_Simulation_bessy3_56m_PGM_2Perc_coupling_errors_on_RP/round_4/11_bessy3_56m_PGM_2Perc_coupling_errors_on_RP.rml
2024-12-17 09:47:12,507 - INFO - Waiting for batch number: 2, timeout: 21.446024274826048s
2024-12-17 09:47:14,852 - INFO - Completed: 1, remaining: 59, RAYPy_Simulation_bessy3_56m_PGM_2Perc_coupling_errors_on_RP/round_3/5_bessy3_56m_PGM_2Perc_coupling_errors_on_RP.rml
2024-12-17 09:47:14,860 - INFO - Completed: 2, remaining: 58, RAYPy_Simulation_bessy3_56m_PGM_2Perc_coupling_errors_on_RP/round_3/4_bessy3_56m_PGM_2Perc_coupling_errors_on_RP.rml
2024-12-17 09:47:14,971 - INFO - Completed: 3, remaining: 57, RAYPy_Simulation_bessy3_56m_PGM_2Perc_coupling_errors_on_RP/round_3/2_bessy3_56m_PGM_2Perc_coupling_errors_on_RP.rml
2024-12-17 09:47:15,050 - INFO - Completed: 4, remaining: 56, RAYPy_Simulation_bessy3_56m_PGM_2Perc_coupling_errors_on_RP/round_3/0_bessy3_56m_PGM_2Perc_coupling_errors_on_RP.rml
2024-12-17 09:47:15,119 - INFO - Completed: 5, remaining: 55, RAYPy_Simulation_bessy3_56m_PGM_2Perc_coupling_errors_on_RP/round_2/40_bessy3_56m_PGM_2Perc_coupling_errors_on_RP.rml
2024-12-17 09:47:15,158 - INFO - Completed: 6, remaining: 54, RAYPy_Simulation_bessy3_56m_PGM_2Perc_coupling_errors_on_RP/round_2/38_bessy3_56m_PGM_2Perc_coupling_errors_on_RP.rml
2024-12-17 09:47:15,188 - INFO - Completed: 7, remaining: 53, RAYPy_Simulation_bessy3_56m_PGM_2Perc_coupling_errors_on_RP/round_2/41_bessy3_56m_PGM_2Perc_coupling_errors_on_RP.rml
2024-12-17 09:47:17,564 - INFO - Completed: 8, remaining: 52, RAYPy_Simulation_bessy3_56m_PGM_2Perc_coupling_errors_on_RP/round_2/39_bessy3_56m_PGM_2Perc_coupling_errors_on_RP.rml
2024-12-17 09:47:17,606 - INFO - Completed: 9, remaining: 51, RAYPy_Simulation_bessy3_56m_PGM_2Perc_coupling_errors_on_RP/round_2/36_bessy3_56m_PGM_2Perc_coupling_errors_on_RP.rml
2024-12-17 09:47:17,726 - INFO - Completed: 10, remaining: 50, RAYPy_Simulation_bessy3_56m_PGM_2Perc_coupling_errors_on_RP/round_2/37_bessy3_56m_PGM_2Perc_coupling_errors_on_RP.rml
2024-12-17 09:47:17,797 - INFO - Completed: 11, remaining: 49, RAYPy_Simulation_bessy3_56m_PGM_2Perc_coupling_errors_on_RP/round_3/1_bessy3_56m_PGM_2Perc_coupling_errors_on_RP.rml
2024-12-17 09:47:18,066 - INFO - Completed: 12, remaining: 48, RAYPy_Simulation_bessy3_56m_PGM_2Perc_coupling_errors_on_RP/round_3/3_bessy3_56m_PGM_2Perc_coupling_errors_on_RP.rml
2024-12-17 09:47:18,103 - INFO - Completed: 13, remaining: 47, RAYPy_Simulation_bessy3_56m_PGM_2Perc_coupling_errors_on_RP/round_3/8_bessy3_56m_PGM_2Perc_coupling_errors_on_RP.rml
2024-12-17 09:47:18,230 - INFO - Completed: 14, remaining: 46, RAYPy_Simulation_bessy3_56m_PGM_2Perc_coupling_errors_on_RP/round_3/6_bessy3_56m_PGM_2Perc_coupling_errors_on_RP.rml
2024-12-17 09:47:18,331 - INFO - Completed: 15, remaining: 45, RAYPy_Simulation_bessy3_56m_PGM_2Perc_coupling_errors_on_RP/round_3/7_bessy3_56m_PGM_2Perc_coupling_errors_on_RP.rml
2024-12-17 09:47:18,356 - INFO - Completed: 16, remaining: 44, RAYPy_Simulation_bessy3_56m_PGM_2Perc_coupling_errors_on_RP/round_3/10_bessy3_56m_PGM_2Perc_coupling_errors_on_RP.rml
2024-12-17 09:47:18,367 - INFO - Completed: 17, remaining: 43, RAYPy_Simulation_bessy3_56m_PGM_2Perc_coupling_errors_on_RP/round_3/9_bessy3_56m_PGM_2Perc_coupling_errors_on_RP.rml
2024-12-17 09:47:18,470 - INFO - Completed: 18, remaining: 42, RAYPy_Simulation_bessy3_56m_PGM_2Perc_coupling_errors_on_RP/round_3/12_bessy3_56m_PGM_2Perc_coupling_errors_on_RP.rml
2024-12-17 09:47:18,583 - INFO - Completed: 19, remaining: 41, RAYPy_Simulation_bessy3_56m_PGM_2Perc_coupling_errors_on_RP/round_3/11_bessy3_56m_PGM_2Perc_coupling_errors_on_RP.rml
2024-12-17 09:47:20,816 - INFO - Completed: 20, remaining: 40, RAYPy_Simulation_bessy3_56m_PGM_2Perc_coupling_errors_on_RP/round_3/14_bessy3_56m_PGM_2Perc_coupling_errors_on_RP.rml
2024-12-17 09:47:20,979 - INFO - Completed: 21, remaining: 39, RAYPy_Simulation_bessy3_56m_PGM_2Perc_coupling_errors_on_RP/round_3/15_bessy3_56m_PGM_2Perc_coupling_errors_on_RP.rml
2024-12-17 09:47:21,419 - INFO - Completed: 22, remaining: 38, RAYPy_Simulation_bessy3_56m_PGM_2Perc_coupling_errors_on_RP/round_3/16_bessy3_56m_PGM_2Perc_coupling_errors_on_RP.rml
2024-12-17 09:47:21,483 - INFO - Completed: 23, remaining: 37, RAYPy_Simulation_bessy3_56m_PGM_2Perc_coupling_errors_on_RP/round_3/18_bessy3_56m_PGM_2Perc_coupling_errors_on_RP.rml
2024-12-17 09:47:21,584 - INFO - Completed: 24, remaining: 36, RAYPy_Simulation_bessy3_56m_PGM_2Perc_coupling_errors_on_RP/round_3/17_bessy3_56m_PGM_2Perc_coupling_errors_on_RP.rml
2024-12-17 09:47:21,905 - INFO - Completed: 25, remaining: 35, RAYPy_Simulation_bessy3_56m_PGM_2Perc_coupling_errors_on_RP/round_3/19_bessy3_56m_PGM_2Perc_coupling_errors_on_RP.rml
2024-12-17 09:47:21,959 - INFO - Completed: 26, remaining: 34, RAYPy_Simulation_bessy3_56m_PGM_2Perc_coupling_errors_on_RP/round_3/21_bessy3_56m_PGM_2Perc_coupling_errors_on_RP.rml
2024-12-17 09:47:22,032 - INFO - Completed: 27, remaining: 33, RAYPy_Simulation_bessy3_56m_PGM_2Perc_coupling_errors_on_RP/round_3/13_bessy3_56m_PGM_2Perc_coupling_errors_on_RP.rml
2024-12-17 09:47:22,084 - INFO - Completed: 28, remaining: 32, RAYPy_Simulation_bessy3_56m_PGM_2Perc_coupling_errors_on_RP/round_3/22_bessy3_56m_PGM_2Perc_coupling_errors_on_RP.rml
2024-12-17 09:47:22,143 - INFO - Completed: 29, remaining: 31, RAYPy_Simulation_bessy3_56m_PGM_2Perc_coupling_errors_on_RP/round_3/20_bessy3_56m_PGM_2Perc_coupling_errors_on_RP.rml
2024-12-17 09:47:22,182 - INFO - Completed: 30, remaining: 30, RAYPy_Simulation_bessy3_56m_PGM_2Perc_coupling_errors_on_RP/round_3/23_bessy3_56m_PGM_2Perc_coupling_errors_on_RP.rml
2024-12-17 09:47:22,363 - INFO - Completed: 31, remaining: 29, RAYPy_Simulation_bessy3_56m_PGM_2Perc_coupling_errors_on_RP/round_3/24_bessy3_56m_PGM_2Perc_coupling_errors_on_RP.rml
2024-12-17 09:47:24,044 - INFO - Completed: 32, remaining: 28, RAYPy_Simulation_bessy3_56m_PGM_2Perc_coupling_errors_on_RP/round_3/25_bessy3_56m_PGM_2Perc_coupling_errors_on_RP.rml
2024-12-17 09:47:24,279 - INFO - Completed: 33, remaining: 27, RAYPy_Simulation_bessy3_56m_PGM_2Perc_coupling_errors_on_RP/round_3/26_bessy3_56m_PGM_2Perc_coupling_errors_on_RP.rml
2024-12-17 09:47:24,684 - INFO - Completed: 34, remaining: 26, RAYPy_Simulation_bessy3_56m_PGM_2Perc_coupling_errors_on_RP/round_3/27_bessy3_56m_PGM_2Perc_coupling_errors_on_RP.rml
2024-12-17 09:47:24,760 - INFO - Completed: 35, remaining: 25, RAYPy_Simulation_bessy3_56m_PGM_2Perc_coupling_errors_on_RP/round_3/28_bessy3_56m_PGM_2Perc_coupling_errors_on_RP.rml
2024-12-17 09:47:25,045 - INFO - Completed: 36, remaining: 24, RAYPy_Simulation_bessy3_56m_PGM_2Perc_coupling_errors_on_RP/round_3/29_bessy3_56m_PGM_2Perc_coupling_errors_on_RP.rml
2024-12-17 09:47:25,397 - INFO - Completed: 37, remaining: 23, RAYPy_Simulation_bessy3_56m_PGM_2Perc_coupling_errors_on_RP/round_3/30_bessy3_56m_PGM_2Perc_coupling_errors_on_RP.rml
2024-12-17 09:47:25,572 - INFO - Completed: 38, remaining: 22, RAYPy_Simulation_bessy3_56m_PGM_2Perc_coupling_errors_on_RP/round_3/31_bessy3_56m_PGM_2Perc_coupling_errors_on_RP.rml
2024-12-17 09:47:25,700 - INFO - Completed: 39, remaining: 21, RAYPy_Simulation_bessy3_56m_PGM_2Perc_coupling_errors_on_RP/round_3/34_bessy3_56m_PGM_2Perc_coupling_errors_on_RP.rml
2024-12-17 09:47:25,717 - INFO - Completed: 40, remaining: 20, RAYPy_Simulation_bessy3_56m_PGM_2Perc_coupling_errors_on_RP/round_3/33_bessy3_56m_PGM_2Perc_coupling_errors_on_RP.rml
2024-12-17 09:47:25,773 - INFO - Completed: 41, remaining: 19, RAYPy_Simulation_bessy3_56m_PGM_2Perc_coupling_errors_on_RP/round_3/35_bessy3_56m_PGM_2Perc_coupling_errors_on_RP.rml
2024-12-17 09:47:25,858 - INFO - Completed: 42, remaining: 18, RAYPy_Simulation_bessy3_56m_PGM_2Perc_coupling_errors_on_RP/round_3/32_bessy3_56m_PGM_2Perc_coupling_errors_on_RP.rml
2024-12-17 09:47:25,969 - INFO - Completed: 43, remaining: 17, RAYPy_Simulation_bessy3_56m_PGM_2Perc_coupling_errors_on_RP/round_3/36_bessy3_56m_PGM_2Perc_coupling_errors_on_RP.rml
2024-12-17 09:47:27,186 - INFO - Completed: 44, remaining: 16, RAYPy_Simulation_bessy3_56m_PGM_2Perc_coupling_errors_on_RP/round_3/37_bessy3_56m_PGM_2Perc_coupling_errors_on_RP.rml
2024-12-17 09:47:27,500 - INFO - Completed: 45, remaining: 15, RAYPy_Simulation_bessy3_56m_PGM_2Perc_coupling_errors_on_RP/round_3/38_bessy3_56m_PGM_2Perc_coupling_errors_on_RP.rml
2024-12-17 09:47:27,974 - INFO - Completed: 46, remaining: 14, RAYPy_Simulation_bessy3_56m_PGM_2Perc_coupling_errors_on_RP/round_3/39_bessy3_56m_PGM_2Perc_coupling_errors_on_RP.rml
2024-12-17 09:47:27,991 - INFO - Completed: 47, remaining: 13, RAYPy_Simulation_bessy3_56m_PGM_2Perc_coupling_errors_on_RP/round_3/40_bessy3_56m_PGM_2Perc_coupling_errors_on_RP.rml
2024-12-17 09:47:28,249 - INFO - Completed: 48, remaining: 12, RAYPy_Simulation_bessy3_56m_PGM_2Perc_coupling_errors_on_RP/round_4/0_bessy3_56m_PGM_2Perc_coupling_errors_on_RP.rml
2024-12-17 09:47:28,350 - INFO - Completed: 49, remaining: 11, RAYPy_Simulation_bessy3_56m_PGM_2Perc_coupling_errors_on_RP/round_3/41_bessy3_56m_PGM_2Perc_coupling_errors_on_RP.rml
2024-12-17 09:47:28,591 - INFO - Completed: 50, remaining: 10, RAYPy_Simulation_bessy3_56m_PGM_2Perc_coupling_errors_on_RP/round_4/3_bessy3_56m_PGM_2Perc_coupling_errors_on_RP.rml
2024-12-17 09:47:28,726 - INFO - Completed: 51, remaining: 9, RAYPy_Simulation_bessy3_56m_PGM_2Perc_coupling_errors_on_RP/round_4/4_bessy3_56m_PGM_2Perc_coupling_errors_on_RP.rml
2024-12-17 09:47:28,738 - INFO - Completed: 52, remaining: 8, RAYPy_Simulation_bessy3_56m_PGM_2Perc_coupling_errors_on_RP/round_4/1_bessy3_56m_PGM_2Perc_coupling_errors_on_RP.rml
2024-12-17 09:47:28,842 - INFO - Completed: 53, remaining: 7, RAYPy_Simulation_bessy3_56m_PGM_2Perc_coupling_errors_on_RP/round_4/2_bessy3_56m_PGM_2Perc_coupling_errors_on_RP.rml
2024-12-17 09:47:28,953 - INFO - Completed: 54, remaining: 6, RAYPy_Simulation_bessy3_56m_PGM_2Perc_coupling_errors_on_RP/round_4/5_bessy3_56m_PGM_2Perc_coupling_errors_on_RP.rml
2024-12-17 09:47:29,239 - INFO - Completed: 55, remaining: 5, RAYPy_Simulation_bessy3_56m_PGM_2Perc_coupling_errors_on_RP/round_4/6_bessy3_56m_PGM_2Perc_coupling_errors_on_RP.rml
2024-12-17 09:47:29,947 - INFO - Completed: 56, remaining: 4, RAYPy_Simulation_bessy3_56m_PGM_2Perc_coupling_errors_on_RP/round_4/7_bessy3_56m_PGM_2Perc_coupling_errors_on_RP.rml
2024-12-17 09:47:30,126 - INFO - Completed: 57, remaining: 3, RAYPy_Simulation_bessy3_56m_PGM_2Perc_coupling_errors_on_RP/round_4/8_bessy3_56m_PGM_2Perc_coupling_errors_on_RP.rml
2024-12-17 09:47:30,429 - INFO - Completed: 58, remaining: 2, RAYPy_Simulation_bessy3_56m_PGM_2Perc_coupling_errors_on_RP/round_4/9_bessy3_56m_PGM_2Perc_coupling_errors_on_RP.rml
2024-12-17 09:47:30,484 - INFO - Completed: 59, remaining: 1, RAYPy_Simulation_bessy3_56m_PGM_2Perc_coupling_errors_on_RP/round_4/10_bessy3_56m_PGM_2Perc_coupling_errors_on_RP.rml
2024-12-17 09:47:31,207 - INFO - Completed: 60, remaining: 0, RAYPy_Simulation_bessy3_56m_PGM_2Perc_coupling_errors_on_RP/round_4/11_bessy3_56m_PGM_2Perc_coupling_errors_on_RP.rml
2024-12-17 09:47:31,207 - INFO - Batch Completed
2024-12-17 09:47:31,207 - INFO - Waiting For batch, 60 simulations to go
2024-12-17 09:47:31,212 - INFO - Prepared sim number: 12: RAYPy_Simulation_bessy3_56m_PGM_2Perc_coupling_errors_on_RP/round_4/12_bessy3_56m_PGM_2Perc_coupling_errors_on_RP.rml
2024-12-17 09:47:31,216 - INFO - Prepared sim number: 13: RAYPy_Simulation_bessy3_56m_PGM_2Perc_coupling_errors_on_RP/round_4/13_bessy3_56m_PGM_2Perc_coupling_errors_on_RP.rml
2024-12-17 09:47:31,223 - INFO - Prepared sim number: 14: RAYPy_Simulation_bessy3_56m_PGM_2Perc_coupling_errors_on_RP/round_4/14_bessy3_56m_PGM_2Perc_coupling_errors_on_RP.rml
2024-12-17 09:47:31,226 - INFO - Prepared sim number: 15: RAYPy_Simulation_bessy3_56m_PGM_2Perc_coupling_errors_on_RP/round_4/15_bessy3_56m_PGM_2Perc_coupling_errors_on_RP.rml
2024-12-17 09:47:31,231 - INFO - Prepared sim number: 16: RAYPy_Simulation_bessy3_56m_PGM_2Perc_coupling_errors_on_RP/round_4/16_bessy3_56m_PGM_2Perc_coupling_errors_on_RP.rml
2024-12-17 09:47:31,234 - INFO - Prepared sim number: 17: RAYPy_Simulation_bessy3_56m_PGM_2Perc_coupling_errors_on_RP/round_4/17_bessy3_56m_PGM_2Perc_coupling_errors_on_RP.rml
2024-12-17 09:47:31,238 - INFO - Prepared sim number: 18: RAYPy_Simulation_bessy3_56m_PGM_2Perc_coupling_errors_on_RP/round_4/18_bessy3_56m_PGM_2Perc_coupling_errors_on_RP.rml
2024-12-17 09:47:31,244 - INFO - Prepared sim number: 19: RAYPy_Simulation_bessy3_56m_PGM_2Perc_coupling_errors_on_RP/round_4/19_bessy3_56m_PGM_2Perc_coupling_errors_on_RP.rml
2024-12-17 09:47:31,248 - INFO - Prepared sim number: 20: RAYPy_Simulation_bessy3_56m_PGM_2Perc_coupling_errors_on_RP/round_4/20_bessy3_56m_PGM_2Perc_coupling_errors_on_RP.rml
2024-12-17 09:47:31,253 - INFO - Prepared sim number: 21: RAYPy_Simulation_bessy3_56m_PGM_2Perc_coupling_errors_on_RP/round_4/21_bessy3_56m_PGM_2Perc_coupling_errors_on_RP.rml
2024-12-17 09:47:31,257 - INFO - Prepared sim number: 22: RAYPy_Simulation_bessy3_56m_PGM_2Perc_coupling_errors_on_RP/round_4/22_bessy3_56m_PGM_2Perc_coupling_errors_on_RP.rml
2024-12-17 09:47:31,260 - INFO - Prepared sim number: 23: RAYPy_Simulation_bessy3_56m_PGM_2Perc_coupling_errors_on_RP/round_4/23_bessy3_56m_PGM_2Perc_coupling_errors_on_RP.rml
2024-12-17 09:47:31,264 - INFO - Prepared sim number: 24: RAYPy_Simulation_bessy3_56m_PGM_2Perc_coupling_errors_on_RP/round_4/24_bessy3_56m_PGM_2Perc_coupling_errors_on_RP.rml
2024-12-17 09:47:31,268 - INFO - Prepared sim number: 25: RAYPy_Simulation_bessy3_56m_PGM_2Perc_coupling_errors_on_RP/round_4/25_bessy3_56m_PGM_2Perc_coupling_errors_on_RP.rml
2024-12-17 09:47:31,271 - INFO - Prepared sim number: 26: RAYPy_Simulation_bessy3_56m_PGM_2Perc_coupling_errors_on_RP/round_4/26_bessy3_56m_PGM_2Perc_coupling_errors_on_RP.rml
2024-12-17 09:47:31,274 - INFO - Prepared sim number: 27: RAYPy_Simulation_bessy3_56m_PGM_2Perc_coupling_errors_on_RP/round_4/27_bessy3_56m_PGM_2Perc_coupling_errors_on_RP.rml
2024-12-17 09:47:31,277 - INFO - Prepared sim number: 28: RAYPy_Simulation_bessy3_56m_PGM_2Perc_coupling_errors_on_RP/round_4/28_bessy3_56m_PGM_2Perc_coupling_errors_on_RP.rml
2024-12-17 09:47:31,281 - INFO - Prepared sim number: 29: RAYPy_Simulation_bessy3_56m_PGM_2Perc_coupling_errors_on_RP/round_4/29_bessy3_56m_PGM_2Perc_coupling_errors_on_RP.rml
2024-12-17 09:47:31,284 - INFO - Prepared sim number: 30: RAYPy_Simulation_bessy3_56m_PGM_2Perc_coupling_errors_on_RP/round_4/30_bessy3_56m_PGM_2Perc_coupling_errors_on_RP.rml
2024-12-17 09:47:31,287 - INFO - Prepared sim number: 31: RAYPy_Simulation_bessy3_56m_PGM_2Perc_coupling_errors_on_RP/round_4/31_bessy3_56m_PGM_2Perc_coupling_errors_on_RP.rml
2024-12-17 09:47:31,290 - INFO - Prepared sim number: 32: RAYPy_Simulation_bessy3_56m_PGM_2Perc_coupling_errors_on_RP/round_4/32_bessy3_56m_PGM_2Perc_coupling_errors_on_RP.rml
2024-12-17 09:47:31,293 - INFO - Prepared sim number: 33: RAYPy_Simulation_bessy3_56m_PGM_2Perc_coupling_errors_on_RP/round_4/33_bessy3_56m_PGM_2Perc_coupling_errors_on_RP.rml
2024-12-17 09:47:31,296 - INFO - Prepared sim number: 34: RAYPy_Simulation_bessy3_56m_PGM_2Perc_coupling_errors_on_RP/round_4/34_bessy3_56m_PGM_2Perc_coupling_errors_on_RP.rml
2024-12-17 09:47:31,298 - INFO - Prepared sim number: 35: RAYPy_Simulation_bessy3_56m_PGM_2Perc_coupling_errors_on_RP/round_4/35_bessy3_56m_PGM_2Perc_coupling_errors_on_RP.rml
2024-12-17 09:47:31,301 - INFO - Prepared sim number: 36: RAYPy_Simulation_bessy3_56m_PGM_2Perc_coupling_errors_on_RP/round_4/36_bessy3_56m_PGM_2Perc_coupling_errors_on_RP.rml
2024-12-17 09:47:31,304 - INFO - Prepared sim number: 37: RAYPy_Simulation_bessy3_56m_PGM_2Perc_coupling_errors_on_RP/round_4/37_bessy3_56m_PGM_2Perc_coupling_errors_on_RP.rml
2024-12-17 09:47:31,307 - INFO - Prepared sim number: 38: RAYPy_Simulation_bessy3_56m_PGM_2Perc_coupling_errors_on_RP/round_4/38_bessy3_56m_PGM_2Perc_coupling_errors_on_RP.rml
2024-12-17 09:47:31,310 - INFO - Prepared sim number: 39: RAYPy_Simulation_bessy3_56m_PGM_2Perc_coupling_errors_on_RP/round_4/39_bessy3_56m_PGM_2Perc_coupling_errors_on_RP.rml
2024-12-17 09:47:31,313 - INFO - Prepared sim number: 40: RAYPy_Simulation_bessy3_56m_PGM_2Perc_coupling_errors_on_RP/round_4/40_bessy3_56m_PGM_2Perc_coupling_errors_on_RP.rml
2024-12-17 09:47:31,316 - INFO - Prepared sim number: 41: RAYPy_Simulation_bessy3_56m_PGM_2Perc_coupling_errors_on_RP/round_4/41_bessy3_56m_PGM_2Perc_coupling_errors_on_RP.rml
2024-12-17 09:47:31,316 - INFO - Waiting for batch number: 3, timeout: 21.081346313158672s
2024-12-17 09:47:33,098 - INFO - Completed: 1, remaining: 59, RAYPy_Simulation_bessy3_56m_PGM_2Perc_coupling_errors_on_RP/round_4/18_bessy3_56m_PGM_2Perc_coupling_errors_on_RP.rml
2024-12-17 09:47:33,171 - INFO - Completed: 2, remaining: 58, RAYPy_Simulation_bessy3_56m_PGM_2Perc_coupling_errors_on_RP/round_4/15_bessy3_56m_PGM_2Perc_coupling_errors_on_RP.rml
2024-12-17 09:47:33,239 - INFO - Completed: 3, remaining: 57, RAYPy_Simulation_bessy3_56m_PGM_2Perc_coupling_errors_on_RP/round_4/12_bessy3_56m_PGM_2Perc_coupling_errors_on_RP.rml
2024-12-17 09:47:33,254 - INFO - Completed: 4, remaining: 56, RAYPy_Simulation_bessy3_56m_PGM_2Perc_coupling_errors_on_RP/round_4/17_bessy3_56m_PGM_2Perc_coupling_errors_on_RP.rml
2024-12-17 09:47:33,644 - INFO - Completed: 5, remaining: 55, RAYPy_Simulation_bessy3_56m_PGM_2Perc_coupling_errors_on_RP/round_4/16_bessy3_56m_PGM_2Perc_coupling_errors_on_RP.rml
2024-12-17 09:47:35,974 - INFO - Completed: 6, remaining: 54, RAYPy_Simulation_bessy3_56m_PGM_2Perc_coupling_errors_on_RP/round_4/24_bessy3_56m_PGM_2Perc_coupling_errors_on_RP.rml
2024-12-17 09:47:35,986 - INFO - Completed: 7, remaining: 53, RAYPy_Simulation_bessy3_56m_PGM_2Perc_coupling_errors_on_RP/round_4/27_bessy3_56m_PGM_2Perc_coupling_errors_on_RP.rml
2024-12-17 09:47:36,434 - INFO - Completed: 8, remaining: 52, RAYPy_Simulation_bessy3_56m_PGM_2Perc_coupling_errors_on_RP/round_4/25_bessy3_56m_PGM_2Perc_coupling_errors_on_RP.rml
2024-12-17 09:47:36,440 - INFO - Completed: 9, remaining: 51, RAYPy_Simulation_bessy3_56m_PGM_2Perc_coupling_errors_on_RP/round_4/21_bessy3_56m_PGM_2Perc_coupling_errors_on_RP.rml
2024-12-17 09:47:36,474 - INFO - Completed: 10, remaining: 50, RAYPy_Simulation_bessy3_56m_PGM_2Perc_coupling_errors_on_RP/round_4/13_bessy3_56m_PGM_2Perc_coupling_errors_on_RP.rml
2024-12-17 09:47:36,583 - INFO - Completed: 11, remaining: 49, RAYPy_Simulation_bessy3_56m_PGM_2Perc_coupling_errors_on_RP/round_4/26_bessy3_56m_PGM_2Perc_coupling_errors_on_RP.rml
2024-12-17 09:47:36,642 - INFO - Completed: 12, remaining: 48, RAYPy_Simulation_bessy3_56m_PGM_2Perc_coupling_errors_on_RP/round_4/14_bessy3_56m_PGM_2Perc_coupling_errors_on_RP.rml
2024-12-17 09:47:36,759 - INFO - Completed: 13, remaining: 47, RAYPy_Simulation_bessy3_56m_PGM_2Perc_coupling_errors_on_RP/round_4/23_bessy3_56m_PGM_2Perc_coupling_errors_on_RP.rml
2024-12-17 09:47:36,818 - INFO - Completed: 14, remaining: 46, RAYPy_Simulation_bessy3_56m_PGM_2Perc_coupling_errors_on_RP/round_4/22_bessy3_56m_PGM_2Perc_coupling_errors_on_RP.rml
2024-12-17 09:47:36,949 - INFO - Completed: 15, remaining: 45, RAYPy_Simulation_bessy3_56m_PGM_2Perc_coupling_errors_on_RP/round_4/20_bessy3_56m_PGM_2Perc_coupling_errors_on_RP.rml
2024-12-17 09:47:37,024 - INFO - Completed: 16, remaining: 44, RAYPy_Simulation_bessy3_56m_PGM_2Perc_coupling_errors_on_RP/round_4/28_bessy3_56m_PGM_2Perc_coupling_errors_on_RP.rml
2024-12-17 09:47:38,514 - INFO - Completed: 17, remaining: 43, RAYPy_Simulation_bessy3_56m_PGM_2Perc_coupling_errors_on_RP/round_4/19_bessy3_56m_PGM_2Perc_coupling_errors_on_RP.rml
2024-12-17 09:47:39,284 - INFO - Completed: 18, remaining: 42, RAYPy_Simulation_bessy3_56m_PGM_2Perc_coupling_errors_on_RP/round_4/29_bessy3_56m_PGM_2Perc_coupling_errors_on_RP.rml
2024-12-17 09:47:39,460 - INFO - Completed: 19, remaining: 41, RAYPy_Simulation_bessy3_56m_PGM_2Perc_coupling_errors_on_RP/round_4/30_bessy3_56m_PGM_2Perc_coupling_errors_on_RP.rml
2024-12-17 09:47:39,888 - INFO - Completed: 20, remaining: 40, RAYPy_Simulation_bessy3_56m_PGM_2Perc_coupling_errors_on_RP/round_4/31_bessy3_56m_PGM_2Perc_coupling_errors_on_RP.rml
2024-12-17 09:47:40,185 - INFO - Completed: 21, remaining: 39, RAYPy_Simulation_bessy3_56m_PGM_2Perc_coupling_errors_on_RP/round_4/36_bessy3_56m_PGM_2Perc_coupling_errors_on_RP.rml
2024-12-17 09:47:40,219 - INFO - Completed: 22, remaining: 38, RAYPy_Simulation_bessy3_56m_PGM_2Perc_coupling_errors_on_RP/round_4/35_bessy3_56m_PGM_2Perc_coupling_errors_on_RP.rml
2024-12-17 09:47:40,294 - INFO - Completed: 23, remaining: 37, RAYPy_Simulation_bessy3_56m_PGM_2Perc_coupling_errors_on_RP/round_4/32_bessy3_56m_PGM_2Perc_coupling_errors_on_RP.rml
2024-12-17 09:47:40,390 - INFO - Completed: 24, remaining: 36, RAYPy_Simulation_bessy3_56m_PGM_2Perc_coupling_errors_on_RP/round_4/33_bessy3_56m_PGM_2Perc_coupling_errors_on_RP.rml
2024-12-17 09:47:40,410 - INFO - Completed: 25, remaining: 35, RAYPy_Simulation_bessy3_56m_PGM_2Perc_coupling_errors_on_RP/round_4/37_bessy3_56m_PGM_2Perc_coupling_errors_on_RP.rml
2024-12-17 09:47:40,544 - INFO - Completed: 26, remaining: 34, RAYPy_Simulation_bessy3_56m_PGM_2Perc_coupling_errors_on_RP/round_4/38_bessy3_56m_PGM_2Perc_coupling_errors_on_RP.rml
2024-12-17 09:47:40,647 - INFO - Completed: 27, remaining: 33, RAYPy_Simulation_bessy3_56m_PGM_2Perc_coupling_errors_on_RP/round_4/39_bessy3_56m_PGM_2Perc_coupling_errors_on_RP.rml
2024-12-17 09:47:40,741 - INFO - Completed: 28, remaining: 32, RAYPy_Simulation_bessy3_56m_PGM_2Perc_coupling_errors_on_RP/round_4/34_bessy3_56m_PGM_2Perc_coupling_errors_on_RP.rml
2024-12-17 09:47:41,335 - INFO - Completed: 29, remaining: 31, RAYPy_Simulation_bessy3_56m_PGM_2Perc_coupling_errors_on_RP/round_4/40_bessy3_56m_PGM_2Perc_coupling_errors_on_RP.rml
2024-12-17 09:47:41,727 - INFO - Completed: 30, remaining: 30, RAYPy_Simulation_bessy3_56m_PGM_2Perc_coupling_errors_on_RP/round_4/41_bessy3_56m_PGM_2Perc_coupling_errors_on_RP.rml
2024-12-17 09:47:41,727 - INFO - Batch Completed
2024-12-17 09:47:41,727 - INFO - Waiting For batch, 60 simulations to go
2024-12-17 09:47:41,727 - INFO - Remaning Simulations 0, stop the simulations loop
2024-12-17 09:47:41,727 - INFO - Checking that all simulations are completed before stopping the ProcessPoolExecutor
2024-12-17 09:47:41,801 - INFO - Executor shutdown completed.
2024-12-17 09:47:41,815 - INFO - Simulation completed successfully.
2024-12-17 09:47:41,816 - INFO - Starting cleanup
2024-12-17 09:47:42,189 - INFO - Done with the cleanup
2024-12-17 09:47:42,190 - INFO - Create Pandas Recap Files
2024-12-17 09:47:42,203 - INFO - End of the Simulations
