2025-01-16 15:22:36,028 - INFO - Simulation started, using 12 workers
2025-01-16 15:22:36,032 - INFO - Start round 0
2025-01-16 15:22:36,039 - INFO - Prepared sim number: 0: RAYPy_Simulation_bessy3_37m_PGM_2Perc_coupling_errors_on_RP/round_0/0_bessy3_37m_PGM_2Perc_coupling_errors_on_RP.rml
2025-01-16 15:22:36,051 - INFO - Prepared sim number: 1: RAYPy_Simulation_bessy3_37m_PGM_2Perc_coupling_errors_on_RP/round_0/1_bessy3_37m_PGM_2Perc_coupling_errors_on_RP.rml
2025-01-16 15:22:36,059 - INFO - Prepared sim number: 2: RAYPy_Simulation_bessy3_37m_PGM_2Perc_coupling_errors_on_RP/round_0/2_bessy3_37m_PGM_2Perc_coupling_errors_on_RP.rml
2025-01-16 15:22:36,068 - INFO - Prepared sim number: 3: RAYPy_Simulation_bessy3_37m_PGM_2Perc_coupling_errors_on_RP/round_0/3_bessy3_37m_PGM_2Perc_coupling_errors_on_RP.rml
2025-01-16 15:22:36,076 - INFO - Prepared sim number: 4: RAYPy_Simulation_bessy3_37m_PGM_2Perc_coupling_errors_on_RP/round_0/4_bessy3_37m_PGM_2Perc_coupling_errors_on_RP.rml
2025-01-16 15:22:36,083 - INFO - Prepared sim number: 5: RAYPy_Simulation_bessy3_37m_PGM_2Perc_coupling_errors_on_RP/round_0/5_bessy3_37m_PGM_2Perc_coupling_errors_on_RP.rml
2025-01-16 15:22:36,089 - INFO - Prepared sim number: 6: RAYPy_Simulation_bessy3_37m_PGM_2Perc_coupling_errors_on_RP/round_0/6_bessy3_37m_PGM_2Perc_coupling_errors_on_RP.rml
2025-01-16 15:22:36,097 - INFO - Prepared sim number: 7: RAYPy_Simulation_bessy3_37m_PGM_2Perc_coupling_errors_on_RP/round_0/7_bessy3_37m_PGM_2Perc_coupling_errors_on_RP.rml
2025-01-16 15:22:36,104 - INFO - Prepared sim number: 8: RAYPy_Simulation_bessy3_37m_PGM_2Perc_coupling_errors_on_RP/round_0/8_bessy3_37m_PGM_2Perc_coupling_errors_on_RP.rml
2025-01-16 15:22:36,111 - INFO - Prepared sim number: 9: RAYPy_Simulation_bessy3_37m_PGM_2Perc_coupling_errors_on_RP/round_0/9_bessy3_37m_PGM_2Perc_coupling_errors_on_RP.rml
2025-01-16 15:22:36,118 - INFO - Prepared sim number: 10: RAYPy_Simulation_bessy3_37m_PGM_2Perc_coupling_errors_on_RP/round_0/10_bessy3_37m_PGM_2Perc_coupling_errors_on_RP.rml
2025-01-16 15:22:36,124 - INFO - Prepared sim number: 11: RAYPy_Simulation_bessy3_37m_PGM_2Perc_coupling_errors_on_RP/round_0/11_bessy3_37m_PGM_2Perc_coupling_errors_on_RP.rml
2025-01-16 15:22:36,130 - INFO - Prepared sim number: 12: RAYPy_Simulation_bessy3_37m_PGM_2Perc_coupling_errors_on_RP/round_0/12_bessy3_37m_PGM_2Perc_coupling_errors_on_RP.rml
2025-01-16 15:22:36,136 - INFO - Prepared sim number: 13: RAYPy_Simulation_bessy3_37m_PGM_2Perc_coupling_errors_on_RP/round_0/13_bessy3_37m_PGM_2Perc_coupling_errors_on_RP.rml
2025-01-16 15:22:36,142 - INFO - Prepared sim number: 14: RAYPy_Simulation_bessy3_37m_PGM_2Perc_coupling_errors_on_RP/round_0/14_bessy3_37m_PGM_2Perc_coupling_errors_on_RP.rml
2025-01-16 15:22:36,148 - INFO - Prepared sim number: 15: RAYPy_Simulation_bessy3_37m_PGM_2Perc_coupling_errors_on_RP/round_0/15_bessy3_37m_PGM_2Perc_coupling_errors_on_RP.rml
2025-01-16 15:22:36,154 - INFO - Prepared sim number: 16: RAYPy_Simulation_bessy3_37m_PGM_2Perc_coupling_errors_on_RP/round_0/16_bessy3_37m_PGM_2Perc_coupling_errors_on_RP.rml
2025-01-16 15:22:36,160 - INFO - Prepared sim number: 17: RAYPy_Simulation_bessy3_37m_PGM_2Perc_coupling_errors_on_RP/round_0/17_bessy3_37m_PGM_2Perc_coupling_errors_on_RP.rml
2025-01-16 15:22:36,166 - INFO - Prepared sim number: 18: RAYPy_Simulation_bessy3_37m_PGM_2Perc_coupling_errors_on_RP/round_0/18_bessy3_37m_PGM_2Perc_coupling_errors_on_RP.rml
2025-01-16 15:22:36,172 - INFO - Prepared sim number: 19: RAYPy_Simulation_bessy3_37m_PGM_2Perc_coupling_errors_on_RP/round_0/19_bessy3_37m_PGM_2Perc_coupling_errors_on_RP.rml
2025-01-16 15:22:36,178 - INFO - Prepared sim number: 20: RAYPy_Simulation_bessy3_37m_PGM_2Perc_coupling_errors_on_RP/round_0/20_bessy3_37m_PGM_2Perc_coupling_errors_on_RP.rml
2025-01-16 15:22:36,178 - INFO - Start round 1
2025-01-16 15:22:36,181 - INFO - Prepared sim number: 0: RAYPy_Simulation_bessy3_37m_PGM_2Perc_coupling_errors_on_RP/round_1/0_bessy3_37m_PGM_2Perc_coupling_errors_on_RP.rml
2025-01-16 15:22:36,184 - INFO - Prepared sim number: 1: RAYPy_Simulation_bessy3_37m_PGM_2Perc_coupling_errors_on_RP/round_1/1_bessy3_37m_PGM_2Perc_coupling_errors_on_RP.rml
2025-01-16 15:22:36,187 - INFO - Prepared sim number: 2: RAYPy_Simulation_bessy3_37m_PGM_2Perc_coupling_errors_on_RP/round_1/2_bessy3_37m_PGM_2Perc_coupling_errors_on_RP.rml
2025-01-16 15:22:36,191 - INFO - Prepared sim number: 3: RAYPy_Simulation_bessy3_37m_PGM_2Perc_coupling_errors_on_RP/round_1/3_bessy3_37m_PGM_2Perc_coupling_errors_on_RP.rml
2025-01-16 15:22:36,194 - INFO - Prepared sim number: 4: RAYPy_Simulation_bessy3_37m_PGM_2Perc_coupling_errors_on_RP/round_1/4_bessy3_37m_PGM_2Perc_coupling_errors_on_RP.rml
2025-01-16 15:22:36,197 - INFO - Prepared sim number: 5: RAYPy_Simulation_bessy3_37m_PGM_2Perc_coupling_errors_on_RP/round_1/5_bessy3_37m_PGM_2Perc_coupling_errors_on_RP.rml
2025-01-16 15:22:36,200 - INFO - Prepared sim number: 6: RAYPy_Simulation_bessy3_37m_PGM_2Perc_coupling_errors_on_RP/round_1/6_bessy3_37m_PGM_2Perc_coupling_errors_on_RP.rml
2025-01-16 15:22:36,203 - INFO - Prepared sim number: 7: RAYPy_Simulation_bessy3_37m_PGM_2Perc_coupling_errors_on_RP/round_1/7_bessy3_37m_PGM_2Perc_coupling_errors_on_RP.rml
2025-01-16 15:22:36,206 - INFO - Prepared sim number: 8: RAYPy_Simulation_bessy3_37m_PGM_2Perc_coupling_errors_on_RP/round_1/8_bessy3_37m_PGM_2Perc_coupling_errors_on_RP.rml
2025-01-16 15:22:36,208 - INFO - Prepared sim number: 9: RAYPy_Simulation_bessy3_37m_PGM_2Perc_coupling_errors_on_RP/round_1/9_bessy3_37m_PGM_2Perc_coupling_errors_on_RP.rml
2025-01-16 15:22:36,211 - INFO - Prepared sim number: 10: RAYPy_Simulation_bessy3_37m_PGM_2Perc_coupling_errors_on_RP/round_1/10_bessy3_37m_PGM_2Perc_coupling_errors_on_RP.rml
2025-01-16 15:22:36,214 - INFO - Prepared sim number: 11: RAYPy_Simulation_bessy3_37m_PGM_2Perc_coupling_errors_on_RP/round_1/11_bessy3_37m_PGM_2Perc_coupling_errors_on_RP.rml
2025-01-16 15:22:36,217 - INFO - Prepared sim number: 12: RAYPy_Simulation_bessy3_37m_PGM_2Perc_coupling_errors_on_RP/round_1/12_bessy3_37m_PGM_2Perc_coupling_errors_on_RP.rml
2025-01-16 15:22:36,220 - INFO - Prepared sim number: 13: RAYPy_Simulation_bessy3_37m_PGM_2Perc_coupling_errors_on_RP/round_1/13_bessy3_37m_PGM_2Perc_coupling_errors_on_RP.rml
2025-01-16 15:22:36,222 - INFO - Prepared sim number: 14: RAYPy_Simulation_bessy3_37m_PGM_2Perc_coupling_errors_on_RP/round_1/14_bessy3_37m_PGM_2Perc_coupling_errors_on_RP.rml
2025-01-16 15:22:36,225 - INFO - Prepared sim number: 15: RAYPy_Simulation_bessy3_37m_PGM_2Perc_coupling_errors_on_RP/round_1/15_bessy3_37m_PGM_2Perc_coupling_errors_on_RP.rml
2025-01-16 15:22:36,228 - INFO - Prepared sim number: 16: RAYPy_Simulation_bessy3_37m_PGM_2Perc_coupling_errors_on_RP/round_1/16_bessy3_37m_PGM_2Perc_coupling_errors_on_RP.rml
2025-01-16 15:22:36,231 - INFO - Prepared sim number: 17: RAYPy_Simulation_bessy3_37m_PGM_2Perc_coupling_errors_on_RP/round_1/17_bessy3_37m_PGM_2Perc_coupling_errors_on_RP.rml
2025-01-16 15:22:36,233 - INFO - Prepared sim number: 18: RAYPy_Simulation_bessy3_37m_PGM_2Perc_coupling_errors_on_RP/round_1/18_bessy3_37m_PGM_2Perc_coupling_errors_on_RP.rml
2025-01-16 15:22:36,236 - INFO - Prepared sim number: 19: RAYPy_Simulation_bessy3_37m_PGM_2Perc_coupling_errors_on_RP/round_1/19_bessy3_37m_PGM_2Perc_coupling_errors_on_RP.rml
2025-01-16 15:22:36,239 - INFO - Prepared sim number: 20: RAYPy_Simulation_bessy3_37m_PGM_2Perc_coupling_errors_on_RP/round_1/20_bessy3_37m_PGM_2Perc_coupling_errors_on_RP.rml
2025-01-16 15:22:36,239 - INFO - Start round 2
2025-01-16 15:22:36,242 - INFO - Prepared sim number: 0: RAYPy_Simulation_bessy3_37m_PGM_2Perc_coupling_errors_on_RP/round_2/0_bessy3_37m_PGM_2Perc_coupling_errors_on_RP.rml
2025-01-16 15:22:36,244 - INFO - Prepared sim number: 1: RAYPy_Simulation_bessy3_37m_PGM_2Perc_coupling_errors_on_RP/round_2/1_bessy3_37m_PGM_2Perc_coupling_errors_on_RP.rml
2025-01-16 15:22:36,247 - INFO - Prepared sim number: 2: RAYPy_Simulation_bessy3_37m_PGM_2Perc_coupling_errors_on_RP/round_2/2_bessy3_37m_PGM_2Perc_coupling_errors_on_RP.rml
2025-01-16 15:22:36,250 - INFO - Prepared sim number: 3: RAYPy_Simulation_bessy3_37m_PGM_2Perc_coupling_errors_on_RP/round_2/3_bessy3_37m_PGM_2Perc_coupling_errors_on_RP.rml
2025-01-16 15:22:36,252 - INFO - Prepared sim number: 4: RAYPy_Simulation_bessy3_37m_PGM_2Perc_coupling_errors_on_RP/round_2/4_bessy3_37m_PGM_2Perc_coupling_errors_on_RP.rml
2025-01-16 15:22:36,255 - INFO - Prepared sim number: 5: RAYPy_Simulation_bessy3_37m_PGM_2Perc_coupling_errors_on_RP/round_2/5_bessy3_37m_PGM_2Perc_coupling_errors_on_RP.rml
2025-01-16 15:22:36,258 - INFO - Prepared sim number: 6: RAYPy_Simulation_bessy3_37m_PGM_2Perc_coupling_errors_on_RP/round_2/6_bessy3_37m_PGM_2Perc_coupling_errors_on_RP.rml
2025-01-16 15:22:36,260 - INFO - Prepared sim number: 7: RAYPy_Simulation_bessy3_37m_PGM_2Perc_coupling_errors_on_RP/round_2/7_bessy3_37m_PGM_2Perc_coupling_errors_on_RP.rml
2025-01-16 15:22:36,263 - INFO - Prepared sim number: 8: RAYPy_Simulation_bessy3_37m_PGM_2Perc_coupling_errors_on_RP/round_2/8_bessy3_37m_PGM_2Perc_coupling_errors_on_RP.rml
2025-01-16 15:22:36,266 - INFO - Prepared sim number: 9: RAYPy_Simulation_bessy3_37m_PGM_2Perc_coupling_errors_on_RP/round_2/9_bessy3_37m_PGM_2Perc_coupling_errors_on_RP.rml
2025-01-16 15:22:36,268 - INFO - Prepared sim number: 10: RAYPy_Simulation_bessy3_37m_PGM_2Perc_coupling_errors_on_RP/round_2/10_bessy3_37m_PGM_2Perc_coupling_errors_on_RP.rml
2025-01-16 15:22:36,271 - INFO - Prepared sim number: 11: RAYPy_Simulation_bessy3_37m_PGM_2Perc_coupling_errors_on_RP/round_2/11_bessy3_37m_PGM_2Perc_coupling_errors_on_RP.rml
2025-01-16 15:22:36,274 - INFO - Prepared sim number: 12: RAYPy_Simulation_bessy3_37m_PGM_2Perc_coupling_errors_on_RP/round_2/12_bessy3_37m_PGM_2Perc_coupling_errors_on_RP.rml
2025-01-16 15:22:36,277 - INFO - Prepared sim number: 13: RAYPy_Simulation_bessy3_37m_PGM_2Perc_coupling_errors_on_RP/round_2/13_bessy3_37m_PGM_2Perc_coupling_errors_on_RP.rml
2025-01-16 15:22:36,280 - INFO - Prepared sim number: 14: RAYPy_Simulation_bessy3_37m_PGM_2Perc_coupling_errors_on_RP/round_2/14_bessy3_37m_PGM_2Perc_coupling_errors_on_RP.rml
2025-01-16 15:22:36,283 - INFO - Prepared sim number: 15: RAYPy_Simulation_bessy3_37m_PGM_2Perc_coupling_errors_on_RP/round_2/15_bessy3_37m_PGM_2Perc_coupling_errors_on_RP.rml
2025-01-16 15:22:36,286 - INFO - Prepared sim number: 16: RAYPy_Simulation_bessy3_37m_PGM_2Perc_coupling_errors_on_RP/round_2/16_bessy3_37m_PGM_2Perc_coupling_errors_on_RP.rml
2025-01-16 15:22:36,289 - INFO - Prepared sim number: 17: RAYPy_Simulation_bessy3_37m_PGM_2Perc_coupling_errors_on_RP/round_2/17_bessy3_37m_PGM_2Perc_coupling_errors_on_RP.rml
2025-01-16 15:22:36,303 - INFO - Waiting for batch number: 0, timeout: 60s
2025-01-16 15:22:39,149 - INFO - Completed: 1, remaining: 59, RAYPy_Simulation_bessy3_37m_PGM_2Perc_coupling_errors_on_RP/round_0/0_bessy3_37m_PGM_2Perc_coupling_errors_on_RP.rml
2025-01-16 15:22:39,242 - INFO - Completed: 2, remaining: 58, RAYPy_Simulation_bessy3_37m_PGM_2Perc_coupling_errors_on_RP/round_0/2_bessy3_37m_PGM_2Perc_coupling_errors_on_RP.rml
2025-01-16 15:22:39,448 - INFO - Completed: 3, remaining: 57, RAYPy_Simulation_bessy3_37m_PGM_2Perc_coupling_errors_on_RP/round_0/4_bessy3_37m_PGM_2Perc_coupling_errors_on_RP.rml
2025-01-16 15:22:39,507 - INFO - Completed: 4, remaining: 56, RAYPy_Simulation_bessy3_37m_PGM_2Perc_coupling_errors_on_RP/round_0/1_bessy3_37m_PGM_2Perc_coupling_errors_on_RP.rml
2025-01-16 15:22:39,536 - INFO - Completed: 5, remaining: 55, RAYPy_Simulation_bessy3_37m_PGM_2Perc_coupling_errors_on_RP/round_0/3_bessy3_37m_PGM_2Perc_coupling_errors_on_RP.rml
2025-01-16 15:22:39,655 - INFO - Completed: 6, remaining: 54, RAYPy_Simulation_bessy3_37m_PGM_2Perc_coupling_errors_on_RP/round_0/9_bessy3_37m_PGM_2Perc_coupling_errors_on_RP.rml
2025-01-16 15:22:39,701 - INFO - Completed: 7, remaining: 53, RAYPy_Simulation_bessy3_37m_PGM_2Perc_coupling_errors_on_RP/round_0/8_bessy3_37m_PGM_2Perc_coupling_errors_on_RP.rml
2025-01-16 15:22:39,738 - INFO - Completed: 8, remaining: 52, RAYPy_Simulation_bessy3_37m_PGM_2Perc_coupling_errors_on_RP/round_0/10_bessy3_37m_PGM_2Perc_coupling_errors_on_RP.rml
2025-01-16 15:22:41,525 - INFO - Completed: 9, remaining: 51, RAYPy_Simulation_bessy3_37m_PGM_2Perc_coupling_errors_on_RP/round_0/5_bessy3_37m_PGM_2Perc_coupling_errors_on_RP.rml
2025-01-16 15:22:41,552 - INFO - Completed: 10, remaining: 50, RAYPy_Simulation_bessy3_37m_PGM_2Perc_coupling_errors_on_RP/round_0/6_bessy3_37m_PGM_2Perc_coupling_errors_on_RP.rml
2025-01-16 15:22:41,657 - INFO - Completed: 11, remaining: 49, RAYPy_Simulation_bessy3_37m_PGM_2Perc_coupling_errors_on_RP/round_0/11_bessy3_37m_PGM_2Perc_coupling_errors_on_RP.rml
2025-01-16 15:22:41,706 - INFO - Completed: 12, remaining: 48, RAYPy_Simulation_bessy3_37m_PGM_2Perc_coupling_errors_on_RP/round_0/7_bessy3_37m_PGM_2Perc_coupling_errors_on_RP.rml
2025-01-16 15:22:42,312 - INFO - Completed: 13, remaining: 47, RAYPy_Simulation_bessy3_37m_PGM_2Perc_coupling_errors_on_RP/round_0/13_bessy3_37m_PGM_2Perc_coupling_errors_on_RP.rml
2025-01-16 15:22:42,463 - INFO - Completed: 14, remaining: 46, RAYPy_Simulation_bessy3_37m_PGM_2Perc_coupling_errors_on_RP/round_0/12_bessy3_37m_PGM_2Perc_coupling_errors_on_RP.rml
2025-01-16 15:22:42,830 - INFO - Completed: 15, remaining: 45, RAYPy_Simulation_bessy3_37m_PGM_2Perc_coupling_errors_on_RP/round_0/15_bessy3_37m_PGM_2Perc_coupling_errors_on_RP.rml
2025-01-16 15:22:43,180 - INFO - Completed: 16, remaining: 44, RAYPy_Simulation_bessy3_37m_PGM_2Perc_coupling_errors_on_RP/round_0/14_bessy3_37m_PGM_2Perc_coupling_errors_on_RP.rml
2025-01-16 15:22:43,213 - INFO - Completed: 17, remaining: 43, RAYPy_Simulation_bessy3_37m_PGM_2Perc_coupling_errors_on_RP/round_0/17_bessy3_37m_PGM_2Perc_coupling_errors_on_RP.rml
2025-01-16 15:22:43,394 - INFO - Completed: 18, remaining: 42, RAYPy_Simulation_bessy3_37m_PGM_2Perc_coupling_errors_on_RP/round_0/18_bessy3_37m_PGM_2Perc_coupling_errors_on_RP.rml
2025-01-16 15:22:43,441 - INFO - Completed: 19, remaining: 41, RAYPy_Simulation_bessy3_37m_PGM_2Perc_coupling_errors_on_RP/round_0/19_bessy3_37m_PGM_2Perc_coupling_errors_on_RP.rml
2025-01-16 15:22:43,505 - INFO - Completed: 20, remaining: 40, RAYPy_Simulation_bessy3_37m_PGM_2Perc_coupling_errors_on_RP/round_0/16_bessy3_37m_PGM_2Perc_coupling_errors_on_RP.rml
2025-01-16 15:22:44,521 - INFO - Completed: 21, remaining: 39, RAYPy_Simulation_bessy3_37m_PGM_2Perc_coupling_errors_on_RP/round_1/0_bessy3_37m_PGM_2Perc_coupling_errors_on_RP.rml
2025-01-16 15:22:44,842 - INFO - Completed: 22, remaining: 38, RAYPy_Simulation_bessy3_37m_PGM_2Perc_coupling_errors_on_RP/round_1/1_bessy3_37m_PGM_2Perc_coupling_errors_on_RP.rml
2025-01-16 15:22:44,941 - INFO - Completed: 23, remaining: 37, RAYPy_Simulation_bessy3_37m_PGM_2Perc_coupling_errors_on_RP/round_1/2_bessy3_37m_PGM_2Perc_coupling_errors_on_RP.rml
2025-01-16 15:22:45,125 - INFO - Completed: 24, remaining: 36, RAYPy_Simulation_bessy3_37m_PGM_2Perc_coupling_errors_on_RP/round_0/20_bessy3_37m_PGM_2Perc_coupling_errors_on_RP.rml
2025-01-16 15:22:45,448 - INFO - Completed: 25, remaining: 35, RAYPy_Simulation_bessy3_37m_PGM_2Perc_coupling_errors_on_RP/round_1/3_bessy3_37m_PGM_2Perc_coupling_errors_on_RP.rml
2025-01-16 15:22:45,510 - INFO - Completed: 26, remaining: 34, RAYPy_Simulation_bessy3_37m_PGM_2Perc_coupling_errors_on_RP/round_1/4_bessy3_37m_PGM_2Perc_coupling_errors_on_RP.rml
2025-01-16 15:22:46,277 - INFO - Completed: 27, remaining: 33, RAYPy_Simulation_bessy3_37m_PGM_2Perc_coupling_errors_on_RP/round_1/5_bessy3_37m_PGM_2Perc_coupling_errors_on_RP.rml
2025-01-16 15:22:46,522 - INFO - Completed: 28, remaining: 32, RAYPy_Simulation_bessy3_37m_PGM_2Perc_coupling_errors_on_RP/round_1/6_bessy3_37m_PGM_2Perc_coupling_errors_on_RP.rml
2025-01-16 15:22:46,834 - INFO - Completed: 29, remaining: 31, RAYPy_Simulation_bessy3_37m_PGM_2Perc_coupling_errors_on_RP/round_1/7_bessy3_37m_PGM_2Perc_coupling_errors_on_RP.rml
2025-01-16 15:22:46,898 - INFO - Completed: 30, remaining: 30, RAYPy_Simulation_bessy3_37m_PGM_2Perc_coupling_errors_on_RP/round_1/9_bessy3_37m_PGM_2Perc_coupling_errors_on_RP.rml
2025-01-16 15:22:47,014 - INFO - Completed: 31, remaining: 29, RAYPy_Simulation_bessy3_37m_PGM_2Perc_coupling_errors_on_RP/round_1/8_bessy3_37m_PGM_2Perc_coupling_errors_on_RP.rml
2025-01-16 15:22:47,143 - INFO - Completed: 32, remaining: 28, RAYPy_Simulation_bessy3_37m_PGM_2Perc_coupling_errors_on_RP/round_1/10_bessy3_37m_PGM_2Perc_coupling_errors_on_RP.rml
2025-01-16 15:22:47,801 - INFO - Completed: 33, remaining: 27, RAYPy_Simulation_bessy3_37m_PGM_2Perc_coupling_errors_on_RP/round_1/11_bessy3_37m_PGM_2Perc_coupling_errors_on_RP.rml
2025-01-16 15:22:48,376 - INFO - Completed: 34, remaining: 26, RAYPy_Simulation_bessy3_37m_PGM_2Perc_coupling_errors_on_RP/round_1/13_bessy3_37m_PGM_2Perc_coupling_errors_on_RP.rml
2025-01-16 15:22:48,883 - INFO - Completed: 35, remaining: 25, RAYPy_Simulation_bessy3_37m_PGM_2Perc_coupling_errors_on_RP/round_1/14_bessy3_37m_PGM_2Perc_coupling_errors_on_RP.rml
2025-01-16 15:22:49,022 - INFO - Completed: 36, remaining: 24, RAYPy_Simulation_bessy3_37m_PGM_2Perc_coupling_errors_on_RP/round_1/15_bessy3_37m_PGM_2Perc_coupling_errors_on_RP.rml
2025-01-16 15:22:49,113 - INFO - Completed: 37, remaining: 23, RAYPy_Simulation_bessy3_37m_PGM_2Perc_coupling_errors_on_RP/round_1/12_bessy3_37m_PGM_2Perc_coupling_errors_on_RP.rml
2025-01-16 15:22:49,220 - INFO - Completed: 38, remaining: 22, RAYPy_Simulation_bessy3_37m_PGM_2Perc_coupling_errors_on_RP/round_1/16_bessy3_37m_PGM_2Perc_coupling_errors_on_RP.rml
2025-01-16 15:22:49,842 - INFO - Completed: 39, remaining: 21, RAYPy_Simulation_bessy3_37m_PGM_2Perc_coupling_errors_on_RP/round_1/17_bessy3_37m_PGM_2Perc_coupling_errors_on_RP.rml
2025-01-16 15:22:50,131 - INFO - Completed: 40, remaining: 20, RAYPy_Simulation_bessy3_37m_PGM_2Perc_coupling_errors_on_RP/round_1/18_bessy3_37m_PGM_2Perc_coupling_errors_on_RP.rml
2025-01-16 15:22:50,386 - INFO - Completed: 41, remaining: 19, RAYPy_Simulation_bessy3_37m_PGM_2Perc_coupling_errors_on_RP/round_2/0_bessy3_37m_PGM_2Perc_coupling_errors_on_RP.rml
2025-01-16 15:22:50,474 - INFO - Completed: 42, remaining: 18, RAYPy_Simulation_bessy3_37m_PGM_2Perc_coupling_errors_on_RP/round_2/1_bessy3_37m_PGM_2Perc_coupling_errors_on_RP.rml
2025-01-16 15:22:50,639 - INFO - Completed: 43, remaining: 17, RAYPy_Simulation_bessy3_37m_PGM_2Perc_coupling_errors_on_RP/round_1/19_bessy3_37m_PGM_2Perc_coupling_errors_on_RP.rml
2025-01-16 15:22:50,660 - INFO - Completed: 44, remaining: 16, RAYPy_Simulation_bessy3_37m_PGM_2Perc_coupling_errors_on_RP/round_1/20_bessy3_37m_PGM_2Perc_coupling_errors_on_RP.rml
2025-01-16 15:22:50,948 - INFO - Completed: 45, remaining: 15, RAYPy_Simulation_bessy3_37m_PGM_2Perc_coupling_errors_on_RP/round_2/2_bessy3_37m_PGM_2Perc_coupling_errors_on_RP.rml
2025-01-16 15:22:51,735 - INFO - Completed: 46, remaining: 14, RAYPy_Simulation_bessy3_37m_PGM_2Perc_coupling_errors_on_RP/round_2/3_bessy3_37m_PGM_2Perc_coupling_errors_on_RP.rml
2025-01-16 15:22:52,461 - INFO - Completed: 47, remaining: 13, RAYPy_Simulation_bessy3_37m_PGM_2Perc_coupling_errors_on_RP/round_2/4_bessy3_37m_PGM_2Perc_coupling_errors_on_RP.rml
2025-01-16 15:22:52,504 - INFO - Completed: 48, remaining: 12, RAYPy_Simulation_bessy3_37m_PGM_2Perc_coupling_errors_on_RP/round_2/5_bessy3_37m_PGM_2Perc_coupling_errors_on_RP.rml
2025-01-16 15:22:52,713 - INFO - Completed: 49, remaining: 11, RAYPy_Simulation_bessy3_37m_PGM_2Perc_coupling_errors_on_RP/round_2/7_bessy3_37m_PGM_2Perc_coupling_errors_on_RP.rml
2025-01-16 15:22:53,240 - INFO - Completed: 50, remaining: 10, RAYPy_Simulation_bessy3_37m_PGM_2Perc_coupling_errors_on_RP/round_2/6_bessy3_37m_PGM_2Perc_coupling_errors_on_RP.rml
2025-01-16 15:22:53,265 - INFO - Completed: 51, remaining: 9, RAYPy_Simulation_bessy3_37m_PGM_2Perc_coupling_errors_on_RP/round_2/8_bessy3_37m_PGM_2Perc_coupling_errors_on_RP.rml
2025-01-16 15:22:53,685 - INFO - Completed: 52, remaining: 8, RAYPy_Simulation_bessy3_37m_PGM_2Perc_coupling_errors_on_RP/round_2/9_bessy3_37m_PGM_2Perc_coupling_errors_on_RP.rml
2025-01-16 15:22:53,939 - INFO - Completed: 53, remaining: 7, RAYPy_Simulation_bessy3_37m_PGM_2Perc_coupling_errors_on_RP/round_2/11_bessy3_37m_PGM_2Perc_coupling_errors_on_RP.rml
2025-01-16 15:22:54,149 - INFO - Completed: 54, remaining: 6, RAYPy_Simulation_bessy3_37m_PGM_2Perc_coupling_errors_on_RP/round_2/10_bessy3_37m_PGM_2Perc_coupling_errors_on_RP.rml
2025-01-16 15:22:54,233 - INFO - Completed: 55, remaining: 5, RAYPy_Simulation_bessy3_37m_PGM_2Perc_coupling_errors_on_RP/round_2/13_bessy3_37m_PGM_2Perc_coupling_errors_on_RP.rml
2025-01-16 15:22:54,265 - INFO - Completed: 56, remaining: 4, RAYPy_Simulation_bessy3_37m_PGM_2Perc_coupling_errors_on_RP/round_2/12_bessy3_37m_PGM_2Perc_coupling_errors_on_RP.rml
2025-01-16 15:22:54,291 - INFO - Completed: 57, remaining: 3, RAYPy_Simulation_bessy3_37m_PGM_2Perc_coupling_errors_on_RP/round_2/14_bessy3_37m_PGM_2Perc_coupling_errors_on_RP.rml
2025-01-16 15:22:54,617 - INFO - Completed: 58, remaining: 2, RAYPy_Simulation_bessy3_37m_PGM_2Perc_coupling_errors_on_RP/round_2/15_bessy3_37m_PGM_2Perc_coupling_errors_on_RP.rml
2025-01-16 15:22:54,984 - INFO - Completed: 59, remaining: 1, RAYPy_Simulation_bessy3_37m_PGM_2Perc_coupling_errors_on_RP/round_2/16_bessy3_37m_PGM_2Perc_coupling_errors_on_RP.rml
2025-01-16 15:22:54,991 - INFO - Completed: 60, remaining: 0, RAYPy_Simulation_bessy3_37m_PGM_2Perc_coupling_errors_on_RP/round_2/17_bessy3_37m_PGM_2Perc_coupling_errors_on_RP.rml
2025-01-16 15:22:54,991 - INFO - Batch Completed
2025-01-16 15:22:54,991 - INFO - Waiting For batch, 60 simulations to go
2025-01-16 15:22:54,996 - INFO - Prepared sim number: 18: RAYPy_Simulation_bessy3_37m_PGM_2Perc_coupling_errors_on_RP/round_2/18_bessy3_37m_PGM_2Perc_coupling_errors_on_RP.rml
2025-01-16 15:22:55,002 - INFO - Prepared sim number: 19: RAYPy_Simulation_bessy3_37m_PGM_2Perc_coupling_errors_on_RP/round_2/19_bessy3_37m_PGM_2Perc_coupling_errors_on_RP.rml
2025-01-16 15:22:55,007 - INFO - Prepared sim number: 20: RAYPy_Simulation_bessy3_37m_PGM_2Perc_coupling_errors_on_RP/round_2/20_bessy3_37m_PGM_2Perc_coupling_errors_on_RP.rml
2025-01-16 15:22:55,007 - INFO - Start round 3
2025-01-16 15:22:55,011 - INFO - Prepared sim number: 0: RAYPy_Simulation_bessy3_37m_PGM_2Perc_coupling_errors_on_RP/round_3/0_bessy3_37m_PGM_2Perc_coupling_errors_on_RP.rml
2025-01-16 15:22:55,015 - INFO - Prepared sim number: 1: RAYPy_Simulation_bessy3_37m_PGM_2Perc_coupling_errors_on_RP/round_3/1_bessy3_37m_PGM_2Perc_coupling_errors_on_RP.rml
2025-01-16 15:22:55,020 - INFO - Prepared sim number: 2: RAYPy_Simulation_bessy3_37m_PGM_2Perc_coupling_errors_on_RP/round_3/2_bessy3_37m_PGM_2Perc_coupling_errors_on_RP.rml
2025-01-16 15:22:55,025 - INFO - Prepared sim number: 3: RAYPy_Simulation_bessy3_37m_PGM_2Perc_coupling_errors_on_RP/round_3/3_bessy3_37m_PGM_2Perc_coupling_errors_on_RP.rml
2025-01-16 15:22:55,028 - INFO - Prepared sim number: 4: RAYPy_Simulation_bessy3_37m_PGM_2Perc_coupling_errors_on_RP/round_3/4_bessy3_37m_PGM_2Perc_coupling_errors_on_RP.rml
2025-01-16 15:22:55,031 - INFO - Prepared sim number: 5: RAYPy_Simulation_bessy3_37m_PGM_2Perc_coupling_errors_on_RP/round_3/5_bessy3_37m_PGM_2Perc_coupling_errors_on_RP.rml
2025-01-16 15:22:55,034 - INFO - Prepared sim number: 6: RAYPy_Simulation_bessy3_37m_PGM_2Perc_coupling_errors_on_RP/round_3/6_bessy3_37m_PGM_2Perc_coupling_errors_on_RP.rml
2025-01-16 15:22:55,037 - INFO - Prepared sim number: 7: RAYPy_Simulation_bessy3_37m_PGM_2Perc_coupling_errors_on_RP/round_3/7_bessy3_37m_PGM_2Perc_coupling_errors_on_RP.rml
2025-01-16 15:22:55,040 - INFO - Prepared sim number: 8: RAYPy_Simulation_bessy3_37m_PGM_2Perc_coupling_errors_on_RP/round_3/8_bessy3_37m_PGM_2Perc_coupling_errors_on_RP.rml
2025-01-16 15:22:55,046 - INFO - Prepared sim number: 9: RAYPy_Simulation_bessy3_37m_PGM_2Perc_coupling_errors_on_RP/round_3/9_bessy3_37m_PGM_2Perc_coupling_errors_on_RP.rml
2025-01-16 15:22:55,050 - INFO - Prepared sim number: 10: RAYPy_Simulation_bessy3_37m_PGM_2Perc_coupling_errors_on_RP/round_3/10_bessy3_37m_PGM_2Perc_coupling_errors_on_RP.rml
2025-01-16 15:22:55,053 - INFO - Prepared sim number: 11: RAYPy_Simulation_bessy3_37m_PGM_2Perc_coupling_errors_on_RP/round_3/11_bessy3_37m_PGM_2Perc_coupling_errors_on_RP.rml
2025-01-16 15:22:55,057 - INFO - Prepared sim number: 12: RAYPy_Simulation_bessy3_37m_PGM_2Perc_coupling_errors_on_RP/round_3/12_bessy3_37m_PGM_2Perc_coupling_errors_on_RP.rml
2025-01-16 15:22:55,061 - INFO - Prepared sim number: 13: RAYPy_Simulation_bessy3_37m_PGM_2Perc_coupling_errors_on_RP/round_3/13_bessy3_37m_PGM_2Perc_coupling_errors_on_RP.rml
2025-01-16 15:22:55,065 - INFO - Prepared sim number: 14: RAYPy_Simulation_bessy3_37m_PGM_2Perc_coupling_errors_on_RP/round_3/14_bessy3_37m_PGM_2Perc_coupling_errors_on_RP.rml
2025-01-16 15:22:55,068 - INFO - Prepared sim number: 15: RAYPy_Simulation_bessy3_37m_PGM_2Perc_coupling_errors_on_RP/round_3/15_bessy3_37m_PGM_2Perc_coupling_errors_on_RP.rml
2025-01-16 15:22:55,071 - INFO - Prepared sim number: 16: RAYPy_Simulation_bessy3_37m_PGM_2Perc_coupling_errors_on_RP/round_3/16_bessy3_37m_PGM_2Perc_coupling_errors_on_RP.rml
2025-01-16 15:22:55,073 - INFO - Prepared sim number: 17: RAYPy_Simulation_bessy3_37m_PGM_2Perc_coupling_errors_on_RP/round_3/17_bessy3_37m_PGM_2Perc_coupling_errors_on_RP.rml
2025-01-16 15:22:55,076 - INFO - Prepared sim number: 18: RAYPy_Simulation_bessy3_37m_PGM_2Perc_coupling_errors_on_RP/round_3/18_bessy3_37m_PGM_2Perc_coupling_errors_on_RP.rml
2025-01-16 15:22:55,079 - INFO - Prepared sim number: 19: RAYPy_Simulation_bessy3_37m_PGM_2Perc_coupling_errors_on_RP/round_3/19_bessy3_37m_PGM_2Perc_coupling_errors_on_RP.rml
2025-01-16 15:22:55,081 - INFO - Prepared sim number: 20: RAYPy_Simulation_bessy3_37m_PGM_2Perc_coupling_errors_on_RP/round_3/20_bessy3_37m_PGM_2Perc_coupling_errors_on_RP.rml
2025-01-16 15:22:55,081 - INFO - Start round 4
2025-01-16 15:22:55,085 - INFO - Prepared sim number: 0: RAYPy_Simulation_bessy3_37m_PGM_2Perc_coupling_errors_on_RP/round_4/0_bessy3_37m_PGM_2Perc_coupling_errors_on_RP.rml
2025-01-16 15:22:55,088 - INFO - Prepared sim number: 1: RAYPy_Simulation_bessy3_37m_PGM_2Perc_coupling_errors_on_RP/round_4/1_bessy3_37m_PGM_2Perc_coupling_errors_on_RP.rml
2025-01-16 15:22:55,091 - INFO - Prepared sim number: 2: RAYPy_Simulation_bessy3_37m_PGM_2Perc_coupling_errors_on_RP/round_4/2_bessy3_37m_PGM_2Perc_coupling_errors_on_RP.rml
2025-01-16 15:22:55,095 - INFO - Prepared sim number: 3: RAYPy_Simulation_bessy3_37m_PGM_2Perc_coupling_errors_on_RP/round_4/3_bessy3_37m_PGM_2Perc_coupling_errors_on_RP.rml
2025-01-16 15:22:55,097 - INFO - Prepared sim number: 4: RAYPy_Simulation_bessy3_37m_PGM_2Perc_coupling_errors_on_RP/round_4/4_bessy3_37m_PGM_2Perc_coupling_errors_on_RP.rml
2025-01-16 15:22:55,100 - INFO - Prepared sim number: 5: RAYPy_Simulation_bessy3_37m_PGM_2Perc_coupling_errors_on_RP/round_4/5_bessy3_37m_PGM_2Perc_coupling_errors_on_RP.rml
2025-01-16 15:22:55,103 - INFO - Prepared sim number: 6: RAYPy_Simulation_bessy3_37m_PGM_2Perc_coupling_errors_on_RP/round_4/6_bessy3_37m_PGM_2Perc_coupling_errors_on_RP.rml
2025-01-16 15:22:55,106 - INFO - Prepared sim number: 7: RAYPy_Simulation_bessy3_37m_PGM_2Perc_coupling_errors_on_RP/round_4/7_bessy3_37m_PGM_2Perc_coupling_errors_on_RP.rml
2025-01-16 15:22:55,109 - INFO - Prepared sim number: 8: RAYPy_Simulation_bessy3_37m_PGM_2Perc_coupling_errors_on_RP/round_4/8_bessy3_37m_PGM_2Perc_coupling_errors_on_RP.rml
2025-01-16 15:22:55,112 - INFO - Prepared sim number: 9: RAYPy_Simulation_bessy3_37m_PGM_2Perc_coupling_errors_on_RP/round_4/9_bessy3_37m_PGM_2Perc_coupling_errors_on_RP.rml
2025-01-16 15:22:55,115 - INFO - Prepared sim number: 10: RAYPy_Simulation_bessy3_37m_PGM_2Perc_coupling_errors_on_RP/round_4/10_bessy3_37m_PGM_2Perc_coupling_errors_on_RP.rml
2025-01-16 15:22:55,117 - INFO - Prepared sim number: 11: RAYPy_Simulation_bessy3_37m_PGM_2Perc_coupling_errors_on_RP/round_4/11_bessy3_37m_PGM_2Perc_coupling_errors_on_RP.rml
2025-01-16 15:22:55,120 - INFO - Prepared sim number: 12: RAYPy_Simulation_bessy3_37m_PGM_2Perc_coupling_errors_on_RP/round_4/12_bessy3_37m_PGM_2Perc_coupling_errors_on_RP.rml
2025-01-16 15:22:55,123 - INFO - Prepared sim number: 13: RAYPy_Simulation_bessy3_37m_PGM_2Perc_coupling_errors_on_RP/round_4/13_bessy3_37m_PGM_2Perc_coupling_errors_on_RP.rml
2025-01-16 15:22:55,125 - INFO - Prepared sim number: 14: RAYPy_Simulation_bessy3_37m_PGM_2Perc_coupling_errors_on_RP/round_4/14_bessy3_37m_PGM_2Perc_coupling_errors_on_RP.rml
2025-01-16 15:22:55,128 - INFO - Prepared sim number: 15: RAYPy_Simulation_bessy3_37m_PGM_2Perc_coupling_errors_on_RP/round_4/15_bessy3_37m_PGM_2Perc_coupling_errors_on_RP.rml
2025-01-16 15:22:55,131 - INFO - Prepared sim number: 16: RAYPy_Simulation_bessy3_37m_PGM_2Perc_coupling_errors_on_RP/round_4/16_bessy3_37m_PGM_2Perc_coupling_errors_on_RP.rml
2025-01-16 15:22:55,133 - INFO - Prepared sim number: 17: RAYPy_Simulation_bessy3_37m_PGM_2Perc_coupling_errors_on_RP/round_4/17_bessy3_37m_PGM_2Perc_coupling_errors_on_RP.rml
2025-01-16 15:22:55,137 - INFO - Prepared sim number: 18: RAYPy_Simulation_bessy3_37m_PGM_2Perc_coupling_errors_on_RP/round_4/18_bessy3_37m_PGM_2Perc_coupling_errors_on_RP.rml
2025-01-16 15:22:55,140 - INFO - Prepared sim number: 19: RAYPy_Simulation_bessy3_37m_PGM_2Perc_coupling_errors_on_RP/round_4/19_bessy3_37m_PGM_2Perc_coupling_errors_on_RP.rml
2025-01-16 15:22:55,143 - INFO - Prepared sim number: 20: RAYPy_Simulation_bessy3_37m_PGM_2Perc_coupling_errors_on_RP/round_4/20_bessy3_37m_PGM_2Perc_coupling_errors_on_RP.rml
2025-01-16 15:22:55,144 - INFO - Waiting for batch number: 1, timeout: 21.269855642318724s
2025-01-16 15:22:57,841 - INFO - Completed: 1, remaining: 59, RAYPy_Simulation_bessy3_37m_PGM_2Perc_coupling_errors_on_RP/round_3/0_bessy3_37m_PGM_2Perc_coupling_errors_on_RP.rml
2025-01-16 15:22:58,024 - INFO - Completed: 2, remaining: 58, RAYPy_Simulation_bessy3_37m_PGM_2Perc_coupling_errors_on_RP/round_3/1_bessy3_37m_PGM_2Perc_coupling_errors_on_RP.rml
2025-01-16 15:22:58,151 - INFO - Completed: 3, remaining: 57, RAYPy_Simulation_bessy3_37m_PGM_2Perc_coupling_errors_on_RP/round_3/2_bessy3_37m_PGM_2Perc_coupling_errors_on_RP.rml
2025-01-16 15:22:58,256 - INFO - Completed: 4, remaining: 56, RAYPy_Simulation_bessy3_37m_PGM_2Perc_coupling_errors_on_RP/round_3/5_bessy3_37m_PGM_2Perc_coupling_errors_on_RP.rml
2025-01-16 15:22:58,429 - INFO - Completed: 5, remaining: 55, RAYPy_Simulation_bessy3_37m_PGM_2Perc_coupling_errors_on_RP/round_3/6_bessy3_37m_PGM_2Perc_coupling_errors_on_RP.rml
2025-01-16 15:22:58,453 - INFO - Completed: 6, remaining: 54, RAYPy_Simulation_bessy3_37m_PGM_2Perc_coupling_errors_on_RP/round_3/7_bessy3_37m_PGM_2Perc_coupling_errors_on_RP.rml
2025-01-16 15:22:58,616 - INFO - Completed: 7, remaining: 53, RAYPy_Simulation_bessy3_37m_PGM_2Perc_coupling_errors_on_RP/round_2/19_bessy3_37m_PGM_2Perc_coupling_errors_on_RP.rml
2025-01-16 15:22:58,640 - INFO - Completed: 8, remaining: 52, RAYPy_Simulation_bessy3_37m_PGM_2Perc_coupling_errors_on_RP/round_2/18_bessy3_37m_PGM_2Perc_coupling_errors_on_RP.rml
2025-01-16 15:23:00,646 - INFO - Completed: 9, remaining: 51, RAYPy_Simulation_bessy3_37m_PGM_2Perc_coupling_errors_on_RP/round_3/3_bessy3_37m_PGM_2Perc_coupling_errors_on_RP.rml
2025-01-16 15:23:00,736 - INFO - Completed: 10, remaining: 50, RAYPy_Simulation_bessy3_37m_PGM_2Perc_coupling_errors_on_RP/round_2/20_bessy3_37m_PGM_2Perc_coupling_errors_on_RP.rml
2025-01-16 15:23:00,872 - INFO - Completed: 11, remaining: 49, RAYPy_Simulation_bessy3_37m_PGM_2Perc_coupling_errors_on_RP/round_3/4_bessy3_37m_PGM_2Perc_coupling_errors_on_RP.rml
2025-01-16 15:23:01,168 - INFO - Completed: 12, remaining: 48, RAYPy_Simulation_bessy3_37m_PGM_2Perc_coupling_errors_on_RP/round_3/9_bessy3_37m_PGM_2Perc_coupling_errors_on_RP.rml
2025-01-16 15:23:01,273 - INFO - Completed: 13, remaining: 47, RAYPy_Simulation_bessy3_37m_PGM_2Perc_coupling_errors_on_RP/round_3/8_bessy3_37m_PGM_2Perc_coupling_errors_on_RP.rml
2025-01-16 15:23:01,594 - INFO - Completed: 14, remaining: 46, RAYPy_Simulation_bessy3_37m_PGM_2Perc_coupling_errors_on_RP/round_3/10_bessy3_37m_PGM_2Perc_coupling_errors_on_RP.rml
2025-01-16 15:23:01,909 - INFO - Completed: 15, remaining: 45, RAYPy_Simulation_bessy3_37m_PGM_2Perc_coupling_errors_on_RP/round_3/11_bessy3_37m_PGM_2Perc_coupling_errors_on_RP.rml
2025-01-16 15:23:02,327 - INFO - Completed: 16, remaining: 44, RAYPy_Simulation_bessy3_37m_PGM_2Perc_coupling_errors_on_RP/round_3/12_bessy3_37m_PGM_2Perc_coupling_errors_on_RP.rml
2025-01-16 15:23:02,438 - INFO - Completed: 17, remaining: 43, RAYPy_Simulation_bessy3_37m_PGM_2Perc_coupling_errors_on_RP/round_3/14_bessy3_37m_PGM_2Perc_coupling_errors_on_RP.rml
2025-01-16 15:23:02,553 - INFO - Completed: 18, remaining: 42, RAYPy_Simulation_bessy3_37m_PGM_2Perc_coupling_errors_on_RP/round_3/13_bessy3_37m_PGM_2Perc_coupling_errors_on_RP.rml
2025-01-16 15:23:02,609 - INFO - Completed: 19, remaining: 41, RAYPy_Simulation_bessy3_37m_PGM_2Perc_coupling_errors_on_RP/round_3/15_bessy3_37m_PGM_2Perc_coupling_errors_on_RP.rml
2025-01-16 15:23:02,623 - INFO - Completed: 20, remaining: 40, RAYPy_Simulation_bessy3_37m_PGM_2Perc_coupling_errors_on_RP/round_3/16_bessy3_37m_PGM_2Perc_coupling_errors_on_RP.rml
2025-01-16 15:23:04,337 - INFO - Completed: 21, remaining: 39, RAYPy_Simulation_bessy3_37m_PGM_2Perc_coupling_errors_on_RP/round_3/18_bessy3_37m_PGM_2Perc_coupling_errors_on_RP.rml
2025-01-16 15:23:04,355 - INFO - Completed: 22, remaining: 38, RAYPy_Simulation_bessy3_37m_PGM_2Perc_coupling_errors_on_RP/round_3/17_bessy3_37m_PGM_2Perc_coupling_errors_on_RP.rml
2025-01-16 15:23:04,521 - INFO - Completed: 23, remaining: 37, RAYPy_Simulation_bessy3_37m_PGM_2Perc_coupling_errors_on_RP/round_4/0_bessy3_37m_PGM_2Perc_coupling_errors_on_RP.rml
2025-01-16 15:23:04,677 - INFO - Completed: 24, remaining: 36, RAYPy_Simulation_bessy3_37m_PGM_2Perc_coupling_errors_on_RP/round_4/1_bessy3_37m_PGM_2Perc_coupling_errors_on_RP.rml
2025-01-16 15:23:04,821 - INFO - Completed: 25, remaining: 35, RAYPy_Simulation_bessy3_37m_PGM_2Perc_coupling_errors_on_RP/round_3/19_bessy3_37m_PGM_2Perc_coupling_errors_on_RP.rml
2025-01-16 15:23:05,081 - INFO - Completed: 26, remaining: 34, RAYPy_Simulation_bessy3_37m_PGM_2Perc_coupling_errors_on_RP/round_4/2_bessy3_37m_PGM_2Perc_coupling_errors_on_RP.rml
2025-01-16 15:23:05,353 - INFO - Completed: 27, remaining: 33, RAYPy_Simulation_bessy3_37m_PGM_2Perc_coupling_errors_on_RP/round_3/20_bessy3_37m_PGM_2Perc_coupling_errors_on_RP.rml
2025-01-16 15:23:05,462 - INFO - Completed: 28, remaining: 32, RAYPy_Simulation_bessy3_37m_PGM_2Perc_coupling_errors_on_RP/round_4/3_bessy3_37m_PGM_2Perc_coupling_errors_on_RP.rml
2025-01-16 15:23:05,712 - INFO - Completed: 29, remaining: 31, RAYPy_Simulation_bessy3_37m_PGM_2Perc_coupling_errors_on_RP/round_4/4_bessy3_37m_PGM_2Perc_coupling_errors_on_RP.rml
2025-01-16 15:23:05,958 - INFO - Completed: 30, remaining: 30, RAYPy_Simulation_bessy3_37m_PGM_2Perc_coupling_errors_on_RP/round_4/6_bessy3_37m_PGM_2Perc_coupling_errors_on_RP.rml
2025-01-16 15:23:05,984 - INFO - Completed: 31, remaining: 29, RAYPy_Simulation_bessy3_37m_PGM_2Perc_coupling_errors_on_RP/round_4/7_bessy3_37m_PGM_2Perc_coupling_errors_on_RP.rml
2025-01-16 15:23:06,094 - INFO - Completed: 32, remaining: 28, RAYPy_Simulation_bessy3_37m_PGM_2Perc_coupling_errors_on_RP/round_4/5_bessy3_37m_PGM_2Perc_coupling_errors_on_RP.rml
2025-01-16 15:23:07,757 - INFO - Completed: 33, remaining: 27, RAYPy_Simulation_bessy3_37m_PGM_2Perc_coupling_errors_on_RP/round_4/8_bessy3_37m_PGM_2Perc_coupling_errors_on_RP.rml
2025-01-16 15:23:07,812 - INFO - Completed: 34, remaining: 26, RAYPy_Simulation_bessy3_37m_PGM_2Perc_coupling_errors_on_RP/round_4/10_bessy3_37m_PGM_2Perc_coupling_errors_on_RP.rml
2025-01-16 15:23:08,037 - INFO - Completed: 35, remaining: 25, RAYPy_Simulation_bessy3_37m_PGM_2Perc_coupling_errors_on_RP/round_4/9_bessy3_37m_PGM_2Perc_coupling_errors_on_RP.rml
2025-01-16 15:23:08,226 - INFO - Completed: 36, remaining: 24, RAYPy_Simulation_bessy3_37m_PGM_2Perc_coupling_errors_on_RP/round_4/11_bessy3_37m_PGM_2Perc_coupling_errors_on_RP.rml
2025-01-16 15:23:08,309 - INFO - Completed: 37, remaining: 23, RAYPy_Simulation_bessy3_37m_PGM_2Perc_coupling_errors_on_RP/round_4/12_bessy3_37m_PGM_2Perc_coupling_errors_on_RP.rml
2025-01-16 15:23:08,401 - INFO - Completed: 38, remaining: 22, RAYPy_Simulation_bessy3_37m_PGM_2Perc_coupling_errors_on_RP/round_4/13_bessy3_37m_PGM_2Perc_coupling_errors_on_RP.rml
2025-01-16 15:23:08,630 - INFO - Completed: 39, remaining: 21, RAYPy_Simulation_bessy3_37m_PGM_2Perc_coupling_errors_on_RP/round_4/15_bessy3_37m_PGM_2Perc_coupling_errors_on_RP.rml
2025-01-16 15:23:08,931 - INFO - Completed: 40, remaining: 20, RAYPy_Simulation_bessy3_37m_PGM_2Perc_coupling_errors_on_RP/round_4/16_bessy3_37m_PGM_2Perc_coupling_errors_on_RP.rml
2025-01-16 15:23:09,043 - INFO - Completed: 41, remaining: 19, RAYPy_Simulation_bessy3_37m_PGM_2Perc_coupling_errors_on_RP/round_4/14_bessy3_37m_PGM_2Perc_coupling_errors_on_RP.rml
2025-01-16 15:23:09,112 - INFO - Completed: 42, remaining: 18, RAYPy_Simulation_bessy3_37m_PGM_2Perc_coupling_errors_on_RP/round_4/18_bessy3_37m_PGM_2Perc_coupling_errors_on_RP.rml
2025-01-16 15:23:09,186 - INFO - Completed: 43, remaining: 17, RAYPy_Simulation_bessy3_37m_PGM_2Perc_coupling_errors_on_RP/round_4/17_bessy3_37m_PGM_2Perc_coupling_errors_on_RP.rml
2025-01-16 15:23:09,202 - INFO - Completed: 44, remaining: 16, RAYPy_Simulation_bessy3_37m_PGM_2Perc_coupling_errors_on_RP/round_4/19_bessy3_37m_PGM_2Perc_coupling_errors_on_RP.rml
2025-01-16 15:23:09,991 - INFO - Completed: 45, remaining: 15, RAYPy_Simulation_bessy3_37m_PGM_2Perc_coupling_errors_on_RP/round_4/20_bessy3_37m_PGM_2Perc_coupling_errors_on_RP.rml
2025-01-16 15:23:09,992 - INFO - Batch Completed
2025-01-16 15:23:09,992 - INFO - Waiting For batch, 60 simulations to go
2025-01-16 15:23:09,992 - INFO - Remaning Simulations 0, stop the simulations loop
2025-01-16 15:23:09,992 - INFO - Checking that all simulations are completed before stopping the ProcessPoolExecutor
2025-01-16 15:23:10,024 - INFO - Executor shutdown completed.
2025-01-16 15:23:10,041 - INFO - Simulation completed successfully.
2025-01-16 15:23:10,041 - INFO - Starting cleanup
2025-01-16 15:23:10,213 - INFO - Done with the cleanup
2025-01-16 15:23:10,213 - INFO - Create Pandas Recap Files
2025-01-16 15:23:10,223 - INFO - End of the Simulations
