2024-07-05 15:11:11,486 - INFO - Simulation started, using 10 workers
2024-07-05 15:11:11,491 - INFO - Start round 0
2024-07-05 15:11:11,503 - INFO - Prepared sim number: 0: RAYPy_Simulation_Bessy2_LoBeta_long_RP/round_0/0_Bessy2_LoBeta_long_RP.rml
2024-07-05 15:11:11,512 - INFO - Prepared sim number: 1: RAYPy_Simulation_Bessy2_LoBeta_long_RP/round_0/1_Bessy2_LoBeta_long_RP.rml
2024-07-05 15:11:11,535 - INFO - Prepared sim number: 2: RAYPy_Simulation_Bessy2_LoBeta_long_RP/round_0/2_Bessy2_LoBeta_long_RP.rml
2024-07-05 15:11:11,572 - INFO - Prepared sim number: 3: RAYPy_Simulation_Bessy2_LoBeta_long_RP/round_0/3_Bessy2_LoBeta_long_RP.rml
2024-07-05 15:11:11,594 - INFO - Prepared sim number: 4: RAYPy_Simulation_Bessy2_LoBeta_long_RP/round_0/4_Bessy2_LoBeta_long_RP.rml
2024-07-05 15:11:11,609 - INFO - Prepared sim number: 5: RAYPy_Simulation_Bessy2_LoBeta_long_RP/round_0/5_Bessy2_LoBeta_long_RP.rml
2024-07-05 15:11:11,622 - INFO - Prepared sim number: 6: RAYPy_Simulation_Bessy2_LoBeta_long_RP/round_0/6_Bessy2_LoBeta_long_RP.rml
2024-07-05 15:11:11,636 - INFO - Prepared sim number: 7: RAYPy_Simulation_Bessy2_LoBeta_long_RP/round_0/7_Bessy2_LoBeta_long_RP.rml
2024-07-05 15:11:11,651 - INFO - Prepared sim number: 8: RAYPy_Simulation_Bessy2_LoBeta_long_RP/round_0/8_Bessy2_LoBeta_long_RP.rml
2024-07-05 15:11:11,665 - INFO - Prepared sim number: 9: RAYPy_Simulation_Bessy2_LoBeta_long_RP/round_0/9_Bessy2_LoBeta_long_RP.rml
2024-07-05 15:11:11,675 - INFO - Prepared sim number: 10: RAYPy_Simulation_Bessy2_LoBeta_long_RP/round_0/10_Bessy2_LoBeta_long_RP.rml
2024-07-05 15:11:11,684 - INFO - Prepared sim number: 11: RAYPy_Simulation_Bessy2_LoBeta_long_RP/round_0/11_Bessy2_LoBeta_long_RP.rml
2024-07-05 15:11:11,694 - INFO - Prepared sim number: 12: RAYPy_Simulation_Bessy2_LoBeta_long_RP/round_0/12_Bessy2_LoBeta_long_RP.rml
2024-07-05 15:11:11,704 - INFO - Prepared sim number: 13: RAYPy_Simulation_Bessy2_LoBeta_long_RP/round_0/13_Bessy2_LoBeta_long_RP.rml
2024-07-05 15:11:11,712 - INFO - Prepared sim number: 14: RAYPy_Simulation_Bessy2_LoBeta_long_RP/round_0/14_Bessy2_LoBeta_long_RP.rml
2024-07-05 15:11:11,721 - INFO - Prepared sim number: 15: RAYPy_Simulation_Bessy2_LoBeta_long_RP/round_0/15_Bessy2_LoBeta_long_RP.rml
2024-07-05 15:11:11,731 - INFO - Prepared sim number: 16: RAYPy_Simulation_Bessy2_LoBeta_long_RP/round_0/16_Bessy2_LoBeta_long_RP.rml
2024-07-05 15:11:11,740 - INFO - Prepared sim number: 17: RAYPy_Simulation_Bessy2_LoBeta_long_RP/round_0/17_Bessy2_LoBeta_long_RP.rml
2024-07-05 15:11:11,749 - INFO - Prepared sim number: 18: RAYPy_Simulation_Bessy2_LoBeta_long_RP/round_0/18_Bessy2_LoBeta_long_RP.rml
2024-07-05 15:11:11,757 - INFO - Prepared sim number: 19: RAYPy_Simulation_Bessy2_LoBeta_long_RP/round_0/19_Bessy2_LoBeta_long_RP.rml
2024-07-05 15:11:11,766 - INFO - Prepared sim number: 20: RAYPy_Simulation_Bessy2_LoBeta_long_RP/round_0/20_Bessy2_LoBeta_long_RP.rml
2024-07-05 15:11:11,775 - INFO - Prepared sim number: 21: RAYPy_Simulation_Bessy2_LoBeta_long_RP/round_0/21_Bessy2_LoBeta_long_RP.rml
2024-07-05 15:11:11,788 - INFO - Prepared sim number: 22: RAYPy_Simulation_Bessy2_LoBeta_long_RP/round_0/22_Bessy2_LoBeta_long_RP.rml
2024-07-05 15:11:11,806 - INFO - Prepared sim number: 23: RAYPy_Simulation_Bessy2_LoBeta_long_RP/round_0/23_Bessy2_LoBeta_long_RP.rml
2024-07-05 15:11:11,817 - INFO - Prepared sim number: 24: RAYPy_Simulation_Bessy2_LoBeta_long_RP/round_0/24_Bessy2_LoBeta_long_RP.rml
2024-07-05 15:11:11,825 - INFO - Prepared sim number: 25: RAYPy_Simulation_Bessy2_LoBeta_long_RP/round_0/25_Bessy2_LoBeta_long_RP.rml
2024-07-05 15:11:11,835 - INFO - Prepared sim number: 26: RAYPy_Simulation_Bessy2_LoBeta_long_RP/round_0/26_Bessy2_LoBeta_long_RP.rml
2024-07-05 15:11:11,846 - INFO - Prepared sim number: 27: RAYPy_Simulation_Bessy2_LoBeta_long_RP/round_0/27_Bessy2_LoBeta_long_RP.rml
2024-07-05 15:11:11,854 - INFO - Prepared sim number: 28: RAYPy_Simulation_Bessy2_LoBeta_long_RP/round_0/28_Bessy2_LoBeta_long_RP.rml
2024-07-05 15:11:11,862 - INFO - Prepared sim number: 29: RAYPy_Simulation_Bessy2_LoBeta_long_RP/round_0/29_Bessy2_LoBeta_long_RP.rml
2024-07-05 15:11:11,869 - INFO - Prepared sim number: 30: RAYPy_Simulation_Bessy2_LoBeta_long_RP/round_0/30_Bessy2_LoBeta_long_RP.rml
2024-07-05 15:11:11,876 - INFO - Prepared sim number: 31: RAYPy_Simulation_Bessy2_LoBeta_long_RP/round_0/31_Bessy2_LoBeta_long_RP.rml
2024-07-05 15:11:11,885 - INFO - Prepared sim number: 32: RAYPy_Simulation_Bessy2_LoBeta_long_RP/round_0/32_Bessy2_LoBeta_long_RP.rml
2024-07-05 15:11:11,895 - INFO - Prepared sim number: 33: RAYPy_Simulation_Bessy2_LoBeta_long_RP/round_0/33_Bessy2_LoBeta_long_RP.rml
2024-07-05 15:11:11,904 - INFO - Prepared sim number: 34: RAYPy_Simulation_Bessy2_LoBeta_long_RP/round_0/34_Bessy2_LoBeta_long_RP.rml
2024-07-05 15:11:11,914 - INFO - Prepared sim number: 35: RAYPy_Simulation_Bessy2_LoBeta_long_RP/round_0/35_Bessy2_LoBeta_long_RP.rml
2024-07-05 15:11:11,923 - INFO - Prepared sim number: 36: RAYPy_Simulation_Bessy2_LoBeta_long_RP/round_0/36_Bessy2_LoBeta_long_RP.rml
2024-07-05 15:11:11,932 - INFO - Prepared sim number: 37: RAYPy_Simulation_Bessy2_LoBeta_long_RP/round_0/37_Bessy2_LoBeta_long_RP.rml
2024-07-05 15:11:11,942 - INFO - Prepared sim number: 38: RAYPy_Simulation_Bessy2_LoBeta_long_RP/round_0/38_Bessy2_LoBeta_long_RP.rml
2024-07-05 15:11:11,951 - INFO - Prepared sim number: 39: RAYPy_Simulation_Bessy2_LoBeta_long_RP/round_0/39_Bessy2_LoBeta_long_RP.rml
2024-07-05 15:11:11,961 - INFO - Prepared sim number: 40: RAYPy_Simulation_Bessy2_LoBeta_long_RP/round_0/40_Bessy2_LoBeta_long_RP.rml
2024-07-05 15:11:11,968 - INFO - Prepared sim number: 41: RAYPy_Simulation_Bessy2_LoBeta_long_RP/round_0/41_Bessy2_LoBeta_long_RP.rml
2024-07-05 15:11:11,975 - INFO - Prepared sim number: 42: RAYPy_Simulation_Bessy2_LoBeta_long_RP/round_0/42_Bessy2_LoBeta_long_RP.rml
2024-07-05 15:11:11,985 - INFO - Prepared sim number: 43: RAYPy_Simulation_Bessy2_LoBeta_long_RP/round_0/43_Bessy2_LoBeta_long_RP.rml
2024-07-05 15:11:11,996 - INFO - Prepared sim number: 44: RAYPy_Simulation_Bessy2_LoBeta_long_RP/round_0/44_Bessy2_LoBeta_long_RP.rml
2024-07-05 15:11:12,004 - INFO - Prepared sim number: 45: RAYPy_Simulation_Bessy2_LoBeta_long_RP/round_0/45_Bessy2_LoBeta_long_RP.rml
2024-07-05 15:11:12,013 - INFO - Prepared sim number: 46: RAYPy_Simulation_Bessy2_LoBeta_long_RP/round_0/46_Bessy2_LoBeta_long_RP.rml
2024-07-05 15:11:12,023 - INFO - Prepared sim number: 47: RAYPy_Simulation_Bessy2_LoBeta_long_RP/round_0/47_Bessy2_LoBeta_long_RP.rml
2024-07-05 15:11:12,034 - INFO - Prepared sim number: 48: RAYPy_Simulation_Bessy2_LoBeta_long_RP/round_0/48_Bessy2_LoBeta_long_RP.rml
2024-07-05 15:11:12,052 - INFO - Prepared sim number: 49: RAYPy_Simulation_Bessy2_LoBeta_long_RP/round_0/49_Bessy2_LoBeta_long_RP.rml
2024-07-05 15:11:12,077 - INFO - Waiting for batch number: 0, timeout: 60s
2024-07-05 15:11:13,963 - INFO - Completed: 1, remaining: 49, RAYPy_Simulation_Bessy2_LoBeta_long_RP/round_0/7_Bessy2_LoBeta_long_RP.rml
2024-07-05 15:11:14,009 - INFO - Completed: 2, remaining: 48, RAYPy_Simulation_Bessy2_LoBeta_long_RP/round_0/8_Bessy2_LoBeta_long_RP.rml
2024-07-05 15:11:14,077 - INFO - Completed: 3, remaining: 47, RAYPy_Simulation_Bessy2_LoBeta_long_RP/round_0/0_Bessy2_LoBeta_long_RP.rml
2024-07-05 15:11:14,087 - INFO - Completed: 4, remaining: 46, RAYPy_Simulation_Bessy2_LoBeta_long_RP/round_0/1_Bessy2_LoBeta_long_RP.rml
2024-07-05 15:11:14,412 - INFO - Completed: 5, remaining: 45, RAYPy_Simulation_Bessy2_LoBeta_long_RP/round_0/6_Bessy2_LoBeta_long_RP.rml
2024-07-05 15:11:17,899 - INFO - Completed: 6, remaining: 44, RAYPy_Simulation_Bessy2_LoBeta_long_RP/round_0/11_Bessy2_LoBeta_long_RP.rml
2024-07-05 15:11:18,033 - INFO - Completed: 7, remaining: 43, RAYPy_Simulation_Bessy2_LoBeta_long_RP/round_0/2_Bessy2_LoBeta_long_RP.rml
2024-07-05 15:11:18,193 - INFO - Completed: 8, remaining: 42, RAYPy_Simulation_Bessy2_LoBeta_long_RP/round_0/5_Bessy2_LoBeta_long_RP.rml
2024-07-05 15:11:18,326 - INFO - Completed: 9, remaining: 41, RAYPy_Simulation_Bessy2_LoBeta_long_RP/round_0/13_Bessy2_LoBeta_long_RP.rml
2024-07-05 15:11:18,410 - INFO - Completed: 10, remaining: 40, RAYPy_Simulation_Bessy2_LoBeta_long_RP/round_0/4_Bessy2_LoBeta_long_RP.rml
2024-07-05 15:11:18,461 - INFO - Completed: 11, remaining: 39, RAYPy_Simulation_Bessy2_LoBeta_long_RP/round_0/12_Bessy2_LoBeta_long_RP.rml
2024-07-05 15:11:18,622 - INFO - Completed: 12, remaining: 38, RAYPy_Simulation_Bessy2_LoBeta_long_RP/round_0/14_Bessy2_LoBeta_long_RP.rml
2024-07-05 15:11:18,791 - INFO - Completed: 13, remaining: 37, RAYPy_Simulation_Bessy2_LoBeta_long_RP/round_0/10_Bessy2_LoBeta_long_RP.rml
2024-07-05 15:11:18,899 - INFO - Completed: 14, remaining: 36, RAYPy_Simulation_Bessy2_LoBeta_long_RP/round_0/9_Bessy2_LoBeta_long_RP.rml
2024-07-05 15:11:20,933 - INFO - Completed: 15, remaining: 35, RAYPy_Simulation_Bessy2_LoBeta_long_RP/round_0/3_Bessy2_LoBeta_long_RP.rml
2024-07-05 15:11:22,924 - INFO - Completed: 16, remaining: 34, RAYPy_Simulation_Bessy2_LoBeta_long_RP/round_0/17_Bessy2_LoBeta_long_RP.rml
2024-07-05 15:11:23,095 - INFO - Completed: 17, remaining: 33, RAYPy_Simulation_Bessy2_LoBeta_long_RP/round_0/16_Bessy2_LoBeta_long_RP.rml
2024-07-05 15:11:23,214 - INFO - Completed: 18, remaining: 32, RAYPy_Simulation_Bessy2_LoBeta_long_RP/round_0/18_Bessy2_LoBeta_long_RP.rml
2024-07-05 15:11:23,318 - INFO - Completed: 19, remaining: 31, RAYPy_Simulation_Bessy2_LoBeta_long_RP/round_0/15_Bessy2_LoBeta_long_RP.rml
2024-07-05 15:11:23,338 - INFO - Completed: 20, remaining: 30, RAYPy_Simulation_Bessy2_LoBeta_long_RP/round_0/20_Bessy2_LoBeta_long_RP.rml
2024-07-05 15:11:23,458 - INFO - Completed: 21, remaining: 29, RAYPy_Simulation_Bessy2_LoBeta_long_RP/round_0/21_Bessy2_LoBeta_long_RP.rml
2024-07-05 15:11:23,613 - INFO - Completed: 22, remaining: 28, RAYPy_Simulation_Bessy2_LoBeta_long_RP/round_0/22_Bessy2_LoBeta_long_RP.rml
2024-07-05 15:11:24,001 - INFO - Completed: 23, remaining: 27, RAYPy_Simulation_Bessy2_LoBeta_long_RP/round_0/19_Bessy2_LoBeta_long_RP.rml
2024-07-05 15:11:24,024 - INFO - Completed: 24, remaining: 26, RAYPy_Simulation_Bessy2_LoBeta_long_RP/round_0/23_Bessy2_LoBeta_long_RP.rml
2024-07-05 15:11:25,225 - INFO - Completed: 25, remaining: 25, RAYPy_Simulation_Bessy2_LoBeta_long_RP/round_0/24_Bessy2_LoBeta_long_RP.rml
2024-07-05 15:11:27,175 - INFO - Completed: 26, remaining: 24, RAYPy_Simulation_Bessy2_LoBeta_long_RP/round_0/25_Bessy2_LoBeta_long_RP.rml
2024-07-05 15:11:27,244 - INFO - Completed: 27, remaining: 23, RAYPy_Simulation_Bessy2_LoBeta_long_RP/round_0/26_Bessy2_LoBeta_long_RP.rml
2024-07-05 15:11:27,458 - INFO - Completed: 28, remaining: 22, RAYPy_Simulation_Bessy2_LoBeta_long_RP/round_0/27_Bessy2_LoBeta_long_RP.rml
2024-07-05 15:11:27,582 - INFO - Completed: 29, remaining: 21, RAYPy_Simulation_Bessy2_LoBeta_long_RP/round_0/29_Bessy2_LoBeta_long_RP.rml
2024-07-05 15:11:28,155 - INFO - Completed: 30, remaining: 20, RAYPy_Simulation_Bessy2_LoBeta_long_RP/round_0/30_Bessy2_LoBeta_long_RP.rml
2024-07-05 15:11:28,168 - INFO - Completed: 31, remaining: 19, RAYPy_Simulation_Bessy2_LoBeta_long_RP/round_0/28_Bessy2_LoBeta_long_RP.rml
2024-07-05 15:11:28,368 - INFO - Completed: 32, remaining: 18, RAYPy_Simulation_Bessy2_LoBeta_long_RP/round_0/32_Bessy2_LoBeta_long_RP.rml
2024-07-05 15:11:28,457 - INFO - Completed: 33, remaining: 17, RAYPy_Simulation_Bessy2_LoBeta_long_RP/round_0/33_Bessy2_LoBeta_long_RP.rml
2024-07-05 15:11:28,692 - INFO - Completed: 34, remaining: 16, RAYPy_Simulation_Bessy2_LoBeta_long_RP/round_0/31_Bessy2_LoBeta_long_RP.rml
2024-07-05 15:11:30,100 - INFO - Completed: 35, remaining: 15, RAYPy_Simulation_Bessy2_LoBeta_long_RP/round_0/34_Bessy2_LoBeta_long_RP.rml
2024-07-05 15:11:32,455 - INFO - Completed: 36, remaining: 14, RAYPy_Simulation_Bessy2_LoBeta_long_RP/round_0/36_Bessy2_LoBeta_long_RP.rml
2024-07-05 15:11:32,511 - INFO - Completed: 37, remaining: 13, RAYPy_Simulation_Bessy2_LoBeta_long_RP/round_0/35_Bessy2_LoBeta_long_RP.rml
2024-07-05 15:11:32,571 - INFO - Completed: 38, remaining: 12, RAYPy_Simulation_Bessy2_LoBeta_long_RP/round_0/38_Bessy2_LoBeta_long_RP.rml
2024-07-05 15:11:32,780 - INFO - Completed: 39, remaining: 11, RAYPy_Simulation_Bessy2_LoBeta_long_RP/round_0/37_Bessy2_LoBeta_long_RP.rml
2024-07-05 15:11:33,042 - INFO - Completed: 40, remaining: 10, RAYPy_Simulation_Bessy2_LoBeta_long_RP/round_0/40_Bessy2_LoBeta_long_RP.rml
2024-07-05 15:11:33,378 - INFO - Completed: 41, remaining: 9, RAYPy_Simulation_Bessy2_LoBeta_long_RP/round_0/39_Bessy2_LoBeta_long_RP.rml
2024-07-05 15:11:33,573 - INFO - Completed: 42, remaining: 8, RAYPy_Simulation_Bessy2_LoBeta_long_RP/round_0/41_Bessy2_LoBeta_long_RP.rml
2024-07-05 15:11:33,779 - INFO - Completed: 43, remaining: 7, RAYPy_Simulation_Bessy2_LoBeta_long_RP/round_0/43_Bessy2_LoBeta_long_RP.rml
2024-07-05 15:11:33,869 - INFO - Completed: 44, remaining: 6, RAYPy_Simulation_Bessy2_LoBeta_long_RP/round_0/42_Bessy2_LoBeta_long_RP.rml
2024-07-05 15:11:34,517 - INFO - Completed: 45, remaining: 5, RAYPy_Simulation_Bessy2_LoBeta_long_RP/round_0/44_Bessy2_LoBeta_long_RP.rml
2024-07-05 15:11:35,142 - INFO - Completed: 46, remaining: 4, RAYPy_Simulation_Bessy2_LoBeta_long_RP/round_0/45_Bessy2_LoBeta_long_RP.rml
2024-07-05 15:11:35,171 - INFO - Completed: 47, remaining: 3, RAYPy_Simulation_Bessy2_LoBeta_long_RP/round_0/46_Bessy2_LoBeta_long_RP.rml
2024-07-05 15:11:35,306 - INFO - Completed: 48, remaining: 2, RAYPy_Simulation_Bessy2_LoBeta_long_RP/round_0/48_Bessy2_LoBeta_long_RP.rml
2024-07-05 15:11:35,456 - INFO - Completed: 49, remaining: 1, RAYPy_Simulation_Bessy2_LoBeta_long_RP/round_0/49_Bessy2_LoBeta_long_RP.rml
2024-07-05 15:11:35,590 - INFO - Completed: 50, remaining: 0, RAYPy_Simulation_Bessy2_LoBeta_long_RP/round_0/47_Bessy2_LoBeta_long_RP.rml
2024-07-05 15:11:35,590 - INFO - Batch Completed
2024-07-05 15:11:35,590 - INFO - Waiting For batch, 50 simulations to go
2024-07-05 15:11:35,620 - INFO - Prepared sim number: 50: RAYPy_Simulation_Bessy2_LoBeta_long_RP/round_0/50_Bessy2_LoBeta_long_RP.rml
2024-07-05 15:11:35,652 - INFO - Prepared sim number: 51: RAYPy_Simulation_Bessy2_LoBeta_long_RP/round_0/51_Bessy2_LoBeta_long_RP.rml
2024-07-05 15:11:35,669 - INFO - Prepared sim number: 52: RAYPy_Simulation_Bessy2_LoBeta_long_RP/round_0/52_Bessy2_LoBeta_long_RP.rml
2024-07-05 15:11:35,684 - INFO - Prepared sim number: 53: RAYPy_Simulation_Bessy2_LoBeta_long_RP/round_0/53_Bessy2_LoBeta_long_RP.rml
2024-07-05 15:11:35,696 - INFO - Prepared sim number: 54: RAYPy_Simulation_Bessy2_LoBeta_long_RP/round_0/54_Bessy2_LoBeta_long_RP.rml
2024-07-05 15:11:35,708 - INFO - Prepared sim number: 55: RAYPy_Simulation_Bessy2_LoBeta_long_RP/round_0/55_Bessy2_LoBeta_long_RP.rml
2024-07-05 15:11:35,719 - INFO - Prepared sim number: 56: RAYPy_Simulation_Bessy2_LoBeta_long_RP/round_0/56_Bessy2_LoBeta_long_RP.rml
2024-07-05 15:11:35,730 - INFO - Prepared sim number: 57: RAYPy_Simulation_Bessy2_LoBeta_long_RP/round_0/57_Bessy2_LoBeta_long_RP.rml
2024-07-05 15:11:35,741 - INFO - Prepared sim number: 58: RAYPy_Simulation_Bessy2_LoBeta_long_RP/round_0/58_Bessy2_LoBeta_long_RP.rml
2024-07-05 15:11:35,752 - INFO - Prepared sim number: 59: RAYPy_Simulation_Bessy2_LoBeta_long_RP/round_0/59_Bessy2_LoBeta_long_RP.rml
2024-07-05 15:11:35,762 - INFO - Prepared sim number: 60: RAYPy_Simulation_Bessy2_LoBeta_long_RP/round_0/60_Bessy2_LoBeta_long_RP.rml
2024-07-05 15:11:35,775 - INFO - Prepared sim number: 61: RAYPy_Simulation_Bessy2_LoBeta_long_RP/round_0/61_Bessy2_LoBeta_long_RP.rml
2024-07-05 15:11:35,785 - INFO - Prepared sim number: 62: RAYPy_Simulation_Bessy2_LoBeta_long_RP/round_0/62_Bessy2_LoBeta_long_RP.rml
2024-07-05 15:11:35,797 - INFO - Prepared sim number: 63: RAYPy_Simulation_Bessy2_LoBeta_long_RP/round_0/63_Bessy2_LoBeta_long_RP.rml
2024-07-05 15:11:35,810 - INFO - Prepared sim number: 64: RAYPy_Simulation_Bessy2_LoBeta_long_RP/round_0/64_Bessy2_LoBeta_long_RP.rml
2024-07-05 15:11:35,824 - INFO - Prepared sim number: 65: RAYPy_Simulation_Bessy2_LoBeta_long_RP/round_0/65_Bessy2_LoBeta_long_RP.rml
2024-07-05 15:11:35,840 - INFO - Prepared sim number: 66: RAYPy_Simulation_Bessy2_LoBeta_long_RP/round_0/66_Bessy2_LoBeta_long_RP.rml
2024-07-05 15:11:35,856 - INFO - Prepared sim number: 67: RAYPy_Simulation_Bessy2_LoBeta_long_RP/round_0/67_Bessy2_LoBeta_long_RP.rml
2024-07-05 15:11:35,866 - INFO - Prepared sim number: 68: RAYPy_Simulation_Bessy2_LoBeta_long_RP/round_0/68_Bessy2_LoBeta_long_RP.rml
2024-07-05 15:11:35,876 - INFO - Prepared sim number: 69: RAYPy_Simulation_Bessy2_LoBeta_long_RP/round_0/69_Bessy2_LoBeta_long_RP.rml
2024-07-05 15:11:35,887 - INFO - Prepared sim number: 70: RAYPy_Simulation_Bessy2_LoBeta_long_RP/round_0/70_Bessy2_LoBeta_long_RP.rml
2024-07-05 15:11:35,895 - INFO - Prepared sim number: 71: RAYPy_Simulation_Bessy2_LoBeta_long_RP/round_0/71_Bessy2_LoBeta_long_RP.rml
2024-07-05 15:11:35,904 - INFO - Prepared sim number: 72: RAYPy_Simulation_Bessy2_LoBeta_long_RP/round_0/72_Bessy2_LoBeta_long_RP.rml
2024-07-05 15:11:35,911 - INFO - Prepared sim number: 73: RAYPy_Simulation_Bessy2_LoBeta_long_RP/round_0/73_Bessy2_LoBeta_long_RP.rml
2024-07-05 15:11:35,919 - INFO - Prepared sim number: 74: RAYPy_Simulation_Bessy2_LoBeta_long_RP/round_0/74_Bessy2_LoBeta_long_RP.rml
2024-07-05 15:11:35,930 - INFO - Prepared sim number: 75: RAYPy_Simulation_Bessy2_LoBeta_long_RP/round_0/75_Bessy2_LoBeta_long_RP.rml
2024-07-05 15:11:35,937 - INFO - Prepared sim number: 76: RAYPy_Simulation_Bessy2_LoBeta_long_RP/round_0/76_Bessy2_LoBeta_long_RP.rml
2024-07-05 15:11:35,945 - INFO - Prepared sim number: 77: RAYPy_Simulation_Bessy2_LoBeta_long_RP/round_0/77_Bessy2_LoBeta_long_RP.rml
2024-07-05 15:11:35,953 - INFO - Prepared sim number: 78: RAYPy_Simulation_Bessy2_LoBeta_long_RP/round_0/78_Bessy2_LoBeta_long_RP.rml
2024-07-05 15:11:35,962 - INFO - Prepared sim number: 79: RAYPy_Simulation_Bessy2_LoBeta_long_RP/round_0/79_Bessy2_LoBeta_long_RP.rml
2024-07-05 15:11:35,975 - INFO - Prepared sim number: 80: RAYPy_Simulation_Bessy2_LoBeta_long_RP/round_0/80_Bessy2_LoBeta_long_RP.rml
2024-07-05 15:11:35,994 - INFO - Prepared sim number: 81: RAYPy_Simulation_Bessy2_LoBeta_long_RP/round_0/81_Bessy2_LoBeta_long_RP.rml
2024-07-05 15:11:36,012 - INFO - Prepared sim number: 82: RAYPy_Simulation_Bessy2_LoBeta_long_RP/round_0/82_Bessy2_LoBeta_long_RP.rml
2024-07-05 15:11:36,028 - INFO - Prepared sim number: 83: RAYPy_Simulation_Bessy2_LoBeta_long_RP/round_0/83_Bessy2_LoBeta_long_RP.rml
2024-07-05 15:11:36,045 - INFO - Prepared sim number: 84: RAYPy_Simulation_Bessy2_LoBeta_long_RP/round_0/84_Bessy2_LoBeta_long_RP.rml
2024-07-05 15:11:36,062 - INFO - Prepared sim number: 85: RAYPy_Simulation_Bessy2_LoBeta_long_RP/round_0/85_Bessy2_LoBeta_long_RP.rml
2024-07-05 15:11:36,078 - INFO - Prepared sim number: 86: RAYPy_Simulation_Bessy2_LoBeta_long_RP/round_0/86_Bessy2_LoBeta_long_RP.rml
2024-07-05 15:11:36,092 - INFO - Prepared sim number: 87: RAYPy_Simulation_Bessy2_LoBeta_long_RP/round_0/87_Bessy2_LoBeta_long_RP.rml
2024-07-05 15:11:36,104 - INFO - Prepared sim number: 88: RAYPy_Simulation_Bessy2_LoBeta_long_RP/round_0/88_Bessy2_LoBeta_long_RP.rml
2024-07-05 15:11:36,114 - INFO - Prepared sim number: 89: RAYPy_Simulation_Bessy2_LoBeta_long_RP/round_0/89_Bessy2_LoBeta_long_RP.rml
2024-07-05 15:11:36,126 - INFO - Prepared sim number: 90: RAYPy_Simulation_Bessy2_LoBeta_long_RP/round_0/90_Bessy2_LoBeta_long_RP.rml
2024-07-05 15:11:36,137 - INFO - Prepared sim number: 91: RAYPy_Simulation_Bessy2_LoBeta_long_RP/round_0/91_Bessy2_LoBeta_long_RP.rml
2024-07-05 15:11:36,145 - INFO - Prepared sim number: 92: RAYPy_Simulation_Bessy2_LoBeta_long_RP/round_0/92_Bessy2_LoBeta_long_RP.rml
2024-07-05 15:11:36,152 - INFO - Prepared sim number: 93: RAYPy_Simulation_Bessy2_LoBeta_long_RP/round_0/93_Bessy2_LoBeta_long_RP.rml
2024-07-05 15:11:36,160 - INFO - Prepared sim number: 94: RAYPy_Simulation_Bessy2_LoBeta_long_RP/round_0/94_Bessy2_LoBeta_long_RP.rml
2024-07-05 15:11:36,167 - INFO - Prepared sim number: 95: RAYPy_Simulation_Bessy2_LoBeta_long_RP/round_0/95_Bessy2_LoBeta_long_RP.rml
2024-07-05 15:11:36,175 - INFO - Prepared sim number: 96: RAYPy_Simulation_Bessy2_LoBeta_long_RP/round_0/96_Bessy2_LoBeta_long_RP.rml
2024-07-05 15:11:36,182 - INFO - Prepared sim number: 97: RAYPy_Simulation_Bessy2_LoBeta_long_RP/round_0/97_Bessy2_LoBeta_long_RP.rml
2024-07-05 15:11:36,191 - INFO - Prepared sim number: 98: RAYPy_Simulation_Bessy2_LoBeta_long_RP/round_0/98_Bessy2_LoBeta_long_RP.rml
2024-07-05 15:11:36,206 - INFO - Prepared sim number: 99: RAYPy_Simulation_Bessy2_LoBeta_long_RP/round_0/99_Bessy2_LoBeta_long_RP.rml
2024-07-05 15:11:36,207 - INFO - Waiting for batch number: 1, timeout: 26.992155218124392s
2024-07-05 15:11:38,100 - INFO - Completed: 1, remaining: 49, RAYPy_Simulation_Bessy2_LoBeta_long_RP/round_0/51_Bessy2_LoBeta_long_RP.rml
2024-07-05 15:11:38,105 - INFO - Completed: 2, remaining: 48, RAYPy_Simulation_Bessy2_LoBeta_long_RP/round_0/53_Bessy2_LoBeta_long_RP.rml
2024-07-05 15:11:38,168 - INFO - Completed: 3, remaining: 47, RAYPy_Simulation_Bessy2_LoBeta_long_RP/round_0/50_Bessy2_LoBeta_long_RP.rml
2024-07-05 15:11:38,295 - INFO - Completed: 4, remaining: 46, RAYPy_Simulation_Bessy2_LoBeta_long_RP/round_0/58_Bessy2_LoBeta_long_RP.rml
2024-07-05 15:11:38,396 - INFO - Completed: 5, remaining: 45, RAYPy_Simulation_Bessy2_LoBeta_long_RP/round_0/52_Bessy2_LoBeta_long_RP.rml
2024-07-05 15:11:38,674 - INFO - Completed: 6, remaining: 44, RAYPy_Simulation_Bessy2_LoBeta_long_RP/round_0/55_Bessy2_LoBeta_long_RP.rml
2024-07-05 15:11:39,425 - INFO - Completed: 7, remaining: 43, RAYPy_Simulation_Bessy2_LoBeta_long_RP/round_0/56_Bessy2_LoBeta_long_RP.rml
2024-07-05 15:11:42,831 - INFO - Completed: 8, remaining: 42, RAYPy_Simulation_Bessy2_LoBeta_long_RP/round_0/61_Bessy2_LoBeta_long_RP.rml
2024-07-05 15:11:42,988 - INFO - Completed: 9, remaining: 41, RAYPy_Simulation_Bessy2_LoBeta_long_RP/round_0/59_Bessy2_LoBeta_long_RP.rml
2024-07-05 15:11:43,106 - INFO - Completed: 10, remaining: 40, RAYPy_Simulation_Bessy2_LoBeta_long_RP/round_0/54_Bessy2_LoBeta_long_RP.rml
2024-07-05 15:11:43,143 - INFO - Completed: 11, remaining: 39, RAYPy_Simulation_Bessy2_LoBeta_long_RP/round_0/63_Bessy2_LoBeta_long_RP.rml
2024-07-05 15:11:43,208 - INFO - Completed: 12, remaining: 38, RAYPy_Simulation_Bessy2_LoBeta_long_RP/round_0/57_Bessy2_LoBeta_long_RP.rml
2024-07-05 15:11:43,464 - INFO - Completed: 13, remaining: 37, RAYPy_Simulation_Bessy2_LoBeta_long_RP/round_0/62_Bessy2_LoBeta_long_RP.rml
2024-07-05 15:11:43,663 - INFO - Completed: 14, remaining: 36, RAYPy_Simulation_Bessy2_LoBeta_long_RP/round_0/65_Bessy2_LoBeta_long_RP.rml
2024-07-05 15:11:44,023 - INFO - Completed: 15, remaining: 35, RAYPy_Simulation_Bessy2_LoBeta_long_RP/round_0/66_Bessy2_LoBeta_long_RP.rml
2024-07-05 15:11:44,256 - INFO - Completed: 16, remaining: 34, RAYPy_Simulation_Bessy2_LoBeta_long_RP/round_0/64_Bessy2_LoBeta_long_RP.rml
2024-07-05 15:11:44,680 - INFO - Completed: 17, remaining: 33, RAYPy_Simulation_Bessy2_LoBeta_long_RP/round_0/60_Bessy2_LoBeta_long_RP.rml
2024-07-05 15:11:46,623 - INFO - Completed: 18, remaining: 32, RAYPy_Simulation_Bessy2_LoBeta_long_RP/round_0/67_Bessy2_LoBeta_long_RP.rml
2024-07-05 15:11:46,767 - INFO - Completed: 19, remaining: 31, RAYPy_Simulation_Bessy2_LoBeta_long_RP/round_0/70_Bessy2_LoBeta_long_RP.rml
2024-07-05 15:11:46,836 - INFO - Completed: 20, remaining: 30, RAYPy_Simulation_Bessy2_LoBeta_long_RP/round_0/68_Bessy2_LoBeta_long_RP.rml
2024-07-05 15:11:46,927 - INFO - Completed: 21, remaining: 29, RAYPy_Simulation_Bessy2_LoBeta_long_RP/round_0/71_Bessy2_LoBeta_long_RP.rml
2024-07-05 15:11:47,121 - INFO - Completed: 22, remaining: 28, RAYPy_Simulation_Bessy2_LoBeta_long_RP/round_0/72_Bessy2_LoBeta_long_RP.rml
2024-07-05 15:11:47,645 - INFO - Completed: 23, remaining: 27, RAYPy_Simulation_Bessy2_LoBeta_long_RP/round_0/75_Bessy2_LoBeta_long_RP.rml
2024-07-05 15:11:47,676 - INFO - Completed: 24, remaining: 26, RAYPy_Simulation_Bessy2_LoBeta_long_RP/round_0/73_Bessy2_LoBeta_long_RP.rml
2024-07-05 15:11:47,824 - INFO - Completed: 25, remaining: 25, RAYPy_Simulation_Bessy2_LoBeta_long_RP/round_0/76_Bessy2_LoBeta_long_RP.rml
2024-07-05 15:11:47,975 - INFO - Completed: 26, remaining: 24, RAYPy_Simulation_Bessy2_LoBeta_long_RP/round_0/74_Bessy2_LoBeta_long_RP.rml
2024-07-05 15:11:48,362 - INFO - Completed: 27, remaining: 23, RAYPy_Simulation_Bessy2_LoBeta_long_RP/round_0/69_Bessy2_LoBeta_long_RP.rml
2024-07-05 15:11:50,025 - INFO - Completed: 28, remaining: 22, RAYPy_Simulation_Bessy2_LoBeta_long_RP/round_0/77_Bessy2_LoBeta_long_RP.rml
2024-07-05 15:11:50,081 - INFO - Completed: 29, remaining: 21, RAYPy_Simulation_Bessy2_LoBeta_long_RP/round_0/79_Bessy2_LoBeta_long_RP.rml
2024-07-05 15:11:50,199 - INFO - Completed: 30, remaining: 20, RAYPy_Simulation_Bessy2_LoBeta_long_RP/round_0/80_Bessy2_LoBeta_long_RP.rml
2024-07-05 15:11:50,318 - INFO - Completed: 31, remaining: 19, RAYPy_Simulation_Bessy2_LoBeta_long_RP/round_0/78_Bessy2_LoBeta_long_RP.rml
2024-07-05 15:11:50,793 - INFO - Completed: 32, remaining: 18, RAYPy_Simulation_Bessy2_LoBeta_long_RP/round_0/81_Bessy2_LoBeta_long_RP.rml
2024-07-05 15:11:51,422 - INFO - Completed: 33, remaining: 17, RAYPy_Simulation_Bessy2_LoBeta_long_RP/round_0/82_Bessy2_LoBeta_long_RP.rml
2024-07-05 15:11:51,641 - INFO - Completed: 34, remaining: 16, RAYPy_Simulation_Bessy2_LoBeta_long_RP/round_0/84_Bessy2_LoBeta_long_RP.rml
2024-07-05 15:11:51,813 - INFO - Completed: 35, remaining: 15, RAYPy_Simulation_Bessy2_LoBeta_long_RP/round_0/83_Bessy2_LoBeta_long_RP.rml
2024-07-05 15:11:51,903 - INFO - Completed: 36, remaining: 14, RAYPy_Simulation_Bessy2_LoBeta_long_RP/round_0/85_Bessy2_LoBeta_long_RP.rml
2024-07-05 15:11:52,530 - INFO - Completed: 37, remaining: 13, RAYPy_Simulation_Bessy2_LoBeta_long_RP/round_0/86_Bessy2_LoBeta_long_RP.rml
2024-07-05 15:11:54,728 - INFO - Completed: 38, remaining: 12, RAYPy_Simulation_Bessy2_LoBeta_long_RP/round_0/88_Bessy2_LoBeta_long_RP.rml
2024-07-05 15:11:55,146 - INFO - Completed: 39, remaining: 11, RAYPy_Simulation_Bessy2_LoBeta_long_RP/round_0/87_Bessy2_LoBeta_long_RP.rml
2024-07-05 15:11:55,284 - INFO - Completed: 40, remaining: 10, RAYPy_Simulation_Bessy2_LoBeta_long_RP/round_0/89_Bessy2_LoBeta_long_RP.rml
2024-07-05 15:11:55,356 - INFO - Completed: 41, remaining: 9, RAYPy_Simulation_Bessy2_LoBeta_long_RP/round_0/90_Bessy2_LoBeta_long_RP.rml
2024-07-05 15:11:55,760 - INFO - Completed: 42, remaining: 8, RAYPy_Simulation_Bessy2_LoBeta_long_RP/round_0/91_Bessy2_LoBeta_long_RP.rml
2024-07-05 15:11:56,311 - INFO - Completed: 43, remaining: 7, RAYPy_Simulation_Bessy2_LoBeta_long_RP/round_0/92_Bessy2_LoBeta_long_RP.rml
2024-07-05 15:11:56,457 - INFO - Completed: 44, remaining: 6, RAYPy_Simulation_Bessy2_LoBeta_long_RP/round_0/93_Bessy2_LoBeta_long_RP.rml
2024-07-05 15:11:56,551 - INFO - Completed: 45, remaining: 5, RAYPy_Simulation_Bessy2_LoBeta_long_RP/round_0/94_Bessy2_LoBeta_long_RP.rml
2024-07-05 15:11:56,663 - INFO - Completed: 46, remaining: 4, RAYPy_Simulation_Bessy2_LoBeta_long_RP/round_0/95_Bessy2_LoBeta_long_RP.rml
2024-07-05 15:11:57,012 - INFO - Completed: 47, remaining: 3, RAYPy_Simulation_Bessy2_LoBeta_long_RP/round_0/96_Bessy2_LoBeta_long_RP.rml
2024-07-05 15:11:57,529 - INFO - Completed: 48, remaining: 2, RAYPy_Simulation_Bessy2_LoBeta_long_RP/round_0/97_Bessy2_LoBeta_long_RP.rml
2024-07-05 15:11:57,663 - INFO - Completed: 49, remaining: 1, RAYPy_Simulation_Bessy2_LoBeta_long_RP/round_0/98_Bessy2_LoBeta_long_RP.rml
2024-07-05 15:11:57,696 - INFO - Completed: 50, remaining: 0, RAYPy_Simulation_Bessy2_LoBeta_long_RP/round_0/99_Bessy2_LoBeta_long_RP.rml
2024-07-05 15:11:57,697 - INFO - Batch Completed
2024-07-05 15:11:57,702 - INFO - Waiting For batch, 50 simulations to go
2024-07-05 15:11:57,782 - INFO - Prepared sim number: 100: RAYPy_Simulation_Bessy2_LoBeta_long_RP/round_0/100_Bessy2_LoBeta_long_RP.rml
2024-07-05 15:11:57,804 - INFO - Prepared sim number: 101: RAYPy_Simulation_Bessy2_LoBeta_long_RP/round_0/101_Bessy2_LoBeta_long_RP.rml
2024-07-05 15:11:57,824 - INFO - Prepared sim number: 102: RAYPy_Simulation_Bessy2_LoBeta_long_RP/round_0/102_Bessy2_LoBeta_long_RP.rml
2024-07-05 15:11:57,848 - INFO - Prepared sim number: 103: RAYPy_Simulation_Bessy2_LoBeta_long_RP/round_0/103_Bessy2_LoBeta_long_RP.rml
2024-07-05 15:11:57,866 - INFO - Prepared sim number: 104: RAYPy_Simulation_Bessy2_LoBeta_long_RP/round_0/104_Bessy2_LoBeta_long_RP.rml
2024-07-05 15:11:57,886 - INFO - Prepared sim number: 105: RAYPy_Simulation_Bessy2_LoBeta_long_RP/round_0/105_Bessy2_LoBeta_long_RP.rml
2024-07-05 15:11:57,906 - INFO - Prepared sim number: 106: RAYPy_Simulation_Bessy2_LoBeta_long_RP/round_0/106_Bessy2_LoBeta_long_RP.rml
2024-07-05 15:11:57,930 - INFO - Prepared sim number: 107: RAYPy_Simulation_Bessy2_LoBeta_long_RP/round_0/107_Bessy2_LoBeta_long_RP.rml
2024-07-05 15:11:57,946 - INFO - Prepared sim number: 108: RAYPy_Simulation_Bessy2_LoBeta_long_RP/round_0/108_Bessy2_LoBeta_long_RP.rml
2024-07-05 15:11:57,962 - INFO - Prepared sim number: 109: RAYPy_Simulation_Bessy2_LoBeta_long_RP/round_0/109_Bessy2_LoBeta_long_RP.rml
2024-07-05 15:11:57,980 - INFO - Prepared sim number: 110: RAYPy_Simulation_Bessy2_LoBeta_long_RP/round_0/110_Bessy2_LoBeta_long_RP.rml
2024-07-05 15:11:57,994 - INFO - Prepared sim number: 111: RAYPy_Simulation_Bessy2_LoBeta_long_RP/round_0/111_Bessy2_LoBeta_long_RP.rml
2024-07-05 15:11:58,009 - INFO - Prepared sim number: 112: RAYPy_Simulation_Bessy2_LoBeta_long_RP/round_0/112_Bessy2_LoBeta_long_RP.rml
2024-07-05 15:11:58,023 - INFO - Prepared sim number: 113: RAYPy_Simulation_Bessy2_LoBeta_long_RP/round_0/113_Bessy2_LoBeta_long_RP.rml
2024-07-05 15:11:58,038 - INFO - Prepared sim number: 114: RAYPy_Simulation_Bessy2_LoBeta_long_RP/round_0/114_Bessy2_LoBeta_long_RP.rml
2024-07-05 15:11:58,049 - INFO - Prepared sim number: 115: RAYPy_Simulation_Bessy2_LoBeta_long_RP/round_0/115_Bessy2_LoBeta_long_RP.rml
2024-07-05 15:11:58,064 - INFO - Prepared sim number: 116: RAYPy_Simulation_Bessy2_LoBeta_long_RP/round_0/116_Bessy2_LoBeta_long_RP.rml
2024-07-05 15:11:58,065 - INFO - Start round 1
2024-07-05 15:11:58,071 - INFO - Prepared sim number: 0: RAYPy_Simulation_Bessy2_LoBeta_long_RP/round_1/0_Bessy2_LoBeta_long_RP.rml
2024-07-05 15:11:58,076 - INFO - Prepared sim number: 1: RAYPy_Simulation_Bessy2_LoBeta_long_RP/round_1/1_Bessy2_LoBeta_long_RP.rml
2024-07-05 15:11:58,081 - INFO - Prepared sim number: 2: RAYPy_Simulation_Bessy2_LoBeta_long_RP/round_1/2_Bessy2_LoBeta_long_RP.rml
2024-07-05 15:11:58,086 - INFO - Prepared sim number: 3: RAYPy_Simulation_Bessy2_LoBeta_long_RP/round_1/3_Bessy2_LoBeta_long_RP.rml
2024-07-05 15:11:58,091 - INFO - Prepared sim number: 4: RAYPy_Simulation_Bessy2_LoBeta_long_RP/round_1/4_Bessy2_LoBeta_long_RP.rml
2024-07-05 15:11:58,097 - INFO - Prepared sim number: 5: RAYPy_Simulation_Bessy2_LoBeta_long_RP/round_1/5_Bessy2_LoBeta_long_RP.rml
2024-07-05 15:11:58,102 - INFO - Prepared sim number: 6: RAYPy_Simulation_Bessy2_LoBeta_long_RP/round_1/6_Bessy2_LoBeta_long_RP.rml
2024-07-05 15:11:58,107 - INFO - Prepared sim number: 7: RAYPy_Simulation_Bessy2_LoBeta_long_RP/round_1/7_Bessy2_LoBeta_long_RP.rml
2024-07-05 15:11:58,111 - INFO - Prepared sim number: 8: RAYPy_Simulation_Bessy2_LoBeta_long_RP/round_1/8_Bessy2_LoBeta_long_RP.rml
2024-07-05 15:11:58,116 - INFO - Prepared sim number: 9: RAYPy_Simulation_Bessy2_LoBeta_long_RP/round_1/9_Bessy2_LoBeta_long_RP.rml
2024-07-05 15:11:58,121 - INFO - Prepared sim number: 10: RAYPy_Simulation_Bessy2_LoBeta_long_RP/round_1/10_Bessy2_LoBeta_long_RP.rml
2024-07-05 15:11:58,126 - INFO - Prepared sim number: 11: RAYPy_Simulation_Bessy2_LoBeta_long_RP/round_1/11_Bessy2_LoBeta_long_RP.rml
2024-07-05 15:11:58,132 - INFO - Prepared sim number: 12: RAYPy_Simulation_Bessy2_LoBeta_long_RP/round_1/12_Bessy2_LoBeta_long_RP.rml
2024-07-05 15:11:58,136 - INFO - Prepared sim number: 13: RAYPy_Simulation_Bessy2_LoBeta_long_RP/round_1/13_Bessy2_LoBeta_long_RP.rml
2024-07-05 15:11:58,141 - INFO - Prepared sim number: 14: RAYPy_Simulation_Bessy2_LoBeta_long_RP/round_1/14_Bessy2_LoBeta_long_RP.rml
2024-07-05 15:11:58,146 - INFO - Prepared sim number: 15: RAYPy_Simulation_Bessy2_LoBeta_long_RP/round_1/15_Bessy2_LoBeta_long_RP.rml
2024-07-05 15:11:58,151 - INFO - Prepared sim number: 16: RAYPy_Simulation_Bessy2_LoBeta_long_RP/round_1/16_Bessy2_LoBeta_long_RP.rml
2024-07-05 15:11:58,155 - INFO - Prepared sim number: 17: RAYPy_Simulation_Bessy2_LoBeta_long_RP/round_1/17_Bessy2_LoBeta_long_RP.rml
2024-07-05 15:11:58,160 - INFO - Prepared sim number: 18: RAYPy_Simulation_Bessy2_LoBeta_long_RP/round_1/18_Bessy2_LoBeta_long_RP.rml
2024-07-05 15:11:58,165 - INFO - Prepared sim number: 19: RAYPy_Simulation_Bessy2_LoBeta_long_RP/round_1/19_Bessy2_LoBeta_long_RP.rml
2024-07-05 15:11:58,169 - INFO - Prepared sim number: 20: RAYPy_Simulation_Bessy2_LoBeta_long_RP/round_1/20_Bessy2_LoBeta_long_RP.rml
2024-07-05 15:11:58,174 - INFO - Prepared sim number: 21: RAYPy_Simulation_Bessy2_LoBeta_long_RP/round_1/21_Bessy2_LoBeta_long_RP.rml
2024-07-05 15:11:58,179 - INFO - Prepared sim number: 22: RAYPy_Simulation_Bessy2_LoBeta_long_RP/round_1/22_Bessy2_LoBeta_long_RP.rml
2024-07-05 15:11:58,185 - INFO - Prepared sim number: 23: RAYPy_Simulation_Bessy2_LoBeta_long_RP/round_1/23_Bessy2_LoBeta_long_RP.rml
2024-07-05 15:11:58,190 - INFO - Prepared sim number: 24: RAYPy_Simulation_Bessy2_LoBeta_long_RP/round_1/24_Bessy2_LoBeta_long_RP.rml
2024-07-05 15:11:58,198 - INFO - Prepared sim number: 25: RAYPy_Simulation_Bessy2_LoBeta_long_RP/round_1/25_Bessy2_LoBeta_long_RP.rml
2024-07-05 15:11:58,205 - INFO - Prepared sim number: 26: RAYPy_Simulation_Bessy2_LoBeta_long_RP/round_1/26_Bessy2_LoBeta_long_RP.rml
2024-07-05 15:11:58,210 - INFO - Prepared sim number: 27: RAYPy_Simulation_Bessy2_LoBeta_long_RP/round_1/27_Bessy2_LoBeta_long_RP.rml
2024-07-05 15:11:58,219 - INFO - Prepared sim number: 28: RAYPy_Simulation_Bessy2_LoBeta_long_RP/round_1/28_Bessy2_LoBeta_long_RP.rml
2024-07-05 15:11:58,224 - INFO - Prepared sim number: 29: RAYPy_Simulation_Bessy2_LoBeta_long_RP/round_1/29_Bessy2_LoBeta_long_RP.rml
2024-07-05 15:11:58,230 - INFO - Prepared sim number: 30: RAYPy_Simulation_Bessy2_LoBeta_long_RP/round_1/30_Bessy2_LoBeta_long_RP.rml
2024-07-05 15:11:58,236 - INFO - Prepared sim number: 31: RAYPy_Simulation_Bessy2_LoBeta_long_RP/round_1/31_Bessy2_LoBeta_long_RP.rml
2024-07-05 15:11:58,242 - INFO - Prepared sim number: 32: RAYPy_Simulation_Bessy2_LoBeta_long_RP/round_1/32_Bessy2_LoBeta_long_RP.rml
2024-07-05 15:11:58,243 - INFO - Waiting for batch number: 2, timeout: 25.78894589424133s
2024-07-05 15:12:00,524 - INFO - Completed: 1, remaining: 49, RAYPy_Simulation_Bessy2_LoBeta_long_RP/round_0/106_Bessy2_LoBeta_long_RP.rml
2024-07-05 15:12:00,550 - INFO - Completed: 2, remaining: 48, RAYPy_Simulation_Bessy2_LoBeta_long_RP/round_0/109_Bessy2_LoBeta_long_RP.rml
2024-07-05 15:12:00,701 - INFO - Completed: 3, remaining: 47, RAYPy_Simulation_Bessy2_LoBeta_long_RP/round_0/104_Bessy2_LoBeta_long_RP.rml
2024-07-05 15:12:00,753 - INFO - Completed: 4, remaining: 46, RAYPy_Simulation_Bessy2_LoBeta_long_RP/round_0/101_Bessy2_LoBeta_long_RP.rml
2024-07-05 15:12:00,950 - INFO - Completed: 5, remaining: 45, RAYPy_Simulation_Bessy2_LoBeta_long_RP/round_0/108_Bessy2_LoBeta_long_RP.rml
2024-07-05 15:12:01,199 - INFO - Completed: 6, remaining: 44, RAYPy_Simulation_Bessy2_LoBeta_long_RP/round_0/102_Bessy2_LoBeta_long_RP.rml
2024-07-05 15:12:01,434 - INFO - Completed: 7, remaining: 43, RAYPy_Simulation_Bessy2_LoBeta_long_RP/round_0/103_Bessy2_LoBeta_long_RP.rml
2024-07-05 15:12:04,637 - INFO - Completed: 8, remaining: 42, RAYPy_Simulation_Bessy2_LoBeta_long_RP/round_0/105_Bessy2_LoBeta_long_RP.rml
2024-07-05 15:12:04,719 - INFO - Completed: 9, remaining: 41, RAYPy_Simulation_Bessy2_LoBeta_long_RP/round_0/100_Bessy2_LoBeta_long_RP.rml
2024-07-05 15:12:05,185 - INFO - Completed: 10, remaining: 40, RAYPy_Simulation_Bessy2_LoBeta_long_RP/round_0/110_Bessy2_LoBeta_long_RP.rml
2024-07-05 15:12:05,394 - INFO - Completed: 11, remaining: 39, RAYPy_Simulation_Bessy2_LoBeta_long_RP/round_0/111_Bessy2_LoBeta_long_RP.rml
2024-07-05 15:12:05,725 - INFO - Completed: 12, remaining: 38, RAYPy_Simulation_Bessy2_LoBeta_long_RP/round_0/114_Bessy2_LoBeta_long_RP.rml
2024-07-05 15:12:05,893 - INFO - Completed: 13, remaining: 37, RAYPy_Simulation_Bessy2_LoBeta_long_RP/round_0/112_Bessy2_LoBeta_long_RP.rml
2024-07-05 15:12:05,913 - INFO - Completed: 14, remaining: 36, RAYPy_Simulation_Bessy2_LoBeta_long_RP/round_0/115_Bessy2_LoBeta_long_RP.rml
2024-07-05 15:12:06,134 - INFO - Completed: 15, remaining: 35, RAYPy_Simulation_Bessy2_LoBeta_long_RP/round_0/107_Bessy2_LoBeta_long_RP.rml
2024-07-05 15:12:06,209 - INFO - Completed: 16, remaining: 34, RAYPy_Simulation_Bessy2_LoBeta_long_RP/round_0/113_Bessy2_LoBeta_long_RP.rml
2024-07-05 15:12:06,303 - INFO - Completed: 17, remaining: 33, RAYPy_Simulation_Bessy2_LoBeta_long_RP/round_0/116_Bessy2_LoBeta_long_RP.rml
2024-07-05 15:12:08,969 - INFO - Completed: 18, remaining: 32, RAYPy_Simulation_Bessy2_LoBeta_long_RP/round_1/0_Bessy2_LoBeta_long_RP.rml
2024-07-05 15:12:09,022 - INFO - Completed: 19, remaining: 31, RAYPy_Simulation_Bessy2_LoBeta_long_RP/round_1/1_Bessy2_LoBeta_long_RP.rml
2024-07-05 15:12:09,289 - INFO - Completed: 20, remaining: 30, RAYPy_Simulation_Bessy2_LoBeta_long_RP/round_1/2_Bessy2_LoBeta_long_RP.rml
2024-07-05 15:12:09,482 - INFO - Completed: 21, remaining: 29, RAYPy_Simulation_Bessy2_LoBeta_long_RP/round_1/3_Bessy2_LoBeta_long_RP.rml
2024-07-05 15:12:09,731 - INFO - Completed: 22, remaining: 28, RAYPy_Simulation_Bessy2_LoBeta_long_RP/round_1/5_Bessy2_LoBeta_long_RP.rml
2024-07-05 15:12:10,004 - INFO - Completed: 23, remaining: 27, RAYPy_Simulation_Bessy2_LoBeta_long_RP/round_1/7_Bessy2_LoBeta_long_RP.rml
2024-07-05 15:12:10,089 - INFO - Completed: 24, remaining: 26, RAYPy_Simulation_Bessy2_LoBeta_long_RP/round_1/6_Bessy2_LoBeta_long_RP.rml
2024-07-05 15:12:10,197 - INFO - Completed: 25, remaining: 25, RAYPy_Simulation_Bessy2_LoBeta_long_RP/round_1/9_Bessy2_LoBeta_long_RP.rml
2024-07-05 15:12:10,305 - INFO - Completed: 26, remaining: 24, RAYPy_Simulation_Bessy2_LoBeta_long_RP/round_1/8_Bessy2_LoBeta_long_RP.rml
2024-07-05 15:12:10,449 - INFO - Completed: 27, remaining: 23, RAYPy_Simulation_Bessy2_LoBeta_long_RP/round_1/4_Bessy2_LoBeta_long_RP.rml
2024-07-05 15:12:13,258 - INFO - Completed: 28, remaining: 22, RAYPy_Simulation_Bessy2_LoBeta_long_RP/round_1/11_Bessy2_LoBeta_long_RP.rml
2024-07-05 15:12:13,299 - INFO - Completed: 29, remaining: 21, RAYPy_Simulation_Bessy2_LoBeta_long_RP/round_1/10_Bessy2_LoBeta_long_RP.rml
2024-07-05 15:12:13,562 - INFO - Completed: 30, remaining: 20, RAYPy_Simulation_Bessy2_LoBeta_long_RP/round_1/13_Bessy2_LoBeta_long_RP.rml
2024-07-05 15:12:13,958 - INFO - Completed: 31, remaining: 19, RAYPy_Simulation_Bessy2_LoBeta_long_RP/round_1/14_Bessy2_LoBeta_long_RP.rml
2024-07-05 15:12:14,455 - INFO - Completed: 32, remaining: 18, RAYPy_Simulation_Bessy2_LoBeta_long_RP/round_1/15_Bessy2_LoBeta_long_RP.rml
2024-07-05 15:12:14,536 - INFO - Completed: 33, remaining: 17, RAYPy_Simulation_Bessy2_LoBeta_long_RP/round_1/16_Bessy2_LoBeta_long_RP.rml
2024-07-05 15:12:14,654 - INFO - Completed: 34, remaining: 16, RAYPy_Simulation_Bessy2_LoBeta_long_RP/round_1/17_Bessy2_LoBeta_long_RP.rml
2024-07-05 15:12:14,782 - INFO - Completed: 35, remaining: 15, RAYPy_Simulation_Bessy2_LoBeta_long_RP/round_1/18_Bessy2_LoBeta_long_RP.rml
2024-07-05 15:12:14,986 - INFO - Completed: 36, remaining: 14, RAYPy_Simulation_Bessy2_LoBeta_long_RP/round_1/12_Bessy2_LoBeta_long_RP.rml
2024-07-05 15:12:15,707 - INFO - Completed: 37, remaining: 13, RAYPy_Simulation_Bessy2_LoBeta_long_RP/round_1/19_Bessy2_LoBeta_long_RP.rml
2024-07-05 15:12:17,155 - INFO - Completed: 38, remaining: 12, RAYPy_Simulation_Bessy2_LoBeta_long_RP/round_1/20_Bessy2_LoBeta_long_RP.rml
2024-07-05 15:12:17,205 - INFO - Completed: 39, remaining: 11, RAYPy_Simulation_Bessy2_LoBeta_long_RP/round_1/21_Bessy2_LoBeta_long_RP.rml
2024-07-05 15:12:17,509 - INFO - Completed: 40, remaining: 10, RAYPy_Simulation_Bessy2_LoBeta_long_RP/round_1/22_Bessy2_LoBeta_long_RP.rml
2024-07-05 15:12:18,191 - INFO - Completed: 41, remaining: 9, RAYPy_Simulation_Bessy2_LoBeta_long_RP/round_1/23_Bessy2_LoBeta_long_RP.rml
2024-07-05 15:12:18,496 - INFO - Completed: 42, remaining: 8, RAYPy_Simulation_Bessy2_LoBeta_long_RP/round_1/25_Bessy2_LoBeta_long_RP.rml
2024-07-05 15:12:18,628 - INFO - Completed: 43, remaining: 7, RAYPy_Simulation_Bessy2_LoBeta_long_RP/round_1/26_Bessy2_LoBeta_long_RP.rml
2024-07-05 15:12:18,756 - INFO - Completed: 44, remaining: 6, RAYPy_Simulation_Bessy2_LoBeta_long_RP/round_1/28_Bessy2_LoBeta_long_RP.rml
2024-07-05 15:12:18,776 - INFO - Completed: 45, remaining: 5, RAYPy_Simulation_Bessy2_LoBeta_long_RP/round_1/27_Bessy2_LoBeta_long_RP.rml
2024-07-05 15:12:18,905 - INFO - Completed: 46, remaining: 4, RAYPy_Simulation_Bessy2_LoBeta_long_RP/round_1/24_Bessy2_LoBeta_long_RP.rml
2024-07-05 15:12:19,317 - INFO - Completed: 47, remaining: 3, RAYPy_Simulation_Bessy2_LoBeta_long_RP/round_1/29_Bessy2_LoBeta_long_RP.rml
2024-07-05 15:12:19,747 - INFO - Completed: 48, remaining: 2, RAYPy_Simulation_Bessy2_LoBeta_long_RP/round_1/30_Bessy2_LoBeta_long_RP.rml
2024-07-05 15:12:19,770 - INFO - Completed: 49, remaining: 1, RAYPy_Simulation_Bessy2_LoBeta_long_RP/round_1/31_Bessy2_LoBeta_long_RP.rml
2024-07-05 15:12:19,943 - INFO - Completed: 50, remaining: 0, RAYPy_Simulation_Bessy2_LoBeta_long_RP/round_1/32_Bessy2_LoBeta_long_RP.rml
2024-07-05 15:12:19,943 - INFO - Batch Completed
2024-07-05 15:12:19,944 - INFO - Waiting For batch, 50 simulations to go
2024-07-05 15:12:19,954 - INFO - Prepared sim number: 33: RAYPy_Simulation_Bessy2_LoBeta_long_RP/round_1/33_Bessy2_LoBeta_long_RP.rml
2024-07-05 15:12:19,963 - INFO - Prepared sim number: 34: RAYPy_Simulation_Bessy2_LoBeta_long_RP/round_1/34_Bessy2_LoBeta_long_RP.rml
2024-07-05 15:12:19,975 - INFO - Prepared sim number: 35: RAYPy_Simulation_Bessy2_LoBeta_long_RP/round_1/35_Bessy2_LoBeta_long_RP.rml
2024-07-05 15:12:19,982 - INFO - Prepared sim number: 36: RAYPy_Simulation_Bessy2_LoBeta_long_RP/round_1/36_Bessy2_LoBeta_long_RP.rml
2024-07-05 15:12:19,991 - INFO - Prepared sim number: 37: RAYPy_Simulation_Bessy2_LoBeta_long_RP/round_1/37_Bessy2_LoBeta_long_RP.rml
2024-07-05 15:12:20,002 - INFO - Prepared sim number: 38: RAYPy_Simulation_Bessy2_LoBeta_long_RP/round_1/38_Bessy2_LoBeta_long_RP.rml
2024-07-05 15:12:20,010 - INFO - Prepared sim number: 39: RAYPy_Simulation_Bessy2_LoBeta_long_RP/round_1/39_Bessy2_LoBeta_long_RP.rml
2024-07-05 15:12:20,018 - INFO - Prepared sim number: 40: RAYPy_Simulation_Bessy2_LoBeta_long_RP/round_1/40_Bessy2_LoBeta_long_RP.rml
2024-07-05 15:12:20,026 - INFO - Prepared sim number: 41: RAYPy_Simulation_Bessy2_LoBeta_long_RP/round_1/41_Bessy2_LoBeta_long_RP.rml
2024-07-05 15:12:20,033 - INFO - Prepared sim number: 42: RAYPy_Simulation_Bessy2_LoBeta_long_RP/round_1/42_Bessy2_LoBeta_long_RP.rml
2024-07-05 15:12:20,038 - INFO - Prepared sim number: 43: RAYPy_Simulation_Bessy2_LoBeta_long_RP/round_1/43_Bessy2_LoBeta_long_RP.rml
2024-07-05 15:12:20,048 - INFO - Prepared sim number: 44: RAYPy_Simulation_Bessy2_LoBeta_long_RP/round_1/44_Bessy2_LoBeta_long_RP.rml
2024-07-05 15:12:20,056 - INFO - Prepared sim number: 45: RAYPy_Simulation_Bessy2_LoBeta_long_RP/round_1/45_Bessy2_LoBeta_long_RP.rml
2024-07-05 15:12:20,064 - INFO - Prepared sim number: 46: RAYPy_Simulation_Bessy2_LoBeta_long_RP/round_1/46_Bessy2_LoBeta_long_RP.rml
2024-07-05 15:12:20,071 - INFO - Prepared sim number: 47: RAYPy_Simulation_Bessy2_LoBeta_long_RP/round_1/47_Bessy2_LoBeta_long_RP.rml
2024-07-05 15:12:20,078 - INFO - Prepared sim number: 48: RAYPy_Simulation_Bessy2_LoBeta_long_RP/round_1/48_Bessy2_LoBeta_long_RP.rml
2024-07-05 15:12:20,085 - INFO - Prepared sim number: 49: RAYPy_Simulation_Bessy2_LoBeta_long_RP/round_1/49_Bessy2_LoBeta_long_RP.rml
2024-07-05 15:12:20,089 - INFO - Prepared sim number: 50: RAYPy_Simulation_Bessy2_LoBeta_long_RP/round_1/50_Bessy2_LoBeta_long_RP.rml
2024-07-05 15:12:20,096 - INFO - Prepared sim number: 51: RAYPy_Simulation_Bessy2_LoBeta_long_RP/round_1/51_Bessy2_LoBeta_long_RP.rml
2024-07-05 15:12:20,102 - INFO - Prepared sim number: 52: RAYPy_Simulation_Bessy2_LoBeta_long_RP/round_1/52_Bessy2_LoBeta_long_RP.rml
2024-07-05 15:12:20,109 - INFO - Prepared sim number: 53: RAYPy_Simulation_Bessy2_LoBeta_long_RP/round_1/53_Bessy2_LoBeta_long_RP.rml
2024-07-05 15:12:20,117 - INFO - Prepared sim number: 54: RAYPy_Simulation_Bessy2_LoBeta_long_RP/round_1/54_Bessy2_LoBeta_long_RP.rml
2024-07-05 15:12:20,123 - INFO - Prepared sim number: 55: RAYPy_Simulation_Bessy2_LoBeta_long_RP/round_1/55_Bessy2_LoBeta_long_RP.rml
2024-07-05 15:12:20,130 - INFO - Prepared sim number: 56: RAYPy_Simulation_Bessy2_LoBeta_long_RP/round_1/56_Bessy2_LoBeta_long_RP.rml
2024-07-05 15:12:20,137 - INFO - Prepared sim number: 57: RAYPy_Simulation_Bessy2_LoBeta_long_RP/round_1/57_Bessy2_LoBeta_long_RP.rml
2024-07-05 15:12:20,145 - INFO - Prepared sim number: 58: RAYPy_Simulation_Bessy2_LoBeta_long_RP/round_1/58_Bessy2_LoBeta_long_RP.rml
2024-07-05 15:12:20,150 - INFO - Prepared sim number: 59: RAYPy_Simulation_Bessy2_LoBeta_long_RP/round_1/59_Bessy2_LoBeta_long_RP.rml
2024-07-05 15:12:20,157 - INFO - Prepared sim number: 60: RAYPy_Simulation_Bessy2_LoBeta_long_RP/round_1/60_Bessy2_LoBeta_long_RP.rml
2024-07-05 15:12:20,165 - INFO - Prepared sim number: 61: RAYPy_Simulation_Bessy2_LoBeta_long_RP/round_1/61_Bessy2_LoBeta_long_RP.rml
2024-07-05 15:12:20,170 - INFO - Prepared sim number: 62: RAYPy_Simulation_Bessy2_LoBeta_long_RP/round_1/62_Bessy2_LoBeta_long_RP.rml
2024-07-05 15:12:20,175 - INFO - Prepared sim number: 63: RAYPy_Simulation_Bessy2_LoBeta_long_RP/round_1/63_Bessy2_LoBeta_long_RP.rml
2024-07-05 15:12:20,181 - INFO - Prepared sim number: 64: RAYPy_Simulation_Bessy2_LoBeta_long_RP/round_1/64_Bessy2_LoBeta_long_RP.rml
2024-07-05 15:12:20,189 - INFO - Prepared sim number: 65: RAYPy_Simulation_Bessy2_LoBeta_long_RP/round_1/65_Bessy2_LoBeta_long_RP.rml
2024-07-05 15:12:20,197 - INFO - Prepared sim number: 66: RAYPy_Simulation_Bessy2_LoBeta_long_RP/round_1/66_Bessy2_LoBeta_long_RP.rml
2024-07-05 15:12:20,202 - INFO - Prepared sim number: 67: RAYPy_Simulation_Bessy2_LoBeta_long_RP/round_1/67_Bessy2_LoBeta_long_RP.rml
2024-07-05 15:12:20,207 - INFO - Prepared sim number: 68: RAYPy_Simulation_Bessy2_LoBeta_long_RP/round_1/68_Bessy2_LoBeta_long_RP.rml
2024-07-05 15:12:20,214 - INFO - Prepared sim number: 69: RAYPy_Simulation_Bessy2_LoBeta_long_RP/round_1/69_Bessy2_LoBeta_long_RP.rml
2024-07-05 15:12:20,219 - INFO - Prepared sim number: 70: RAYPy_Simulation_Bessy2_LoBeta_long_RP/round_1/70_Bessy2_LoBeta_long_RP.rml
2024-07-05 15:12:20,225 - INFO - Prepared sim number: 71: RAYPy_Simulation_Bessy2_LoBeta_long_RP/round_1/71_Bessy2_LoBeta_long_RP.rml
2024-07-05 15:12:20,230 - INFO - Prepared sim number: 72: RAYPy_Simulation_Bessy2_LoBeta_long_RP/round_1/72_Bessy2_LoBeta_long_RP.rml
2024-07-05 15:12:20,236 - INFO - Prepared sim number: 73: RAYPy_Simulation_Bessy2_LoBeta_long_RP/round_1/73_Bessy2_LoBeta_long_RP.rml
2024-07-05 15:12:20,242 - INFO - Prepared sim number: 74: RAYPy_Simulation_Bessy2_LoBeta_long_RP/round_1/74_Bessy2_LoBeta_long_RP.rml
2024-07-05 15:12:20,245 - INFO - Prepared sim number: 75: RAYPy_Simulation_Bessy2_LoBeta_long_RP/round_1/75_Bessy2_LoBeta_long_RP.rml
2024-07-05 15:12:20,248 - INFO - Prepared sim number: 76: RAYPy_Simulation_Bessy2_LoBeta_long_RP/round_1/76_Bessy2_LoBeta_long_RP.rml
2024-07-05 15:12:20,251 - INFO - Prepared sim number: 77: RAYPy_Simulation_Bessy2_LoBeta_long_RP/round_1/77_Bessy2_LoBeta_long_RP.rml
2024-07-05 15:12:20,255 - INFO - Prepared sim number: 78: RAYPy_Simulation_Bessy2_LoBeta_long_RP/round_1/78_Bessy2_LoBeta_long_RP.rml
2024-07-05 15:12:20,258 - INFO - Prepared sim number: 79: RAYPy_Simulation_Bessy2_LoBeta_long_RP/round_1/79_Bessy2_LoBeta_long_RP.rml
2024-07-05 15:12:20,261 - INFO - Prepared sim number: 80: RAYPy_Simulation_Bessy2_LoBeta_long_RP/round_1/80_Bessy2_LoBeta_long_RP.rml
2024-07-05 15:12:20,264 - INFO - Prepared sim number: 81: RAYPy_Simulation_Bessy2_LoBeta_long_RP/round_1/81_Bessy2_LoBeta_long_RP.rml
2024-07-05 15:12:20,267 - INFO - Prepared sim number: 82: RAYPy_Simulation_Bessy2_LoBeta_long_RP/round_1/82_Bessy2_LoBeta_long_RP.rml
2024-07-05 15:12:20,268 - INFO - Waiting for batch number: 3, timeout: 25.514148225784304s
2024-07-05 15:12:22,108 - INFO - Completed: 1, remaining: 49, RAYPy_Simulation_Bessy2_LoBeta_long_RP/round_1/37_Bessy2_LoBeta_long_RP.rml
2024-07-05 15:12:22,208 - INFO - Completed: 2, remaining: 48, RAYPy_Simulation_Bessy2_LoBeta_long_RP/round_1/42_Bessy2_LoBeta_long_RP.rml
2024-07-05 15:12:22,274 - INFO - Completed: 3, remaining: 47, RAYPy_Simulation_Bessy2_LoBeta_long_RP/round_1/34_Bessy2_LoBeta_long_RP.rml
2024-07-05 15:12:22,506 - INFO - Completed: 4, remaining: 46, RAYPy_Simulation_Bessy2_LoBeta_long_RP/round_1/38_Bessy2_LoBeta_long_RP.rml
2024-07-05 15:12:23,037 - INFO - Completed: 5, remaining: 45, RAYPy_Simulation_Bessy2_LoBeta_long_RP/round_1/41_Bessy2_LoBeta_long_RP.rml
2024-07-05 15:12:24,243 - INFO - Completed: 6, remaining: 44, RAYPy_Simulation_Bessy2_LoBeta_long_RP/round_1/40_Bessy2_LoBeta_long_RP.rml
2024-07-05 15:12:26,932 - INFO - Completed: 7, remaining: 43, RAYPy_Simulation_Bessy2_LoBeta_long_RP/round_1/36_Bessy2_LoBeta_long_RP.rml
2024-07-05 15:12:27,121 - INFO - Completed: 8, remaining: 42, RAYPy_Simulation_Bessy2_LoBeta_long_RP/round_1/39_Bessy2_LoBeta_long_RP.rml
2024-07-05 15:12:27,177 - INFO - Completed: 9, remaining: 41, RAYPy_Simulation_Bessy2_LoBeta_long_RP/round_1/43_Bessy2_LoBeta_long_RP.rml
2024-07-05 15:12:27,230 - INFO - Completed: 10, remaining: 40, RAYPy_Simulation_Bessy2_LoBeta_long_RP/round_1/45_Bessy2_LoBeta_long_RP.rml
2024-07-05 15:12:27,243 - INFO - Completed: 11, remaining: 39, RAYPy_Simulation_Bessy2_LoBeta_long_RP/round_1/44_Bessy2_LoBeta_long_RP.rml
2024-07-05 15:12:27,473 - INFO - Completed: 12, remaining: 38, RAYPy_Simulation_Bessy2_LoBeta_long_RP/round_1/33_Bessy2_LoBeta_long_RP.rml
2024-07-05 15:12:27,573 - INFO - Completed: 13, remaining: 37, RAYPy_Simulation_Bessy2_LoBeta_long_RP/round_1/46_Bessy2_LoBeta_long_RP.rml
2024-07-05 15:12:27,987 - INFO - Completed: 14, remaining: 36, RAYPy_Simulation_Bessy2_LoBeta_long_RP/round_1/47_Bessy2_LoBeta_long_RP.rml
2024-07-05 15:12:28,230 - INFO - Completed: 15, remaining: 35, RAYPy_Simulation_Bessy2_LoBeta_long_RP/round_1/35_Bessy2_LoBeta_long_RP.rml
2024-07-05 15:12:30,074 - INFO - Completed: 16, remaining: 34, RAYPy_Simulation_Bessy2_LoBeta_long_RP/round_1/48_Bessy2_LoBeta_long_RP.rml
2024-07-05 15:12:32,061 - INFO - Completed: 17, remaining: 33, RAYPy_Simulation_Bessy2_LoBeta_long_RP/round_1/49_Bessy2_LoBeta_long_RP.rml
2024-07-05 15:12:32,381 - INFO - Completed: 18, remaining: 32, RAYPy_Simulation_Bessy2_LoBeta_long_RP/round_1/50_Bessy2_LoBeta_long_RP.rml
2024-07-05 15:12:32,485 - INFO - Completed: 19, remaining: 31, RAYPy_Simulation_Bessy2_LoBeta_long_RP/round_1/53_Bessy2_LoBeta_long_RP.rml
2024-07-05 15:12:32,508 - INFO - Completed: 20, remaining: 30, RAYPy_Simulation_Bessy2_LoBeta_long_RP/round_1/52_Bessy2_LoBeta_long_RP.rml
2024-07-05 15:12:32,636 - INFO - Completed: 21, remaining: 29, RAYPy_Simulation_Bessy2_LoBeta_long_RP/round_1/55_Bessy2_LoBeta_long_RP.rml
2024-07-05 15:12:32,955 - INFO - Completed: 22, remaining: 28, RAYPy_Simulation_Bessy2_LoBeta_long_RP/round_1/54_Bessy2_LoBeta_long_RP.rml
2024-07-05 15:12:32,979 - INFO - Completed: 23, remaining: 27, RAYPy_Simulation_Bessy2_LoBeta_long_RP/round_1/51_Bessy2_LoBeta_long_RP.rml
2024-07-05 15:12:33,347 - INFO - Completed: 24, remaining: 26, RAYPy_Simulation_Bessy2_LoBeta_long_RP/round_1/57_Bessy2_LoBeta_long_RP.rml
2024-07-05 15:12:33,560 - INFO - Completed: 25, remaining: 25, RAYPy_Simulation_Bessy2_LoBeta_long_RP/round_1/56_Bessy2_LoBeta_long_RP.rml
2024-07-05 15:12:35,261 - INFO - Completed: 26, remaining: 24, RAYPy_Simulation_Bessy2_LoBeta_long_RP/round_1/58_Bessy2_LoBeta_long_RP.rml
2024-07-05 15:12:37,088 - INFO - Completed: 27, remaining: 23, RAYPy_Simulation_Bessy2_LoBeta_long_RP/round_1/60_Bessy2_LoBeta_long_RP.rml
2024-07-05 15:12:37,358 - INFO - Completed: 28, remaining: 22, RAYPy_Simulation_Bessy2_LoBeta_long_RP/round_1/59_Bessy2_LoBeta_long_RP.rml
2024-07-05 15:12:37,395 - INFO - Completed: 29, remaining: 21, RAYPy_Simulation_Bessy2_LoBeta_long_RP/round_1/62_Bessy2_LoBeta_long_RP.rml
2024-07-05 15:12:37,464 - INFO - Completed: 30, remaining: 20, RAYPy_Simulation_Bessy2_LoBeta_long_RP/round_1/63_Bessy2_LoBeta_long_RP.rml
2024-07-05 15:12:37,605 - INFO - Completed: 31, remaining: 19, RAYPy_Simulation_Bessy2_LoBeta_long_RP/round_1/61_Bessy2_LoBeta_long_RP.rml
2024-07-05 15:12:37,717 - INFO - Completed: 32, remaining: 18, RAYPy_Simulation_Bessy2_LoBeta_long_RP/round_1/64_Bessy2_LoBeta_long_RP.rml
2024-07-05 15:12:37,927 - INFO - Completed: 33, remaining: 17, RAYPy_Simulation_Bessy2_LoBeta_long_RP/round_1/65_Bessy2_LoBeta_long_RP.rml
2024-07-05 15:12:38,259 - INFO - Completed: 34, remaining: 16, RAYPy_Simulation_Bessy2_LoBeta_long_RP/round_1/66_Bessy2_LoBeta_long_RP.rml
2024-07-05 15:12:38,567 - INFO - Completed: 35, remaining: 15, RAYPy_Simulation_Bessy2_LoBeta_long_RP/round_1/67_Bessy2_LoBeta_long_RP.rml
2024-07-05 15:12:40,082 - INFO - Completed: 36, remaining: 14, RAYPy_Simulation_Bessy2_LoBeta_long_RP/round_1/68_Bessy2_LoBeta_long_RP.rml
2024-07-05 15:12:41,499 - INFO - Completed: 37, remaining: 13, RAYPy_Simulation_Bessy2_LoBeta_long_RP/round_1/69_Bessy2_LoBeta_long_RP.rml
2024-07-05 15:12:41,953 - INFO - Completed: 38, remaining: 12, RAYPy_Simulation_Bessy2_LoBeta_long_RP/round_1/71_Bessy2_LoBeta_long_RP.rml
2024-07-05 15:12:41,990 - INFO - Completed: 39, remaining: 11, RAYPy_Simulation_Bessy2_LoBeta_long_RP/round_1/70_Bessy2_LoBeta_long_RP.rml
2024-07-05 15:12:41,999 - INFO - Completed: 40, remaining: 10, RAYPy_Simulation_Bessy2_LoBeta_long_RP/round_1/72_Bessy2_LoBeta_long_RP.rml
2024-07-05 15:12:42,253 - INFO - Completed: 41, remaining: 9, RAYPy_Simulation_Bessy2_LoBeta_long_RP/round_1/73_Bessy2_LoBeta_long_RP.rml
2024-07-05 15:12:42,739 - INFO - Completed: 42, remaining: 8, RAYPy_Simulation_Bessy2_LoBeta_long_RP/round_1/74_Bessy2_LoBeta_long_RP.rml
2024-07-05 15:12:42,754 - INFO - Completed: 43, remaining: 7, RAYPy_Simulation_Bessy2_LoBeta_long_RP/round_1/76_Bessy2_LoBeta_long_RP.rml
2024-07-05 15:12:43,226 - INFO - Completed: 44, remaining: 6, RAYPy_Simulation_Bessy2_LoBeta_long_RP/round_1/77_Bessy2_LoBeta_long_RP.rml
2024-07-05 15:12:43,336 - INFO - Completed: 45, remaining: 5, RAYPy_Simulation_Bessy2_LoBeta_long_RP/round_1/75_Bessy2_LoBeta_long_RP.rml
2024-07-05 15:12:43,767 - INFO - Completed: 46, remaining: 4, RAYPy_Simulation_Bessy2_LoBeta_long_RP/round_1/78_Bessy2_LoBeta_long_RP.rml
2024-07-05 15:12:44,227 - INFO - Completed: 47, remaining: 3, RAYPy_Simulation_Bessy2_LoBeta_long_RP/round_1/79_Bessy2_LoBeta_long_RP.rml
2024-07-05 15:12:44,368 - INFO - Completed: 48, remaining: 2, RAYPy_Simulation_Bessy2_LoBeta_long_RP/round_1/80_Bessy2_LoBeta_long_RP.rml
2024-07-05 15:12:44,460 - INFO - Completed: 49, remaining: 1, RAYPy_Simulation_Bessy2_LoBeta_long_RP/round_1/82_Bessy2_LoBeta_long_RP.rml
2024-07-05 15:12:44,469 - INFO - Completed: 50, remaining: 0, RAYPy_Simulation_Bessy2_LoBeta_long_RP/round_1/81_Bessy2_LoBeta_long_RP.rml
2024-07-05 15:12:44,469 - INFO - Batch Completed
2024-07-05 15:12:44,470 - INFO - Waiting For batch, 50 simulations to go
2024-07-05 15:12:44,491 - INFO - Prepared sim number: 83: RAYPy_Simulation_Bessy2_LoBeta_long_RP/round_1/83_Bessy2_LoBeta_long_RP.rml
2024-07-05 15:12:44,504 - INFO - Prepared sim number: 84: RAYPy_Simulation_Bessy2_LoBeta_long_RP/round_1/84_Bessy2_LoBeta_long_RP.rml
2024-07-05 15:12:44,518 - INFO - Prepared sim number: 85: RAYPy_Simulation_Bessy2_LoBeta_long_RP/round_1/85_Bessy2_LoBeta_long_RP.rml
2024-07-05 15:12:44,533 - INFO - Prepared sim number: 86: RAYPy_Simulation_Bessy2_LoBeta_long_RP/round_1/86_Bessy2_LoBeta_long_RP.rml
2024-07-05 15:12:44,544 - INFO - Prepared sim number: 87: RAYPy_Simulation_Bessy2_LoBeta_long_RP/round_1/87_Bessy2_LoBeta_long_RP.rml
2024-07-05 15:12:44,553 - INFO - Prepared sim number: 88: RAYPy_Simulation_Bessy2_LoBeta_long_RP/round_1/88_Bessy2_LoBeta_long_RP.rml
2024-07-05 15:12:44,563 - INFO - Prepared sim number: 89: RAYPy_Simulation_Bessy2_LoBeta_long_RP/round_1/89_Bessy2_LoBeta_long_RP.rml
2024-07-05 15:12:44,573 - INFO - Prepared sim number: 90: RAYPy_Simulation_Bessy2_LoBeta_long_RP/round_1/90_Bessy2_LoBeta_long_RP.rml
2024-07-05 15:12:44,581 - INFO - Prepared sim number: 91: RAYPy_Simulation_Bessy2_LoBeta_long_RP/round_1/91_Bessy2_LoBeta_long_RP.rml
2024-07-05 15:12:44,588 - INFO - Prepared sim number: 92: RAYPy_Simulation_Bessy2_LoBeta_long_RP/round_1/92_Bessy2_LoBeta_long_RP.rml
2024-07-05 15:12:44,595 - INFO - Prepared sim number: 93: RAYPy_Simulation_Bessy2_LoBeta_long_RP/round_1/93_Bessy2_LoBeta_long_RP.rml
2024-07-05 15:12:44,603 - INFO - Prepared sim number: 94: RAYPy_Simulation_Bessy2_LoBeta_long_RP/round_1/94_Bessy2_LoBeta_long_RP.rml
2024-07-05 15:12:44,610 - INFO - Prepared sim number: 95: RAYPy_Simulation_Bessy2_LoBeta_long_RP/round_1/95_Bessy2_LoBeta_long_RP.rml
2024-07-05 15:12:44,617 - INFO - Prepared sim number: 96: RAYPy_Simulation_Bessy2_LoBeta_long_RP/round_1/96_Bessy2_LoBeta_long_RP.rml
2024-07-05 15:12:44,628 - INFO - Prepared sim number: 97: RAYPy_Simulation_Bessy2_LoBeta_long_RP/round_1/97_Bessy2_LoBeta_long_RP.rml
2024-07-05 15:12:44,635 - INFO - Prepared sim number: 98: RAYPy_Simulation_Bessy2_LoBeta_long_RP/round_1/98_Bessy2_LoBeta_long_RP.rml
2024-07-05 15:12:44,643 - INFO - Prepared sim number: 99: RAYPy_Simulation_Bessy2_LoBeta_long_RP/round_1/99_Bessy2_LoBeta_long_RP.rml
2024-07-05 15:12:44,650 - INFO - Prepared sim number: 100: RAYPy_Simulation_Bessy2_LoBeta_long_RP/round_1/100_Bessy2_LoBeta_long_RP.rml
2024-07-05 15:12:44,657 - INFO - Prepared sim number: 101: RAYPy_Simulation_Bessy2_LoBeta_long_RP/round_1/101_Bessy2_LoBeta_long_RP.rml
2024-07-05 15:12:44,667 - INFO - Prepared sim number: 102: RAYPy_Simulation_Bessy2_LoBeta_long_RP/round_1/102_Bessy2_LoBeta_long_RP.rml
2024-07-05 15:12:44,676 - INFO - Prepared sim number: 103: RAYPy_Simulation_Bessy2_LoBeta_long_RP/round_1/103_Bessy2_LoBeta_long_RP.rml
2024-07-05 15:12:44,692 - INFO - Prepared sim number: 104: RAYPy_Simulation_Bessy2_LoBeta_long_RP/round_1/104_Bessy2_LoBeta_long_RP.rml
2024-07-05 15:12:44,702 - INFO - Prepared sim number: 105: RAYPy_Simulation_Bessy2_LoBeta_long_RP/round_1/105_Bessy2_LoBeta_long_RP.rml
2024-07-05 15:12:44,714 - INFO - Prepared sim number: 106: RAYPy_Simulation_Bessy2_LoBeta_long_RP/round_1/106_Bessy2_LoBeta_long_RP.rml
2024-07-05 15:12:44,725 - INFO - Prepared sim number: 107: RAYPy_Simulation_Bessy2_LoBeta_long_RP/round_1/107_Bessy2_LoBeta_long_RP.rml
2024-07-05 15:12:44,734 - INFO - Prepared sim number: 108: RAYPy_Simulation_Bessy2_LoBeta_long_RP/round_1/108_Bessy2_LoBeta_long_RP.rml
2024-07-05 15:12:44,742 - INFO - Prepared sim number: 109: RAYPy_Simulation_Bessy2_LoBeta_long_RP/round_1/109_Bessy2_LoBeta_long_RP.rml
2024-07-05 15:12:44,751 - INFO - Prepared sim number: 110: RAYPy_Simulation_Bessy2_LoBeta_long_RP/round_1/110_Bessy2_LoBeta_long_RP.rml
2024-07-05 15:12:44,762 - INFO - Prepared sim number: 111: RAYPy_Simulation_Bessy2_LoBeta_long_RP/round_1/111_Bessy2_LoBeta_long_RP.rml
2024-07-05 15:12:44,770 - INFO - Prepared sim number: 112: RAYPy_Simulation_Bessy2_LoBeta_long_RP/round_1/112_Bessy2_LoBeta_long_RP.rml
2024-07-05 15:12:44,781 - INFO - Prepared sim number: 113: RAYPy_Simulation_Bessy2_LoBeta_long_RP/round_1/113_Bessy2_LoBeta_long_RP.rml
2024-07-05 15:12:44,790 - INFO - Prepared sim number: 114: RAYPy_Simulation_Bessy2_LoBeta_long_RP/round_1/114_Bessy2_LoBeta_long_RP.rml
2024-07-05 15:12:44,810 - INFO - Prepared sim number: 115: RAYPy_Simulation_Bessy2_LoBeta_long_RP/round_1/115_Bessy2_LoBeta_long_RP.rml
2024-07-05 15:12:44,821 - INFO - Prepared sim number: 116: RAYPy_Simulation_Bessy2_LoBeta_long_RP/round_1/116_Bessy2_LoBeta_long_RP.rml
2024-07-05 15:12:44,822 - INFO - Waiting for batch number: 4, timeout: 26.121731500625607s
2024-07-05 15:12:46,747 - INFO - Completed: 1, remaining: 49, RAYPy_Simulation_Bessy2_LoBeta_long_RP/round_1/84_Bessy2_LoBeta_long_RP.rml
2024-07-05 15:12:46,849 - INFO - Completed: 2, remaining: 48, RAYPy_Simulation_Bessy2_LoBeta_long_RP/round_1/92_Bessy2_LoBeta_long_RP.rml
2024-07-05 15:12:47,048 - INFO - Completed: 3, remaining: 47, RAYPy_Simulation_Bessy2_LoBeta_long_RP/round_1/90_Bessy2_LoBeta_long_RP.rml
2024-07-05 15:12:47,145 - INFO - Completed: 4, remaining: 46, RAYPy_Simulation_Bessy2_LoBeta_long_RP/round_1/87_Bessy2_LoBeta_long_RP.rml
2024-07-05 15:12:47,431 - INFO - Completed: 5, remaining: 45, RAYPy_Simulation_Bessy2_LoBeta_long_RP/round_1/91_Bessy2_LoBeta_long_RP.rml
2024-07-05 15:12:48,273 - INFO - Completed: 6, remaining: 44, RAYPy_Simulation_Bessy2_LoBeta_long_RP/round_1/88_Bessy2_LoBeta_long_RP.rml
2024-07-05 15:12:51,596 - INFO - Completed: 7, remaining: 43, RAYPy_Simulation_Bessy2_LoBeta_long_RP/round_1/86_Bessy2_LoBeta_long_RP.rml
2024-07-05 15:12:51,658 - INFO - Completed: 8, remaining: 42, RAYPy_Simulation_Bessy2_LoBeta_long_RP/round_1/89_Bessy2_LoBeta_long_RP.rml
2024-07-05 15:12:51,770 - INFO - Completed: 9, remaining: 41, RAYPy_Simulation_Bessy2_LoBeta_long_RP/round_1/93_Bessy2_LoBeta_long_RP.rml
2024-07-05 15:12:51,852 - INFO - Completed: 10, remaining: 40, RAYPy_Simulation_Bessy2_LoBeta_long_RP/round_1/94_Bessy2_LoBeta_long_RP.rml
2024-07-05 15:12:51,891 - INFO - Completed: 11, remaining: 39, RAYPy_Simulation_Bessy2_LoBeta_long_RP/round_1/85_Bessy2_LoBeta_long_RP.rml
2024-07-05 15:12:51,968 - INFO - Completed: 12, remaining: 38, RAYPy_Simulation_Bessy2_LoBeta_long_RP/round_1/95_Bessy2_LoBeta_long_RP.rml
2024-07-05 15:12:51,993 - INFO - Completed: 13, remaining: 37, RAYPy_Simulation_Bessy2_LoBeta_long_RP/round_1/96_Bessy2_LoBeta_long_RP.rml
2024-07-05 15:12:52,125 - INFO - Completed: 14, remaining: 36, RAYPy_Simulation_Bessy2_LoBeta_long_RP/round_1/97_Bessy2_LoBeta_long_RP.rml
2024-07-05 15:12:52,519 - INFO - Completed: 15, remaining: 35, RAYPy_Simulation_Bessy2_LoBeta_long_RP/round_1/83_Bessy2_LoBeta_long_RP.rml
2024-07-05 15:12:52,621 - INFO - Completed: 16, remaining: 34, RAYPy_Simulation_Bessy2_LoBeta_long_RP/round_1/98_Bessy2_LoBeta_long_RP.rml
2024-07-05 15:12:55,616 - INFO - Completed: 17, remaining: 33, RAYPy_Simulation_Bessy2_LoBeta_long_RP/round_1/100_Bessy2_LoBeta_long_RP.rml
2024-07-05 15:12:55,850 - INFO - Completed: 18, remaining: 32, RAYPy_Simulation_Bessy2_LoBeta_long_RP/round_1/102_Bessy2_LoBeta_long_RP.rml
2024-07-05 15:12:56,027 - INFO - Completed: 19, remaining: 31, RAYPy_Simulation_Bessy2_LoBeta_long_RP/round_1/101_Bessy2_LoBeta_long_RP.rml
2024-07-05 15:12:56,166 - INFO - Completed: 20, remaining: 30, RAYPy_Simulation_Bessy2_LoBeta_long_RP/round_1/103_Bessy2_LoBeta_long_RP.rml
2024-07-05 15:12:56,299 - INFO - Completed: 21, remaining: 29, RAYPy_Simulation_Bessy2_LoBeta_long_RP/round_1/105_Bessy2_LoBeta_long_RP.rml
2024-07-05 15:12:56,300 - INFO - Completed: 22, remaining: 28, RAYPy_Simulation_Bessy2_LoBeta_long_RP/round_1/104_Bessy2_LoBeta_long_RP.rml
2024-07-05 15:12:56,459 - INFO - Completed: 23, remaining: 27, RAYPy_Simulation_Bessy2_LoBeta_long_RP/round_1/106_Bessy2_LoBeta_long_RP.rml
2024-07-05 15:12:56,493 - INFO - Completed: 24, remaining: 26, RAYPy_Simulation_Bessy2_LoBeta_long_RP/round_1/99_Bessy2_LoBeta_long_RP.rml
2024-07-05 15:12:57,174 - INFO - Completed: 25, remaining: 25, RAYPy_Simulation_Bessy2_LoBeta_long_RP/round_1/107_Bessy2_LoBeta_long_RP.rml
2024-07-05 15:12:57,936 - INFO - Completed: 26, remaining: 24, RAYPy_Simulation_Bessy2_LoBeta_long_RP/round_1/108_Bessy2_LoBeta_long_RP.rml
2024-07-05 15:12:59,367 - INFO - Completed: 27, remaining: 23, RAYPy_Simulation_Bessy2_LoBeta_long_RP/round_1/109_Bessy2_LoBeta_long_RP.rml
2024-07-05 15:12:59,492 - INFO - Completed: 28, remaining: 22, RAYPy_Simulation_Bessy2_LoBeta_long_RP/round_1/110_Bessy2_LoBeta_long_RP.rml
2024-07-05 15:12:59,688 - INFO - Completed: 29, remaining: 21, RAYPy_Simulation_Bessy2_LoBeta_long_RP/round_1/111_Bessy2_LoBeta_long_RP.rml
2024-07-05 15:12:59,730 - INFO - Completed: 30, remaining: 20, RAYPy_Simulation_Bessy2_LoBeta_long_RP/round_1/114_Bessy2_LoBeta_long_RP.rml
2024-07-05 15:12:59,797 - INFO - Completed: 31, remaining: 19, RAYPy_Simulation_Bessy2_LoBeta_long_RP/round_1/112_Bessy2_LoBeta_long_RP.rml
2024-07-05 15:12:59,809 - INFO - Completed: 32, remaining: 18, RAYPy_Simulation_Bessy2_LoBeta_long_RP/round_1/113_Bessy2_LoBeta_long_RP.rml
2024-07-05 15:12:59,848 - INFO - Completed: 33, remaining: 17, RAYPy_Simulation_Bessy2_LoBeta_long_RP/round_1/115_Bessy2_LoBeta_long_RP.rml
2024-07-05 15:12:59,982 - INFO - Completed: 34, remaining: 16, RAYPy_Simulation_Bessy2_LoBeta_long_RP/round_1/116_Bessy2_LoBeta_long_RP.rml
2024-07-05 15:12:59,982 - INFO - Batch Completed
2024-07-05 15:12:59,983 - INFO - Waiting For batch, 50 simulations to go
2024-07-05 15:12:59,983 - INFO - Remaning Simulations 0, stop the simulations loop
2024-07-05 15:12:59,983 - INFO - Checking that all simulations are completed before stopping the ProcessPoolExecutor
2024-07-05 15:13:00,206 - INFO - Executor shutdown completed.
2024-07-05 15:13:00,221 - INFO - Simulation completed successfully.
2024-07-05 15:13:00,222 - INFO - Starting cleanup
2024-07-05 15:13:01,004 - INFO - Done with the cleanup
2024-07-05 15:13:01,004 - INFO - End of the Simulations
