2025-01-17 15:04:55,032 - INFO - Simulation started, using 12 workers
2025-01-17 15:04:55,037 - INFO - Start round 0
2025-01-17 15:04:55,052 - INFO - Prepared sim number: 0: RAYPy_Simulation_bessy2hi_56m_PGM_2Perc_coupling_errors_on_FLUX/round_0/0_bessy2hi_56m_PGM_2Perc_coupling_errors_on_FLUX.rml
2025-01-17 15:04:55,072 - INFO - Prepared sim number: 1: RAYPy_Simulation_bessy2hi_56m_PGM_2Perc_coupling_errors_on_FLUX/round_0/1_bessy2hi_56m_PGM_2Perc_coupling_errors_on_FLUX.rml
2025-01-17 15:04:55,086 - INFO - Prepared sim number: 2: RAYPy_Simulation_bessy2hi_56m_PGM_2Perc_coupling_errors_on_FLUX/round_0/2_bessy2hi_56m_PGM_2Perc_coupling_errors_on_FLUX.rml
2025-01-17 15:04:55,101 - INFO - Prepared sim number: 3: RAYPy_Simulation_bessy2hi_56m_PGM_2Perc_coupling_errors_on_FLUX/round_0/3_bessy2hi_56m_PGM_2Perc_coupling_errors_on_FLUX.rml
2025-01-17 15:04:55,114 - INFO - Prepared sim number: 4: RAYPy_Simulation_bessy2hi_56m_PGM_2Perc_coupling_errors_on_FLUX/round_0/4_bessy2hi_56m_PGM_2Perc_coupling_errors_on_FLUX.rml
2025-01-17 15:04:55,124 - INFO - Prepared sim number: 5: RAYPy_Simulation_bessy2hi_56m_PGM_2Perc_coupling_errors_on_FLUX/round_0/5_bessy2hi_56m_PGM_2Perc_coupling_errors_on_FLUX.rml
2025-01-17 15:04:55,132 - INFO - Prepared sim number: 6: RAYPy_Simulation_bessy2hi_56m_PGM_2Perc_coupling_errors_on_FLUX/round_0/6_bessy2hi_56m_PGM_2Perc_coupling_errors_on_FLUX.rml
2025-01-17 15:04:55,143 - INFO - Prepared sim number: 7: RAYPy_Simulation_bessy2hi_56m_PGM_2Perc_coupling_errors_on_FLUX/round_0/7_bessy2hi_56m_PGM_2Perc_coupling_errors_on_FLUX.rml
2025-01-17 15:04:55,154 - INFO - Prepared sim number: 8: RAYPy_Simulation_bessy2hi_56m_PGM_2Perc_coupling_errors_on_FLUX/round_0/8_bessy2hi_56m_PGM_2Perc_coupling_errors_on_FLUX.rml
2025-01-17 15:04:55,164 - INFO - Prepared sim number: 9: RAYPy_Simulation_bessy2hi_56m_PGM_2Perc_coupling_errors_on_FLUX/round_0/9_bessy2hi_56m_PGM_2Perc_coupling_errors_on_FLUX.rml
2025-01-17 15:04:55,173 - INFO - Prepared sim number: 10: RAYPy_Simulation_bessy2hi_56m_PGM_2Perc_coupling_errors_on_FLUX/round_0/10_bessy2hi_56m_PGM_2Perc_coupling_errors_on_FLUX.rml
2025-01-17 15:04:55,183 - INFO - Prepared sim number: 11: RAYPy_Simulation_bessy2hi_56m_PGM_2Perc_coupling_errors_on_FLUX/round_0/11_bessy2hi_56m_PGM_2Perc_coupling_errors_on_FLUX.rml
2025-01-17 15:04:55,190 - INFO - Prepared sim number: 12: RAYPy_Simulation_bessy2hi_56m_PGM_2Perc_coupling_errors_on_FLUX/round_0/12_bessy2hi_56m_PGM_2Perc_coupling_errors_on_FLUX.rml
2025-01-17 15:04:55,199 - INFO - Prepared sim number: 13: RAYPy_Simulation_bessy2hi_56m_PGM_2Perc_coupling_errors_on_FLUX/round_0/13_bessy2hi_56m_PGM_2Perc_coupling_errors_on_FLUX.rml
2025-01-17 15:04:55,207 - INFO - Prepared sim number: 14: RAYPy_Simulation_bessy2hi_56m_PGM_2Perc_coupling_errors_on_FLUX/round_0/14_bessy2hi_56m_PGM_2Perc_coupling_errors_on_FLUX.rml
2025-01-17 15:04:55,216 - INFO - Prepared sim number: 15: RAYPy_Simulation_bessy2hi_56m_PGM_2Perc_coupling_errors_on_FLUX/round_0/15_bessy2hi_56m_PGM_2Perc_coupling_errors_on_FLUX.rml
2025-01-17 15:04:55,227 - INFO - Prepared sim number: 16: RAYPy_Simulation_bessy2hi_56m_PGM_2Perc_coupling_errors_on_FLUX/round_0/16_bessy2hi_56m_PGM_2Perc_coupling_errors_on_FLUX.rml
2025-01-17 15:04:55,240 - INFO - Prepared sim number: 17: RAYPy_Simulation_bessy2hi_56m_PGM_2Perc_coupling_errors_on_FLUX/round_0/17_bessy2hi_56m_PGM_2Perc_coupling_errors_on_FLUX.rml
2025-01-17 15:04:55,260 - INFO - Prepared sim number: 18: RAYPy_Simulation_bessy2hi_56m_PGM_2Perc_coupling_errors_on_FLUX/round_0/18_bessy2hi_56m_PGM_2Perc_coupling_errors_on_FLUX.rml
2025-01-17 15:04:55,271 - INFO - Prepared sim number: 19: RAYPy_Simulation_bessy2hi_56m_PGM_2Perc_coupling_errors_on_FLUX/round_0/19_bessy2hi_56m_PGM_2Perc_coupling_errors_on_FLUX.rml
2025-01-17 15:04:55,280 - INFO - Prepared sim number: 20: RAYPy_Simulation_bessy2hi_56m_PGM_2Perc_coupling_errors_on_FLUX/round_0/20_bessy2hi_56m_PGM_2Perc_coupling_errors_on_FLUX.rml
2025-01-17 15:04:55,280 - INFO - Start round 1
2025-01-17 15:04:55,285 - INFO - Prepared sim number: 0: RAYPy_Simulation_bessy2hi_56m_PGM_2Perc_coupling_errors_on_FLUX/round_1/0_bessy2hi_56m_PGM_2Perc_coupling_errors_on_FLUX.rml
2025-01-17 15:04:55,289 - INFO - Prepared sim number: 1: RAYPy_Simulation_bessy2hi_56m_PGM_2Perc_coupling_errors_on_FLUX/round_1/1_bessy2hi_56m_PGM_2Perc_coupling_errors_on_FLUX.rml
2025-01-17 15:04:55,296 - INFO - Prepared sim number: 2: RAYPy_Simulation_bessy2hi_56m_PGM_2Perc_coupling_errors_on_FLUX/round_1/2_bessy2hi_56m_PGM_2Perc_coupling_errors_on_FLUX.rml
2025-01-17 15:04:55,303 - INFO - Prepared sim number: 3: RAYPy_Simulation_bessy2hi_56m_PGM_2Perc_coupling_errors_on_FLUX/round_1/3_bessy2hi_56m_PGM_2Perc_coupling_errors_on_FLUX.rml
2025-01-17 15:04:55,310 - INFO - Prepared sim number: 4: RAYPy_Simulation_bessy2hi_56m_PGM_2Perc_coupling_errors_on_FLUX/round_1/4_bessy2hi_56m_PGM_2Perc_coupling_errors_on_FLUX.rml
2025-01-17 15:04:55,315 - INFO - Prepared sim number: 5: RAYPy_Simulation_bessy2hi_56m_PGM_2Perc_coupling_errors_on_FLUX/round_1/5_bessy2hi_56m_PGM_2Perc_coupling_errors_on_FLUX.rml
2025-01-17 15:04:55,319 - INFO - Prepared sim number: 6: RAYPy_Simulation_bessy2hi_56m_PGM_2Perc_coupling_errors_on_FLUX/round_1/6_bessy2hi_56m_PGM_2Perc_coupling_errors_on_FLUX.rml
2025-01-17 15:04:55,323 - INFO - Prepared sim number: 7: RAYPy_Simulation_bessy2hi_56m_PGM_2Perc_coupling_errors_on_FLUX/round_1/7_bessy2hi_56m_PGM_2Perc_coupling_errors_on_FLUX.rml
2025-01-17 15:04:55,327 - INFO - Prepared sim number: 8: RAYPy_Simulation_bessy2hi_56m_PGM_2Perc_coupling_errors_on_FLUX/round_1/8_bessy2hi_56m_PGM_2Perc_coupling_errors_on_FLUX.rml
2025-01-17 15:04:55,330 - INFO - Prepared sim number: 9: RAYPy_Simulation_bessy2hi_56m_PGM_2Perc_coupling_errors_on_FLUX/round_1/9_bessy2hi_56m_PGM_2Perc_coupling_errors_on_FLUX.rml
2025-01-17 15:04:55,335 - INFO - Prepared sim number: 10: RAYPy_Simulation_bessy2hi_56m_PGM_2Perc_coupling_errors_on_FLUX/round_1/10_bessy2hi_56m_PGM_2Perc_coupling_errors_on_FLUX.rml
2025-01-17 15:04:55,340 - INFO - Prepared sim number: 11: RAYPy_Simulation_bessy2hi_56m_PGM_2Perc_coupling_errors_on_FLUX/round_1/11_bessy2hi_56m_PGM_2Perc_coupling_errors_on_FLUX.rml
2025-01-17 15:04:55,344 - INFO - Prepared sim number: 12: RAYPy_Simulation_bessy2hi_56m_PGM_2Perc_coupling_errors_on_FLUX/round_1/12_bessy2hi_56m_PGM_2Perc_coupling_errors_on_FLUX.rml
2025-01-17 15:04:55,350 - INFO - Prepared sim number: 13: RAYPy_Simulation_bessy2hi_56m_PGM_2Perc_coupling_errors_on_FLUX/round_1/13_bessy2hi_56m_PGM_2Perc_coupling_errors_on_FLUX.rml
2025-01-17 15:04:55,355 - INFO - Prepared sim number: 14: RAYPy_Simulation_bessy2hi_56m_PGM_2Perc_coupling_errors_on_FLUX/round_1/14_bessy2hi_56m_PGM_2Perc_coupling_errors_on_FLUX.rml
2025-01-17 15:04:55,361 - INFO - Prepared sim number: 15: RAYPy_Simulation_bessy2hi_56m_PGM_2Perc_coupling_errors_on_FLUX/round_1/15_bessy2hi_56m_PGM_2Perc_coupling_errors_on_FLUX.rml
2025-01-17 15:04:55,365 - INFO - Prepared sim number: 16: RAYPy_Simulation_bessy2hi_56m_PGM_2Perc_coupling_errors_on_FLUX/round_1/16_bessy2hi_56m_PGM_2Perc_coupling_errors_on_FLUX.rml
2025-01-17 15:04:55,384 - INFO - Prepared sim number: 17: RAYPy_Simulation_bessy2hi_56m_PGM_2Perc_coupling_errors_on_FLUX/round_1/17_bessy2hi_56m_PGM_2Perc_coupling_errors_on_FLUX.rml
2025-01-17 15:04:55,389 - INFO - Prepared sim number: 18: RAYPy_Simulation_bessy2hi_56m_PGM_2Perc_coupling_errors_on_FLUX/round_1/18_bessy2hi_56m_PGM_2Perc_coupling_errors_on_FLUX.rml
2025-01-17 15:04:55,395 - INFO - Prepared sim number: 19: RAYPy_Simulation_bessy2hi_56m_PGM_2Perc_coupling_errors_on_FLUX/round_1/19_bessy2hi_56m_PGM_2Perc_coupling_errors_on_FLUX.rml
2025-01-17 15:04:55,400 - INFO - Prepared sim number: 20: RAYPy_Simulation_bessy2hi_56m_PGM_2Perc_coupling_errors_on_FLUX/round_1/20_bessy2hi_56m_PGM_2Perc_coupling_errors_on_FLUX.rml
2025-01-17 15:04:55,400 - INFO - Start round 2
2025-01-17 15:04:55,405 - INFO - Prepared sim number: 0: RAYPy_Simulation_bessy2hi_56m_PGM_2Perc_coupling_errors_on_FLUX/round_2/0_bessy2hi_56m_PGM_2Perc_coupling_errors_on_FLUX.rml
2025-01-17 15:04:55,409 - INFO - Prepared sim number: 1: RAYPy_Simulation_bessy2hi_56m_PGM_2Perc_coupling_errors_on_FLUX/round_2/1_bessy2hi_56m_PGM_2Perc_coupling_errors_on_FLUX.rml
2025-01-17 15:04:55,414 - INFO - Prepared sim number: 2: RAYPy_Simulation_bessy2hi_56m_PGM_2Perc_coupling_errors_on_FLUX/round_2/2_bessy2hi_56m_PGM_2Perc_coupling_errors_on_FLUX.rml
2025-01-17 15:04:55,420 - INFO - Prepared sim number: 3: RAYPy_Simulation_bessy2hi_56m_PGM_2Perc_coupling_errors_on_FLUX/round_2/3_bessy2hi_56m_PGM_2Perc_coupling_errors_on_FLUX.rml
2025-01-17 15:04:55,425 - INFO - Prepared sim number: 4: RAYPy_Simulation_bessy2hi_56m_PGM_2Perc_coupling_errors_on_FLUX/round_2/4_bessy2hi_56m_PGM_2Perc_coupling_errors_on_FLUX.rml
2025-01-17 15:04:55,430 - INFO - Prepared sim number: 5: RAYPy_Simulation_bessy2hi_56m_PGM_2Perc_coupling_errors_on_FLUX/round_2/5_bessy2hi_56m_PGM_2Perc_coupling_errors_on_FLUX.rml
2025-01-17 15:04:55,436 - INFO - Prepared sim number: 6: RAYPy_Simulation_bessy2hi_56m_PGM_2Perc_coupling_errors_on_FLUX/round_2/6_bessy2hi_56m_PGM_2Perc_coupling_errors_on_FLUX.rml
2025-01-17 15:04:55,441 - INFO - Prepared sim number: 7: RAYPy_Simulation_bessy2hi_56m_PGM_2Perc_coupling_errors_on_FLUX/round_2/7_bessy2hi_56m_PGM_2Perc_coupling_errors_on_FLUX.rml
2025-01-17 15:04:55,445 - INFO - Prepared sim number: 8: RAYPy_Simulation_bessy2hi_56m_PGM_2Perc_coupling_errors_on_FLUX/round_2/8_bessy2hi_56m_PGM_2Perc_coupling_errors_on_FLUX.rml
2025-01-17 15:04:55,450 - INFO - Prepared sim number: 9: RAYPy_Simulation_bessy2hi_56m_PGM_2Perc_coupling_errors_on_FLUX/round_2/9_bessy2hi_56m_PGM_2Perc_coupling_errors_on_FLUX.rml
2025-01-17 15:04:55,455 - INFO - Prepared sim number: 10: RAYPy_Simulation_bessy2hi_56m_PGM_2Perc_coupling_errors_on_FLUX/round_2/10_bessy2hi_56m_PGM_2Perc_coupling_errors_on_FLUX.rml
2025-01-17 15:04:55,460 - INFO - Prepared sim number: 11: RAYPy_Simulation_bessy2hi_56m_PGM_2Perc_coupling_errors_on_FLUX/round_2/11_bessy2hi_56m_PGM_2Perc_coupling_errors_on_FLUX.rml
2025-01-17 15:04:55,464 - INFO - Prepared sim number: 12: RAYPy_Simulation_bessy2hi_56m_PGM_2Perc_coupling_errors_on_FLUX/round_2/12_bessy2hi_56m_PGM_2Perc_coupling_errors_on_FLUX.rml
2025-01-17 15:04:55,468 - INFO - Prepared sim number: 13: RAYPy_Simulation_bessy2hi_56m_PGM_2Perc_coupling_errors_on_FLUX/round_2/13_bessy2hi_56m_PGM_2Perc_coupling_errors_on_FLUX.rml
2025-01-17 15:04:55,472 - INFO - Prepared sim number: 14: RAYPy_Simulation_bessy2hi_56m_PGM_2Perc_coupling_errors_on_FLUX/round_2/14_bessy2hi_56m_PGM_2Perc_coupling_errors_on_FLUX.rml
2025-01-17 15:04:55,475 - INFO - Prepared sim number: 15: RAYPy_Simulation_bessy2hi_56m_PGM_2Perc_coupling_errors_on_FLUX/round_2/15_bessy2hi_56m_PGM_2Perc_coupling_errors_on_FLUX.rml
2025-01-17 15:04:55,479 - INFO - Prepared sim number: 16: RAYPy_Simulation_bessy2hi_56m_PGM_2Perc_coupling_errors_on_FLUX/round_2/16_bessy2hi_56m_PGM_2Perc_coupling_errors_on_FLUX.rml
2025-01-17 15:04:55,483 - INFO - Prepared sim number: 17: RAYPy_Simulation_bessy2hi_56m_PGM_2Perc_coupling_errors_on_FLUX/round_2/17_bessy2hi_56m_PGM_2Perc_coupling_errors_on_FLUX.rml
2025-01-17 15:04:55,501 - INFO - Waiting for batch number: 0, timeout: 60s
2025-01-17 15:05:17,790 - INFO - Completed: 1, remaining: 59, RAYPy_Simulation_bessy2hi_56m_PGM_2Perc_coupling_errors_on_FLUX/round_0/3_bessy2hi_56m_PGM_2Perc_coupling_errors_on_FLUX.rml
2025-01-17 15:05:17,955 - INFO - Completed: 2, remaining: 58, RAYPy_Simulation_bessy2hi_56m_PGM_2Perc_coupling_errors_on_FLUX/round_0/1_bessy2hi_56m_PGM_2Perc_coupling_errors_on_FLUX.rml
2025-01-17 15:05:18,949 - INFO - Completed: 3, remaining: 57, RAYPy_Simulation_bessy2hi_56m_PGM_2Perc_coupling_errors_on_FLUX/round_0/7_bessy2hi_56m_PGM_2Perc_coupling_errors_on_FLUX.rml
2025-01-17 15:05:19,406 - INFO - Completed: 4, remaining: 56, RAYPy_Simulation_bessy2hi_56m_PGM_2Perc_coupling_errors_on_FLUX/round_0/10_bessy2hi_56m_PGM_2Perc_coupling_errors_on_FLUX.rml
2025-01-17 15:05:19,539 - INFO - Completed: 5, remaining: 55, RAYPy_Simulation_bessy2hi_56m_PGM_2Perc_coupling_errors_on_FLUX/round_0/0_bessy2hi_56m_PGM_2Perc_coupling_errors_on_FLUX.rml
2025-01-17 15:05:19,829 - INFO - Completed: 6, remaining: 54, RAYPy_Simulation_bessy2hi_56m_PGM_2Perc_coupling_errors_on_FLUX/round_0/6_bessy2hi_56m_PGM_2Perc_coupling_errors_on_FLUX.rml
2025-01-17 15:05:21,084 - INFO - Completed: 7, remaining: 53, RAYPy_Simulation_bessy2hi_56m_PGM_2Perc_coupling_errors_on_FLUX/round_0/4_bessy2hi_56m_PGM_2Perc_coupling_errors_on_FLUX.rml
2025-01-17 15:05:21,106 - INFO - Completed: 8, remaining: 52, RAYPy_Simulation_bessy2hi_56m_PGM_2Perc_coupling_errors_on_FLUX/round_0/2_bessy2hi_56m_PGM_2Perc_coupling_errors_on_FLUX.rml
2025-01-17 15:05:21,279 - INFO - Completed: 9, remaining: 51, RAYPy_Simulation_bessy2hi_56m_PGM_2Perc_coupling_errors_on_FLUX/round_0/5_bessy2hi_56m_PGM_2Perc_coupling_errors_on_FLUX.rml
2025-01-17 15:05:21,785 - INFO - Completed: 10, remaining: 50, RAYPy_Simulation_bessy2hi_56m_PGM_2Perc_coupling_errors_on_FLUX/round_0/9_bessy2hi_56m_PGM_2Perc_coupling_errors_on_FLUX.rml
2025-01-17 15:05:21,932 - INFO - Completed: 11, remaining: 49, RAYPy_Simulation_bessy2hi_56m_PGM_2Perc_coupling_errors_on_FLUX/round_0/8_bessy2hi_56m_PGM_2Perc_coupling_errors_on_FLUX.rml
2025-01-17 15:05:22,594 - INFO - Completed: 12, remaining: 48, RAYPy_Simulation_bessy2hi_56m_PGM_2Perc_coupling_errors_on_FLUX/round_0/11_bessy2hi_56m_PGM_2Perc_coupling_errors_on_FLUX.rml
2025-01-17 15:05:35,619 - INFO - Completed: 13, remaining: 47, RAYPy_Simulation_bessy2hi_56m_PGM_2Perc_coupling_errors_on_FLUX/round_0/12_bessy2hi_56m_PGM_2Perc_coupling_errors_on_FLUX.rml
2025-01-17 15:05:36,453 - INFO - Completed: 14, remaining: 46, RAYPy_Simulation_bessy2hi_56m_PGM_2Perc_coupling_errors_on_FLUX/round_0/13_bessy2hi_56m_PGM_2Perc_coupling_errors_on_FLUX.rml
2025-01-17 15:05:38,473 - INFO - Completed: 15, remaining: 45, RAYPy_Simulation_bessy2hi_56m_PGM_2Perc_coupling_errors_on_FLUX/round_0/14_bessy2hi_56m_PGM_2Perc_coupling_errors_on_FLUX.rml
2025-01-17 15:05:39,656 - INFO - Completed: 16, remaining: 44, RAYPy_Simulation_bessy2hi_56m_PGM_2Perc_coupling_errors_on_FLUX/round_0/16_bessy2hi_56m_PGM_2Perc_coupling_errors_on_FLUX.rml
2025-01-17 15:05:39,853 - INFO - Completed: 17, remaining: 43, RAYPy_Simulation_bessy2hi_56m_PGM_2Perc_coupling_errors_on_FLUX/round_0/15_bessy2hi_56m_PGM_2Perc_coupling_errors_on_FLUX.rml
2025-01-17 15:05:40,266 - INFO - Completed: 18, remaining: 42, RAYPy_Simulation_bessy2hi_56m_PGM_2Perc_coupling_errors_on_FLUX/round_0/20_bessy2hi_56m_PGM_2Perc_coupling_errors_on_FLUX.rml
2025-01-17 15:05:40,474 - INFO - Completed: 19, remaining: 41, RAYPy_Simulation_bessy2hi_56m_PGM_2Perc_coupling_errors_on_FLUX/round_0/17_bessy2hi_56m_PGM_2Perc_coupling_errors_on_FLUX.rml
2025-01-17 15:05:40,714 - INFO - Completed: 20, remaining: 40, RAYPy_Simulation_bessy2hi_56m_PGM_2Perc_coupling_errors_on_FLUX/round_0/19_bessy2hi_56m_PGM_2Perc_coupling_errors_on_FLUX.rml
2025-01-17 15:05:41,070 - INFO - Completed: 21, remaining: 39, RAYPy_Simulation_bessy2hi_56m_PGM_2Perc_coupling_errors_on_FLUX/round_0/18_bessy2hi_56m_PGM_2Perc_coupling_errors_on_FLUX.rml
2025-01-17 15:05:41,272 - INFO - Completed: 22, remaining: 38, RAYPy_Simulation_bessy2hi_56m_PGM_2Perc_coupling_errors_on_FLUX/round_1/1_bessy2hi_56m_PGM_2Perc_coupling_errors_on_FLUX.rml
2025-01-17 15:05:41,366 - INFO - Completed: 23, remaining: 37, RAYPy_Simulation_bessy2hi_56m_PGM_2Perc_coupling_errors_on_FLUX/round_1/0_bessy2hi_56m_PGM_2Perc_coupling_errors_on_FLUX.rml
2025-01-17 15:05:41,662 - INFO - Completed: 24, remaining: 36, RAYPy_Simulation_bessy2hi_56m_PGM_2Perc_coupling_errors_on_FLUX/round_1/2_bessy2hi_56m_PGM_2Perc_coupling_errors_on_FLUX.rml
2025-01-17 15:05:51,416 - INFO - Completed: 25, remaining: 35, RAYPy_Simulation_bessy2hi_56m_PGM_2Perc_coupling_errors_on_FLUX/round_1/3_bessy2hi_56m_PGM_2Perc_coupling_errors_on_FLUX.rml
2025-01-17 15:05:51,920 - INFO - Completed: 26, remaining: 34, RAYPy_Simulation_bessy2hi_56m_PGM_2Perc_coupling_errors_on_FLUX/round_1/4_bessy2hi_56m_PGM_2Perc_coupling_errors_on_FLUX.rml
2025-01-17 15:05:55,506 - INFO - Exception during simulation: 34 (of 60) futures unfinished
2025-01-17 15:06:00,977 - INFO - Waiting for file RAYPy_Simulation_bessy2hi_56m_PGM_2Perc_coupling_errors_on_FLUX/round_1/5_bessy2hi_56m_PGM_2Perc_coupling_errors_on_FLUX.rml, wait_time 27.428893616566285
2025-01-17 15:06:06,048 - INFO - Waiting for file RAYPy_Simulation_bessy2hi_56m_PGM_2Perc_coupling_errors_on_FLUX/round_1/10_bessy2hi_56m_PGM_2Perc_coupling_errors_on_FLUX.rml, wait_time 22.428893616566285
2025-01-17 15:06:11,109 - INFO - Waiting for file RAYPy_Simulation_bessy2hi_56m_PGM_2Perc_coupling_errors_on_FLUX/round_1/15_bessy2hi_56m_PGM_2Perc_coupling_errors_on_FLUX.rml, wait_time 17.428893616566285
2025-01-17 15:06:16,142 - INFO - Waiting for file RAYPy_Simulation_bessy2hi_56m_PGM_2Perc_coupling_errors_on_FLUX/round_1/17_bessy2hi_56m_PGM_2Perc_coupling_errors_on_FLUX.rml, wait_time 12.428893616566285
2025-01-17 15:06:21,189 - INFO - Waiting for file RAYPy_Simulation_bessy2hi_56m_PGM_2Perc_coupling_errors_on_FLUX/round_1/18_bessy2hi_56m_PGM_2Perc_coupling_errors_on_FLUX.rml, wait_time 7.428893616566285
2025-01-17 15:06:26,307 - INFO - Waiting for file RAYPy_Simulation_bessy2hi_56m_PGM_2Perc_coupling_errors_on_FLUX/round_2/2_bessy2hi_56m_PGM_2Perc_coupling_errors_on_FLUX.rml, wait_time 2.4288936165662847
2025-01-17 15:06:31,353 - INFO - Waiting for file RAYPy_Simulation_bessy2hi_56m_PGM_2Perc_coupling_errors_on_FLUX/round_2/6_bessy2hi_56m_PGM_2Perc_coupling_errors_on_FLUX.rml, wait_time -2.5711063834337153
2025-01-17 15:06:31,466 - INFO - Found most simulations of the batch, futures missed at least 34 simulations
2025-01-17 15:06:31,469 - INFO - Updated progress bar
2025-01-17 15:06:31,473 - INFO - Batch Completed
2025-01-17 15:06:31,475 - INFO - Waiting For batch, 60 simulations to go
2025-01-17 15:06:31,506 - INFO - Prepared sim number: 18: RAYPy_Simulation_bessy2hi_56m_PGM_2Perc_coupling_errors_on_FLUX/round_2/18_bessy2hi_56m_PGM_2Perc_coupling_errors_on_FLUX.rml
2025-01-17 15:06:31,536 - INFO - Prepared sim number: 19: RAYPy_Simulation_bessy2hi_56m_PGM_2Perc_coupling_errors_on_FLUX/round_2/19_bessy2hi_56m_PGM_2Perc_coupling_errors_on_FLUX.rml
2025-01-17 15:06:31,559 - INFO - Prepared sim number: 20: RAYPy_Simulation_bessy2hi_56m_PGM_2Perc_coupling_errors_on_FLUX/round_2/20_bessy2hi_56m_PGM_2Perc_coupling_errors_on_FLUX.rml
2025-01-17 15:06:31,560 - INFO - Start round 3
2025-01-17 15:06:31,580 - INFO - Prepared sim number: 0: RAYPy_Simulation_bessy2hi_56m_PGM_2Perc_coupling_errors_on_FLUX/round_3/0_bessy2hi_56m_PGM_2Perc_coupling_errors_on_FLUX.rml
2025-01-17 15:06:31,599 - INFO - Prepared sim number: 1: RAYPy_Simulation_bessy2hi_56m_PGM_2Perc_coupling_errors_on_FLUX/round_3/1_bessy2hi_56m_PGM_2Perc_coupling_errors_on_FLUX.rml
2025-01-17 15:06:31,623 - INFO - Prepared sim number: 2: RAYPy_Simulation_bessy2hi_56m_PGM_2Perc_coupling_errors_on_FLUX/round_3/2_bessy2hi_56m_PGM_2Perc_coupling_errors_on_FLUX.rml
2025-01-17 15:06:31,648 - INFO - Prepared sim number: 3: RAYPy_Simulation_bessy2hi_56m_PGM_2Perc_coupling_errors_on_FLUX/round_3/3_bessy2hi_56m_PGM_2Perc_coupling_errors_on_FLUX.rml
2025-01-17 15:06:31,669 - INFO - Prepared sim number: 4: RAYPy_Simulation_bessy2hi_56m_PGM_2Perc_coupling_errors_on_FLUX/round_3/4_bessy2hi_56m_PGM_2Perc_coupling_errors_on_FLUX.rml
2025-01-17 15:06:31,688 - INFO - Prepared sim number: 5: RAYPy_Simulation_bessy2hi_56m_PGM_2Perc_coupling_errors_on_FLUX/round_3/5_bessy2hi_56m_PGM_2Perc_coupling_errors_on_FLUX.rml
2025-01-17 15:06:31,710 - INFO - Prepared sim number: 6: RAYPy_Simulation_bessy2hi_56m_PGM_2Perc_coupling_errors_on_FLUX/round_3/6_bessy2hi_56m_PGM_2Perc_coupling_errors_on_FLUX.rml
2025-01-17 15:06:31,730 - INFO - Prepared sim number: 7: RAYPy_Simulation_bessy2hi_56m_PGM_2Perc_coupling_errors_on_FLUX/round_3/7_bessy2hi_56m_PGM_2Perc_coupling_errors_on_FLUX.rml
2025-01-17 15:06:31,752 - INFO - Prepared sim number: 8: RAYPy_Simulation_bessy2hi_56m_PGM_2Perc_coupling_errors_on_FLUX/round_3/8_bessy2hi_56m_PGM_2Perc_coupling_errors_on_FLUX.rml
2025-01-17 15:06:31,770 - INFO - Prepared sim number: 9: RAYPy_Simulation_bessy2hi_56m_PGM_2Perc_coupling_errors_on_FLUX/round_3/9_bessy2hi_56m_PGM_2Perc_coupling_errors_on_FLUX.rml
2025-01-17 15:06:31,791 - INFO - Prepared sim number: 10: RAYPy_Simulation_bessy2hi_56m_PGM_2Perc_coupling_errors_on_FLUX/round_3/10_bessy2hi_56m_PGM_2Perc_coupling_errors_on_FLUX.rml
2025-01-17 15:06:31,811 - INFO - Prepared sim number: 11: RAYPy_Simulation_bessy2hi_56m_PGM_2Perc_coupling_errors_on_FLUX/round_3/11_bessy2hi_56m_PGM_2Perc_coupling_errors_on_FLUX.rml
2025-01-17 15:06:31,832 - INFO - Prepared sim number: 12: RAYPy_Simulation_bessy2hi_56m_PGM_2Perc_coupling_errors_on_FLUX/round_3/12_bessy2hi_56m_PGM_2Perc_coupling_errors_on_FLUX.rml
2025-01-17 15:06:31,851 - INFO - Prepared sim number: 13: RAYPy_Simulation_bessy2hi_56m_PGM_2Perc_coupling_errors_on_FLUX/round_3/13_bessy2hi_56m_PGM_2Perc_coupling_errors_on_FLUX.rml
2025-01-17 15:06:31,875 - INFO - Prepared sim number: 14: RAYPy_Simulation_bessy2hi_56m_PGM_2Perc_coupling_errors_on_FLUX/round_3/14_bessy2hi_56m_PGM_2Perc_coupling_errors_on_FLUX.rml
2025-01-17 15:06:31,895 - INFO - Prepared sim number: 15: RAYPy_Simulation_bessy2hi_56m_PGM_2Perc_coupling_errors_on_FLUX/round_3/15_bessy2hi_56m_PGM_2Perc_coupling_errors_on_FLUX.rml
2025-01-17 15:06:31,914 - INFO - Prepared sim number: 16: RAYPy_Simulation_bessy2hi_56m_PGM_2Perc_coupling_errors_on_FLUX/round_3/16_bessy2hi_56m_PGM_2Perc_coupling_errors_on_FLUX.rml
2025-01-17 15:06:31,937 - INFO - Prepared sim number: 17: RAYPy_Simulation_bessy2hi_56m_PGM_2Perc_coupling_errors_on_FLUX/round_3/17_bessy2hi_56m_PGM_2Perc_coupling_errors_on_FLUX.rml
2025-01-17 15:06:31,970 - INFO - Prepared sim number: 18: RAYPy_Simulation_bessy2hi_56m_PGM_2Perc_coupling_errors_on_FLUX/round_3/18_bessy2hi_56m_PGM_2Perc_coupling_errors_on_FLUX.rml
2025-01-17 15:06:31,989 - INFO - Prepared sim number: 19: RAYPy_Simulation_bessy2hi_56m_PGM_2Perc_coupling_errors_on_FLUX/round_3/19_bessy2hi_56m_PGM_2Perc_coupling_errors_on_FLUX.rml
2025-01-17 15:06:32,008 - INFO - Prepared sim number: 20: RAYPy_Simulation_bessy2hi_56m_PGM_2Perc_coupling_errors_on_FLUX/round_3/20_bessy2hi_56m_PGM_2Perc_coupling_errors_on_FLUX.rml
2025-01-17 15:06:32,010 - INFO - Start round 4
2025-01-17 15:06:32,028 - INFO - Prepared sim number: 0: RAYPy_Simulation_bessy2hi_56m_PGM_2Perc_coupling_errors_on_FLUX/round_4/0_bessy2hi_56m_PGM_2Perc_coupling_errors_on_FLUX.rml
2025-01-17 15:06:32,048 - INFO - Prepared sim number: 1: RAYPy_Simulation_bessy2hi_56m_PGM_2Perc_coupling_errors_on_FLUX/round_4/1_bessy2hi_56m_PGM_2Perc_coupling_errors_on_FLUX.rml
2025-01-17 15:06:32,068 - INFO - Prepared sim number: 2: RAYPy_Simulation_bessy2hi_56m_PGM_2Perc_coupling_errors_on_FLUX/round_4/2_bessy2hi_56m_PGM_2Perc_coupling_errors_on_FLUX.rml
2025-01-17 15:06:32,090 - INFO - Prepared sim number: 3: RAYPy_Simulation_bessy2hi_56m_PGM_2Perc_coupling_errors_on_FLUX/round_4/3_bessy2hi_56m_PGM_2Perc_coupling_errors_on_FLUX.rml
2025-01-17 15:06:32,109 - INFO - Prepared sim number: 4: RAYPy_Simulation_bessy2hi_56m_PGM_2Perc_coupling_errors_on_FLUX/round_4/4_bessy2hi_56m_PGM_2Perc_coupling_errors_on_FLUX.rml
2025-01-17 15:06:32,130 - INFO - Prepared sim number: 5: RAYPy_Simulation_bessy2hi_56m_PGM_2Perc_coupling_errors_on_FLUX/round_4/5_bessy2hi_56m_PGM_2Perc_coupling_errors_on_FLUX.rml
2025-01-17 15:06:32,150 - INFO - Prepared sim number: 6: RAYPy_Simulation_bessy2hi_56m_PGM_2Perc_coupling_errors_on_FLUX/round_4/6_bessy2hi_56m_PGM_2Perc_coupling_errors_on_FLUX.rml
2025-01-17 15:06:32,171 - INFO - Prepared sim number: 7: RAYPy_Simulation_bessy2hi_56m_PGM_2Perc_coupling_errors_on_FLUX/round_4/7_bessy2hi_56m_PGM_2Perc_coupling_errors_on_FLUX.rml
2025-01-17 15:06:32,190 - INFO - Prepared sim number: 8: RAYPy_Simulation_bessy2hi_56m_PGM_2Perc_coupling_errors_on_FLUX/round_4/8_bessy2hi_56m_PGM_2Perc_coupling_errors_on_FLUX.rml
2025-01-17 15:06:32,209 - INFO - Prepared sim number: 9: RAYPy_Simulation_bessy2hi_56m_PGM_2Perc_coupling_errors_on_FLUX/round_4/9_bessy2hi_56m_PGM_2Perc_coupling_errors_on_FLUX.rml
2025-01-17 15:06:32,228 - INFO - Prepared sim number: 10: RAYPy_Simulation_bessy2hi_56m_PGM_2Perc_coupling_errors_on_FLUX/round_4/10_bessy2hi_56m_PGM_2Perc_coupling_errors_on_FLUX.rml
2025-01-17 15:06:32,250 - INFO - Prepared sim number: 11: RAYPy_Simulation_bessy2hi_56m_PGM_2Perc_coupling_errors_on_FLUX/round_4/11_bessy2hi_56m_PGM_2Perc_coupling_errors_on_FLUX.rml
2025-01-17 15:06:32,273 - INFO - Prepared sim number: 12: RAYPy_Simulation_bessy2hi_56m_PGM_2Perc_coupling_errors_on_FLUX/round_4/12_bessy2hi_56m_PGM_2Perc_coupling_errors_on_FLUX.rml
2025-01-17 15:06:32,295 - INFO - Prepared sim number: 13: RAYPy_Simulation_bessy2hi_56m_PGM_2Perc_coupling_errors_on_FLUX/round_4/13_bessy2hi_56m_PGM_2Perc_coupling_errors_on_FLUX.rml
2025-01-17 15:06:32,313 - INFO - Prepared sim number: 14: RAYPy_Simulation_bessy2hi_56m_PGM_2Perc_coupling_errors_on_FLUX/round_4/14_bessy2hi_56m_PGM_2Perc_coupling_errors_on_FLUX.rml
2025-01-17 15:06:32,334 - INFO - Prepared sim number: 15: RAYPy_Simulation_bessy2hi_56m_PGM_2Perc_coupling_errors_on_FLUX/round_4/15_bessy2hi_56m_PGM_2Perc_coupling_errors_on_FLUX.rml
2025-01-17 15:06:32,354 - INFO - Prepared sim number: 16: RAYPy_Simulation_bessy2hi_56m_PGM_2Perc_coupling_errors_on_FLUX/round_4/16_bessy2hi_56m_PGM_2Perc_coupling_errors_on_FLUX.rml
2025-01-17 15:06:32,373 - INFO - Prepared sim number: 17: RAYPy_Simulation_bessy2hi_56m_PGM_2Perc_coupling_errors_on_FLUX/round_4/17_bessy2hi_56m_PGM_2Perc_coupling_errors_on_FLUX.rml
2025-01-17 15:06:32,392 - INFO - Prepared sim number: 18: RAYPy_Simulation_bessy2hi_56m_PGM_2Perc_coupling_errors_on_FLUX/round_4/18_bessy2hi_56m_PGM_2Perc_coupling_errors_on_FLUX.rml
2025-01-17 15:06:32,411 - INFO - Prepared sim number: 19: RAYPy_Simulation_bessy2hi_56m_PGM_2Perc_coupling_errors_on_FLUX/round_4/19_bessy2hi_56m_PGM_2Perc_coupling_errors_on_FLUX.rml
2025-01-17 15:06:32,443 - INFO - Prepared sim number: 20: RAYPy_Simulation_bessy2hi_56m_PGM_2Perc_coupling_errors_on_FLUX/round_4/20_bessy2hi_56m_PGM_2Perc_coupling_errors_on_FLUX.rml
2025-01-17 15:06:32,444 - INFO - Start round 5
2025-01-17 15:06:32,466 - INFO - Prepared sim number: 0: RAYPy_Simulation_bessy2hi_56m_PGM_2Perc_coupling_errors_on_FLUX/round_5/0_bessy2hi_56m_PGM_2Perc_coupling_errors_on_FLUX.rml
2025-01-17 15:06:32,489 - INFO - Prepared sim number: 1: RAYPy_Simulation_bessy2hi_56m_PGM_2Perc_coupling_errors_on_FLUX/round_5/1_bessy2hi_56m_PGM_2Perc_coupling_errors_on_FLUX.rml
2025-01-17 15:06:32,508 - INFO - Prepared sim number: 2: RAYPy_Simulation_bessy2hi_56m_PGM_2Perc_coupling_errors_on_FLUX/round_5/2_bessy2hi_56m_PGM_2Perc_coupling_errors_on_FLUX.rml
2025-01-17 15:06:32,533 - INFO - Prepared sim number: 3: RAYPy_Simulation_bessy2hi_56m_PGM_2Perc_coupling_errors_on_FLUX/round_5/3_bessy2hi_56m_PGM_2Perc_coupling_errors_on_FLUX.rml
2025-01-17 15:06:32,559 - INFO - Prepared sim number: 4: RAYPy_Simulation_bessy2hi_56m_PGM_2Perc_coupling_errors_on_FLUX/round_5/4_bessy2hi_56m_PGM_2Perc_coupling_errors_on_FLUX.rml
2025-01-17 15:06:32,576 - INFO - Prepared sim number: 5: RAYPy_Simulation_bessy2hi_56m_PGM_2Perc_coupling_errors_on_FLUX/round_5/5_bessy2hi_56m_PGM_2Perc_coupling_errors_on_FLUX.rml
2025-01-17 15:06:32,595 - INFO - Prepared sim number: 6: RAYPy_Simulation_bessy2hi_56m_PGM_2Perc_coupling_errors_on_FLUX/round_5/6_bessy2hi_56m_PGM_2Perc_coupling_errors_on_FLUX.rml
2025-01-17 15:06:32,615 - INFO - Prepared sim number: 7: RAYPy_Simulation_bessy2hi_56m_PGM_2Perc_coupling_errors_on_FLUX/round_5/7_bessy2hi_56m_PGM_2Perc_coupling_errors_on_FLUX.rml
2025-01-17 15:06:32,639 - INFO - Prepared sim number: 8: RAYPy_Simulation_bessy2hi_56m_PGM_2Perc_coupling_errors_on_FLUX/round_5/8_bessy2hi_56m_PGM_2Perc_coupling_errors_on_FLUX.rml
2025-01-17 15:06:32,657 - INFO - Prepared sim number: 9: RAYPy_Simulation_bessy2hi_56m_PGM_2Perc_coupling_errors_on_FLUX/round_5/9_bessy2hi_56m_PGM_2Perc_coupling_errors_on_FLUX.rml
2025-01-17 15:06:32,676 - INFO - Prepared sim number: 10: RAYPy_Simulation_bessy2hi_56m_PGM_2Perc_coupling_errors_on_FLUX/round_5/10_bessy2hi_56m_PGM_2Perc_coupling_errors_on_FLUX.rml
2025-01-17 15:06:32,695 - INFO - Prepared sim number: 11: RAYPy_Simulation_bessy2hi_56m_PGM_2Perc_coupling_errors_on_FLUX/round_5/11_bessy2hi_56m_PGM_2Perc_coupling_errors_on_FLUX.rml
2025-01-17 15:06:32,718 - INFO - Prepared sim number: 12: RAYPy_Simulation_bessy2hi_56m_PGM_2Perc_coupling_errors_on_FLUX/round_5/12_bessy2hi_56m_PGM_2Perc_coupling_errors_on_FLUX.rml
2025-01-17 15:06:32,739 - INFO - Prepared sim number: 13: RAYPy_Simulation_bessy2hi_56m_PGM_2Perc_coupling_errors_on_FLUX/round_5/13_bessy2hi_56m_PGM_2Perc_coupling_errors_on_FLUX.rml
2025-01-17 15:06:32,759 - INFO - Prepared sim number: 14: RAYPy_Simulation_bessy2hi_56m_PGM_2Perc_coupling_errors_on_FLUX/round_5/14_bessy2hi_56m_PGM_2Perc_coupling_errors_on_FLUX.rml
2025-01-17 15:06:32,762 - INFO - Waiting for batch number: 1, timeout: 129.71557446626514s
2025-01-17 15:06:51,109 - INFO - Completed: 1, remaining: 59, RAYPy_Simulation_bessy2hi_56m_PGM_2Perc_coupling_errors_on_FLUX/round_2/20_bessy2hi_56m_PGM_2Perc_coupling_errors_on_FLUX.rml
2025-01-17 15:06:51,417 - INFO - Completed: 2, remaining: 58, RAYPy_Simulation_bessy2hi_56m_PGM_2Perc_coupling_errors_on_FLUX/round_2/18_bessy2hi_56m_PGM_2Perc_coupling_errors_on_FLUX.rml
2025-01-17 15:06:53,421 - INFO - Completed: 3, remaining: 57, RAYPy_Simulation_bessy2hi_56m_PGM_2Perc_coupling_errors_on_FLUX/round_2/19_bessy2hi_56m_PGM_2Perc_coupling_errors_on_FLUX.rml
2025-01-17 15:06:53,968 - INFO - Completed: 4, remaining: 56, RAYPy_Simulation_bessy2hi_56m_PGM_2Perc_coupling_errors_on_FLUX/round_3/0_bessy2hi_56m_PGM_2Perc_coupling_errors_on_FLUX.rml
2025-01-17 15:06:54,110 - INFO - Completed: 5, remaining: 55, RAYPy_Simulation_bessy2hi_56m_PGM_2Perc_coupling_errors_on_FLUX/round_3/1_bessy2hi_56m_PGM_2Perc_coupling_errors_on_FLUX.rml
2025-01-17 15:06:55,330 - INFO - Completed: 6, remaining: 54, RAYPy_Simulation_bessy2hi_56m_PGM_2Perc_coupling_errors_on_FLUX/round_3/2_bessy2hi_56m_PGM_2Perc_coupling_errors_on_FLUX.rml
2025-01-17 15:06:58,070 - INFO - Completed: 7, remaining: 53, RAYPy_Simulation_bessy2hi_56m_PGM_2Perc_coupling_errors_on_FLUX/round_3/3_bessy2hi_56m_PGM_2Perc_coupling_errors_on_FLUX.rml
2025-01-17 15:06:58,868 - INFO - Completed: 8, remaining: 52, RAYPy_Simulation_bessy2hi_56m_PGM_2Perc_coupling_errors_on_FLUX/round_3/4_bessy2hi_56m_PGM_2Perc_coupling_errors_on_FLUX.rml
2025-01-17 15:06:59,234 - INFO - Completed: 9, remaining: 51, RAYPy_Simulation_bessy2hi_56m_PGM_2Perc_coupling_errors_on_FLUX/round_3/6_bessy2hi_56m_PGM_2Perc_coupling_errors_on_FLUX.rml
2025-01-17 15:07:00,322 - INFO - Completed: 10, remaining: 50, RAYPy_Simulation_bessy2hi_56m_PGM_2Perc_coupling_errors_on_FLUX/round_3/7_bessy2hi_56m_PGM_2Perc_coupling_errors_on_FLUX.rml
2025-01-17 15:07:00,706 - INFO - Completed: 11, remaining: 49, RAYPy_Simulation_bessy2hi_56m_PGM_2Perc_coupling_errors_on_FLUX/round_3/5_bessy2hi_56m_PGM_2Perc_coupling_errors_on_FLUX.rml
2025-01-17 15:07:00,742 - INFO - Completed: 12, remaining: 48, RAYPy_Simulation_bessy2hi_56m_PGM_2Perc_coupling_errors_on_FLUX/round_3/8_bessy2hi_56m_PGM_2Perc_coupling_errors_on_FLUX.rml
2025-01-17 15:07:09,544 - INFO - Completed: 13, remaining: 47, RAYPy_Simulation_bessy2hi_56m_PGM_2Perc_coupling_errors_on_FLUX/round_3/9_bessy2hi_56m_PGM_2Perc_coupling_errors_on_FLUX.rml
2025-01-17 15:07:09,915 - INFO - Completed: 14, remaining: 46, RAYPy_Simulation_bessy2hi_56m_PGM_2Perc_coupling_errors_on_FLUX/round_3/10_bessy2hi_56m_PGM_2Perc_coupling_errors_on_FLUX.rml
2025-01-17 15:07:11,864 - INFO - Completed: 15, remaining: 45, RAYPy_Simulation_bessy2hi_56m_PGM_2Perc_coupling_errors_on_FLUX/round_3/11_bessy2hi_56m_PGM_2Perc_coupling_errors_on_FLUX.rml
2025-01-17 15:07:12,288 - INFO - Completed: 16, remaining: 44, RAYPy_Simulation_bessy2hi_56m_PGM_2Perc_coupling_errors_on_FLUX/round_3/12_bessy2hi_56m_PGM_2Perc_coupling_errors_on_FLUX.rml
2025-01-17 15:07:12,737 - INFO - Completed: 17, remaining: 43, RAYPy_Simulation_bessy2hi_56m_PGM_2Perc_coupling_errors_on_FLUX/round_3/13_bessy2hi_56m_PGM_2Perc_coupling_errors_on_FLUX.rml
2025-01-17 15:07:13,758 - INFO - Completed: 18, remaining: 42, RAYPy_Simulation_bessy2hi_56m_PGM_2Perc_coupling_errors_on_FLUX/round_3/14_bessy2hi_56m_PGM_2Perc_coupling_errors_on_FLUX.rml
2025-01-17 15:07:17,418 - INFO - Completed: 19, remaining: 41, RAYPy_Simulation_bessy2hi_56m_PGM_2Perc_coupling_errors_on_FLUX/round_3/16_bessy2hi_56m_PGM_2Perc_coupling_errors_on_FLUX.rml
2025-01-17 15:07:17,972 - INFO - Completed: 20, remaining: 40, RAYPy_Simulation_bessy2hi_56m_PGM_2Perc_coupling_errors_on_FLUX/round_3/17_bessy2hi_56m_PGM_2Perc_coupling_errors_on_FLUX.rml
2025-01-17 15:07:18,480 - INFO - Completed: 21, remaining: 39, RAYPy_Simulation_bessy2hi_56m_PGM_2Perc_coupling_errors_on_FLUX/round_3/20_bessy2hi_56m_PGM_2Perc_coupling_errors_on_FLUX.rml
2025-01-17 15:07:19,082 - INFO - Completed: 22, remaining: 38, RAYPy_Simulation_bessy2hi_56m_PGM_2Perc_coupling_errors_on_FLUX/round_3/15_bessy2hi_56m_PGM_2Perc_coupling_errors_on_FLUX.rml
2025-01-17 15:07:19,280 - INFO - Completed: 23, remaining: 37, RAYPy_Simulation_bessy2hi_56m_PGM_2Perc_coupling_errors_on_FLUX/round_3/19_bessy2hi_56m_PGM_2Perc_coupling_errors_on_FLUX.rml
2025-01-17 15:07:19,316 - INFO - Completed: 24, remaining: 36, RAYPy_Simulation_bessy2hi_56m_PGM_2Perc_coupling_errors_on_FLUX/round_3/18_bessy2hi_56m_PGM_2Perc_coupling_errors_on_FLUX.rml
2025-01-17 15:07:28,592 - INFO - Completed: 25, remaining: 35, RAYPy_Simulation_bessy2hi_56m_PGM_2Perc_coupling_errors_on_FLUX/round_4/1_bessy2hi_56m_PGM_2Perc_coupling_errors_on_FLUX.rml
2025-01-17 15:07:28,695 - INFO - Completed: 26, remaining: 34, RAYPy_Simulation_bessy2hi_56m_PGM_2Perc_coupling_errors_on_FLUX/round_4/0_bessy2hi_56m_PGM_2Perc_coupling_errors_on_FLUX.rml
2025-01-17 15:07:30,807 - INFO - Completed: 27, remaining: 33, RAYPy_Simulation_bessy2hi_56m_PGM_2Perc_coupling_errors_on_FLUX/round_4/2_bessy2hi_56m_PGM_2Perc_coupling_errors_on_FLUX.rml
2025-01-17 15:07:31,130 - INFO - Completed: 28, remaining: 32, RAYPy_Simulation_bessy2hi_56m_PGM_2Perc_coupling_errors_on_FLUX/round_4/3_bessy2hi_56m_PGM_2Perc_coupling_errors_on_FLUX.rml
2025-01-17 15:07:31,995 - INFO - Completed: 29, remaining: 31, RAYPy_Simulation_bessy2hi_56m_PGM_2Perc_coupling_errors_on_FLUX/round_4/4_bessy2hi_56m_PGM_2Perc_coupling_errors_on_FLUX.rml
2025-01-17 15:07:32,851 - INFO - Completed: 30, remaining: 30, RAYPy_Simulation_bessy2hi_56m_PGM_2Perc_coupling_errors_on_FLUX/round_4/5_bessy2hi_56m_PGM_2Perc_coupling_errors_on_FLUX.rml
2025-01-17 15:07:37,929 - INFO - Completed: 31, remaining: 29, RAYPy_Simulation_bessy2hi_56m_PGM_2Perc_coupling_errors_on_FLUX/round_4/6_bessy2hi_56m_PGM_2Perc_coupling_errors_on_FLUX.rml
2025-01-17 15:07:38,780 - INFO - Completed: 32, remaining: 28, RAYPy_Simulation_bessy2hi_56m_PGM_2Perc_coupling_errors_on_FLUX/round_4/7_bessy2hi_56m_PGM_2Perc_coupling_errors_on_FLUX.rml
2025-01-17 15:07:39,391 - INFO - Completed: 33, remaining: 27, RAYPy_Simulation_bessy2hi_56m_PGM_2Perc_coupling_errors_on_FLUX/round_4/8_bessy2hi_56m_PGM_2Perc_coupling_errors_on_FLUX.rml
2025-01-17 15:07:40,126 - INFO - Completed: 34, remaining: 26, RAYPy_Simulation_bessy2hi_56m_PGM_2Perc_coupling_errors_on_FLUX/round_4/9_bessy2hi_56m_PGM_2Perc_coupling_errors_on_FLUX.rml
2025-01-17 15:07:40,495 - INFO - Completed: 35, remaining: 25, RAYPy_Simulation_bessy2hi_56m_PGM_2Perc_coupling_errors_on_FLUX/round_4/10_bessy2hi_56m_PGM_2Perc_coupling_errors_on_FLUX.rml
2025-01-17 15:07:40,928 - INFO - Completed: 36, remaining: 24, RAYPy_Simulation_bessy2hi_56m_PGM_2Perc_coupling_errors_on_FLUX/round_4/11_bessy2hi_56m_PGM_2Perc_coupling_errors_on_FLUX.rml
2025-01-17 15:07:48,901 - INFO - Completed: 37, remaining: 23, RAYPy_Simulation_bessy2hi_56m_PGM_2Perc_coupling_errors_on_FLUX/round_4/13_bessy2hi_56m_PGM_2Perc_coupling_errors_on_FLUX.rml
2025-01-17 15:07:49,358 - INFO - Completed: 38, remaining: 22, RAYPy_Simulation_bessy2hi_56m_PGM_2Perc_coupling_errors_on_FLUX/round_4/12_bessy2hi_56m_PGM_2Perc_coupling_errors_on_FLUX.rml
2025-01-17 15:07:52,241 - INFO - Completed: 39, remaining: 21, RAYPy_Simulation_bessy2hi_56m_PGM_2Perc_coupling_errors_on_FLUX/round_4/14_bessy2hi_56m_PGM_2Perc_coupling_errors_on_FLUX.rml
2025-01-17 15:07:52,306 - INFO - Completed: 40, remaining: 20, RAYPy_Simulation_bessy2hi_56m_PGM_2Perc_coupling_errors_on_FLUX/round_4/15_bessy2hi_56m_PGM_2Perc_coupling_errors_on_FLUX.rml
2025-01-17 15:07:53,322 - INFO - Completed: 41, remaining: 19, RAYPy_Simulation_bessy2hi_56m_PGM_2Perc_coupling_errors_on_FLUX/round_4/16_bessy2hi_56m_PGM_2Perc_coupling_errors_on_FLUX.rml
2025-01-17 15:07:54,527 - INFO - Completed: 42, remaining: 18, RAYPy_Simulation_bessy2hi_56m_PGM_2Perc_coupling_errors_on_FLUX/round_4/17_bessy2hi_56m_PGM_2Perc_coupling_errors_on_FLUX.rml
2025-01-17 15:07:58,218 - INFO - Completed: 43, remaining: 17, RAYPy_Simulation_bessy2hi_56m_PGM_2Perc_coupling_errors_on_FLUX/round_4/18_bessy2hi_56m_PGM_2Perc_coupling_errors_on_FLUX.rml
2025-01-17 15:07:58,988 - INFO - Completed: 44, remaining: 16, RAYPy_Simulation_bessy2hi_56m_PGM_2Perc_coupling_errors_on_FLUX/round_4/19_bessy2hi_56m_PGM_2Perc_coupling_errors_on_FLUX.rml
2025-01-17 15:07:59,113 - INFO - Completed: 45, remaining: 15, RAYPy_Simulation_bessy2hi_56m_PGM_2Perc_coupling_errors_on_FLUX/round_4/20_bessy2hi_56m_PGM_2Perc_coupling_errors_on_FLUX.rml
2025-01-17 15:08:00,120 - INFO - Completed: 46, remaining: 14, RAYPy_Simulation_bessy2hi_56m_PGM_2Perc_coupling_errors_on_FLUX/round_5/1_bessy2hi_56m_PGM_2Perc_coupling_errors_on_FLUX.rml
2025-01-17 15:08:00,186 - INFO - Completed: 47, remaining: 13, RAYPy_Simulation_bessy2hi_56m_PGM_2Perc_coupling_errors_on_FLUX/round_5/0_bessy2hi_56m_PGM_2Perc_coupling_errors_on_FLUX.rml
2025-01-17 15:08:00,631 - INFO - Completed: 48, remaining: 12, RAYPy_Simulation_bessy2hi_56m_PGM_2Perc_coupling_errors_on_FLUX/round_5/2_bessy2hi_56m_PGM_2Perc_coupling_errors_on_FLUX.rml
2025-01-17 15:08:08,335 - INFO - Completed: 49, remaining: 11, RAYPy_Simulation_bessy2hi_56m_PGM_2Perc_coupling_errors_on_FLUX/round_5/3_bessy2hi_56m_PGM_2Perc_coupling_errors_on_FLUX.rml
2025-01-17 15:08:08,591 - INFO - Completed: 50, remaining: 10, RAYPy_Simulation_bessy2hi_56m_PGM_2Perc_coupling_errors_on_FLUX/round_5/4_bessy2hi_56m_PGM_2Perc_coupling_errors_on_FLUX.rml
2025-01-17 15:08:11,299 - INFO - Completed: 51, remaining: 9, RAYPy_Simulation_bessy2hi_56m_PGM_2Perc_coupling_errors_on_FLUX/round_5/5_bessy2hi_56m_PGM_2Perc_coupling_errors_on_FLUX.rml
2025-01-17 15:08:11,410 - INFO - Completed: 52, remaining: 8, RAYPy_Simulation_bessy2hi_56m_PGM_2Perc_coupling_errors_on_FLUX/round_5/6_bessy2hi_56m_PGM_2Perc_coupling_errors_on_FLUX.rml
2025-01-17 15:08:12,051 - INFO - Completed: 53, remaining: 7, RAYPy_Simulation_bessy2hi_56m_PGM_2Perc_coupling_errors_on_FLUX/round_5/7_bessy2hi_56m_PGM_2Perc_coupling_errors_on_FLUX.rml
2025-01-17 15:08:12,656 - INFO - Completed: 54, remaining: 6, RAYPy_Simulation_bessy2hi_56m_PGM_2Perc_coupling_errors_on_FLUX/round_5/8_bessy2hi_56m_PGM_2Perc_coupling_errors_on_FLUX.rml
2025-01-17 15:08:14,716 - INFO - Completed: 55, remaining: 5, RAYPy_Simulation_bessy2hi_56m_PGM_2Perc_coupling_errors_on_FLUX/round_5/9_bessy2hi_56m_PGM_2Perc_coupling_errors_on_FLUX.rml
2025-01-17 15:08:15,263 - INFO - Completed: 56, remaining: 4, RAYPy_Simulation_bessy2hi_56m_PGM_2Perc_coupling_errors_on_FLUX/round_5/10_bessy2hi_56m_PGM_2Perc_coupling_errors_on_FLUX.rml
2025-01-17 15:08:15,320 - INFO - Completed: 57, remaining: 3, RAYPy_Simulation_bessy2hi_56m_PGM_2Perc_coupling_errors_on_FLUX/round_5/11_bessy2hi_56m_PGM_2Perc_coupling_errors_on_FLUX.rml
2025-01-17 15:08:15,716 - INFO - Completed: 58, remaining: 2, RAYPy_Simulation_bessy2hi_56m_PGM_2Perc_coupling_errors_on_FLUX/round_5/13_bessy2hi_56m_PGM_2Perc_coupling_errors_on_FLUX.rml
2025-01-17 15:08:15,754 - INFO - Completed: 59, remaining: 1, RAYPy_Simulation_bessy2hi_56m_PGM_2Perc_coupling_errors_on_FLUX/round_5/14_bessy2hi_56m_PGM_2Perc_coupling_errors_on_FLUX.rml
2025-01-17 15:08:15,867 - INFO - Completed: 60, remaining: 0, RAYPy_Simulation_bessy2hi_56m_PGM_2Perc_coupling_errors_on_FLUX/round_5/12_bessy2hi_56m_PGM_2Perc_coupling_errors_on_FLUX.rml
2025-01-17 15:08:15,867 - INFO - Batch Completed
2025-01-17 15:08:15,867 - INFO - Waiting For batch, 60 simulations to go
2025-01-17 15:08:15,873 - INFO - Prepared sim number: 15: RAYPy_Simulation_bessy2hi_56m_PGM_2Perc_coupling_errors_on_FLUX/round_5/15_bessy2hi_56m_PGM_2Perc_coupling_errors_on_FLUX.rml
2025-01-17 15:08:15,879 - INFO - Prepared sim number: 16: RAYPy_Simulation_bessy2hi_56m_PGM_2Perc_coupling_errors_on_FLUX/round_5/16_bessy2hi_56m_PGM_2Perc_coupling_errors_on_FLUX.rml
2025-01-17 15:08:15,888 - INFO - Prepared sim number: 17: RAYPy_Simulation_bessy2hi_56m_PGM_2Perc_coupling_errors_on_FLUX/round_5/17_bessy2hi_56m_PGM_2Perc_coupling_errors_on_FLUX.rml
2025-01-17 15:08:15,894 - INFO - Prepared sim number: 18: RAYPy_Simulation_bessy2hi_56m_PGM_2Perc_coupling_errors_on_FLUX/round_5/18_bessy2hi_56m_PGM_2Perc_coupling_errors_on_FLUX.rml
2025-01-17 15:08:15,907 - INFO - Prepared sim number: 19: RAYPy_Simulation_bessy2hi_56m_PGM_2Perc_coupling_errors_on_FLUX/round_5/19_bessy2hi_56m_PGM_2Perc_coupling_errors_on_FLUX.rml
2025-01-17 15:08:15,914 - INFO - Prepared sim number: 20: RAYPy_Simulation_bessy2hi_56m_PGM_2Perc_coupling_errors_on_FLUX/round_5/20_bessy2hi_56m_PGM_2Perc_coupling_errors_on_FLUX.rml
2025-01-17 15:08:15,914 - INFO - Start round 6
2025-01-17 15:08:15,920 - INFO - Prepared sim number: 0: RAYPy_Simulation_bessy2hi_56m_PGM_2Perc_coupling_errors_on_FLUX/round_6/0_bessy2hi_56m_PGM_2Perc_coupling_errors_on_FLUX.rml
2025-01-17 15:08:15,926 - INFO - Prepared sim number: 1: RAYPy_Simulation_bessy2hi_56m_PGM_2Perc_coupling_errors_on_FLUX/round_6/1_bessy2hi_56m_PGM_2Perc_coupling_errors_on_FLUX.rml
2025-01-17 15:08:15,932 - INFO - Prepared sim number: 2: RAYPy_Simulation_bessy2hi_56m_PGM_2Perc_coupling_errors_on_FLUX/round_6/2_bessy2hi_56m_PGM_2Perc_coupling_errors_on_FLUX.rml
2025-01-17 15:08:15,938 - INFO - Prepared sim number: 3: RAYPy_Simulation_bessy2hi_56m_PGM_2Perc_coupling_errors_on_FLUX/round_6/3_bessy2hi_56m_PGM_2Perc_coupling_errors_on_FLUX.rml
2025-01-17 15:08:15,943 - INFO - Prepared sim number: 4: RAYPy_Simulation_bessy2hi_56m_PGM_2Perc_coupling_errors_on_FLUX/round_6/4_bessy2hi_56m_PGM_2Perc_coupling_errors_on_FLUX.rml
2025-01-17 15:08:15,948 - INFO - Prepared sim number: 5: RAYPy_Simulation_bessy2hi_56m_PGM_2Perc_coupling_errors_on_FLUX/round_6/5_bessy2hi_56m_PGM_2Perc_coupling_errors_on_FLUX.rml
2025-01-17 15:08:15,953 - INFO - Prepared sim number: 6: RAYPy_Simulation_bessy2hi_56m_PGM_2Perc_coupling_errors_on_FLUX/round_6/6_bessy2hi_56m_PGM_2Perc_coupling_errors_on_FLUX.rml
2025-01-17 15:08:15,958 - INFO - Prepared sim number: 7: RAYPy_Simulation_bessy2hi_56m_PGM_2Perc_coupling_errors_on_FLUX/round_6/7_bessy2hi_56m_PGM_2Perc_coupling_errors_on_FLUX.rml
2025-01-17 15:08:15,962 - INFO - Prepared sim number: 8: RAYPy_Simulation_bessy2hi_56m_PGM_2Perc_coupling_errors_on_FLUX/round_6/8_bessy2hi_56m_PGM_2Perc_coupling_errors_on_FLUX.rml
2025-01-17 15:08:15,967 - INFO - Prepared sim number: 9: RAYPy_Simulation_bessy2hi_56m_PGM_2Perc_coupling_errors_on_FLUX/round_6/9_bessy2hi_56m_PGM_2Perc_coupling_errors_on_FLUX.rml
2025-01-17 15:08:15,973 - INFO - Prepared sim number: 10: RAYPy_Simulation_bessy2hi_56m_PGM_2Perc_coupling_errors_on_FLUX/round_6/10_bessy2hi_56m_PGM_2Perc_coupling_errors_on_FLUX.rml
2025-01-17 15:08:15,978 - INFO - Prepared sim number: 11: RAYPy_Simulation_bessy2hi_56m_PGM_2Perc_coupling_errors_on_FLUX/round_6/11_bessy2hi_56m_PGM_2Perc_coupling_errors_on_FLUX.rml
2025-01-17 15:08:15,983 - INFO - Prepared sim number: 12: RAYPy_Simulation_bessy2hi_56m_PGM_2Perc_coupling_errors_on_FLUX/round_6/12_bessy2hi_56m_PGM_2Perc_coupling_errors_on_FLUX.rml
2025-01-17 15:08:15,989 - INFO - Prepared sim number: 13: RAYPy_Simulation_bessy2hi_56m_PGM_2Perc_coupling_errors_on_FLUX/round_6/13_bessy2hi_56m_PGM_2Perc_coupling_errors_on_FLUX.rml
2025-01-17 15:08:15,996 - INFO - Prepared sim number: 14: RAYPy_Simulation_bessy2hi_56m_PGM_2Perc_coupling_errors_on_FLUX/round_6/14_bessy2hi_56m_PGM_2Perc_coupling_errors_on_FLUX.rml
2025-01-17 15:08:16,001 - INFO - Prepared sim number: 15: RAYPy_Simulation_bessy2hi_56m_PGM_2Perc_coupling_errors_on_FLUX/round_6/15_bessy2hi_56m_PGM_2Perc_coupling_errors_on_FLUX.rml
2025-01-17 15:08:16,006 - INFO - Prepared sim number: 16: RAYPy_Simulation_bessy2hi_56m_PGM_2Perc_coupling_errors_on_FLUX/round_6/16_bessy2hi_56m_PGM_2Perc_coupling_errors_on_FLUX.rml
2025-01-17 15:08:16,010 - INFO - Prepared sim number: 17: RAYPy_Simulation_bessy2hi_56m_PGM_2Perc_coupling_errors_on_FLUX/round_6/17_bessy2hi_56m_PGM_2Perc_coupling_errors_on_FLUX.rml
2025-01-17 15:08:16,016 - INFO - Prepared sim number: 18: RAYPy_Simulation_bessy2hi_56m_PGM_2Perc_coupling_errors_on_FLUX/round_6/18_bessy2hi_56m_PGM_2Perc_coupling_errors_on_FLUX.rml
2025-01-17 15:08:16,021 - INFO - Prepared sim number: 19: RAYPy_Simulation_bessy2hi_56m_PGM_2Perc_coupling_errors_on_FLUX/round_6/19_bessy2hi_56m_PGM_2Perc_coupling_errors_on_FLUX.rml
2025-01-17 15:08:16,027 - INFO - Prepared sim number: 20: RAYPy_Simulation_bessy2hi_56m_PGM_2Perc_coupling_errors_on_FLUX/round_6/20_bessy2hi_56m_PGM_2Perc_coupling_errors_on_FLUX.rml
2025-01-17 15:08:16,027 - INFO - Start round 7
2025-01-17 15:08:16,031 - INFO - Prepared sim number: 0: RAYPy_Simulation_bessy2hi_56m_PGM_2Perc_coupling_errors_on_FLUX/round_7/0_bessy2hi_56m_PGM_2Perc_coupling_errors_on_FLUX.rml
2025-01-17 15:08:16,035 - INFO - Prepared sim number: 1: RAYPy_Simulation_bessy2hi_56m_PGM_2Perc_coupling_errors_on_FLUX/round_7/1_bessy2hi_56m_PGM_2Perc_coupling_errors_on_FLUX.rml
2025-01-17 15:08:16,040 - INFO - Prepared sim number: 2: RAYPy_Simulation_bessy2hi_56m_PGM_2Perc_coupling_errors_on_FLUX/round_7/2_bessy2hi_56m_PGM_2Perc_coupling_errors_on_FLUX.rml
2025-01-17 15:08:16,044 - INFO - Prepared sim number: 3: RAYPy_Simulation_bessy2hi_56m_PGM_2Perc_coupling_errors_on_FLUX/round_7/3_bessy2hi_56m_PGM_2Perc_coupling_errors_on_FLUX.rml
2025-01-17 15:08:16,048 - INFO - Prepared sim number: 4: RAYPy_Simulation_bessy2hi_56m_PGM_2Perc_coupling_errors_on_FLUX/round_7/4_bessy2hi_56m_PGM_2Perc_coupling_errors_on_FLUX.rml
2025-01-17 15:08:16,052 - INFO - Prepared sim number: 5: RAYPy_Simulation_bessy2hi_56m_PGM_2Perc_coupling_errors_on_FLUX/round_7/5_bessy2hi_56m_PGM_2Perc_coupling_errors_on_FLUX.rml
2025-01-17 15:08:16,057 - INFO - Prepared sim number: 6: RAYPy_Simulation_bessy2hi_56m_PGM_2Perc_coupling_errors_on_FLUX/round_7/6_bessy2hi_56m_PGM_2Perc_coupling_errors_on_FLUX.rml
2025-01-17 15:08:16,061 - INFO - Prepared sim number: 7: RAYPy_Simulation_bessy2hi_56m_PGM_2Perc_coupling_errors_on_FLUX/round_7/7_bessy2hi_56m_PGM_2Perc_coupling_errors_on_FLUX.rml
2025-01-17 15:08:16,067 - INFO - Prepared sim number: 8: RAYPy_Simulation_bessy2hi_56m_PGM_2Perc_coupling_errors_on_FLUX/round_7/8_bessy2hi_56m_PGM_2Perc_coupling_errors_on_FLUX.rml
2025-01-17 15:08:16,073 - INFO - Prepared sim number: 9: RAYPy_Simulation_bessy2hi_56m_PGM_2Perc_coupling_errors_on_FLUX/round_7/9_bessy2hi_56m_PGM_2Perc_coupling_errors_on_FLUX.rml
2025-01-17 15:08:16,078 - INFO - Prepared sim number: 10: RAYPy_Simulation_bessy2hi_56m_PGM_2Perc_coupling_errors_on_FLUX/round_7/10_bessy2hi_56m_PGM_2Perc_coupling_errors_on_FLUX.rml
2025-01-17 15:08:16,083 - INFO - Prepared sim number: 11: RAYPy_Simulation_bessy2hi_56m_PGM_2Perc_coupling_errors_on_FLUX/round_7/11_bessy2hi_56m_PGM_2Perc_coupling_errors_on_FLUX.rml
2025-01-17 15:08:16,087 - INFO - Prepared sim number: 12: RAYPy_Simulation_bessy2hi_56m_PGM_2Perc_coupling_errors_on_FLUX/round_7/12_bessy2hi_56m_PGM_2Perc_coupling_errors_on_FLUX.rml
2025-01-17 15:08:16,091 - INFO - Prepared sim number: 13: RAYPy_Simulation_bessy2hi_56m_PGM_2Perc_coupling_errors_on_FLUX/round_7/13_bessy2hi_56m_PGM_2Perc_coupling_errors_on_FLUX.rml
2025-01-17 15:08:16,095 - INFO - Prepared sim number: 14: RAYPy_Simulation_bessy2hi_56m_PGM_2Perc_coupling_errors_on_FLUX/round_7/14_bessy2hi_56m_PGM_2Perc_coupling_errors_on_FLUX.rml
2025-01-17 15:08:16,101 - INFO - Prepared sim number: 15: RAYPy_Simulation_bessy2hi_56m_PGM_2Perc_coupling_errors_on_FLUX/round_7/15_bessy2hi_56m_PGM_2Perc_coupling_errors_on_FLUX.rml
2025-01-17 15:08:16,106 - INFO - Prepared sim number: 16: RAYPy_Simulation_bessy2hi_56m_PGM_2Perc_coupling_errors_on_FLUX/round_7/16_bessy2hi_56m_PGM_2Perc_coupling_errors_on_FLUX.rml
2025-01-17 15:08:16,110 - INFO - Prepared sim number: 17: RAYPy_Simulation_bessy2hi_56m_PGM_2Perc_coupling_errors_on_FLUX/round_7/17_bessy2hi_56m_PGM_2Perc_coupling_errors_on_FLUX.rml
2025-01-17 15:08:16,115 - INFO - Prepared sim number: 18: RAYPy_Simulation_bessy2hi_56m_PGM_2Perc_coupling_errors_on_FLUX/round_7/18_bessy2hi_56m_PGM_2Perc_coupling_errors_on_FLUX.rml
2025-01-17 15:08:16,119 - INFO - Prepared sim number: 19: RAYPy_Simulation_bessy2hi_56m_PGM_2Perc_coupling_errors_on_FLUX/round_7/19_bessy2hi_56m_PGM_2Perc_coupling_errors_on_FLUX.rml
2025-01-17 15:08:16,124 - INFO - Prepared sim number: 20: RAYPy_Simulation_bessy2hi_56m_PGM_2Perc_coupling_errors_on_FLUX/round_7/20_bessy2hi_56m_PGM_2Perc_coupling_errors_on_FLUX.rml
2025-01-17 15:08:16,124 - INFO - Start round 8
2025-01-17 15:08:16,128 - INFO - Prepared sim number: 0: RAYPy_Simulation_bessy2hi_56m_PGM_2Perc_coupling_errors_on_FLUX/round_8/0_bessy2hi_56m_PGM_2Perc_coupling_errors_on_FLUX.rml
2025-01-17 15:08:16,133 - INFO - Prepared sim number: 1: RAYPy_Simulation_bessy2hi_56m_PGM_2Perc_coupling_errors_on_FLUX/round_8/1_bessy2hi_56m_PGM_2Perc_coupling_errors_on_FLUX.rml
2025-01-17 15:08:16,138 - INFO - Prepared sim number: 2: RAYPy_Simulation_bessy2hi_56m_PGM_2Perc_coupling_errors_on_FLUX/round_8/2_bessy2hi_56m_PGM_2Perc_coupling_errors_on_FLUX.rml
2025-01-17 15:08:16,142 - INFO - Prepared sim number: 3: RAYPy_Simulation_bessy2hi_56m_PGM_2Perc_coupling_errors_on_FLUX/round_8/3_bessy2hi_56m_PGM_2Perc_coupling_errors_on_FLUX.rml
2025-01-17 15:08:16,146 - INFO - Prepared sim number: 4: RAYPy_Simulation_bessy2hi_56m_PGM_2Perc_coupling_errors_on_FLUX/round_8/4_bessy2hi_56m_PGM_2Perc_coupling_errors_on_FLUX.rml
2025-01-17 15:08:16,151 - INFO - Prepared sim number: 5: RAYPy_Simulation_bessy2hi_56m_PGM_2Perc_coupling_errors_on_FLUX/round_8/5_bessy2hi_56m_PGM_2Perc_coupling_errors_on_FLUX.rml
2025-01-17 15:08:16,155 - INFO - Prepared sim number: 6: RAYPy_Simulation_bessy2hi_56m_PGM_2Perc_coupling_errors_on_FLUX/round_8/6_bessy2hi_56m_PGM_2Perc_coupling_errors_on_FLUX.rml
2025-01-17 15:08:16,159 - INFO - Prepared sim number: 7: RAYPy_Simulation_bessy2hi_56m_PGM_2Perc_coupling_errors_on_FLUX/round_8/7_bessy2hi_56m_PGM_2Perc_coupling_errors_on_FLUX.rml
2025-01-17 15:08:16,163 - INFO - Prepared sim number: 8: RAYPy_Simulation_bessy2hi_56m_PGM_2Perc_coupling_errors_on_FLUX/round_8/8_bessy2hi_56m_PGM_2Perc_coupling_errors_on_FLUX.rml
2025-01-17 15:08:16,168 - INFO - Prepared sim number: 9: RAYPy_Simulation_bessy2hi_56m_PGM_2Perc_coupling_errors_on_FLUX/round_8/9_bessy2hi_56m_PGM_2Perc_coupling_errors_on_FLUX.rml
2025-01-17 15:08:16,172 - INFO - Prepared sim number: 10: RAYPy_Simulation_bessy2hi_56m_PGM_2Perc_coupling_errors_on_FLUX/round_8/10_bessy2hi_56m_PGM_2Perc_coupling_errors_on_FLUX.rml
2025-01-17 15:08:16,176 - INFO - Prepared sim number: 11: RAYPy_Simulation_bessy2hi_56m_PGM_2Perc_coupling_errors_on_FLUX/round_8/11_bessy2hi_56m_PGM_2Perc_coupling_errors_on_FLUX.rml
2025-01-17 15:08:16,176 - INFO - Waiting for batch number: 2, timeout: 119.15900135594745s
2025-01-17 15:08:32,146 - INFO - Completed: 1, remaining: 59, RAYPy_Simulation_bessy2hi_56m_PGM_2Perc_coupling_errors_on_FLUX/round_5/20_bessy2hi_56m_PGM_2Perc_coupling_errors_on_FLUX.rml
2025-01-17 15:08:33,818 - INFO - Completed: 2, remaining: 58, RAYPy_Simulation_bessy2hi_56m_PGM_2Perc_coupling_errors_on_FLUX/round_6/4_bessy2hi_56m_PGM_2Perc_coupling_errors_on_FLUX.rml
2025-01-17 15:08:34,092 - INFO - Completed: 3, remaining: 57, RAYPy_Simulation_bessy2hi_56m_PGM_2Perc_coupling_errors_on_FLUX/round_6/5_bessy2hi_56m_PGM_2Perc_coupling_errors_on_FLUX.rml
2025-01-17 15:08:34,514 - INFO - Completed: 4, remaining: 56, RAYPy_Simulation_bessy2hi_56m_PGM_2Perc_coupling_errors_on_FLUX/round_6/2_bessy2hi_56m_PGM_2Perc_coupling_errors_on_FLUX.rml
2025-01-17 15:08:34,640 - INFO - Completed: 5, remaining: 55, RAYPy_Simulation_bessy2hi_56m_PGM_2Perc_coupling_errors_on_FLUX/round_5/16_bessy2hi_56m_PGM_2Perc_coupling_errors_on_FLUX.rml
2025-01-17 15:08:34,733 - INFO - Completed: 6, remaining: 54, RAYPy_Simulation_bessy2hi_56m_PGM_2Perc_coupling_errors_on_FLUX/round_6/1_bessy2hi_56m_PGM_2Perc_coupling_errors_on_FLUX.rml
2025-01-17 15:08:36,964 - INFO - Completed: 7, remaining: 53, RAYPy_Simulation_bessy2hi_56m_PGM_2Perc_coupling_errors_on_FLUX/round_5/19_bessy2hi_56m_PGM_2Perc_coupling_errors_on_FLUX.rml
2025-01-17 15:08:37,092 - INFO - Completed: 8, remaining: 52, RAYPy_Simulation_bessy2hi_56m_PGM_2Perc_coupling_errors_on_FLUX/round_6/3_bessy2hi_56m_PGM_2Perc_coupling_errors_on_FLUX.rml
2025-01-17 15:08:37,173 - INFO - Completed: 9, remaining: 51, RAYPy_Simulation_bessy2hi_56m_PGM_2Perc_coupling_errors_on_FLUX/round_5/18_bessy2hi_56m_PGM_2Perc_coupling_errors_on_FLUX.rml
2025-01-17 15:08:37,339 - INFO - Completed: 10, remaining: 50, RAYPy_Simulation_bessy2hi_56m_PGM_2Perc_coupling_errors_on_FLUX/round_6/0_bessy2hi_56m_PGM_2Perc_coupling_errors_on_FLUX.rml
2025-01-17 15:08:37,462 - INFO - Completed: 11, remaining: 49, RAYPy_Simulation_bessy2hi_56m_PGM_2Perc_coupling_errors_on_FLUX/round_5/15_bessy2hi_56m_PGM_2Perc_coupling_errors_on_FLUX.rml
2025-01-17 15:08:37,523 - INFO - Completed: 12, remaining: 48, RAYPy_Simulation_bessy2hi_56m_PGM_2Perc_coupling_errors_on_FLUX/round_5/17_bessy2hi_56m_PGM_2Perc_coupling_errors_on_FLUX.rml
2025-01-17 15:08:47,453 - INFO - Completed: 13, remaining: 47, RAYPy_Simulation_bessy2hi_56m_PGM_2Perc_coupling_errors_on_FLUX/round_6/6_bessy2hi_56m_PGM_2Perc_coupling_errors_on_FLUX.rml
2025-01-17 15:08:50,741 - INFO - Completed: 14, remaining: 46, RAYPy_Simulation_bessy2hi_56m_PGM_2Perc_coupling_errors_on_FLUX/round_6/7_bessy2hi_56m_PGM_2Perc_coupling_errors_on_FLUX.rml
2025-01-17 15:08:51,660 - INFO - Completed: 15, remaining: 45, RAYPy_Simulation_bessy2hi_56m_PGM_2Perc_coupling_errors_on_FLUX/round_6/8_bessy2hi_56m_PGM_2Perc_coupling_errors_on_FLUX.rml
2025-01-17 15:08:52,901 - INFO - Completed: 16, remaining: 44, RAYPy_Simulation_bessy2hi_56m_PGM_2Perc_coupling_errors_on_FLUX/round_6/9_bessy2hi_56m_PGM_2Perc_coupling_errors_on_FLUX.rml
2025-01-17 15:08:53,023 - INFO - Completed: 17, remaining: 43, RAYPy_Simulation_bessy2hi_56m_PGM_2Perc_coupling_errors_on_FLUX/round_6/10_bessy2hi_56m_PGM_2Perc_coupling_errors_on_FLUX.rml
2025-01-17 15:08:53,588 - INFO - Completed: 18, remaining: 42, RAYPy_Simulation_bessy2hi_56m_PGM_2Perc_coupling_errors_on_FLUX/round_6/11_bessy2hi_56m_PGM_2Perc_coupling_errors_on_FLUX.rml
2025-01-17 15:08:56,494 - INFO - Completed: 19, remaining: 41, RAYPy_Simulation_bessy2hi_56m_PGM_2Perc_coupling_errors_on_FLUX/round_6/13_bessy2hi_56m_PGM_2Perc_coupling_errors_on_FLUX.rml
2025-01-17 15:08:56,505 - INFO - Completed: 20, remaining: 40, RAYPy_Simulation_bessy2hi_56m_PGM_2Perc_coupling_errors_on_FLUX/round_6/14_bessy2hi_56m_PGM_2Perc_coupling_errors_on_FLUX.rml
2025-01-17 15:08:56,681 - INFO - Completed: 21, remaining: 39, RAYPy_Simulation_bessy2hi_56m_PGM_2Perc_coupling_errors_on_FLUX/round_6/15_bessy2hi_56m_PGM_2Perc_coupling_errors_on_FLUX.rml
2025-01-17 15:08:56,904 - INFO - Completed: 22, remaining: 38, RAYPy_Simulation_bessy2hi_56m_PGM_2Perc_coupling_errors_on_FLUX/round_6/16_bessy2hi_56m_PGM_2Perc_coupling_errors_on_FLUX.rml
2025-01-17 15:08:56,945 - INFO - Completed: 23, remaining: 37, RAYPy_Simulation_bessy2hi_56m_PGM_2Perc_coupling_errors_on_FLUX/round_6/12_bessy2hi_56m_PGM_2Perc_coupling_errors_on_FLUX.rml
2025-01-17 15:08:58,637 - INFO - Completed: 24, remaining: 36, RAYPy_Simulation_bessy2hi_56m_PGM_2Perc_coupling_errors_on_FLUX/round_6/17_bessy2hi_56m_PGM_2Perc_coupling_errors_on_FLUX.rml
2025-01-17 15:09:05,167 - INFO - Completed: 25, remaining: 35, RAYPy_Simulation_bessy2hi_56m_PGM_2Perc_coupling_errors_on_FLUX/round_6/18_bessy2hi_56m_PGM_2Perc_coupling_errors_on_FLUX.rml
2025-01-17 15:09:08,906 - INFO - Completed: 26, remaining: 34, RAYPy_Simulation_bessy2hi_56m_PGM_2Perc_coupling_errors_on_FLUX/round_6/19_bessy2hi_56m_PGM_2Perc_coupling_errors_on_FLUX.rml
2025-01-17 15:09:10,145 - INFO - Completed: 27, remaining: 33, RAYPy_Simulation_bessy2hi_56m_PGM_2Perc_coupling_errors_on_FLUX/round_6/20_bessy2hi_56m_PGM_2Perc_coupling_errors_on_FLUX.rml
2025-01-17 15:09:11,198 - INFO - Completed: 28, remaining: 32, RAYPy_Simulation_bessy2hi_56m_PGM_2Perc_coupling_errors_on_FLUX/round_7/1_bessy2hi_56m_PGM_2Perc_coupling_errors_on_FLUX.rml
2025-01-17 15:09:11,514 - INFO - Completed: 29, remaining: 31, RAYPy_Simulation_bessy2hi_56m_PGM_2Perc_coupling_errors_on_FLUX/round_7/0_bessy2hi_56m_PGM_2Perc_coupling_errors_on_FLUX.rml
2025-01-17 15:09:11,760 - INFO - Completed: 30, remaining: 30, RAYPy_Simulation_bessy2hi_56m_PGM_2Perc_coupling_errors_on_FLUX/round_7/2_bessy2hi_56m_PGM_2Perc_coupling_errors_on_FLUX.rml
2025-01-17 15:09:15,539 - INFO - Completed: 31, remaining: 29, RAYPy_Simulation_bessy2hi_56m_PGM_2Perc_coupling_errors_on_FLUX/round_7/3_bessy2hi_56m_PGM_2Perc_coupling_errors_on_FLUX.rml
2025-01-17 15:09:15,883 - INFO - Completed: 32, remaining: 28, RAYPy_Simulation_bessy2hi_56m_PGM_2Perc_coupling_errors_on_FLUX/round_7/7_bessy2hi_56m_PGM_2Perc_coupling_errors_on_FLUX.rml
2025-01-17 15:09:15,902 - INFO - Completed: 33, remaining: 27, RAYPy_Simulation_bessy2hi_56m_PGM_2Perc_coupling_errors_on_FLUX/round_7/5_bessy2hi_56m_PGM_2Perc_coupling_errors_on_FLUX.rml
2025-01-17 15:09:16,071 - INFO - Completed: 34, remaining: 26, RAYPy_Simulation_bessy2hi_56m_PGM_2Perc_coupling_errors_on_FLUX/round_7/4_bessy2hi_56m_PGM_2Perc_coupling_errors_on_FLUX.rml
2025-01-17 15:09:16,686 - INFO - Completed: 35, remaining: 25, RAYPy_Simulation_bessy2hi_56m_PGM_2Perc_coupling_errors_on_FLUX/round_7/6_bessy2hi_56m_PGM_2Perc_coupling_errors_on_FLUX.rml
2025-01-17 15:09:18,026 - INFO - Completed: 36, remaining: 24, RAYPy_Simulation_bessy2hi_56m_PGM_2Perc_coupling_errors_on_FLUX/round_7/8_bessy2hi_56m_PGM_2Perc_coupling_errors_on_FLUX.rml
2025-01-17 15:09:25,901 - INFO - Completed: 37, remaining: 23, RAYPy_Simulation_bessy2hi_56m_PGM_2Perc_coupling_errors_on_FLUX/round_7/9_bessy2hi_56m_PGM_2Perc_coupling_errors_on_FLUX.rml
2025-01-17 15:09:27,790 - INFO - Completed: 38, remaining: 22, RAYPy_Simulation_bessy2hi_56m_PGM_2Perc_coupling_errors_on_FLUX/round_7/10_bessy2hi_56m_PGM_2Perc_coupling_errors_on_FLUX.rml
2025-01-17 15:09:28,974 - INFO - Completed: 39, remaining: 21, RAYPy_Simulation_bessy2hi_56m_PGM_2Perc_coupling_errors_on_FLUX/round_7/11_bessy2hi_56m_PGM_2Perc_coupling_errors_on_FLUX.rml
2025-01-17 15:09:29,884 - INFO - Completed: 40, remaining: 20, RAYPy_Simulation_bessy2hi_56m_PGM_2Perc_coupling_errors_on_FLUX/round_7/12_bessy2hi_56m_PGM_2Perc_coupling_errors_on_FLUX.rml
2025-01-17 15:09:30,853 - INFO - Completed: 41, remaining: 19, RAYPy_Simulation_bessy2hi_56m_PGM_2Perc_coupling_errors_on_FLUX/round_7/13_bessy2hi_56m_PGM_2Perc_coupling_errors_on_FLUX.rml
2025-01-17 15:09:31,001 - INFO - Completed: 42, remaining: 18, RAYPy_Simulation_bessy2hi_56m_PGM_2Perc_coupling_errors_on_FLUX/round_7/14_bessy2hi_56m_PGM_2Perc_coupling_errors_on_FLUX.rml
2025-01-17 15:09:35,619 - INFO - Completed: 43, remaining: 17, RAYPy_Simulation_bessy2hi_56m_PGM_2Perc_coupling_errors_on_FLUX/round_7/17_bessy2hi_56m_PGM_2Perc_coupling_errors_on_FLUX.rml
2025-01-17 15:09:35,752 - INFO - Completed: 44, remaining: 16, RAYPy_Simulation_bessy2hi_56m_PGM_2Perc_coupling_errors_on_FLUX/round_7/18_bessy2hi_56m_PGM_2Perc_coupling_errors_on_FLUX.rml
2025-01-17 15:09:35,850 - INFO - Completed: 45, remaining: 15, RAYPy_Simulation_bessy2hi_56m_PGM_2Perc_coupling_errors_on_FLUX/round_7/16_bessy2hi_56m_PGM_2Perc_coupling_errors_on_FLUX.rml
2025-01-17 15:09:36,277 - INFO - Completed: 46, remaining: 14, RAYPy_Simulation_bessy2hi_56m_PGM_2Perc_coupling_errors_on_FLUX/round_7/20_bessy2hi_56m_PGM_2Perc_coupling_errors_on_FLUX.rml
2025-01-17 15:09:36,454 - INFO - Completed: 47, remaining: 13, RAYPy_Simulation_bessy2hi_56m_PGM_2Perc_coupling_errors_on_FLUX/round_7/19_bessy2hi_56m_PGM_2Perc_coupling_errors_on_FLUX.rml
2025-01-17 15:09:37,317 - INFO - Completed: 48, remaining: 12, RAYPy_Simulation_bessy2hi_56m_PGM_2Perc_coupling_errors_on_FLUX/round_7/15_bessy2hi_56m_PGM_2Perc_coupling_errors_on_FLUX.rml
2025-01-17 15:09:43,747 - INFO - Completed: 49, remaining: 11, RAYPy_Simulation_bessy2hi_56m_PGM_2Perc_coupling_errors_on_FLUX/round_8/0_bessy2hi_56m_PGM_2Perc_coupling_errors_on_FLUX.rml
2025-01-17 15:09:45,251 - INFO - Completed: 50, remaining: 10, RAYPy_Simulation_bessy2hi_56m_PGM_2Perc_coupling_errors_on_FLUX/round_8/1_bessy2hi_56m_PGM_2Perc_coupling_errors_on_FLUX.rml
2025-01-17 15:09:46,776 - INFO - Completed: 51, remaining: 9, RAYPy_Simulation_bessy2hi_56m_PGM_2Perc_coupling_errors_on_FLUX/round_8/2_bessy2hi_56m_PGM_2Perc_coupling_errors_on_FLUX.rml
2025-01-17 15:09:47,164 - INFO - Completed: 52, remaining: 8, RAYPy_Simulation_bessy2hi_56m_PGM_2Perc_coupling_errors_on_FLUX/round_8/3_bessy2hi_56m_PGM_2Perc_coupling_errors_on_FLUX.rml
2025-01-17 15:09:47,448 - INFO - Completed: 53, remaining: 7, RAYPy_Simulation_bessy2hi_56m_PGM_2Perc_coupling_errors_on_FLUX/round_8/4_bessy2hi_56m_PGM_2Perc_coupling_errors_on_FLUX.rml
2025-01-17 15:09:47,591 - INFO - Completed: 54, remaining: 6, RAYPy_Simulation_bessy2hi_56m_PGM_2Perc_coupling_errors_on_FLUX/round_8/5_bessy2hi_56m_PGM_2Perc_coupling_errors_on_FLUX.rml
2025-01-17 15:09:50,649 - INFO - Completed: 55, remaining: 5, RAYPy_Simulation_bessy2hi_56m_PGM_2Perc_coupling_errors_on_FLUX/round_8/6_bessy2hi_56m_PGM_2Perc_coupling_errors_on_FLUX.rml
2025-01-17 15:09:50,890 - INFO - Completed: 56, remaining: 4, RAYPy_Simulation_bessy2hi_56m_PGM_2Perc_coupling_errors_on_FLUX/round_8/8_bessy2hi_56m_PGM_2Perc_coupling_errors_on_FLUX.rml
2025-01-17 15:09:51,144 - INFO - Completed: 57, remaining: 3, RAYPy_Simulation_bessy2hi_56m_PGM_2Perc_coupling_errors_on_FLUX/round_8/10_bessy2hi_56m_PGM_2Perc_coupling_errors_on_FLUX.rml
2025-01-17 15:09:51,268 - INFO - Completed: 58, remaining: 2, RAYPy_Simulation_bessy2hi_56m_PGM_2Perc_coupling_errors_on_FLUX/round_8/9_bessy2hi_56m_PGM_2Perc_coupling_errors_on_FLUX.rml
2025-01-17 15:09:51,447 - INFO - Completed: 59, remaining: 1, RAYPy_Simulation_bessy2hi_56m_PGM_2Perc_coupling_errors_on_FLUX/round_8/7_bessy2hi_56m_PGM_2Perc_coupling_errors_on_FLUX.rml
2025-01-17 15:09:51,522 - INFO - Completed: 60, remaining: 0, RAYPy_Simulation_bessy2hi_56m_PGM_2Perc_coupling_errors_on_FLUX/round_8/11_bessy2hi_56m_PGM_2Perc_coupling_errors_on_FLUX.rml
2025-01-17 15:09:51,522 - INFO - Batch Completed
2025-01-17 15:09:51,523 - INFO - Waiting For batch, 60 simulations to go
2025-01-17 15:09:51,529 - INFO - Prepared sim number: 12: RAYPy_Simulation_bessy2hi_56m_PGM_2Perc_coupling_errors_on_FLUX/round_8/12_bessy2hi_56m_PGM_2Perc_coupling_errors_on_FLUX.rml
2025-01-17 15:09:51,537 - INFO - Prepared sim number: 13: RAYPy_Simulation_bessy2hi_56m_PGM_2Perc_coupling_errors_on_FLUX/round_8/13_bessy2hi_56m_PGM_2Perc_coupling_errors_on_FLUX.rml
2025-01-17 15:09:51,544 - INFO - Prepared sim number: 14: RAYPy_Simulation_bessy2hi_56m_PGM_2Perc_coupling_errors_on_FLUX/round_8/14_bessy2hi_56m_PGM_2Perc_coupling_errors_on_FLUX.rml
2025-01-17 15:09:51,552 - INFO - Prepared sim number: 15: RAYPy_Simulation_bessy2hi_56m_PGM_2Perc_coupling_errors_on_FLUX/round_8/15_bessy2hi_56m_PGM_2Perc_coupling_errors_on_FLUX.rml
2025-01-17 15:09:51,558 - INFO - Prepared sim number: 16: RAYPy_Simulation_bessy2hi_56m_PGM_2Perc_coupling_errors_on_FLUX/round_8/16_bessy2hi_56m_PGM_2Perc_coupling_errors_on_FLUX.rml
2025-01-17 15:09:51,563 - INFO - Prepared sim number: 17: RAYPy_Simulation_bessy2hi_56m_PGM_2Perc_coupling_errors_on_FLUX/round_8/17_bessy2hi_56m_PGM_2Perc_coupling_errors_on_FLUX.rml
2025-01-17 15:09:51,570 - INFO - Prepared sim number: 18: RAYPy_Simulation_bessy2hi_56m_PGM_2Perc_coupling_errors_on_FLUX/round_8/18_bessy2hi_56m_PGM_2Perc_coupling_errors_on_FLUX.rml
2025-01-17 15:09:51,577 - INFO - Prepared sim number: 19: RAYPy_Simulation_bessy2hi_56m_PGM_2Perc_coupling_errors_on_FLUX/round_8/19_bessy2hi_56m_PGM_2Perc_coupling_errors_on_FLUX.rml
2025-01-17 15:09:51,584 - INFO - Prepared sim number: 20: RAYPy_Simulation_bessy2hi_56m_PGM_2Perc_coupling_errors_on_FLUX/round_8/20_bessy2hi_56m_PGM_2Perc_coupling_errors_on_FLUX.rml
2025-01-17 15:09:51,585 - INFO - Start round 9
2025-01-17 15:09:51,590 - INFO - Prepared sim number: 0: RAYPy_Simulation_bessy2hi_56m_PGM_2Perc_coupling_errors_on_FLUX/round_9/0_bessy2hi_56m_PGM_2Perc_coupling_errors_on_FLUX.rml
2025-01-17 15:09:51,595 - INFO - Prepared sim number: 1: RAYPy_Simulation_bessy2hi_56m_PGM_2Perc_coupling_errors_on_FLUX/round_9/1_bessy2hi_56m_PGM_2Perc_coupling_errors_on_FLUX.rml
2025-01-17 15:09:51,599 - INFO - Prepared sim number: 2: RAYPy_Simulation_bessy2hi_56m_PGM_2Perc_coupling_errors_on_FLUX/round_9/2_bessy2hi_56m_PGM_2Perc_coupling_errors_on_FLUX.rml
2025-01-17 15:09:51,606 - INFO - Prepared sim number: 3: RAYPy_Simulation_bessy2hi_56m_PGM_2Perc_coupling_errors_on_FLUX/round_9/3_bessy2hi_56m_PGM_2Perc_coupling_errors_on_FLUX.rml
2025-01-17 15:09:51,611 - INFO - Prepared sim number: 4: RAYPy_Simulation_bessy2hi_56m_PGM_2Perc_coupling_errors_on_FLUX/round_9/4_bessy2hi_56m_PGM_2Perc_coupling_errors_on_FLUX.rml
2025-01-17 15:09:51,615 - INFO - Prepared sim number: 5: RAYPy_Simulation_bessy2hi_56m_PGM_2Perc_coupling_errors_on_FLUX/round_9/5_bessy2hi_56m_PGM_2Perc_coupling_errors_on_FLUX.rml
2025-01-17 15:09:51,620 - INFO - Prepared sim number: 6: RAYPy_Simulation_bessy2hi_56m_PGM_2Perc_coupling_errors_on_FLUX/round_9/6_bessy2hi_56m_PGM_2Perc_coupling_errors_on_FLUX.rml
2025-01-17 15:09:51,625 - INFO - Prepared sim number: 7: RAYPy_Simulation_bessy2hi_56m_PGM_2Perc_coupling_errors_on_FLUX/round_9/7_bessy2hi_56m_PGM_2Perc_coupling_errors_on_FLUX.rml
2025-01-17 15:09:51,631 - INFO - Prepared sim number: 8: RAYPy_Simulation_bessy2hi_56m_PGM_2Perc_coupling_errors_on_FLUX/round_9/8_bessy2hi_56m_PGM_2Perc_coupling_errors_on_FLUX.rml
2025-01-17 15:09:51,635 - INFO - Prepared sim number: 9: RAYPy_Simulation_bessy2hi_56m_PGM_2Perc_coupling_errors_on_FLUX/round_9/9_bessy2hi_56m_PGM_2Perc_coupling_errors_on_FLUX.rml
2025-01-17 15:09:51,640 - INFO - Prepared sim number: 10: RAYPy_Simulation_bessy2hi_56m_PGM_2Perc_coupling_errors_on_FLUX/round_9/10_bessy2hi_56m_PGM_2Perc_coupling_errors_on_FLUX.rml
2025-01-17 15:09:51,644 - INFO - Prepared sim number: 11: RAYPy_Simulation_bessy2hi_56m_PGM_2Perc_coupling_errors_on_FLUX/round_9/11_bessy2hi_56m_PGM_2Perc_coupling_errors_on_FLUX.rml
2025-01-17 15:09:51,648 - INFO - Prepared sim number: 12: RAYPy_Simulation_bessy2hi_56m_PGM_2Perc_coupling_errors_on_FLUX/round_9/12_bessy2hi_56m_PGM_2Perc_coupling_errors_on_FLUX.rml
2025-01-17 15:09:51,652 - INFO - Prepared sim number: 13: RAYPy_Simulation_bessy2hi_56m_PGM_2Perc_coupling_errors_on_FLUX/round_9/13_bessy2hi_56m_PGM_2Perc_coupling_errors_on_FLUX.rml
2025-01-17 15:09:51,658 - INFO - Prepared sim number: 14: RAYPy_Simulation_bessy2hi_56m_PGM_2Perc_coupling_errors_on_FLUX/round_9/14_bessy2hi_56m_PGM_2Perc_coupling_errors_on_FLUX.rml
2025-01-17 15:09:51,664 - INFO - Prepared sim number: 15: RAYPy_Simulation_bessy2hi_56m_PGM_2Perc_coupling_errors_on_FLUX/round_9/15_bessy2hi_56m_PGM_2Perc_coupling_errors_on_FLUX.rml
2025-01-17 15:09:51,669 - INFO - Prepared sim number: 16: RAYPy_Simulation_bessy2hi_56m_PGM_2Perc_coupling_errors_on_FLUX/round_9/16_bessy2hi_56m_PGM_2Perc_coupling_errors_on_FLUX.rml
2025-01-17 15:09:51,673 - INFO - Prepared sim number: 17: RAYPy_Simulation_bessy2hi_56m_PGM_2Perc_coupling_errors_on_FLUX/round_9/17_bessy2hi_56m_PGM_2Perc_coupling_errors_on_FLUX.rml
2025-01-17 15:09:51,677 - INFO - Prepared sim number: 18: RAYPy_Simulation_bessy2hi_56m_PGM_2Perc_coupling_errors_on_FLUX/round_9/18_bessy2hi_56m_PGM_2Perc_coupling_errors_on_FLUX.rml
2025-01-17 15:09:51,682 - INFO - Prepared sim number: 19: RAYPy_Simulation_bessy2hi_56m_PGM_2Perc_coupling_errors_on_FLUX/round_9/19_bessy2hi_56m_PGM_2Perc_coupling_errors_on_FLUX.rml
2025-01-17 15:09:51,688 - INFO - Prepared sim number: 20: RAYPy_Simulation_bessy2hi_56m_PGM_2Perc_coupling_errors_on_FLUX/round_9/20_bessy2hi_56m_PGM_2Perc_coupling_errors_on_FLUX.rml
2025-01-17 15:09:51,688 - INFO - Waiting for batch number: 3, timeout: 115.83698679323064s
2025-01-17 15:10:10,314 - INFO - Completed: 1, remaining: 59, RAYPy_Simulation_bessy2hi_56m_PGM_2Perc_coupling_errors_on_FLUX/round_8/20_bessy2hi_56m_PGM_2Perc_coupling_errors_on_FLUX.rml
2025-01-17 15:10:11,621 - INFO - Completed: 2, remaining: 58, RAYPy_Simulation_bessy2hi_56m_PGM_2Perc_coupling_errors_on_FLUX/round_8/19_bessy2hi_56m_PGM_2Perc_coupling_errors_on_FLUX.rml
2025-01-17 15:10:11,737 - INFO - Completed: 3, remaining: 57, RAYPy_Simulation_bessy2hi_56m_PGM_2Perc_coupling_errors_on_FLUX/round_9/1_bessy2hi_56m_PGM_2Perc_coupling_errors_on_FLUX.rml
2025-01-17 15:10:11,840 - INFO - Completed: 4, remaining: 56, RAYPy_Simulation_bessy2hi_56m_PGM_2Perc_coupling_errors_on_FLUX/round_9/2_bessy2hi_56m_PGM_2Perc_coupling_errors_on_FLUX.rml
2025-01-17 15:10:12,277 - INFO - Completed: 5, remaining: 55, RAYPy_Simulation_bessy2hi_56m_PGM_2Perc_coupling_errors_on_FLUX/round_8/18_bessy2hi_56m_PGM_2Perc_coupling_errors_on_FLUX.rml
2025-01-17 15:10:12,539 - INFO - Completed: 6, remaining: 54, RAYPy_Simulation_bessy2hi_56m_PGM_2Perc_coupling_errors_on_FLUX/round_9/0_bessy2hi_56m_PGM_2Perc_coupling_errors_on_FLUX.rml
2025-01-17 15:10:12,600 - INFO - Completed: 7, remaining: 53, RAYPy_Simulation_bessy2hi_56m_PGM_2Perc_coupling_errors_on_FLUX/round_8/15_bessy2hi_56m_PGM_2Perc_coupling_errors_on_FLUX.rml
2025-01-17 15:10:12,802 - INFO - Completed: 8, remaining: 52, RAYPy_Simulation_bessy2hi_56m_PGM_2Perc_coupling_errors_on_FLUX/round_8/12_bessy2hi_56m_PGM_2Perc_coupling_errors_on_FLUX.rml
2025-01-17 15:10:12,831 - INFO - Completed: 9, remaining: 51, RAYPy_Simulation_bessy2hi_56m_PGM_2Perc_coupling_errors_on_FLUX/round_8/17_bessy2hi_56m_PGM_2Perc_coupling_errors_on_FLUX.rml
2025-01-17 15:10:12,850 - INFO - Completed: 10, remaining: 50, RAYPy_Simulation_bessy2hi_56m_PGM_2Perc_coupling_errors_on_FLUX/round_8/14_bessy2hi_56m_PGM_2Perc_coupling_errors_on_FLUX.rml
2025-01-17 15:10:12,902 - INFO - Completed: 11, remaining: 49, RAYPy_Simulation_bessy2hi_56m_PGM_2Perc_coupling_errors_on_FLUX/round_8/16_bessy2hi_56m_PGM_2Perc_coupling_errors_on_FLUX.rml
2025-01-17 15:10:13,711 - INFO - Completed: 12, remaining: 48, RAYPy_Simulation_bessy2hi_56m_PGM_2Perc_coupling_errors_on_FLUX/round_8/13_bessy2hi_56m_PGM_2Perc_coupling_errors_on_FLUX.rml
2025-01-17 15:10:26,863 - INFO - Completed: 13, remaining: 47, RAYPy_Simulation_bessy2hi_56m_PGM_2Perc_coupling_errors_on_FLUX/round_9/3_bessy2hi_56m_PGM_2Perc_coupling_errors_on_FLUX.rml
2025-01-17 15:10:30,153 - INFO - Completed: 14, remaining: 46, RAYPy_Simulation_bessy2hi_56m_PGM_2Perc_coupling_errors_on_FLUX/round_9/4_bessy2hi_56m_PGM_2Perc_coupling_errors_on_FLUX.rml
2025-01-17 15:10:30,327 - INFO - Completed: 15, remaining: 45, RAYPy_Simulation_bessy2hi_56m_PGM_2Perc_coupling_errors_on_FLUX/round_9/5_bessy2hi_56m_PGM_2Perc_coupling_errors_on_FLUX.rml
2025-01-17 15:10:31,296 - INFO - Completed: 16, remaining: 44, RAYPy_Simulation_bessy2hi_56m_PGM_2Perc_coupling_errors_on_FLUX/round_9/6_bessy2hi_56m_PGM_2Perc_coupling_errors_on_FLUX.rml
2025-01-17 15:10:31,880 - INFO - Completed: 17, remaining: 43, RAYPy_Simulation_bessy2hi_56m_PGM_2Perc_coupling_errors_on_FLUX/round_9/7_bessy2hi_56m_PGM_2Perc_coupling_errors_on_FLUX.rml
2025-01-17 15:10:32,129 - INFO - Completed: 18, remaining: 42, RAYPy_Simulation_bessy2hi_56m_PGM_2Perc_coupling_errors_on_FLUX/round_9/8_bessy2hi_56m_PGM_2Perc_coupling_errors_on_FLUX.rml
2025-01-17 15:10:32,345 - INFO - Completed: 19, remaining: 41, RAYPy_Simulation_bessy2hi_56m_PGM_2Perc_coupling_errors_on_FLUX/round_9/9_bessy2hi_56m_PGM_2Perc_coupling_errors_on_FLUX.rml
2025-01-17 15:10:32,449 - INFO - Completed: 20, remaining: 40, RAYPy_Simulation_bessy2hi_56m_PGM_2Perc_coupling_errors_on_FLUX/round_9/10_bessy2hi_56m_PGM_2Perc_coupling_errors_on_FLUX.rml
2025-01-17 15:10:32,567 - INFO - Completed: 21, remaining: 39, RAYPy_Simulation_bessy2hi_56m_PGM_2Perc_coupling_errors_on_FLUX/round_9/12_bessy2hi_56m_PGM_2Perc_coupling_errors_on_FLUX.rml
2025-01-17 15:10:32,802 - INFO - Completed: 22, remaining: 38, RAYPy_Simulation_bessy2hi_56m_PGM_2Perc_coupling_errors_on_FLUX/round_9/13_bessy2hi_56m_PGM_2Perc_coupling_errors_on_FLUX.rml
2025-01-17 15:10:32,847 - INFO - Completed: 23, remaining: 37, RAYPy_Simulation_bessy2hi_56m_PGM_2Perc_coupling_errors_on_FLUX/round_9/11_bessy2hi_56m_PGM_2Perc_coupling_errors_on_FLUX.rml
2025-01-17 15:10:33,828 - INFO - Completed: 24, remaining: 36, RAYPy_Simulation_bessy2hi_56m_PGM_2Perc_coupling_errors_on_FLUX/round_9/14_bessy2hi_56m_PGM_2Perc_coupling_errors_on_FLUX.rml
2025-01-17 15:10:38,053 - INFO - Completed: 25, remaining: 35, RAYPy_Simulation_bessy2hi_56m_PGM_2Perc_coupling_errors_on_FLUX/round_9/15_bessy2hi_56m_PGM_2Perc_coupling_errors_on_FLUX.rml
2025-01-17 15:10:41,015 - INFO - Completed: 26, remaining: 34, RAYPy_Simulation_bessy2hi_56m_PGM_2Perc_coupling_errors_on_FLUX/round_9/17_bessy2hi_56m_PGM_2Perc_coupling_errors_on_FLUX.rml
2025-01-17 15:10:41,106 - INFO - Completed: 27, remaining: 33, RAYPy_Simulation_bessy2hi_56m_PGM_2Perc_coupling_errors_on_FLUX/round_9/16_bessy2hi_56m_PGM_2Perc_coupling_errors_on_FLUX.rml
2025-01-17 15:10:41,672 - INFO - Completed: 28, remaining: 32, RAYPy_Simulation_bessy2hi_56m_PGM_2Perc_coupling_errors_on_FLUX/round_9/18_bessy2hi_56m_PGM_2Perc_coupling_errors_on_FLUX.rml
2025-01-17 15:10:41,859 - INFO - Completed: 29, remaining: 31, RAYPy_Simulation_bessy2hi_56m_PGM_2Perc_coupling_errors_on_FLUX/round_9/20_bessy2hi_56m_PGM_2Perc_coupling_errors_on_FLUX.rml
2025-01-17 15:10:41,876 - INFO - Completed: 30, remaining: 30, RAYPy_Simulation_bessy2hi_56m_PGM_2Perc_coupling_errors_on_FLUX/round_9/19_bessy2hi_56m_PGM_2Perc_coupling_errors_on_FLUX.rml
2025-01-17 15:10:41,876 - INFO - Batch Completed
2025-01-17 15:10:41,877 - INFO - Waiting For batch, 60 simulations to go
2025-01-17 15:10:41,877 - INFO - Remaning Simulations 0, stop the simulations loop
2025-01-17 15:10:41,877 - INFO - Checking that all simulations are completed before stopping the ProcessPoolExecutor
2025-01-17 15:10:42,104 - INFO - Executor shutdown completed.
2025-01-17 15:10:42,136 - INFO - Simulation completed successfully.
2025-01-17 15:10:42,137 - INFO - Starting cleanup
2025-01-17 15:10:43,687 - INFO - Done with the cleanup
2025-01-17 15:10:43,687 - INFO - Create Pandas Recap Files
2025-01-17 15:10:43,725 - INFO - End of the Simulations
