2024-07-05 15:06:31,985 - INFO - Simulation started, using 10 workers
2024-07-05 15:06:31,993 - INFO - Start round 0
2024-07-05 15:06:32,018 - INFO - Prepared sim number: 0: RAYPy_Simulation_Bessy2_HiBeta_short_FLUX/round_0/0_Bessy2_HiBeta_short_FLUX.rml
2024-07-05 15:06:32,083 - INFO - Prepared sim number: 1: RAYPy_Simulation_Bessy2_HiBeta_short_FLUX/round_0/1_Bessy2_HiBeta_short_FLUX.rml
2024-07-05 15:06:32,109 - INFO - Prepared sim number: 2: RAYPy_Simulation_Bessy2_HiBeta_short_FLUX/round_0/2_Bessy2_HiBeta_short_FLUX.rml
2024-07-05 15:06:32,128 - INFO - Prepared sim number: 3: RAYPy_Simulation_Bessy2_HiBeta_short_FLUX/round_0/3_Bessy2_HiBeta_short_FLUX.rml
2024-07-05 15:06:32,140 - INFO - Prepared sim number: 4: RAYPy_Simulation_Bessy2_HiBeta_short_FLUX/round_0/4_Bessy2_HiBeta_short_FLUX.rml
2024-07-05 15:06:32,154 - INFO - Prepared sim number: 5: RAYPy_Simulation_Bessy2_HiBeta_short_FLUX/round_0/5_Bessy2_HiBeta_short_FLUX.rml
2024-07-05 15:06:32,165 - INFO - Prepared sim number: 6: RAYPy_Simulation_Bessy2_HiBeta_short_FLUX/round_0/6_Bessy2_HiBeta_short_FLUX.rml
2024-07-05 15:06:32,177 - INFO - Prepared sim number: 7: RAYPy_Simulation_Bessy2_HiBeta_short_FLUX/round_0/7_Bessy2_HiBeta_short_FLUX.rml
2024-07-05 15:06:32,188 - INFO - Prepared sim number: 8: RAYPy_Simulation_Bessy2_HiBeta_short_FLUX/round_0/8_Bessy2_HiBeta_short_FLUX.rml
2024-07-05 15:06:32,195 - INFO - Prepared sim number: 9: RAYPy_Simulation_Bessy2_HiBeta_short_FLUX/round_0/9_Bessy2_HiBeta_short_FLUX.rml
2024-07-05 15:06:32,203 - INFO - Prepared sim number: 10: RAYPy_Simulation_Bessy2_HiBeta_short_FLUX/round_0/10_Bessy2_HiBeta_short_FLUX.rml
2024-07-05 15:06:32,211 - INFO - Prepared sim number: 11: RAYPy_Simulation_Bessy2_HiBeta_short_FLUX/round_0/11_Bessy2_HiBeta_short_FLUX.rml
2024-07-05 15:06:32,221 - INFO - Prepared sim number: 12: RAYPy_Simulation_Bessy2_HiBeta_short_FLUX/round_0/12_Bessy2_HiBeta_short_FLUX.rml
2024-07-05 15:06:32,232 - INFO - Prepared sim number: 13: RAYPy_Simulation_Bessy2_HiBeta_short_FLUX/round_0/13_Bessy2_HiBeta_short_FLUX.rml
2024-07-05 15:06:32,242 - INFO - Prepared sim number: 14: RAYPy_Simulation_Bessy2_HiBeta_short_FLUX/round_0/14_Bessy2_HiBeta_short_FLUX.rml
2024-07-05 15:06:32,256 - INFO - Prepared sim number: 15: RAYPy_Simulation_Bessy2_HiBeta_short_FLUX/round_0/15_Bessy2_HiBeta_short_FLUX.rml
2024-07-05 15:06:32,267 - INFO - Prepared sim number: 16: RAYPy_Simulation_Bessy2_HiBeta_short_FLUX/round_0/16_Bessy2_HiBeta_short_FLUX.rml
2024-07-05 15:06:32,279 - INFO - Prepared sim number: 17: RAYPy_Simulation_Bessy2_HiBeta_short_FLUX/round_0/17_Bessy2_HiBeta_short_FLUX.rml
2024-07-05 15:06:32,289 - INFO - Prepared sim number: 18: RAYPy_Simulation_Bessy2_HiBeta_short_FLUX/round_0/18_Bessy2_HiBeta_short_FLUX.rml
2024-07-05 15:06:32,299 - INFO - Prepared sim number: 19: RAYPy_Simulation_Bessy2_HiBeta_short_FLUX/round_0/19_Bessy2_HiBeta_short_FLUX.rml
2024-07-05 15:06:32,310 - INFO - Prepared sim number: 20: RAYPy_Simulation_Bessy2_HiBeta_short_FLUX/round_0/20_Bessy2_HiBeta_short_FLUX.rml
2024-07-05 15:06:32,318 - INFO - Prepared sim number: 21: RAYPy_Simulation_Bessy2_HiBeta_short_FLUX/round_0/21_Bessy2_HiBeta_short_FLUX.rml
2024-07-05 15:06:32,325 - INFO - Prepared sim number: 22: RAYPy_Simulation_Bessy2_HiBeta_short_FLUX/round_0/22_Bessy2_HiBeta_short_FLUX.rml
2024-07-05 15:06:32,337 - INFO - Prepared sim number: 23: RAYPy_Simulation_Bessy2_HiBeta_short_FLUX/round_0/23_Bessy2_HiBeta_short_FLUX.rml
2024-07-05 15:06:32,349 - INFO - Prepared sim number: 24: RAYPy_Simulation_Bessy2_HiBeta_short_FLUX/round_0/24_Bessy2_HiBeta_short_FLUX.rml
2024-07-05 15:06:32,358 - INFO - Prepared sim number: 25: RAYPy_Simulation_Bessy2_HiBeta_short_FLUX/round_0/25_Bessy2_HiBeta_short_FLUX.rml
2024-07-05 15:06:32,366 - INFO - Prepared sim number: 26: RAYPy_Simulation_Bessy2_HiBeta_short_FLUX/round_0/26_Bessy2_HiBeta_short_FLUX.rml
2024-07-05 15:06:32,373 - INFO - Prepared sim number: 27: RAYPy_Simulation_Bessy2_HiBeta_short_FLUX/round_0/27_Bessy2_HiBeta_short_FLUX.rml
2024-07-05 15:06:32,381 - INFO - Prepared sim number: 28: RAYPy_Simulation_Bessy2_HiBeta_short_FLUX/round_0/28_Bessy2_HiBeta_short_FLUX.rml
2024-07-05 15:06:32,388 - INFO - Prepared sim number: 29: RAYPy_Simulation_Bessy2_HiBeta_short_FLUX/round_0/29_Bessy2_HiBeta_short_FLUX.rml
2024-07-05 15:06:32,396 - INFO - Prepared sim number: 30: RAYPy_Simulation_Bessy2_HiBeta_short_FLUX/round_0/30_Bessy2_HiBeta_short_FLUX.rml
2024-07-05 15:06:32,404 - INFO - Prepared sim number: 31: RAYPy_Simulation_Bessy2_HiBeta_short_FLUX/round_0/31_Bessy2_HiBeta_short_FLUX.rml
2024-07-05 15:06:32,411 - INFO - Prepared sim number: 32: RAYPy_Simulation_Bessy2_HiBeta_short_FLUX/round_0/32_Bessy2_HiBeta_short_FLUX.rml
2024-07-05 15:06:32,419 - INFO - Prepared sim number: 33: RAYPy_Simulation_Bessy2_HiBeta_short_FLUX/round_0/33_Bessy2_HiBeta_short_FLUX.rml
2024-07-05 15:06:32,427 - INFO - Prepared sim number: 34: RAYPy_Simulation_Bessy2_HiBeta_short_FLUX/round_0/34_Bessy2_HiBeta_short_FLUX.rml
2024-07-05 15:06:32,435 - INFO - Prepared sim number: 35: RAYPy_Simulation_Bessy2_HiBeta_short_FLUX/round_0/35_Bessy2_HiBeta_short_FLUX.rml
2024-07-05 15:06:32,443 - INFO - Prepared sim number: 36: RAYPy_Simulation_Bessy2_HiBeta_short_FLUX/round_0/36_Bessy2_HiBeta_short_FLUX.rml
2024-07-05 15:06:32,452 - INFO - Prepared sim number: 37: RAYPy_Simulation_Bessy2_HiBeta_short_FLUX/round_0/37_Bessy2_HiBeta_short_FLUX.rml
2024-07-05 15:06:32,460 - INFO - Prepared sim number: 38: RAYPy_Simulation_Bessy2_HiBeta_short_FLUX/round_0/38_Bessy2_HiBeta_short_FLUX.rml
2024-07-05 15:06:32,469 - INFO - Prepared sim number: 39: RAYPy_Simulation_Bessy2_HiBeta_short_FLUX/round_0/39_Bessy2_HiBeta_short_FLUX.rml
2024-07-05 15:06:32,476 - INFO - Prepared sim number: 40: RAYPy_Simulation_Bessy2_HiBeta_short_FLUX/round_0/40_Bessy2_HiBeta_short_FLUX.rml
2024-07-05 15:06:32,484 - INFO - Prepared sim number: 41: RAYPy_Simulation_Bessy2_HiBeta_short_FLUX/round_0/41_Bessy2_HiBeta_short_FLUX.rml
2024-07-05 15:06:32,494 - INFO - Prepared sim number: 42: RAYPy_Simulation_Bessy2_HiBeta_short_FLUX/round_0/42_Bessy2_HiBeta_short_FLUX.rml
2024-07-05 15:06:32,503 - INFO - Prepared sim number: 43: RAYPy_Simulation_Bessy2_HiBeta_short_FLUX/round_0/43_Bessy2_HiBeta_short_FLUX.rml
2024-07-05 15:06:32,513 - INFO - Prepared sim number: 44: RAYPy_Simulation_Bessy2_HiBeta_short_FLUX/round_0/44_Bessy2_HiBeta_short_FLUX.rml
2024-07-05 15:06:32,521 - INFO - Prepared sim number: 45: RAYPy_Simulation_Bessy2_HiBeta_short_FLUX/round_0/45_Bessy2_HiBeta_short_FLUX.rml
2024-07-05 15:06:32,530 - INFO - Prepared sim number: 46: RAYPy_Simulation_Bessy2_HiBeta_short_FLUX/round_0/46_Bessy2_HiBeta_short_FLUX.rml
2024-07-05 15:06:32,541 - INFO - Prepared sim number: 47: RAYPy_Simulation_Bessy2_HiBeta_short_FLUX/round_0/47_Bessy2_HiBeta_short_FLUX.rml
2024-07-05 15:06:32,552 - INFO - Prepared sim number: 48: RAYPy_Simulation_Bessy2_HiBeta_short_FLUX/round_0/48_Bessy2_HiBeta_short_FLUX.rml
2024-07-05 15:06:32,560 - INFO - Prepared sim number: 49: RAYPy_Simulation_Bessy2_HiBeta_short_FLUX/round_0/49_Bessy2_HiBeta_short_FLUX.rml
2024-07-05 15:06:32,591 - INFO - Waiting for batch number: 0, timeout: 60s
2024-07-05 15:06:37,377 - INFO - Completed: 1, remaining: 49, RAYPy_Simulation_Bessy2_HiBeta_short_FLUX/round_0/2_Bessy2_HiBeta_short_FLUX.rml
2024-07-05 15:06:37,426 - INFO - Completed: 2, remaining: 48, RAYPy_Simulation_Bessy2_HiBeta_short_FLUX/round_0/4_Bessy2_HiBeta_short_FLUX.rml
2024-07-05 15:06:37,453 - INFO - Completed: 3, remaining: 47, RAYPy_Simulation_Bessy2_HiBeta_short_FLUX/round_0/8_Bessy2_HiBeta_short_FLUX.rml
2024-07-05 15:06:37,587 - INFO - Completed: 4, remaining: 46, RAYPy_Simulation_Bessy2_HiBeta_short_FLUX/round_0/6_Bessy2_HiBeta_short_FLUX.rml
2024-07-05 15:06:37,808 - INFO - Completed: 5, remaining: 45, RAYPy_Simulation_Bessy2_HiBeta_short_FLUX/round_0/7_Bessy2_HiBeta_short_FLUX.rml
2024-07-05 15:06:38,362 - INFO - Completed: 6, remaining: 44, RAYPy_Simulation_Bessy2_HiBeta_short_FLUX/round_0/3_Bessy2_HiBeta_short_FLUX.rml
2024-07-05 15:06:40,736 - INFO - Completed: 7, remaining: 43, RAYPy_Simulation_Bessy2_HiBeta_short_FLUX/round_0/5_Bessy2_HiBeta_short_FLUX.rml
2024-07-05 15:06:41,099 - INFO - Completed: 8, remaining: 42, RAYPy_Simulation_Bessy2_HiBeta_short_FLUX/round_0/0_Bessy2_HiBeta_short_FLUX.rml
2024-07-05 15:06:41,149 - INFO - Completed: 9, remaining: 41, RAYPy_Simulation_Bessy2_HiBeta_short_FLUX/round_0/1_Bessy2_HiBeta_short_FLUX.rml
2024-07-05 15:06:41,345 - INFO - Completed: 10, remaining: 40, RAYPy_Simulation_Bessy2_HiBeta_short_FLUX/round_0/9_Bessy2_HiBeta_short_FLUX.rml
2024-07-05 15:06:43,899 - INFO - Completed: 11, remaining: 39, RAYPy_Simulation_Bessy2_HiBeta_short_FLUX/round_0/11_Bessy2_HiBeta_short_FLUX.rml
2024-07-05 15:06:43,912 - INFO - Completed: 12, remaining: 38, RAYPy_Simulation_Bessy2_HiBeta_short_FLUX/round_0/12_Bessy2_HiBeta_short_FLUX.rml
2024-07-05 15:06:43,987 - INFO - Completed: 13, remaining: 37, RAYPy_Simulation_Bessy2_HiBeta_short_FLUX/round_0/10_Bessy2_HiBeta_short_FLUX.rml
2024-07-05 15:06:44,031 - INFO - Completed: 14, remaining: 36, RAYPy_Simulation_Bessy2_HiBeta_short_FLUX/round_0/13_Bessy2_HiBeta_short_FLUX.rml
2024-07-05 15:06:44,143 - INFO - Completed: 15, remaining: 35, RAYPy_Simulation_Bessy2_HiBeta_short_FLUX/round_0/14_Bessy2_HiBeta_short_FLUX.rml
2024-07-05 15:06:44,603 - INFO - Completed: 16, remaining: 34, RAYPy_Simulation_Bessy2_HiBeta_short_FLUX/round_0/15_Bessy2_HiBeta_short_FLUX.rml
2024-07-05 15:06:47,004 - INFO - Completed: 17, remaining: 33, RAYPy_Simulation_Bessy2_HiBeta_short_FLUX/round_0/16_Bessy2_HiBeta_short_FLUX.rml
2024-07-05 15:06:47,165 - INFO - Completed: 18, remaining: 32, RAYPy_Simulation_Bessy2_HiBeta_short_FLUX/round_0/17_Bessy2_HiBeta_short_FLUX.rml
2024-07-05 15:06:47,410 - INFO - Completed: 19, remaining: 31, RAYPy_Simulation_Bessy2_HiBeta_short_FLUX/round_0/18_Bessy2_HiBeta_short_FLUX.rml
2024-07-05 15:06:47,491 - INFO - Completed: 20, remaining: 30, RAYPy_Simulation_Bessy2_HiBeta_short_FLUX/round_0/19_Bessy2_HiBeta_short_FLUX.rml
2024-07-05 15:06:49,678 - INFO - Completed: 21, remaining: 29, RAYPy_Simulation_Bessy2_HiBeta_short_FLUX/round_0/23_Bessy2_HiBeta_short_FLUX.rml
2024-07-05 15:06:49,764 - INFO - Completed: 22, remaining: 28, RAYPy_Simulation_Bessy2_HiBeta_short_FLUX/round_0/22_Bessy2_HiBeta_short_FLUX.rml
2024-07-05 15:06:49,872 - INFO - Completed: 23, remaining: 27, RAYPy_Simulation_Bessy2_HiBeta_short_FLUX/round_0/20_Bessy2_HiBeta_short_FLUX.rml
2024-07-05 15:06:49,878 - INFO - Completed: 24, remaining: 26, RAYPy_Simulation_Bessy2_HiBeta_short_FLUX/round_0/21_Bessy2_HiBeta_short_FLUX.rml
2024-07-05 15:06:50,045 - INFO - Completed: 25, remaining: 25, RAYPy_Simulation_Bessy2_HiBeta_short_FLUX/round_0/24_Bessy2_HiBeta_short_FLUX.rml
2024-07-05 15:06:50,132 - INFO - Completed: 26, remaining: 24, RAYPy_Simulation_Bessy2_HiBeta_short_FLUX/round_0/25_Bessy2_HiBeta_short_FLUX.rml
2024-07-05 15:06:53,051 - INFO - Completed: 27, remaining: 23, RAYPy_Simulation_Bessy2_HiBeta_short_FLUX/round_0/26_Bessy2_HiBeta_short_FLUX.rml
2024-07-05 15:06:53,354 - INFO - Completed: 28, remaining: 22, RAYPy_Simulation_Bessy2_HiBeta_short_FLUX/round_0/27_Bessy2_HiBeta_short_FLUX.rml
2024-07-05 15:06:53,590 - INFO - Completed: 29, remaining: 21, RAYPy_Simulation_Bessy2_HiBeta_short_FLUX/round_0/28_Bessy2_HiBeta_short_FLUX.rml
2024-07-05 15:06:54,039 - INFO - Completed: 30, remaining: 20, RAYPy_Simulation_Bessy2_HiBeta_short_FLUX/round_0/29_Bessy2_HiBeta_short_FLUX.rml
2024-07-05 15:06:55,638 - INFO - Completed: 31, remaining: 19, RAYPy_Simulation_Bessy2_HiBeta_short_FLUX/round_0/30_Bessy2_HiBeta_short_FLUX.rml
2024-07-05 15:06:55,820 - INFO - Completed: 32, remaining: 18, RAYPy_Simulation_Bessy2_HiBeta_short_FLUX/round_0/34_Bessy2_HiBeta_short_FLUX.rml
2024-07-05 15:06:55,941 - INFO - Completed: 33, remaining: 17, RAYPy_Simulation_Bessy2_HiBeta_short_FLUX/round_0/33_Bessy2_HiBeta_short_FLUX.rml
2024-07-05 15:06:55,996 - INFO - Completed: 34, remaining: 16, RAYPy_Simulation_Bessy2_HiBeta_short_FLUX/round_0/32_Bessy2_HiBeta_short_FLUX.rml
2024-07-05 15:06:56,000 - INFO - Completed: 35, remaining: 15, RAYPy_Simulation_Bessy2_HiBeta_short_FLUX/round_0/35_Bessy2_HiBeta_short_FLUX.rml
2024-07-05 15:06:56,054 - INFO - Completed: 36, remaining: 14, RAYPy_Simulation_Bessy2_HiBeta_short_FLUX/round_0/31_Bessy2_HiBeta_short_FLUX.rml
2024-07-05 15:06:57,887 - INFO - Completed: 37, remaining: 13, RAYPy_Simulation_Bessy2_HiBeta_short_FLUX/round_0/36_Bessy2_HiBeta_short_FLUX.rml
2024-07-05 15:06:58,297 - INFO - Completed: 38, remaining: 12, RAYPy_Simulation_Bessy2_HiBeta_short_FLUX/round_0/37_Bessy2_HiBeta_short_FLUX.rml
2024-07-05 15:06:58,400 - INFO - Completed: 39, remaining: 11, RAYPy_Simulation_Bessy2_HiBeta_short_FLUX/round_0/38_Bessy2_HiBeta_short_FLUX.rml
2024-07-05 15:06:59,462 - INFO - Completed: 40, remaining: 10, RAYPy_Simulation_Bessy2_HiBeta_short_FLUX/round_0/39_Bessy2_HiBeta_short_FLUX.rml
2024-07-05 15:07:00,876 - INFO - Completed: 41, remaining: 9, RAYPy_Simulation_Bessy2_HiBeta_short_FLUX/round_0/40_Bessy2_HiBeta_short_FLUX.rml
2024-07-05 15:07:00,998 - INFO - Completed: 42, remaining: 8, RAYPy_Simulation_Bessy2_HiBeta_short_FLUX/round_0/44_Bessy2_HiBeta_short_FLUX.rml
2024-07-05 15:07:01,067 - INFO - Completed: 43, remaining: 7, RAYPy_Simulation_Bessy2_HiBeta_short_FLUX/round_0/42_Bessy2_HiBeta_short_FLUX.rml
2024-07-05 15:07:01,114 - INFO - Completed: 44, remaining: 6, RAYPy_Simulation_Bessy2_HiBeta_short_FLUX/round_0/45_Bessy2_HiBeta_short_FLUX.rml
2024-07-05 15:07:01,149 - INFO - Completed: 45, remaining: 5, RAYPy_Simulation_Bessy2_HiBeta_short_FLUX/round_0/43_Bessy2_HiBeta_short_FLUX.rml
2024-07-05 15:07:01,322 - INFO - Completed: 46, remaining: 4, RAYPy_Simulation_Bessy2_HiBeta_short_FLUX/round_0/41_Bessy2_HiBeta_short_FLUX.rml
2024-07-05 15:07:01,951 - INFO - Completed: 47, remaining: 3, RAYPy_Simulation_Bessy2_HiBeta_short_FLUX/round_0/47_Bessy2_HiBeta_short_FLUX.rml
2024-07-05 15:07:01,963 - INFO - Completed: 48, remaining: 2, RAYPy_Simulation_Bessy2_HiBeta_short_FLUX/round_0/46_Bessy2_HiBeta_short_FLUX.rml
2024-07-05 15:07:02,065 - INFO - Completed: 49, remaining: 1, RAYPy_Simulation_Bessy2_HiBeta_short_FLUX/round_0/48_Bessy2_HiBeta_short_FLUX.rml
2024-07-05 15:07:02,256 - INFO - Completed: 50, remaining: 0, RAYPy_Simulation_Bessy2_HiBeta_short_FLUX/round_0/49_Bessy2_HiBeta_short_FLUX.rml
2024-07-05 15:07:02,256 - INFO - Batch Completed
2024-07-05 15:07:02,256 - INFO - Waiting For batch, 50 simulations to go
2024-07-05 15:07:02,268 - INFO - Prepared sim number: 50: RAYPy_Simulation_Bessy2_HiBeta_short_FLUX/round_0/50_Bessy2_HiBeta_short_FLUX.rml
2024-07-05 15:07:02,282 - INFO - Prepared sim number: 51: RAYPy_Simulation_Bessy2_HiBeta_short_FLUX/round_0/51_Bessy2_HiBeta_short_FLUX.rml
2024-07-05 15:07:02,293 - INFO - Prepared sim number: 52: RAYPy_Simulation_Bessy2_HiBeta_short_FLUX/round_0/52_Bessy2_HiBeta_short_FLUX.rml
2024-07-05 15:07:02,315 - INFO - Prepared sim number: 53: RAYPy_Simulation_Bessy2_HiBeta_short_FLUX/round_0/53_Bessy2_HiBeta_short_FLUX.rml
2024-07-05 15:07:02,326 - INFO - Prepared sim number: 54: RAYPy_Simulation_Bessy2_HiBeta_short_FLUX/round_0/54_Bessy2_HiBeta_short_FLUX.rml
2024-07-05 15:07:02,338 - INFO - Prepared sim number: 55: RAYPy_Simulation_Bessy2_HiBeta_short_FLUX/round_0/55_Bessy2_HiBeta_short_FLUX.rml
2024-07-05 15:07:02,349 - INFO - Prepared sim number: 56: RAYPy_Simulation_Bessy2_HiBeta_short_FLUX/round_0/56_Bessy2_HiBeta_short_FLUX.rml
2024-07-05 15:07:02,358 - INFO - Prepared sim number: 57: RAYPy_Simulation_Bessy2_HiBeta_short_FLUX/round_0/57_Bessy2_HiBeta_short_FLUX.rml
2024-07-05 15:07:02,369 - INFO - Prepared sim number: 58: RAYPy_Simulation_Bessy2_HiBeta_short_FLUX/round_0/58_Bessy2_HiBeta_short_FLUX.rml
2024-07-05 15:07:02,378 - INFO - Prepared sim number: 59: RAYPy_Simulation_Bessy2_HiBeta_short_FLUX/round_0/59_Bessy2_HiBeta_short_FLUX.rml
2024-07-05 15:07:02,388 - INFO - Prepared sim number: 60: RAYPy_Simulation_Bessy2_HiBeta_short_FLUX/round_0/60_Bessy2_HiBeta_short_FLUX.rml
2024-07-05 15:07:02,398 - INFO - Prepared sim number: 61: RAYPy_Simulation_Bessy2_HiBeta_short_FLUX/round_0/61_Bessy2_HiBeta_short_FLUX.rml
2024-07-05 15:07:02,408 - INFO - Prepared sim number: 62: RAYPy_Simulation_Bessy2_HiBeta_short_FLUX/round_0/62_Bessy2_HiBeta_short_FLUX.rml
2024-07-05 15:07:02,418 - INFO - Prepared sim number: 63: RAYPy_Simulation_Bessy2_HiBeta_short_FLUX/round_0/63_Bessy2_HiBeta_short_FLUX.rml
2024-07-05 15:07:02,427 - INFO - Prepared sim number: 64: RAYPy_Simulation_Bessy2_HiBeta_short_FLUX/round_0/64_Bessy2_HiBeta_short_FLUX.rml
2024-07-05 15:07:02,436 - INFO - Prepared sim number: 65: RAYPy_Simulation_Bessy2_HiBeta_short_FLUX/round_0/65_Bessy2_HiBeta_short_FLUX.rml
2024-07-05 15:07:02,446 - INFO - Prepared sim number: 66: RAYPy_Simulation_Bessy2_HiBeta_short_FLUX/round_0/66_Bessy2_HiBeta_short_FLUX.rml
2024-07-05 15:07:02,460 - INFO - Prepared sim number: 67: RAYPy_Simulation_Bessy2_HiBeta_short_FLUX/round_0/67_Bessy2_HiBeta_short_FLUX.rml
2024-07-05 15:07:02,470 - INFO - Prepared sim number: 68: RAYPy_Simulation_Bessy2_HiBeta_short_FLUX/round_0/68_Bessy2_HiBeta_short_FLUX.rml
2024-07-05 15:07:02,485 - INFO - Prepared sim number: 69: RAYPy_Simulation_Bessy2_HiBeta_short_FLUX/round_0/69_Bessy2_HiBeta_short_FLUX.rml
2024-07-05 15:07:02,499 - INFO - Prepared sim number: 70: RAYPy_Simulation_Bessy2_HiBeta_short_FLUX/round_0/70_Bessy2_HiBeta_short_FLUX.rml
2024-07-05 15:07:02,512 - INFO - Prepared sim number: 71: RAYPy_Simulation_Bessy2_HiBeta_short_FLUX/round_0/71_Bessy2_HiBeta_short_FLUX.rml
2024-07-05 15:07:02,529 - INFO - Prepared sim number: 72: RAYPy_Simulation_Bessy2_HiBeta_short_FLUX/round_0/72_Bessy2_HiBeta_short_FLUX.rml
2024-07-05 15:07:02,545 - INFO - Prepared sim number: 73: RAYPy_Simulation_Bessy2_HiBeta_short_FLUX/round_0/73_Bessy2_HiBeta_short_FLUX.rml
2024-07-05 15:07:02,566 - INFO - Prepared sim number: 74: RAYPy_Simulation_Bessy2_HiBeta_short_FLUX/round_0/74_Bessy2_HiBeta_short_FLUX.rml
2024-07-05 15:07:02,583 - INFO - Prepared sim number: 75: RAYPy_Simulation_Bessy2_HiBeta_short_FLUX/round_0/75_Bessy2_HiBeta_short_FLUX.rml
2024-07-05 15:07:02,599 - INFO - Prepared sim number: 76: RAYPy_Simulation_Bessy2_HiBeta_short_FLUX/round_0/76_Bessy2_HiBeta_short_FLUX.rml
2024-07-05 15:07:02,617 - INFO - Prepared sim number: 77: RAYPy_Simulation_Bessy2_HiBeta_short_FLUX/round_0/77_Bessy2_HiBeta_short_FLUX.rml
2024-07-05 15:07:02,627 - INFO - Prepared sim number: 78: RAYPy_Simulation_Bessy2_HiBeta_short_FLUX/round_0/78_Bessy2_HiBeta_short_FLUX.rml
2024-07-05 15:07:02,636 - INFO - Prepared sim number: 79: RAYPy_Simulation_Bessy2_HiBeta_short_FLUX/round_0/79_Bessy2_HiBeta_short_FLUX.rml
2024-07-05 15:07:02,652 - INFO - Prepared sim number: 80: RAYPy_Simulation_Bessy2_HiBeta_short_FLUX/round_0/80_Bessy2_HiBeta_short_FLUX.rml
2024-07-05 15:07:02,666 - INFO - Prepared sim number: 81: RAYPy_Simulation_Bessy2_HiBeta_short_FLUX/round_0/81_Bessy2_HiBeta_short_FLUX.rml
2024-07-05 15:07:02,677 - INFO - Prepared sim number: 82: RAYPy_Simulation_Bessy2_HiBeta_short_FLUX/round_0/82_Bessy2_HiBeta_short_FLUX.rml
2024-07-05 15:07:02,688 - INFO - Prepared sim number: 83: RAYPy_Simulation_Bessy2_HiBeta_short_FLUX/round_0/83_Bessy2_HiBeta_short_FLUX.rml
2024-07-05 15:07:02,700 - INFO - Prepared sim number: 84: RAYPy_Simulation_Bessy2_HiBeta_short_FLUX/round_0/84_Bessy2_HiBeta_short_FLUX.rml
2024-07-05 15:07:02,711 - INFO - Prepared sim number: 85: RAYPy_Simulation_Bessy2_HiBeta_short_FLUX/round_0/85_Bessy2_HiBeta_short_FLUX.rml
2024-07-05 15:07:02,720 - INFO - Prepared sim number: 86: RAYPy_Simulation_Bessy2_HiBeta_short_FLUX/round_0/86_Bessy2_HiBeta_short_FLUX.rml
2024-07-05 15:07:02,730 - INFO - Prepared sim number: 87: RAYPy_Simulation_Bessy2_HiBeta_short_FLUX/round_0/87_Bessy2_HiBeta_short_FLUX.rml
2024-07-05 15:07:02,740 - INFO - Prepared sim number: 88: RAYPy_Simulation_Bessy2_HiBeta_short_FLUX/round_0/88_Bessy2_HiBeta_short_FLUX.rml
2024-07-05 15:07:02,753 - INFO - Prepared sim number: 89: RAYPy_Simulation_Bessy2_HiBeta_short_FLUX/round_0/89_Bessy2_HiBeta_short_FLUX.rml
2024-07-05 15:07:02,768 - INFO - Prepared sim number: 90: RAYPy_Simulation_Bessy2_HiBeta_short_FLUX/round_0/90_Bessy2_HiBeta_short_FLUX.rml
2024-07-05 15:07:02,782 - INFO - Prepared sim number: 91: RAYPy_Simulation_Bessy2_HiBeta_short_FLUX/round_0/91_Bessy2_HiBeta_short_FLUX.rml
2024-07-05 15:07:02,792 - INFO - Prepared sim number: 92: RAYPy_Simulation_Bessy2_HiBeta_short_FLUX/round_0/92_Bessy2_HiBeta_short_FLUX.rml
2024-07-05 15:07:02,800 - INFO - Prepared sim number: 93: RAYPy_Simulation_Bessy2_HiBeta_short_FLUX/round_0/93_Bessy2_HiBeta_short_FLUX.rml
2024-07-05 15:07:02,808 - INFO - Prepared sim number: 94: RAYPy_Simulation_Bessy2_HiBeta_short_FLUX/round_0/94_Bessy2_HiBeta_short_FLUX.rml
2024-07-05 15:07:02,816 - INFO - Prepared sim number: 95: RAYPy_Simulation_Bessy2_HiBeta_short_FLUX/round_0/95_Bessy2_HiBeta_short_FLUX.rml
2024-07-05 15:07:02,825 - INFO - Prepared sim number: 96: RAYPy_Simulation_Bessy2_HiBeta_short_FLUX/round_0/96_Bessy2_HiBeta_short_FLUX.rml
2024-07-05 15:07:02,838 - INFO - Prepared sim number: 97: RAYPy_Simulation_Bessy2_HiBeta_short_FLUX/round_0/97_Bessy2_HiBeta_short_FLUX.rml
2024-07-05 15:07:02,849 - INFO - Prepared sim number: 98: RAYPy_Simulation_Bessy2_HiBeta_short_FLUX/round_0/98_Bessy2_HiBeta_short_FLUX.rml
2024-07-05 15:07:02,865 - INFO - Prepared sim number: 99: RAYPy_Simulation_Bessy2_HiBeta_short_FLUX/round_0/99_Bessy2_HiBeta_short_FLUX.rml
2024-07-05 15:07:02,866 - INFO - Waiting for batch number: 1, timeout: 34.6566449546814s
2024-07-05 15:07:07,882 - INFO - Completed: 1, remaining: 49, RAYPy_Simulation_Bessy2_HiBeta_short_FLUX/round_0/52_Bessy2_HiBeta_short_FLUX.rml
2024-07-05 15:07:08,044 - INFO - Completed: 2, remaining: 48, RAYPy_Simulation_Bessy2_HiBeta_short_FLUX/round_0/55_Bessy2_HiBeta_short_FLUX.rml
2024-07-05 15:07:08,074 - INFO - Completed: 3, remaining: 47, RAYPy_Simulation_Bessy2_HiBeta_short_FLUX/round_0/58_Bessy2_HiBeta_short_FLUX.rml
2024-07-05 15:07:08,121 - INFO - Completed: 4, remaining: 46, RAYPy_Simulation_Bessy2_HiBeta_short_FLUX/round_0/57_Bessy2_HiBeta_short_FLUX.rml
2024-07-05 15:07:08,178 - INFO - Completed: 5, remaining: 45, RAYPy_Simulation_Bessy2_HiBeta_short_FLUX/round_0/56_Bessy2_HiBeta_short_FLUX.rml
2024-07-05 15:07:08,262 - INFO - Completed: 6, remaining: 44, RAYPy_Simulation_Bessy2_HiBeta_short_FLUX/round_0/59_Bessy2_HiBeta_short_FLUX.rml
2024-07-05 15:07:08,406 - INFO - Completed: 7, remaining: 43, RAYPy_Simulation_Bessy2_HiBeta_short_FLUX/round_0/51_Bessy2_HiBeta_short_FLUX.rml
2024-07-05 15:07:10,280 - INFO - Completed: 8, remaining: 42, RAYPy_Simulation_Bessy2_HiBeta_short_FLUX/round_0/54_Bessy2_HiBeta_short_FLUX.rml
2024-07-05 15:07:10,345 - INFO - Completed: 9, remaining: 41, RAYPy_Simulation_Bessy2_HiBeta_short_FLUX/round_0/50_Bessy2_HiBeta_short_FLUX.rml
2024-07-05 15:07:10,542 - INFO - Completed: 10, remaining: 40, RAYPy_Simulation_Bessy2_HiBeta_short_FLUX/round_0/53_Bessy2_HiBeta_short_FLUX.rml
2024-07-05 15:07:12,916 - INFO - Completed: 11, remaining: 39, RAYPy_Simulation_Bessy2_HiBeta_short_FLUX/round_0/60_Bessy2_HiBeta_short_FLUX.rml
2024-07-05 15:07:13,074 - INFO - Completed: 12, remaining: 38, RAYPy_Simulation_Bessy2_HiBeta_short_FLUX/round_0/63_Bessy2_HiBeta_short_FLUX.rml
2024-07-05 15:07:13,183 - INFO - Completed: 13, remaining: 37, RAYPy_Simulation_Bessy2_HiBeta_short_FLUX/round_0/61_Bessy2_HiBeta_short_FLUX.rml
2024-07-05 15:07:13,257 - INFO - Completed: 14, remaining: 36, RAYPy_Simulation_Bessy2_HiBeta_short_FLUX/round_0/64_Bessy2_HiBeta_short_FLUX.rml
2024-07-05 15:07:13,283 - INFO - Completed: 15, remaining: 35, RAYPy_Simulation_Bessy2_HiBeta_short_FLUX/round_0/62_Bessy2_HiBeta_short_FLUX.rml
2024-07-05 15:07:13,514 - INFO - Completed: 16, remaining: 34, RAYPy_Simulation_Bessy2_HiBeta_short_FLUX/round_0/66_Bessy2_HiBeta_short_FLUX.rml
2024-07-05 15:07:13,571 - INFO - Completed: 17, remaining: 33, RAYPy_Simulation_Bessy2_HiBeta_short_FLUX/round_0/65_Bessy2_HiBeta_short_FLUX.rml
2024-07-05 15:07:16,307 - INFO - Completed: 18, remaining: 32, RAYPy_Simulation_Bessy2_HiBeta_short_FLUX/round_0/67_Bessy2_HiBeta_short_FLUX.rml
2024-07-05 15:07:16,481 - INFO - Completed: 19, remaining: 31, RAYPy_Simulation_Bessy2_HiBeta_short_FLUX/round_0/68_Bessy2_HiBeta_short_FLUX.rml
2024-07-05 15:07:16,562 - INFO - Completed: 20, remaining: 30, RAYPy_Simulation_Bessy2_HiBeta_short_FLUX/round_0/69_Bessy2_HiBeta_short_FLUX.rml
2024-07-05 15:07:18,873 - INFO - Completed: 21, remaining: 29, RAYPy_Simulation_Bessy2_HiBeta_short_FLUX/round_0/70_Bessy2_HiBeta_short_FLUX.rml
2024-07-05 15:07:19,268 - INFO - Completed: 22, remaining: 28, RAYPy_Simulation_Bessy2_HiBeta_short_FLUX/round_0/74_Bessy2_HiBeta_short_FLUX.rml
2024-07-05 15:07:19,292 - INFO - Completed: 23, remaining: 27, RAYPy_Simulation_Bessy2_HiBeta_short_FLUX/round_0/75_Bessy2_HiBeta_short_FLUX.rml
2024-07-05 15:07:19,397 - INFO - Completed: 24, remaining: 26, RAYPy_Simulation_Bessy2_HiBeta_short_FLUX/round_0/73_Bessy2_HiBeta_short_FLUX.rml
2024-07-05 15:07:19,491 - INFO - Completed: 25, remaining: 25, RAYPy_Simulation_Bessy2_HiBeta_short_FLUX/round_0/72_Bessy2_HiBeta_short_FLUX.rml
2024-07-05 15:07:19,586 - INFO - Completed: 26, remaining: 24, RAYPy_Simulation_Bessy2_HiBeta_short_FLUX/round_0/71_Bessy2_HiBeta_short_FLUX.rml
2024-07-05 15:07:19,680 - INFO - Completed: 27, remaining: 23, RAYPy_Simulation_Bessy2_HiBeta_short_FLUX/round_0/76_Bessy2_HiBeta_short_FLUX.rml
2024-07-05 15:07:22,003 - INFO - Completed: 28, remaining: 22, RAYPy_Simulation_Bessy2_HiBeta_short_FLUX/round_0/77_Bessy2_HiBeta_short_FLUX.rml
2024-07-05 15:07:22,067 - INFO - Completed: 29, remaining: 21, RAYPy_Simulation_Bessy2_HiBeta_short_FLUX/round_0/78_Bessy2_HiBeta_short_FLUX.rml
2024-07-05 15:07:22,408 - INFO - Completed: 30, remaining: 20, RAYPy_Simulation_Bessy2_HiBeta_short_FLUX/round_0/79_Bessy2_HiBeta_short_FLUX.rml
2024-07-05 15:07:24,067 - INFO - Completed: 31, remaining: 19, RAYPy_Simulation_Bessy2_HiBeta_short_FLUX/round_0/80_Bessy2_HiBeta_short_FLUX.rml
2024-07-05 15:07:24,385 - INFO - Completed: 32, remaining: 18, RAYPy_Simulation_Bessy2_HiBeta_short_FLUX/round_0/81_Bessy2_HiBeta_short_FLUX.rml
2024-07-05 15:07:24,441 - INFO - Completed: 33, remaining: 17, RAYPy_Simulation_Bessy2_HiBeta_short_FLUX/round_0/83_Bessy2_HiBeta_short_FLUX.rml
2024-07-05 15:07:24,539 - INFO - Completed: 34, remaining: 16, RAYPy_Simulation_Bessy2_HiBeta_short_FLUX/round_0/84_Bessy2_HiBeta_short_FLUX.rml
2024-07-05 15:07:24,754 - INFO - Completed: 35, remaining: 15, RAYPy_Simulation_Bessy2_HiBeta_short_FLUX/round_0/85_Bessy2_HiBeta_short_FLUX.rml
2024-07-05 15:07:24,964 - INFO - Completed: 36, remaining: 14, RAYPy_Simulation_Bessy2_HiBeta_short_FLUX/round_0/86_Bessy2_HiBeta_short_FLUX.rml
2024-07-05 15:07:25,506 - INFO - Completed: 37, remaining: 13, RAYPy_Simulation_Bessy2_HiBeta_short_FLUX/round_0/82_Bessy2_HiBeta_short_FLUX.rml
2024-07-05 15:07:28,274 - INFO - Completed: 38, remaining: 12, RAYPy_Simulation_Bessy2_HiBeta_short_FLUX/round_0/87_Bessy2_HiBeta_short_FLUX.rml
2024-07-05 15:07:28,574 - INFO - Completed: 39, remaining: 11, RAYPy_Simulation_Bessy2_HiBeta_short_FLUX/round_0/89_Bessy2_HiBeta_short_FLUX.rml
2024-07-05 15:07:29,065 - INFO - Completed: 40, remaining: 10, RAYPy_Simulation_Bessy2_HiBeta_short_FLUX/round_0/88_Bessy2_HiBeta_short_FLUX.rml
2024-07-05 15:07:29,938 - INFO - Completed: 41, remaining: 9, RAYPy_Simulation_Bessy2_HiBeta_short_FLUX/round_0/90_Bessy2_HiBeta_short_FLUX.rml
2024-07-05 15:07:29,973 - INFO - Completed: 42, remaining: 8, RAYPy_Simulation_Bessy2_HiBeta_short_FLUX/round_0/91_Bessy2_HiBeta_short_FLUX.rml
2024-07-05 15:07:30,050 - INFO - Completed: 43, remaining: 7, RAYPy_Simulation_Bessy2_HiBeta_short_FLUX/round_0/92_Bessy2_HiBeta_short_FLUX.rml
2024-07-05 15:07:30,102 - INFO - Completed: 44, remaining: 6, RAYPy_Simulation_Bessy2_HiBeta_short_FLUX/round_0/93_Bessy2_HiBeta_short_FLUX.rml
2024-07-05 15:07:30,223 - INFO - Completed: 45, remaining: 5, RAYPy_Simulation_Bessy2_HiBeta_short_FLUX/round_0/94_Bessy2_HiBeta_short_FLUX.rml
2024-07-05 15:07:30,349 - INFO - Completed: 46, remaining: 4, RAYPy_Simulation_Bessy2_HiBeta_short_FLUX/round_0/95_Bessy2_HiBeta_short_FLUX.rml
2024-07-05 15:07:30,492 - INFO - Completed: 47, remaining: 3, RAYPy_Simulation_Bessy2_HiBeta_short_FLUX/round_0/96_Bessy2_HiBeta_short_FLUX.rml
2024-07-05 15:07:31,276 - INFO - Completed: 48, remaining: 2, RAYPy_Simulation_Bessy2_HiBeta_short_FLUX/round_0/97_Bessy2_HiBeta_short_FLUX.rml
2024-07-05 15:07:31,317 - INFO - Completed: 49, remaining: 1, RAYPy_Simulation_Bessy2_HiBeta_short_FLUX/round_0/98_Bessy2_HiBeta_short_FLUX.rml
2024-07-05 15:07:31,879 - INFO - Completed: 50, remaining: 0, RAYPy_Simulation_Bessy2_HiBeta_short_FLUX/round_0/99_Bessy2_HiBeta_short_FLUX.rml
2024-07-05 15:07:31,879 - INFO - Batch Completed
2024-07-05 15:07:31,880 - INFO - Waiting For batch, 50 simulations to go
2024-07-05 15:07:31,890 - INFO - Prepared sim number: 100: RAYPy_Simulation_Bessy2_HiBeta_short_FLUX/round_0/100_Bessy2_HiBeta_short_FLUX.rml
2024-07-05 15:07:31,903 - INFO - Prepared sim number: 101: RAYPy_Simulation_Bessy2_HiBeta_short_FLUX/round_0/101_Bessy2_HiBeta_short_FLUX.rml
2024-07-05 15:07:31,914 - INFO - Prepared sim number: 102: RAYPy_Simulation_Bessy2_HiBeta_short_FLUX/round_0/102_Bessy2_HiBeta_short_FLUX.rml
2024-07-05 15:07:31,928 - INFO - Prepared sim number: 103: RAYPy_Simulation_Bessy2_HiBeta_short_FLUX/round_0/103_Bessy2_HiBeta_short_FLUX.rml
2024-07-05 15:07:31,945 - INFO - Prepared sim number: 104: RAYPy_Simulation_Bessy2_HiBeta_short_FLUX/round_0/104_Bessy2_HiBeta_short_FLUX.rml
2024-07-05 15:07:31,972 - INFO - Prepared sim number: 105: RAYPy_Simulation_Bessy2_HiBeta_short_FLUX/round_0/105_Bessy2_HiBeta_short_FLUX.rml
2024-07-05 15:07:31,993 - INFO - Prepared sim number: 106: RAYPy_Simulation_Bessy2_HiBeta_short_FLUX/round_0/106_Bessy2_HiBeta_short_FLUX.rml
2024-07-05 15:07:32,012 - INFO - Prepared sim number: 107: RAYPy_Simulation_Bessy2_HiBeta_short_FLUX/round_0/107_Bessy2_HiBeta_short_FLUX.rml
2024-07-05 15:07:32,032 - INFO - Prepared sim number: 108: RAYPy_Simulation_Bessy2_HiBeta_short_FLUX/round_0/108_Bessy2_HiBeta_short_FLUX.rml
2024-07-05 15:07:32,044 - INFO - Prepared sim number: 109: RAYPy_Simulation_Bessy2_HiBeta_short_FLUX/round_0/109_Bessy2_HiBeta_short_FLUX.rml
2024-07-05 15:07:32,054 - INFO - Prepared sim number: 110: RAYPy_Simulation_Bessy2_HiBeta_short_FLUX/round_0/110_Bessy2_HiBeta_short_FLUX.rml
2024-07-05 15:07:32,063 - INFO - Prepared sim number: 111: RAYPy_Simulation_Bessy2_HiBeta_short_FLUX/round_0/111_Bessy2_HiBeta_short_FLUX.rml
2024-07-05 15:07:32,077 - INFO - Prepared sim number: 112: RAYPy_Simulation_Bessy2_HiBeta_short_FLUX/round_0/112_Bessy2_HiBeta_short_FLUX.rml
2024-07-05 15:07:32,087 - INFO - Prepared sim number: 113: RAYPy_Simulation_Bessy2_HiBeta_short_FLUX/round_0/113_Bessy2_HiBeta_short_FLUX.rml
2024-07-05 15:07:32,100 - INFO - Prepared sim number: 114: RAYPy_Simulation_Bessy2_HiBeta_short_FLUX/round_0/114_Bessy2_HiBeta_short_FLUX.rml
2024-07-05 15:07:32,108 - INFO - Prepared sim number: 115: RAYPy_Simulation_Bessy2_HiBeta_short_FLUX/round_0/115_Bessy2_HiBeta_short_FLUX.rml
2024-07-05 15:07:32,119 - INFO - Prepared sim number: 116: RAYPy_Simulation_Bessy2_HiBeta_short_FLUX/round_0/116_Bessy2_HiBeta_short_FLUX.rml
2024-07-05 15:07:32,120 - INFO - Start round 1
2024-07-05 15:07:32,125 - INFO - Prepared sim number: 0: RAYPy_Simulation_Bessy2_HiBeta_short_FLUX/round_1/0_Bessy2_HiBeta_short_FLUX.rml
2024-07-05 15:07:32,129 - INFO - Prepared sim number: 1: RAYPy_Simulation_Bessy2_HiBeta_short_FLUX/round_1/1_Bessy2_HiBeta_short_FLUX.rml
2024-07-05 15:07:32,134 - INFO - Prepared sim number: 2: RAYPy_Simulation_Bessy2_HiBeta_short_FLUX/round_1/2_Bessy2_HiBeta_short_FLUX.rml
2024-07-05 15:07:32,138 - INFO - Prepared sim number: 3: RAYPy_Simulation_Bessy2_HiBeta_short_FLUX/round_1/3_Bessy2_HiBeta_short_FLUX.rml
2024-07-05 15:07:32,144 - INFO - Prepared sim number: 4: RAYPy_Simulation_Bessy2_HiBeta_short_FLUX/round_1/4_Bessy2_HiBeta_short_FLUX.rml
2024-07-05 15:07:32,150 - INFO - Prepared sim number: 5: RAYPy_Simulation_Bessy2_HiBeta_short_FLUX/round_1/5_Bessy2_HiBeta_short_FLUX.rml
2024-07-05 15:07:32,155 - INFO - Prepared sim number: 6: RAYPy_Simulation_Bessy2_HiBeta_short_FLUX/round_1/6_Bessy2_HiBeta_short_FLUX.rml
2024-07-05 15:07:32,159 - INFO - Prepared sim number: 7: RAYPy_Simulation_Bessy2_HiBeta_short_FLUX/round_1/7_Bessy2_HiBeta_short_FLUX.rml
2024-07-05 15:07:32,163 - INFO - Prepared sim number: 8: RAYPy_Simulation_Bessy2_HiBeta_short_FLUX/round_1/8_Bessy2_HiBeta_short_FLUX.rml
2024-07-05 15:07:32,166 - INFO - Prepared sim number: 9: RAYPy_Simulation_Bessy2_HiBeta_short_FLUX/round_1/9_Bessy2_HiBeta_short_FLUX.rml
2024-07-05 15:07:32,170 - INFO - Prepared sim number: 10: RAYPy_Simulation_Bessy2_HiBeta_short_FLUX/round_1/10_Bessy2_HiBeta_short_FLUX.rml
2024-07-05 15:07:32,175 - INFO - Prepared sim number: 11: RAYPy_Simulation_Bessy2_HiBeta_short_FLUX/round_1/11_Bessy2_HiBeta_short_FLUX.rml
2024-07-05 15:07:32,180 - INFO - Prepared sim number: 12: RAYPy_Simulation_Bessy2_HiBeta_short_FLUX/round_1/12_Bessy2_HiBeta_short_FLUX.rml
2024-07-05 15:07:32,184 - INFO - Prepared sim number: 13: RAYPy_Simulation_Bessy2_HiBeta_short_FLUX/round_1/13_Bessy2_HiBeta_short_FLUX.rml
2024-07-05 15:07:32,189 - INFO - Prepared sim number: 14: RAYPy_Simulation_Bessy2_HiBeta_short_FLUX/round_1/14_Bessy2_HiBeta_short_FLUX.rml
2024-07-05 15:07:32,194 - INFO - Prepared sim number: 15: RAYPy_Simulation_Bessy2_HiBeta_short_FLUX/round_1/15_Bessy2_HiBeta_short_FLUX.rml
2024-07-05 15:07:32,199 - INFO - Prepared sim number: 16: RAYPy_Simulation_Bessy2_HiBeta_short_FLUX/round_1/16_Bessy2_HiBeta_short_FLUX.rml
2024-07-05 15:07:32,203 - INFO - Prepared sim number: 17: RAYPy_Simulation_Bessy2_HiBeta_short_FLUX/round_1/17_Bessy2_HiBeta_short_FLUX.rml
2024-07-05 15:07:32,207 - INFO - Prepared sim number: 18: RAYPy_Simulation_Bessy2_HiBeta_short_FLUX/round_1/18_Bessy2_HiBeta_short_FLUX.rml
2024-07-05 15:07:32,213 - INFO - Prepared sim number: 19: RAYPy_Simulation_Bessy2_HiBeta_short_FLUX/round_1/19_Bessy2_HiBeta_short_FLUX.rml
2024-07-05 15:07:32,217 - INFO - Prepared sim number: 20: RAYPy_Simulation_Bessy2_HiBeta_short_FLUX/round_1/20_Bessy2_HiBeta_short_FLUX.rml
2024-07-05 15:07:32,220 - INFO - Prepared sim number: 21: RAYPy_Simulation_Bessy2_HiBeta_short_FLUX/round_1/21_Bessy2_HiBeta_short_FLUX.rml
2024-07-05 15:07:32,224 - INFO - Prepared sim number: 22: RAYPy_Simulation_Bessy2_HiBeta_short_FLUX/round_1/22_Bessy2_HiBeta_short_FLUX.rml
2024-07-05 15:07:32,229 - INFO - Prepared sim number: 23: RAYPy_Simulation_Bessy2_HiBeta_short_FLUX/round_1/23_Bessy2_HiBeta_short_FLUX.rml
2024-07-05 15:07:32,234 - INFO - Prepared sim number: 24: RAYPy_Simulation_Bessy2_HiBeta_short_FLUX/round_1/24_Bessy2_HiBeta_short_FLUX.rml
2024-07-05 15:07:32,239 - INFO - Prepared sim number: 25: RAYPy_Simulation_Bessy2_HiBeta_short_FLUX/round_1/25_Bessy2_HiBeta_short_FLUX.rml
2024-07-05 15:07:32,245 - INFO - Prepared sim number: 26: RAYPy_Simulation_Bessy2_HiBeta_short_FLUX/round_1/26_Bessy2_HiBeta_short_FLUX.rml
2024-07-05 15:07:32,252 - INFO - Prepared sim number: 27: RAYPy_Simulation_Bessy2_HiBeta_short_FLUX/round_1/27_Bessy2_HiBeta_short_FLUX.rml
2024-07-05 15:07:32,259 - INFO - Prepared sim number: 28: RAYPy_Simulation_Bessy2_HiBeta_short_FLUX/round_1/28_Bessy2_HiBeta_short_FLUX.rml
2024-07-05 15:07:32,265 - INFO - Prepared sim number: 29: RAYPy_Simulation_Bessy2_HiBeta_short_FLUX/round_1/29_Bessy2_HiBeta_short_FLUX.rml
2024-07-05 15:07:32,271 - INFO - Prepared sim number: 30: RAYPy_Simulation_Bessy2_HiBeta_short_FLUX/round_1/30_Bessy2_HiBeta_short_FLUX.rml
2024-07-05 15:07:32,278 - INFO - Prepared sim number: 31: RAYPy_Simulation_Bessy2_HiBeta_short_FLUX/round_1/31_Bessy2_HiBeta_short_FLUX.rml
2024-07-05 15:07:32,286 - INFO - Prepared sim number: 32: RAYPy_Simulation_Bessy2_HiBeta_short_FLUX/round_1/32_Bessy2_HiBeta_short_FLUX.rml
2024-07-05 15:07:32,286 - INFO - Waiting for batch number: 2, timeout: 33.942917304039s
2024-07-05 15:07:36,450 - INFO - Completed: 1, remaining: 49, RAYPy_Simulation_Bessy2_HiBeta_short_FLUX/round_0/102_Bessy2_HiBeta_short_FLUX.rml
2024-07-05 15:07:36,617 - INFO - Completed: 2, remaining: 48, RAYPy_Simulation_Bessy2_HiBeta_short_FLUX/round_0/101_Bessy2_HiBeta_short_FLUX.rml
2024-07-05 15:07:36,662 - INFO - Completed: 3, remaining: 47, RAYPy_Simulation_Bessy2_HiBeta_short_FLUX/round_0/105_Bessy2_HiBeta_short_FLUX.rml
2024-07-05 15:07:36,891 - INFO - Completed: 4, remaining: 46, RAYPy_Simulation_Bessy2_HiBeta_short_FLUX/round_0/109_Bessy2_HiBeta_short_FLUX.rml
2024-07-05 15:07:37,556 - INFO - Completed: 5, remaining: 45, RAYPy_Simulation_Bessy2_HiBeta_short_FLUX/round_0/100_Bessy2_HiBeta_short_FLUX.rml
2024-07-05 15:07:38,256 - INFO - Completed: 6, remaining: 44, RAYPy_Simulation_Bessy2_HiBeta_short_FLUX/round_0/107_Bessy2_HiBeta_short_FLUX.rml
2024-07-05 15:07:40,455 - INFO - Completed: 7, remaining: 43, RAYPy_Simulation_Bessy2_HiBeta_short_FLUX/round_0/103_Bessy2_HiBeta_short_FLUX.rml
2024-07-05 15:07:40,712 - INFO - Completed: 8, remaining: 42, RAYPy_Simulation_Bessy2_HiBeta_short_FLUX/round_0/108_Bessy2_HiBeta_short_FLUX.rml
2024-07-05 15:07:40,756 - INFO - Completed: 9, remaining: 41, RAYPy_Simulation_Bessy2_HiBeta_short_FLUX/round_0/106_Bessy2_HiBeta_short_FLUX.rml
2024-07-05 15:07:41,466 - INFO - Completed: 10, remaining: 40, RAYPy_Simulation_Bessy2_HiBeta_short_FLUX/round_0/104_Bessy2_HiBeta_short_FLUX.rml
2024-07-05 15:07:43,348 - INFO - Completed: 11, remaining: 39, RAYPy_Simulation_Bessy2_HiBeta_short_FLUX/round_0/110_Bessy2_HiBeta_short_FLUX.rml
2024-07-05 15:07:43,573 - INFO - Completed: 12, remaining: 38, RAYPy_Simulation_Bessy2_HiBeta_short_FLUX/round_0/111_Bessy2_HiBeta_short_FLUX.rml
2024-07-05 15:07:43,684 - INFO - Completed: 13, remaining: 37, RAYPy_Simulation_Bessy2_HiBeta_short_FLUX/round_0/113_Bessy2_HiBeta_short_FLUX.rml
2024-07-05 15:07:43,865 - INFO - Completed: 14, remaining: 36, RAYPy_Simulation_Bessy2_HiBeta_short_FLUX/round_0/112_Bessy2_HiBeta_short_FLUX.rml
2024-07-05 15:07:44,303 - INFO - Completed: 15, remaining: 35, RAYPy_Simulation_Bessy2_HiBeta_short_FLUX/round_0/114_Bessy2_HiBeta_short_FLUX.rml
2024-07-05 15:07:45,092 - INFO - Completed: 16, remaining: 34, RAYPy_Simulation_Bessy2_HiBeta_short_FLUX/round_0/115_Bessy2_HiBeta_short_FLUX.rml
2024-07-05 15:07:47,011 - INFO - Completed: 17, remaining: 33, RAYPy_Simulation_Bessy2_HiBeta_short_FLUX/round_0/116_Bessy2_HiBeta_short_FLUX.rml
2024-07-05 15:07:47,181 - INFO - Completed: 18, remaining: 32, RAYPy_Simulation_Bessy2_HiBeta_short_FLUX/round_1/1_Bessy2_HiBeta_short_FLUX.rml
2024-07-05 15:07:47,314 - INFO - Completed: 19, remaining: 31, RAYPy_Simulation_Bessy2_HiBeta_short_FLUX/round_1/0_Bessy2_HiBeta_short_FLUX.rml
2024-07-05 15:07:48,052 - INFO - Completed: 20, remaining: 30, RAYPy_Simulation_Bessy2_HiBeta_short_FLUX/round_1/2_Bessy2_HiBeta_short_FLUX.rml
2024-07-05 15:07:49,419 - INFO - Completed: 21, remaining: 29, RAYPy_Simulation_Bessy2_HiBeta_short_FLUX/round_1/4_Bessy2_HiBeta_short_FLUX.rml
2024-07-05 15:07:49,419 - INFO - Completed: 22, remaining: 28, RAYPy_Simulation_Bessy2_HiBeta_short_FLUX/round_1/5_Bessy2_HiBeta_short_FLUX.rml
2024-07-05 15:07:49,478 - INFO - Completed: 23, remaining: 27, RAYPy_Simulation_Bessy2_HiBeta_short_FLUX/round_1/3_Bessy2_HiBeta_short_FLUX.rml
2024-07-05 15:07:49,709 - INFO - Completed: 24, remaining: 26, RAYPy_Simulation_Bessy2_HiBeta_short_FLUX/round_1/6_Bessy2_HiBeta_short_FLUX.rml
2024-07-05 15:07:49,905 - INFO - Completed: 25, remaining: 25, RAYPy_Simulation_Bessy2_HiBeta_short_FLUX/round_1/7_Bessy2_HiBeta_short_FLUX.rml
2024-07-05 15:07:50,562 - INFO - Completed: 26, remaining: 24, RAYPy_Simulation_Bessy2_HiBeta_short_FLUX/round_1/8_Bessy2_HiBeta_short_FLUX.rml
2024-07-05 15:07:52,358 - INFO - Completed: 27, remaining: 23, RAYPy_Simulation_Bessy2_HiBeta_short_FLUX/round_1/9_Bessy2_HiBeta_short_FLUX.rml
2024-07-05 15:07:52,473 - INFO - Completed: 28, remaining: 22, RAYPy_Simulation_Bessy2_HiBeta_short_FLUX/round_1/11_Bessy2_HiBeta_short_FLUX.rml
2024-07-05 15:07:52,535 - INFO - Completed: 29, remaining: 21, RAYPy_Simulation_Bessy2_HiBeta_short_FLUX/round_1/10_Bessy2_HiBeta_short_FLUX.rml
2024-07-05 15:07:53,124 - INFO - Completed: 30, remaining: 20, RAYPy_Simulation_Bessy2_HiBeta_short_FLUX/round_1/12_Bessy2_HiBeta_short_FLUX.rml
2024-07-05 15:07:55,094 - INFO - Completed: 31, remaining: 19, RAYPy_Simulation_Bessy2_HiBeta_short_FLUX/round_1/13_Bessy2_HiBeta_short_FLUX.rml
2024-07-05 15:07:55,180 - INFO - Completed: 32, remaining: 18, RAYPy_Simulation_Bessy2_HiBeta_short_FLUX/round_1/15_Bessy2_HiBeta_short_FLUX.rml
2024-07-05 15:07:55,305 - INFO - Completed: 33, remaining: 17, RAYPy_Simulation_Bessy2_HiBeta_short_FLUX/round_1/14_Bessy2_HiBeta_short_FLUX.rml
2024-07-05 15:07:55,411 - INFO - Completed: 34, remaining: 16, RAYPy_Simulation_Bessy2_HiBeta_short_FLUX/round_1/16_Bessy2_HiBeta_short_FLUX.rml
2024-07-05 15:07:55,680 - INFO - Completed: 35, remaining: 15, RAYPy_Simulation_Bessy2_HiBeta_short_FLUX/round_1/17_Bessy2_HiBeta_short_FLUX.rml
2024-07-05 15:07:56,465 - INFO - Completed: 36, remaining: 14, RAYPy_Simulation_Bessy2_HiBeta_short_FLUX/round_1/18_Bessy2_HiBeta_short_FLUX.rml
2024-07-05 15:07:58,002 - INFO - Completed: 37, remaining: 13, RAYPy_Simulation_Bessy2_HiBeta_short_FLUX/round_1/20_Bessy2_HiBeta_short_FLUX.rml
2024-07-05 15:07:58,151 - INFO - Completed: 38, remaining: 12, RAYPy_Simulation_Bessy2_HiBeta_short_FLUX/round_1/19_Bessy2_HiBeta_short_FLUX.rml
2024-07-05 15:07:58,275 - INFO - Completed: 39, remaining: 11, RAYPy_Simulation_Bessy2_HiBeta_short_FLUX/round_1/21_Bessy2_HiBeta_short_FLUX.rml
2024-07-05 15:07:59,160 - INFO - Completed: 40, remaining: 10, RAYPy_Simulation_Bessy2_HiBeta_short_FLUX/round_1/22_Bessy2_HiBeta_short_FLUX.rml
2024-07-05 15:08:01,051 - INFO - Completed: 41, remaining: 9, RAYPy_Simulation_Bessy2_HiBeta_short_FLUX/round_1/24_Bessy2_HiBeta_short_FLUX.rml
2024-07-05 15:08:01,154 - INFO - Completed: 42, remaining: 8, RAYPy_Simulation_Bessy2_HiBeta_short_FLUX/round_1/25_Bessy2_HiBeta_short_FLUX.rml
2024-07-05 15:08:01,290 - INFO - Completed: 43, remaining: 7, RAYPy_Simulation_Bessy2_HiBeta_short_FLUX/round_1/23_Bessy2_HiBeta_short_FLUX.rml
2024-07-05 15:08:01,421 - INFO - Completed: 44, remaining: 6, RAYPy_Simulation_Bessy2_HiBeta_short_FLUX/round_1/26_Bessy2_HiBeta_short_FLUX.rml
2024-07-05 15:08:01,433 - INFO - Completed: 45, remaining: 5, RAYPy_Simulation_Bessy2_HiBeta_short_FLUX/round_1/27_Bessy2_HiBeta_short_FLUX.rml
2024-07-05 15:08:01,691 - INFO - Completed: 46, remaining: 4, RAYPy_Simulation_Bessy2_HiBeta_short_FLUX/round_1/28_Bessy2_HiBeta_short_FLUX.rml
2024-07-05 15:08:02,055 - INFO - Completed: 47, remaining: 3, RAYPy_Simulation_Bessy2_HiBeta_short_FLUX/round_1/29_Bessy2_HiBeta_short_FLUX.rml
2024-07-05 15:08:02,133 - INFO - Completed: 48, remaining: 2, RAYPy_Simulation_Bessy2_HiBeta_short_FLUX/round_1/30_Bessy2_HiBeta_short_FLUX.rml
2024-07-05 15:08:02,220 - INFO - Completed: 49, remaining: 1, RAYPy_Simulation_Bessy2_HiBeta_short_FLUX/round_1/31_Bessy2_HiBeta_short_FLUX.rml
2024-07-05 15:08:02,350 - INFO - Completed: 50, remaining: 0, RAYPy_Simulation_Bessy2_HiBeta_short_FLUX/round_1/32_Bessy2_HiBeta_short_FLUX.rml
2024-07-05 15:08:02,350 - INFO - Batch Completed
2024-07-05 15:08:02,350 - INFO - Waiting For batch, 50 simulations to go
2024-07-05 15:08:02,356 - INFO - Prepared sim number: 33: RAYPy_Simulation_Bessy2_HiBeta_short_FLUX/round_1/33_Bessy2_HiBeta_short_FLUX.rml
2024-07-05 15:08:02,361 - INFO - Prepared sim number: 34: RAYPy_Simulation_Bessy2_HiBeta_short_FLUX/round_1/34_Bessy2_HiBeta_short_FLUX.rml
2024-07-05 15:08:02,370 - INFO - Prepared sim number: 35: RAYPy_Simulation_Bessy2_HiBeta_short_FLUX/round_1/35_Bessy2_HiBeta_short_FLUX.rml
2024-07-05 15:08:02,377 - INFO - Prepared sim number: 36: RAYPy_Simulation_Bessy2_HiBeta_short_FLUX/round_1/36_Bessy2_HiBeta_short_FLUX.rml
2024-07-05 15:08:02,383 - INFO - Prepared sim number: 37: RAYPy_Simulation_Bessy2_HiBeta_short_FLUX/round_1/37_Bessy2_HiBeta_short_FLUX.rml
2024-07-05 15:08:02,389 - INFO - Prepared sim number: 38: RAYPy_Simulation_Bessy2_HiBeta_short_FLUX/round_1/38_Bessy2_HiBeta_short_FLUX.rml
2024-07-05 15:08:02,398 - INFO - Prepared sim number: 39: RAYPy_Simulation_Bessy2_HiBeta_short_FLUX/round_1/39_Bessy2_HiBeta_short_FLUX.rml
2024-07-05 15:08:02,404 - INFO - Prepared sim number: 40: RAYPy_Simulation_Bessy2_HiBeta_short_FLUX/round_1/40_Bessy2_HiBeta_short_FLUX.rml
2024-07-05 15:08:02,411 - INFO - Prepared sim number: 41: RAYPy_Simulation_Bessy2_HiBeta_short_FLUX/round_1/41_Bessy2_HiBeta_short_FLUX.rml
2024-07-05 15:08:02,417 - INFO - Prepared sim number: 42: RAYPy_Simulation_Bessy2_HiBeta_short_FLUX/round_1/42_Bessy2_HiBeta_short_FLUX.rml
2024-07-05 15:08:02,423 - INFO - Prepared sim number: 43: RAYPy_Simulation_Bessy2_HiBeta_short_FLUX/round_1/43_Bessy2_HiBeta_short_FLUX.rml
2024-07-05 15:08:02,430 - INFO - Prepared sim number: 44: RAYPy_Simulation_Bessy2_HiBeta_short_FLUX/round_1/44_Bessy2_HiBeta_short_FLUX.rml
2024-07-05 15:08:02,436 - INFO - Prepared sim number: 45: RAYPy_Simulation_Bessy2_HiBeta_short_FLUX/round_1/45_Bessy2_HiBeta_short_FLUX.rml
2024-07-05 15:08:02,442 - INFO - Prepared sim number: 46: RAYPy_Simulation_Bessy2_HiBeta_short_FLUX/round_1/46_Bessy2_HiBeta_short_FLUX.rml
2024-07-05 15:08:02,448 - INFO - Prepared sim number: 47: RAYPy_Simulation_Bessy2_HiBeta_short_FLUX/round_1/47_Bessy2_HiBeta_short_FLUX.rml
2024-07-05 15:08:02,455 - INFO - Prepared sim number: 48: RAYPy_Simulation_Bessy2_HiBeta_short_FLUX/round_1/48_Bessy2_HiBeta_short_FLUX.rml
2024-07-05 15:08:02,461 - INFO - Prepared sim number: 49: RAYPy_Simulation_Bessy2_HiBeta_short_FLUX/round_1/49_Bessy2_HiBeta_short_FLUX.rml
2024-07-05 15:08:02,468 - INFO - Prepared sim number: 50: RAYPy_Simulation_Bessy2_HiBeta_short_FLUX/round_1/50_Bessy2_HiBeta_short_FLUX.rml
2024-07-05 15:08:02,473 - INFO - Prepared sim number: 51: RAYPy_Simulation_Bessy2_HiBeta_short_FLUX/round_1/51_Bessy2_HiBeta_short_FLUX.rml
2024-07-05 15:08:02,479 - INFO - Prepared sim number: 52: RAYPy_Simulation_Bessy2_HiBeta_short_FLUX/round_1/52_Bessy2_HiBeta_short_FLUX.rml
2024-07-05 15:08:02,486 - INFO - Prepared sim number: 53: RAYPy_Simulation_Bessy2_HiBeta_short_FLUX/round_1/53_Bessy2_HiBeta_short_FLUX.rml
2024-07-05 15:08:02,491 - INFO - Prepared sim number: 54: RAYPy_Simulation_Bessy2_HiBeta_short_FLUX/round_1/54_Bessy2_HiBeta_short_FLUX.rml
2024-07-05 15:08:02,498 - INFO - Prepared sim number: 55: RAYPy_Simulation_Bessy2_HiBeta_short_FLUX/round_1/55_Bessy2_HiBeta_short_FLUX.rml
2024-07-05 15:08:02,504 - INFO - Prepared sim number: 56: RAYPy_Simulation_Bessy2_HiBeta_short_FLUX/round_1/56_Bessy2_HiBeta_short_FLUX.rml
2024-07-05 15:08:02,511 - INFO - Prepared sim number: 57: RAYPy_Simulation_Bessy2_HiBeta_short_FLUX/round_1/57_Bessy2_HiBeta_short_FLUX.rml
2024-07-05 15:08:02,519 - INFO - Prepared sim number: 58: RAYPy_Simulation_Bessy2_HiBeta_short_FLUX/round_1/58_Bessy2_HiBeta_short_FLUX.rml
2024-07-05 15:08:02,524 - INFO - Prepared sim number: 59: RAYPy_Simulation_Bessy2_HiBeta_short_FLUX/round_1/59_Bessy2_HiBeta_short_FLUX.rml
2024-07-05 15:08:02,532 - INFO - Prepared sim number: 60: RAYPy_Simulation_Bessy2_HiBeta_short_FLUX/round_1/60_Bessy2_HiBeta_short_FLUX.rml
2024-07-05 15:08:02,539 - INFO - Prepared sim number: 61: RAYPy_Simulation_Bessy2_HiBeta_short_FLUX/round_1/61_Bessy2_HiBeta_short_FLUX.rml
2024-07-05 15:08:02,545 - INFO - Prepared sim number: 62: RAYPy_Simulation_Bessy2_HiBeta_short_FLUX/round_1/62_Bessy2_HiBeta_short_FLUX.rml
2024-07-05 15:08:02,550 - INFO - Prepared sim number: 63: RAYPy_Simulation_Bessy2_HiBeta_short_FLUX/round_1/63_Bessy2_HiBeta_short_FLUX.rml
2024-07-05 15:08:02,555 - INFO - Prepared sim number: 64: RAYPy_Simulation_Bessy2_HiBeta_short_FLUX/round_1/64_Bessy2_HiBeta_short_FLUX.rml
2024-07-05 15:08:02,562 - INFO - Prepared sim number: 65: RAYPy_Simulation_Bessy2_HiBeta_short_FLUX/round_1/65_Bessy2_HiBeta_short_FLUX.rml
2024-07-05 15:08:02,568 - INFO - Prepared sim number: 66: RAYPy_Simulation_Bessy2_HiBeta_short_FLUX/round_1/66_Bessy2_HiBeta_short_FLUX.rml
2024-07-05 15:08:02,573 - INFO - Prepared sim number: 67: RAYPy_Simulation_Bessy2_HiBeta_short_FLUX/round_1/67_Bessy2_HiBeta_short_FLUX.rml
2024-07-05 15:08:02,578 - INFO - Prepared sim number: 68: RAYPy_Simulation_Bessy2_HiBeta_short_FLUX/round_1/68_Bessy2_HiBeta_short_FLUX.rml
2024-07-05 15:08:02,584 - INFO - Prepared sim number: 69: RAYPy_Simulation_Bessy2_HiBeta_short_FLUX/round_1/69_Bessy2_HiBeta_short_FLUX.rml
2024-07-05 15:08:02,589 - INFO - Prepared sim number: 70: RAYPy_Simulation_Bessy2_HiBeta_short_FLUX/round_1/70_Bessy2_HiBeta_short_FLUX.rml
2024-07-05 15:08:02,594 - INFO - Prepared sim number: 71: RAYPy_Simulation_Bessy2_HiBeta_short_FLUX/round_1/71_Bessy2_HiBeta_short_FLUX.rml
2024-07-05 15:08:02,599 - INFO - Prepared sim number: 72: RAYPy_Simulation_Bessy2_HiBeta_short_FLUX/round_1/72_Bessy2_HiBeta_short_FLUX.rml
2024-07-05 15:08:02,604 - INFO - Prepared sim number: 73: RAYPy_Simulation_Bessy2_HiBeta_short_FLUX/round_1/73_Bessy2_HiBeta_short_FLUX.rml
2024-07-05 15:08:02,609 - INFO - Prepared sim number: 74: RAYPy_Simulation_Bessy2_HiBeta_short_FLUX/round_1/74_Bessy2_HiBeta_short_FLUX.rml
2024-07-05 15:08:02,614 - INFO - Prepared sim number: 75: RAYPy_Simulation_Bessy2_HiBeta_short_FLUX/round_1/75_Bessy2_HiBeta_short_FLUX.rml
2024-07-05 15:08:02,618 - INFO - Prepared sim number: 76: RAYPy_Simulation_Bessy2_HiBeta_short_FLUX/round_1/76_Bessy2_HiBeta_short_FLUX.rml
2024-07-05 15:08:02,624 - INFO - Prepared sim number: 77: RAYPy_Simulation_Bessy2_HiBeta_short_FLUX/round_1/77_Bessy2_HiBeta_short_FLUX.rml
2024-07-05 15:08:02,630 - INFO - Prepared sim number: 78: RAYPy_Simulation_Bessy2_HiBeta_short_FLUX/round_1/78_Bessy2_HiBeta_short_FLUX.rml
2024-07-05 15:08:02,636 - INFO - Prepared sim number: 79: RAYPy_Simulation_Bessy2_HiBeta_short_FLUX/round_1/79_Bessy2_HiBeta_short_FLUX.rml
2024-07-05 15:08:02,641 - INFO - Prepared sim number: 80: RAYPy_Simulation_Bessy2_HiBeta_short_FLUX/round_1/80_Bessy2_HiBeta_short_FLUX.rml
2024-07-05 15:08:02,647 - INFO - Prepared sim number: 81: RAYPy_Simulation_Bessy2_HiBeta_short_FLUX/round_1/81_Bessy2_HiBeta_short_FLUX.rml
2024-07-05 15:08:02,651 - INFO - Prepared sim number: 82: RAYPy_Simulation_Bessy2_HiBeta_short_FLUX/round_1/82_Bessy2_HiBeta_short_FLUX.rml
2024-07-05 15:08:02,652 - INFO - Waiting for batch number: 3, timeout: 34.38456022262573s
2024-07-05 15:08:07,030 - INFO - Completed: 1, remaining: 49, RAYPy_Simulation_Bessy2_HiBeta_short_FLUX/round_1/41_Bessy2_HiBeta_short_FLUX.rml
2024-07-05 15:08:07,069 - INFO - Completed: 2, remaining: 48, RAYPy_Simulation_Bessy2_HiBeta_short_FLUX/round_1/40_Bessy2_HiBeta_short_FLUX.rml
2024-07-05 15:08:07,111 - INFO - Completed: 3, remaining: 47, RAYPy_Simulation_Bessy2_HiBeta_short_FLUX/round_1/34_Bessy2_HiBeta_short_FLUX.rml
2024-07-05 15:08:07,137 - INFO - Completed: 4, remaining: 46, RAYPy_Simulation_Bessy2_HiBeta_short_FLUX/round_1/38_Bessy2_HiBeta_short_FLUX.rml
2024-07-05 15:08:07,221 - INFO - Completed: 5, remaining: 45, RAYPy_Simulation_Bessy2_HiBeta_short_FLUX/round_1/33_Bessy2_HiBeta_short_FLUX.rml
2024-07-05 15:08:07,305 - INFO - Completed: 6, remaining: 44, RAYPy_Simulation_Bessy2_HiBeta_short_FLUX/round_1/37_Bessy2_HiBeta_short_FLUX.rml
2024-07-05 15:08:07,721 - INFO - Completed: 7, remaining: 43, RAYPy_Simulation_Bessy2_HiBeta_short_FLUX/round_1/36_Bessy2_HiBeta_short_FLUX.rml
2024-07-05 15:08:09,295 - INFO - Completed: 8, remaining: 42, RAYPy_Simulation_Bessy2_HiBeta_short_FLUX/round_1/39_Bessy2_HiBeta_short_FLUX.rml
2024-07-05 15:08:09,535 - INFO - Completed: 9, remaining: 41, RAYPy_Simulation_Bessy2_HiBeta_short_FLUX/round_1/42_Bessy2_HiBeta_short_FLUX.rml
2024-07-05 15:08:09,770 - INFO - Completed: 10, remaining: 40, RAYPy_Simulation_Bessy2_HiBeta_short_FLUX/round_1/35_Bessy2_HiBeta_short_FLUX.rml
2024-07-05 15:08:12,328 - INFO - Completed: 11, remaining: 39, RAYPy_Simulation_Bessy2_HiBeta_short_FLUX/round_1/44_Bessy2_HiBeta_short_FLUX.rml
2024-07-05 15:08:12,419 - INFO - Completed: 12, remaining: 38, RAYPy_Simulation_Bessy2_HiBeta_short_FLUX/round_1/45_Bessy2_HiBeta_short_FLUX.rml
2024-07-05 15:08:12,449 - INFO - Completed: 13, remaining: 37, RAYPy_Simulation_Bessy2_HiBeta_short_FLUX/round_1/46_Bessy2_HiBeta_short_FLUX.rml
2024-07-05 15:08:12,627 - INFO - Completed: 14, remaining: 36, RAYPy_Simulation_Bessy2_HiBeta_short_FLUX/round_1/47_Bessy2_HiBeta_short_FLUX.rml
2024-07-05 15:08:12,647 - INFO - Completed: 15, remaining: 35, RAYPy_Simulation_Bessy2_HiBeta_short_FLUX/round_1/48_Bessy2_HiBeta_short_FLUX.rml
2024-07-05 15:08:12,659 - INFO - Completed: 16, remaining: 34, RAYPy_Simulation_Bessy2_HiBeta_short_FLUX/round_1/43_Bessy2_HiBeta_short_FLUX.rml
2024-07-05 15:08:13,122 - INFO - Completed: 17, remaining: 33, RAYPy_Simulation_Bessy2_HiBeta_short_FLUX/round_1/49_Bessy2_HiBeta_short_FLUX.rml
2024-07-05 15:08:14,581 - INFO - Completed: 18, remaining: 32, RAYPy_Simulation_Bessy2_HiBeta_short_FLUX/round_1/50_Bessy2_HiBeta_short_FLUX.rml
2024-07-05 15:08:14,655 - INFO - Completed: 19, remaining: 31, RAYPy_Simulation_Bessy2_HiBeta_short_FLUX/round_1/51_Bessy2_HiBeta_short_FLUX.rml
2024-07-05 15:08:14,807 - INFO - Completed: 20, remaining: 30, RAYPy_Simulation_Bessy2_HiBeta_short_FLUX/round_1/52_Bessy2_HiBeta_short_FLUX.rml
2024-07-05 15:08:17,606 - INFO - Completed: 21, remaining: 29, RAYPy_Simulation_Bessy2_HiBeta_short_FLUX/round_1/53_Bessy2_HiBeta_short_FLUX.rml
2024-07-05 15:08:17,637 - INFO - Completed: 22, remaining: 28, RAYPy_Simulation_Bessy2_HiBeta_short_FLUX/round_1/55_Bessy2_HiBeta_short_FLUX.rml
2024-07-05 15:08:17,809 - INFO - Completed: 23, remaining: 27, RAYPy_Simulation_Bessy2_HiBeta_short_FLUX/round_1/57_Bessy2_HiBeta_short_FLUX.rml
2024-07-05 15:08:17,854 - INFO - Completed: 24, remaining: 26, RAYPy_Simulation_Bessy2_HiBeta_short_FLUX/round_1/54_Bessy2_HiBeta_short_FLUX.rml
2024-07-05 15:08:17,919 - INFO - Completed: 25, remaining: 25, RAYPy_Simulation_Bessy2_HiBeta_short_FLUX/round_1/58_Bessy2_HiBeta_short_FLUX.rml
2024-07-05 15:08:18,211 - INFO - Completed: 26, remaining: 24, RAYPy_Simulation_Bessy2_HiBeta_short_FLUX/round_1/59_Bessy2_HiBeta_short_FLUX.rml
2024-07-05 15:08:18,580 - INFO - Completed: 27, remaining: 23, RAYPy_Simulation_Bessy2_HiBeta_short_FLUX/round_1/56_Bessy2_HiBeta_short_FLUX.rml
2024-07-05 15:08:19,720 - INFO - Completed: 28, remaining: 22, RAYPy_Simulation_Bessy2_HiBeta_short_FLUX/round_1/60_Bessy2_HiBeta_short_FLUX.rml
2024-07-05 15:08:19,732 - INFO - Completed: 29, remaining: 21, RAYPy_Simulation_Bessy2_HiBeta_short_FLUX/round_1/61_Bessy2_HiBeta_short_FLUX.rml
2024-07-05 15:08:19,776 - INFO - Completed: 30, remaining: 20, RAYPy_Simulation_Bessy2_HiBeta_short_FLUX/round_1/62_Bessy2_HiBeta_short_FLUX.rml
2024-07-05 15:08:22,217 - INFO - Completed: 31, remaining: 19, RAYPy_Simulation_Bessy2_HiBeta_short_FLUX/round_1/63_Bessy2_HiBeta_short_FLUX.rml
2024-07-05 15:08:22,255 - INFO - Completed: 32, remaining: 18, RAYPy_Simulation_Bessy2_HiBeta_short_FLUX/round_1/64_Bessy2_HiBeta_short_FLUX.rml
2024-07-05 15:08:22,531 - INFO - Completed: 33, remaining: 17, RAYPy_Simulation_Bessy2_HiBeta_short_FLUX/round_1/65_Bessy2_HiBeta_short_FLUX.rml
2024-07-05 15:08:22,603 - INFO - Completed: 34, remaining: 16, RAYPy_Simulation_Bessy2_HiBeta_short_FLUX/round_1/66_Bessy2_HiBeta_short_FLUX.rml
2024-07-05 15:08:22,855 - INFO - Completed: 35, remaining: 15, RAYPy_Simulation_Bessy2_HiBeta_short_FLUX/round_1/67_Bessy2_HiBeta_short_FLUX.rml
2024-07-05 15:08:23,323 - INFO - Completed: 36, remaining: 14, RAYPy_Simulation_Bessy2_HiBeta_short_FLUX/round_1/68_Bessy2_HiBeta_short_FLUX.rml
2024-07-05 15:08:24,432 - INFO - Completed: 37, remaining: 13, RAYPy_Simulation_Bessy2_HiBeta_short_FLUX/round_1/69_Bessy2_HiBeta_short_FLUX.rml
2024-07-05 15:08:25,057 - INFO - Completed: 38, remaining: 12, RAYPy_Simulation_Bessy2_HiBeta_short_FLUX/round_1/70_Bessy2_HiBeta_short_FLUX.rml
2024-07-05 15:08:25,344 - INFO - Completed: 39, remaining: 11, RAYPy_Simulation_Bessy2_HiBeta_short_FLUX/round_1/71_Bessy2_HiBeta_short_FLUX.rml
2024-07-05 15:08:25,515 - INFO - Completed: 40, remaining: 10, RAYPy_Simulation_Bessy2_HiBeta_short_FLUX/round_1/72_Bessy2_HiBeta_short_FLUX.rml
2024-07-05 15:08:27,948 - INFO - Completed: 41, remaining: 9, RAYPy_Simulation_Bessy2_HiBeta_short_FLUX/round_1/74_Bessy2_HiBeta_short_FLUX.rml
2024-07-05 15:08:28,097 - INFO - Completed: 42, remaining: 8, RAYPy_Simulation_Bessy2_HiBeta_short_FLUX/round_1/73_Bessy2_HiBeta_short_FLUX.rml
2024-07-05 15:08:28,287 - INFO - Completed: 43, remaining: 7, RAYPy_Simulation_Bessy2_HiBeta_short_FLUX/round_1/75_Bessy2_HiBeta_short_FLUX.rml
2024-07-05 15:08:28,307 - INFO - Completed: 44, remaining: 6, RAYPy_Simulation_Bessy2_HiBeta_short_FLUX/round_1/76_Bessy2_HiBeta_short_FLUX.rml
2024-07-05 15:08:28,456 - INFO - Completed: 45, remaining: 5, RAYPy_Simulation_Bessy2_HiBeta_short_FLUX/round_1/77_Bessy2_HiBeta_short_FLUX.rml
2024-07-05 15:08:28,638 - INFO - Completed: 46, remaining: 4, RAYPy_Simulation_Bessy2_HiBeta_short_FLUX/round_1/78_Bessy2_HiBeta_short_FLUX.rml
2024-07-05 15:08:28,956 - INFO - Completed: 47, remaining: 3, RAYPy_Simulation_Bessy2_HiBeta_short_FLUX/round_1/79_Bessy2_HiBeta_short_FLUX.rml
2024-07-05 15:08:29,065 - INFO - Completed: 48, remaining: 2, RAYPy_Simulation_Bessy2_HiBeta_short_FLUX/round_1/80_Bessy2_HiBeta_short_FLUX.rml
2024-07-05 15:08:29,086 - INFO - Completed: 49, remaining: 1, RAYPy_Simulation_Bessy2_HiBeta_short_FLUX/round_1/82_Bessy2_HiBeta_short_FLUX.rml
2024-07-05 15:08:29,142 - INFO - Completed: 50, remaining: 0, RAYPy_Simulation_Bessy2_HiBeta_short_FLUX/round_1/81_Bessy2_HiBeta_short_FLUX.rml
2024-07-05 15:08:29,142 - INFO - Batch Completed
2024-07-05 15:08:29,143 - INFO - Waiting For batch, 50 simulations to go
2024-07-05 15:08:29,154 - INFO - Prepared sim number: 83: RAYPy_Simulation_Bessy2_HiBeta_short_FLUX/round_1/83_Bessy2_HiBeta_short_FLUX.rml
2024-07-05 15:08:29,164 - INFO - Prepared sim number: 84: RAYPy_Simulation_Bessy2_HiBeta_short_FLUX/round_1/84_Bessy2_HiBeta_short_FLUX.rml
2024-07-05 15:08:29,176 - INFO - Prepared sim number: 85: RAYPy_Simulation_Bessy2_HiBeta_short_FLUX/round_1/85_Bessy2_HiBeta_short_FLUX.rml
2024-07-05 15:08:29,189 - INFO - Prepared sim number: 86: RAYPy_Simulation_Bessy2_HiBeta_short_FLUX/round_1/86_Bessy2_HiBeta_short_FLUX.rml
2024-07-05 15:08:29,198 - INFO - Prepared sim number: 87: RAYPy_Simulation_Bessy2_HiBeta_short_FLUX/round_1/87_Bessy2_HiBeta_short_FLUX.rml
2024-07-05 15:08:29,206 - INFO - Prepared sim number: 88: RAYPy_Simulation_Bessy2_HiBeta_short_FLUX/round_1/88_Bessy2_HiBeta_short_FLUX.rml
2024-07-05 15:08:29,216 - INFO - Prepared sim number: 89: RAYPy_Simulation_Bessy2_HiBeta_short_FLUX/round_1/89_Bessy2_HiBeta_short_FLUX.rml
2024-07-05 15:08:29,222 - INFO - Prepared sim number: 90: RAYPy_Simulation_Bessy2_HiBeta_short_FLUX/round_1/90_Bessy2_HiBeta_short_FLUX.rml
2024-07-05 15:08:29,229 - INFO - Prepared sim number: 91: RAYPy_Simulation_Bessy2_HiBeta_short_FLUX/round_1/91_Bessy2_HiBeta_short_FLUX.rml
2024-07-05 15:08:29,236 - INFO - Prepared sim number: 92: RAYPy_Simulation_Bessy2_HiBeta_short_FLUX/round_1/92_Bessy2_HiBeta_short_FLUX.rml
2024-07-05 15:08:29,242 - INFO - Prepared sim number: 93: RAYPy_Simulation_Bessy2_HiBeta_short_FLUX/round_1/93_Bessy2_HiBeta_short_FLUX.rml
2024-07-05 15:08:29,248 - INFO - Prepared sim number: 94: RAYPy_Simulation_Bessy2_HiBeta_short_FLUX/round_1/94_Bessy2_HiBeta_short_FLUX.rml
2024-07-05 15:08:29,254 - INFO - Prepared sim number: 95: RAYPy_Simulation_Bessy2_HiBeta_short_FLUX/round_1/95_Bessy2_HiBeta_short_FLUX.rml
2024-07-05 15:08:29,258 - INFO - Prepared sim number: 96: RAYPy_Simulation_Bessy2_HiBeta_short_FLUX/round_1/96_Bessy2_HiBeta_short_FLUX.rml
2024-07-05 15:08:29,264 - INFO - Prepared sim number: 97: RAYPy_Simulation_Bessy2_HiBeta_short_FLUX/round_1/97_Bessy2_HiBeta_short_FLUX.rml
2024-07-05 15:08:29,270 - INFO - Prepared sim number: 98: RAYPy_Simulation_Bessy2_HiBeta_short_FLUX/round_1/98_Bessy2_HiBeta_short_FLUX.rml
2024-07-05 15:08:29,274 - INFO - Prepared sim number: 99: RAYPy_Simulation_Bessy2_HiBeta_short_FLUX/round_1/99_Bessy2_HiBeta_short_FLUX.rml
2024-07-05 15:08:29,279 - INFO - Prepared sim number: 100: RAYPy_Simulation_Bessy2_HiBeta_short_FLUX/round_1/100_Bessy2_HiBeta_short_FLUX.rml
2024-07-05 15:08:29,284 - INFO - Prepared sim number: 101: RAYPy_Simulation_Bessy2_HiBeta_short_FLUX/round_1/101_Bessy2_HiBeta_short_FLUX.rml
2024-07-05 15:08:29,290 - INFO - Prepared sim number: 102: RAYPy_Simulation_Bessy2_HiBeta_short_FLUX/round_1/102_Bessy2_HiBeta_short_FLUX.rml
2024-07-05 15:08:29,294 - INFO - Prepared sim number: 103: RAYPy_Simulation_Bessy2_HiBeta_short_FLUX/round_1/103_Bessy2_HiBeta_short_FLUX.rml
2024-07-05 15:08:29,301 - INFO - Prepared sim number: 104: RAYPy_Simulation_Bessy2_HiBeta_short_FLUX/round_1/104_Bessy2_HiBeta_short_FLUX.rml
2024-07-05 15:08:29,306 - INFO - Prepared sim number: 105: RAYPy_Simulation_Bessy2_HiBeta_short_FLUX/round_1/105_Bessy2_HiBeta_short_FLUX.rml
2024-07-05 15:08:29,313 - INFO - Prepared sim number: 106: RAYPy_Simulation_Bessy2_HiBeta_short_FLUX/round_1/106_Bessy2_HiBeta_short_FLUX.rml
2024-07-05 15:08:29,319 - INFO - Prepared sim number: 107: RAYPy_Simulation_Bessy2_HiBeta_short_FLUX/round_1/107_Bessy2_HiBeta_short_FLUX.rml
2024-07-05 15:08:29,325 - INFO - Prepared sim number: 108: RAYPy_Simulation_Bessy2_HiBeta_short_FLUX/round_1/108_Bessy2_HiBeta_short_FLUX.rml
2024-07-05 15:08:29,331 - INFO - Prepared sim number: 109: RAYPy_Simulation_Bessy2_HiBeta_short_FLUX/round_1/109_Bessy2_HiBeta_short_FLUX.rml
2024-07-05 15:08:29,335 - INFO - Prepared sim number: 110: RAYPy_Simulation_Bessy2_HiBeta_short_FLUX/round_1/110_Bessy2_HiBeta_short_FLUX.rml
2024-07-05 15:08:29,340 - INFO - Prepared sim number: 111: RAYPy_Simulation_Bessy2_HiBeta_short_FLUX/round_1/111_Bessy2_HiBeta_short_FLUX.rml
2024-07-05 15:08:29,344 - INFO - Prepared sim number: 112: RAYPy_Simulation_Bessy2_HiBeta_short_FLUX/round_1/112_Bessy2_HiBeta_short_FLUX.rml
2024-07-05 15:08:29,349 - INFO - Prepared sim number: 113: RAYPy_Simulation_Bessy2_HiBeta_short_FLUX/round_1/113_Bessy2_HiBeta_short_FLUX.rml
2024-07-05 15:08:29,354 - INFO - Prepared sim number: 114: RAYPy_Simulation_Bessy2_HiBeta_short_FLUX/round_1/114_Bessy2_HiBeta_short_FLUX.rml
2024-07-05 15:08:29,358 - INFO - Prepared sim number: 115: RAYPy_Simulation_Bessy2_HiBeta_short_FLUX/round_1/115_Bessy2_HiBeta_short_FLUX.rml
2024-07-05 15:08:29,362 - INFO - Prepared sim number: 116: RAYPy_Simulation_Bessy2_HiBeta_short_FLUX/round_1/116_Bessy2_HiBeta_short_FLUX.rml
2024-07-05 15:08:29,362 - INFO - Waiting for batch number: 4, timeout: 33.57102199316025s
2024-07-05 15:08:33,099 - INFO - Completed: 1, remaining: 49, RAYPy_Simulation_Bessy2_HiBeta_short_FLUX/round_1/85_Bessy2_HiBeta_short_FLUX.rml
2024-07-05 15:08:33,371 - INFO - Completed: 2, remaining: 48, RAYPy_Simulation_Bessy2_HiBeta_short_FLUX/round_1/88_Bessy2_HiBeta_short_FLUX.rml
2024-07-05 15:08:33,525 - INFO - Completed: 3, remaining: 47, RAYPy_Simulation_Bessy2_HiBeta_short_FLUX/round_1/83_Bessy2_HiBeta_short_FLUX.rml
2024-07-05 15:08:33,560 - INFO - Completed: 4, remaining: 46, RAYPy_Simulation_Bessy2_HiBeta_short_FLUX/round_1/86_Bessy2_HiBeta_short_FLUX.rml
2024-07-05 15:08:33,599 - INFO - Completed: 5, remaining: 45, RAYPy_Simulation_Bessy2_HiBeta_short_FLUX/round_1/90_Bessy2_HiBeta_short_FLUX.rml
2024-07-05 15:08:33,863 - INFO - Completed: 6, remaining: 44, RAYPy_Simulation_Bessy2_HiBeta_short_FLUX/round_1/92_Bessy2_HiBeta_short_FLUX.rml
2024-07-05 15:08:34,618 - INFO - Completed: 7, remaining: 43, RAYPy_Simulation_Bessy2_HiBeta_short_FLUX/round_1/84_Bessy2_HiBeta_short_FLUX.rml
2024-07-05 15:08:36,608 - INFO - Completed: 8, remaining: 42, RAYPy_Simulation_Bessy2_HiBeta_short_FLUX/round_1/89_Bessy2_HiBeta_short_FLUX.rml
2024-07-05 15:08:36,698 - INFO - Completed: 9, remaining: 41, RAYPy_Simulation_Bessy2_HiBeta_short_FLUX/round_1/87_Bessy2_HiBeta_short_FLUX.rml
2024-07-05 15:08:37,287 - INFO - Completed: 10, remaining: 40, RAYPy_Simulation_Bessy2_HiBeta_short_FLUX/round_1/91_Bessy2_HiBeta_short_FLUX.rml
2024-07-05 15:08:39,244 - INFO - Completed: 11, remaining: 39, RAYPy_Simulation_Bessy2_HiBeta_short_FLUX/round_1/95_Bessy2_HiBeta_short_FLUX.rml
2024-07-05 15:08:39,416 - INFO - Completed: 12, remaining: 38, RAYPy_Simulation_Bessy2_HiBeta_short_FLUX/round_1/96_Bessy2_HiBeta_short_FLUX.rml
2024-07-05 15:08:39,464 - INFO - Completed: 13, remaining: 37, RAYPy_Simulation_Bessy2_HiBeta_short_FLUX/round_1/94_Bessy2_HiBeta_short_FLUX.rml
2024-07-05 15:08:39,645 - INFO - Completed: 14, remaining: 36, RAYPy_Simulation_Bessy2_HiBeta_short_FLUX/round_1/97_Bessy2_HiBeta_short_FLUX.rml
2024-07-05 15:08:39,852 - INFO - Completed: 15, remaining: 35, RAYPy_Simulation_Bessy2_HiBeta_short_FLUX/round_1/98_Bessy2_HiBeta_short_FLUX.rml
2024-07-05 15:08:40,228 - INFO - Completed: 16, remaining: 34, RAYPy_Simulation_Bessy2_HiBeta_short_FLUX/round_1/93_Bessy2_HiBeta_short_FLUX.rml
2024-07-05 15:08:40,479 - INFO - Completed: 17, remaining: 33, RAYPy_Simulation_Bessy2_HiBeta_short_FLUX/round_1/99_Bessy2_HiBeta_short_FLUX.rml
2024-07-05 15:08:43,796 - INFO - Completed: 18, remaining: 32, RAYPy_Simulation_Bessy2_HiBeta_short_FLUX/round_1/101_Bessy2_HiBeta_short_FLUX.rml
2024-07-05 15:08:44,165 - INFO - Completed: 19, remaining: 31, RAYPy_Simulation_Bessy2_HiBeta_short_FLUX/round_1/100_Bessy2_HiBeta_short_FLUX.rml
2024-07-05 15:08:44,672 - INFO - Completed: 20, remaining: 30, RAYPy_Simulation_Bessy2_HiBeta_short_FLUX/round_1/102_Bessy2_HiBeta_short_FLUX.rml
2024-07-05 15:08:46,827 - INFO - Completed: 21, remaining: 29, RAYPy_Simulation_Bessy2_HiBeta_short_FLUX/round_1/105_Bessy2_HiBeta_short_FLUX.rml
2024-07-05 15:08:46,912 - INFO - Completed: 22, remaining: 28, RAYPy_Simulation_Bessy2_HiBeta_short_FLUX/round_1/103_Bessy2_HiBeta_short_FLUX.rml
2024-07-05 15:08:47,146 - INFO - Completed: 23, remaining: 27, RAYPy_Simulation_Bessy2_HiBeta_short_FLUX/round_1/104_Bessy2_HiBeta_short_FLUX.rml
2024-07-05 15:08:47,302 - INFO - Completed: 24, remaining: 26, RAYPy_Simulation_Bessy2_HiBeta_short_FLUX/round_1/106_Bessy2_HiBeta_short_FLUX.rml
2024-07-05 15:08:47,461 - INFO - Completed: 25, remaining: 25, RAYPy_Simulation_Bessy2_HiBeta_short_FLUX/round_1/107_Bessy2_HiBeta_short_FLUX.rml
2024-07-05 15:08:47,791 - INFO - Completed: 26, remaining: 24, RAYPy_Simulation_Bessy2_HiBeta_short_FLUX/round_1/108_Bessy2_HiBeta_short_FLUX.rml
2024-07-05 15:08:47,914 - INFO - Completed: 27, remaining: 23, RAYPy_Simulation_Bessy2_HiBeta_short_FLUX/round_1/109_Bessy2_HiBeta_short_FLUX.rml
2024-07-05 15:08:48,816 - INFO - Completed: 28, remaining: 22, RAYPy_Simulation_Bessy2_HiBeta_short_FLUX/round_1/111_Bessy2_HiBeta_short_FLUX.rml
2024-07-05 15:08:48,935 - INFO - Completed: 29, remaining: 21, RAYPy_Simulation_Bessy2_HiBeta_short_FLUX/round_1/110_Bessy2_HiBeta_short_FLUX.rml
2024-07-05 15:08:48,976 - INFO - Completed: 30, remaining: 20, RAYPy_Simulation_Bessy2_HiBeta_short_FLUX/round_1/112_Bessy2_HiBeta_short_FLUX.rml
2024-07-05 15:08:50,037 - INFO - Completed: 31, remaining: 19, RAYPy_Simulation_Bessy2_HiBeta_short_FLUX/round_1/113_Bessy2_HiBeta_short_FLUX.rml
2024-07-05 15:08:50,198 - INFO - Completed: 32, remaining: 18, RAYPy_Simulation_Bessy2_HiBeta_short_FLUX/round_1/114_Bessy2_HiBeta_short_FLUX.rml
2024-07-05 15:08:50,271 - INFO - Completed: 33, remaining: 17, RAYPy_Simulation_Bessy2_HiBeta_short_FLUX/round_1/115_Bessy2_HiBeta_short_FLUX.rml
2024-07-05 15:08:50,679 - INFO - Completed: 34, remaining: 16, RAYPy_Simulation_Bessy2_HiBeta_short_FLUX/round_1/116_Bessy2_HiBeta_short_FLUX.rml
2024-07-05 15:08:50,680 - INFO - Batch Completed
2024-07-05 15:08:50,680 - INFO - Waiting For batch, 50 simulations to go
2024-07-05 15:08:50,680 - INFO - Remaning Simulations 0, stop the simulations loop
2024-07-05 15:08:50,680 - INFO - Checking that all simulations are completed before stopping the ProcessPoolExecutor
2024-07-05 15:08:50,966 - INFO - Executor shutdown completed.
2024-07-05 15:08:50,981 - INFO - Simulation completed successfully.
2024-07-05 15:08:50,981 - INFO - Starting cleanup
2024-07-05 15:08:52,593 - INFO - Done with the cleanup
2024-07-05 15:08:52,593 - INFO - End of the Simulations
