2024-07-01 10:37:13,765 - INFO - Simulation started, using 30 workers
2024-07-01 10:37:13,767 - INFO - Start round 0
2024-07-01 10:37:13,768 - INFO - Prepared sim number: 0: RAYPy_Simulation_bessy3_RP/round_0/0_bessy3_RP.rml
2024-07-01 10:37:13,768 - INFO - Prepared sim number: 1: RAYPy_Simulation_bessy3_RP/round_0/1_bessy3_RP.rml
2024-07-01 10:37:13,769 - INFO - Prepared sim number: 2: RAYPy_Simulation_bessy3_RP/round_0/2_bessy3_RP.rml
2024-07-01 10:37:13,770 - INFO - Prepared sim number: 3: RAYPy_Simulation_bessy3_RP/round_0/3_bessy3_RP.rml
2024-07-01 10:37:13,771 - INFO - Prepared sim number: 4: RAYPy_Simulation_bessy3_RP/round_0/4_bessy3_RP.rml
2024-07-01 10:37:13,772 - INFO - Prepared sim number: 5: RAYPy_Simulation_bessy3_RP/round_0/5_bessy3_RP.rml
2024-07-01 10:37:13,772 - INFO - Prepared sim number: 6: RAYPy_Simulation_bessy3_RP/round_0/6_bessy3_RP.rml
2024-07-01 10:37:13,773 - INFO - Prepared sim number: 7: RAYPy_Simulation_bessy3_RP/round_0/7_bessy3_RP.rml
2024-07-01 10:37:13,801 - INFO - Waiting for batch number: 0, timeout: 60s
2024-07-01 10:37:14,512 - INFO - Completed: 1, remaining: 149, RAYPy_Simulation_bessy3_RP/round_0/4_bessy3_RP.rml
2024-07-01 10:37:14,579 - INFO - Completed: 2, remaining: 148, RAYPy_Simulation_bessy3_RP/round_0/1_bessy3_RP.rml
2024-07-01 10:37:16,567 - INFO - Completed: 3, remaining: 147, RAYPy_Simulation_bessy3_RP/round_0/7_bessy3_RP.rml
2024-07-01 10:37:18,538 - INFO - Completed: 4, remaining: 146, RAYPy_Simulation_bessy3_RP/round_0/5_bessy3_RP.rml
2024-07-01 10:37:20,586 - INFO - Completed: 5, remaining: 145, RAYPy_Simulation_bessy3_RP/round_0/6_bessy3_RP.rml
2024-07-01 10:37:22,612 - INFO - Completed: 6, remaining: 144, RAYPy_Simulation_bessy3_RP/round_0/2_bessy3_RP.rml
2024-07-01 10:37:22,619 - INFO - Completed: 7, remaining: 143, RAYPy_Simulation_bessy3_RP/round_0/3_bessy3_RP.rml
2024-07-01 10:37:24,556 - INFO - Completed: 8, remaining: 142, RAYPy_Simulation_bessy3_RP/round_0/0_bessy3_RP.rml
2024-07-01 10:37:24,556 - INFO - Batch Completed
2024-07-01 10:37:24,556 - INFO - Waiting For batch, 150 simulations to go
2024-07-01 10:37:24,556 - INFO - Remaning Simulations 0, stop the simulations loop
2024-07-01 10:37:24,556 - INFO - Checking that all simulations are completed before stopping the ProcessPoolExecutor
2024-07-01 10:37:24,556 - INFO - Executor shutdown completed.
2024-07-01 10:37:24,556 - INFO - Simulation completed successfully.
2024-07-01 10:37:24,556 - INFO - Starting cleanup
2024-07-01 10:37:24,559 - INFO - Done with the cleanup
2024-07-01 10:37:24,559 - INFO - Brute force exit
2024-07-01 10:40:10,084 - INFO - Simulation started, using 30 workers
2024-07-01 10:40:10,086 - INFO - Start round 0
2024-07-01 10:40:10,086 - INFO - Waiting for batch number: 0, timeout: 60s
2024-07-01 10:40:10,086 - INFO - Batch Completed
2024-07-01 10:40:10,086 - INFO - Waiting For batch, 150 simulations to go
2024-07-01 10:40:10,086 - INFO - Remaning Simulations 0, stop the simulations loop
2024-07-01 10:40:10,086 - INFO - Checking that all simulations are completed before stopping the ProcessPoolExecutor
2024-07-01 10:40:10,086 - INFO - Executor shutdown completed.
2024-07-01 10:40:10,087 - INFO - Simulation completed successfully.
2024-07-01 10:40:10,087 - INFO - Starting cleanup
2024-07-01 10:40:10,088 - INFO - Done with the cleanup
2024-07-01 10:40:10,088 - INFO - Brute force exit
