2024-07-05 15:04:43,323 - INFO - Simulation started, using 10 workers
2024-07-05 15:04:43,330 - INFO - Start round 0
2024-07-05 15:04:43,351 - INFO - Prepared sim number: 0: RAYPy_Simulation_Bessy2_HiBeta_long_RP/round_0/0_Bessy2_HiBeta_long_RP.rml
2024-07-05 15:04:43,375 - INFO - Prepared sim number: 1: RAYPy_Simulation_Bessy2_HiBeta_long_RP/round_0/1_Bessy2_HiBeta_long_RP.rml
2024-07-05 15:04:43,402 - INFO - Prepared sim number: 2: RAYPy_Simulation_Bessy2_HiBeta_long_RP/round_0/2_Bessy2_HiBeta_long_RP.rml
2024-07-05 15:04:43,429 - INFO - Prepared sim number: 3: RAYPy_Simulation_Bessy2_HiBeta_long_RP/round_0/3_Bessy2_HiBeta_long_RP.rml
2024-07-05 15:04:43,453 - INFO - Prepared sim number: 4: RAYPy_Simulation_Bessy2_HiBeta_long_RP/round_0/4_Bessy2_HiBeta_long_RP.rml
2024-07-05 15:04:43,473 - INFO - Prepared sim number: 5: RAYPy_Simulation_Bessy2_HiBeta_long_RP/round_0/5_Bessy2_HiBeta_long_RP.rml
2024-07-05 15:04:43,486 - INFO - Prepared sim number: 6: RAYPy_Simulation_Bessy2_HiBeta_long_RP/round_0/6_Bessy2_HiBeta_long_RP.rml
2024-07-05 15:04:43,498 - INFO - Prepared sim number: 7: RAYPy_Simulation_Bessy2_HiBeta_long_RP/round_0/7_Bessy2_HiBeta_long_RP.rml
2024-07-05 15:04:43,510 - INFO - Prepared sim number: 8: RAYPy_Simulation_Bessy2_HiBeta_long_RP/round_0/8_Bessy2_HiBeta_long_RP.rml
2024-07-05 15:04:43,519 - INFO - Prepared sim number: 9: RAYPy_Simulation_Bessy2_HiBeta_long_RP/round_0/9_Bessy2_HiBeta_long_RP.rml
2024-07-05 15:04:43,529 - INFO - Prepared sim number: 10: RAYPy_Simulation_Bessy2_HiBeta_long_RP/round_0/10_Bessy2_HiBeta_long_RP.rml
2024-07-05 15:04:43,540 - INFO - Prepared sim number: 11: RAYPy_Simulation_Bessy2_HiBeta_long_RP/round_0/11_Bessy2_HiBeta_long_RP.rml
2024-07-05 15:04:43,550 - INFO - Prepared sim number: 12: RAYPy_Simulation_Bessy2_HiBeta_long_RP/round_0/12_Bessy2_HiBeta_long_RP.rml
2024-07-05 15:04:43,562 - INFO - Prepared sim number: 13: RAYPy_Simulation_Bessy2_HiBeta_long_RP/round_0/13_Bessy2_HiBeta_long_RP.rml
2024-07-05 15:04:43,570 - INFO - Prepared sim number: 14: RAYPy_Simulation_Bessy2_HiBeta_long_RP/round_0/14_Bessy2_HiBeta_long_RP.rml
2024-07-05 15:04:43,580 - INFO - Prepared sim number: 15: RAYPy_Simulation_Bessy2_HiBeta_long_RP/round_0/15_Bessy2_HiBeta_long_RP.rml
2024-07-05 15:04:43,596 - INFO - Prepared sim number: 16: RAYPy_Simulation_Bessy2_HiBeta_long_RP/round_0/16_Bessy2_HiBeta_long_RP.rml
2024-07-05 15:04:43,606 - INFO - Prepared sim number: 17: RAYPy_Simulation_Bessy2_HiBeta_long_RP/round_0/17_Bessy2_HiBeta_long_RP.rml
2024-07-05 15:04:43,622 - INFO - Prepared sim number: 18: RAYPy_Simulation_Bessy2_HiBeta_long_RP/round_0/18_Bessy2_HiBeta_long_RP.rml
2024-07-05 15:04:43,640 - INFO - Prepared sim number: 19: RAYPy_Simulation_Bessy2_HiBeta_long_RP/round_0/19_Bessy2_HiBeta_long_RP.rml
2024-07-05 15:04:43,656 - INFO - Prepared sim number: 20: RAYPy_Simulation_Bessy2_HiBeta_long_RP/round_0/20_Bessy2_HiBeta_long_RP.rml
2024-07-05 15:04:43,665 - INFO - Prepared sim number: 21: RAYPy_Simulation_Bessy2_HiBeta_long_RP/round_0/21_Bessy2_HiBeta_long_RP.rml
2024-07-05 15:04:43,678 - INFO - Prepared sim number: 22: RAYPy_Simulation_Bessy2_HiBeta_long_RP/round_0/22_Bessy2_HiBeta_long_RP.rml
2024-07-05 15:04:43,687 - INFO - Prepared sim number: 23: RAYPy_Simulation_Bessy2_HiBeta_long_RP/round_0/23_Bessy2_HiBeta_long_RP.rml
2024-07-05 15:04:43,696 - INFO - Prepared sim number: 24: RAYPy_Simulation_Bessy2_HiBeta_long_RP/round_0/24_Bessy2_HiBeta_long_RP.rml
2024-07-05 15:04:43,705 - INFO - Prepared sim number: 25: RAYPy_Simulation_Bessy2_HiBeta_long_RP/round_0/25_Bessy2_HiBeta_long_RP.rml
2024-07-05 15:04:43,714 - INFO - Prepared sim number: 26: RAYPy_Simulation_Bessy2_HiBeta_long_RP/round_0/26_Bessy2_HiBeta_long_RP.rml
2024-07-05 15:04:43,723 - INFO - Prepared sim number: 27: RAYPy_Simulation_Bessy2_HiBeta_long_RP/round_0/27_Bessy2_HiBeta_long_RP.rml
2024-07-05 15:04:43,732 - INFO - Prepared sim number: 28: RAYPy_Simulation_Bessy2_HiBeta_long_RP/round_0/28_Bessy2_HiBeta_long_RP.rml
2024-07-05 15:04:43,740 - INFO - Prepared sim number: 29: RAYPy_Simulation_Bessy2_HiBeta_long_RP/round_0/29_Bessy2_HiBeta_long_RP.rml
2024-07-05 15:04:43,748 - INFO - Prepared sim number: 30: RAYPy_Simulation_Bessy2_HiBeta_long_RP/round_0/30_Bessy2_HiBeta_long_RP.rml
2024-07-05 15:04:43,759 - INFO - Prepared sim number: 31: RAYPy_Simulation_Bessy2_HiBeta_long_RP/round_0/31_Bessy2_HiBeta_long_RP.rml
2024-07-05 15:04:43,773 - INFO - Prepared sim number: 32: RAYPy_Simulation_Bessy2_HiBeta_long_RP/round_0/32_Bessy2_HiBeta_long_RP.rml
2024-07-05 15:04:43,787 - INFO - Prepared sim number: 33: RAYPy_Simulation_Bessy2_HiBeta_long_RP/round_0/33_Bessy2_HiBeta_long_RP.rml
2024-07-05 15:04:43,797 - INFO - Prepared sim number: 34: RAYPy_Simulation_Bessy2_HiBeta_long_RP/round_0/34_Bessy2_HiBeta_long_RP.rml
2024-07-05 15:04:43,804 - INFO - Prepared sim number: 35: RAYPy_Simulation_Bessy2_HiBeta_long_RP/round_0/35_Bessy2_HiBeta_long_RP.rml
2024-07-05 15:04:43,812 - INFO - Prepared sim number: 36: RAYPy_Simulation_Bessy2_HiBeta_long_RP/round_0/36_Bessy2_HiBeta_long_RP.rml
2024-07-05 15:04:43,819 - INFO - Prepared sim number: 37: RAYPy_Simulation_Bessy2_HiBeta_long_RP/round_0/37_Bessy2_HiBeta_long_RP.rml
2024-07-05 15:04:43,827 - INFO - Prepared sim number: 38: RAYPy_Simulation_Bessy2_HiBeta_long_RP/round_0/38_Bessy2_HiBeta_long_RP.rml
2024-07-05 15:04:43,838 - INFO - Prepared sim number: 39: RAYPy_Simulation_Bessy2_HiBeta_long_RP/round_0/39_Bessy2_HiBeta_long_RP.rml
2024-07-05 15:04:43,847 - INFO - Prepared sim number: 40: RAYPy_Simulation_Bessy2_HiBeta_long_RP/round_0/40_Bessy2_HiBeta_long_RP.rml
2024-07-05 15:04:43,856 - INFO - Prepared sim number: 41: RAYPy_Simulation_Bessy2_HiBeta_long_RP/round_0/41_Bessy2_HiBeta_long_RP.rml
2024-07-05 15:04:43,868 - INFO - Prepared sim number: 42: RAYPy_Simulation_Bessy2_HiBeta_long_RP/round_0/42_Bessy2_HiBeta_long_RP.rml
2024-07-05 15:04:43,878 - INFO - Prepared sim number: 43: RAYPy_Simulation_Bessy2_HiBeta_long_RP/round_0/43_Bessy2_HiBeta_long_RP.rml
2024-07-05 15:04:43,888 - INFO - Prepared sim number: 44: RAYPy_Simulation_Bessy2_HiBeta_long_RP/round_0/44_Bessy2_HiBeta_long_RP.rml
2024-07-05 15:04:43,899 - INFO - Prepared sim number: 45: RAYPy_Simulation_Bessy2_HiBeta_long_RP/round_0/45_Bessy2_HiBeta_long_RP.rml
2024-07-05 15:04:43,908 - INFO - Prepared sim number: 46: RAYPy_Simulation_Bessy2_HiBeta_long_RP/round_0/46_Bessy2_HiBeta_long_RP.rml
2024-07-05 15:04:43,916 - INFO - Prepared sim number: 47: RAYPy_Simulation_Bessy2_HiBeta_long_RP/round_0/47_Bessy2_HiBeta_long_RP.rml
2024-07-05 15:04:43,924 - INFO - Prepared sim number: 48: RAYPy_Simulation_Bessy2_HiBeta_long_RP/round_0/48_Bessy2_HiBeta_long_RP.rml
2024-07-05 15:04:43,932 - INFO - Prepared sim number: 49: RAYPy_Simulation_Bessy2_HiBeta_long_RP/round_0/49_Bessy2_HiBeta_long_RP.rml
2024-07-05 15:04:43,951 - INFO - Waiting for batch number: 0, timeout: 60s
2024-07-05 15:04:46,437 - INFO - Completed: 1, remaining: 49, RAYPy_Simulation_Bessy2_HiBeta_long_RP/round_0/8_Bessy2_HiBeta_long_RP.rml
2024-07-05 15:04:46,469 - INFO - Completed: 2, remaining: 48, RAYPy_Simulation_Bessy2_HiBeta_long_RP/round_0/2_Bessy2_HiBeta_long_RP.rml
2024-07-05 15:04:46,508 - INFO - Completed: 3, remaining: 47, RAYPy_Simulation_Bessy2_HiBeta_long_RP/round_0/0_Bessy2_HiBeta_long_RP.rml
2024-07-05 15:04:46,607 - INFO - Completed: 4, remaining: 46, RAYPy_Simulation_Bessy2_HiBeta_long_RP/round_0/7_Bessy2_HiBeta_long_RP.rml
2024-07-05 15:04:46,643 - INFO - Completed: 5, remaining: 45, RAYPy_Simulation_Bessy2_HiBeta_long_RP/round_0/6_Bessy2_HiBeta_long_RP.rml
2024-07-05 15:04:46,818 - INFO - Completed: 6, remaining: 44, RAYPy_Simulation_Bessy2_HiBeta_long_RP/round_0/9_Bessy2_HiBeta_long_RP.rml
2024-07-05 15:04:47,081 - INFO - Completed: 7, remaining: 43, RAYPy_Simulation_Bessy2_HiBeta_long_RP/round_0/4_Bessy2_HiBeta_long_RP.rml
2024-07-05 15:04:47,189 - INFO - Completed: 8, remaining: 42, RAYPy_Simulation_Bessy2_HiBeta_long_RP/round_0/5_Bessy2_HiBeta_long_RP.rml
2024-07-05 15:04:50,269 - INFO - Completed: 9, remaining: 41, RAYPy_Simulation_Bessy2_HiBeta_long_RP/round_0/3_Bessy2_HiBeta_long_RP.rml
2024-07-05 15:04:51,402 - INFO - Completed: 10, remaining: 40, RAYPy_Simulation_Bessy2_HiBeta_long_RP/round_0/10_Bessy2_HiBeta_long_RP.rml
2024-07-05 15:04:51,472 - INFO - Completed: 11, remaining: 39, RAYPy_Simulation_Bessy2_HiBeta_long_RP/round_0/13_Bessy2_HiBeta_long_RP.rml
2024-07-05 15:04:51,559 - INFO - Completed: 12, remaining: 38, RAYPy_Simulation_Bessy2_HiBeta_long_RP/round_0/11_Bessy2_HiBeta_long_RP.rml
2024-07-05 15:04:51,598 - INFO - Completed: 13, remaining: 37, RAYPy_Simulation_Bessy2_HiBeta_long_RP/round_0/12_Bessy2_HiBeta_long_RP.rml
2024-07-05 15:04:51,710 - INFO - Completed: 14, remaining: 36, RAYPy_Simulation_Bessy2_HiBeta_long_RP/round_0/15_Bessy2_HiBeta_long_RP.rml
2024-07-05 15:04:51,857 - INFO - Completed: 15, remaining: 35, RAYPy_Simulation_Bessy2_HiBeta_long_RP/round_0/16_Bessy2_HiBeta_long_RP.rml
2024-07-05 15:04:52,007 - INFO - Completed: 16, remaining: 34, RAYPy_Simulation_Bessy2_HiBeta_long_RP/round_0/17_Bessy2_HiBeta_long_RP.rml
2024-07-05 15:04:52,177 - INFO - Completed: 17, remaining: 33, RAYPy_Simulation_Bessy2_HiBeta_long_RP/round_0/1_Bessy2_HiBeta_long_RP.rml
2024-07-05 15:04:52,224 - INFO - Completed: 18, remaining: 32, RAYPy_Simulation_Bessy2_HiBeta_long_RP/round_0/14_Bessy2_HiBeta_long_RP.rml
2024-07-05 15:04:54,190 - INFO - Completed: 19, remaining: 31, RAYPy_Simulation_Bessy2_HiBeta_long_RP/round_0/18_Bessy2_HiBeta_long_RP.rml
2024-07-05 15:04:55,418 - INFO - Completed: 20, remaining: 30, RAYPy_Simulation_Bessy2_HiBeta_long_RP/round_0/22_Bessy2_HiBeta_long_RP.rml
2024-07-05 15:04:55,551 - INFO - Completed: 21, remaining: 29, RAYPy_Simulation_Bessy2_HiBeta_long_RP/round_0/23_Bessy2_HiBeta_long_RP.rml
2024-07-05 15:04:55,593 - INFO - Completed: 22, remaining: 28, RAYPy_Simulation_Bessy2_HiBeta_long_RP/round_0/20_Bessy2_HiBeta_long_RP.rml
2024-07-05 15:04:55,789 - INFO - Completed: 23, remaining: 27, RAYPy_Simulation_Bessy2_HiBeta_long_RP/round_0/24_Bessy2_HiBeta_long_RP.rml
2024-07-05 15:04:55,869 - INFO - Completed: 24, remaining: 26, RAYPy_Simulation_Bessy2_HiBeta_long_RP/round_0/25_Bessy2_HiBeta_long_RP.rml
2024-07-05 15:04:55,917 - INFO - Completed: 25, remaining: 25, RAYPy_Simulation_Bessy2_HiBeta_long_RP/round_0/26_Bessy2_HiBeta_long_RP.rml
2024-07-05 15:04:56,036 - INFO - Completed: 26, remaining: 24, RAYPy_Simulation_Bessy2_HiBeta_long_RP/round_0/27_Bessy2_HiBeta_long_RP.rml
2024-07-05 15:04:56,102 - INFO - Completed: 27, remaining: 23, RAYPy_Simulation_Bessy2_HiBeta_long_RP/round_0/19_Bessy2_HiBeta_long_RP.rml
2024-07-05 15:04:56,176 - INFO - Completed: 28, remaining: 22, RAYPy_Simulation_Bessy2_HiBeta_long_RP/round_0/21_Bessy2_HiBeta_long_RP.rml
2024-07-05 15:04:58,487 - INFO - Completed: 29, remaining: 21, RAYPy_Simulation_Bessy2_HiBeta_long_RP/round_0/28_Bessy2_HiBeta_long_RP.rml
2024-07-05 15:04:58,851 - INFO - Completed: 30, remaining: 20, RAYPy_Simulation_Bessy2_HiBeta_long_RP/round_0/29_Bessy2_HiBeta_long_RP.rml
2024-07-05 15:04:59,350 - INFO - Completed: 31, remaining: 19, RAYPy_Simulation_Bessy2_HiBeta_long_RP/round_0/30_Bessy2_HiBeta_long_RP.rml
2024-07-05 15:04:59,593 - INFO - Completed: 32, remaining: 18, RAYPy_Simulation_Bessy2_HiBeta_long_RP/round_0/31_Bessy2_HiBeta_long_RP.rml
2024-07-05 15:04:59,731 - INFO - Completed: 33, remaining: 17, RAYPy_Simulation_Bessy2_HiBeta_long_RP/round_0/32_Bessy2_HiBeta_long_RP.rml
2024-07-05 15:04:59,928 - INFO - Completed: 34, remaining: 16, RAYPy_Simulation_Bessy2_HiBeta_long_RP/round_0/33_Bessy2_HiBeta_long_RP.rml
2024-07-05 15:05:00,048 - INFO - Completed: 35, remaining: 15, RAYPy_Simulation_Bessy2_HiBeta_long_RP/round_0/34_Bessy2_HiBeta_long_RP.rml
2024-07-05 15:05:00,098 - INFO - Completed: 36, remaining: 14, RAYPy_Simulation_Bessy2_HiBeta_long_RP/round_0/35_Bessy2_HiBeta_long_RP.rml
2024-07-05 15:05:00,321 - INFO - Completed: 37, remaining: 13, RAYPy_Simulation_Bessy2_HiBeta_long_RP/round_0/36_Bessy2_HiBeta_long_RP.rml
2024-07-05 15:05:01,131 - INFO - Completed: 38, remaining: 12, RAYPy_Simulation_Bessy2_HiBeta_long_RP/round_0/37_Bessy2_HiBeta_long_RP.rml
2024-07-05 15:05:04,193 - INFO - Completed: 39, remaining: 11, RAYPy_Simulation_Bessy2_HiBeta_long_RP/round_0/38_Bessy2_HiBeta_long_RP.rml
2024-07-05 15:05:04,400 - INFO - Completed: 40, remaining: 10, RAYPy_Simulation_Bessy2_HiBeta_long_RP/round_0/40_Bessy2_HiBeta_long_RP.rml
2024-07-05 15:05:04,458 - INFO - Completed: 41, remaining: 9, RAYPy_Simulation_Bessy2_HiBeta_long_RP/round_0/42_Bessy2_HiBeta_long_RP.rml
2024-07-05 15:05:04,507 - INFO - Completed: 42, remaining: 8, RAYPy_Simulation_Bessy2_HiBeta_long_RP/round_0/39_Bessy2_HiBeta_long_RP.rml
2024-07-05 15:05:04,636 - INFO - Completed: 43, remaining: 7, RAYPy_Simulation_Bessy2_HiBeta_long_RP/round_0/41_Bessy2_HiBeta_long_RP.rml
2024-07-05 15:05:04,692 - INFO - Completed: 44, remaining: 6, RAYPy_Simulation_Bessy2_HiBeta_long_RP/round_0/44_Bessy2_HiBeta_long_RP.rml
2024-07-05 15:05:04,733 - INFO - Completed: 45, remaining: 5, RAYPy_Simulation_Bessy2_HiBeta_long_RP/round_0/45_Bessy2_HiBeta_long_RP.rml
2024-07-05 15:05:04,786 - INFO - Completed: 46, remaining: 4, RAYPy_Simulation_Bessy2_HiBeta_long_RP/round_0/43_Bessy2_HiBeta_long_RP.rml
2024-07-05 15:05:04,869 - INFO - Completed: 47, remaining: 3, RAYPy_Simulation_Bessy2_HiBeta_long_RP/round_0/46_Bessy2_HiBeta_long_RP.rml
2024-07-05 15:05:05,061 - INFO - Completed: 48, remaining: 2, RAYPy_Simulation_Bessy2_HiBeta_long_RP/round_0/47_Bessy2_HiBeta_long_RP.rml
2024-07-05 15:05:05,935 - INFO - Completed: 49, remaining: 1, RAYPy_Simulation_Bessy2_HiBeta_long_RP/round_0/48_Bessy2_HiBeta_long_RP.rml
2024-07-05 15:05:06,015 - INFO - Completed: 50, remaining: 0, RAYPy_Simulation_Bessy2_HiBeta_long_RP/round_0/49_Bessy2_HiBeta_long_RP.rml
2024-07-05 15:05:06,016 - INFO - Batch Completed
2024-07-05 15:05:06,016 - INFO - Waiting For batch, 50 simulations to go
2024-07-05 15:05:06,050 - INFO - Prepared sim number: 50: RAYPy_Simulation_Bessy2_HiBeta_long_RP/round_0/50_Bessy2_HiBeta_long_RP.rml
2024-07-05 15:05:06,067 - INFO - Prepared sim number: 51: RAYPy_Simulation_Bessy2_HiBeta_long_RP/round_0/51_Bessy2_HiBeta_long_RP.rml
2024-07-05 15:05:06,087 - INFO - Prepared sim number: 52: RAYPy_Simulation_Bessy2_HiBeta_long_RP/round_0/52_Bessy2_HiBeta_long_RP.rml
2024-07-05 15:05:06,101 - INFO - Prepared sim number: 53: RAYPy_Simulation_Bessy2_HiBeta_long_RP/round_0/53_Bessy2_HiBeta_long_RP.rml
2024-07-05 15:05:06,111 - INFO - Prepared sim number: 54: RAYPy_Simulation_Bessy2_HiBeta_long_RP/round_0/54_Bessy2_HiBeta_long_RP.rml
2024-07-05 15:05:06,124 - INFO - Prepared sim number: 55: RAYPy_Simulation_Bessy2_HiBeta_long_RP/round_0/55_Bessy2_HiBeta_long_RP.rml
2024-07-05 15:05:06,138 - INFO - Prepared sim number: 56: RAYPy_Simulation_Bessy2_HiBeta_long_RP/round_0/56_Bessy2_HiBeta_long_RP.rml
2024-07-05 15:05:06,151 - INFO - Prepared sim number: 57: RAYPy_Simulation_Bessy2_HiBeta_long_RP/round_0/57_Bessy2_HiBeta_long_RP.rml
2024-07-05 15:05:06,168 - INFO - Prepared sim number: 58: RAYPy_Simulation_Bessy2_HiBeta_long_RP/round_0/58_Bessy2_HiBeta_long_RP.rml
2024-07-05 15:05:06,181 - INFO - Prepared sim number: 59: RAYPy_Simulation_Bessy2_HiBeta_long_RP/round_0/59_Bessy2_HiBeta_long_RP.rml
2024-07-05 15:05:06,199 - INFO - Prepared sim number: 60: RAYPy_Simulation_Bessy2_HiBeta_long_RP/round_0/60_Bessy2_HiBeta_long_RP.rml
2024-07-05 15:05:06,216 - INFO - Prepared sim number: 61: RAYPy_Simulation_Bessy2_HiBeta_long_RP/round_0/61_Bessy2_HiBeta_long_RP.rml
2024-07-05 15:05:06,230 - INFO - Prepared sim number: 62: RAYPy_Simulation_Bessy2_HiBeta_long_RP/round_0/62_Bessy2_HiBeta_long_RP.rml
2024-07-05 15:05:06,245 - INFO - Prepared sim number: 63: RAYPy_Simulation_Bessy2_HiBeta_long_RP/round_0/63_Bessy2_HiBeta_long_RP.rml
2024-07-05 15:05:06,256 - INFO - Prepared sim number: 64: RAYPy_Simulation_Bessy2_HiBeta_long_RP/round_0/64_Bessy2_HiBeta_long_RP.rml
2024-07-05 15:05:06,267 - INFO - Prepared sim number: 65: RAYPy_Simulation_Bessy2_HiBeta_long_RP/round_0/65_Bessy2_HiBeta_long_RP.rml
2024-07-05 15:05:06,279 - INFO - Prepared sim number: 66: RAYPy_Simulation_Bessy2_HiBeta_long_RP/round_0/66_Bessy2_HiBeta_long_RP.rml
2024-07-05 15:05:06,288 - INFO - Prepared sim number: 67: RAYPy_Simulation_Bessy2_HiBeta_long_RP/round_0/67_Bessy2_HiBeta_long_RP.rml
2024-07-05 15:05:06,298 - INFO - Prepared sim number: 68: RAYPy_Simulation_Bessy2_HiBeta_long_RP/round_0/68_Bessy2_HiBeta_long_RP.rml
2024-07-05 15:05:06,307 - INFO - Prepared sim number: 69: RAYPy_Simulation_Bessy2_HiBeta_long_RP/round_0/69_Bessy2_HiBeta_long_RP.rml
2024-07-05 15:05:06,319 - INFO - Prepared sim number: 70: RAYPy_Simulation_Bessy2_HiBeta_long_RP/round_0/70_Bessy2_HiBeta_long_RP.rml
2024-07-05 15:05:06,328 - INFO - Prepared sim number: 71: RAYPy_Simulation_Bessy2_HiBeta_long_RP/round_0/71_Bessy2_HiBeta_long_RP.rml
2024-07-05 15:05:06,338 - INFO - Prepared sim number: 72: RAYPy_Simulation_Bessy2_HiBeta_long_RP/round_0/72_Bessy2_HiBeta_long_RP.rml
2024-07-05 15:05:06,349 - INFO - Prepared sim number: 73: RAYPy_Simulation_Bessy2_HiBeta_long_RP/round_0/73_Bessy2_HiBeta_long_RP.rml
2024-07-05 15:05:06,358 - INFO - Prepared sim number: 74: RAYPy_Simulation_Bessy2_HiBeta_long_RP/round_0/74_Bessy2_HiBeta_long_RP.rml
2024-07-05 15:05:06,366 - INFO - Prepared sim number: 75: RAYPy_Simulation_Bessy2_HiBeta_long_RP/round_0/75_Bessy2_HiBeta_long_RP.rml
2024-07-05 15:05:06,375 - INFO - Prepared sim number: 76: RAYPy_Simulation_Bessy2_HiBeta_long_RP/round_0/76_Bessy2_HiBeta_long_RP.rml
2024-07-05 15:05:06,384 - INFO - Prepared sim number: 77: RAYPy_Simulation_Bessy2_HiBeta_long_RP/round_0/77_Bessy2_HiBeta_long_RP.rml
2024-07-05 15:05:06,393 - INFO - Prepared sim number: 78: RAYPy_Simulation_Bessy2_HiBeta_long_RP/round_0/78_Bessy2_HiBeta_long_RP.rml
2024-07-05 15:05:06,402 - INFO - Prepared sim number: 79: RAYPy_Simulation_Bessy2_HiBeta_long_RP/round_0/79_Bessy2_HiBeta_long_RP.rml
2024-07-05 15:05:06,410 - INFO - Prepared sim number: 80: RAYPy_Simulation_Bessy2_HiBeta_long_RP/round_0/80_Bessy2_HiBeta_long_RP.rml
2024-07-05 15:05:06,419 - INFO - Prepared sim number: 81: RAYPy_Simulation_Bessy2_HiBeta_long_RP/round_0/81_Bessy2_HiBeta_long_RP.rml
2024-07-05 15:05:06,429 - INFO - Prepared sim number: 82: RAYPy_Simulation_Bessy2_HiBeta_long_RP/round_0/82_Bessy2_HiBeta_long_RP.rml
2024-07-05 15:05:06,438 - INFO - Prepared sim number: 83: RAYPy_Simulation_Bessy2_HiBeta_long_RP/round_0/83_Bessy2_HiBeta_long_RP.rml
2024-07-05 15:05:06,446 - INFO - Prepared sim number: 84: RAYPy_Simulation_Bessy2_HiBeta_long_RP/round_0/84_Bessy2_HiBeta_long_RP.rml
2024-07-05 15:05:06,457 - INFO - Prepared sim number: 85: RAYPy_Simulation_Bessy2_HiBeta_long_RP/round_0/85_Bessy2_HiBeta_long_RP.rml
2024-07-05 15:05:06,469 - INFO - Prepared sim number: 86: RAYPy_Simulation_Bessy2_HiBeta_long_RP/round_0/86_Bessy2_HiBeta_long_RP.rml
2024-07-05 15:05:06,481 - INFO - Prepared sim number: 87: RAYPy_Simulation_Bessy2_HiBeta_long_RP/round_0/87_Bessy2_HiBeta_long_RP.rml
2024-07-05 15:05:06,489 - INFO - Prepared sim number: 88: RAYPy_Simulation_Bessy2_HiBeta_long_RP/round_0/88_Bessy2_HiBeta_long_RP.rml
2024-07-05 15:05:06,499 - INFO - Prepared sim number: 89: RAYPy_Simulation_Bessy2_HiBeta_long_RP/round_0/89_Bessy2_HiBeta_long_RP.rml
2024-07-05 15:05:06,508 - INFO - Prepared sim number: 90: RAYPy_Simulation_Bessy2_HiBeta_long_RP/round_0/90_Bessy2_HiBeta_long_RP.rml
2024-07-05 15:05:06,518 - INFO - Prepared sim number: 91: RAYPy_Simulation_Bessy2_HiBeta_long_RP/round_0/91_Bessy2_HiBeta_long_RP.rml
2024-07-05 15:05:06,528 - INFO - Prepared sim number: 92: RAYPy_Simulation_Bessy2_HiBeta_long_RP/round_0/92_Bessy2_HiBeta_long_RP.rml
2024-07-05 15:05:06,537 - INFO - Prepared sim number: 93: RAYPy_Simulation_Bessy2_HiBeta_long_RP/round_0/93_Bessy2_HiBeta_long_RP.rml
2024-07-05 15:05:06,547 - INFO - Prepared sim number: 94: RAYPy_Simulation_Bessy2_HiBeta_long_RP/round_0/94_Bessy2_HiBeta_long_RP.rml
2024-07-05 15:05:06,558 - INFO - Prepared sim number: 95: RAYPy_Simulation_Bessy2_HiBeta_long_RP/round_0/95_Bessy2_HiBeta_long_RP.rml
2024-07-05 15:05:06,568 - INFO - Prepared sim number: 96: RAYPy_Simulation_Bessy2_HiBeta_long_RP/round_0/96_Bessy2_HiBeta_long_RP.rml
2024-07-05 15:05:06,577 - INFO - Prepared sim number: 97: RAYPy_Simulation_Bessy2_HiBeta_long_RP/round_0/97_Bessy2_HiBeta_long_RP.rml
2024-07-05 15:05:06,588 - INFO - Prepared sim number: 98: RAYPy_Simulation_Bessy2_HiBeta_long_RP/round_0/98_Bessy2_HiBeta_long_RP.rml
2024-07-05 15:05:06,596 - INFO - Prepared sim number: 99: RAYPy_Simulation_Bessy2_HiBeta_long_RP/round_0/99_Bessy2_HiBeta_long_RP.rml
2024-07-05 15:05:06,597 - INFO - Waiting for batch number: 1, timeout: 25.213417081832883s
2024-07-05 15:05:09,487 - INFO - Completed: 1, remaining: 49, RAYPy_Simulation_Bessy2_HiBeta_long_RP/round_0/51_Bessy2_HiBeta_long_RP.rml
2024-07-05 15:05:09,628 - INFO - Completed: 2, remaining: 48, RAYPy_Simulation_Bessy2_HiBeta_long_RP/round_0/54_Bessy2_HiBeta_long_RP.rml
2024-07-05 15:05:09,659 - INFO - Completed: 3, remaining: 47, RAYPy_Simulation_Bessy2_HiBeta_long_RP/round_0/59_Bessy2_HiBeta_long_RP.rml
2024-07-05 15:05:09,770 - INFO - Completed: 4, remaining: 46, RAYPy_Simulation_Bessy2_HiBeta_long_RP/round_0/53_Bessy2_HiBeta_long_RP.rml
2024-07-05 15:05:09,818 - INFO - Completed: 5, remaining: 45, RAYPy_Simulation_Bessy2_HiBeta_long_RP/round_0/55_Bessy2_HiBeta_long_RP.rml
2024-07-05 15:05:10,242 - INFO - Completed: 6, remaining: 44, RAYPy_Simulation_Bessy2_HiBeta_long_RP/round_0/58_Bessy2_HiBeta_long_RP.rml
2024-07-05 15:05:10,615 - INFO - Completed: 7, remaining: 43, RAYPy_Simulation_Bessy2_HiBeta_long_RP/round_0/57_Bessy2_HiBeta_long_RP.rml
2024-07-05 15:05:13,285 - INFO - Completed: 8, remaining: 42, RAYPy_Simulation_Bessy2_HiBeta_long_RP/round_0/52_Bessy2_HiBeta_long_RP.rml
2024-07-05 15:05:13,489 - INFO - Completed: 9, remaining: 41, RAYPy_Simulation_Bessy2_HiBeta_long_RP/round_0/56_Bessy2_HiBeta_long_RP.rml
2024-07-05 15:05:13,690 - INFO - Completed: 10, remaining: 40, RAYPy_Simulation_Bessy2_HiBeta_long_RP/round_0/50_Bessy2_HiBeta_long_RP.rml
2024-07-05 15:05:14,500 - INFO - Completed: 11, remaining: 39, RAYPy_Simulation_Bessy2_HiBeta_long_RP/round_0/60_Bessy2_HiBeta_long_RP.rml
2024-07-05 15:05:14,846 - INFO - Completed: 12, remaining: 38, RAYPy_Simulation_Bessy2_HiBeta_long_RP/round_0/63_Bessy2_HiBeta_long_RP.rml
2024-07-05 15:05:14,875 - INFO - Completed: 13, remaining: 37, RAYPy_Simulation_Bessy2_HiBeta_long_RP/round_0/64_Bessy2_HiBeta_long_RP.rml
2024-07-05 15:05:15,112 - INFO - Completed: 14, remaining: 36, RAYPy_Simulation_Bessy2_HiBeta_long_RP/round_0/62_Bessy2_HiBeta_long_RP.rml
2024-07-05 15:05:15,356 - INFO - Completed: 15, remaining: 35, RAYPy_Simulation_Bessy2_HiBeta_long_RP/round_0/61_Bessy2_HiBeta_long_RP.rml
2024-07-05 15:05:15,414 - INFO - Completed: 16, remaining: 34, RAYPy_Simulation_Bessy2_HiBeta_long_RP/round_0/65_Bessy2_HiBeta_long_RP.rml
2024-07-05 15:05:15,776 - INFO - Completed: 17, remaining: 33, RAYPy_Simulation_Bessy2_HiBeta_long_RP/round_0/66_Bessy2_HiBeta_long_RP.rml
2024-07-05 15:05:18,335 - INFO - Completed: 18, remaining: 32, RAYPy_Simulation_Bessy2_HiBeta_long_RP/round_0/67_Bessy2_HiBeta_long_RP.rml
2024-07-05 15:05:18,583 - INFO - Completed: 19, remaining: 31, RAYPy_Simulation_Bessy2_HiBeta_long_RP/round_0/68_Bessy2_HiBeta_long_RP.rml
2024-07-05 15:05:18,626 - INFO - Completed: 20, remaining: 30, RAYPy_Simulation_Bessy2_HiBeta_long_RP/round_0/69_Bessy2_HiBeta_long_RP.rml
2024-07-05 15:05:19,650 - INFO - Completed: 21, remaining: 29, RAYPy_Simulation_Bessy2_HiBeta_long_RP/round_0/71_Bessy2_HiBeta_long_RP.rml
2024-07-05 15:05:19,905 - INFO - Completed: 22, remaining: 28, RAYPy_Simulation_Bessy2_HiBeta_long_RP/round_0/72_Bessy2_HiBeta_long_RP.rml
2024-07-05 15:05:20,125 - INFO - Completed: 23, remaining: 27, RAYPy_Simulation_Bessy2_HiBeta_long_RP/round_0/73_Bessy2_HiBeta_long_RP.rml
2024-07-05 15:05:20,459 - INFO - Completed: 24, remaining: 26, RAYPy_Simulation_Bessy2_HiBeta_long_RP/round_0/74_Bessy2_HiBeta_long_RP.rml
2024-07-05 15:05:20,640 - INFO - Completed: 25, remaining: 25, RAYPy_Simulation_Bessy2_HiBeta_long_RP/round_0/70_Bessy2_HiBeta_long_RP.rml
2024-07-05 15:05:20,936 - INFO - Completed: 26, remaining: 24, RAYPy_Simulation_Bessy2_HiBeta_long_RP/round_0/76_Bessy2_HiBeta_long_RP.rml
2024-07-05 15:05:21,103 - INFO - Completed: 27, remaining: 23, RAYPy_Simulation_Bessy2_HiBeta_long_RP/round_0/75_Bessy2_HiBeta_long_RP.rml
2024-07-05 15:05:23,826 - INFO - Completed: 28, remaining: 22, RAYPy_Simulation_Bessy2_HiBeta_long_RP/round_0/77_Bessy2_HiBeta_long_RP.rml
2024-07-05 15:05:23,880 - INFO - Completed: 29, remaining: 21, RAYPy_Simulation_Bessy2_HiBeta_long_RP/round_0/78_Bessy2_HiBeta_long_RP.rml
2024-07-05 15:05:24,034 - INFO - Completed: 30, remaining: 20, RAYPy_Simulation_Bessy2_HiBeta_long_RP/round_0/79_Bessy2_HiBeta_long_RP.rml
2024-07-05 15:05:24,376 - INFO - Completed: 31, remaining: 19, RAYPy_Simulation_Bessy2_HiBeta_long_RP/round_0/80_Bessy2_HiBeta_long_RP.rml
2024-07-05 15:05:24,509 - INFO - Completed: 32, remaining: 18, RAYPy_Simulation_Bessy2_HiBeta_long_RP/round_0/81_Bessy2_HiBeta_long_RP.rml
2024-07-05 15:05:24,686 - INFO - Completed: 33, remaining: 17, RAYPy_Simulation_Bessy2_HiBeta_long_RP/round_0/82_Bessy2_HiBeta_long_RP.rml
2024-07-05 15:05:24,896 - INFO - Completed: 34, remaining: 16, RAYPy_Simulation_Bessy2_HiBeta_long_RP/round_0/84_Bessy2_HiBeta_long_RP.rml
2024-07-05 15:05:25,123 - INFO - Completed: 35, remaining: 15, RAYPy_Simulation_Bessy2_HiBeta_long_RP/round_0/83_Bessy2_HiBeta_long_RP.rml
2024-07-05 15:05:25,174 - INFO - Completed: 36, remaining: 14, RAYPy_Simulation_Bessy2_HiBeta_long_RP/round_0/86_Bessy2_HiBeta_long_RP.rml
2024-07-05 15:05:25,934 - INFO - Completed: 37, remaining: 13, RAYPy_Simulation_Bessy2_HiBeta_long_RP/round_0/85_Bessy2_HiBeta_long_RP.rml
2024-07-05 15:05:26,732 - INFO - Completed: 38, remaining: 12, RAYPy_Simulation_Bessy2_HiBeta_long_RP/round_0/87_Bessy2_HiBeta_long_RP.rml
2024-07-05 15:05:26,917 - INFO - Completed: 39, remaining: 11, RAYPy_Simulation_Bessy2_HiBeta_long_RP/round_0/88_Bessy2_HiBeta_long_RP.rml
2024-07-05 15:05:26,956 - INFO - Completed: 40, remaining: 10, RAYPy_Simulation_Bessy2_HiBeta_long_RP/round_0/89_Bessy2_HiBeta_long_RP.rml
2024-07-05 15:05:27,098 - INFO - Completed: 41, remaining: 9, RAYPy_Simulation_Bessy2_HiBeta_long_RP/round_0/90_Bessy2_HiBeta_long_RP.rml
2024-07-05 15:05:27,399 - INFO - Completed: 42, remaining: 8, RAYPy_Simulation_Bessy2_HiBeta_long_RP/round_0/91_Bessy2_HiBeta_long_RP.rml
2024-07-05 15:05:27,751 - INFO - Completed: 43, remaining: 7, RAYPy_Simulation_Bessy2_HiBeta_long_RP/round_0/93_Bessy2_HiBeta_long_RP.rml
2024-07-05 15:05:28,025 - INFO - Completed: 44, remaining: 6, RAYPy_Simulation_Bessy2_HiBeta_long_RP/round_0/94_Bessy2_HiBeta_long_RP.rml
2024-07-05 15:05:28,123 - INFO - Completed: 45, remaining: 5, RAYPy_Simulation_Bessy2_HiBeta_long_RP/round_0/95_Bessy2_HiBeta_long_RP.rml
2024-07-05 15:05:28,270 - INFO - Completed: 46, remaining: 4, RAYPy_Simulation_Bessy2_HiBeta_long_RP/round_0/92_Bessy2_HiBeta_long_RP.rml
2024-07-05 15:05:28,695 - INFO - Completed: 47, remaining: 3, RAYPy_Simulation_Bessy2_HiBeta_long_RP/round_0/96_Bessy2_HiBeta_long_RP.rml
2024-07-05 15:05:29,091 - INFO - Completed: 48, remaining: 2, RAYPy_Simulation_Bessy2_HiBeta_long_RP/round_0/97_Bessy2_HiBeta_long_RP.rml
2024-07-05 15:05:29,217 - INFO - Completed: 49, remaining: 1, RAYPy_Simulation_Bessy2_HiBeta_long_RP/round_0/98_Bessy2_HiBeta_long_RP.rml
2024-07-05 15:05:29,289 - INFO - Completed: 50, remaining: 0, RAYPy_Simulation_Bessy2_HiBeta_long_RP/round_0/99_Bessy2_HiBeta_long_RP.rml
2024-07-05 15:05:29,289 - INFO - Batch Completed
2024-07-05 15:05:29,290 - INFO - Waiting For batch, 50 simulations to go
2024-07-05 15:05:29,310 - INFO - Prepared sim number: 100: RAYPy_Simulation_Bessy2_HiBeta_long_RP/round_0/100_Bessy2_HiBeta_long_RP.rml
2024-07-05 15:05:29,327 - INFO - Prepared sim number: 101: RAYPy_Simulation_Bessy2_HiBeta_long_RP/round_0/101_Bessy2_HiBeta_long_RP.rml
2024-07-05 15:05:29,341 - INFO - Prepared sim number: 102: RAYPy_Simulation_Bessy2_HiBeta_long_RP/round_0/102_Bessy2_HiBeta_long_RP.rml
2024-07-05 15:05:29,353 - INFO - Prepared sim number: 103: RAYPy_Simulation_Bessy2_HiBeta_long_RP/round_0/103_Bessy2_HiBeta_long_RP.rml
2024-07-05 15:05:29,367 - INFO - Prepared sim number: 104: RAYPy_Simulation_Bessy2_HiBeta_long_RP/round_0/104_Bessy2_HiBeta_long_RP.rml
2024-07-05 15:05:29,376 - INFO - Prepared sim number: 105: RAYPy_Simulation_Bessy2_HiBeta_long_RP/round_0/105_Bessy2_HiBeta_long_RP.rml
2024-07-05 15:05:29,389 - INFO - Prepared sim number: 106: RAYPy_Simulation_Bessy2_HiBeta_long_RP/round_0/106_Bessy2_HiBeta_long_RP.rml
2024-07-05 15:05:29,402 - INFO - Prepared sim number: 107: RAYPy_Simulation_Bessy2_HiBeta_long_RP/round_0/107_Bessy2_HiBeta_long_RP.rml
2024-07-05 15:05:29,415 - INFO - Prepared sim number: 108: RAYPy_Simulation_Bessy2_HiBeta_long_RP/round_0/108_Bessy2_HiBeta_long_RP.rml
2024-07-05 15:05:29,430 - INFO - Prepared sim number: 109: RAYPy_Simulation_Bessy2_HiBeta_long_RP/round_0/109_Bessy2_HiBeta_long_RP.rml
2024-07-05 15:05:29,441 - INFO - Prepared sim number: 110: RAYPy_Simulation_Bessy2_HiBeta_long_RP/round_0/110_Bessy2_HiBeta_long_RP.rml
2024-07-05 15:05:29,454 - INFO - Prepared sim number: 111: RAYPy_Simulation_Bessy2_HiBeta_long_RP/round_0/111_Bessy2_HiBeta_long_RP.rml
2024-07-05 15:05:29,466 - INFO - Prepared sim number: 112: RAYPy_Simulation_Bessy2_HiBeta_long_RP/round_0/112_Bessy2_HiBeta_long_RP.rml
2024-07-05 15:05:29,478 - INFO - Prepared sim number: 113: RAYPy_Simulation_Bessy2_HiBeta_long_RP/round_0/113_Bessy2_HiBeta_long_RP.rml
2024-07-05 15:05:29,489 - INFO - Prepared sim number: 114: RAYPy_Simulation_Bessy2_HiBeta_long_RP/round_0/114_Bessy2_HiBeta_long_RP.rml
2024-07-05 15:05:29,503 - INFO - Prepared sim number: 115: RAYPy_Simulation_Bessy2_HiBeta_long_RP/round_0/115_Bessy2_HiBeta_long_RP.rml
2024-07-05 15:05:29,513 - INFO - Prepared sim number: 116: RAYPy_Simulation_Bessy2_HiBeta_long_RP/round_0/116_Bessy2_HiBeta_long_RP.rml
2024-07-05 15:05:29,513 - INFO - Start round 1
2024-07-05 15:05:29,518 - INFO - Prepared sim number: 0: RAYPy_Simulation_Bessy2_HiBeta_long_RP/round_1/0_Bessy2_HiBeta_long_RP.rml
2024-07-05 15:05:29,522 - INFO - Prepared sim number: 1: RAYPy_Simulation_Bessy2_HiBeta_long_RP/round_1/1_Bessy2_HiBeta_long_RP.rml
2024-07-05 15:05:29,527 - INFO - Prepared sim number: 2: RAYPy_Simulation_Bessy2_HiBeta_long_RP/round_1/2_Bessy2_HiBeta_long_RP.rml
2024-07-05 15:05:29,533 - INFO - Prepared sim number: 3: RAYPy_Simulation_Bessy2_HiBeta_long_RP/round_1/3_Bessy2_HiBeta_long_RP.rml
2024-07-05 15:05:29,538 - INFO - Prepared sim number: 4: RAYPy_Simulation_Bessy2_HiBeta_long_RP/round_1/4_Bessy2_HiBeta_long_RP.rml
2024-07-05 15:05:29,543 - INFO - Prepared sim number: 5: RAYPy_Simulation_Bessy2_HiBeta_long_RP/round_1/5_Bessy2_HiBeta_long_RP.rml
2024-07-05 15:05:29,547 - INFO - Prepared sim number: 6: RAYPy_Simulation_Bessy2_HiBeta_long_RP/round_1/6_Bessy2_HiBeta_long_RP.rml
2024-07-05 15:05:29,552 - INFO - Prepared sim number: 7: RAYPy_Simulation_Bessy2_HiBeta_long_RP/round_1/7_Bessy2_HiBeta_long_RP.rml
2024-07-05 15:05:29,557 - INFO - Prepared sim number: 8: RAYPy_Simulation_Bessy2_HiBeta_long_RP/round_1/8_Bessy2_HiBeta_long_RP.rml
2024-07-05 15:05:29,560 - INFO - Prepared sim number: 9: RAYPy_Simulation_Bessy2_HiBeta_long_RP/round_1/9_Bessy2_HiBeta_long_RP.rml
2024-07-05 15:05:29,565 - INFO - Prepared sim number: 10: RAYPy_Simulation_Bessy2_HiBeta_long_RP/round_1/10_Bessy2_HiBeta_long_RP.rml
2024-07-05 15:05:29,568 - INFO - Prepared sim number: 11: RAYPy_Simulation_Bessy2_HiBeta_long_RP/round_1/11_Bessy2_HiBeta_long_RP.rml
2024-07-05 15:05:29,572 - INFO - Prepared sim number: 12: RAYPy_Simulation_Bessy2_HiBeta_long_RP/round_1/12_Bessy2_HiBeta_long_RP.rml
2024-07-05 15:05:29,576 - INFO - Prepared sim number: 13: RAYPy_Simulation_Bessy2_HiBeta_long_RP/round_1/13_Bessy2_HiBeta_long_RP.rml
2024-07-05 15:05:29,580 - INFO - Prepared sim number: 14: RAYPy_Simulation_Bessy2_HiBeta_long_RP/round_1/14_Bessy2_HiBeta_long_RP.rml
2024-07-05 15:05:29,585 - INFO - Prepared sim number: 15: RAYPy_Simulation_Bessy2_HiBeta_long_RP/round_1/15_Bessy2_HiBeta_long_RP.rml
2024-07-05 15:05:29,589 - INFO - Prepared sim number: 16: RAYPy_Simulation_Bessy2_HiBeta_long_RP/round_1/16_Bessy2_HiBeta_long_RP.rml
2024-07-05 15:05:29,593 - INFO - Prepared sim number: 17: RAYPy_Simulation_Bessy2_HiBeta_long_RP/round_1/17_Bessy2_HiBeta_long_RP.rml
2024-07-05 15:05:29,596 - INFO - Prepared sim number: 18: RAYPy_Simulation_Bessy2_HiBeta_long_RP/round_1/18_Bessy2_HiBeta_long_RP.rml
2024-07-05 15:05:29,600 - INFO - Prepared sim number: 19: RAYPy_Simulation_Bessy2_HiBeta_long_RP/round_1/19_Bessy2_HiBeta_long_RP.rml
2024-07-05 15:05:29,604 - INFO - Prepared sim number: 20: RAYPy_Simulation_Bessy2_HiBeta_long_RP/round_1/20_Bessy2_HiBeta_long_RP.rml
2024-07-05 15:05:29,607 - INFO - Prepared sim number: 21: RAYPy_Simulation_Bessy2_HiBeta_long_RP/round_1/21_Bessy2_HiBeta_long_RP.rml
2024-07-05 15:05:29,611 - INFO - Prepared sim number: 22: RAYPy_Simulation_Bessy2_HiBeta_long_RP/round_1/22_Bessy2_HiBeta_long_RP.rml
2024-07-05 15:05:29,617 - INFO - Prepared sim number: 23: RAYPy_Simulation_Bessy2_HiBeta_long_RP/round_1/23_Bessy2_HiBeta_long_RP.rml
2024-07-05 15:05:29,621 - INFO - Prepared sim number: 24: RAYPy_Simulation_Bessy2_HiBeta_long_RP/round_1/24_Bessy2_HiBeta_long_RP.rml
2024-07-05 15:05:29,624 - INFO - Prepared sim number: 25: RAYPy_Simulation_Bessy2_HiBeta_long_RP/round_1/25_Bessy2_HiBeta_long_RP.rml
2024-07-05 15:05:29,628 - INFO - Prepared sim number: 26: RAYPy_Simulation_Bessy2_HiBeta_long_RP/round_1/26_Bessy2_HiBeta_long_RP.rml
2024-07-05 15:05:29,632 - INFO - Prepared sim number: 27: RAYPy_Simulation_Bessy2_HiBeta_long_RP/round_1/27_Bessy2_HiBeta_long_RP.rml
2024-07-05 15:05:29,637 - INFO - Prepared sim number: 28: RAYPy_Simulation_Bessy2_HiBeta_long_RP/round_1/28_Bessy2_HiBeta_long_RP.rml
2024-07-05 15:05:29,641 - INFO - Prepared sim number: 29: RAYPy_Simulation_Bessy2_HiBeta_long_RP/round_1/29_Bessy2_HiBeta_long_RP.rml
2024-07-05 15:05:29,645 - INFO - Prepared sim number: 30: RAYPy_Simulation_Bessy2_HiBeta_long_RP/round_1/30_Bessy2_HiBeta_long_RP.rml
2024-07-05 15:05:29,649 - INFO - Prepared sim number: 31: RAYPy_Simulation_Bessy2_HiBeta_long_RP/round_1/31_Bessy2_HiBeta_long_RP.rml
2024-07-05 15:05:29,654 - INFO - Prepared sim number: 32: RAYPy_Simulation_Bessy2_HiBeta_long_RP/round_1/32_Bessy2_HiBeta_long_RP.rml
2024-07-05 15:05:29,655 - INFO - Waiting for batch number: 2, timeout: 25.62343634605408s
2024-07-05 15:05:32,010 - INFO - Completed: 1, remaining: 49, RAYPy_Simulation_Bessy2_HiBeta_long_RP/round_0/101_Bessy2_HiBeta_long_RP.rml
2024-07-05 15:05:32,066 - INFO - Completed: 2, remaining: 48, RAYPy_Simulation_Bessy2_HiBeta_long_RP/round_0/109_Bessy2_HiBeta_long_RP.rml
2024-07-05 15:05:32,236 - INFO - Completed: 3, remaining: 47, RAYPy_Simulation_Bessy2_HiBeta_long_RP/round_0/104_Bessy2_HiBeta_long_RP.rml
2024-07-05 15:05:32,322 - INFO - Completed: 4, remaining: 46, RAYPy_Simulation_Bessy2_HiBeta_long_RP/round_0/107_Bessy2_HiBeta_long_RP.rml
2024-07-05 15:05:32,406 - INFO - Completed: 5, remaining: 45, RAYPy_Simulation_Bessy2_HiBeta_long_RP/round_0/105_Bessy2_HiBeta_long_RP.rml
2024-07-05 15:05:32,960 - INFO - Completed: 6, remaining: 44, RAYPy_Simulation_Bessy2_HiBeta_long_RP/round_0/100_Bessy2_HiBeta_long_RP.rml
2024-07-05 15:05:33,037 - INFO - Completed: 7, remaining: 43, RAYPy_Simulation_Bessy2_HiBeta_long_RP/round_0/108_Bessy2_HiBeta_long_RP.rml
2024-07-05 15:05:36,507 - INFO - Completed: 8, remaining: 42, RAYPy_Simulation_Bessy2_HiBeta_long_RP/round_0/106_Bessy2_HiBeta_long_RP.rml
2024-07-05 15:05:36,609 - INFO - Completed: 9, remaining: 41, RAYPy_Simulation_Bessy2_HiBeta_long_RP/round_0/102_Bessy2_HiBeta_long_RP.rml
2024-07-05 15:05:36,807 - INFO - Completed: 10, remaining: 40, RAYPy_Simulation_Bessy2_HiBeta_long_RP/round_0/110_Bessy2_HiBeta_long_RP.rml
2024-07-05 15:05:37,198 - INFO - Completed: 11, remaining: 39, RAYPy_Simulation_Bessy2_HiBeta_long_RP/round_0/112_Bessy2_HiBeta_long_RP.rml
2024-07-05 15:05:37,208 - INFO - Completed: 12, remaining: 38, RAYPy_Simulation_Bessy2_HiBeta_long_RP/round_0/111_Bessy2_HiBeta_long_RP.rml
2024-07-05 15:05:37,488 - INFO - Completed: 13, remaining: 37, RAYPy_Simulation_Bessy2_HiBeta_long_RP/round_0/113_Bessy2_HiBeta_long_RP.rml
2024-07-05 15:05:38,018 - INFO - Completed: 14, remaining: 36, RAYPy_Simulation_Bessy2_HiBeta_long_RP/round_0/116_Bessy2_HiBeta_long_RP.rml
2024-07-05 15:05:38,192 - INFO - Completed: 15, remaining: 35, RAYPy_Simulation_Bessy2_HiBeta_long_RP/round_0/115_Bessy2_HiBeta_long_RP.rml
2024-07-05 15:05:38,531 - INFO - Completed: 16, remaining: 34, RAYPy_Simulation_Bessy2_HiBeta_long_RP/round_0/114_Bessy2_HiBeta_long_RP.rml
2024-07-05 15:05:38,890 - INFO - Completed: 17, remaining: 33, RAYPy_Simulation_Bessy2_HiBeta_long_RP/round_0/103_Bessy2_HiBeta_long_RP.rml
2024-07-05 15:05:41,725 - INFO - Completed: 18, remaining: 32, RAYPy_Simulation_Bessy2_HiBeta_long_RP/round_1/2_Bessy2_HiBeta_long_RP.rml
2024-07-05 15:05:41,886 - INFO - Completed: 19, remaining: 31, RAYPy_Simulation_Bessy2_HiBeta_long_RP/round_1/0_Bessy2_HiBeta_long_RP.rml
2024-07-05 15:05:41,980 - INFO - Completed: 20, remaining: 30, RAYPy_Simulation_Bessy2_HiBeta_long_RP/round_1/1_Bessy2_HiBeta_long_RP.rml
2024-07-05 15:05:42,347 - INFO - Completed: 21, remaining: 29, RAYPy_Simulation_Bessy2_HiBeta_long_RP/round_1/3_Bessy2_HiBeta_long_RP.rml
2024-07-05 15:05:42,511 - INFO - Completed: 22, remaining: 28, RAYPy_Simulation_Bessy2_HiBeta_long_RP/round_1/4_Bessy2_HiBeta_long_RP.rml
2024-07-05 15:05:42,956 - INFO - Completed: 23, remaining: 27, RAYPy_Simulation_Bessy2_HiBeta_long_RP/round_1/6_Bessy2_HiBeta_long_RP.rml
2024-07-05 15:05:43,042 - INFO - Completed: 24, remaining: 26, RAYPy_Simulation_Bessy2_HiBeta_long_RP/round_1/5_Bessy2_HiBeta_long_RP.rml
2024-07-05 15:05:43,532 - INFO - Completed: 25, remaining: 25, RAYPy_Simulation_Bessy2_HiBeta_long_RP/round_1/8_Bessy2_HiBeta_long_RP.rml
2024-07-05 15:05:43,910 - INFO - Completed: 26, remaining: 24, RAYPy_Simulation_Bessy2_HiBeta_long_RP/round_1/9_Bessy2_HiBeta_long_RP.rml
2024-07-05 15:05:44,602 - INFO - Completed: 27, remaining: 23, RAYPy_Simulation_Bessy2_HiBeta_long_RP/round_1/7_Bessy2_HiBeta_long_RP.rml
2024-07-05 15:05:47,021 - INFO - Completed: 28, remaining: 22, RAYPy_Simulation_Bessy2_HiBeta_long_RP/round_1/10_Bessy2_HiBeta_long_RP.rml
2024-07-05 15:05:47,288 - INFO - Completed: 29, remaining: 21, RAYPy_Simulation_Bessy2_HiBeta_long_RP/round_1/12_Bessy2_HiBeta_long_RP.rml
2024-07-05 15:05:47,470 - INFO - Completed: 30, remaining: 20, RAYPy_Simulation_Bessy2_HiBeta_long_RP/round_1/11_Bessy2_HiBeta_long_RP.rml
2024-07-05 15:05:47,610 - INFO - Completed: 31, remaining: 19, RAYPy_Simulation_Bessy2_HiBeta_long_RP/round_1/14_Bessy2_HiBeta_long_RP.rml
2024-07-05 15:05:47,988 - INFO - Completed: 32, remaining: 18, RAYPy_Simulation_Bessy2_HiBeta_long_RP/round_1/13_Bessy2_HiBeta_long_RP.rml
2024-07-05 15:05:48,061 - INFO - Completed: 33, remaining: 17, RAYPy_Simulation_Bessy2_HiBeta_long_RP/round_1/15_Bessy2_HiBeta_long_RP.rml
2024-07-05 15:05:48,802 - INFO - Completed: 34, remaining: 16, RAYPy_Simulation_Bessy2_HiBeta_long_RP/round_1/17_Bessy2_HiBeta_long_RP.rml
2024-07-05 15:05:49,232 - INFO - Completed: 35, remaining: 15, RAYPy_Simulation_Bessy2_HiBeta_long_RP/round_1/18_Bessy2_HiBeta_long_RP.rml
2024-07-05 15:05:49,372 - INFO - Completed: 36, remaining: 14, RAYPy_Simulation_Bessy2_HiBeta_long_RP/round_1/16_Bessy2_HiBeta_long_RP.rml
2024-07-05 15:05:49,853 - INFO - Completed: 37, remaining: 13, RAYPy_Simulation_Bessy2_HiBeta_long_RP/round_1/19_Bessy2_HiBeta_long_RP.rml
2024-07-05 15:05:52,098 - INFO - Completed: 38, remaining: 12, RAYPy_Simulation_Bessy2_HiBeta_long_RP/round_1/20_Bessy2_HiBeta_long_RP.rml
2024-07-05 15:05:52,510 - INFO - Completed: 39, remaining: 11, RAYPy_Simulation_Bessy2_HiBeta_long_RP/round_1/22_Bessy2_HiBeta_long_RP.rml
2024-07-05 15:05:52,610 - INFO - Completed: 40, remaining: 10, RAYPy_Simulation_Bessy2_HiBeta_long_RP/round_1/21_Bessy2_HiBeta_long_RP.rml
2024-07-05 15:05:53,032 - INFO - Completed: 41, remaining: 9, RAYPy_Simulation_Bessy2_HiBeta_long_RP/round_1/23_Bessy2_HiBeta_long_RP.rml
2024-07-05 15:05:53,212 - INFO - Completed: 42, remaining: 8, RAYPy_Simulation_Bessy2_HiBeta_long_RP/round_1/24_Bessy2_HiBeta_long_RP.rml
2024-07-05 15:05:53,314 - INFO - Completed: 43, remaining: 7, RAYPy_Simulation_Bessy2_HiBeta_long_RP/round_1/25_Bessy2_HiBeta_long_RP.rml
2024-07-05 15:05:53,897 - INFO - Completed: 44, remaining: 6, RAYPy_Simulation_Bessy2_HiBeta_long_RP/round_1/27_Bessy2_HiBeta_long_RP.rml
2024-07-05 15:05:53,956 - INFO - Completed: 45, remaining: 5, RAYPy_Simulation_Bessy2_HiBeta_long_RP/round_1/28_Bessy2_HiBeta_long_RP.rml
2024-07-05 15:05:54,048 - INFO - Completed: 46, remaining: 4, RAYPy_Simulation_Bessy2_HiBeta_long_RP/round_1/26_Bessy2_HiBeta_long_RP.rml
2024-07-05 15:05:54,177 - INFO - Completed: 47, remaining: 3, RAYPy_Simulation_Bessy2_HiBeta_long_RP/round_1/29_Bessy2_HiBeta_long_RP.rml
2024-07-05 15:05:54,876 - INFO - Completed: 48, remaining: 2, RAYPy_Simulation_Bessy2_HiBeta_long_RP/round_1/30_Bessy2_HiBeta_long_RP.rml
2024-07-05 15:05:55,052 - INFO - Completed: 49, remaining: 1, RAYPy_Simulation_Bessy2_HiBeta_long_RP/round_1/31_Bessy2_HiBeta_long_RP.rml
2024-07-05 15:05:55,107 - INFO - Completed: 50, remaining: 0, RAYPy_Simulation_Bessy2_HiBeta_long_RP/round_1/32_Bessy2_HiBeta_long_RP.rml
2024-07-05 15:05:55,107 - INFO - Batch Completed
2024-07-05 15:05:55,107 - INFO - Waiting For batch, 50 simulations to go
2024-07-05 15:05:55,115 - INFO - Prepared sim number: 33: RAYPy_Simulation_Bessy2_HiBeta_long_RP/round_1/33_Bessy2_HiBeta_long_RP.rml
2024-07-05 15:05:55,119 - INFO - Prepared sim number: 34: RAYPy_Simulation_Bessy2_HiBeta_long_RP/round_1/34_Bessy2_HiBeta_long_RP.rml
2024-07-05 15:05:55,126 - INFO - Prepared sim number: 35: RAYPy_Simulation_Bessy2_HiBeta_long_RP/round_1/35_Bessy2_HiBeta_long_RP.rml
2024-07-05 15:05:55,132 - INFO - Prepared sim number: 36: RAYPy_Simulation_Bessy2_HiBeta_long_RP/round_1/36_Bessy2_HiBeta_long_RP.rml
2024-07-05 15:05:55,139 - INFO - Prepared sim number: 37: RAYPy_Simulation_Bessy2_HiBeta_long_RP/round_1/37_Bessy2_HiBeta_long_RP.rml
2024-07-05 15:05:55,149 - INFO - Prepared sim number: 38: RAYPy_Simulation_Bessy2_HiBeta_long_RP/round_1/38_Bessy2_HiBeta_long_RP.rml
2024-07-05 15:05:55,163 - INFO - Prepared sim number: 39: RAYPy_Simulation_Bessy2_HiBeta_long_RP/round_1/39_Bessy2_HiBeta_long_RP.rml
2024-07-05 15:05:55,173 - INFO - Prepared sim number: 40: RAYPy_Simulation_Bessy2_HiBeta_long_RP/round_1/40_Bessy2_HiBeta_long_RP.rml
2024-07-05 15:05:55,183 - INFO - Prepared sim number: 41: RAYPy_Simulation_Bessy2_HiBeta_long_RP/round_1/41_Bessy2_HiBeta_long_RP.rml
2024-07-05 15:05:55,192 - INFO - Prepared sim number: 42: RAYPy_Simulation_Bessy2_HiBeta_long_RP/round_1/42_Bessy2_HiBeta_long_RP.rml
2024-07-05 15:05:55,202 - INFO - Prepared sim number: 43: RAYPy_Simulation_Bessy2_HiBeta_long_RP/round_1/43_Bessy2_HiBeta_long_RP.rml
2024-07-05 15:05:55,208 - INFO - Prepared sim number: 44: RAYPy_Simulation_Bessy2_HiBeta_long_RP/round_1/44_Bessy2_HiBeta_long_RP.rml
2024-07-05 15:05:55,214 - INFO - Prepared sim number: 45: RAYPy_Simulation_Bessy2_HiBeta_long_RP/round_1/45_Bessy2_HiBeta_long_RP.rml
2024-07-05 15:05:55,223 - INFO - Prepared sim number: 46: RAYPy_Simulation_Bessy2_HiBeta_long_RP/round_1/46_Bessy2_HiBeta_long_RP.rml
2024-07-05 15:05:55,229 - INFO - Prepared sim number: 47: RAYPy_Simulation_Bessy2_HiBeta_long_RP/round_1/47_Bessy2_HiBeta_long_RP.rml
2024-07-05 15:05:55,235 - INFO - Prepared sim number: 48: RAYPy_Simulation_Bessy2_HiBeta_long_RP/round_1/48_Bessy2_HiBeta_long_RP.rml
2024-07-05 15:05:55,242 - INFO - Prepared sim number: 49: RAYPy_Simulation_Bessy2_HiBeta_long_RP/round_1/49_Bessy2_HiBeta_long_RP.rml
2024-07-05 15:05:55,249 - INFO - Prepared sim number: 50: RAYPy_Simulation_Bessy2_HiBeta_long_RP/round_1/50_Bessy2_HiBeta_long_RP.rml
2024-07-05 15:05:55,256 - INFO - Prepared sim number: 51: RAYPy_Simulation_Bessy2_HiBeta_long_RP/round_1/51_Bessy2_HiBeta_long_RP.rml
2024-07-05 15:05:55,261 - INFO - Prepared sim number: 52: RAYPy_Simulation_Bessy2_HiBeta_long_RP/round_1/52_Bessy2_HiBeta_long_RP.rml
2024-07-05 15:05:55,266 - INFO - Prepared sim number: 53: RAYPy_Simulation_Bessy2_HiBeta_long_RP/round_1/53_Bessy2_HiBeta_long_RP.rml
2024-07-05 15:05:55,272 - INFO - Prepared sim number: 54: RAYPy_Simulation_Bessy2_HiBeta_long_RP/round_1/54_Bessy2_HiBeta_long_RP.rml
2024-07-05 15:05:55,277 - INFO - Prepared sim number: 55: RAYPy_Simulation_Bessy2_HiBeta_long_RP/round_1/55_Bessy2_HiBeta_long_RP.rml
2024-07-05 15:05:55,284 - INFO - Prepared sim number: 56: RAYPy_Simulation_Bessy2_HiBeta_long_RP/round_1/56_Bessy2_HiBeta_long_RP.rml
2024-07-05 15:05:55,289 - INFO - Prepared sim number: 57: RAYPy_Simulation_Bessy2_HiBeta_long_RP/round_1/57_Bessy2_HiBeta_long_RP.rml
2024-07-05 15:05:55,294 - INFO - Prepared sim number: 58: RAYPy_Simulation_Bessy2_HiBeta_long_RP/round_1/58_Bessy2_HiBeta_long_RP.rml
2024-07-05 15:05:55,299 - INFO - Prepared sim number: 59: RAYPy_Simulation_Bessy2_HiBeta_long_RP/round_1/59_Bessy2_HiBeta_long_RP.rml
2024-07-05 15:05:55,305 - INFO - Prepared sim number: 60: RAYPy_Simulation_Bessy2_HiBeta_long_RP/round_1/60_Bessy2_HiBeta_long_RP.rml
2024-07-05 15:05:55,310 - INFO - Prepared sim number: 61: RAYPy_Simulation_Bessy2_HiBeta_long_RP/round_1/61_Bessy2_HiBeta_long_RP.rml
2024-07-05 15:05:55,316 - INFO - Prepared sim number: 62: RAYPy_Simulation_Bessy2_HiBeta_long_RP/round_1/62_Bessy2_HiBeta_long_RP.rml
2024-07-05 15:05:55,322 - INFO - Prepared sim number: 63: RAYPy_Simulation_Bessy2_HiBeta_long_RP/round_1/63_Bessy2_HiBeta_long_RP.rml
2024-07-05 15:05:55,327 - INFO - Prepared sim number: 64: RAYPy_Simulation_Bessy2_HiBeta_long_RP/round_1/64_Bessy2_HiBeta_long_RP.rml
2024-07-05 15:05:55,332 - INFO - Prepared sim number: 65: RAYPy_Simulation_Bessy2_HiBeta_long_RP/round_1/65_Bessy2_HiBeta_long_RP.rml
2024-07-05 15:05:55,337 - INFO - Prepared sim number: 66: RAYPy_Simulation_Bessy2_HiBeta_long_RP/round_1/66_Bessy2_HiBeta_long_RP.rml
2024-07-05 15:05:55,341 - INFO - Prepared sim number: 67: RAYPy_Simulation_Bessy2_HiBeta_long_RP/round_1/67_Bessy2_HiBeta_long_RP.rml
2024-07-05 15:05:55,347 - INFO - Prepared sim number: 68: RAYPy_Simulation_Bessy2_HiBeta_long_RP/round_1/68_Bessy2_HiBeta_long_RP.rml
2024-07-05 15:05:55,352 - INFO - Prepared sim number: 69: RAYPy_Simulation_Bessy2_HiBeta_long_RP/round_1/69_Bessy2_HiBeta_long_RP.rml
2024-07-05 15:05:55,358 - INFO - Prepared sim number: 70: RAYPy_Simulation_Bessy2_HiBeta_long_RP/round_1/70_Bessy2_HiBeta_long_RP.rml
2024-07-05 15:05:55,364 - INFO - Prepared sim number: 71: RAYPy_Simulation_Bessy2_HiBeta_long_RP/round_1/71_Bessy2_HiBeta_long_RP.rml
2024-07-05 15:05:55,377 - INFO - Prepared sim number: 72: RAYPy_Simulation_Bessy2_HiBeta_long_RP/round_1/72_Bessy2_HiBeta_long_RP.rml
2024-07-05 15:05:55,384 - INFO - Prepared sim number: 73: RAYPy_Simulation_Bessy2_HiBeta_long_RP/round_1/73_Bessy2_HiBeta_long_RP.rml
2024-07-05 15:05:55,393 - INFO - Prepared sim number: 74: RAYPy_Simulation_Bessy2_HiBeta_long_RP/round_1/74_Bessy2_HiBeta_long_RP.rml
2024-07-05 15:05:55,397 - INFO - Prepared sim number: 75: RAYPy_Simulation_Bessy2_HiBeta_long_RP/round_1/75_Bessy2_HiBeta_long_RP.rml
2024-07-05 15:05:55,402 - INFO - Prepared sim number: 76: RAYPy_Simulation_Bessy2_HiBeta_long_RP/round_1/76_Bessy2_HiBeta_long_RP.rml
2024-07-05 15:05:55,406 - INFO - Prepared sim number: 77: RAYPy_Simulation_Bessy2_HiBeta_long_RP/round_1/77_Bessy2_HiBeta_long_RP.rml
2024-07-05 15:05:55,409 - INFO - Prepared sim number: 78: RAYPy_Simulation_Bessy2_HiBeta_long_RP/round_1/78_Bessy2_HiBeta_long_RP.rml
2024-07-05 15:05:55,413 - INFO - Prepared sim number: 79: RAYPy_Simulation_Bessy2_HiBeta_long_RP/round_1/79_Bessy2_HiBeta_long_RP.rml
2024-07-05 15:05:55,417 - INFO - Prepared sim number: 80: RAYPy_Simulation_Bessy2_HiBeta_long_RP/round_1/80_Bessy2_HiBeta_long_RP.rml
2024-07-05 15:05:55,420 - INFO - Prepared sim number: 81: RAYPy_Simulation_Bessy2_HiBeta_long_RP/round_1/81_Bessy2_HiBeta_long_RP.rml
2024-07-05 15:05:55,424 - INFO - Prepared sim number: 82: RAYPy_Simulation_Bessy2_HiBeta_long_RP/round_1/82_Bessy2_HiBeta_long_RP.rml
2024-07-05 15:05:55,425 - INFO - Waiting for batch number: 3, timeout: 26.844796762466434s
2024-07-05 15:05:57,318 - INFO - Completed: 1, remaining: 49, RAYPy_Simulation_Bessy2_HiBeta_long_RP/round_1/33_Bessy2_HiBeta_long_RP.rml
2024-07-05 15:05:57,413 - INFO - Completed: 2, remaining: 48, RAYPy_Simulation_Bessy2_HiBeta_long_RP/round_1/41_Bessy2_HiBeta_long_RP.rml
2024-07-05 15:05:57,493 - INFO - Completed: 3, remaining: 47, RAYPy_Simulation_Bessy2_HiBeta_long_RP/round_1/39_Bessy2_HiBeta_long_RP.rml
2024-07-05 15:05:57,506 - INFO - Completed: 4, remaining: 46, RAYPy_Simulation_Bessy2_HiBeta_long_RP/round_1/40_Bessy2_HiBeta_long_RP.rml
2024-07-05 15:05:57,758 - INFO - Completed: 5, remaining: 45, RAYPy_Simulation_Bessy2_HiBeta_long_RP/round_1/35_Bessy2_HiBeta_long_RP.rml
2024-07-05 15:05:57,784 - INFO - Completed: 6, remaining: 44, RAYPy_Simulation_Bessy2_HiBeta_long_RP/round_1/36_Bessy2_HiBeta_long_RP.rml
2024-07-05 15:05:57,943 - INFO - Completed: 7, remaining: 43, RAYPy_Simulation_Bessy2_HiBeta_long_RP/round_1/42_Bessy2_HiBeta_long_RP.rml
2024-07-05 15:06:02,366 - INFO - Completed: 8, remaining: 42, RAYPy_Simulation_Bessy2_HiBeta_long_RP/round_1/43_Bessy2_HiBeta_long_RP.rml
2024-07-05 15:06:02,451 - INFO - Completed: 9, remaining: 41, RAYPy_Simulation_Bessy2_HiBeta_long_RP/round_1/34_Bessy2_HiBeta_long_RP.rml
2024-07-05 15:06:02,467 - INFO - Completed: 10, remaining: 40, RAYPy_Simulation_Bessy2_HiBeta_long_RP/round_1/38_Bessy2_HiBeta_long_RP.rml
2024-07-05 15:06:02,555 - INFO - Completed: 11, remaining: 39, RAYPy_Simulation_Bessy2_HiBeta_long_RP/round_1/44_Bessy2_HiBeta_long_RP.rml
2024-07-05 15:06:02,682 - INFO - Completed: 12, remaining: 38, RAYPy_Simulation_Bessy2_HiBeta_long_RP/round_1/45_Bessy2_HiBeta_long_RP.rml
2024-07-05 15:06:02,781 - INFO - Completed: 13, remaining: 37, RAYPy_Simulation_Bessy2_HiBeta_long_RP/round_1/46_Bessy2_HiBeta_long_RP.rml
2024-07-05 15:06:02,786 - INFO - Completed: 14, remaining: 36, RAYPy_Simulation_Bessy2_HiBeta_long_RP/round_1/48_Bessy2_HiBeta_long_RP.rml
2024-07-05 15:06:02,932 - INFO - Completed: 15, remaining: 35, RAYPy_Simulation_Bessy2_HiBeta_long_RP/round_1/47_Bessy2_HiBeta_long_RP.rml
2024-07-05 15:06:03,345 - INFO - Completed: 16, remaining: 34, RAYPy_Simulation_Bessy2_HiBeta_long_RP/round_1/49_Bessy2_HiBeta_long_RP.rml
2024-07-05 15:06:03,940 - INFO - Completed: 17, remaining: 33, RAYPy_Simulation_Bessy2_HiBeta_long_RP/round_1/37_Bessy2_HiBeta_long_RP.rml
2024-07-05 15:06:07,110 - INFO - Completed: 18, remaining: 32, RAYPy_Simulation_Bessy2_HiBeta_long_RP/round_1/50_Bessy2_HiBeta_long_RP.rml
2024-07-05 15:06:07,309 - INFO - Completed: 19, remaining: 31, RAYPy_Simulation_Bessy2_HiBeta_long_RP/round_1/51_Bessy2_HiBeta_long_RP.rml
2024-07-05 15:06:07,380 - INFO - Completed: 20, remaining: 30, RAYPy_Simulation_Bessy2_HiBeta_long_RP/round_1/52_Bessy2_HiBeta_long_RP.rml
2024-07-05 15:06:07,435 - INFO - Completed: 21, remaining: 29, RAYPy_Simulation_Bessy2_HiBeta_long_RP/round_1/54_Bessy2_HiBeta_long_RP.rml
2024-07-05 15:06:07,618 - INFO - Completed: 22, remaining: 28, RAYPy_Simulation_Bessy2_HiBeta_long_RP/round_1/55_Bessy2_HiBeta_long_RP.rml
2024-07-05 15:06:07,791 - INFO - Completed: 23, remaining: 27, RAYPy_Simulation_Bessy2_HiBeta_long_RP/round_1/57_Bessy2_HiBeta_long_RP.rml
2024-07-05 15:06:07,819 - INFO - Completed: 24, remaining: 26, RAYPy_Simulation_Bessy2_HiBeta_long_RP/round_1/53_Bessy2_HiBeta_long_RP.rml
2024-07-05 15:06:07,889 - INFO - Completed: 25, remaining: 25, RAYPy_Simulation_Bessy2_HiBeta_long_RP/round_1/56_Bessy2_HiBeta_long_RP.rml
2024-07-05 15:06:09,048 - INFO - Completed: 26, remaining: 24, RAYPy_Simulation_Bessy2_HiBeta_long_RP/round_1/59_Bessy2_HiBeta_long_RP.rml
2024-07-05 15:06:09,298 - INFO - Completed: 27, remaining: 23, RAYPy_Simulation_Bessy2_HiBeta_long_RP/round_1/58_Bessy2_HiBeta_long_RP.rml
2024-07-05 15:06:11,992 - INFO - Completed: 28, remaining: 22, RAYPy_Simulation_Bessy2_HiBeta_long_RP/round_1/62_Bessy2_HiBeta_long_RP.rml
2024-07-05 15:06:12,111 - INFO - Completed: 29, remaining: 21, RAYPy_Simulation_Bessy2_HiBeta_long_RP/round_1/63_Bessy2_HiBeta_long_RP.rml
2024-07-05 15:06:12,306 - INFO - Completed: 30, remaining: 20, RAYPy_Simulation_Bessy2_HiBeta_long_RP/round_1/61_Bessy2_HiBeta_long_RP.rml
2024-07-05 15:06:12,480 - INFO - Completed: 31, remaining: 19, RAYPy_Simulation_Bessy2_HiBeta_long_RP/round_1/60_Bessy2_HiBeta_long_RP.rml
2024-07-05 15:06:12,750 - INFO - Completed: 32, remaining: 18, RAYPy_Simulation_Bessy2_HiBeta_long_RP/round_1/64_Bessy2_HiBeta_long_RP.rml
2024-07-05 15:06:12,835 - INFO - Completed: 33, remaining: 17, RAYPy_Simulation_Bessy2_HiBeta_long_RP/round_1/65_Bessy2_HiBeta_long_RP.rml
2024-07-05 15:06:12,873 - INFO - Completed: 34, remaining: 16, RAYPy_Simulation_Bessy2_HiBeta_long_RP/round_1/67_Bessy2_HiBeta_long_RP.rml
2024-07-05 15:06:13,088 - INFO - Completed: 35, remaining: 15, RAYPy_Simulation_Bessy2_HiBeta_long_RP/round_1/66_Bessy2_HiBeta_long_RP.rml
2024-07-05 15:06:14,047 - INFO - Completed: 36, remaining: 14, RAYPy_Simulation_Bessy2_HiBeta_long_RP/round_1/68_Bessy2_HiBeta_long_RP.rml
2024-07-05 15:06:14,468 - INFO - Completed: 37, remaining: 13, RAYPy_Simulation_Bessy2_HiBeta_long_RP/round_1/69_Bessy2_HiBeta_long_RP.rml
2024-07-05 15:06:15,740 - INFO - Completed: 38, remaining: 12, RAYPy_Simulation_Bessy2_HiBeta_long_RP/round_1/70_Bessy2_HiBeta_long_RP.rml
2024-07-05 15:06:16,296 - INFO - Completed: 39, remaining: 11, RAYPy_Simulation_Bessy2_HiBeta_long_RP/round_1/73_Bessy2_HiBeta_long_RP.rml
2024-07-05 15:06:16,334 - INFO - Completed: 40, remaining: 10, RAYPy_Simulation_Bessy2_HiBeta_long_RP/round_1/74_Bessy2_HiBeta_long_RP.rml
2024-07-05 15:06:16,362 - INFO - Completed: 41, remaining: 9, RAYPy_Simulation_Bessy2_HiBeta_long_RP/round_1/71_Bessy2_HiBeta_long_RP.rml
2024-07-05 15:06:16,486 - INFO - Completed: 42, remaining: 8, RAYPy_Simulation_Bessy2_HiBeta_long_RP/round_1/72_Bessy2_HiBeta_long_RP.rml
2024-07-05 15:06:16,611 - INFO - Completed: 43, remaining: 7, RAYPy_Simulation_Bessy2_HiBeta_long_RP/round_1/76_Bessy2_HiBeta_long_RP.rml
2024-07-05 15:06:16,630 - INFO - Completed: 44, remaining: 6, RAYPy_Simulation_Bessy2_HiBeta_long_RP/round_1/75_Bessy2_HiBeta_long_RP.rml
2024-07-05 15:06:16,638 - INFO - Completed: 45, remaining: 5, RAYPy_Simulation_Bessy2_HiBeta_long_RP/round_1/77_Bessy2_HiBeta_long_RP.rml
2024-07-05 15:06:16,925 - INFO - Completed: 46, remaining: 4, RAYPy_Simulation_Bessy2_HiBeta_long_RP/round_1/78_Bessy2_HiBeta_long_RP.rml
2024-07-05 15:06:17,338 - INFO - Completed: 47, remaining: 3, RAYPy_Simulation_Bessy2_HiBeta_long_RP/round_1/79_Bessy2_HiBeta_long_RP.rml
2024-07-05 15:06:17,877 - INFO - Completed: 48, remaining: 2, RAYPy_Simulation_Bessy2_HiBeta_long_RP/round_1/80_Bessy2_HiBeta_long_RP.rml
2024-07-05 15:06:18,196 - INFO - Completed: 49, remaining: 1, RAYPy_Simulation_Bessy2_HiBeta_long_RP/round_1/81_Bessy2_HiBeta_long_RP.rml
2024-07-05 15:06:18,307 - INFO - Completed: 50, remaining: 0, RAYPy_Simulation_Bessy2_HiBeta_long_RP/round_1/82_Bessy2_HiBeta_long_RP.rml
2024-07-05 15:06:18,308 - INFO - Batch Completed
2024-07-05 15:06:18,309 - INFO - Waiting For batch, 50 simulations to go
2024-07-05 15:06:18,323 - INFO - Prepared sim number: 83: RAYPy_Simulation_Bessy2_HiBeta_long_RP/round_1/83_Bessy2_HiBeta_long_RP.rml
2024-07-05 15:06:18,332 - INFO - Prepared sim number: 84: RAYPy_Simulation_Bessy2_HiBeta_long_RP/round_1/84_Bessy2_HiBeta_long_RP.rml
2024-07-05 15:06:18,341 - INFO - Prepared sim number: 85: RAYPy_Simulation_Bessy2_HiBeta_long_RP/round_1/85_Bessy2_HiBeta_long_RP.rml
2024-07-05 15:06:18,352 - INFO - Prepared sim number: 86: RAYPy_Simulation_Bessy2_HiBeta_long_RP/round_1/86_Bessy2_HiBeta_long_RP.rml
2024-07-05 15:06:18,356 - INFO - Prepared sim number: 87: RAYPy_Simulation_Bessy2_HiBeta_long_RP/round_1/87_Bessy2_HiBeta_long_RP.rml
2024-07-05 15:06:18,364 - INFO - Prepared sim number: 88: RAYPy_Simulation_Bessy2_HiBeta_long_RP/round_1/88_Bessy2_HiBeta_long_RP.rml
2024-07-05 15:06:18,372 - INFO - Prepared sim number: 89: RAYPy_Simulation_Bessy2_HiBeta_long_RP/round_1/89_Bessy2_HiBeta_long_RP.rml
2024-07-05 15:06:18,376 - INFO - Prepared sim number: 90: RAYPy_Simulation_Bessy2_HiBeta_long_RP/round_1/90_Bessy2_HiBeta_long_RP.rml
2024-07-05 15:06:18,381 - INFO - Prepared sim number: 91: RAYPy_Simulation_Bessy2_HiBeta_long_RP/round_1/91_Bessy2_HiBeta_long_RP.rml
2024-07-05 15:06:18,385 - INFO - Prepared sim number: 92: RAYPy_Simulation_Bessy2_HiBeta_long_RP/round_1/92_Bessy2_HiBeta_long_RP.rml
2024-07-05 15:06:18,388 - INFO - Prepared sim number: 93: RAYPy_Simulation_Bessy2_HiBeta_long_RP/round_1/93_Bessy2_HiBeta_long_RP.rml
2024-07-05 15:06:18,392 - INFO - Prepared sim number: 94: RAYPy_Simulation_Bessy2_HiBeta_long_RP/round_1/94_Bessy2_HiBeta_long_RP.rml
2024-07-05 15:06:18,397 - INFO - Prepared sim number: 95: RAYPy_Simulation_Bessy2_HiBeta_long_RP/round_1/95_Bessy2_HiBeta_long_RP.rml
2024-07-05 15:06:18,400 - INFO - Prepared sim number: 96: RAYPy_Simulation_Bessy2_HiBeta_long_RP/round_1/96_Bessy2_HiBeta_long_RP.rml
2024-07-05 15:06:18,404 - INFO - Prepared sim number: 97: RAYPy_Simulation_Bessy2_HiBeta_long_RP/round_1/97_Bessy2_HiBeta_long_RP.rml
2024-07-05 15:06:18,407 - INFO - Prepared sim number: 98: RAYPy_Simulation_Bessy2_HiBeta_long_RP/round_1/98_Bessy2_HiBeta_long_RP.rml
2024-07-05 15:06:18,410 - INFO - Prepared sim number: 99: RAYPy_Simulation_Bessy2_HiBeta_long_RP/round_1/99_Bessy2_HiBeta_long_RP.rml
2024-07-05 15:06:18,414 - INFO - Prepared sim number: 100: RAYPy_Simulation_Bessy2_HiBeta_long_RP/round_1/100_Bessy2_HiBeta_long_RP.rml
2024-07-05 15:06:18,419 - INFO - Prepared sim number: 101: RAYPy_Simulation_Bessy2_HiBeta_long_RP/round_1/101_Bessy2_HiBeta_long_RP.rml
2024-07-05 15:06:18,422 - INFO - Prepared sim number: 102: RAYPy_Simulation_Bessy2_HiBeta_long_RP/round_1/102_Bessy2_HiBeta_long_RP.rml
2024-07-05 15:06:18,425 - INFO - Prepared sim number: 103: RAYPy_Simulation_Bessy2_HiBeta_long_RP/round_1/103_Bessy2_HiBeta_long_RP.rml
2024-07-05 15:06:18,428 - INFO - Prepared sim number: 104: RAYPy_Simulation_Bessy2_HiBeta_long_RP/round_1/104_Bessy2_HiBeta_long_RP.rml
2024-07-05 15:06:18,432 - INFO - Prepared sim number: 105: RAYPy_Simulation_Bessy2_HiBeta_long_RP/round_1/105_Bessy2_HiBeta_long_RP.rml
2024-07-05 15:06:18,435 - INFO - Prepared sim number: 106: RAYPy_Simulation_Bessy2_HiBeta_long_RP/round_1/106_Bessy2_HiBeta_long_RP.rml
2024-07-05 15:06:18,440 - INFO - Prepared sim number: 107: RAYPy_Simulation_Bessy2_HiBeta_long_RP/round_1/107_Bessy2_HiBeta_long_RP.rml
2024-07-05 15:06:18,444 - INFO - Prepared sim number: 108: RAYPy_Simulation_Bessy2_HiBeta_long_RP/round_1/108_Bessy2_HiBeta_long_RP.rml
2024-07-05 15:06:18,449 - INFO - Prepared sim number: 109: RAYPy_Simulation_Bessy2_HiBeta_long_RP/round_1/109_Bessy2_HiBeta_long_RP.rml
2024-07-05 15:06:18,453 - INFO - Prepared sim number: 110: RAYPy_Simulation_Bessy2_HiBeta_long_RP/round_1/110_Bessy2_HiBeta_long_RP.rml
2024-07-05 15:06:18,457 - INFO - Prepared sim number: 111: RAYPy_Simulation_Bessy2_HiBeta_long_RP/round_1/111_Bessy2_HiBeta_long_RP.rml
2024-07-05 15:06:18,461 - INFO - Prepared sim number: 112: RAYPy_Simulation_Bessy2_HiBeta_long_RP/round_1/112_Bessy2_HiBeta_long_RP.rml
2024-07-05 15:06:18,466 - INFO - Prepared sim number: 113: RAYPy_Simulation_Bessy2_HiBeta_long_RP/round_1/113_Bessy2_HiBeta_long_RP.rml
2024-07-05 15:06:18,470 - INFO - Prepared sim number: 114: RAYPy_Simulation_Bessy2_HiBeta_long_RP/round_1/114_Bessy2_HiBeta_long_RP.rml
2024-07-05 15:06:18,474 - INFO - Prepared sim number: 115: RAYPy_Simulation_Bessy2_HiBeta_long_RP/round_1/115_Bessy2_HiBeta_long_RP.rml
2024-07-05 15:06:18,478 - INFO - Prepared sim number: 116: RAYPy_Simulation_Bessy2_HiBeta_long_RP/round_1/116_Bessy2_HiBeta_long_RP.rml
2024-07-05 15:06:18,479 - INFO - Waiting for batch number: 4, timeout: 26.6453011393547s
2024-07-05 15:06:20,500 - INFO - Completed: 1, remaining: 49, RAYPy_Simulation_Bessy2_HiBeta_long_RP/round_1/86_Bessy2_HiBeta_long_RP.rml
2024-07-05 15:06:20,525 - INFO - Completed: 2, remaining: 48, RAYPy_Simulation_Bessy2_HiBeta_long_RP/round_1/84_Bessy2_HiBeta_long_RP.rml
2024-07-05 15:06:20,744 - INFO - Completed: 3, remaining: 47, RAYPy_Simulation_Bessy2_HiBeta_long_RP/round_1/83_Bessy2_HiBeta_long_RP.rml
2024-07-05 15:06:20,860 - INFO - Completed: 4, remaining: 46, RAYPy_Simulation_Bessy2_HiBeta_long_RP/round_1/90_Bessy2_HiBeta_long_RP.rml
2024-07-05 15:06:20,926 - INFO - Completed: 5, remaining: 45, RAYPy_Simulation_Bessy2_HiBeta_long_RP/round_1/91_Bessy2_HiBeta_long_RP.rml
2024-07-05 15:06:20,997 - INFO - Completed: 6, remaining: 44, RAYPy_Simulation_Bessy2_HiBeta_long_RP/round_1/89_Bessy2_HiBeta_long_RP.rml
2024-07-05 15:06:23,138 - INFO - Completed: 7, remaining: 43, RAYPy_Simulation_Bessy2_HiBeta_long_RP/round_1/93_Bessy2_HiBeta_long_RP.rml
2024-07-05 15:06:23,176 - INFO - Completed: 8, remaining: 42, RAYPy_Simulation_Bessy2_HiBeta_long_RP/round_1/85_Bessy2_HiBeta_long_RP.rml
2024-07-05 15:06:23,298 - INFO - Completed: 9, remaining: 41, RAYPy_Simulation_Bessy2_HiBeta_long_RP/round_1/87_Bessy2_HiBeta_long_RP.rml
2024-07-05 15:06:23,445 - INFO - Completed: 10, remaining: 40, RAYPy_Simulation_Bessy2_HiBeta_long_RP/round_1/95_Bessy2_HiBeta_long_RP.rml
2024-07-05 15:06:23,588 - INFO - Completed: 11, remaining: 39, RAYPy_Simulation_Bessy2_HiBeta_long_RP/round_1/96_Bessy2_HiBeta_long_RP.rml
2024-07-05 15:06:23,656 - INFO - Completed: 12, remaining: 38, RAYPy_Simulation_Bessy2_HiBeta_long_RP/round_1/92_Bessy2_HiBeta_long_RP.rml
2024-07-05 15:06:23,766 - INFO - Completed: 13, remaining: 37, RAYPy_Simulation_Bessy2_HiBeta_long_RP/round_1/94_Bessy2_HiBeta_long_RP.rml
2024-07-05 15:06:23,830 - INFO - Completed: 14, remaining: 36, RAYPy_Simulation_Bessy2_HiBeta_long_RP/round_1/88_Bessy2_HiBeta_long_RP.rml
2024-07-05 15:06:23,857 - INFO - Completed: 15, remaining: 35, RAYPy_Simulation_Bessy2_HiBeta_long_RP/round_1/98_Bessy2_HiBeta_long_RP.rml
2024-07-05 15:06:24,001 - INFO - Completed: 16, remaining: 34, RAYPy_Simulation_Bessy2_HiBeta_long_RP/round_1/97_Bessy2_HiBeta_long_RP.rml
2024-07-05 15:06:26,390 - INFO - Completed: 17, remaining: 33, RAYPy_Simulation_Bessy2_HiBeta_long_RP/round_1/101_Bessy2_HiBeta_long_RP.rml
2024-07-05 15:06:26,446 - INFO - Completed: 18, remaining: 32, RAYPy_Simulation_Bessy2_HiBeta_long_RP/round_1/102_Bessy2_HiBeta_long_RP.rml
2024-07-05 15:06:26,697 - INFO - Completed: 19, remaining: 31, RAYPy_Simulation_Bessy2_HiBeta_long_RP/round_1/103_Bessy2_HiBeta_long_RP.rml
2024-07-05 15:06:26,819 - INFO - Completed: 20, remaining: 30, RAYPy_Simulation_Bessy2_HiBeta_long_RP/round_1/99_Bessy2_HiBeta_long_RP.rml
2024-07-05 15:06:26,832 - INFO - Completed: 21, remaining: 29, RAYPy_Simulation_Bessy2_HiBeta_long_RP/round_1/107_Bessy2_HiBeta_long_RP.rml
2024-07-05 15:06:26,876 - INFO - Completed: 22, remaining: 28, RAYPy_Simulation_Bessy2_HiBeta_long_RP/round_1/105_Bessy2_HiBeta_long_RP.rml
2024-07-05 15:06:26,973 - INFO - Completed: 23, remaining: 27, RAYPy_Simulation_Bessy2_HiBeta_long_RP/round_1/100_Bessy2_HiBeta_long_RP.rml
2024-07-05 15:06:27,042 - INFO - Completed: 24, remaining: 26, RAYPy_Simulation_Bessy2_HiBeta_long_RP/round_1/108_Bessy2_HiBeta_long_RP.rml
2024-07-05 15:06:27,082 - INFO - Completed: 25, remaining: 25, RAYPy_Simulation_Bessy2_HiBeta_long_RP/round_1/104_Bessy2_HiBeta_long_RP.rml
2024-07-05 15:06:27,209 - INFO - Completed: 26, remaining: 24, RAYPy_Simulation_Bessy2_HiBeta_long_RP/round_1/106_Bessy2_HiBeta_long_RP.rml
2024-07-05 15:06:28,916 - INFO - Completed: 27, remaining: 23, RAYPy_Simulation_Bessy2_HiBeta_long_RP/round_1/110_Bessy2_HiBeta_long_RP.rml
2024-07-05 15:06:28,990 - INFO - Completed: 28, remaining: 22, RAYPy_Simulation_Bessy2_HiBeta_long_RP/round_1/109_Bessy2_HiBeta_long_RP.rml
2024-07-05 15:06:29,148 - INFO - Completed: 29, remaining: 21, RAYPy_Simulation_Bessy2_HiBeta_long_RP/round_1/113_Bessy2_HiBeta_long_RP.rml
2024-07-05 15:06:29,188 - INFO - Completed: 30, remaining: 20, RAYPy_Simulation_Bessy2_HiBeta_long_RP/round_1/112_Bessy2_HiBeta_long_RP.rml
2024-07-05 15:06:29,252 - INFO - Completed: 31, remaining: 19, RAYPy_Simulation_Bessy2_HiBeta_long_RP/round_1/111_Bessy2_HiBeta_long_RP.rml
2024-07-05 15:06:29,308 - INFO - Completed: 32, remaining: 18, RAYPy_Simulation_Bessy2_HiBeta_long_RP/round_1/116_Bessy2_HiBeta_long_RP.rml
2024-07-05 15:06:29,350 - INFO - Completed: 33, remaining: 17, RAYPy_Simulation_Bessy2_HiBeta_long_RP/round_1/115_Bessy2_HiBeta_long_RP.rml
2024-07-05 15:06:29,509 - INFO - Completed: 34, remaining: 16, RAYPy_Simulation_Bessy2_HiBeta_long_RP/round_1/114_Bessy2_HiBeta_long_RP.rml
2024-07-05 15:06:29,510 - INFO - Batch Completed
2024-07-05 15:06:29,510 - INFO - Waiting For batch, 50 simulations to go
2024-07-05 15:06:29,511 - INFO - Remaning Simulations 0, stop the simulations loop
2024-07-05 15:06:29,511 - INFO - Checking that all simulations are completed before stopping the ProcessPoolExecutor
2024-07-05 15:06:29,588 - INFO - Executor shutdown completed.
2024-07-05 15:06:29,617 - INFO - Simulation completed successfully.
2024-07-05 15:06:29,618 - INFO - Starting cleanup
2024-07-05 15:06:30,119 - INFO - Done with the cleanup
2024-07-05 15:06:30,119 - INFO - End of the Simulations
