2024-12-22 16:51:18,056 - INFO - Simulation started, using 8 workers
2024-12-22 16:51:18,058 - INFO - Start round 0
2024-12-22 16:51:18,059 - INFO - Prepared sim number: 0: RAYPy_Simulation_bessy2_LoBeta_long_52_errors_off_old_FLUX/round_0/0_bessy2_LoBeta_long_52_errors_off_old_FLUX.rml
2024-12-22 16:51:18,060 - INFO - Prepared sim number: 1: RAYPy_Simulation_bessy2_LoBeta_long_52_errors_off_old_FLUX/round_0/1_bessy2_LoBeta_long_52_errors_off_old_FLUX.rml
2024-12-22 16:51:18,061 - INFO - Prepared sim number: 2: RAYPy_Simulation_bessy2_LoBeta_long_52_errors_off_old_FLUX/round_0/2_bessy2_LoBeta_long_52_errors_off_old_FLUX.rml
2024-12-22 16:51:18,062 - INFO - Prepared sim number: 3: RAYPy_Simulation_bessy2_LoBeta_long_52_errors_off_old_FLUX/round_0/3_bessy2_LoBeta_long_52_errors_off_old_FLUX.rml
2024-12-22 16:51:18,063 - INFO - Prepared sim number: 4: RAYPy_Simulation_bessy2_LoBeta_long_52_errors_off_old_FLUX/round_0/4_bessy2_LoBeta_long_52_errors_off_old_FLUX.rml
2024-12-22 16:51:18,064 - INFO - Prepared sim number: 5: RAYPy_Simulation_bessy2_LoBeta_long_52_errors_off_old_FLUX/round_0/5_bessy2_LoBeta_long_52_errors_off_old_FLUX.rml
2024-12-22 16:51:18,065 - INFO - Prepared sim number: 6: RAYPy_Simulation_bessy2_LoBeta_long_52_errors_off_old_FLUX/round_0/6_bessy2_LoBeta_long_52_errors_off_old_FLUX.rml
2024-12-22 16:51:18,066 - INFO - Prepared sim number: 7: RAYPy_Simulation_bessy2_LoBeta_long_52_errors_off_old_FLUX/round_0/7_bessy2_LoBeta_long_52_errors_off_old_FLUX.rml
2024-12-22 16:51:18,067 - INFO - Prepared sim number: 8: RAYPy_Simulation_bessy2_LoBeta_long_52_errors_off_old_FLUX/round_0/8_bessy2_LoBeta_long_52_errors_off_old_FLUX.rml
2024-12-22 16:51:18,068 - INFO - Prepared sim number: 9: RAYPy_Simulation_bessy2_LoBeta_long_52_errors_off_old_FLUX/round_0/9_bessy2_LoBeta_long_52_errors_off_old_FLUX.rml
2024-12-22 16:51:18,069 - INFO - Prepared sim number: 10: RAYPy_Simulation_bessy2_LoBeta_long_52_errors_off_old_FLUX/round_0/10_bessy2_LoBeta_long_52_errors_off_old_FLUX.rml
2024-12-22 16:51:18,070 - INFO - Prepared sim number: 11: RAYPy_Simulation_bessy2_LoBeta_long_52_errors_off_old_FLUX/round_0/11_bessy2_LoBeta_long_52_errors_off_old_FLUX.rml
2024-12-22 16:51:18,071 - INFO - Prepared sim number: 12: RAYPy_Simulation_bessy2_LoBeta_long_52_errors_off_old_FLUX/round_0/12_bessy2_LoBeta_long_52_errors_off_old_FLUX.rml
2024-12-22 16:51:18,073 - INFO - Prepared sim number: 13: RAYPy_Simulation_bessy2_LoBeta_long_52_errors_off_old_FLUX/round_0/13_bessy2_LoBeta_long_52_errors_off_old_FLUX.rml
2024-12-22 16:51:18,074 - INFO - Prepared sim number: 14: RAYPy_Simulation_bessy2_LoBeta_long_52_errors_off_old_FLUX/round_0/14_bessy2_LoBeta_long_52_errors_off_old_FLUX.rml
2024-12-22 16:51:18,075 - INFO - Prepared sim number: 15: RAYPy_Simulation_bessy2_LoBeta_long_52_errors_off_old_FLUX/round_0/15_bessy2_LoBeta_long_52_errors_off_old_FLUX.rml
2024-12-22 16:51:18,076 - INFO - Prepared sim number: 16: RAYPy_Simulation_bessy2_LoBeta_long_52_errors_off_old_FLUX/round_0/16_bessy2_LoBeta_long_52_errors_off_old_FLUX.rml
2024-12-22 16:51:18,077 - INFO - Prepared sim number: 17: RAYPy_Simulation_bessy2_LoBeta_long_52_errors_off_old_FLUX/round_0/17_bessy2_LoBeta_long_52_errors_off_old_FLUX.rml
2024-12-22 16:51:18,078 - INFO - Prepared sim number: 18: RAYPy_Simulation_bessy2_LoBeta_long_52_errors_off_old_FLUX/round_0/18_bessy2_LoBeta_long_52_errors_off_old_FLUX.rml
2024-12-22 16:51:18,079 - INFO - Prepared sim number: 19: RAYPy_Simulation_bessy2_LoBeta_long_52_errors_off_old_FLUX/round_0/19_bessy2_LoBeta_long_52_errors_off_old_FLUX.rml
2024-12-22 16:51:18,080 - INFO - Prepared sim number: 20: RAYPy_Simulation_bessy2_LoBeta_long_52_errors_off_old_FLUX/round_0/20_bessy2_LoBeta_long_52_errors_off_old_FLUX.rml
2024-12-22 16:51:18,081 - INFO - Prepared sim number: 21: RAYPy_Simulation_bessy2_LoBeta_long_52_errors_off_old_FLUX/round_0/21_bessy2_LoBeta_long_52_errors_off_old_FLUX.rml
2024-12-22 16:51:18,082 - INFO - Prepared sim number: 22: RAYPy_Simulation_bessy2_LoBeta_long_52_errors_off_old_FLUX/round_0/22_bessy2_LoBeta_long_52_errors_off_old_FLUX.rml
2024-12-22 16:51:18,083 - INFO - Prepared sim number: 23: RAYPy_Simulation_bessy2_LoBeta_long_52_errors_off_old_FLUX/round_0/23_bessy2_LoBeta_long_52_errors_off_old_FLUX.rml
2024-12-22 16:51:18,084 - INFO - Prepared sim number: 24: RAYPy_Simulation_bessy2_LoBeta_long_52_errors_off_old_FLUX/round_0/24_bessy2_LoBeta_long_52_errors_off_old_FLUX.rml
2024-12-22 16:51:18,085 - INFO - Prepared sim number: 25: RAYPy_Simulation_bessy2_LoBeta_long_52_errors_off_old_FLUX/round_0/25_bessy2_LoBeta_long_52_errors_off_old_FLUX.rml
2024-12-22 16:51:18,086 - INFO - Prepared sim number: 26: RAYPy_Simulation_bessy2_LoBeta_long_52_errors_off_old_FLUX/round_0/26_bessy2_LoBeta_long_52_errors_off_old_FLUX.rml
2024-12-22 16:51:18,087 - INFO - Prepared sim number: 27: RAYPy_Simulation_bessy2_LoBeta_long_52_errors_off_old_FLUX/round_0/27_bessy2_LoBeta_long_52_errors_off_old_FLUX.rml
2024-12-22 16:51:18,089 - INFO - Prepared sim number: 28: RAYPy_Simulation_bessy2_LoBeta_long_52_errors_off_old_FLUX/round_0/28_bessy2_LoBeta_long_52_errors_off_old_FLUX.rml
2024-12-22 16:51:18,090 - INFO - Prepared sim number: 29: RAYPy_Simulation_bessy2_LoBeta_long_52_errors_off_old_FLUX/round_0/29_bessy2_LoBeta_long_52_errors_off_old_FLUX.rml
2024-12-22 16:51:18,091 - INFO - Prepared sim number: 30: RAYPy_Simulation_bessy2_LoBeta_long_52_errors_off_old_FLUX/round_0/30_bessy2_LoBeta_long_52_errors_off_old_FLUX.rml
2024-12-22 16:51:18,092 - INFO - Prepared sim number: 31: RAYPy_Simulation_bessy2_LoBeta_long_52_errors_off_old_FLUX/round_0/31_bessy2_LoBeta_long_52_errors_off_old_FLUX.rml
2024-12-22 16:51:18,094 - INFO - Prepared sim number: 32: RAYPy_Simulation_bessy2_LoBeta_long_52_errors_off_old_FLUX/round_0/32_bessy2_LoBeta_long_52_errors_off_old_FLUX.rml
2024-12-22 16:51:18,096 - INFO - Prepared sim number: 33: RAYPy_Simulation_bessy2_LoBeta_long_52_errors_off_old_FLUX/round_0/33_bessy2_LoBeta_long_52_errors_off_old_FLUX.rml
2024-12-22 16:51:18,098 - INFO - Prepared sim number: 34: RAYPy_Simulation_bessy2_LoBeta_long_52_errors_off_old_FLUX/round_0/34_bessy2_LoBeta_long_52_errors_off_old_FLUX.rml
2024-12-22 16:51:18,099 - INFO - Prepared sim number: 35: RAYPy_Simulation_bessy2_LoBeta_long_52_errors_off_old_FLUX/round_0/35_bessy2_LoBeta_long_52_errors_off_old_FLUX.rml
2024-12-22 16:51:18,100 - INFO - Prepared sim number: 36: RAYPy_Simulation_bessy2_LoBeta_long_52_errors_off_old_FLUX/round_0/36_bessy2_LoBeta_long_52_errors_off_old_FLUX.rml
2024-12-22 16:51:18,102 - INFO - Prepared sim number: 37: RAYPy_Simulation_bessy2_LoBeta_long_52_errors_off_old_FLUX/round_0/37_bessy2_LoBeta_long_52_errors_off_old_FLUX.rml
2024-12-22 16:51:18,104 - INFO - Prepared sim number: 38: RAYPy_Simulation_bessy2_LoBeta_long_52_errors_off_old_FLUX/round_0/38_bessy2_LoBeta_long_52_errors_off_old_FLUX.rml
2024-12-22 16:51:18,105 - INFO - Prepared sim number: 39: RAYPy_Simulation_bessy2_LoBeta_long_52_errors_off_old_FLUX/round_0/39_bessy2_LoBeta_long_52_errors_off_old_FLUX.rml
2024-12-22 16:51:18,122 - INFO - Waiting for batch number: 0, timeout: 60s
2024-12-22 16:51:21,150 - INFO - Completed: 1, remaining: 39, RAYPy_Simulation_bessy2_LoBeta_long_52_errors_off_old_FLUX/round_0/3_bessy2_LoBeta_long_52_errors_off_old_FLUX.rml
2024-12-22 16:51:21,353 - INFO - Completed: 2, remaining: 38, RAYPy_Simulation_bessy2_LoBeta_long_52_errors_off_old_FLUX/round_0/6_bessy2_LoBeta_long_52_errors_off_old_FLUX.rml
2024-12-22 16:51:21,388 - INFO - Completed: 3, remaining: 37, RAYPy_Simulation_bessy2_LoBeta_long_52_errors_off_old_FLUX/round_0/7_bessy2_LoBeta_long_52_errors_off_old_FLUX.rml
2024-12-22 16:51:22,209 - INFO - Completed: 4, remaining: 36, RAYPy_Simulation_bessy2_LoBeta_long_52_errors_off_old_FLUX/round_0/2_bessy2_LoBeta_long_52_errors_off_old_FLUX.rml
2024-12-22 16:51:23,688 - INFO - Completed: 5, remaining: 35, RAYPy_Simulation_bessy2_LoBeta_long_52_errors_off_old_FLUX/round_0/5_bessy2_LoBeta_long_52_errors_off_old_FLUX.rml
2024-12-22 16:51:25,331 - INFO - Completed: 6, remaining: 34, RAYPy_Simulation_bessy2_LoBeta_long_52_errors_off_old_FLUX/round_0/9_bessy2_LoBeta_long_52_errors_off_old_FLUX.rml
2024-12-22 16:51:25,400 - INFO - Completed: 7, remaining: 33, RAYPy_Simulation_bessy2_LoBeta_long_52_errors_off_old_FLUX/round_0/8_bessy2_LoBeta_long_52_errors_off_old_FLUX.rml
2024-12-22 16:51:25,766 - INFO - Completed: 8, remaining: 32, RAYPy_Simulation_bessy2_LoBeta_long_52_errors_off_old_FLUX/round_0/4_bessy2_LoBeta_long_52_errors_off_old_FLUX.rml
2024-12-22 16:51:25,794 - INFO - Completed: 9, remaining: 31, RAYPy_Simulation_bessy2_LoBeta_long_52_errors_off_old_FLUX/round_0/10_bessy2_LoBeta_long_52_errors_off_old_FLUX.rml
2024-12-22 16:51:26,923 - INFO - Completed: 10, remaining: 30, RAYPy_Simulation_bessy2_LoBeta_long_52_errors_off_old_FLUX/round_0/11_bessy2_LoBeta_long_52_errors_off_old_FLUX.rml
2024-12-22 16:51:27,675 - INFO - Completed: 11, remaining: 29, RAYPy_Simulation_bessy2_LoBeta_long_52_errors_off_old_FLUX/round_0/12_bessy2_LoBeta_long_52_errors_off_old_FLUX.rml
2024-12-22 16:51:28,516 - INFO - Completed: 12, remaining: 28, RAYPy_Simulation_bessy2_LoBeta_long_52_errors_off_old_FLUX/round_0/0_bessy2_LoBeta_long_52_errors_off_old_FLUX.rml
2024-12-22 16:51:29,098 - INFO - Completed: 13, remaining: 27, RAYPy_Simulation_bessy2_LoBeta_long_52_errors_off_old_FLUX/round_0/1_bessy2_LoBeta_long_52_errors_off_old_FLUX.rml
2024-12-22 16:51:30,626 - INFO - Completed: 14, remaining: 26, RAYPy_Simulation_bessy2_LoBeta_long_52_errors_off_old_FLUX/round_0/16_bessy2_LoBeta_long_52_errors_off_old_FLUX.rml
2024-12-22 16:51:30,904 - INFO - Completed: 15, remaining: 25, RAYPy_Simulation_bessy2_LoBeta_long_52_errors_off_old_FLUX/round_0/14_bessy2_LoBeta_long_52_errors_off_old_FLUX.rml
2024-12-22 16:51:31,264 - INFO - Completed: 16, remaining: 24, RAYPy_Simulation_bessy2_LoBeta_long_52_errors_off_old_FLUX/round_0/13_bessy2_LoBeta_long_52_errors_off_old_FLUX.rml
2024-12-22 16:51:31,662 - INFO - Completed: 17, remaining: 23, RAYPy_Simulation_bessy2_LoBeta_long_52_errors_off_old_FLUX/round_0/15_bessy2_LoBeta_long_52_errors_off_old_FLUX.rml
2024-12-22 16:51:33,180 - INFO - Completed: 18, remaining: 22, RAYPy_Simulation_bessy2_LoBeta_long_52_errors_off_old_FLUX/round_0/18_bessy2_LoBeta_long_52_errors_off_old_FLUX.rml
2024-12-22 16:51:34,702 - INFO - Completed: 19, remaining: 21, RAYPy_Simulation_bessy2_LoBeta_long_52_errors_off_old_FLUX/round_0/17_bessy2_LoBeta_long_52_errors_off_old_FLUX.rml
2024-12-22 16:51:36,146 - INFO - Completed: 20, remaining: 20, RAYPy_Simulation_bessy2_LoBeta_long_52_errors_off_old_FLUX/round_0/19_bessy2_LoBeta_long_52_errors_off_old_FLUX.rml
2024-12-22 16:51:37,070 - INFO - Completed: 21, remaining: 19, RAYPy_Simulation_bessy2_LoBeta_long_52_errors_off_old_FLUX/round_0/20_bessy2_LoBeta_long_52_errors_off_old_FLUX.rml
2024-12-22 16:51:37,111 - INFO - Completed: 22, remaining: 18, RAYPy_Simulation_bessy2_LoBeta_long_52_errors_off_old_FLUX/round_0/22_bessy2_LoBeta_long_52_errors_off_old_FLUX.rml
2024-12-22 16:51:39,157 - INFO - Completed: 23, remaining: 17, RAYPy_Simulation_bessy2_LoBeta_long_52_errors_off_old_FLUX/round_0/21_bessy2_LoBeta_long_52_errors_off_old_FLUX.rml
2024-12-22 16:51:40,792 - INFO - Completed: 24, remaining: 16, RAYPy_Simulation_bessy2_LoBeta_long_52_errors_off_old_FLUX/round_0/23_bessy2_LoBeta_long_52_errors_off_old_FLUX.rml
2024-12-22 16:51:41,401 - INFO - Completed: 25, remaining: 15, RAYPy_Simulation_bessy2_LoBeta_long_52_errors_off_old_FLUX/round_0/24_bessy2_LoBeta_long_52_errors_off_old_FLUX.rml
2024-12-22 16:51:42,325 - INFO - Completed: 26, remaining: 14, RAYPy_Simulation_bessy2_LoBeta_long_52_errors_off_old_FLUX/round_0/25_bessy2_LoBeta_long_52_errors_off_old_FLUX.rml
2024-12-22 16:51:43,600 - INFO - Completed: 27, remaining: 13, RAYPy_Simulation_bessy2_LoBeta_long_52_errors_off_old_FLUX/round_0/26_bessy2_LoBeta_long_52_errors_off_old_FLUX.rml
2024-12-22 16:51:44,365 - INFO - Completed: 28, remaining: 12, RAYPy_Simulation_bessy2_LoBeta_long_52_errors_off_old_FLUX/round_0/29_bessy2_LoBeta_long_52_errors_off_old_FLUX.rml
2024-12-22 16:51:44,605 - INFO - Completed: 29, remaining: 11, RAYPy_Simulation_bessy2_LoBeta_long_52_errors_off_old_FLUX/round_0/27_bessy2_LoBeta_long_52_errors_off_old_FLUX.rml
2024-12-22 16:51:46,280 - INFO - Completed: 30, remaining: 10, RAYPy_Simulation_bessy2_LoBeta_long_52_errors_off_old_FLUX/round_0/28_bessy2_LoBeta_long_52_errors_off_old_FLUX.rml
2024-12-22 16:51:46,968 - INFO - Completed: 31, remaining: 9, RAYPy_Simulation_bessy2_LoBeta_long_52_errors_off_old_FLUX/round_0/30_bessy2_LoBeta_long_52_errors_off_old_FLUX.rml
2024-12-22 16:51:48,145 - INFO - Completed: 32, remaining: 8, RAYPy_Simulation_bessy2_LoBeta_long_52_errors_off_old_FLUX/round_0/31_bessy2_LoBeta_long_52_errors_off_old_FLUX.rml
2024-12-22 16:51:49,671 - INFO - Completed: 33, remaining: 7, RAYPy_Simulation_bessy2_LoBeta_long_52_errors_off_old_FLUX/round_0/32_bessy2_LoBeta_long_52_errors_off_old_FLUX.rml
2024-12-22 16:51:51,027 - INFO - Completed: 34, remaining: 6, RAYPy_Simulation_bessy2_LoBeta_long_52_errors_off_old_FLUX/round_0/34_bessy2_LoBeta_long_52_errors_off_old_FLUX.rml
2024-12-22 16:51:51,550 - INFO - Completed: 35, remaining: 5, RAYPy_Simulation_bessy2_LoBeta_long_52_errors_off_old_FLUX/round_0/33_bessy2_LoBeta_long_52_errors_off_old_FLUX.rml
2024-12-22 16:51:52,732 - INFO - Completed: 36, remaining: 4, RAYPy_Simulation_bessy2_LoBeta_long_52_errors_off_old_FLUX/round_0/36_bessy2_LoBeta_long_52_errors_off_old_FLUX.rml
2024-12-22 16:51:53,019 - INFO - Completed: 37, remaining: 3, RAYPy_Simulation_bessy2_LoBeta_long_52_errors_off_old_FLUX/round_0/38_bessy2_LoBeta_long_52_errors_off_old_FLUX.rml
2024-12-22 16:51:53,111 - INFO - Completed: 38, remaining: 2, RAYPy_Simulation_bessy2_LoBeta_long_52_errors_off_old_FLUX/round_0/35_bessy2_LoBeta_long_52_errors_off_old_FLUX.rml
2024-12-22 16:51:53,893 - INFO - Completed: 39, remaining: 1, RAYPy_Simulation_bessy2_LoBeta_long_52_errors_off_old_FLUX/round_0/39_bessy2_LoBeta_long_52_errors_off_old_FLUX.rml
2024-12-22 16:51:54,047 - INFO - Completed: 40, remaining: 0, RAYPy_Simulation_bessy2_LoBeta_long_52_errors_off_old_FLUX/round_0/37_bessy2_LoBeta_long_52_errors_off_old_FLUX.rml
2024-12-22 16:51:54,047 - INFO - Batch Completed
2024-12-22 16:51:54,047 - INFO - Waiting For batch, 40 simulations to go
2024-12-22 16:51:54,052 - INFO - Prepared sim number: 40: RAYPy_Simulation_bessy2_LoBeta_long_52_errors_off_old_FLUX/round_0/40_bessy2_LoBeta_long_52_errors_off_old_FLUX.rml
2024-12-22 16:51:54,056 - INFO - Prepared sim number: 41: RAYPy_Simulation_bessy2_LoBeta_long_52_errors_off_old_FLUX/round_0/41_bessy2_LoBeta_long_52_errors_off_old_FLUX.rml
2024-12-22 16:51:54,056 - INFO - Start round 1
2024-12-22 16:51:54,060 - INFO - Prepared sim number: 0: RAYPy_Simulation_bessy2_LoBeta_long_52_errors_off_old_FLUX/round_1/0_bessy2_LoBeta_long_52_errors_off_old_FLUX.rml
2024-12-22 16:51:54,063 - INFO - Prepared sim number: 1: RAYPy_Simulation_bessy2_LoBeta_long_52_errors_off_old_FLUX/round_1/1_bessy2_LoBeta_long_52_errors_off_old_FLUX.rml
2024-12-22 16:51:54,066 - INFO - Prepared sim number: 2: RAYPy_Simulation_bessy2_LoBeta_long_52_errors_off_old_FLUX/round_1/2_bessy2_LoBeta_long_52_errors_off_old_FLUX.rml
2024-12-22 16:51:54,068 - INFO - Prepared sim number: 3: RAYPy_Simulation_bessy2_LoBeta_long_52_errors_off_old_FLUX/round_1/3_bessy2_LoBeta_long_52_errors_off_old_FLUX.rml
2024-12-22 16:51:54,069 - INFO - Prepared sim number: 4: RAYPy_Simulation_bessy2_LoBeta_long_52_errors_off_old_FLUX/round_1/4_bessy2_LoBeta_long_52_errors_off_old_FLUX.rml
2024-12-22 16:51:54,071 - INFO - Prepared sim number: 5: RAYPy_Simulation_bessy2_LoBeta_long_52_errors_off_old_FLUX/round_1/5_bessy2_LoBeta_long_52_errors_off_old_FLUX.rml
2024-12-22 16:51:54,073 - INFO - Prepared sim number: 6: RAYPy_Simulation_bessy2_LoBeta_long_52_errors_off_old_FLUX/round_1/6_bessy2_LoBeta_long_52_errors_off_old_FLUX.rml
2024-12-22 16:51:54,075 - INFO - Prepared sim number: 7: RAYPy_Simulation_bessy2_LoBeta_long_52_errors_off_old_FLUX/round_1/7_bessy2_LoBeta_long_52_errors_off_old_FLUX.rml
2024-12-22 16:51:54,077 - INFO - Prepared sim number: 8: RAYPy_Simulation_bessy2_LoBeta_long_52_errors_off_old_FLUX/round_1/8_bessy2_LoBeta_long_52_errors_off_old_FLUX.rml
2024-12-22 16:51:54,079 - INFO - Prepared sim number: 9: RAYPy_Simulation_bessy2_LoBeta_long_52_errors_off_old_FLUX/round_1/9_bessy2_LoBeta_long_52_errors_off_old_FLUX.rml
2024-12-22 16:51:54,081 - INFO - Prepared sim number: 10: RAYPy_Simulation_bessy2_LoBeta_long_52_errors_off_old_FLUX/round_1/10_bessy2_LoBeta_long_52_errors_off_old_FLUX.rml
2024-12-22 16:51:54,083 - INFO - Prepared sim number: 11: RAYPy_Simulation_bessy2_LoBeta_long_52_errors_off_old_FLUX/round_1/11_bessy2_LoBeta_long_52_errors_off_old_FLUX.rml
2024-12-22 16:51:54,084 - INFO - Prepared sim number: 12: RAYPy_Simulation_bessy2_LoBeta_long_52_errors_off_old_FLUX/round_1/12_bessy2_LoBeta_long_52_errors_off_old_FLUX.rml
2024-12-22 16:51:54,085 - INFO - Prepared sim number: 13: RAYPy_Simulation_bessy2_LoBeta_long_52_errors_off_old_FLUX/round_1/13_bessy2_LoBeta_long_52_errors_off_old_FLUX.rml
2024-12-22 16:51:54,086 - INFO - Prepared sim number: 14: RAYPy_Simulation_bessy2_LoBeta_long_52_errors_off_old_FLUX/round_1/14_bessy2_LoBeta_long_52_errors_off_old_FLUX.rml
2024-12-22 16:51:54,087 - INFO - Prepared sim number: 15: RAYPy_Simulation_bessy2_LoBeta_long_52_errors_off_old_FLUX/round_1/15_bessy2_LoBeta_long_52_errors_off_old_FLUX.rml
2024-12-22 16:51:54,089 - INFO - Prepared sim number: 16: RAYPy_Simulation_bessy2_LoBeta_long_52_errors_off_old_FLUX/round_1/16_bessy2_LoBeta_long_52_errors_off_old_FLUX.rml
2024-12-22 16:51:54,090 - INFO - Prepared sim number: 17: RAYPy_Simulation_bessy2_LoBeta_long_52_errors_off_old_FLUX/round_1/17_bessy2_LoBeta_long_52_errors_off_old_FLUX.rml
2024-12-22 16:51:54,091 - INFO - Prepared sim number: 18: RAYPy_Simulation_bessy2_LoBeta_long_52_errors_off_old_FLUX/round_1/18_bessy2_LoBeta_long_52_errors_off_old_FLUX.rml
2024-12-22 16:51:54,092 - INFO - Prepared sim number: 19: RAYPy_Simulation_bessy2_LoBeta_long_52_errors_off_old_FLUX/round_1/19_bessy2_LoBeta_long_52_errors_off_old_FLUX.rml
2024-12-22 16:51:54,093 - INFO - Prepared sim number: 20: RAYPy_Simulation_bessy2_LoBeta_long_52_errors_off_old_FLUX/round_1/20_bessy2_LoBeta_long_52_errors_off_old_FLUX.rml
2024-12-22 16:51:54,094 - INFO - Prepared sim number: 21: RAYPy_Simulation_bessy2_LoBeta_long_52_errors_off_old_FLUX/round_1/21_bessy2_LoBeta_long_52_errors_off_old_FLUX.rml
2024-12-22 16:51:54,095 - INFO - Prepared sim number: 22: RAYPy_Simulation_bessy2_LoBeta_long_52_errors_off_old_FLUX/round_1/22_bessy2_LoBeta_long_52_errors_off_old_FLUX.rml
2024-12-22 16:51:54,097 - INFO - Prepared sim number: 23: RAYPy_Simulation_bessy2_LoBeta_long_52_errors_off_old_FLUX/round_1/23_bessy2_LoBeta_long_52_errors_off_old_FLUX.rml
2024-12-22 16:51:54,098 - INFO - Prepared sim number: 24: RAYPy_Simulation_bessy2_LoBeta_long_52_errors_off_old_FLUX/round_1/24_bessy2_LoBeta_long_52_errors_off_old_FLUX.rml
2024-12-22 16:51:54,099 - INFO - Prepared sim number: 25: RAYPy_Simulation_bessy2_LoBeta_long_52_errors_off_old_FLUX/round_1/25_bessy2_LoBeta_long_52_errors_off_old_FLUX.rml
2024-12-22 16:51:54,100 - INFO - Prepared sim number: 26: RAYPy_Simulation_bessy2_LoBeta_long_52_errors_off_old_FLUX/round_1/26_bessy2_LoBeta_long_52_errors_off_old_FLUX.rml
2024-12-22 16:51:54,101 - INFO - Prepared sim number: 27: RAYPy_Simulation_bessy2_LoBeta_long_52_errors_off_old_FLUX/round_1/27_bessy2_LoBeta_long_52_errors_off_old_FLUX.rml
2024-12-22 16:51:54,102 - INFO - Prepared sim number: 28: RAYPy_Simulation_bessy2_LoBeta_long_52_errors_off_old_FLUX/round_1/28_bessy2_LoBeta_long_52_errors_off_old_FLUX.rml
2024-12-22 16:51:54,104 - INFO - Prepared sim number: 29: RAYPy_Simulation_bessy2_LoBeta_long_52_errors_off_old_FLUX/round_1/29_bessy2_LoBeta_long_52_errors_off_old_FLUX.rml
2024-12-22 16:51:54,105 - INFO - Prepared sim number: 30: RAYPy_Simulation_bessy2_LoBeta_long_52_errors_off_old_FLUX/round_1/30_bessy2_LoBeta_long_52_errors_off_old_FLUX.rml
2024-12-22 16:51:54,106 - INFO - Prepared sim number: 31: RAYPy_Simulation_bessy2_LoBeta_long_52_errors_off_old_FLUX/round_1/31_bessy2_LoBeta_long_52_errors_off_old_FLUX.rml
2024-12-22 16:51:54,107 - INFO - Prepared sim number: 32: RAYPy_Simulation_bessy2_LoBeta_long_52_errors_off_old_FLUX/round_1/32_bessy2_LoBeta_long_52_errors_off_old_FLUX.rml
2024-12-22 16:51:54,108 - INFO - Prepared sim number: 33: RAYPy_Simulation_bessy2_LoBeta_long_52_errors_off_old_FLUX/round_1/33_bessy2_LoBeta_long_52_errors_off_old_FLUX.rml
2024-12-22 16:51:54,109 - INFO - Prepared sim number: 34: RAYPy_Simulation_bessy2_LoBeta_long_52_errors_off_old_FLUX/round_1/34_bessy2_LoBeta_long_52_errors_off_old_FLUX.rml
2024-12-22 16:51:54,110 - INFO - Prepared sim number: 35: RAYPy_Simulation_bessy2_LoBeta_long_52_errors_off_old_FLUX/round_1/35_bessy2_LoBeta_long_52_errors_off_old_FLUX.rml
2024-12-22 16:51:54,111 - INFO - Prepared sim number: 36: RAYPy_Simulation_bessy2_LoBeta_long_52_errors_off_old_FLUX/round_1/36_bessy2_LoBeta_long_52_errors_off_old_FLUX.rml
2024-12-22 16:51:54,112 - INFO - Prepared sim number: 37: RAYPy_Simulation_bessy2_LoBeta_long_52_errors_off_old_FLUX/round_1/37_bessy2_LoBeta_long_52_errors_off_old_FLUX.rml
2024-12-22 16:51:54,113 - INFO - Waiting for batch number: 1, timeout: 41.10745661258697s
2024-12-22 16:51:59,489 - INFO - Completed: 1, remaining: 39, RAYPy_Simulation_bessy2_LoBeta_long_52_errors_off_old_FLUX/round_1/5_bessy2_LoBeta_long_52_errors_off_old_FLUX.rml
2024-12-22 16:52:00,653 - INFO - Completed: 2, remaining: 38, RAYPy_Simulation_bessy2_LoBeta_long_52_errors_off_old_FLUX/round_0/40_bessy2_LoBeta_long_52_errors_off_old_FLUX.rml
2024-12-22 16:52:01,661 - INFO - Completed: 3, remaining: 37, RAYPy_Simulation_bessy2_LoBeta_long_52_errors_off_old_FLUX/round_1/0_bessy2_LoBeta_long_52_errors_off_old_FLUX.rml
2024-12-22 16:52:03,150 - INFO - Completed: 4, remaining: 36, RAYPy_Simulation_bessy2_LoBeta_long_52_errors_off_old_FLUX/round_1/3_bessy2_LoBeta_long_52_errors_off_old_FLUX.rml
2024-12-22 16:52:03,300 - INFO - Completed: 5, remaining: 35, RAYPy_Simulation_bessy2_LoBeta_long_52_errors_off_old_FLUX/round_1/2_bessy2_LoBeta_long_52_errors_off_old_FLUX.rml
2024-12-22 16:52:03,722 - INFO - Completed: 6, remaining: 34, RAYPy_Simulation_bessy2_LoBeta_long_52_errors_off_old_FLUX/round_0/41_bessy2_LoBeta_long_52_errors_off_old_FLUX.rml
2024-12-22 16:52:04,243 - INFO - Completed: 7, remaining: 33, RAYPy_Simulation_bessy2_LoBeta_long_52_errors_off_old_FLUX/round_1/4_bessy2_LoBeta_long_52_errors_off_old_FLUX.rml
2024-12-22 16:52:04,601 - INFO - Completed: 8, remaining: 32, RAYPy_Simulation_bessy2_LoBeta_long_52_errors_off_old_FLUX/round_1/1_bessy2_LoBeta_long_52_errors_off_old_FLUX.rml
2024-12-22 16:52:07,811 - INFO - Completed: 9, remaining: 31, RAYPy_Simulation_bessy2_LoBeta_long_52_errors_off_old_FLUX/round_1/6_bessy2_LoBeta_long_52_errors_off_old_FLUX.rml
2024-12-22 16:52:09,547 - INFO - Completed: 10, remaining: 30, RAYPy_Simulation_bessy2_LoBeta_long_52_errors_off_old_FLUX/round_1/7_bessy2_LoBeta_long_52_errors_off_old_FLUX.rml
2024-12-22 16:52:09,673 - INFO - Completed: 11, remaining: 29, RAYPy_Simulation_bessy2_LoBeta_long_52_errors_off_old_FLUX/round_1/8_bessy2_LoBeta_long_52_errors_off_old_FLUX.rml
2024-12-22 16:52:09,781 - INFO - Completed: 12, remaining: 28, RAYPy_Simulation_bessy2_LoBeta_long_52_errors_off_old_FLUX/round_1/13_bessy2_LoBeta_long_52_errors_off_old_FLUX.rml
2024-12-22 16:52:10,297 - INFO - Completed: 13, remaining: 27, RAYPy_Simulation_bessy2_LoBeta_long_52_errors_off_old_FLUX/round_1/11_bessy2_LoBeta_long_52_errors_off_old_FLUX.rml
2024-12-22 16:52:11,669 - INFO - Completed: 14, remaining: 26, RAYPy_Simulation_bessy2_LoBeta_long_52_errors_off_old_FLUX/round_1/10_bessy2_LoBeta_long_52_errors_off_old_FLUX.rml
2024-12-22 16:52:11,834 - INFO - Completed: 15, remaining: 25, RAYPy_Simulation_bessy2_LoBeta_long_52_errors_off_old_FLUX/round_1/9_bessy2_LoBeta_long_52_errors_off_old_FLUX.rml
2024-12-22 16:52:13,454 - INFO - Completed: 16, remaining: 24, RAYPy_Simulation_bessy2_LoBeta_long_52_errors_off_old_FLUX/round_1/12_bessy2_LoBeta_long_52_errors_off_old_FLUX.rml
2024-12-22 16:52:16,945 - INFO - Completed: 17, remaining: 23, RAYPy_Simulation_bessy2_LoBeta_long_52_errors_off_old_FLUX/round_1/17_bessy2_LoBeta_long_52_errors_off_old_FLUX.rml
2024-12-22 16:52:17,291 - INFO - Completed: 18, remaining: 22, RAYPy_Simulation_bessy2_LoBeta_long_52_errors_off_old_FLUX/round_1/14_bessy2_LoBeta_long_52_errors_off_old_FLUX.rml
2024-12-22 16:52:17,957 - INFO - Completed: 19, remaining: 21, RAYPy_Simulation_bessy2_LoBeta_long_52_errors_off_old_FLUX/round_1/15_bessy2_LoBeta_long_52_errors_off_old_FLUX.rml
2024-12-22 16:52:19,247 - INFO - Completed: 20, remaining: 20, RAYPy_Simulation_bessy2_LoBeta_long_52_errors_off_old_FLUX/round_1/16_bessy2_LoBeta_long_52_errors_off_old_FLUX.rml
2024-12-22 16:52:19,993 - INFO - Completed: 21, remaining: 19, RAYPy_Simulation_bessy2_LoBeta_long_52_errors_off_old_FLUX/round_1/18_bessy2_LoBeta_long_52_errors_off_old_FLUX.rml
2024-12-22 16:52:20,435 - INFO - Completed: 22, remaining: 18, RAYPy_Simulation_bessy2_LoBeta_long_52_errors_off_old_FLUX/round_1/19_bessy2_LoBeta_long_52_errors_off_old_FLUX.rml
2024-12-22 16:52:21,154 - INFO - Completed: 23, remaining: 17, RAYPy_Simulation_bessy2_LoBeta_long_52_errors_off_old_FLUX/round_1/21_bessy2_LoBeta_long_52_errors_off_old_FLUX.rml
2024-12-22 16:52:21,733 - INFO - Completed: 24, remaining: 16, RAYPy_Simulation_bessy2_LoBeta_long_52_errors_off_old_FLUX/round_1/20_bessy2_LoBeta_long_52_errors_off_old_FLUX.rml
2024-12-22 16:52:24,278 - INFO - Completed: 25, remaining: 15, RAYPy_Simulation_bessy2_LoBeta_long_52_errors_off_old_FLUX/round_1/23_bessy2_LoBeta_long_52_errors_off_old_FLUX.rml
2024-12-22 16:52:26,249 - INFO - Completed: 26, remaining: 14, RAYPy_Simulation_bessy2_LoBeta_long_52_errors_off_old_FLUX/round_1/22_bessy2_LoBeta_long_52_errors_off_old_FLUX.rml
2024-12-22 16:52:26,827 - INFO - Completed: 27, remaining: 13, RAYPy_Simulation_bessy2_LoBeta_long_52_errors_off_old_FLUX/round_1/24_bessy2_LoBeta_long_52_errors_off_old_FLUX.rml
2024-12-22 16:52:28,258 - INFO - Completed: 28, remaining: 12, RAYPy_Simulation_bessy2_LoBeta_long_52_errors_off_old_FLUX/round_1/27_bessy2_LoBeta_long_52_errors_off_old_FLUX.rml
2024-12-22 16:52:28,457 - INFO - Completed: 29, remaining: 11, RAYPy_Simulation_bessy2_LoBeta_long_52_errors_off_old_FLUX/round_1/25_bessy2_LoBeta_long_52_errors_off_old_FLUX.rml
2024-12-22 16:52:29,163 - INFO - Completed: 30, remaining: 10, RAYPy_Simulation_bessy2_LoBeta_long_52_errors_off_old_FLUX/round_1/28_bessy2_LoBeta_long_52_errors_off_old_FLUX.rml
2024-12-22 16:52:29,516 - INFO - Completed: 31, remaining: 9, RAYPy_Simulation_bessy2_LoBeta_long_52_errors_off_old_FLUX/round_1/26_bessy2_LoBeta_long_52_errors_off_old_FLUX.rml
2024-12-22 16:52:31,066 - INFO - Completed: 32, remaining: 8, RAYPy_Simulation_bessy2_LoBeta_long_52_errors_off_old_FLUX/round_1/29_bessy2_LoBeta_long_52_errors_off_old_FLUX.rml
2024-12-22 16:52:31,303 - INFO - Completed: 33, remaining: 7, RAYPy_Simulation_bessy2_LoBeta_long_52_errors_off_old_FLUX/round_1/30_bessy2_LoBeta_long_52_errors_off_old_FLUX.rml
2024-12-22 16:52:34,486 - INFO - Completed: 34, remaining: 6, RAYPy_Simulation_bessy2_LoBeta_long_52_errors_off_old_FLUX/round_1/32_bessy2_LoBeta_long_52_errors_off_old_FLUX.rml
2024-12-22 16:52:34,830 - INFO - Completed: 35, remaining: 5, RAYPy_Simulation_bessy2_LoBeta_long_52_errors_off_old_FLUX/round_1/31_bessy2_LoBeta_long_52_errors_off_old_FLUX.rml
2024-12-22 16:52:35,221 - INFO - Exception during simulation: 5 (of 40) futures unfinished
2024-12-22 16:52:40,228 - INFO - Waiting for file RAYPy_Simulation_bessy2_LoBeta_long_52_errors_off_old_FLUX/round_1/33_bessy2_LoBeta_long_52_errors_off_old_FLUX.rml, wait_time 6.363990368843078
2024-12-22 16:52:40,229 - INFO - Found all simulations of the batch, futures missed 5 simulations
2024-12-22 16:52:40,230 - INFO - Updated progress bar
2024-12-22 16:52:40,230 - INFO - Batch Completed
2024-12-22 16:52:40,230 - INFO - Waiting For batch, 40 simulations to go
2024-12-22 16:52:40,235 - INFO - Prepared sim number: 38: RAYPy_Simulation_bessy2_LoBeta_long_52_errors_off_old_FLUX/round_1/38_bessy2_LoBeta_long_52_errors_off_old_FLUX.rml
2024-12-22 16:52:40,236 - INFO - Prepared sim number: 39: RAYPy_Simulation_bessy2_LoBeta_long_52_errors_off_old_FLUX/round_1/39_bessy2_LoBeta_long_52_errors_off_old_FLUX.rml
2024-12-22 16:52:40,237 - INFO - Prepared sim number: 40: RAYPy_Simulation_bessy2_LoBeta_long_52_errors_off_old_FLUX/round_1/40_bessy2_LoBeta_long_52_errors_off_old_FLUX.rml
2024-12-22 16:52:40,238 - INFO - Prepared sim number: 41: RAYPy_Simulation_bessy2_LoBeta_long_52_errors_off_old_FLUX/round_1/41_bessy2_LoBeta_long_52_errors_off_old_FLUX.rml
2024-12-22 16:52:40,238 - INFO - Start round 2
2024-12-22 16:52:40,239 - INFO - Prepared sim number: 0: RAYPy_Simulation_bessy2_LoBeta_long_52_errors_off_old_FLUX/round_2/0_bessy2_LoBeta_long_52_errors_off_old_FLUX.rml
2024-12-22 16:52:40,240 - INFO - Prepared sim number: 1: RAYPy_Simulation_bessy2_LoBeta_long_52_errors_off_old_FLUX/round_2/1_bessy2_LoBeta_long_52_errors_off_old_FLUX.rml
2024-12-22 16:52:40,242 - INFO - Prepared sim number: 2: RAYPy_Simulation_bessy2_LoBeta_long_52_errors_off_old_FLUX/round_2/2_bessy2_LoBeta_long_52_errors_off_old_FLUX.rml
2024-12-22 16:52:40,246 - INFO - Prepared sim number: 3: RAYPy_Simulation_bessy2_LoBeta_long_52_errors_off_old_FLUX/round_2/3_bessy2_LoBeta_long_52_errors_off_old_FLUX.rml
2024-12-22 16:52:40,248 - INFO - Prepared sim number: 4: RAYPy_Simulation_bessy2_LoBeta_long_52_errors_off_old_FLUX/round_2/4_bessy2_LoBeta_long_52_errors_off_old_FLUX.rml
2024-12-22 16:52:40,250 - INFO - Prepared sim number: 5: RAYPy_Simulation_bessy2_LoBeta_long_52_errors_off_old_FLUX/round_2/5_bessy2_LoBeta_long_52_errors_off_old_FLUX.rml
2024-12-22 16:52:40,252 - INFO - Prepared sim number: 6: RAYPy_Simulation_bessy2_LoBeta_long_52_errors_off_old_FLUX/round_2/6_bessy2_LoBeta_long_52_errors_off_old_FLUX.rml
2024-12-22 16:52:40,254 - INFO - Prepared sim number: 7: RAYPy_Simulation_bessy2_LoBeta_long_52_errors_off_old_FLUX/round_2/7_bessy2_LoBeta_long_52_errors_off_old_FLUX.rml
2024-12-22 16:52:40,255 - INFO - Prepared sim number: 8: RAYPy_Simulation_bessy2_LoBeta_long_52_errors_off_old_FLUX/round_2/8_bessy2_LoBeta_long_52_errors_off_old_FLUX.rml
2024-12-22 16:52:40,256 - INFO - Prepared sim number: 9: RAYPy_Simulation_bessy2_LoBeta_long_52_errors_off_old_FLUX/round_2/9_bessy2_LoBeta_long_52_errors_off_old_FLUX.rml
2024-12-22 16:52:40,257 - INFO - Prepared sim number: 10: RAYPy_Simulation_bessy2_LoBeta_long_52_errors_off_old_FLUX/round_2/10_bessy2_LoBeta_long_52_errors_off_old_FLUX.rml
2024-12-22 16:52:40,258 - INFO - Prepared sim number: 11: RAYPy_Simulation_bessy2_LoBeta_long_52_errors_off_old_FLUX/round_2/11_bessy2_LoBeta_long_52_errors_off_old_FLUX.rml
2024-12-22 16:52:40,259 - INFO - Prepared sim number: 12: RAYPy_Simulation_bessy2_LoBeta_long_52_errors_off_old_FLUX/round_2/12_bessy2_LoBeta_long_52_errors_off_old_FLUX.rml
2024-12-22 16:52:40,260 - INFO - Prepared sim number: 13: RAYPy_Simulation_bessy2_LoBeta_long_52_errors_off_old_FLUX/round_2/13_bessy2_LoBeta_long_52_errors_off_old_FLUX.rml
2024-12-22 16:52:40,261 - INFO - Prepared sim number: 14: RAYPy_Simulation_bessy2_LoBeta_long_52_errors_off_old_FLUX/round_2/14_bessy2_LoBeta_long_52_errors_off_old_FLUX.rml
2024-12-22 16:52:40,262 - INFO - Prepared sim number: 15: RAYPy_Simulation_bessy2_LoBeta_long_52_errors_off_old_FLUX/round_2/15_bessy2_LoBeta_long_52_errors_off_old_FLUX.rml
2024-12-22 16:52:40,262 - INFO - Prepared sim number: 16: RAYPy_Simulation_bessy2_LoBeta_long_52_errors_off_old_FLUX/round_2/16_bessy2_LoBeta_long_52_errors_off_old_FLUX.rml
2024-12-22 16:52:40,263 - INFO - Prepared sim number: 17: RAYPy_Simulation_bessy2_LoBeta_long_52_errors_off_old_FLUX/round_2/17_bessy2_LoBeta_long_52_errors_off_old_FLUX.rml
2024-12-22 16:52:40,264 - INFO - Prepared sim number: 18: RAYPy_Simulation_bessy2_LoBeta_long_52_errors_off_old_FLUX/round_2/18_bessy2_LoBeta_long_52_errors_off_old_FLUX.rml
2024-12-22 16:52:40,265 - INFO - Prepared sim number: 19: RAYPy_Simulation_bessy2_LoBeta_long_52_errors_off_old_FLUX/round_2/19_bessy2_LoBeta_long_52_errors_off_old_FLUX.rml
2024-12-22 16:52:40,266 - INFO - Prepared sim number: 20: RAYPy_Simulation_bessy2_LoBeta_long_52_errors_off_old_FLUX/round_2/20_bessy2_LoBeta_long_52_errors_off_old_FLUX.rml
2024-12-22 16:52:40,267 - INFO - Prepared sim number: 21: RAYPy_Simulation_bessy2_LoBeta_long_52_errors_off_old_FLUX/round_2/21_bessy2_LoBeta_long_52_errors_off_old_FLUX.rml
2024-12-22 16:52:40,268 - INFO - Prepared sim number: 22: RAYPy_Simulation_bessy2_LoBeta_long_52_errors_off_old_FLUX/round_2/22_bessy2_LoBeta_long_52_errors_off_old_FLUX.rml
2024-12-22 16:52:40,269 - INFO - Prepared sim number: 23: RAYPy_Simulation_bessy2_LoBeta_long_52_errors_off_old_FLUX/round_2/23_bessy2_LoBeta_long_52_errors_off_old_FLUX.rml
2024-12-22 16:52:40,270 - INFO - Prepared sim number: 24: RAYPy_Simulation_bessy2_LoBeta_long_52_errors_off_old_FLUX/round_2/24_bessy2_LoBeta_long_52_errors_off_old_FLUX.rml
2024-12-22 16:52:40,271 - INFO - Prepared sim number: 25: RAYPy_Simulation_bessy2_LoBeta_long_52_errors_off_old_FLUX/round_2/25_bessy2_LoBeta_long_52_errors_off_old_FLUX.rml
2024-12-22 16:52:40,272 - INFO - Prepared sim number: 26: RAYPy_Simulation_bessy2_LoBeta_long_52_errors_off_old_FLUX/round_2/26_bessy2_LoBeta_long_52_errors_off_old_FLUX.rml
2024-12-22 16:52:40,273 - INFO - Prepared sim number: 27: RAYPy_Simulation_bessy2_LoBeta_long_52_errors_off_old_FLUX/round_2/27_bessy2_LoBeta_long_52_errors_off_old_FLUX.rml
2024-12-22 16:52:40,274 - INFO - Prepared sim number: 28: RAYPy_Simulation_bessy2_LoBeta_long_52_errors_off_old_FLUX/round_2/28_bessy2_LoBeta_long_52_errors_off_old_FLUX.rml
2024-12-22 16:52:40,275 - INFO - Prepared sim number: 29: RAYPy_Simulation_bessy2_LoBeta_long_52_errors_off_old_FLUX/round_2/29_bessy2_LoBeta_long_52_errors_off_old_FLUX.rml
2024-12-22 16:52:40,276 - INFO - Prepared sim number: 30: RAYPy_Simulation_bessy2_LoBeta_long_52_errors_off_old_FLUX/round_2/30_bessy2_LoBeta_long_52_errors_off_old_FLUX.rml
2024-12-22 16:52:40,277 - INFO - Prepared sim number: 31: RAYPy_Simulation_bessy2_LoBeta_long_52_errors_off_old_FLUX/round_2/31_bessy2_LoBeta_long_52_errors_off_old_FLUX.rml
2024-12-22 16:52:40,278 - INFO - Prepared sim number: 32: RAYPy_Simulation_bessy2_LoBeta_long_52_errors_off_old_FLUX/round_2/32_bessy2_LoBeta_long_52_errors_off_old_FLUX.rml
2024-12-22 16:52:40,278 - INFO - Prepared sim number: 33: RAYPy_Simulation_bessy2_LoBeta_long_52_errors_off_old_FLUX/round_2/33_bessy2_LoBeta_long_52_errors_off_old_FLUX.rml
2024-12-22 16:52:40,279 - INFO - Prepared sim number: 34: RAYPy_Simulation_bessy2_LoBeta_long_52_errors_off_old_FLUX/round_2/34_bessy2_LoBeta_long_52_errors_off_old_FLUX.rml
2024-12-22 16:52:40,280 - INFO - Prepared sim number: 35: RAYPy_Simulation_bessy2_LoBeta_long_52_errors_off_old_FLUX/round_2/35_bessy2_LoBeta_long_52_errors_off_old_FLUX.rml
2024-12-22 16:52:40,281 - INFO - Waiting for batch number: 2, timeout: 45.45596147537231s
2024-12-22 16:52:44,197 - INFO - Completed: 1, remaining: 39, RAYPy_Simulation_bessy2_LoBeta_long_52_errors_off_old_FLUX/round_1/38_bessy2_LoBeta_long_52_errors_off_old_FLUX.rml
2024-12-22 16:52:44,219 - INFO - Completed: 2, remaining: 38, RAYPy_Simulation_bessy2_LoBeta_long_52_errors_off_old_FLUX/round_1/41_bessy2_LoBeta_long_52_errors_off_old_FLUX.rml
2024-12-22 16:52:50,251 - INFO - Completed: 3, remaining: 37, RAYPy_Simulation_bessy2_LoBeta_long_52_errors_off_old_FLUX/round_2/2_bessy2_LoBeta_long_52_errors_off_old_FLUX.rml
2024-12-22 16:52:50,421 - INFO - Completed: 4, remaining: 36, RAYPy_Simulation_bessy2_LoBeta_long_52_errors_off_old_FLUX/round_2/0_bessy2_LoBeta_long_52_errors_off_old_FLUX.rml
2024-12-22 16:52:50,862 - INFO - Completed: 5, remaining: 35, RAYPy_Simulation_bessy2_LoBeta_long_52_errors_off_old_FLUX/round_1/40_bessy2_LoBeta_long_52_errors_off_old_FLUX.rml
2024-12-22 16:52:51,038 - INFO - Completed: 6, remaining: 34, RAYPy_Simulation_bessy2_LoBeta_long_52_errors_off_old_FLUX/round_1/39_bessy2_LoBeta_long_52_errors_off_old_FLUX.rml
2024-12-22 16:52:51,805 - INFO - Completed: 7, remaining: 33, RAYPy_Simulation_bessy2_LoBeta_long_52_errors_off_old_FLUX/round_2/3_bessy2_LoBeta_long_52_errors_off_old_FLUX.rml
2024-12-22 16:52:51,864 - INFO - Completed: 8, remaining: 32, RAYPy_Simulation_bessy2_LoBeta_long_52_errors_off_old_FLUX/round_2/1_bessy2_LoBeta_long_52_errors_off_old_FLUX.rml
2024-12-22 16:52:51,999 - INFO - Completed: 9, remaining: 31, RAYPy_Simulation_bessy2_LoBeta_long_52_errors_off_old_FLUX/round_2/4_bessy2_LoBeta_long_52_errors_off_old_FLUX.rml
2024-12-22 16:52:53,417 - INFO - Completed: 10, remaining: 30, RAYPy_Simulation_bessy2_LoBeta_long_52_errors_off_old_FLUX/round_2/5_bessy2_LoBeta_long_52_errors_off_old_FLUX.rml
2024-12-22 16:52:57,633 - INFO - Completed: 11, remaining: 29, RAYPy_Simulation_bessy2_LoBeta_long_52_errors_off_old_FLUX/round_2/7_bessy2_LoBeta_long_52_errors_off_old_FLUX.rml
2024-12-22 16:52:57,790 - INFO - Completed: 12, remaining: 28, RAYPy_Simulation_bessy2_LoBeta_long_52_errors_off_old_FLUX/round_2/10_bessy2_LoBeta_long_52_errors_off_old_FLUX.rml
2024-12-22 16:52:58,679 - INFO - Completed: 13, remaining: 27, RAYPy_Simulation_bessy2_LoBeta_long_52_errors_off_old_FLUX/round_2/6_bessy2_LoBeta_long_52_errors_off_old_FLUX.rml
2024-12-22 16:53:00,032 - INFO - Completed: 14, remaining: 26, RAYPy_Simulation_bessy2_LoBeta_long_52_errors_off_old_FLUX/round_2/8_bessy2_LoBeta_long_52_errors_off_old_FLUX.rml
2024-12-22 16:53:00,685 - INFO - Completed: 15, remaining: 25, RAYPy_Simulation_bessy2_LoBeta_long_52_errors_off_old_FLUX/round_2/13_bessy2_LoBeta_long_52_errors_off_old_FLUX.rml
2024-12-22 16:53:01,285 - INFO - Completed: 16, remaining: 24, RAYPy_Simulation_bessy2_LoBeta_long_52_errors_off_old_FLUX/round_2/11_bessy2_LoBeta_long_52_errors_off_old_FLUX.rml
2024-12-22 16:53:01,823 - INFO - Completed: 17, remaining: 23, RAYPy_Simulation_bessy2_LoBeta_long_52_errors_off_old_FLUX/round_2/9_bessy2_LoBeta_long_52_errors_off_old_FLUX.rml
2024-12-22 16:53:02,263 - INFO - Completed: 18, remaining: 22, RAYPy_Simulation_bessy2_LoBeta_long_52_errors_off_old_FLUX/round_2/12_bessy2_LoBeta_long_52_errors_off_old_FLUX.rml
2024-12-22 16:53:05,044 - INFO - Completed: 19, remaining: 21, RAYPy_Simulation_bessy2_LoBeta_long_52_errors_off_old_FLUX/round_2/14_bessy2_LoBeta_long_52_errors_off_old_FLUX.rml
2024-12-22 16:53:05,903 - INFO - Completed: 20, remaining: 20, RAYPy_Simulation_bessy2_LoBeta_long_52_errors_off_old_FLUX/round_2/16_bessy2_LoBeta_long_52_errors_off_old_FLUX.rml
2024-12-22 16:53:06,597 - INFO - Completed: 21, remaining: 19, RAYPy_Simulation_bessy2_LoBeta_long_52_errors_off_old_FLUX/round_2/15_bessy2_LoBeta_long_52_errors_off_old_FLUX.rml
2024-12-22 16:53:08,569 - INFO - Completed: 22, remaining: 18, RAYPy_Simulation_bessy2_LoBeta_long_52_errors_off_old_FLUX/round_2/17_bessy2_LoBeta_long_52_errors_off_old_FLUX.rml
2024-12-22 16:53:09,902 - INFO - Completed: 23, remaining: 17, RAYPy_Simulation_bessy2_LoBeta_long_52_errors_off_old_FLUX/round_2/20_bessy2_LoBeta_long_52_errors_off_old_FLUX.rml
2024-12-22 16:53:10,370 - INFO - Completed: 24, remaining: 16, RAYPy_Simulation_bessy2_LoBeta_long_52_errors_off_old_FLUX/round_2/21_bessy2_LoBeta_long_52_errors_off_old_FLUX.rml
2024-12-22 16:53:10,537 - INFO - Completed: 25, remaining: 15, RAYPy_Simulation_bessy2_LoBeta_long_52_errors_off_old_FLUX/round_2/19_bessy2_LoBeta_long_52_errors_off_old_FLUX.rml
2024-12-22 16:53:10,617 - INFO - Completed: 26, remaining: 14, RAYPy_Simulation_bessy2_LoBeta_long_52_errors_off_old_FLUX/round_2/18_bessy2_LoBeta_long_52_errors_off_old_FLUX.rml
2024-12-22 16:53:13,637 - INFO - Completed: 27, remaining: 13, RAYPy_Simulation_bessy2_LoBeta_long_52_errors_off_old_FLUX/round_2/23_bessy2_LoBeta_long_52_errors_off_old_FLUX.rml
2024-12-22 16:53:14,041 - INFO - Completed: 28, remaining: 12, RAYPy_Simulation_bessy2_LoBeta_long_52_errors_off_old_FLUX/round_2/22_bessy2_LoBeta_long_52_errors_off_old_FLUX.rml
2024-12-22 16:53:16,526 - INFO - Completed: 29, remaining: 11, RAYPy_Simulation_bessy2_LoBeta_long_52_errors_off_old_FLUX/round_2/24_bessy2_LoBeta_long_52_errors_off_old_FLUX.rml
2024-12-22 16:53:16,734 - INFO - Completed: 30, remaining: 10, RAYPy_Simulation_bessy2_LoBeta_long_52_errors_off_old_FLUX/round_2/25_bessy2_LoBeta_long_52_errors_off_old_FLUX.rml
2024-12-22 16:53:17,543 - INFO - Completed: 31, remaining: 9, RAYPy_Simulation_bessy2_LoBeta_long_52_errors_off_old_FLUX/round_2/29_bessy2_LoBeta_long_52_errors_off_old_FLUX.rml
2024-12-22 16:53:17,796 - INFO - Completed: 32, remaining: 8, RAYPy_Simulation_bessy2_LoBeta_long_52_errors_off_old_FLUX/round_2/26_bessy2_LoBeta_long_52_errors_off_old_FLUX.rml
2024-12-22 16:53:19,375 - INFO - Completed: 33, remaining: 7, RAYPy_Simulation_bessy2_LoBeta_long_52_errors_off_old_FLUX/round_2/27_bessy2_LoBeta_long_52_errors_off_old_FLUX.rml
2024-12-22 16:53:20,037 - INFO - Completed: 34, remaining: 6, RAYPy_Simulation_bessy2_LoBeta_long_52_errors_off_old_FLUX/round_2/28_bessy2_LoBeta_long_52_errors_off_old_FLUX.rml
2024-12-22 16:53:21,551 - INFO - Completed: 35, remaining: 5, RAYPy_Simulation_bessy2_LoBeta_long_52_errors_off_old_FLUX/round_2/30_bessy2_LoBeta_long_52_errors_off_old_FLUX.rml
2024-12-22 16:53:21,763 - INFO - Completed: 36, remaining: 4, RAYPy_Simulation_bessy2_LoBeta_long_52_errors_off_old_FLUX/round_2/31_bessy2_LoBeta_long_52_errors_off_old_FLUX.rml
2024-12-22 16:53:23,213 - INFO - Completed: 37, remaining: 3, RAYPy_Simulation_bessy2_LoBeta_long_52_errors_off_old_FLUX/round_2/32_bessy2_LoBeta_long_52_errors_off_old_FLUX.rml
2024-12-22 16:53:23,529 - INFO - Completed: 38, remaining: 2, RAYPy_Simulation_bessy2_LoBeta_long_52_errors_off_old_FLUX/round_2/33_bessy2_LoBeta_long_52_errors_off_old_FLUX.rml
2024-12-22 16:53:23,797 - INFO - Completed: 39, remaining: 1, RAYPy_Simulation_bessy2_LoBeta_long_52_errors_off_old_FLUX/round_2/35_bessy2_LoBeta_long_52_errors_off_old_FLUX.rml
2024-12-22 16:53:24,704 - INFO - Completed: 40, remaining: 0, RAYPy_Simulation_bessy2_LoBeta_long_52_errors_off_old_FLUX/round_2/34_bessy2_LoBeta_long_52_errors_off_old_FLUX.rml
2024-12-22 16:53:24,705 - INFO - Batch Completed
2024-12-22 16:53:24,705 - INFO - Waiting For batch, 40 simulations to go
2024-12-22 16:53:24,709 - INFO - Prepared sim number: 36: RAYPy_Simulation_bessy2_LoBeta_long_52_errors_off_old_FLUX/round_2/36_bessy2_LoBeta_long_52_errors_off_old_FLUX.rml
2024-12-22 16:53:24,712 - INFO - Prepared sim number: 37: RAYPy_Simulation_bessy2_LoBeta_long_52_errors_off_old_FLUX/round_2/37_bessy2_LoBeta_long_52_errors_off_old_FLUX.rml
2024-12-22 16:53:24,714 - INFO - Prepared sim number: 38: RAYPy_Simulation_bessy2_LoBeta_long_52_errors_off_old_FLUX/round_2/38_bessy2_LoBeta_long_52_errors_off_old_FLUX.rml
2024-12-22 16:53:24,716 - INFO - Prepared sim number: 39: RAYPy_Simulation_bessy2_LoBeta_long_52_errors_off_old_FLUX/round_2/39_bessy2_LoBeta_long_52_errors_off_old_FLUX.rml
2024-12-22 16:53:24,718 - INFO - Prepared sim number: 40: RAYPy_Simulation_bessy2_LoBeta_long_52_errors_off_old_FLUX/round_2/40_bessy2_LoBeta_long_52_errors_off_old_FLUX.rml
2024-12-22 16:53:24,719 - INFO - Prepared sim number: 41: RAYPy_Simulation_bessy2_LoBeta_long_52_errors_off_old_FLUX/round_2/41_bessy2_LoBeta_long_52_errors_off_old_FLUX.rml
2024-12-22 16:53:24,719 - INFO - Start round 3
2024-12-22 16:53:24,721 - INFO - Prepared sim number: 0: RAYPy_Simulation_bessy2_LoBeta_long_52_errors_off_old_FLUX/round_3/0_bessy2_LoBeta_long_52_errors_off_old_FLUX.rml
2024-12-22 16:53:24,722 - INFO - Prepared sim number: 1: RAYPy_Simulation_bessy2_LoBeta_long_52_errors_off_old_FLUX/round_3/1_bessy2_LoBeta_long_52_errors_off_old_FLUX.rml
2024-12-22 16:53:24,723 - INFO - Prepared sim number: 2: RAYPy_Simulation_bessy2_LoBeta_long_52_errors_off_old_FLUX/round_3/2_bessy2_LoBeta_long_52_errors_off_old_FLUX.rml
2024-12-22 16:53:24,724 - INFO - Prepared sim number: 3: RAYPy_Simulation_bessy2_LoBeta_long_52_errors_off_old_FLUX/round_3/3_bessy2_LoBeta_long_52_errors_off_old_FLUX.rml
2024-12-22 16:53:24,725 - INFO - Prepared sim number: 4: RAYPy_Simulation_bessy2_LoBeta_long_52_errors_off_old_FLUX/round_3/4_bessy2_LoBeta_long_52_errors_off_old_FLUX.rml
2024-12-22 16:53:24,726 - INFO - Prepared sim number: 5: RAYPy_Simulation_bessy2_LoBeta_long_52_errors_off_old_FLUX/round_3/5_bessy2_LoBeta_long_52_errors_off_old_FLUX.rml
2024-12-22 16:53:24,728 - INFO - Prepared sim number: 6: RAYPy_Simulation_bessy2_LoBeta_long_52_errors_off_old_FLUX/round_3/6_bessy2_LoBeta_long_52_errors_off_old_FLUX.rml
2024-12-22 16:53:24,729 - INFO - Prepared sim number: 7: RAYPy_Simulation_bessy2_LoBeta_long_52_errors_off_old_FLUX/round_3/7_bessy2_LoBeta_long_52_errors_off_old_FLUX.rml
2024-12-22 16:53:24,730 - INFO - Prepared sim number: 8: RAYPy_Simulation_bessy2_LoBeta_long_52_errors_off_old_FLUX/round_3/8_bessy2_LoBeta_long_52_errors_off_old_FLUX.rml
2024-12-22 16:53:24,731 - INFO - Prepared sim number: 9: RAYPy_Simulation_bessy2_LoBeta_long_52_errors_off_old_FLUX/round_3/9_bessy2_LoBeta_long_52_errors_off_old_FLUX.rml
2024-12-22 16:53:24,732 - INFO - Prepared sim number: 10: RAYPy_Simulation_bessy2_LoBeta_long_52_errors_off_old_FLUX/round_3/10_bessy2_LoBeta_long_52_errors_off_old_FLUX.rml
2024-12-22 16:53:24,733 - INFO - Prepared sim number: 11: RAYPy_Simulation_bessy2_LoBeta_long_52_errors_off_old_FLUX/round_3/11_bessy2_LoBeta_long_52_errors_off_old_FLUX.rml
2024-12-22 16:53:24,734 - INFO - Prepared sim number: 12: RAYPy_Simulation_bessy2_LoBeta_long_52_errors_off_old_FLUX/round_3/12_bessy2_LoBeta_long_52_errors_off_old_FLUX.rml
2024-12-22 16:53:24,735 - INFO - Prepared sim number: 13: RAYPy_Simulation_bessy2_LoBeta_long_52_errors_off_old_FLUX/round_3/13_bessy2_LoBeta_long_52_errors_off_old_FLUX.rml
2024-12-22 16:53:24,736 - INFO - Prepared sim number: 14: RAYPy_Simulation_bessy2_LoBeta_long_52_errors_off_old_FLUX/round_3/14_bessy2_LoBeta_long_52_errors_off_old_FLUX.rml
2024-12-22 16:53:24,737 - INFO - Prepared sim number: 15: RAYPy_Simulation_bessy2_LoBeta_long_52_errors_off_old_FLUX/round_3/15_bessy2_LoBeta_long_52_errors_off_old_FLUX.rml
2024-12-22 16:53:24,738 - INFO - Prepared sim number: 16: RAYPy_Simulation_bessy2_LoBeta_long_52_errors_off_old_FLUX/round_3/16_bessy2_LoBeta_long_52_errors_off_old_FLUX.rml
2024-12-22 16:53:24,739 - INFO - Prepared sim number: 17: RAYPy_Simulation_bessy2_LoBeta_long_52_errors_off_old_FLUX/round_3/17_bessy2_LoBeta_long_52_errors_off_old_FLUX.rml
2024-12-22 16:53:24,740 - INFO - Prepared sim number: 18: RAYPy_Simulation_bessy2_LoBeta_long_52_errors_off_old_FLUX/round_3/18_bessy2_LoBeta_long_52_errors_off_old_FLUX.rml
2024-12-22 16:53:24,742 - INFO - Prepared sim number: 19: RAYPy_Simulation_bessy2_LoBeta_long_52_errors_off_old_FLUX/round_3/19_bessy2_LoBeta_long_52_errors_off_old_FLUX.rml
2024-12-22 16:53:24,743 - INFO - Prepared sim number: 20: RAYPy_Simulation_bessy2_LoBeta_long_52_errors_off_old_FLUX/round_3/20_bessy2_LoBeta_long_52_errors_off_old_FLUX.rml
2024-12-22 16:53:24,744 - INFO - Prepared sim number: 21: RAYPy_Simulation_bessy2_LoBeta_long_52_errors_off_old_FLUX/round_3/21_bessy2_LoBeta_long_52_errors_off_old_FLUX.rml
2024-12-22 16:53:24,745 - INFO - Prepared sim number: 22: RAYPy_Simulation_bessy2_LoBeta_long_52_errors_off_old_FLUX/round_3/22_bessy2_LoBeta_long_52_errors_off_old_FLUX.rml
2024-12-22 16:53:24,746 - INFO - Prepared sim number: 23: RAYPy_Simulation_bessy2_LoBeta_long_52_errors_off_old_FLUX/round_3/23_bessy2_LoBeta_long_52_errors_off_old_FLUX.rml
2024-12-22 16:53:24,747 - INFO - Prepared sim number: 24: RAYPy_Simulation_bessy2_LoBeta_long_52_errors_off_old_FLUX/round_3/24_bessy2_LoBeta_long_52_errors_off_old_FLUX.rml
2024-12-22 16:53:24,748 - INFO - Prepared sim number: 25: RAYPy_Simulation_bessy2_LoBeta_long_52_errors_off_old_FLUX/round_3/25_bessy2_LoBeta_long_52_errors_off_old_FLUX.rml
2024-12-22 16:53:24,749 - INFO - Prepared sim number: 26: RAYPy_Simulation_bessy2_LoBeta_long_52_errors_off_old_FLUX/round_3/26_bessy2_LoBeta_long_52_errors_off_old_FLUX.rml
2024-12-22 16:53:24,750 - INFO - Prepared sim number: 27: RAYPy_Simulation_bessy2_LoBeta_long_52_errors_off_old_FLUX/round_3/27_bessy2_LoBeta_long_52_errors_off_old_FLUX.rml
2024-12-22 16:53:24,751 - INFO - Prepared sim number: 28: RAYPy_Simulation_bessy2_LoBeta_long_52_errors_off_old_FLUX/round_3/28_bessy2_LoBeta_long_52_errors_off_old_FLUX.rml
2024-12-22 16:53:24,752 - INFO - Prepared sim number: 29: RAYPy_Simulation_bessy2_LoBeta_long_52_errors_off_old_FLUX/round_3/29_bessy2_LoBeta_long_52_errors_off_old_FLUX.rml
2024-12-22 16:53:24,754 - INFO - Prepared sim number: 30: RAYPy_Simulation_bessy2_LoBeta_long_52_errors_off_old_FLUX/round_3/30_bessy2_LoBeta_long_52_errors_off_old_FLUX.rml
2024-12-22 16:53:24,755 - INFO - Prepared sim number: 31: RAYPy_Simulation_bessy2_LoBeta_long_52_errors_off_old_FLUX/round_3/31_bessy2_LoBeta_long_52_errors_off_old_FLUX.rml
2024-12-22 16:53:24,756 - INFO - Prepared sim number: 32: RAYPy_Simulation_bessy2_LoBeta_long_52_errors_off_old_FLUX/round_3/32_bessy2_LoBeta_long_52_errors_off_old_FLUX.rml
2024-12-22 16:53:24,757 - INFO - Prepared sim number: 33: RAYPy_Simulation_bessy2_LoBeta_long_52_errors_off_old_FLUX/round_3/33_bessy2_LoBeta_long_52_errors_off_old_FLUX.rml
2024-12-22 16:53:24,757 - INFO - Waiting for batch number: 3, timeout: 47.15988912167756s
2024-12-22 16:53:29,927 - INFO - Completed: 1, remaining: 39, RAYPy_Simulation_bessy2_LoBeta_long_52_errors_off_old_FLUX/round_3/1_bessy2_LoBeta_long_52_errors_off_old_FLUX.rml
2024-12-22 16:53:30,329 - INFO - Completed: 2, remaining: 38, RAYPy_Simulation_bessy2_LoBeta_long_52_errors_off_old_FLUX/round_2/41_bessy2_LoBeta_long_52_errors_off_old_FLUX.rml
2024-12-22 16:53:30,996 - INFO - Completed: 3, remaining: 37, RAYPy_Simulation_bessy2_LoBeta_long_52_errors_off_old_FLUX/round_2/36_bessy2_LoBeta_long_52_errors_off_old_FLUX.rml
2024-12-22 16:53:33,288 - INFO - Completed: 4, remaining: 36, RAYPy_Simulation_bessy2_LoBeta_long_52_errors_off_old_FLUX/round_2/39_bessy2_LoBeta_long_52_errors_off_old_FLUX.rml
2024-12-22 16:53:33,873 - INFO - Completed: 5, remaining: 35, RAYPy_Simulation_bessy2_LoBeta_long_52_errors_off_old_FLUX/round_3/0_bessy2_LoBeta_long_52_errors_off_old_FLUX.rml
2024-12-22 16:53:37,297 - INFO - Completed: 6, remaining: 34, RAYPy_Simulation_bessy2_LoBeta_long_52_errors_off_old_FLUX/round_2/37_bessy2_LoBeta_long_52_errors_off_old_FLUX.rml
2024-12-22 16:53:37,646 - INFO - Completed: 7, remaining: 33, RAYPy_Simulation_bessy2_LoBeta_long_52_errors_off_old_FLUX/round_2/40_bessy2_LoBeta_long_52_errors_off_old_FLUX.rml
2024-12-22 16:53:38,300 - INFO - Completed: 8, remaining: 32, RAYPy_Simulation_bessy2_LoBeta_long_52_errors_off_old_FLUX/round_3/2_bessy2_LoBeta_long_52_errors_off_old_FLUX.rml
2024-12-22 16:53:38,408 - INFO - Completed: 9, remaining: 31, RAYPy_Simulation_bessy2_LoBeta_long_52_errors_off_old_FLUX/round_3/3_bessy2_LoBeta_long_52_errors_off_old_FLUX.rml
2024-12-22 16:53:38,566 - INFO - Completed: 10, remaining: 30, RAYPy_Simulation_bessy2_LoBeta_long_52_errors_off_old_FLUX/round_2/38_bessy2_LoBeta_long_52_errors_off_old_FLUX.rml
2024-12-22 16:53:38,901 - INFO - Completed: 11, remaining: 29, RAYPy_Simulation_bessy2_LoBeta_long_52_errors_off_old_FLUX/round_3/4_bessy2_LoBeta_long_52_errors_off_old_FLUX.rml
2024-12-22 16:53:42,002 - INFO - Completed: 12, remaining: 28, RAYPy_Simulation_bessy2_LoBeta_long_52_errors_off_old_FLUX/round_3/5_bessy2_LoBeta_long_52_errors_off_old_FLUX.rml
2024-12-22 16:53:42,804 - INFO - Completed: 13, remaining: 27, RAYPy_Simulation_bessy2_LoBeta_long_52_errors_off_old_FLUX/round_3/6_bessy2_LoBeta_long_52_errors_off_old_FLUX.rml
2024-12-22 16:53:44,884 - INFO - Completed: 14, remaining: 26, RAYPy_Simulation_bessy2_LoBeta_long_52_errors_off_old_FLUX/round_3/7_bessy2_LoBeta_long_52_errors_off_old_FLUX.rml
2024-12-22 16:53:45,659 - INFO - Completed: 15, remaining: 25, RAYPy_Simulation_bessy2_LoBeta_long_52_errors_off_old_FLUX/round_3/8_bessy2_LoBeta_long_52_errors_off_old_FLUX.rml
2024-12-22 16:53:47,075 - INFO - Completed: 16, remaining: 24, RAYPy_Simulation_bessy2_LoBeta_long_52_errors_off_old_FLUX/round_3/10_bessy2_LoBeta_long_52_errors_off_old_FLUX.rml
2024-12-22 16:53:47,534 - INFO - Completed: 17, remaining: 23, RAYPy_Simulation_bessy2_LoBeta_long_52_errors_off_old_FLUX/round_3/11_bessy2_LoBeta_long_52_errors_off_old_FLUX.rml
2024-12-22 16:53:47,698 - INFO - Completed: 18, remaining: 22, RAYPy_Simulation_bessy2_LoBeta_long_52_errors_off_old_FLUX/round_3/9_bessy2_LoBeta_long_52_errors_off_old_FLUX.rml
2024-12-22 16:53:48,529 - INFO - Completed: 19, remaining: 21, RAYPy_Simulation_bessy2_LoBeta_long_52_errors_off_old_FLUX/round_3/13_bessy2_LoBeta_long_52_errors_off_old_FLUX.rml
2024-12-22 16:53:48,728 - INFO - Completed: 20, remaining: 20, RAYPy_Simulation_bessy2_LoBeta_long_52_errors_off_old_FLUX/round_3/12_bessy2_LoBeta_long_52_errors_off_old_FLUX.rml
2024-12-22 16:53:51,006 - INFO - Completed: 21, remaining: 19, RAYPy_Simulation_bessy2_LoBeta_long_52_errors_off_old_FLUX/round_3/14_bessy2_LoBeta_long_52_errors_off_old_FLUX.rml
2024-12-22 16:53:53,795 - INFO - Completed: 22, remaining: 18, RAYPy_Simulation_bessy2_LoBeta_long_52_errors_off_old_FLUX/round_3/15_bessy2_LoBeta_long_52_errors_off_old_FLUX.rml
2024-12-22 16:53:54,143 - INFO - Completed: 23, remaining: 17, RAYPy_Simulation_bessy2_LoBeta_long_52_errors_off_old_FLUX/round_3/16_bessy2_LoBeta_long_52_errors_off_old_FLUX.rml
2024-12-22 16:53:54,369 - INFO - Completed: 24, remaining: 16, RAYPy_Simulation_bessy2_LoBeta_long_52_errors_off_old_FLUX/round_3/19_bessy2_LoBeta_long_52_errors_off_old_FLUX.rml
2024-12-22 16:53:55,902 - INFO - Completed: 25, remaining: 15, RAYPy_Simulation_bessy2_LoBeta_long_52_errors_off_old_FLUX/round_3/17_bessy2_LoBeta_long_52_errors_off_old_FLUX.rml
2024-12-22 16:53:56,493 - INFO - Completed: 26, remaining: 14, RAYPy_Simulation_bessy2_LoBeta_long_52_errors_off_old_FLUX/round_3/20_bessy2_LoBeta_long_52_errors_off_old_FLUX.rml
2024-12-22 16:53:57,131 - INFO - Completed: 27, remaining: 13, RAYPy_Simulation_bessy2_LoBeta_long_52_errors_off_old_FLUX/round_3/18_bessy2_LoBeta_long_52_errors_off_old_FLUX.rml
2024-12-22 16:53:57,947 - INFO - Completed: 28, remaining: 12, RAYPy_Simulation_bessy2_LoBeta_long_52_errors_off_old_FLUX/round_3/21_bessy2_LoBeta_long_52_errors_off_old_FLUX.rml
2024-12-22 16:54:00,094 - INFO - Completed: 29, remaining: 11, RAYPy_Simulation_bessy2_LoBeta_long_52_errors_off_old_FLUX/round_3/22_bessy2_LoBeta_long_52_errors_off_old_FLUX.rml
2024-12-22 16:54:01,995 - INFO - Completed: 30, remaining: 10, RAYPy_Simulation_bessy2_LoBeta_long_52_errors_off_old_FLUX/round_3/25_bessy2_LoBeta_long_52_errors_off_old_FLUX.rml
2024-12-22 16:54:02,689 - INFO - Completed: 31, remaining: 9, RAYPy_Simulation_bessy2_LoBeta_long_52_errors_off_old_FLUX/round_3/24_bessy2_LoBeta_long_52_errors_off_old_FLUX.rml
2024-12-22 16:54:03,187 - INFO - Completed: 32, remaining: 8, RAYPy_Simulation_bessy2_LoBeta_long_52_errors_off_old_FLUX/round_3/23_bessy2_LoBeta_long_52_errors_off_old_FLUX.rml
2024-12-22 16:54:04,969 - INFO - Completed: 33, remaining: 7, RAYPy_Simulation_bessy2_LoBeta_long_52_errors_off_old_FLUX/round_3/26_bessy2_LoBeta_long_52_errors_off_old_FLUX.rml
2024-12-22 16:54:05,072 - INFO - Completed: 34, remaining: 6, RAYPy_Simulation_bessy2_LoBeta_long_52_errors_off_old_FLUX/round_3/27_bessy2_LoBeta_long_52_errors_off_old_FLUX.rml
2024-12-22 16:54:06,214 - INFO - Completed: 35, remaining: 5, RAYPy_Simulation_bessy2_LoBeta_long_52_errors_off_old_FLUX/round_3/29_bessy2_LoBeta_long_52_errors_off_old_FLUX.rml
2024-12-22 16:54:06,395 - INFO - Completed: 36, remaining: 4, RAYPy_Simulation_bessy2_LoBeta_long_52_errors_off_old_FLUX/round_3/28_bessy2_LoBeta_long_52_errors_off_old_FLUX.rml
2024-12-22 16:54:07,191 - INFO - Completed: 37, remaining: 3, RAYPy_Simulation_bessy2_LoBeta_long_52_errors_off_old_FLUX/round_3/30_bessy2_LoBeta_long_52_errors_off_old_FLUX.rml
2024-12-22 16:54:08,607 - INFO - Completed: 38, remaining: 2, RAYPy_Simulation_bessy2_LoBeta_long_52_errors_off_old_FLUX/round_3/31_bessy2_LoBeta_long_52_errors_off_old_FLUX.rml
2024-12-22 16:54:09,006 - INFO - Completed: 39, remaining: 1, RAYPy_Simulation_bessy2_LoBeta_long_52_errors_off_old_FLUX/round_3/33_bessy2_LoBeta_long_52_errors_off_old_FLUX.rml
2024-12-22 16:54:09,586 - INFO - Completed: 40, remaining: 0, RAYPy_Simulation_bessy2_LoBeta_long_52_errors_off_old_FLUX/round_3/32_bessy2_LoBeta_long_52_errors_off_old_FLUX.rml
2024-12-22 16:54:09,586 - INFO - Batch Completed
2024-12-22 16:54:09,587 - INFO - Waiting For batch, 40 simulations to go
2024-12-22 16:54:09,592 - INFO - Prepared sim number: 34: RAYPy_Simulation_bessy2_LoBeta_long_52_errors_off_old_FLUX/round_3/34_bessy2_LoBeta_long_52_errors_off_old_FLUX.rml
2024-12-22 16:54:09,596 - INFO - Prepared sim number: 35: RAYPy_Simulation_bessy2_LoBeta_long_52_errors_off_old_FLUX/round_3/35_bessy2_LoBeta_long_52_errors_off_old_FLUX.rml
2024-12-22 16:54:09,599 - INFO - Prepared sim number: 36: RAYPy_Simulation_bessy2_LoBeta_long_52_errors_off_old_FLUX/round_3/36_bessy2_LoBeta_long_52_errors_off_old_FLUX.rml
2024-12-22 16:54:09,602 - INFO - Prepared sim number: 37: RAYPy_Simulation_bessy2_LoBeta_long_52_errors_off_old_FLUX/round_3/37_bessy2_LoBeta_long_52_errors_off_old_FLUX.rml
2024-12-22 16:54:09,604 - INFO - Prepared sim number: 38: RAYPy_Simulation_bessy2_LoBeta_long_52_errors_off_old_FLUX/round_3/38_bessy2_LoBeta_long_52_errors_off_old_FLUX.rml
2024-12-22 16:54:09,606 - INFO - Prepared sim number: 39: RAYPy_Simulation_bessy2_LoBeta_long_52_errors_off_old_FLUX/round_3/39_bessy2_LoBeta_long_52_errors_off_old_FLUX.rml
2024-12-22 16:54:09,608 - INFO - Prepared sim number: 40: RAYPy_Simulation_bessy2_LoBeta_long_52_errors_off_old_FLUX/round_3/40_bessy2_LoBeta_long_52_errors_off_old_FLUX.rml
2024-12-22 16:54:09,609 - INFO - Prepared sim number: 41: RAYPy_Simulation_bessy2_LoBeta_long_52_errors_off_old_FLUX/round_3/41_bessy2_LoBeta_long_52_errors_off_old_FLUX.rml
2024-12-22 16:54:09,609 - INFO - Start round 4
2024-12-22 16:54:09,610 - INFO - Prepared sim number: 0: RAYPy_Simulation_bessy2_LoBeta_long_52_errors_off_old_FLUX/round_4/0_bessy2_LoBeta_long_52_errors_off_old_FLUX.rml
2024-12-22 16:54:09,611 - INFO - Prepared sim number: 1: RAYPy_Simulation_bessy2_LoBeta_long_52_errors_off_old_FLUX/round_4/1_bessy2_LoBeta_long_52_errors_off_old_FLUX.rml
2024-12-22 16:54:09,613 - INFO - Prepared sim number: 2: RAYPy_Simulation_bessy2_LoBeta_long_52_errors_off_old_FLUX/round_4/2_bessy2_LoBeta_long_52_errors_off_old_FLUX.rml
2024-12-22 16:54:09,614 - INFO - Prepared sim number: 3: RAYPy_Simulation_bessy2_LoBeta_long_52_errors_off_old_FLUX/round_4/3_bessy2_LoBeta_long_52_errors_off_old_FLUX.rml
2024-12-22 16:54:09,615 - INFO - Prepared sim number: 4: RAYPy_Simulation_bessy2_LoBeta_long_52_errors_off_old_FLUX/round_4/4_bessy2_LoBeta_long_52_errors_off_old_FLUX.rml
2024-12-22 16:54:09,616 - INFO - Prepared sim number: 5: RAYPy_Simulation_bessy2_LoBeta_long_52_errors_off_old_FLUX/round_4/5_bessy2_LoBeta_long_52_errors_off_old_FLUX.rml
2024-12-22 16:54:09,617 - INFO - Prepared sim number: 6: RAYPy_Simulation_bessy2_LoBeta_long_52_errors_off_old_FLUX/round_4/6_bessy2_LoBeta_long_52_errors_off_old_FLUX.rml
2024-12-22 16:54:09,618 - INFO - Prepared sim number: 7: RAYPy_Simulation_bessy2_LoBeta_long_52_errors_off_old_FLUX/round_4/7_bessy2_LoBeta_long_52_errors_off_old_FLUX.rml
2024-12-22 16:54:09,619 - INFO - Prepared sim number: 8: RAYPy_Simulation_bessy2_LoBeta_long_52_errors_off_old_FLUX/round_4/8_bessy2_LoBeta_long_52_errors_off_old_FLUX.rml
2024-12-22 16:54:09,620 - INFO - Prepared sim number: 9: RAYPy_Simulation_bessy2_LoBeta_long_52_errors_off_old_FLUX/round_4/9_bessy2_LoBeta_long_52_errors_off_old_FLUX.rml
2024-12-22 16:54:09,621 - INFO - Prepared sim number: 10: RAYPy_Simulation_bessy2_LoBeta_long_52_errors_off_old_FLUX/round_4/10_bessy2_LoBeta_long_52_errors_off_old_FLUX.rml
2024-12-22 16:54:09,623 - INFO - Prepared sim number: 11: RAYPy_Simulation_bessy2_LoBeta_long_52_errors_off_old_FLUX/round_4/11_bessy2_LoBeta_long_52_errors_off_old_FLUX.rml
2024-12-22 16:54:09,624 - INFO - Prepared sim number: 12: RAYPy_Simulation_bessy2_LoBeta_long_52_errors_off_old_FLUX/round_4/12_bessy2_LoBeta_long_52_errors_off_old_FLUX.rml
2024-12-22 16:54:09,625 - INFO - Prepared sim number: 13: RAYPy_Simulation_bessy2_LoBeta_long_52_errors_off_old_FLUX/round_4/13_bessy2_LoBeta_long_52_errors_off_old_FLUX.rml
2024-12-22 16:54:09,626 - INFO - Prepared sim number: 14: RAYPy_Simulation_bessy2_LoBeta_long_52_errors_off_old_FLUX/round_4/14_bessy2_LoBeta_long_52_errors_off_old_FLUX.rml
2024-12-22 16:54:09,627 - INFO - Prepared sim number: 15: RAYPy_Simulation_bessy2_LoBeta_long_52_errors_off_old_FLUX/round_4/15_bessy2_LoBeta_long_52_errors_off_old_FLUX.rml
2024-12-22 16:54:09,628 - INFO - Prepared sim number: 16: RAYPy_Simulation_bessy2_LoBeta_long_52_errors_off_old_FLUX/round_4/16_bessy2_LoBeta_long_52_errors_off_old_FLUX.rml
2024-12-22 16:54:09,629 - INFO - Prepared sim number: 17: RAYPy_Simulation_bessy2_LoBeta_long_52_errors_off_old_FLUX/round_4/17_bessy2_LoBeta_long_52_errors_off_old_FLUX.rml
2024-12-22 16:54:09,630 - INFO - Prepared sim number: 18: RAYPy_Simulation_bessy2_LoBeta_long_52_errors_off_old_FLUX/round_4/18_bessy2_LoBeta_long_52_errors_off_old_FLUX.rml
2024-12-22 16:54:09,631 - INFO - Prepared sim number: 19: RAYPy_Simulation_bessy2_LoBeta_long_52_errors_off_old_FLUX/round_4/19_bessy2_LoBeta_long_52_errors_off_old_FLUX.rml
2024-12-22 16:54:09,632 - INFO - Prepared sim number: 20: RAYPy_Simulation_bessy2_LoBeta_long_52_errors_off_old_FLUX/round_4/20_bessy2_LoBeta_long_52_errors_off_old_FLUX.rml
2024-12-22 16:54:09,634 - INFO - Prepared sim number: 21: RAYPy_Simulation_bessy2_LoBeta_long_52_errors_off_old_FLUX/round_4/21_bessy2_LoBeta_long_52_errors_off_old_FLUX.rml
2024-12-22 16:54:09,635 - INFO - Prepared sim number: 22: RAYPy_Simulation_bessy2_LoBeta_long_52_errors_off_old_FLUX/round_4/22_bessy2_LoBeta_long_52_errors_off_old_FLUX.rml
2024-12-22 16:54:09,636 - INFO - Prepared sim number: 23: RAYPy_Simulation_bessy2_LoBeta_long_52_errors_off_old_FLUX/round_4/23_bessy2_LoBeta_long_52_errors_off_old_FLUX.rml
2024-12-22 16:54:09,637 - INFO - Prepared sim number: 24: RAYPy_Simulation_bessy2_LoBeta_long_52_errors_off_old_FLUX/round_4/24_bessy2_LoBeta_long_52_errors_off_old_FLUX.rml
2024-12-22 16:54:09,638 - INFO - Prepared sim number: 25: RAYPy_Simulation_bessy2_LoBeta_long_52_errors_off_old_FLUX/round_4/25_bessy2_LoBeta_long_52_errors_off_old_FLUX.rml
2024-12-22 16:54:09,639 - INFO - Prepared sim number: 26: RAYPy_Simulation_bessy2_LoBeta_long_52_errors_off_old_FLUX/round_4/26_bessy2_LoBeta_long_52_errors_off_old_FLUX.rml
2024-12-22 16:54:09,640 - INFO - Prepared sim number: 27: RAYPy_Simulation_bessy2_LoBeta_long_52_errors_off_old_FLUX/round_4/27_bessy2_LoBeta_long_52_errors_off_old_FLUX.rml
2024-12-22 16:54:09,641 - INFO - Prepared sim number: 28: RAYPy_Simulation_bessy2_LoBeta_long_52_errors_off_old_FLUX/round_4/28_bessy2_LoBeta_long_52_errors_off_old_FLUX.rml
2024-12-22 16:54:09,643 - INFO - Prepared sim number: 29: RAYPy_Simulation_bessy2_LoBeta_long_52_errors_off_old_FLUX/round_4/29_bessy2_LoBeta_long_52_errors_off_old_FLUX.rml
2024-12-22 16:54:09,644 - INFO - Prepared sim number: 30: RAYPy_Simulation_bessy2_LoBeta_long_52_errors_off_old_FLUX/round_4/30_bessy2_LoBeta_long_52_errors_off_old_FLUX.rml
2024-12-22 16:54:09,645 - INFO - Prepared sim number: 31: RAYPy_Simulation_bessy2_LoBeta_long_52_errors_off_old_FLUX/round_4/31_bessy2_LoBeta_long_52_errors_off_old_FLUX.rml
2024-12-22 16:54:09,645 - INFO - Waiting for batch number: 4, timeout: 48.11063680033529s
2024-12-22 16:54:15,895 - INFO - Completed: 1, remaining: 39, RAYPy_Simulation_bessy2_LoBeta_long_52_errors_off_old_FLUX/round_3/37_bessy2_LoBeta_long_52_errors_off_old_FLUX.rml
2024-12-22 16:54:16,603 - INFO - Completed: 2, remaining: 38, RAYPy_Simulation_bessy2_LoBeta_long_52_errors_off_old_FLUX/round_3/35_bessy2_LoBeta_long_52_errors_off_old_FLUX.rml
2024-12-22 16:54:17,485 - INFO - Completed: 3, remaining: 37, RAYPy_Simulation_bessy2_LoBeta_long_52_errors_off_old_FLUX/round_3/41_bessy2_LoBeta_long_52_errors_off_old_FLUX.rml
2024-12-22 16:54:18,171 - INFO - Completed: 4, remaining: 36, RAYPy_Simulation_bessy2_LoBeta_long_52_errors_off_old_FLUX/round_3/40_bessy2_LoBeta_long_52_errors_off_old_FLUX.rml
2024-12-22 16:54:18,361 - INFO - Completed: 5, remaining: 35, RAYPy_Simulation_bessy2_LoBeta_long_52_errors_off_old_FLUX/round_3/36_bessy2_LoBeta_long_52_errors_off_old_FLUX.rml
2024-12-22 16:54:18,885 - INFO - Completed: 6, remaining: 34, RAYPy_Simulation_bessy2_LoBeta_long_52_errors_off_old_FLUX/round_3/38_bessy2_LoBeta_long_52_errors_off_old_FLUX.rml
2024-12-22 16:54:20,015 - INFO - Completed: 7, remaining: 33, RAYPy_Simulation_bessy2_LoBeta_long_52_errors_off_old_FLUX/round_3/34_bessy2_LoBeta_long_52_errors_off_old_FLUX.rml
2024-12-22 16:54:20,864 - INFO - Completed: 8, remaining: 32, RAYPy_Simulation_bessy2_LoBeta_long_52_errors_off_old_FLUX/round_3/39_bessy2_LoBeta_long_52_errors_off_old_FLUX.rml
2024-12-22 16:54:24,353 - INFO - Completed: 9, remaining: 31, RAYPy_Simulation_bessy2_LoBeta_long_52_errors_off_old_FLUX/round_4/0_bessy2_LoBeta_long_52_errors_off_old_FLUX.rml
2024-12-22 16:54:25,633 - INFO - Completed: 10, remaining: 30, RAYPy_Simulation_bessy2_LoBeta_long_52_errors_off_old_FLUX/round_4/2_bessy2_LoBeta_long_52_errors_off_old_FLUX.rml
2024-12-22 16:54:26,243 - INFO - Completed: 11, remaining: 29, RAYPy_Simulation_bessy2_LoBeta_long_52_errors_off_old_FLUX/round_4/4_bessy2_LoBeta_long_52_errors_off_old_FLUX.rml
2024-12-22 16:54:26,436 - INFO - Completed: 12, remaining: 28, RAYPy_Simulation_bessy2_LoBeta_long_52_errors_off_old_FLUX/round_4/3_bessy2_LoBeta_long_52_errors_off_old_FLUX.rml
2024-12-22 16:54:27,325 - INFO - Completed: 13, remaining: 27, RAYPy_Simulation_bessy2_LoBeta_long_52_errors_off_old_FLUX/round_4/5_bessy2_LoBeta_long_52_errors_off_old_FLUX.rml
2024-12-22 16:54:27,810 - INFO - Completed: 14, remaining: 26, RAYPy_Simulation_bessy2_LoBeta_long_52_errors_off_old_FLUX/round_4/1_bessy2_LoBeta_long_52_errors_off_old_FLUX.rml
2024-12-22 16:54:28,718 - INFO - Completed: 15, remaining: 25, RAYPy_Simulation_bessy2_LoBeta_long_52_errors_off_old_FLUX/round_4/6_bessy2_LoBeta_long_52_errors_off_old_FLUX.rml
2024-12-22 16:54:29,348 - INFO - Completed: 16, remaining: 24, RAYPy_Simulation_bessy2_LoBeta_long_52_errors_off_old_FLUX/round_4/7_bessy2_LoBeta_long_52_errors_off_old_FLUX.rml
2024-12-22 16:54:33,454 - INFO - Completed: 17, remaining: 23, RAYPy_Simulation_bessy2_LoBeta_long_52_errors_off_old_FLUX/round_4/8_bessy2_LoBeta_long_52_errors_off_old_FLUX.rml
2024-12-22 16:54:33,628 - INFO - Completed: 18, remaining: 22, RAYPy_Simulation_bessy2_LoBeta_long_52_errors_off_old_FLUX/round_4/9_bessy2_LoBeta_long_52_errors_off_old_FLUX.rml
2024-12-22 16:54:34,423 - INFO - Completed: 19, remaining: 21, RAYPy_Simulation_bessy2_LoBeta_long_52_errors_off_old_FLUX/round_4/11_bessy2_LoBeta_long_52_errors_off_old_FLUX.rml
2024-12-22 16:54:35,497 - INFO - Completed: 20, remaining: 20, RAYPy_Simulation_bessy2_LoBeta_long_52_errors_off_old_FLUX/round_4/14_bessy2_LoBeta_long_52_errors_off_old_FLUX.rml
2024-12-22 16:54:35,562 - INFO - Completed: 21, remaining: 19, RAYPy_Simulation_bessy2_LoBeta_long_52_errors_off_old_FLUX/round_4/13_bessy2_LoBeta_long_52_errors_off_old_FLUX.rml
2024-12-22 16:54:36,779 - INFO - Completed: 22, remaining: 18, RAYPy_Simulation_bessy2_LoBeta_long_52_errors_off_old_FLUX/round_4/12_bessy2_LoBeta_long_52_errors_off_old_FLUX.rml
2024-12-22 16:54:37,355 - INFO - Completed: 23, remaining: 17, RAYPy_Simulation_bessy2_LoBeta_long_52_errors_off_old_FLUX/round_4/10_bessy2_LoBeta_long_52_errors_off_old_FLUX.rml
2024-12-22 16:54:38,143 - INFO - Completed: 24, remaining: 16, RAYPy_Simulation_bessy2_LoBeta_long_52_errors_off_old_FLUX/round_4/15_bessy2_LoBeta_long_52_errors_off_old_FLUX.rml
2024-12-22 16:54:41,505 - INFO - Completed: 25, remaining: 15, RAYPy_Simulation_bessy2_LoBeta_long_52_errors_off_old_FLUX/round_4/16_bessy2_LoBeta_long_52_errors_off_old_FLUX.rml
2024-12-22 16:54:41,841 - INFO - Completed: 26, remaining: 14, RAYPy_Simulation_bessy2_LoBeta_long_52_errors_off_old_FLUX/round_4/17_bessy2_LoBeta_long_52_errors_off_old_FLUX.rml
2024-12-22 16:54:42,638 - INFO - Completed: 27, remaining: 13, RAYPy_Simulation_bessy2_LoBeta_long_52_errors_off_old_FLUX/round_4/20_bessy2_LoBeta_long_52_errors_off_old_FLUX.rml
2024-12-22 16:54:42,919 - INFO - Completed: 28, remaining: 12, RAYPy_Simulation_bessy2_LoBeta_long_52_errors_off_old_FLUX/round_4/18_bessy2_LoBeta_long_52_errors_off_old_FLUX.rml
2024-12-22 16:54:44,740 - INFO - Completed: 29, remaining: 11, RAYPy_Simulation_bessy2_LoBeta_long_52_errors_off_old_FLUX/round_4/19_bessy2_LoBeta_long_52_errors_off_old_FLUX.rml
2024-12-22 16:54:45,251 - INFO - Completed: 30, remaining: 10, RAYPy_Simulation_bessy2_LoBeta_long_52_errors_off_old_FLUX/round_4/21_bessy2_LoBeta_long_52_errors_off_old_FLUX.rml
2024-12-22 16:54:45,744 - INFO - Completed: 31, remaining: 9, RAYPy_Simulation_bessy2_LoBeta_long_52_errors_off_old_FLUX/round_4/22_bessy2_LoBeta_long_52_errors_off_old_FLUX.rml
2024-12-22 16:54:47,532 - INFO - Completed: 32, remaining: 8, RAYPy_Simulation_bessy2_LoBeta_long_52_errors_off_old_FLUX/round_4/23_bessy2_LoBeta_long_52_errors_off_old_FLUX.rml
2024-12-22 16:54:49,627 - INFO - Completed: 33, remaining: 7, RAYPy_Simulation_bessy2_LoBeta_long_52_errors_off_old_FLUX/round_4/27_bessy2_LoBeta_long_52_errors_off_old_FLUX.rml
2024-12-22 16:54:50,120 - INFO - Completed: 34, remaining: 6, RAYPy_Simulation_bessy2_LoBeta_long_52_errors_off_old_FLUX/round_4/25_bessy2_LoBeta_long_52_errors_off_old_FLUX.rml
2024-12-22 16:54:50,639 - INFO - Completed: 35, remaining: 5, RAYPy_Simulation_bessy2_LoBeta_long_52_errors_off_old_FLUX/round_4/26_bessy2_LoBeta_long_52_errors_off_old_FLUX.rml
2024-12-22 16:54:50,785 - INFO - Completed: 36, remaining: 4, RAYPy_Simulation_bessy2_LoBeta_long_52_errors_off_old_FLUX/round_4/24_bessy2_LoBeta_long_52_errors_off_old_FLUX.rml
2024-12-22 16:54:52,252 - INFO - Completed: 37, remaining: 3, RAYPy_Simulation_bessy2_LoBeta_long_52_errors_off_old_FLUX/round_4/29_bessy2_LoBeta_long_52_errors_off_old_FLUX.rml
2024-12-22 16:54:52,854 - INFO - Completed: 38, remaining: 2, RAYPy_Simulation_bessy2_LoBeta_long_52_errors_off_old_FLUX/round_4/30_bessy2_LoBeta_long_52_errors_off_old_FLUX.rml
2024-12-22 16:54:53,235 - INFO - Completed: 39, remaining: 1, RAYPy_Simulation_bessy2_LoBeta_long_52_errors_off_old_FLUX/round_4/28_bessy2_LoBeta_long_52_errors_off_old_FLUX.rml
2024-12-22 16:54:53,656 - INFO - Completed: 40, remaining: 0, RAYPy_Simulation_bessy2_LoBeta_long_52_errors_off_old_FLUX/round_4/31_bessy2_LoBeta_long_52_errors_off_old_FLUX.rml
2024-12-22 16:54:53,656 - INFO - Batch Completed
2024-12-22 16:54:53,656 - INFO - Waiting For batch, 40 simulations to go
2024-12-22 16:54:53,661 - INFO - Prepared sim number: 32: RAYPy_Simulation_bessy2_LoBeta_long_52_errors_off_old_FLUX/round_4/32_bessy2_LoBeta_long_52_errors_off_old_FLUX.rml
2024-12-22 16:54:53,664 - INFO - Prepared sim number: 33: RAYPy_Simulation_bessy2_LoBeta_long_52_errors_off_old_FLUX/round_4/33_bessy2_LoBeta_long_52_errors_off_old_FLUX.rml
2024-12-22 16:54:53,668 - INFO - Prepared sim number: 34: RAYPy_Simulation_bessy2_LoBeta_long_52_errors_off_old_FLUX/round_4/34_bessy2_LoBeta_long_52_errors_off_old_FLUX.rml
2024-12-22 16:54:53,671 - INFO - Prepared sim number: 35: RAYPy_Simulation_bessy2_LoBeta_long_52_errors_off_old_FLUX/round_4/35_bessy2_LoBeta_long_52_errors_off_old_FLUX.rml
2024-12-22 16:54:53,673 - INFO - Prepared sim number: 36: RAYPy_Simulation_bessy2_LoBeta_long_52_errors_off_old_FLUX/round_4/36_bessy2_LoBeta_long_52_errors_off_old_FLUX.rml
2024-12-22 16:54:53,675 - INFO - Prepared sim number: 37: RAYPy_Simulation_bessy2_LoBeta_long_52_errors_off_old_FLUX/round_4/37_bessy2_LoBeta_long_52_errors_off_old_FLUX.rml
2024-12-22 16:54:53,677 - INFO - Prepared sim number: 38: RAYPy_Simulation_bessy2_LoBeta_long_52_errors_off_old_FLUX/round_4/38_bessy2_LoBeta_long_52_errors_off_old_FLUX.rml
2024-12-22 16:54:53,678 - INFO - Prepared sim number: 39: RAYPy_Simulation_bessy2_LoBeta_long_52_errors_off_old_FLUX/round_4/39_bessy2_LoBeta_long_52_errors_off_old_FLUX.rml
2024-12-22 16:54:53,679 - INFO - Prepared sim number: 40: RAYPy_Simulation_bessy2_LoBeta_long_52_errors_off_old_FLUX/round_4/40_bessy2_LoBeta_long_52_errors_off_old_FLUX.rml
2024-12-22 16:54:53,681 - INFO - Prepared sim number: 41: RAYPy_Simulation_bessy2_LoBeta_long_52_errors_off_old_FLUX/round_4/41_bessy2_LoBeta_long_52_errors_off_old_FLUX.rml
2024-12-22 16:54:53,681 - INFO - Waiting for batch number: 5, timeout: 48.579643293527454s
2024-12-22 16:55:00,815 - INFO - Completed: 1, remaining: 39, RAYPy_Simulation_bessy2_LoBeta_long_52_errors_off_old_FLUX/round_4/35_bessy2_LoBeta_long_52_errors_off_old_FLUX.rml
2024-12-22 16:55:01,030 - INFO - Completed: 2, remaining: 38, RAYPy_Simulation_bessy2_LoBeta_long_52_errors_off_old_FLUX/round_4/34_bessy2_LoBeta_long_52_errors_off_old_FLUX.rml
2024-12-22 16:55:01,143 - INFO - Completed: 3, remaining: 37, RAYPy_Simulation_bessy2_LoBeta_long_52_errors_off_old_FLUX/round_4/38_bessy2_LoBeta_long_52_errors_off_old_FLUX.rml
2024-12-22 16:55:01,547 - INFO - Completed: 4, remaining: 36, RAYPy_Simulation_bessy2_LoBeta_long_52_errors_off_old_FLUX/round_4/39_bessy2_LoBeta_long_52_errors_off_old_FLUX.rml
2024-12-22 16:55:01,951 - INFO - Completed: 5, remaining: 35, RAYPy_Simulation_bessy2_LoBeta_long_52_errors_off_old_FLUX/round_4/32_bessy2_LoBeta_long_52_errors_off_old_FLUX.rml
2024-12-22 16:55:03,629 - INFO - Completed: 6, remaining: 34, RAYPy_Simulation_bessy2_LoBeta_long_52_errors_off_old_FLUX/round_4/33_bessy2_LoBeta_long_52_errors_off_old_FLUX.rml
2024-12-22 16:55:04,065 - INFO - Completed: 7, remaining: 33, RAYPy_Simulation_bessy2_LoBeta_long_52_errors_off_old_FLUX/round_4/36_bessy2_LoBeta_long_52_errors_off_old_FLUX.rml
2024-12-22 16:55:04,286 - INFO - Completed: 8, remaining: 32, RAYPy_Simulation_bessy2_LoBeta_long_52_errors_off_old_FLUX/round_4/37_bessy2_LoBeta_long_52_errors_off_old_FLUX.rml
2024-12-22 16:55:05,862 - INFO - Completed: 9, remaining: 31, RAYPy_Simulation_bessy2_LoBeta_long_52_errors_off_old_FLUX/round_4/40_bessy2_LoBeta_long_52_errors_off_old_FLUX.rml
2024-12-22 16:55:06,562 - INFO - Completed: 10, remaining: 30, RAYPy_Simulation_bessy2_LoBeta_long_52_errors_off_old_FLUX/round_4/41_bessy2_LoBeta_long_52_errors_off_old_FLUX.rml
2024-12-22 16:55:06,562 - INFO - Batch Completed
2024-12-22 16:55:06,562 - INFO - Waiting For batch, 40 simulations to go
2024-12-22 16:55:06,562 - INFO - Remaning Simulations 0, stop the simulations loop
2024-12-22 16:55:06,562 - INFO - Checking that all simulations are completed before stopping the ProcessPoolExecutor
2024-12-22 16:55:06,572 - INFO - Executor shutdown completed.
2024-12-22 16:55:06,572 - INFO - Simulation completed successfully.
2024-12-22 16:55:06,573 - INFO - Starting cleanup
2024-12-22 16:55:06,683 - INFO - Done with the cleanup
2024-12-22 16:55:06,683 - INFO - Create Pandas Recap Files
2024-12-22 16:55:06,691 - INFO - End of the Simulations
