2025-01-16 15:19:51,013 - INFO - Simulation started, using 12 workers
2025-01-16 15:19:51,017 - INFO - Start round 0
2025-01-16 15:19:51,025 - INFO - Prepared sim number: 0: RAYPy_Simulation_bessy2hi_56m_PGM_2Perc_coupling_errors_on_RP/round_0/0_bessy2hi_56m_PGM_2Perc_coupling_errors_on_RP.rml
2025-01-16 15:19:51,037 - INFO - Prepared sim number: 1: RAYPy_Simulation_bessy2hi_56m_PGM_2Perc_coupling_errors_on_RP/round_0/1_bessy2hi_56m_PGM_2Perc_coupling_errors_on_RP.rml
2025-01-16 15:19:51,047 - INFO - Prepared sim number: 2: RAYPy_Simulation_bessy2hi_56m_PGM_2Perc_coupling_errors_on_RP/round_0/2_bessy2hi_56m_PGM_2Perc_coupling_errors_on_RP.rml
2025-01-16 15:19:51,055 - INFO - Prepared sim number: 3: RAYPy_Simulation_bessy2hi_56m_PGM_2Perc_coupling_errors_on_RP/round_0/3_bessy2hi_56m_PGM_2Perc_coupling_errors_on_RP.rml
2025-01-16 15:19:51,064 - INFO - Prepared sim number: 4: RAYPy_Simulation_bessy2hi_56m_PGM_2Perc_coupling_errors_on_RP/round_0/4_bessy2hi_56m_PGM_2Perc_coupling_errors_on_RP.rml
2025-01-16 15:19:51,070 - INFO - Prepared sim number: 5: RAYPy_Simulation_bessy2hi_56m_PGM_2Perc_coupling_errors_on_RP/round_0/5_bessy2hi_56m_PGM_2Perc_coupling_errors_on_RP.rml
2025-01-16 15:19:51,078 - INFO - Prepared sim number: 6: RAYPy_Simulation_bessy2hi_56m_PGM_2Perc_coupling_errors_on_RP/round_0/6_bessy2hi_56m_PGM_2Perc_coupling_errors_on_RP.rml
2025-01-16 15:19:51,085 - INFO - Prepared sim number: 7: RAYPy_Simulation_bessy2hi_56m_PGM_2Perc_coupling_errors_on_RP/round_0/7_bessy2hi_56m_PGM_2Perc_coupling_errors_on_RP.rml
2025-01-16 15:19:51,092 - INFO - Prepared sim number: 8: RAYPy_Simulation_bessy2hi_56m_PGM_2Perc_coupling_errors_on_RP/round_0/8_bessy2hi_56m_PGM_2Perc_coupling_errors_on_RP.rml
2025-01-16 15:19:51,100 - INFO - Prepared sim number: 9: RAYPy_Simulation_bessy2hi_56m_PGM_2Perc_coupling_errors_on_RP/round_0/9_bessy2hi_56m_PGM_2Perc_coupling_errors_on_RP.rml
2025-01-16 15:19:51,106 - INFO - Prepared sim number: 10: RAYPy_Simulation_bessy2hi_56m_PGM_2Perc_coupling_errors_on_RP/round_0/10_bessy2hi_56m_PGM_2Perc_coupling_errors_on_RP.rml
2025-01-16 15:19:51,111 - INFO - Prepared sim number: 11: RAYPy_Simulation_bessy2hi_56m_PGM_2Perc_coupling_errors_on_RP/round_0/11_bessy2hi_56m_PGM_2Perc_coupling_errors_on_RP.rml
2025-01-16 15:19:51,117 - INFO - Prepared sim number: 12: RAYPy_Simulation_bessy2hi_56m_PGM_2Perc_coupling_errors_on_RP/round_0/12_bessy2hi_56m_PGM_2Perc_coupling_errors_on_RP.rml
2025-01-16 15:19:51,123 - INFO - Prepared sim number: 13: RAYPy_Simulation_bessy2hi_56m_PGM_2Perc_coupling_errors_on_RP/round_0/13_bessy2hi_56m_PGM_2Perc_coupling_errors_on_RP.rml
2025-01-16 15:19:51,129 - INFO - Prepared sim number: 14: RAYPy_Simulation_bessy2hi_56m_PGM_2Perc_coupling_errors_on_RP/round_0/14_bessy2hi_56m_PGM_2Perc_coupling_errors_on_RP.rml
2025-01-16 15:19:51,135 - INFO - Prepared sim number: 15: RAYPy_Simulation_bessy2hi_56m_PGM_2Perc_coupling_errors_on_RP/round_0/15_bessy2hi_56m_PGM_2Perc_coupling_errors_on_RP.rml
2025-01-16 15:19:51,142 - INFO - Prepared sim number: 16: RAYPy_Simulation_bessy2hi_56m_PGM_2Perc_coupling_errors_on_RP/round_0/16_bessy2hi_56m_PGM_2Perc_coupling_errors_on_RP.rml
2025-01-16 15:19:51,148 - INFO - Prepared sim number: 17: RAYPy_Simulation_bessy2hi_56m_PGM_2Perc_coupling_errors_on_RP/round_0/17_bessy2hi_56m_PGM_2Perc_coupling_errors_on_RP.rml
2025-01-16 15:19:51,154 - INFO - Prepared sim number: 18: RAYPy_Simulation_bessy2hi_56m_PGM_2Perc_coupling_errors_on_RP/round_0/18_bessy2hi_56m_PGM_2Perc_coupling_errors_on_RP.rml
2025-01-16 15:19:51,160 - INFO - Prepared sim number: 19: RAYPy_Simulation_bessy2hi_56m_PGM_2Perc_coupling_errors_on_RP/round_0/19_bessy2hi_56m_PGM_2Perc_coupling_errors_on_RP.rml
2025-01-16 15:19:51,168 - INFO - Prepared sim number: 20: RAYPy_Simulation_bessy2hi_56m_PGM_2Perc_coupling_errors_on_RP/round_0/20_bessy2hi_56m_PGM_2Perc_coupling_errors_on_RP.rml
2025-01-16 15:19:51,168 - INFO - Start round 1
2025-01-16 15:19:51,170 - INFO - Prepared sim number: 0: RAYPy_Simulation_bessy2hi_56m_PGM_2Perc_coupling_errors_on_RP/round_1/0_bessy2hi_56m_PGM_2Perc_coupling_errors_on_RP.rml
2025-01-16 15:19:51,173 - INFO - Prepared sim number: 1: RAYPy_Simulation_bessy2hi_56m_PGM_2Perc_coupling_errors_on_RP/round_1/1_bessy2hi_56m_PGM_2Perc_coupling_errors_on_RP.rml
2025-01-16 15:19:51,175 - INFO - Prepared sim number: 2: RAYPy_Simulation_bessy2hi_56m_PGM_2Perc_coupling_errors_on_RP/round_1/2_bessy2hi_56m_PGM_2Perc_coupling_errors_on_RP.rml
2025-01-16 15:19:51,180 - INFO - Prepared sim number: 3: RAYPy_Simulation_bessy2hi_56m_PGM_2Perc_coupling_errors_on_RP/round_1/3_bessy2hi_56m_PGM_2Perc_coupling_errors_on_RP.rml
2025-01-16 15:19:51,183 - INFO - Prepared sim number: 4: RAYPy_Simulation_bessy2hi_56m_PGM_2Perc_coupling_errors_on_RP/round_1/4_bessy2hi_56m_PGM_2Perc_coupling_errors_on_RP.rml
2025-01-16 15:19:51,186 - INFO - Prepared sim number: 5: RAYPy_Simulation_bessy2hi_56m_PGM_2Perc_coupling_errors_on_RP/round_1/5_bessy2hi_56m_PGM_2Perc_coupling_errors_on_RP.rml
2025-01-16 15:19:51,189 - INFO - Prepared sim number: 6: RAYPy_Simulation_bessy2hi_56m_PGM_2Perc_coupling_errors_on_RP/round_1/6_bessy2hi_56m_PGM_2Perc_coupling_errors_on_RP.rml
2025-01-16 15:19:51,192 - INFO - Prepared sim number: 7: RAYPy_Simulation_bessy2hi_56m_PGM_2Perc_coupling_errors_on_RP/round_1/7_bessy2hi_56m_PGM_2Perc_coupling_errors_on_RP.rml
2025-01-16 15:19:51,195 - INFO - Prepared sim number: 8: RAYPy_Simulation_bessy2hi_56m_PGM_2Perc_coupling_errors_on_RP/round_1/8_bessy2hi_56m_PGM_2Perc_coupling_errors_on_RP.rml
2025-01-16 15:19:51,198 - INFO - Prepared sim number: 9: RAYPy_Simulation_bessy2hi_56m_PGM_2Perc_coupling_errors_on_RP/round_1/9_bessy2hi_56m_PGM_2Perc_coupling_errors_on_RP.rml
2025-01-16 15:19:51,200 - INFO - Prepared sim number: 10: RAYPy_Simulation_bessy2hi_56m_PGM_2Perc_coupling_errors_on_RP/round_1/10_bessy2hi_56m_PGM_2Perc_coupling_errors_on_RP.rml
2025-01-16 15:19:51,203 - INFO - Prepared sim number: 11: RAYPy_Simulation_bessy2hi_56m_PGM_2Perc_coupling_errors_on_RP/round_1/11_bessy2hi_56m_PGM_2Perc_coupling_errors_on_RP.rml
2025-01-16 15:19:51,206 - INFO - Prepared sim number: 12: RAYPy_Simulation_bessy2hi_56m_PGM_2Perc_coupling_errors_on_RP/round_1/12_bessy2hi_56m_PGM_2Perc_coupling_errors_on_RP.rml
2025-01-16 15:19:51,209 - INFO - Prepared sim number: 13: RAYPy_Simulation_bessy2hi_56m_PGM_2Perc_coupling_errors_on_RP/round_1/13_bessy2hi_56m_PGM_2Perc_coupling_errors_on_RP.rml
2025-01-16 15:19:51,212 - INFO - Prepared sim number: 14: RAYPy_Simulation_bessy2hi_56m_PGM_2Perc_coupling_errors_on_RP/round_1/14_bessy2hi_56m_PGM_2Perc_coupling_errors_on_RP.rml
2025-01-16 15:19:51,215 - INFO - Prepared sim number: 15: RAYPy_Simulation_bessy2hi_56m_PGM_2Perc_coupling_errors_on_RP/round_1/15_bessy2hi_56m_PGM_2Perc_coupling_errors_on_RP.rml
2025-01-16 15:19:51,218 - INFO - Prepared sim number: 16: RAYPy_Simulation_bessy2hi_56m_PGM_2Perc_coupling_errors_on_RP/round_1/16_bessy2hi_56m_PGM_2Perc_coupling_errors_on_RP.rml
2025-01-16 15:19:51,221 - INFO - Prepared sim number: 17: RAYPy_Simulation_bessy2hi_56m_PGM_2Perc_coupling_errors_on_RP/round_1/17_bessy2hi_56m_PGM_2Perc_coupling_errors_on_RP.rml
2025-01-16 15:19:51,224 - INFO - Prepared sim number: 18: RAYPy_Simulation_bessy2hi_56m_PGM_2Perc_coupling_errors_on_RP/round_1/18_bessy2hi_56m_PGM_2Perc_coupling_errors_on_RP.rml
2025-01-16 15:19:51,227 - INFO - Prepared sim number: 19: RAYPy_Simulation_bessy2hi_56m_PGM_2Perc_coupling_errors_on_RP/round_1/19_bessy2hi_56m_PGM_2Perc_coupling_errors_on_RP.rml
2025-01-16 15:19:51,230 - INFO - Prepared sim number: 20: RAYPy_Simulation_bessy2hi_56m_PGM_2Perc_coupling_errors_on_RP/round_1/20_bessy2hi_56m_PGM_2Perc_coupling_errors_on_RP.rml
2025-01-16 15:19:51,230 - INFO - Start round 2
2025-01-16 15:19:51,233 - INFO - Prepared sim number: 0: RAYPy_Simulation_bessy2hi_56m_PGM_2Perc_coupling_errors_on_RP/round_2/0_bessy2hi_56m_PGM_2Perc_coupling_errors_on_RP.rml
2025-01-16 15:19:51,236 - INFO - Prepared sim number: 1: RAYPy_Simulation_bessy2hi_56m_PGM_2Perc_coupling_errors_on_RP/round_2/1_bessy2hi_56m_PGM_2Perc_coupling_errors_on_RP.rml
2025-01-16 15:19:51,238 - INFO - Prepared sim number: 2: RAYPy_Simulation_bessy2hi_56m_PGM_2Perc_coupling_errors_on_RP/round_2/2_bessy2hi_56m_PGM_2Perc_coupling_errors_on_RP.rml
2025-01-16 15:19:51,246 - INFO - Prepared sim number: 3: RAYPy_Simulation_bessy2hi_56m_PGM_2Perc_coupling_errors_on_RP/round_2/3_bessy2hi_56m_PGM_2Perc_coupling_errors_on_RP.rml
2025-01-16 15:19:51,251 - INFO - Prepared sim number: 4: RAYPy_Simulation_bessy2hi_56m_PGM_2Perc_coupling_errors_on_RP/round_2/4_bessy2hi_56m_PGM_2Perc_coupling_errors_on_RP.rml
2025-01-16 15:19:51,255 - INFO - Prepared sim number: 5: RAYPy_Simulation_bessy2hi_56m_PGM_2Perc_coupling_errors_on_RP/round_2/5_bessy2hi_56m_PGM_2Perc_coupling_errors_on_RP.rml
2025-01-16 15:19:51,258 - INFO - Prepared sim number: 6: RAYPy_Simulation_bessy2hi_56m_PGM_2Perc_coupling_errors_on_RP/round_2/6_bessy2hi_56m_PGM_2Perc_coupling_errors_on_RP.rml
2025-01-16 15:19:51,260 - INFO - Prepared sim number: 7: RAYPy_Simulation_bessy2hi_56m_PGM_2Perc_coupling_errors_on_RP/round_2/7_bessy2hi_56m_PGM_2Perc_coupling_errors_on_RP.rml
2025-01-16 15:19:51,264 - INFO - Prepared sim number: 8: RAYPy_Simulation_bessy2hi_56m_PGM_2Perc_coupling_errors_on_RP/round_2/8_bessy2hi_56m_PGM_2Perc_coupling_errors_on_RP.rml
2025-01-16 15:19:51,267 - INFO - Prepared sim number: 9: RAYPy_Simulation_bessy2hi_56m_PGM_2Perc_coupling_errors_on_RP/round_2/9_bessy2hi_56m_PGM_2Perc_coupling_errors_on_RP.rml
2025-01-16 15:19:51,270 - INFO - Prepared sim number: 10: RAYPy_Simulation_bessy2hi_56m_PGM_2Perc_coupling_errors_on_RP/round_2/10_bessy2hi_56m_PGM_2Perc_coupling_errors_on_RP.rml
2025-01-16 15:19:51,273 - INFO - Prepared sim number: 11: RAYPy_Simulation_bessy2hi_56m_PGM_2Perc_coupling_errors_on_RP/round_2/11_bessy2hi_56m_PGM_2Perc_coupling_errors_on_RP.rml
2025-01-16 15:19:51,276 - INFO - Prepared sim number: 12: RAYPy_Simulation_bessy2hi_56m_PGM_2Perc_coupling_errors_on_RP/round_2/12_bessy2hi_56m_PGM_2Perc_coupling_errors_on_RP.rml
2025-01-16 15:19:51,278 - INFO - Prepared sim number: 13: RAYPy_Simulation_bessy2hi_56m_PGM_2Perc_coupling_errors_on_RP/round_2/13_bessy2hi_56m_PGM_2Perc_coupling_errors_on_RP.rml
2025-01-16 15:19:51,281 - INFO - Prepared sim number: 14: RAYPy_Simulation_bessy2hi_56m_PGM_2Perc_coupling_errors_on_RP/round_2/14_bessy2hi_56m_PGM_2Perc_coupling_errors_on_RP.rml
2025-01-16 15:19:51,283 - INFO - Prepared sim number: 15: RAYPy_Simulation_bessy2hi_56m_PGM_2Perc_coupling_errors_on_RP/round_2/15_bessy2hi_56m_PGM_2Perc_coupling_errors_on_RP.rml
2025-01-16 15:19:51,286 - INFO - Prepared sim number: 16: RAYPy_Simulation_bessy2hi_56m_PGM_2Perc_coupling_errors_on_RP/round_2/16_bessy2hi_56m_PGM_2Perc_coupling_errors_on_RP.rml
2025-01-16 15:19:51,289 - INFO - Prepared sim number: 17: RAYPy_Simulation_bessy2hi_56m_PGM_2Perc_coupling_errors_on_RP/round_2/17_bessy2hi_56m_PGM_2Perc_coupling_errors_on_RP.rml
2025-01-16 15:19:51,304 - INFO - Waiting for batch number: 0, timeout: 60s
2025-01-16 15:19:53,694 - INFO - Completed: 1, remaining: 59, RAYPy_Simulation_bessy2hi_56m_PGM_2Perc_coupling_errors_on_RP/round_0/1_bessy2hi_56m_PGM_2Perc_coupling_errors_on_RP.rml
2025-01-16 15:19:53,857 - INFO - Completed: 2, remaining: 58, RAYPy_Simulation_bessy2hi_56m_PGM_2Perc_coupling_errors_on_RP/round_0/0_bessy2hi_56m_PGM_2Perc_coupling_errors_on_RP.rml
2025-01-16 15:19:53,898 - INFO - Completed: 3, remaining: 57, RAYPy_Simulation_bessy2hi_56m_PGM_2Perc_coupling_errors_on_RP/round_0/4_bessy2hi_56m_PGM_2Perc_coupling_errors_on_RP.rml
2025-01-16 15:19:54,042 - INFO - Completed: 4, remaining: 56, RAYPy_Simulation_bessy2hi_56m_PGM_2Perc_coupling_errors_on_RP/round_0/7_bessy2hi_56m_PGM_2Perc_coupling_errors_on_RP.rml
2025-01-16 15:19:54,083 - INFO - Completed: 5, remaining: 55, RAYPy_Simulation_bessy2hi_56m_PGM_2Perc_coupling_errors_on_RP/round_0/11_bessy2hi_56m_PGM_2Perc_coupling_errors_on_RP.rml
2025-01-16 15:19:54,153 - INFO - Completed: 6, remaining: 54, RAYPy_Simulation_bessy2hi_56m_PGM_2Perc_coupling_errors_on_RP/round_0/9_bessy2hi_56m_PGM_2Perc_coupling_errors_on_RP.rml
2025-01-16 15:19:54,195 - INFO - Completed: 7, remaining: 53, RAYPy_Simulation_bessy2hi_56m_PGM_2Perc_coupling_errors_on_RP/round_0/10_bessy2hi_56m_PGM_2Perc_coupling_errors_on_RP.rml
2025-01-16 15:19:56,302 - INFO - Completed: 8, remaining: 52, RAYPy_Simulation_bessy2hi_56m_PGM_2Perc_coupling_errors_on_RP/round_0/6_bessy2hi_56m_PGM_2Perc_coupling_errors_on_RP.rml
2025-01-16 15:19:56,446 - INFO - Completed: 9, remaining: 51, RAYPy_Simulation_bessy2hi_56m_PGM_2Perc_coupling_errors_on_RP/round_0/2_bessy2hi_56m_PGM_2Perc_coupling_errors_on_RP.rml
2025-01-16 15:19:56,524 - INFO - Completed: 10, remaining: 50, RAYPy_Simulation_bessy2hi_56m_PGM_2Perc_coupling_errors_on_RP/round_0/8_bessy2hi_56m_PGM_2Perc_coupling_errors_on_RP.rml
2025-01-16 15:19:56,591 - INFO - Completed: 11, remaining: 49, RAYPy_Simulation_bessy2hi_56m_PGM_2Perc_coupling_errors_on_RP/round_0/5_bessy2hi_56m_PGM_2Perc_coupling_errors_on_RP.rml
2025-01-16 15:19:56,767 - INFO - Completed: 12, remaining: 48, RAYPy_Simulation_bessy2hi_56m_PGM_2Perc_coupling_errors_on_RP/round_0/3_bessy2hi_56m_PGM_2Perc_coupling_errors_on_RP.rml
2025-01-16 15:19:57,000 - INFO - Completed: 13, remaining: 47, RAYPy_Simulation_bessy2hi_56m_PGM_2Perc_coupling_errors_on_RP/round_0/12_bessy2hi_56m_PGM_2Perc_coupling_errors_on_RP.rml
2025-01-16 15:19:57,172 - INFO - Completed: 14, remaining: 46, RAYPy_Simulation_bessy2hi_56m_PGM_2Perc_coupling_errors_on_RP/round_0/13_bessy2hi_56m_PGM_2Perc_coupling_errors_on_RP.rml
2025-01-16 15:19:57,209 - INFO - Completed: 15, remaining: 45, RAYPy_Simulation_bessy2hi_56m_PGM_2Perc_coupling_errors_on_RP/round_0/14_bessy2hi_56m_PGM_2Perc_coupling_errors_on_RP.rml
2025-01-16 15:19:57,370 - INFO - Completed: 16, remaining: 44, RAYPy_Simulation_bessy2hi_56m_PGM_2Perc_coupling_errors_on_RP/round_0/15_bessy2hi_56m_PGM_2Perc_coupling_errors_on_RP.rml
2025-01-16 15:19:57,554 - INFO - Completed: 17, remaining: 43, RAYPy_Simulation_bessy2hi_56m_PGM_2Perc_coupling_errors_on_RP/round_0/16_bessy2hi_56m_PGM_2Perc_coupling_errors_on_RP.rml
2025-01-16 15:19:57,583 - INFO - Completed: 18, remaining: 42, RAYPy_Simulation_bessy2hi_56m_PGM_2Perc_coupling_errors_on_RP/round_0/17_bessy2hi_56m_PGM_2Perc_coupling_errors_on_RP.rml
2025-01-16 15:19:57,846 - INFO - Completed: 19, remaining: 41, RAYPy_Simulation_bessy2hi_56m_PGM_2Perc_coupling_errors_on_RP/round_0/18_bessy2hi_56m_PGM_2Perc_coupling_errors_on_RP.rml
2025-01-16 15:19:59,525 - INFO - Completed: 20, remaining: 40, RAYPy_Simulation_bessy2hi_56m_PGM_2Perc_coupling_errors_on_RP/round_0/19_bessy2hi_56m_PGM_2Perc_coupling_errors_on_RP.rml
2025-01-16 15:19:59,709 - INFO - Completed: 21, remaining: 39, RAYPy_Simulation_bessy2hi_56m_PGM_2Perc_coupling_errors_on_RP/round_1/1_bessy2hi_56m_PGM_2Perc_coupling_errors_on_RP.rml
2025-01-16 15:19:59,712 - INFO - Completed: 22, remaining: 38, RAYPy_Simulation_bessy2hi_56m_PGM_2Perc_coupling_errors_on_RP/round_1/0_bessy2hi_56m_PGM_2Perc_coupling_errors_on_RP.rml
2025-01-16 15:19:59,950 - INFO - Completed: 23, remaining: 37, RAYPy_Simulation_bessy2hi_56m_PGM_2Perc_coupling_errors_on_RP/round_0/20_bessy2hi_56m_PGM_2Perc_coupling_errors_on_RP.rml
2025-01-16 15:19:59,951 - INFO - Completed: 24, remaining: 36, RAYPy_Simulation_bessy2hi_56m_PGM_2Perc_coupling_errors_on_RP/round_1/2_bessy2hi_56m_PGM_2Perc_coupling_errors_on_RP.rml
2025-01-16 15:20:00,255 - INFO - Completed: 25, remaining: 35, RAYPy_Simulation_bessy2hi_56m_PGM_2Perc_coupling_errors_on_RP/round_1/4_bessy2hi_56m_PGM_2Perc_coupling_errors_on_RP.rml
2025-01-16 15:20:00,288 - INFO - Completed: 26, remaining: 34, RAYPy_Simulation_bessy2hi_56m_PGM_2Perc_coupling_errors_on_RP/round_1/5_bessy2hi_56m_PGM_2Perc_coupling_errors_on_RP.rml
2025-01-16 15:20:00,393 - INFO - Completed: 27, remaining: 33, RAYPy_Simulation_bessy2hi_56m_PGM_2Perc_coupling_errors_on_RP/round_1/3_bessy2hi_56m_PGM_2Perc_coupling_errors_on_RP.rml
2025-01-16 15:20:00,536 - INFO - Completed: 28, remaining: 32, RAYPy_Simulation_bessy2hi_56m_PGM_2Perc_coupling_errors_on_RP/round_1/6_bessy2hi_56m_PGM_2Perc_coupling_errors_on_RP.rml
2025-01-16 15:20:00,697 - INFO - Completed: 29, remaining: 31, RAYPy_Simulation_bessy2hi_56m_PGM_2Perc_coupling_errors_on_RP/round_1/7_bessy2hi_56m_PGM_2Perc_coupling_errors_on_RP.rml
2025-01-16 15:20:00,711 - INFO - Completed: 30, remaining: 30, RAYPy_Simulation_bessy2hi_56m_PGM_2Perc_coupling_errors_on_RP/round_1/8_bessy2hi_56m_PGM_2Perc_coupling_errors_on_RP.rml
2025-01-16 15:20:01,046 - INFO - Completed: 31, remaining: 29, RAYPy_Simulation_bessy2hi_56m_PGM_2Perc_coupling_errors_on_RP/round_1/9_bessy2hi_56m_PGM_2Perc_coupling_errors_on_RP.rml
2025-01-16 15:20:02,516 - INFO - Completed: 32, remaining: 28, RAYPy_Simulation_bessy2hi_56m_PGM_2Perc_coupling_errors_on_RP/round_1/10_bessy2hi_56m_PGM_2Perc_coupling_errors_on_RP.rml
2025-01-16 15:20:02,778 - INFO - Completed: 33, remaining: 27, RAYPy_Simulation_bessy2hi_56m_PGM_2Perc_coupling_errors_on_RP/round_1/11_bessy2hi_56m_PGM_2Perc_coupling_errors_on_RP.rml
2025-01-16 15:20:02,855 - INFO - Completed: 34, remaining: 26, RAYPy_Simulation_bessy2hi_56m_PGM_2Perc_coupling_errors_on_RP/round_1/12_bessy2hi_56m_PGM_2Perc_coupling_errors_on_RP.rml
2025-01-16 15:20:03,019 - INFO - Completed: 35, remaining: 25, RAYPy_Simulation_bessy2hi_56m_PGM_2Perc_coupling_errors_on_RP/round_1/14_bessy2hi_56m_PGM_2Perc_coupling_errors_on_RP.rml
2025-01-16 15:20:03,242 - INFO - Completed: 36, remaining: 24, RAYPy_Simulation_bessy2hi_56m_PGM_2Perc_coupling_errors_on_RP/round_1/13_bessy2hi_56m_PGM_2Perc_coupling_errors_on_RP.rml
2025-01-16 15:20:03,409 - INFO - Completed: 37, remaining: 23, RAYPy_Simulation_bessy2hi_56m_PGM_2Perc_coupling_errors_on_RP/round_1/15_bessy2hi_56m_PGM_2Perc_coupling_errors_on_RP.rml
2025-01-16 15:20:03,484 - INFO - Completed: 38, remaining: 22, RAYPy_Simulation_bessy2hi_56m_PGM_2Perc_coupling_errors_on_RP/round_1/16_bessy2hi_56m_PGM_2Perc_coupling_errors_on_RP.rml
2025-01-16 15:20:03,834 - INFO - Completed: 39, remaining: 21, RAYPy_Simulation_bessy2hi_56m_PGM_2Perc_coupling_errors_on_RP/round_1/20_bessy2hi_56m_PGM_2Perc_coupling_errors_on_RP.rml
2025-01-16 15:20:04,047 - INFO - Completed: 40, remaining: 20, RAYPy_Simulation_bessy2hi_56m_PGM_2Perc_coupling_errors_on_RP/round_2/0_bessy2hi_56m_PGM_2Perc_coupling_errors_on_RP.rml
2025-01-16 15:20:04,120 - INFO - Completed: 41, remaining: 19, RAYPy_Simulation_bessy2hi_56m_PGM_2Perc_coupling_errors_on_RP/round_1/18_bessy2hi_56m_PGM_2Perc_coupling_errors_on_RP.rml
2025-01-16 15:20:04,131 - INFO - Completed: 42, remaining: 18, RAYPy_Simulation_bessy2hi_56m_PGM_2Perc_coupling_errors_on_RP/round_1/17_bessy2hi_56m_PGM_2Perc_coupling_errors_on_RP.rml
2025-01-16 15:20:04,151 - INFO - Completed: 43, remaining: 17, RAYPy_Simulation_bessy2hi_56m_PGM_2Perc_coupling_errors_on_RP/round_1/19_bessy2hi_56m_PGM_2Perc_coupling_errors_on_RP.rml
2025-01-16 15:20:05,457 - INFO - Completed: 44, remaining: 16, RAYPy_Simulation_bessy2hi_56m_PGM_2Perc_coupling_errors_on_RP/round_2/1_bessy2hi_56m_PGM_2Perc_coupling_errors_on_RP.rml
2025-01-16 15:20:05,768 - INFO - Completed: 45, remaining: 15, RAYPy_Simulation_bessy2hi_56m_PGM_2Perc_coupling_errors_on_RP/round_2/2_bessy2hi_56m_PGM_2Perc_coupling_errors_on_RP.rml
2025-01-16 15:20:05,874 - INFO - Completed: 46, remaining: 14, RAYPy_Simulation_bessy2hi_56m_PGM_2Perc_coupling_errors_on_RP/round_2/3_bessy2hi_56m_PGM_2Perc_coupling_errors_on_RP.rml
2025-01-16 15:20:06,033 - INFO - Completed: 47, remaining: 13, RAYPy_Simulation_bessy2hi_56m_PGM_2Perc_coupling_errors_on_RP/round_2/4_bessy2hi_56m_PGM_2Perc_coupling_errors_on_RP.rml
2025-01-16 15:20:06,289 - INFO - Completed: 48, remaining: 12, RAYPy_Simulation_bessy2hi_56m_PGM_2Perc_coupling_errors_on_RP/round_2/7_bessy2hi_56m_PGM_2Perc_coupling_errors_on_RP.rml
2025-01-16 15:20:06,321 - INFO - Completed: 49, remaining: 11, RAYPy_Simulation_bessy2hi_56m_PGM_2Perc_coupling_errors_on_RP/round_2/5_bessy2hi_56m_PGM_2Perc_coupling_errors_on_RP.rml
2025-01-16 15:20:06,505 - INFO - Completed: 50, remaining: 10, RAYPy_Simulation_bessy2hi_56m_PGM_2Perc_coupling_errors_on_RP/round_2/6_bessy2hi_56m_PGM_2Perc_coupling_errors_on_RP.rml
2025-01-16 15:20:06,749 - INFO - Completed: 51, remaining: 9, RAYPy_Simulation_bessy2hi_56m_PGM_2Perc_coupling_errors_on_RP/round_2/8_bessy2hi_56m_PGM_2Perc_coupling_errors_on_RP.rml
2025-01-16 15:20:06,940 - INFO - Completed: 52, remaining: 8, RAYPy_Simulation_bessy2hi_56m_PGM_2Perc_coupling_errors_on_RP/round_2/10_bessy2hi_56m_PGM_2Perc_coupling_errors_on_RP.rml
2025-01-16 15:20:07,036 - INFO - Completed: 53, remaining: 7, RAYPy_Simulation_bessy2hi_56m_PGM_2Perc_coupling_errors_on_RP/round_2/12_bessy2hi_56m_PGM_2Perc_coupling_errors_on_RP.rml
2025-01-16 15:20:07,294 - INFO - Completed: 54, remaining: 6, RAYPy_Simulation_bessy2hi_56m_PGM_2Perc_coupling_errors_on_RP/round_2/9_bessy2hi_56m_PGM_2Perc_coupling_errors_on_RP.rml
2025-01-16 15:20:07,385 - INFO - Completed: 55, remaining: 5, RAYPy_Simulation_bessy2hi_56m_PGM_2Perc_coupling_errors_on_RP/round_2/11_bessy2hi_56m_PGM_2Perc_coupling_errors_on_RP.rml
2025-01-16 15:20:08,058 - INFO - Completed: 56, remaining: 4, RAYPy_Simulation_bessy2hi_56m_PGM_2Perc_coupling_errors_on_RP/round_2/13_bessy2hi_56m_PGM_2Perc_coupling_errors_on_RP.rml
2025-01-16 15:20:08,321 - INFO - Completed: 57, remaining: 3, RAYPy_Simulation_bessy2hi_56m_PGM_2Perc_coupling_errors_on_RP/round_2/14_bessy2hi_56m_PGM_2Perc_coupling_errors_on_RP.rml
2025-01-16 15:20:08,335 - INFO - Completed: 58, remaining: 2, RAYPy_Simulation_bessy2hi_56m_PGM_2Perc_coupling_errors_on_RP/round_2/15_bessy2hi_56m_PGM_2Perc_coupling_errors_on_RP.rml
2025-01-16 15:20:08,452 - INFO - Completed: 59, remaining: 1, RAYPy_Simulation_bessy2hi_56m_PGM_2Perc_coupling_errors_on_RP/round_2/16_bessy2hi_56m_PGM_2Perc_coupling_errors_on_RP.rml
2025-01-16 15:20:08,546 - INFO - Completed: 60, remaining: 0, RAYPy_Simulation_bessy2hi_56m_PGM_2Perc_coupling_errors_on_RP/round_2/17_bessy2hi_56m_PGM_2Perc_coupling_errors_on_RP.rml
2025-01-16 15:20:08,546 - INFO - Batch Completed
2025-01-16 15:20:08,546 - INFO - Waiting For batch, 60 simulations to go
2025-01-16 15:20:08,550 - INFO - Prepared sim number: 18: RAYPy_Simulation_bessy2hi_56m_PGM_2Perc_coupling_errors_on_RP/round_2/18_bessy2hi_56m_PGM_2Perc_coupling_errors_on_RP.rml
2025-01-16 15:20:08,553 - INFO - Prepared sim number: 19: RAYPy_Simulation_bessy2hi_56m_PGM_2Perc_coupling_errors_on_RP/round_2/19_bessy2hi_56m_PGM_2Perc_coupling_errors_on_RP.rml
2025-01-16 15:20:08,557 - INFO - Prepared sim number: 20: RAYPy_Simulation_bessy2hi_56m_PGM_2Perc_coupling_errors_on_RP/round_2/20_bessy2hi_56m_PGM_2Perc_coupling_errors_on_RP.rml
2025-01-16 15:20:08,557 - INFO - Start round 3
2025-01-16 15:20:08,563 - INFO - Prepared sim number: 0: RAYPy_Simulation_bessy2hi_56m_PGM_2Perc_coupling_errors_on_RP/round_3/0_bessy2hi_56m_PGM_2Perc_coupling_errors_on_RP.rml
2025-01-16 15:20:08,566 - INFO - Prepared sim number: 1: RAYPy_Simulation_bessy2hi_56m_PGM_2Perc_coupling_errors_on_RP/round_3/1_bessy2hi_56m_PGM_2Perc_coupling_errors_on_RP.rml
2025-01-16 15:20:08,570 - INFO - Prepared sim number: 2: RAYPy_Simulation_bessy2hi_56m_PGM_2Perc_coupling_errors_on_RP/round_3/2_bessy2hi_56m_PGM_2Perc_coupling_errors_on_RP.rml
2025-01-16 15:20:08,575 - INFO - Prepared sim number: 3: RAYPy_Simulation_bessy2hi_56m_PGM_2Perc_coupling_errors_on_RP/round_3/3_bessy2hi_56m_PGM_2Perc_coupling_errors_on_RP.rml
2025-01-16 15:20:08,578 - INFO - Prepared sim number: 4: RAYPy_Simulation_bessy2hi_56m_PGM_2Perc_coupling_errors_on_RP/round_3/4_bessy2hi_56m_PGM_2Perc_coupling_errors_on_RP.rml
2025-01-16 15:20:08,580 - INFO - Prepared sim number: 5: RAYPy_Simulation_bessy2hi_56m_PGM_2Perc_coupling_errors_on_RP/round_3/5_bessy2hi_56m_PGM_2Perc_coupling_errors_on_RP.rml
2025-01-16 15:20:08,583 - INFO - Prepared sim number: 6: RAYPy_Simulation_bessy2hi_56m_PGM_2Perc_coupling_errors_on_RP/round_3/6_bessy2hi_56m_PGM_2Perc_coupling_errors_on_RP.rml
2025-01-16 15:20:08,586 - INFO - Prepared sim number: 7: RAYPy_Simulation_bessy2hi_56m_PGM_2Perc_coupling_errors_on_RP/round_3/7_bessy2hi_56m_PGM_2Perc_coupling_errors_on_RP.rml
2025-01-16 15:20:08,592 - INFO - Prepared sim number: 8: RAYPy_Simulation_bessy2hi_56m_PGM_2Perc_coupling_errors_on_RP/round_3/8_bessy2hi_56m_PGM_2Perc_coupling_errors_on_RP.rml
2025-01-16 15:20:08,595 - INFO - Prepared sim number: 9: RAYPy_Simulation_bessy2hi_56m_PGM_2Perc_coupling_errors_on_RP/round_3/9_bessy2hi_56m_PGM_2Perc_coupling_errors_on_RP.rml
2025-01-16 15:20:08,598 - INFO - Prepared sim number: 10: RAYPy_Simulation_bessy2hi_56m_PGM_2Perc_coupling_errors_on_RP/round_3/10_bessy2hi_56m_PGM_2Perc_coupling_errors_on_RP.rml
2025-01-16 15:20:08,601 - INFO - Prepared sim number: 11: RAYPy_Simulation_bessy2hi_56m_PGM_2Perc_coupling_errors_on_RP/round_3/11_bessy2hi_56m_PGM_2Perc_coupling_errors_on_RP.rml
2025-01-16 15:20:08,604 - INFO - Prepared sim number: 12: RAYPy_Simulation_bessy2hi_56m_PGM_2Perc_coupling_errors_on_RP/round_3/12_bessy2hi_56m_PGM_2Perc_coupling_errors_on_RP.rml
2025-01-16 15:20:08,607 - INFO - Prepared sim number: 13: RAYPy_Simulation_bessy2hi_56m_PGM_2Perc_coupling_errors_on_RP/round_3/13_bessy2hi_56m_PGM_2Perc_coupling_errors_on_RP.rml
2025-01-16 15:20:08,609 - INFO - Prepared sim number: 14: RAYPy_Simulation_bessy2hi_56m_PGM_2Perc_coupling_errors_on_RP/round_3/14_bessy2hi_56m_PGM_2Perc_coupling_errors_on_RP.rml
2025-01-16 15:20:08,612 - INFO - Prepared sim number: 15: RAYPy_Simulation_bessy2hi_56m_PGM_2Perc_coupling_errors_on_RP/round_3/15_bessy2hi_56m_PGM_2Perc_coupling_errors_on_RP.rml
2025-01-16 15:20:08,615 - INFO - Prepared sim number: 16: RAYPy_Simulation_bessy2hi_56m_PGM_2Perc_coupling_errors_on_RP/round_3/16_bessy2hi_56m_PGM_2Perc_coupling_errors_on_RP.rml
2025-01-16 15:20:08,617 - INFO - Prepared sim number: 17: RAYPy_Simulation_bessy2hi_56m_PGM_2Perc_coupling_errors_on_RP/round_3/17_bessy2hi_56m_PGM_2Perc_coupling_errors_on_RP.rml
2025-01-16 15:20:08,620 - INFO - Prepared sim number: 18: RAYPy_Simulation_bessy2hi_56m_PGM_2Perc_coupling_errors_on_RP/round_3/18_bessy2hi_56m_PGM_2Perc_coupling_errors_on_RP.rml
2025-01-16 15:20:08,622 - INFO - Prepared sim number: 19: RAYPy_Simulation_bessy2hi_56m_PGM_2Perc_coupling_errors_on_RP/round_3/19_bessy2hi_56m_PGM_2Perc_coupling_errors_on_RP.rml
2025-01-16 15:20:08,625 - INFO - Prepared sim number: 20: RAYPy_Simulation_bessy2hi_56m_PGM_2Perc_coupling_errors_on_RP/round_3/20_bessy2hi_56m_PGM_2Perc_coupling_errors_on_RP.rml
2025-01-16 15:20:08,625 - INFO - Start round 4
2025-01-16 15:20:08,628 - INFO - Prepared sim number: 0: RAYPy_Simulation_bessy2hi_56m_PGM_2Perc_coupling_errors_on_RP/round_4/0_bessy2hi_56m_PGM_2Perc_coupling_errors_on_RP.rml
2025-01-16 15:20:08,630 - INFO - Prepared sim number: 1: RAYPy_Simulation_bessy2hi_56m_PGM_2Perc_coupling_errors_on_RP/round_4/1_bessy2hi_56m_PGM_2Perc_coupling_errors_on_RP.rml
2025-01-16 15:20:08,633 - INFO - Prepared sim number: 2: RAYPy_Simulation_bessy2hi_56m_PGM_2Perc_coupling_errors_on_RP/round_4/2_bessy2hi_56m_PGM_2Perc_coupling_errors_on_RP.rml
2025-01-16 15:20:08,635 - INFO - Prepared sim number: 3: RAYPy_Simulation_bessy2hi_56m_PGM_2Perc_coupling_errors_on_RP/round_4/3_bessy2hi_56m_PGM_2Perc_coupling_errors_on_RP.rml
2025-01-16 15:20:08,638 - INFO - Prepared sim number: 4: RAYPy_Simulation_bessy2hi_56m_PGM_2Perc_coupling_errors_on_RP/round_4/4_bessy2hi_56m_PGM_2Perc_coupling_errors_on_RP.rml
2025-01-16 15:20:08,641 - INFO - Prepared sim number: 5: RAYPy_Simulation_bessy2hi_56m_PGM_2Perc_coupling_errors_on_RP/round_4/5_bessy2hi_56m_PGM_2Perc_coupling_errors_on_RP.rml
2025-01-16 15:20:08,643 - INFO - Prepared sim number: 6: RAYPy_Simulation_bessy2hi_56m_PGM_2Perc_coupling_errors_on_RP/round_4/6_bessy2hi_56m_PGM_2Perc_coupling_errors_on_RP.rml
2025-01-16 15:20:08,646 - INFO - Prepared sim number: 7: RAYPy_Simulation_bessy2hi_56m_PGM_2Perc_coupling_errors_on_RP/round_4/7_bessy2hi_56m_PGM_2Perc_coupling_errors_on_RP.rml
2025-01-16 15:20:08,648 - INFO - Prepared sim number: 8: RAYPy_Simulation_bessy2hi_56m_PGM_2Perc_coupling_errors_on_RP/round_4/8_bessy2hi_56m_PGM_2Perc_coupling_errors_on_RP.rml
2025-01-16 15:20:08,651 - INFO - Prepared sim number: 9: RAYPy_Simulation_bessy2hi_56m_PGM_2Perc_coupling_errors_on_RP/round_4/9_bessy2hi_56m_PGM_2Perc_coupling_errors_on_RP.rml
2025-01-16 15:20:08,654 - INFO - Prepared sim number: 10: RAYPy_Simulation_bessy2hi_56m_PGM_2Perc_coupling_errors_on_RP/round_4/10_bessy2hi_56m_PGM_2Perc_coupling_errors_on_RP.rml
2025-01-16 15:20:08,656 - INFO - Prepared sim number: 11: RAYPy_Simulation_bessy2hi_56m_PGM_2Perc_coupling_errors_on_RP/round_4/11_bessy2hi_56m_PGM_2Perc_coupling_errors_on_RP.rml
2025-01-16 15:20:08,659 - INFO - Prepared sim number: 12: RAYPy_Simulation_bessy2hi_56m_PGM_2Perc_coupling_errors_on_RP/round_4/12_bessy2hi_56m_PGM_2Perc_coupling_errors_on_RP.rml
2025-01-16 15:20:08,661 - INFO - Prepared sim number: 13: RAYPy_Simulation_bessy2hi_56m_PGM_2Perc_coupling_errors_on_RP/round_4/13_bessy2hi_56m_PGM_2Perc_coupling_errors_on_RP.rml
2025-01-16 15:20:08,664 - INFO - Prepared sim number: 14: RAYPy_Simulation_bessy2hi_56m_PGM_2Perc_coupling_errors_on_RP/round_4/14_bessy2hi_56m_PGM_2Perc_coupling_errors_on_RP.rml
2025-01-16 15:20:08,666 - INFO - Prepared sim number: 15: RAYPy_Simulation_bessy2hi_56m_PGM_2Perc_coupling_errors_on_RP/round_4/15_bessy2hi_56m_PGM_2Perc_coupling_errors_on_RP.rml
2025-01-16 15:20:08,669 - INFO - Prepared sim number: 16: RAYPy_Simulation_bessy2hi_56m_PGM_2Perc_coupling_errors_on_RP/round_4/16_bessy2hi_56m_PGM_2Perc_coupling_errors_on_RP.rml
2025-01-16 15:20:08,672 - INFO - Prepared sim number: 17: RAYPy_Simulation_bessy2hi_56m_PGM_2Perc_coupling_errors_on_RP/round_4/17_bessy2hi_56m_PGM_2Perc_coupling_errors_on_RP.rml
2025-01-16 15:20:08,676 - INFO - Prepared sim number: 18: RAYPy_Simulation_bessy2hi_56m_PGM_2Perc_coupling_errors_on_RP/round_4/18_bessy2hi_56m_PGM_2Perc_coupling_errors_on_RP.rml
2025-01-16 15:20:08,679 - INFO - Prepared sim number: 19: RAYPy_Simulation_bessy2hi_56m_PGM_2Perc_coupling_errors_on_RP/round_4/19_bessy2hi_56m_PGM_2Perc_coupling_errors_on_RP.rml
2025-01-16 15:20:08,683 - INFO - Prepared sim number: 20: RAYPy_Simulation_bessy2hi_56m_PGM_2Perc_coupling_errors_on_RP/round_4/20_bessy2hi_56m_PGM_2Perc_coupling_errors_on_RP.rml
2025-01-16 15:20:08,683 - INFO - Waiting for batch number: 1, timeout: 19.425398468971252s
2025-01-16 15:20:10,683 - INFO - Completed: 1, remaining: 59, RAYPy_Simulation_bessy2hi_56m_PGM_2Perc_coupling_errors_on_RP/round_3/0_bessy2hi_56m_PGM_2Perc_coupling_errors_on_RP.rml
2025-01-16 15:20:10,768 - INFO - Completed: 2, remaining: 58, RAYPy_Simulation_bessy2hi_56m_PGM_2Perc_coupling_errors_on_RP/round_3/5_bessy2hi_56m_PGM_2Perc_coupling_errors_on_RP.rml
2025-01-16 15:20:11,049 - INFO - Completed: 3, remaining: 57, RAYPy_Simulation_bessy2hi_56m_PGM_2Perc_coupling_errors_on_RP/round_3/7_bessy2hi_56m_PGM_2Perc_coupling_errors_on_RP.rml
2025-01-16 15:20:11,157 - INFO - Completed: 4, remaining: 56, RAYPy_Simulation_bessy2hi_56m_PGM_2Perc_coupling_errors_on_RP/round_2/18_bessy2hi_56m_PGM_2Perc_coupling_errors_on_RP.rml
2025-01-16 15:20:11,179 - INFO - Completed: 5, remaining: 55, RAYPy_Simulation_bessy2hi_56m_PGM_2Perc_coupling_errors_on_RP/round_3/6_bessy2hi_56m_PGM_2Perc_coupling_errors_on_RP.rml
2025-01-16 15:20:11,307 - INFO - Completed: 6, remaining: 54, RAYPy_Simulation_bessy2hi_56m_PGM_2Perc_coupling_errors_on_RP/round_2/19_bessy2hi_56m_PGM_2Perc_coupling_errors_on_RP.rml
2025-01-16 15:20:11,423 - INFO - Completed: 7, remaining: 53, RAYPy_Simulation_bessy2hi_56m_PGM_2Perc_coupling_errors_on_RP/round_3/8_bessy2hi_56m_PGM_2Perc_coupling_errors_on_RP.rml
2025-01-16 15:20:13,426 - INFO - Completed: 8, remaining: 52, RAYPy_Simulation_bessy2hi_56m_PGM_2Perc_coupling_errors_on_RP/round_3/3_bessy2hi_56m_PGM_2Perc_coupling_errors_on_RP.rml
2025-01-16 15:20:13,654 - INFO - Completed: 9, remaining: 51, RAYPy_Simulation_bessy2hi_56m_PGM_2Perc_coupling_errors_on_RP/round_3/1_bessy2hi_56m_PGM_2Perc_coupling_errors_on_RP.rml
2025-01-16 15:20:13,810 - INFO - Completed: 10, remaining: 50, RAYPy_Simulation_bessy2hi_56m_PGM_2Perc_coupling_errors_on_RP/round_3/4_bessy2hi_56m_PGM_2Perc_coupling_errors_on_RP.rml
2025-01-16 15:20:13,828 - INFO - Completed: 11, remaining: 49, RAYPy_Simulation_bessy2hi_56m_PGM_2Perc_coupling_errors_on_RP/round_3/9_bessy2hi_56m_PGM_2Perc_coupling_errors_on_RP.rml
2025-01-16 15:20:13,920 - INFO - Completed: 12, remaining: 48, RAYPy_Simulation_bessy2hi_56m_PGM_2Perc_coupling_errors_on_RP/round_3/2_bessy2hi_56m_PGM_2Perc_coupling_errors_on_RP.rml
2025-01-16 15:20:13,933 - INFO - Completed: 13, remaining: 47, RAYPy_Simulation_bessy2hi_56m_PGM_2Perc_coupling_errors_on_RP/round_3/10_bessy2hi_56m_PGM_2Perc_coupling_errors_on_RP.rml
2025-01-16 15:20:14,006 - INFO - Completed: 14, remaining: 46, RAYPy_Simulation_bessy2hi_56m_PGM_2Perc_coupling_errors_on_RP/round_2/20_bessy2hi_56m_PGM_2Perc_coupling_errors_on_RP.rml
2025-01-16 15:20:14,505 - INFO - Completed: 15, remaining: 45, RAYPy_Simulation_bessy2hi_56m_PGM_2Perc_coupling_errors_on_RP/round_3/12_bessy2hi_56m_PGM_2Perc_coupling_errors_on_RP.rml
2025-01-16 15:20:14,529 - INFO - Completed: 16, remaining: 44, RAYPy_Simulation_bessy2hi_56m_PGM_2Perc_coupling_errors_on_RP/round_3/11_bessy2hi_56m_PGM_2Perc_coupling_errors_on_RP.rml
2025-01-16 15:20:14,551 - INFO - Completed: 17, remaining: 43, RAYPy_Simulation_bessy2hi_56m_PGM_2Perc_coupling_errors_on_RP/round_3/13_bessy2hi_56m_PGM_2Perc_coupling_errors_on_RP.rml
2025-01-16 15:20:14,585 - INFO - Completed: 18, remaining: 42, RAYPy_Simulation_bessy2hi_56m_PGM_2Perc_coupling_errors_on_RP/round_3/15_bessy2hi_56m_PGM_2Perc_coupling_errors_on_RP.rml
2025-01-16 15:20:14,645 - INFO - Completed: 19, remaining: 41, RAYPy_Simulation_bessy2hi_56m_PGM_2Perc_coupling_errors_on_RP/round_3/14_bessy2hi_56m_PGM_2Perc_coupling_errors_on_RP.rml
2025-01-16 15:20:16,499 - INFO - Completed: 20, remaining: 40, RAYPy_Simulation_bessy2hi_56m_PGM_2Perc_coupling_errors_on_RP/round_3/16_bessy2hi_56m_PGM_2Perc_coupling_errors_on_RP.rml
2025-01-16 15:20:16,761 - INFO - Completed: 21, remaining: 39, RAYPy_Simulation_bessy2hi_56m_PGM_2Perc_coupling_errors_on_RP/round_4/0_bessy2hi_56m_PGM_2Perc_coupling_errors_on_RP.rml
2025-01-16 15:20:16,936 - INFO - Completed: 22, remaining: 38, RAYPy_Simulation_bessy2hi_56m_PGM_2Perc_coupling_errors_on_RP/round_3/17_bessy2hi_56m_PGM_2Perc_coupling_errors_on_RP.rml
2025-01-16 15:20:16,948 - INFO - Completed: 23, remaining: 37, RAYPy_Simulation_bessy2hi_56m_PGM_2Perc_coupling_errors_on_RP/round_3/18_bessy2hi_56m_PGM_2Perc_coupling_errors_on_RP.rml
2025-01-16 15:20:17,081 - INFO - Completed: 24, remaining: 36, RAYPy_Simulation_bessy2hi_56m_PGM_2Perc_coupling_errors_on_RP/round_3/19_bessy2hi_56m_PGM_2Perc_coupling_errors_on_RP.rml
2025-01-16 15:20:17,138 - INFO - Completed: 25, remaining: 35, RAYPy_Simulation_bessy2hi_56m_PGM_2Perc_coupling_errors_on_RP/round_3/20_bessy2hi_56m_PGM_2Perc_coupling_errors_on_RP.rml
2025-01-16 15:20:17,192 - INFO - Completed: 26, remaining: 34, RAYPy_Simulation_bessy2hi_56m_PGM_2Perc_coupling_errors_on_RP/round_4/1_bessy2hi_56m_PGM_2Perc_coupling_errors_on_RP.rml
2025-01-16 15:20:17,367 - INFO - Completed: 27, remaining: 33, RAYPy_Simulation_bessy2hi_56m_PGM_2Perc_coupling_errors_on_RP/round_4/5_bessy2hi_56m_PGM_2Perc_coupling_errors_on_RP.rml
2025-01-16 15:20:17,490 - INFO - Completed: 28, remaining: 32, RAYPy_Simulation_bessy2hi_56m_PGM_2Perc_coupling_errors_on_RP/round_4/3_bessy2hi_56m_PGM_2Perc_coupling_errors_on_RP.rml
2025-01-16 15:20:17,545 - INFO - Completed: 29, remaining: 31, RAYPy_Simulation_bessy2hi_56m_PGM_2Perc_coupling_errors_on_RP/round_4/6_bessy2hi_56m_PGM_2Perc_coupling_errors_on_RP.rml
2025-01-16 15:20:17,576 - INFO - Completed: 30, remaining: 30, RAYPy_Simulation_bessy2hi_56m_PGM_2Perc_coupling_errors_on_RP/round_4/4_bessy2hi_56m_PGM_2Perc_coupling_errors_on_RP.rml
2025-01-16 15:20:17,762 - INFO - Completed: 31, remaining: 29, RAYPy_Simulation_bessy2hi_56m_PGM_2Perc_coupling_errors_on_RP/round_4/2_bessy2hi_56m_PGM_2Perc_coupling_errors_on_RP.rml
2025-01-16 15:20:19,613 - INFO - Completed: 32, remaining: 28, RAYPy_Simulation_bessy2hi_56m_PGM_2Perc_coupling_errors_on_RP/round_4/7_bessy2hi_56m_PGM_2Perc_coupling_errors_on_RP.rml
2025-01-16 15:20:19,786 - INFO - Completed: 33, remaining: 27, RAYPy_Simulation_bessy2hi_56m_PGM_2Perc_coupling_errors_on_RP/round_4/8_bessy2hi_56m_PGM_2Perc_coupling_errors_on_RP.rml
2025-01-16 15:20:20,015 - INFO - Completed: 34, remaining: 26, RAYPy_Simulation_bessy2hi_56m_PGM_2Perc_coupling_errors_on_RP/round_4/10_bessy2hi_56m_PGM_2Perc_coupling_errors_on_RP.rml
2025-01-16 15:20:20,175 - INFO - Completed: 35, remaining: 25, RAYPy_Simulation_bessy2hi_56m_PGM_2Perc_coupling_errors_on_RP/round_4/12_bessy2hi_56m_PGM_2Perc_coupling_errors_on_RP.rml
2025-01-16 15:20:20,283 - INFO - Completed: 36, remaining: 24, RAYPy_Simulation_bessy2hi_56m_PGM_2Perc_coupling_errors_on_RP/round_4/11_bessy2hi_56m_PGM_2Perc_coupling_errors_on_RP.rml
2025-01-16 15:20:20,306 - INFO - Completed: 37, remaining: 23, RAYPy_Simulation_bessy2hi_56m_PGM_2Perc_coupling_errors_on_RP/round_4/9_bessy2hi_56m_PGM_2Perc_coupling_errors_on_RP.rml
2025-01-16 15:20:20,621 - INFO - Completed: 38, remaining: 22, RAYPy_Simulation_bessy2hi_56m_PGM_2Perc_coupling_errors_on_RP/round_4/14_bessy2hi_56m_PGM_2Perc_coupling_errors_on_RP.rml
2025-01-16 15:20:20,716 - INFO - Completed: 39, remaining: 21, RAYPy_Simulation_bessy2hi_56m_PGM_2Perc_coupling_errors_on_RP/round_4/15_bessy2hi_56m_PGM_2Perc_coupling_errors_on_RP.rml
2025-01-16 15:20:20,753 - INFO - Completed: 40, remaining: 20, RAYPy_Simulation_bessy2hi_56m_PGM_2Perc_coupling_errors_on_RP/round_4/13_bessy2hi_56m_PGM_2Perc_coupling_errors_on_RP.rml
2025-01-16 15:20:20,861 - INFO - Completed: 41, remaining: 19, RAYPy_Simulation_bessy2hi_56m_PGM_2Perc_coupling_errors_on_RP/round_4/16_bessy2hi_56m_PGM_2Perc_coupling_errors_on_RP.rml
2025-01-16 15:20:20,886 - INFO - Completed: 42, remaining: 18, RAYPy_Simulation_bessy2hi_56m_PGM_2Perc_coupling_errors_on_RP/round_4/17_bessy2hi_56m_PGM_2Perc_coupling_errors_on_RP.rml
2025-01-16 15:20:20,896 - INFO - Completed: 43, remaining: 17, RAYPy_Simulation_bessy2hi_56m_PGM_2Perc_coupling_errors_on_RP/round_4/18_bessy2hi_56m_PGM_2Perc_coupling_errors_on_RP.rml
2025-01-16 15:20:21,825 - INFO - Completed: 44, remaining: 16, RAYPy_Simulation_bessy2hi_56m_PGM_2Perc_coupling_errors_on_RP/round_4/19_bessy2hi_56m_PGM_2Perc_coupling_errors_on_RP.rml
2025-01-16 15:20:21,907 - INFO - Completed: 45, remaining: 15, RAYPy_Simulation_bessy2hi_56m_PGM_2Perc_coupling_errors_on_RP/round_4/20_bessy2hi_56m_PGM_2Perc_coupling_errors_on_RP.rml
2025-01-16 15:20:21,907 - INFO - Batch Completed
2025-01-16 15:20:21,907 - INFO - Waiting For batch, 60 simulations to go
2025-01-16 15:20:21,907 - INFO - Remaning Simulations 0, stop the simulations loop
2025-01-16 15:20:21,908 - INFO - Checking that all simulations are completed before stopping the ProcessPoolExecutor
2025-01-16 15:20:21,941 - INFO - Executor shutdown completed.
2025-01-16 15:20:21,957 - INFO - Simulation completed successfully.
2025-01-16 15:20:21,957 - INFO - Starting cleanup
2025-01-16 15:20:22,138 - INFO - Done with the cleanup
2025-01-16 15:20:22,138 - INFO - Create Pandas Recap Files
2025-01-16 15:20:22,150 - INFO - End of the Simulations
