2024-07-05 15:08:55,024 - INFO - Simulation started, using 10 workers
2024-07-05 15:08:55,030 - INFO - Start round 0
2024-07-05 15:08:55,041 - INFO - Prepared sim number: 0: RAYPy_Simulation_Bessy2_LoBeta_long_FLUX/round_0/0_Bessy2_LoBeta_long_FLUX.rml
2024-07-05 15:08:55,053 - INFO - Prepared sim number: 1: RAYPy_Simulation_Bessy2_LoBeta_long_FLUX/round_0/1_Bessy2_LoBeta_long_FLUX.rml
2024-07-05 15:08:55,068 - INFO - Prepared sim number: 2: RAYPy_Simulation_Bessy2_LoBeta_long_FLUX/round_0/2_Bessy2_LoBeta_long_FLUX.rml
2024-07-05 15:08:55,089 - INFO - Prepared sim number: 3: RAYPy_Simulation_Bessy2_LoBeta_long_FLUX/round_0/3_Bessy2_LoBeta_long_FLUX.rml
2024-07-05 15:08:55,119 - INFO - Prepared sim number: 4: RAYPy_Simulation_Bessy2_LoBeta_long_FLUX/round_0/4_Bessy2_LoBeta_long_FLUX.rml
2024-07-05 15:08:55,145 - INFO - Prepared sim number: 5: RAYPy_Simulation_Bessy2_LoBeta_long_FLUX/round_0/5_Bessy2_LoBeta_long_FLUX.rml
2024-07-05 15:08:55,160 - INFO - Prepared sim number: 6: RAYPy_Simulation_Bessy2_LoBeta_long_FLUX/round_0/6_Bessy2_LoBeta_long_FLUX.rml
2024-07-05 15:08:55,174 - INFO - Prepared sim number: 7: RAYPy_Simulation_Bessy2_LoBeta_long_FLUX/round_0/7_Bessy2_LoBeta_long_FLUX.rml
2024-07-05 15:08:55,188 - INFO - Prepared sim number: 8: RAYPy_Simulation_Bessy2_LoBeta_long_FLUX/round_0/8_Bessy2_LoBeta_long_FLUX.rml
2024-07-05 15:08:55,206 - INFO - Prepared sim number: 9: RAYPy_Simulation_Bessy2_LoBeta_long_FLUX/round_0/9_Bessy2_LoBeta_long_FLUX.rml
2024-07-05 15:08:55,218 - INFO - Prepared sim number: 10: RAYPy_Simulation_Bessy2_LoBeta_long_FLUX/round_0/10_Bessy2_LoBeta_long_FLUX.rml
2024-07-05 15:08:55,231 - INFO - Prepared sim number: 11: RAYPy_Simulation_Bessy2_LoBeta_long_FLUX/round_0/11_Bessy2_LoBeta_long_FLUX.rml
2024-07-05 15:08:55,248 - INFO - Prepared sim number: 12: RAYPy_Simulation_Bessy2_LoBeta_long_FLUX/round_0/12_Bessy2_LoBeta_long_FLUX.rml
2024-07-05 15:08:55,262 - INFO - Prepared sim number: 13: RAYPy_Simulation_Bessy2_LoBeta_long_FLUX/round_0/13_Bessy2_LoBeta_long_FLUX.rml
2024-07-05 15:08:55,273 - INFO - Prepared sim number: 14: RAYPy_Simulation_Bessy2_LoBeta_long_FLUX/round_0/14_Bessy2_LoBeta_long_FLUX.rml
2024-07-05 15:08:55,282 - INFO - Prepared sim number: 15: RAYPy_Simulation_Bessy2_LoBeta_long_FLUX/round_0/15_Bessy2_LoBeta_long_FLUX.rml
2024-07-05 15:08:55,291 - INFO - Prepared sim number: 16: RAYPy_Simulation_Bessy2_LoBeta_long_FLUX/round_0/16_Bessy2_LoBeta_long_FLUX.rml
2024-07-05 15:08:55,303 - INFO - Prepared sim number: 17: RAYPy_Simulation_Bessy2_LoBeta_long_FLUX/round_0/17_Bessy2_LoBeta_long_FLUX.rml
2024-07-05 15:08:55,314 - INFO - Prepared sim number: 18: RAYPy_Simulation_Bessy2_LoBeta_long_FLUX/round_0/18_Bessy2_LoBeta_long_FLUX.rml
2024-07-05 15:08:55,324 - INFO - Prepared sim number: 19: RAYPy_Simulation_Bessy2_LoBeta_long_FLUX/round_0/19_Bessy2_LoBeta_long_FLUX.rml
2024-07-05 15:08:55,336 - INFO - Prepared sim number: 20: RAYPy_Simulation_Bessy2_LoBeta_long_FLUX/round_0/20_Bessy2_LoBeta_long_FLUX.rml
2024-07-05 15:08:55,345 - INFO - Prepared sim number: 21: RAYPy_Simulation_Bessy2_LoBeta_long_FLUX/round_0/21_Bessy2_LoBeta_long_FLUX.rml
2024-07-05 15:08:55,354 - INFO - Prepared sim number: 22: RAYPy_Simulation_Bessy2_LoBeta_long_FLUX/round_0/22_Bessy2_LoBeta_long_FLUX.rml
2024-07-05 15:08:55,362 - INFO - Prepared sim number: 23: RAYPy_Simulation_Bessy2_LoBeta_long_FLUX/round_0/23_Bessy2_LoBeta_long_FLUX.rml
2024-07-05 15:08:55,371 - INFO - Prepared sim number: 24: RAYPy_Simulation_Bessy2_LoBeta_long_FLUX/round_0/24_Bessy2_LoBeta_long_FLUX.rml
2024-07-05 15:08:55,381 - INFO - Prepared sim number: 25: RAYPy_Simulation_Bessy2_LoBeta_long_FLUX/round_0/25_Bessy2_LoBeta_long_FLUX.rml
2024-07-05 15:08:55,390 - INFO - Prepared sim number: 26: RAYPy_Simulation_Bessy2_LoBeta_long_FLUX/round_0/26_Bessy2_LoBeta_long_FLUX.rml
2024-07-05 15:08:55,399 - INFO - Prepared sim number: 27: RAYPy_Simulation_Bessy2_LoBeta_long_FLUX/round_0/27_Bessy2_LoBeta_long_FLUX.rml
2024-07-05 15:08:55,411 - INFO - Prepared sim number: 28: RAYPy_Simulation_Bessy2_LoBeta_long_FLUX/round_0/28_Bessy2_LoBeta_long_FLUX.rml
2024-07-05 15:08:55,421 - INFO - Prepared sim number: 29: RAYPy_Simulation_Bessy2_LoBeta_long_FLUX/round_0/29_Bessy2_LoBeta_long_FLUX.rml
2024-07-05 15:08:55,431 - INFO - Prepared sim number: 30: RAYPy_Simulation_Bessy2_LoBeta_long_FLUX/round_0/30_Bessy2_LoBeta_long_FLUX.rml
2024-07-05 15:08:55,441 - INFO - Prepared sim number: 31: RAYPy_Simulation_Bessy2_LoBeta_long_FLUX/round_0/31_Bessy2_LoBeta_long_FLUX.rml
2024-07-05 15:08:55,451 - INFO - Prepared sim number: 32: RAYPy_Simulation_Bessy2_LoBeta_long_FLUX/round_0/32_Bessy2_LoBeta_long_FLUX.rml
2024-07-05 15:08:55,461 - INFO - Prepared sim number: 33: RAYPy_Simulation_Bessy2_LoBeta_long_FLUX/round_0/33_Bessy2_LoBeta_long_FLUX.rml
2024-07-05 15:08:55,472 - INFO - Prepared sim number: 34: RAYPy_Simulation_Bessy2_LoBeta_long_FLUX/round_0/34_Bessy2_LoBeta_long_FLUX.rml
2024-07-05 15:08:55,482 - INFO - Prepared sim number: 35: RAYPy_Simulation_Bessy2_LoBeta_long_FLUX/round_0/35_Bessy2_LoBeta_long_FLUX.rml
2024-07-05 15:08:55,492 - INFO - Prepared sim number: 36: RAYPy_Simulation_Bessy2_LoBeta_long_FLUX/round_0/36_Bessy2_LoBeta_long_FLUX.rml
2024-07-05 15:08:55,501 - INFO - Prepared sim number: 37: RAYPy_Simulation_Bessy2_LoBeta_long_FLUX/round_0/37_Bessy2_LoBeta_long_FLUX.rml
2024-07-05 15:08:55,511 - INFO - Prepared sim number: 38: RAYPy_Simulation_Bessy2_LoBeta_long_FLUX/round_0/38_Bessy2_LoBeta_long_FLUX.rml
2024-07-05 15:08:55,520 - INFO - Prepared sim number: 39: RAYPy_Simulation_Bessy2_LoBeta_long_FLUX/round_0/39_Bessy2_LoBeta_long_FLUX.rml
2024-07-05 15:08:55,528 - INFO - Prepared sim number: 40: RAYPy_Simulation_Bessy2_LoBeta_long_FLUX/round_0/40_Bessy2_LoBeta_long_FLUX.rml
2024-07-05 15:08:55,544 - INFO - Prepared sim number: 41: RAYPy_Simulation_Bessy2_LoBeta_long_FLUX/round_0/41_Bessy2_LoBeta_long_FLUX.rml
2024-07-05 15:08:55,559 - INFO - Prepared sim number: 42: RAYPy_Simulation_Bessy2_LoBeta_long_FLUX/round_0/42_Bessy2_LoBeta_long_FLUX.rml
2024-07-05 15:08:55,567 - INFO - Prepared sim number: 43: RAYPy_Simulation_Bessy2_LoBeta_long_FLUX/round_0/43_Bessy2_LoBeta_long_FLUX.rml
2024-07-05 15:08:55,574 - INFO - Prepared sim number: 44: RAYPy_Simulation_Bessy2_LoBeta_long_FLUX/round_0/44_Bessy2_LoBeta_long_FLUX.rml
2024-07-05 15:08:55,586 - INFO - Prepared sim number: 45: RAYPy_Simulation_Bessy2_LoBeta_long_FLUX/round_0/45_Bessy2_LoBeta_long_FLUX.rml
2024-07-05 15:08:55,596 - INFO - Prepared sim number: 46: RAYPy_Simulation_Bessy2_LoBeta_long_FLUX/round_0/46_Bessy2_LoBeta_long_FLUX.rml
2024-07-05 15:08:55,604 - INFO - Prepared sim number: 47: RAYPy_Simulation_Bessy2_LoBeta_long_FLUX/round_0/47_Bessy2_LoBeta_long_FLUX.rml
2024-07-05 15:08:55,612 - INFO - Prepared sim number: 48: RAYPy_Simulation_Bessy2_LoBeta_long_FLUX/round_0/48_Bessy2_LoBeta_long_FLUX.rml
2024-07-05 15:08:55,620 - INFO - Prepared sim number: 49: RAYPy_Simulation_Bessy2_LoBeta_long_FLUX/round_0/49_Bessy2_LoBeta_long_FLUX.rml
2024-07-05 15:08:55,637 - INFO - Waiting for batch number: 0, timeout: 60s
2024-07-05 15:09:00,801 - INFO - Completed: 1, remaining: 49, RAYPy_Simulation_Bessy2_LoBeta_long_FLUX/round_0/2_Bessy2_LoBeta_long_FLUX.rml
2024-07-05 15:09:00,872 - INFO - Completed: 2, remaining: 48, RAYPy_Simulation_Bessy2_LoBeta_long_FLUX/round_0/8_Bessy2_LoBeta_long_FLUX.rml
2024-07-05 15:09:01,009 - INFO - Completed: 3, remaining: 47, RAYPy_Simulation_Bessy2_LoBeta_long_FLUX/round_0/7_Bessy2_LoBeta_long_FLUX.rml
2024-07-05 15:09:01,036 - INFO - Completed: 4, remaining: 46, RAYPy_Simulation_Bessy2_LoBeta_long_FLUX/round_0/9_Bessy2_LoBeta_long_FLUX.rml
2024-07-05 15:09:01,086 - INFO - Completed: 5, remaining: 45, RAYPy_Simulation_Bessy2_LoBeta_long_FLUX/round_0/5_Bessy2_LoBeta_long_FLUX.rml
2024-07-05 15:09:01,194 - INFO - Completed: 6, remaining: 44, RAYPy_Simulation_Bessy2_LoBeta_long_FLUX/round_0/1_Bessy2_LoBeta_long_FLUX.rml
2024-07-05 15:09:01,288 - INFO - Completed: 7, remaining: 43, RAYPy_Simulation_Bessy2_LoBeta_long_FLUX/round_0/3_Bessy2_LoBeta_long_FLUX.rml
2024-07-05 15:09:01,376 - INFO - Completed: 8, remaining: 42, RAYPy_Simulation_Bessy2_LoBeta_long_FLUX/round_0/0_Bessy2_LoBeta_long_FLUX.rml
2024-07-05 15:09:02,548 - INFO - Completed: 9, remaining: 41, RAYPy_Simulation_Bessy2_LoBeta_long_FLUX/round_0/6_Bessy2_LoBeta_long_FLUX.rml
2024-07-05 15:09:02,632 - INFO - Completed: 10, remaining: 40, RAYPy_Simulation_Bessy2_LoBeta_long_FLUX/round_0/4_Bessy2_LoBeta_long_FLUX.rml
2024-07-05 15:09:05,846 - INFO - Completed: 11, remaining: 39, RAYPy_Simulation_Bessy2_LoBeta_long_FLUX/round_0/11_Bessy2_LoBeta_long_FLUX.rml
2024-07-05 15:09:05,929 - INFO - Completed: 12, remaining: 38, RAYPy_Simulation_Bessy2_LoBeta_long_FLUX/round_0/13_Bessy2_LoBeta_long_FLUX.rml
2024-07-05 15:09:05,981 - INFO - Completed: 13, remaining: 37, RAYPy_Simulation_Bessy2_LoBeta_long_FLUX/round_0/15_Bessy2_LoBeta_long_FLUX.rml
2024-07-05 15:09:06,123 - INFO - Completed: 14, remaining: 36, RAYPy_Simulation_Bessy2_LoBeta_long_FLUX/round_0/12_Bessy2_LoBeta_long_FLUX.rml
2024-07-05 15:09:06,140 - INFO - Completed: 15, remaining: 35, RAYPy_Simulation_Bessy2_LoBeta_long_FLUX/round_0/14_Bessy2_LoBeta_long_FLUX.rml
2024-07-05 15:09:06,329 - INFO - Completed: 16, remaining: 34, RAYPy_Simulation_Bessy2_LoBeta_long_FLUX/round_0/10_Bessy2_LoBeta_long_FLUX.rml
2024-07-05 15:09:07,016 - INFO - Completed: 17, remaining: 33, RAYPy_Simulation_Bessy2_LoBeta_long_FLUX/round_0/16_Bessy2_LoBeta_long_FLUX.rml
2024-07-05 15:09:07,349 - INFO - Completed: 18, remaining: 32, RAYPy_Simulation_Bessy2_LoBeta_long_FLUX/round_0/17_Bessy2_LoBeta_long_FLUX.rml
2024-07-05 15:09:08,120 - INFO - Completed: 19, remaining: 31, RAYPy_Simulation_Bessy2_LoBeta_long_FLUX/round_0/18_Bessy2_LoBeta_long_FLUX.rml
2024-07-05 15:09:08,301 - INFO - Completed: 20, remaining: 30, RAYPy_Simulation_Bessy2_LoBeta_long_FLUX/round_0/19_Bessy2_LoBeta_long_FLUX.rml
2024-07-05 15:09:12,130 - INFO - Completed: 21, remaining: 29, RAYPy_Simulation_Bessy2_LoBeta_long_FLUX/round_0/20_Bessy2_LoBeta_long_FLUX.rml
2024-07-05 15:09:12,187 - INFO - Completed: 22, remaining: 28, RAYPy_Simulation_Bessy2_LoBeta_long_FLUX/round_0/22_Bessy2_LoBeta_long_FLUX.rml
2024-07-05 15:09:12,216 - INFO - Completed: 23, remaining: 27, RAYPy_Simulation_Bessy2_LoBeta_long_FLUX/round_0/21_Bessy2_LoBeta_long_FLUX.rml
2024-07-05 15:09:12,288 - INFO - Completed: 24, remaining: 26, RAYPy_Simulation_Bessy2_LoBeta_long_FLUX/round_0/23_Bessy2_LoBeta_long_FLUX.rml
2024-07-05 15:09:12,513 - INFO - Completed: 25, remaining: 25, RAYPy_Simulation_Bessy2_LoBeta_long_FLUX/round_0/25_Bessy2_LoBeta_long_FLUX.rml
2024-07-05 15:09:12,686 - INFO - Completed: 26, remaining: 24, RAYPy_Simulation_Bessy2_LoBeta_long_FLUX/round_0/24_Bessy2_LoBeta_long_FLUX.rml
2024-07-05 15:09:12,748 - INFO - Completed: 27, remaining: 23, RAYPy_Simulation_Bessy2_LoBeta_long_FLUX/round_0/26_Bessy2_LoBeta_long_FLUX.rml
2024-07-05 15:09:13,578 - INFO - Completed: 28, remaining: 22, RAYPy_Simulation_Bessy2_LoBeta_long_FLUX/round_0/29_Bessy2_LoBeta_long_FLUX.rml
2024-07-05 15:09:13,723 - INFO - Completed: 29, remaining: 21, RAYPy_Simulation_Bessy2_LoBeta_long_FLUX/round_0/27_Bessy2_LoBeta_long_FLUX.rml
2024-07-05 15:09:13,867 - INFO - Completed: 30, remaining: 20, RAYPy_Simulation_Bessy2_LoBeta_long_FLUX/round_0/28_Bessy2_LoBeta_long_FLUX.rml
2024-07-05 15:09:18,054 - INFO - Completed: 31, remaining: 19, RAYPy_Simulation_Bessy2_LoBeta_long_FLUX/round_0/30_Bessy2_LoBeta_long_FLUX.rml
2024-07-05 15:09:18,076 - INFO - Completed: 32, remaining: 18, RAYPy_Simulation_Bessy2_LoBeta_long_FLUX/round_0/32_Bessy2_LoBeta_long_FLUX.rml
2024-07-05 15:09:18,257 - INFO - Completed: 33, remaining: 17, RAYPy_Simulation_Bessy2_LoBeta_long_FLUX/round_0/34_Bessy2_LoBeta_long_FLUX.rml
2024-07-05 15:09:18,322 - INFO - Completed: 34, remaining: 16, RAYPy_Simulation_Bessy2_LoBeta_long_FLUX/round_0/31_Bessy2_LoBeta_long_FLUX.rml
2024-07-05 15:09:18,414 - INFO - Completed: 35, remaining: 15, RAYPy_Simulation_Bessy2_LoBeta_long_FLUX/round_0/35_Bessy2_LoBeta_long_FLUX.rml
2024-07-05 15:09:18,509 - INFO - Completed: 36, remaining: 14, RAYPy_Simulation_Bessy2_LoBeta_long_FLUX/round_0/36_Bessy2_LoBeta_long_FLUX.rml
2024-07-05 15:09:18,613 - INFO - Completed: 37, remaining: 13, RAYPy_Simulation_Bessy2_LoBeta_long_FLUX/round_0/33_Bessy2_LoBeta_long_FLUX.rml
2024-07-05 15:09:18,981 - INFO - Completed: 38, remaining: 12, RAYPy_Simulation_Bessy2_LoBeta_long_FLUX/round_0/37_Bessy2_LoBeta_long_FLUX.rml
2024-07-05 15:09:19,257 - INFO - Completed: 39, remaining: 11, RAYPy_Simulation_Bessy2_LoBeta_long_FLUX/round_0/38_Bessy2_LoBeta_long_FLUX.rml
2024-07-05 15:09:19,507 - INFO - Completed: 40, remaining: 10, RAYPy_Simulation_Bessy2_LoBeta_long_FLUX/round_0/39_Bessy2_LoBeta_long_FLUX.rml
2024-07-05 15:09:24,298 - INFO - Completed: 41, remaining: 9, RAYPy_Simulation_Bessy2_LoBeta_long_FLUX/round_0/43_Bessy2_LoBeta_long_FLUX.rml
2024-07-05 15:09:24,391 - INFO - Completed: 42, remaining: 8, RAYPy_Simulation_Bessy2_LoBeta_long_FLUX/round_0/42_Bessy2_LoBeta_long_FLUX.rml
2024-07-05 15:09:24,429 - INFO - Completed: 43, remaining: 7, RAYPy_Simulation_Bessy2_LoBeta_long_FLUX/round_0/44_Bessy2_LoBeta_long_FLUX.rml
2024-07-05 15:09:24,480 - INFO - Completed: 44, remaining: 6, RAYPy_Simulation_Bessy2_LoBeta_long_FLUX/round_0/41_Bessy2_LoBeta_long_FLUX.rml
2024-07-05 15:09:24,517 - INFO - Completed: 45, remaining: 5, RAYPy_Simulation_Bessy2_LoBeta_long_FLUX/round_0/45_Bessy2_LoBeta_long_FLUX.rml
2024-07-05 15:09:24,661 - INFO - Completed: 46, remaining: 4, RAYPy_Simulation_Bessy2_LoBeta_long_FLUX/round_0/40_Bessy2_LoBeta_long_FLUX.rml
2024-07-05 15:09:24,694 - INFO - Completed: 47, remaining: 3, RAYPy_Simulation_Bessy2_LoBeta_long_FLUX/round_0/48_Bessy2_LoBeta_long_FLUX.rml
2024-07-05 15:09:24,738 - INFO - Completed: 48, remaining: 2, RAYPy_Simulation_Bessy2_LoBeta_long_FLUX/round_0/46_Bessy2_LoBeta_long_FLUX.rml
2024-07-05 15:09:24,786 - INFO - Completed: 49, remaining: 1, RAYPy_Simulation_Bessy2_LoBeta_long_FLUX/round_0/49_Bessy2_LoBeta_long_FLUX.rml
2024-07-05 15:09:24,893 - INFO - Completed: 50, remaining: 0, RAYPy_Simulation_Bessy2_LoBeta_long_FLUX/round_0/47_Bessy2_LoBeta_long_FLUX.rml
2024-07-05 15:09:24,893 - INFO - Batch Completed
2024-07-05 15:09:24,893 - INFO - Waiting For batch, 50 simulations to go
2024-07-05 15:09:24,907 - INFO - Prepared sim number: 50: RAYPy_Simulation_Bessy2_LoBeta_long_FLUX/round_0/50_Bessy2_LoBeta_long_FLUX.rml
2024-07-05 15:09:24,918 - INFO - Prepared sim number: 51: RAYPy_Simulation_Bessy2_LoBeta_long_FLUX/round_0/51_Bessy2_LoBeta_long_FLUX.rml
2024-07-05 15:09:24,937 - INFO - Prepared sim number: 52: RAYPy_Simulation_Bessy2_LoBeta_long_FLUX/round_0/52_Bessy2_LoBeta_long_FLUX.rml
2024-07-05 15:09:24,958 - INFO - Prepared sim number: 53: RAYPy_Simulation_Bessy2_LoBeta_long_FLUX/round_0/53_Bessy2_LoBeta_long_FLUX.rml
2024-07-05 15:09:24,978 - INFO - Prepared sim number: 54: RAYPy_Simulation_Bessy2_LoBeta_long_FLUX/round_0/54_Bessy2_LoBeta_long_FLUX.rml
2024-07-05 15:09:24,996 - INFO - Prepared sim number: 55: RAYPy_Simulation_Bessy2_LoBeta_long_FLUX/round_0/55_Bessy2_LoBeta_long_FLUX.rml
2024-07-05 15:09:25,014 - INFO - Prepared sim number: 56: RAYPy_Simulation_Bessy2_LoBeta_long_FLUX/round_0/56_Bessy2_LoBeta_long_FLUX.rml
2024-07-05 15:09:25,030 - INFO - Prepared sim number: 57: RAYPy_Simulation_Bessy2_LoBeta_long_FLUX/round_0/57_Bessy2_LoBeta_long_FLUX.rml
2024-07-05 15:09:25,041 - INFO - Prepared sim number: 58: RAYPy_Simulation_Bessy2_LoBeta_long_FLUX/round_0/58_Bessy2_LoBeta_long_FLUX.rml
2024-07-05 15:09:25,051 - INFO - Prepared sim number: 59: RAYPy_Simulation_Bessy2_LoBeta_long_FLUX/round_0/59_Bessy2_LoBeta_long_FLUX.rml
2024-07-05 15:09:25,062 - INFO - Prepared sim number: 60: RAYPy_Simulation_Bessy2_LoBeta_long_FLUX/round_0/60_Bessy2_LoBeta_long_FLUX.rml
2024-07-05 15:09:25,072 - INFO - Prepared sim number: 61: RAYPy_Simulation_Bessy2_LoBeta_long_FLUX/round_0/61_Bessy2_LoBeta_long_FLUX.rml
2024-07-05 15:09:25,083 - INFO - Prepared sim number: 62: RAYPy_Simulation_Bessy2_LoBeta_long_FLUX/round_0/62_Bessy2_LoBeta_long_FLUX.rml
2024-07-05 15:09:25,096 - INFO - Prepared sim number: 63: RAYPy_Simulation_Bessy2_LoBeta_long_FLUX/round_0/63_Bessy2_LoBeta_long_FLUX.rml
2024-07-05 15:09:25,105 - INFO - Prepared sim number: 64: RAYPy_Simulation_Bessy2_LoBeta_long_FLUX/round_0/64_Bessy2_LoBeta_long_FLUX.rml
2024-07-05 15:09:25,115 - INFO - Prepared sim number: 65: RAYPy_Simulation_Bessy2_LoBeta_long_FLUX/round_0/65_Bessy2_LoBeta_long_FLUX.rml
2024-07-05 15:09:25,124 - INFO - Prepared sim number: 66: RAYPy_Simulation_Bessy2_LoBeta_long_FLUX/round_0/66_Bessy2_LoBeta_long_FLUX.rml
2024-07-05 15:09:25,138 - INFO - Prepared sim number: 67: RAYPy_Simulation_Bessy2_LoBeta_long_FLUX/round_0/67_Bessy2_LoBeta_long_FLUX.rml
2024-07-05 15:09:25,148 - INFO - Prepared sim number: 68: RAYPy_Simulation_Bessy2_LoBeta_long_FLUX/round_0/68_Bessy2_LoBeta_long_FLUX.rml
2024-07-05 15:09:25,157 - INFO - Prepared sim number: 69: RAYPy_Simulation_Bessy2_LoBeta_long_FLUX/round_0/69_Bessy2_LoBeta_long_FLUX.rml
2024-07-05 15:09:25,165 - INFO - Prepared sim number: 70: RAYPy_Simulation_Bessy2_LoBeta_long_FLUX/round_0/70_Bessy2_LoBeta_long_FLUX.rml
2024-07-05 15:09:25,174 - INFO - Prepared sim number: 71: RAYPy_Simulation_Bessy2_LoBeta_long_FLUX/round_0/71_Bessy2_LoBeta_long_FLUX.rml
2024-07-05 15:09:25,184 - INFO - Prepared sim number: 72: RAYPy_Simulation_Bessy2_LoBeta_long_FLUX/round_0/72_Bessy2_LoBeta_long_FLUX.rml
2024-07-05 15:09:25,194 - INFO - Prepared sim number: 73: RAYPy_Simulation_Bessy2_LoBeta_long_FLUX/round_0/73_Bessy2_LoBeta_long_FLUX.rml
2024-07-05 15:09:25,203 - INFO - Prepared sim number: 74: RAYPy_Simulation_Bessy2_LoBeta_long_FLUX/round_0/74_Bessy2_LoBeta_long_FLUX.rml
2024-07-05 15:09:25,212 - INFO - Prepared sim number: 75: RAYPy_Simulation_Bessy2_LoBeta_long_FLUX/round_0/75_Bessy2_LoBeta_long_FLUX.rml
2024-07-05 15:09:25,220 - INFO - Prepared sim number: 76: RAYPy_Simulation_Bessy2_LoBeta_long_FLUX/round_0/76_Bessy2_LoBeta_long_FLUX.rml
2024-07-05 15:09:25,229 - INFO - Prepared sim number: 77: RAYPy_Simulation_Bessy2_LoBeta_long_FLUX/round_0/77_Bessy2_LoBeta_long_FLUX.rml
2024-07-05 15:09:25,238 - INFO - Prepared sim number: 78: RAYPy_Simulation_Bessy2_LoBeta_long_FLUX/round_0/78_Bessy2_LoBeta_long_FLUX.rml
2024-07-05 15:09:25,248 - INFO - Prepared sim number: 79: RAYPy_Simulation_Bessy2_LoBeta_long_FLUX/round_0/79_Bessy2_LoBeta_long_FLUX.rml
2024-07-05 15:09:25,257 - INFO - Prepared sim number: 80: RAYPy_Simulation_Bessy2_LoBeta_long_FLUX/round_0/80_Bessy2_LoBeta_long_FLUX.rml
2024-07-05 15:09:25,266 - INFO - Prepared sim number: 81: RAYPy_Simulation_Bessy2_LoBeta_long_FLUX/round_0/81_Bessy2_LoBeta_long_FLUX.rml
2024-07-05 15:09:25,274 - INFO - Prepared sim number: 82: RAYPy_Simulation_Bessy2_LoBeta_long_FLUX/round_0/82_Bessy2_LoBeta_long_FLUX.rml
2024-07-05 15:09:25,286 - INFO - Prepared sim number: 83: RAYPy_Simulation_Bessy2_LoBeta_long_FLUX/round_0/83_Bessy2_LoBeta_long_FLUX.rml
2024-07-05 15:09:25,298 - INFO - Prepared sim number: 84: RAYPy_Simulation_Bessy2_LoBeta_long_FLUX/round_0/84_Bessy2_LoBeta_long_FLUX.rml
2024-07-05 15:09:25,307 - INFO - Prepared sim number: 85: RAYPy_Simulation_Bessy2_LoBeta_long_FLUX/round_0/85_Bessy2_LoBeta_long_FLUX.rml
2024-07-05 15:09:25,317 - INFO - Prepared sim number: 86: RAYPy_Simulation_Bessy2_LoBeta_long_FLUX/round_0/86_Bessy2_LoBeta_long_FLUX.rml
2024-07-05 15:09:25,327 - INFO - Prepared sim number: 87: RAYPy_Simulation_Bessy2_LoBeta_long_FLUX/round_0/87_Bessy2_LoBeta_long_FLUX.rml
2024-07-05 15:09:25,336 - INFO - Prepared sim number: 88: RAYPy_Simulation_Bessy2_LoBeta_long_FLUX/round_0/88_Bessy2_LoBeta_long_FLUX.rml
2024-07-05 15:09:25,345 - INFO - Prepared sim number: 89: RAYPy_Simulation_Bessy2_LoBeta_long_FLUX/round_0/89_Bessy2_LoBeta_long_FLUX.rml
2024-07-05 15:09:25,354 - INFO - Prepared sim number: 90: RAYPy_Simulation_Bessy2_LoBeta_long_FLUX/round_0/90_Bessy2_LoBeta_long_FLUX.rml
2024-07-05 15:09:25,364 - INFO - Prepared sim number: 91: RAYPy_Simulation_Bessy2_LoBeta_long_FLUX/round_0/91_Bessy2_LoBeta_long_FLUX.rml
2024-07-05 15:09:25,373 - INFO - Prepared sim number: 92: RAYPy_Simulation_Bessy2_LoBeta_long_FLUX/round_0/92_Bessy2_LoBeta_long_FLUX.rml
2024-07-05 15:09:25,388 - INFO - Prepared sim number: 93: RAYPy_Simulation_Bessy2_LoBeta_long_FLUX/round_0/93_Bessy2_LoBeta_long_FLUX.rml
2024-07-05 15:09:25,399 - INFO - Prepared sim number: 94: RAYPy_Simulation_Bessy2_LoBeta_long_FLUX/round_0/94_Bessy2_LoBeta_long_FLUX.rml
2024-07-05 15:09:25,411 - INFO - Prepared sim number: 95: RAYPy_Simulation_Bessy2_LoBeta_long_FLUX/round_0/95_Bessy2_LoBeta_long_FLUX.rml
2024-07-05 15:09:25,425 - INFO - Prepared sim number: 96: RAYPy_Simulation_Bessy2_LoBeta_long_FLUX/round_0/96_Bessy2_LoBeta_long_FLUX.rml
2024-07-05 15:09:25,437 - INFO - Prepared sim number: 97: RAYPy_Simulation_Bessy2_LoBeta_long_FLUX/round_0/97_Bessy2_LoBeta_long_FLUX.rml
2024-07-05 15:09:25,451 - INFO - Prepared sim number: 98: RAYPy_Simulation_Bessy2_LoBeta_long_FLUX/round_0/98_Bessy2_LoBeta_long_FLUX.rml
2024-07-05 15:09:25,462 - INFO - Prepared sim number: 99: RAYPy_Simulation_Bessy2_LoBeta_long_FLUX/round_0/99_Bessy2_LoBeta_long_FLUX.rml
2024-07-05 15:09:25,463 - INFO - Waiting for batch number: 1, timeout: 34.73806091308594s
2024-07-05 15:09:30,555 - INFO - Completed: 1, remaining: 49, RAYPy_Simulation_Bessy2_LoBeta_long_FLUX/round_0/55_Bessy2_LoBeta_long_FLUX.rml
2024-07-05 15:09:30,577 - INFO - Completed: 2, remaining: 48, RAYPy_Simulation_Bessy2_LoBeta_long_FLUX/round_0/52_Bessy2_LoBeta_long_FLUX.rml
2024-07-05 15:09:30,627 - INFO - Completed: 3, remaining: 47, RAYPy_Simulation_Bessy2_LoBeta_long_FLUX/round_0/53_Bessy2_LoBeta_long_FLUX.rml
2024-07-05 15:09:30,715 - INFO - Completed: 4, remaining: 46, RAYPy_Simulation_Bessy2_LoBeta_long_FLUX/round_0/54_Bessy2_LoBeta_long_FLUX.rml
2024-07-05 15:09:30,761 - INFO - Completed: 5, remaining: 45, RAYPy_Simulation_Bessy2_LoBeta_long_FLUX/round_0/59_Bessy2_LoBeta_long_FLUX.rml
2024-07-05 15:09:30,784 - INFO - Completed: 6, remaining: 44, RAYPy_Simulation_Bessy2_LoBeta_long_FLUX/round_0/50_Bessy2_LoBeta_long_FLUX.rml
2024-07-05 15:09:30,868 - INFO - Completed: 7, remaining: 43, RAYPy_Simulation_Bessy2_LoBeta_long_FLUX/round_0/57_Bessy2_LoBeta_long_FLUX.rml
2024-07-05 15:09:33,032 - INFO - Completed: 8, remaining: 42, RAYPy_Simulation_Bessy2_LoBeta_long_FLUX/round_0/56_Bessy2_LoBeta_long_FLUX.rml
2024-07-05 15:09:33,166 - INFO - Completed: 9, remaining: 41, RAYPy_Simulation_Bessy2_LoBeta_long_FLUX/round_0/58_Bessy2_LoBeta_long_FLUX.rml
2024-07-05 15:09:33,405 - INFO - Completed: 10, remaining: 40, RAYPy_Simulation_Bessy2_LoBeta_long_FLUX/round_0/51_Bessy2_LoBeta_long_FLUX.rml
2024-07-05 15:09:36,171 - INFO - Completed: 11, remaining: 39, RAYPy_Simulation_Bessy2_LoBeta_long_FLUX/round_0/61_Bessy2_LoBeta_long_FLUX.rml
2024-07-05 15:09:36,214 - INFO - Completed: 12, remaining: 38, RAYPy_Simulation_Bessy2_LoBeta_long_FLUX/round_0/60_Bessy2_LoBeta_long_FLUX.rml
2024-07-05 15:09:36,224 - INFO - Completed: 13, remaining: 37, RAYPy_Simulation_Bessy2_LoBeta_long_FLUX/round_0/63_Bessy2_LoBeta_long_FLUX.rml
2024-07-05 15:09:36,320 - INFO - Completed: 14, remaining: 36, RAYPy_Simulation_Bessy2_LoBeta_long_FLUX/round_0/64_Bessy2_LoBeta_long_FLUX.rml
2024-07-05 15:09:36,391 - INFO - Completed: 15, remaining: 35, RAYPy_Simulation_Bessy2_LoBeta_long_FLUX/round_0/62_Bessy2_LoBeta_long_FLUX.rml
2024-07-05 15:09:36,496 - INFO - Completed: 16, remaining: 34, RAYPy_Simulation_Bessy2_LoBeta_long_FLUX/round_0/66_Bessy2_LoBeta_long_FLUX.rml
2024-07-05 15:09:36,549 - INFO - Completed: 17, remaining: 33, RAYPy_Simulation_Bessy2_LoBeta_long_FLUX/round_0/65_Bessy2_LoBeta_long_FLUX.rml
2024-07-05 15:09:38,693 - INFO - Completed: 18, remaining: 32, RAYPy_Simulation_Bessy2_LoBeta_long_FLUX/round_0/68_Bessy2_LoBeta_long_FLUX.rml
2024-07-05 15:09:38,760 - INFO - Completed: 19, remaining: 31, RAYPy_Simulation_Bessy2_LoBeta_long_FLUX/round_0/67_Bessy2_LoBeta_long_FLUX.rml
2024-07-05 15:09:38,905 - INFO - Completed: 20, remaining: 30, RAYPy_Simulation_Bessy2_LoBeta_long_FLUX/round_0/69_Bessy2_LoBeta_long_FLUX.rml
2024-07-05 15:09:41,573 - INFO - Completed: 21, remaining: 29, RAYPy_Simulation_Bessy2_LoBeta_long_FLUX/round_0/74_Bessy2_LoBeta_long_FLUX.rml
2024-07-05 15:09:41,577 - INFO - Completed: 22, remaining: 28, RAYPy_Simulation_Bessy2_LoBeta_long_FLUX/round_0/70_Bessy2_LoBeta_long_FLUX.rml
2024-07-05 15:09:41,647 - INFO - Completed: 23, remaining: 27, RAYPy_Simulation_Bessy2_LoBeta_long_FLUX/round_0/71_Bessy2_LoBeta_long_FLUX.rml
2024-07-05 15:09:41,678 - INFO - Completed: 24, remaining: 26, RAYPy_Simulation_Bessy2_LoBeta_long_FLUX/round_0/72_Bessy2_LoBeta_long_FLUX.rml
2024-07-05 15:09:41,764 - INFO - Completed: 25, remaining: 25, RAYPy_Simulation_Bessy2_LoBeta_long_FLUX/round_0/73_Bessy2_LoBeta_long_FLUX.rml
2024-07-05 15:09:41,921 - INFO - Completed: 26, remaining: 24, RAYPy_Simulation_Bessy2_LoBeta_long_FLUX/round_0/75_Bessy2_LoBeta_long_FLUX.rml
2024-07-05 15:09:42,242 - INFO - Completed: 27, remaining: 23, RAYPy_Simulation_Bessy2_LoBeta_long_FLUX/round_0/76_Bessy2_LoBeta_long_FLUX.rml
2024-07-05 15:09:44,169 - INFO - Completed: 28, remaining: 22, RAYPy_Simulation_Bessy2_LoBeta_long_FLUX/round_0/77_Bessy2_LoBeta_long_FLUX.rml
2024-07-05 15:09:44,194 - INFO - Completed: 29, remaining: 21, RAYPy_Simulation_Bessy2_LoBeta_long_FLUX/round_0/79_Bessy2_LoBeta_long_FLUX.rml
2024-07-05 15:09:44,459 - INFO - Completed: 30, remaining: 20, RAYPy_Simulation_Bessy2_LoBeta_long_FLUX/round_0/78_Bessy2_LoBeta_long_FLUX.rml
2024-07-05 15:09:46,384 - INFO - Completed: 31, remaining: 19, RAYPy_Simulation_Bessy2_LoBeta_long_FLUX/round_0/80_Bessy2_LoBeta_long_FLUX.rml
2024-07-05 15:09:46,554 - INFO - Completed: 32, remaining: 18, RAYPy_Simulation_Bessy2_LoBeta_long_FLUX/round_0/81_Bessy2_LoBeta_long_FLUX.rml
2024-07-05 15:09:46,876 - INFO - Completed: 33, remaining: 17, RAYPy_Simulation_Bessy2_LoBeta_long_FLUX/round_0/82_Bessy2_LoBeta_long_FLUX.rml
2024-07-05 15:09:47,203 - INFO - Completed: 34, remaining: 16, RAYPy_Simulation_Bessy2_LoBeta_long_FLUX/round_0/85_Bessy2_LoBeta_long_FLUX.rml
2024-07-05 15:09:47,701 - INFO - Completed: 35, remaining: 15, RAYPy_Simulation_Bessy2_LoBeta_long_FLUX/round_0/84_Bessy2_LoBeta_long_FLUX.rml
2024-07-05 15:09:47,795 - INFO - Completed: 36, remaining: 14, RAYPy_Simulation_Bessy2_LoBeta_long_FLUX/round_0/83_Bessy2_LoBeta_long_FLUX.rml
2024-07-05 15:09:47,865 - INFO - Completed: 37, remaining: 13, RAYPy_Simulation_Bessy2_LoBeta_long_FLUX/round_0/86_Bessy2_LoBeta_long_FLUX.rml
2024-07-05 15:09:50,379 - INFO - Completed: 38, remaining: 12, RAYPy_Simulation_Bessy2_LoBeta_long_FLUX/round_0/87_Bessy2_LoBeta_long_FLUX.rml
2024-07-05 15:09:50,510 - INFO - Completed: 39, remaining: 11, RAYPy_Simulation_Bessy2_LoBeta_long_FLUX/round_0/88_Bessy2_LoBeta_long_FLUX.rml
2024-07-05 15:09:50,640 - INFO - Completed: 40, remaining: 10, RAYPy_Simulation_Bessy2_LoBeta_long_FLUX/round_0/89_Bessy2_LoBeta_long_FLUX.rml
2024-07-05 15:09:52,527 - INFO - Completed: 41, remaining: 9, RAYPy_Simulation_Bessy2_LoBeta_long_FLUX/round_0/90_Bessy2_LoBeta_long_FLUX.rml
2024-07-05 15:09:52,721 - INFO - Completed: 42, remaining: 8, RAYPy_Simulation_Bessy2_LoBeta_long_FLUX/round_0/91_Bessy2_LoBeta_long_FLUX.rml
2024-07-05 15:09:52,817 - INFO - Completed: 43, remaining: 7, RAYPy_Simulation_Bessy2_LoBeta_long_FLUX/round_0/92_Bessy2_LoBeta_long_FLUX.rml
2024-07-05 15:09:52,899 - INFO - Completed: 44, remaining: 6, RAYPy_Simulation_Bessy2_LoBeta_long_FLUX/round_0/93_Bessy2_LoBeta_long_FLUX.rml
2024-07-05 15:09:53,068 - INFO - Completed: 45, remaining: 5, RAYPy_Simulation_Bessy2_LoBeta_long_FLUX/round_0/95_Bessy2_LoBeta_long_FLUX.rml
2024-07-05 15:09:53,213 - INFO - Completed: 46, remaining: 4, RAYPy_Simulation_Bessy2_LoBeta_long_FLUX/round_0/94_Bessy2_LoBeta_long_FLUX.rml
2024-07-05 15:09:53,313 - INFO - Completed: 47, remaining: 3, RAYPy_Simulation_Bessy2_LoBeta_long_FLUX/round_0/96_Bessy2_LoBeta_long_FLUX.rml
2024-07-05 15:09:53,747 - INFO - Completed: 48, remaining: 2, RAYPy_Simulation_Bessy2_LoBeta_long_FLUX/round_0/99_Bessy2_LoBeta_long_FLUX.rml
2024-07-05 15:09:53,807 - INFO - Completed: 49, remaining: 1, RAYPy_Simulation_Bessy2_LoBeta_long_FLUX/round_0/98_Bessy2_LoBeta_long_FLUX.rml
2024-07-05 15:09:54,121 - INFO - Completed: 50, remaining: 0, RAYPy_Simulation_Bessy2_LoBeta_long_FLUX/round_0/97_Bessy2_LoBeta_long_FLUX.rml
2024-07-05 15:09:54,121 - INFO - Batch Completed
2024-07-05 15:09:54,121 - INFO - Waiting For batch, 50 simulations to go
2024-07-05 15:09:54,165 - INFO - Prepared sim number: 100: RAYPy_Simulation_Bessy2_LoBeta_long_FLUX/round_0/100_Bessy2_LoBeta_long_FLUX.rml
2024-07-05 15:09:54,196 - INFO - Prepared sim number: 101: RAYPy_Simulation_Bessy2_LoBeta_long_FLUX/round_0/101_Bessy2_LoBeta_long_FLUX.rml
2024-07-05 15:09:54,216 - INFO - Prepared sim number: 102: RAYPy_Simulation_Bessy2_LoBeta_long_FLUX/round_0/102_Bessy2_LoBeta_long_FLUX.rml
2024-07-05 15:09:54,232 - INFO - Prepared sim number: 103: RAYPy_Simulation_Bessy2_LoBeta_long_FLUX/round_0/103_Bessy2_LoBeta_long_FLUX.rml
2024-07-05 15:09:54,249 - INFO - Prepared sim number: 104: RAYPy_Simulation_Bessy2_LoBeta_long_FLUX/round_0/104_Bessy2_LoBeta_long_FLUX.rml
2024-07-05 15:09:54,261 - INFO - Prepared sim number: 105: RAYPy_Simulation_Bessy2_LoBeta_long_FLUX/round_0/105_Bessy2_LoBeta_long_FLUX.rml
2024-07-05 15:09:54,271 - INFO - Prepared sim number: 106: RAYPy_Simulation_Bessy2_LoBeta_long_FLUX/round_0/106_Bessy2_LoBeta_long_FLUX.rml
2024-07-05 15:09:54,282 - INFO - Prepared sim number: 107: RAYPy_Simulation_Bessy2_LoBeta_long_FLUX/round_0/107_Bessy2_LoBeta_long_FLUX.rml
2024-07-05 15:09:54,293 - INFO - Prepared sim number: 108: RAYPy_Simulation_Bessy2_LoBeta_long_FLUX/round_0/108_Bessy2_LoBeta_long_FLUX.rml
2024-07-05 15:09:54,308 - INFO - Prepared sim number: 109: RAYPy_Simulation_Bessy2_LoBeta_long_FLUX/round_0/109_Bessy2_LoBeta_long_FLUX.rml
2024-07-05 15:09:54,322 - INFO - Prepared sim number: 110: RAYPy_Simulation_Bessy2_LoBeta_long_FLUX/round_0/110_Bessy2_LoBeta_long_FLUX.rml
2024-07-05 15:09:54,332 - INFO - Prepared sim number: 111: RAYPy_Simulation_Bessy2_LoBeta_long_FLUX/round_0/111_Bessy2_LoBeta_long_FLUX.rml
2024-07-05 15:09:54,345 - INFO - Prepared sim number: 112: RAYPy_Simulation_Bessy2_LoBeta_long_FLUX/round_0/112_Bessy2_LoBeta_long_FLUX.rml
2024-07-05 15:09:54,356 - INFO - Prepared sim number: 113: RAYPy_Simulation_Bessy2_LoBeta_long_FLUX/round_0/113_Bessy2_LoBeta_long_FLUX.rml
2024-07-05 15:09:54,367 - INFO - Prepared sim number: 114: RAYPy_Simulation_Bessy2_LoBeta_long_FLUX/round_0/114_Bessy2_LoBeta_long_FLUX.rml
2024-07-05 15:09:54,378 - INFO - Prepared sim number: 115: RAYPy_Simulation_Bessy2_LoBeta_long_FLUX/round_0/115_Bessy2_LoBeta_long_FLUX.rml
2024-07-05 15:09:54,390 - INFO - Prepared sim number: 116: RAYPy_Simulation_Bessy2_LoBeta_long_FLUX/round_0/116_Bessy2_LoBeta_long_FLUX.rml
2024-07-05 15:09:54,390 - INFO - Start round 1
2024-07-05 15:09:54,395 - INFO - Prepared sim number: 0: RAYPy_Simulation_Bessy2_LoBeta_long_FLUX/round_1/0_Bessy2_LoBeta_long_FLUX.rml
2024-07-05 15:09:54,400 - INFO - Prepared sim number: 1: RAYPy_Simulation_Bessy2_LoBeta_long_FLUX/round_1/1_Bessy2_LoBeta_long_FLUX.rml
2024-07-05 15:09:54,404 - INFO - Prepared sim number: 2: RAYPy_Simulation_Bessy2_LoBeta_long_FLUX/round_1/2_Bessy2_LoBeta_long_FLUX.rml
2024-07-05 15:09:54,409 - INFO - Prepared sim number: 3: RAYPy_Simulation_Bessy2_LoBeta_long_FLUX/round_1/3_Bessy2_LoBeta_long_FLUX.rml
2024-07-05 15:09:54,415 - INFO - Prepared sim number: 4: RAYPy_Simulation_Bessy2_LoBeta_long_FLUX/round_1/4_Bessy2_LoBeta_long_FLUX.rml
2024-07-05 15:09:54,419 - INFO - Prepared sim number: 5: RAYPy_Simulation_Bessy2_LoBeta_long_FLUX/round_1/5_Bessy2_LoBeta_long_FLUX.rml
2024-07-05 15:09:54,423 - INFO - Prepared sim number: 6: RAYPy_Simulation_Bessy2_LoBeta_long_FLUX/round_1/6_Bessy2_LoBeta_long_FLUX.rml
2024-07-05 15:09:54,428 - INFO - Prepared sim number: 7: RAYPy_Simulation_Bessy2_LoBeta_long_FLUX/round_1/7_Bessy2_LoBeta_long_FLUX.rml
2024-07-05 15:09:54,432 - INFO - Prepared sim number: 8: RAYPy_Simulation_Bessy2_LoBeta_long_FLUX/round_1/8_Bessy2_LoBeta_long_FLUX.rml
2024-07-05 15:09:54,435 - INFO - Prepared sim number: 9: RAYPy_Simulation_Bessy2_LoBeta_long_FLUX/round_1/9_Bessy2_LoBeta_long_FLUX.rml
2024-07-05 15:09:54,438 - INFO - Prepared sim number: 10: RAYPy_Simulation_Bessy2_LoBeta_long_FLUX/round_1/10_Bessy2_LoBeta_long_FLUX.rml
2024-07-05 15:09:54,442 - INFO - Prepared sim number: 11: RAYPy_Simulation_Bessy2_LoBeta_long_FLUX/round_1/11_Bessy2_LoBeta_long_FLUX.rml
2024-07-05 15:09:54,445 - INFO - Prepared sim number: 12: RAYPy_Simulation_Bessy2_LoBeta_long_FLUX/round_1/12_Bessy2_LoBeta_long_FLUX.rml
2024-07-05 15:09:54,448 - INFO - Prepared sim number: 13: RAYPy_Simulation_Bessy2_LoBeta_long_FLUX/round_1/13_Bessy2_LoBeta_long_FLUX.rml
2024-07-05 15:09:54,451 - INFO - Prepared sim number: 14: RAYPy_Simulation_Bessy2_LoBeta_long_FLUX/round_1/14_Bessy2_LoBeta_long_FLUX.rml
2024-07-05 15:09:54,455 - INFO - Prepared sim number: 15: RAYPy_Simulation_Bessy2_LoBeta_long_FLUX/round_1/15_Bessy2_LoBeta_long_FLUX.rml
2024-07-05 15:09:54,458 - INFO - Prepared sim number: 16: RAYPy_Simulation_Bessy2_LoBeta_long_FLUX/round_1/16_Bessy2_LoBeta_long_FLUX.rml
2024-07-05 15:09:54,461 - INFO - Prepared sim number: 17: RAYPy_Simulation_Bessy2_LoBeta_long_FLUX/round_1/17_Bessy2_LoBeta_long_FLUX.rml
2024-07-05 15:09:54,465 - INFO - Prepared sim number: 18: RAYPy_Simulation_Bessy2_LoBeta_long_FLUX/round_1/18_Bessy2_LoBeta_long_FLUX.rml
2024-07-05 15:09:54,469 - INFO - Prepared sim number: 19: RAYPy_Simulation_Bessy2_LoBeta_long_FLUX/round_1/19_Bessy2_LoBeta_long_FLUX.rml
2024-07-05 15:09:54,473 - INFO - Prepared sim number: 20: RAYPy_Simulation_Bessy2_LoBeta_long_FLUX/round_1/20_Bessy2_LoBeta_long_FLUX.rml
2024-07-05 15:09:54,477 - INFO - Prepared sim number: 21: RAYPy_Simulation_Bessy2_LoBeta_long_FLUX/round_1/21_Bessy2_LoBeta_long_FLUX.rml
2024-07-05 15:09:54,482 - INFO - Prepared sim number: 22: RAYPy_Simulation_Bessy2_LoBeta_long_FLUX/round_1/22_Bessy2_LoBeta_long_FLUX.rml
2024-07-05 15:09:54,486 - INFO - Prepared sim number: 23: RAYPy_Simulation_Bessy2_LoBeta_long_FLUX/round_1/23_Bessy2_LoBeta_long_FLUX.rml
2024-07-05 15:09:54,491 - INFO - Prepared sim number: 24: RAYPy_Simulation_Bessy2_LoBeta_long_FLUX/round_1/24_Bessy2_LoBeta_long_FLUX.rml
2024-07-05 15:09:54,496 - INFO - Prepared sim number: 25: RAYPy_Simulation_Bessy2_LoBeta_long_FLUX/round_1/25_Bessy2_LoBeta_long_FLUX.rml
2024-07-05 15:09:54,501 - INFO - Prepared sim number: 26: RAYPy_Simulation_Bessy2_LoBeta_long_FLUX/round_1/26_Bessy2_LoBeta_long_FLUX.rml
2024-07-05 15:09:54,506 - INFO - Prepared sim number: 27: RAYPy_Simulation_Bessy2_LoBeta_long_FLUX/round_1/27_Bessy2_LoBeta_long_FLUX.rml
2024-07-05 15:09:54,511 - INFO - Prepared sim number: 28: RAYPy_Simulation_Bessy2_LoBeta_long_FLUX/round_1/28_Bessy2_LoBeta_long_FLUX.rml
2024-07-05 15:09:54,516 - INFO - Prepared sim number: 29: RAYPy_Simulation_Bessy2_LoBeta_long_FLUX/round_1/29_Bessy2_LoBeta_long_FLUX.rml
2024-07-05 15:09:54,522 - INFO - Prepared sim number: 30: RAYPy_Simulation_Bessy2_LoBeta_long_FLUX/round_1/30_Bessy2_LoBeta_long_FLUX.rml
2024-07-05 15:09:54,527 - INFO - Prepared sim number: 31: RAYPy_Simulation_Bessy2_LoBeta_long_FLUX/round_1/31_Bessy2_LoBeta_long_FLUX.rml
2024-07-05 15:09:54,533 - INFO - Prepared sim number: 32: RAYPy_Simulation_Bessy2_LoBeta_long_FLUX/round_1/32_Bessy2_LoBeta_long_FLUX.rml
2024-07-05 15:09:54,533 - INFO - Waiting for batch number: 2, timeout: 34.02342481613159s
2024-07-05 15:09:58,704 - INFO - Completed: 1, remaining: 49, RAYPy_Simulation_Bessy2_LoBeta_long_FLUX/round_0/103_Bessy2_LoBeta_long_FLUX.rml
2024-07-05 15:09:58,781 - INFO - Completed: 2, remaining: 48, RAYPy_Simulation_Bessy2_LoBeta_long_FLUX/round_0/106_Bessy2_LoBeta_long_FLUX.rml
2024-07-05 15:09:58,806 - INFO - Completed: 3, remaining: 47, RAYPy_Simulation_Bessy2_LoBeta_long_FLUX/round_0/105_Bessy2_LoBeta_long_FLUX.rml
2024-07-05 15:09:58,840 - INFO - Completed: 4, remaining: 46, RAYPy_Simulation_Bessy2_LoBeta_long_FLUX/round_0/102_Bessy2_LoBeta_long_FLUX.rml
2024-07-05 15:09:58,923 - INFO - Completed: 5, remaining: 45, RAYPy_Simulation_Bessy2_LoBeta_long_FLUX/round_0/101_Bessy2_LoBeta_long_FLUX.rml
2024-07-05 15:09:58,965 - INFO - Completed: 6, remaining: 44, RAYPy_Simulation_Bessy2_LoBeta_long_FLUX/round_0/108_Bessy2_LoBeta_long_FLUX.rml
2024-07-05 15:09:59,200 - INFO - Completed: 7, remaining: 43, RAYPy_Simulation_Bessy2_LoBeta_long_FLUX/round_0/109_Bessy2_LoBeta_long_FLUX.rml
2024-07-05 15:10:01,692 - INFO - Completed: 8, remaining: 42, RAYPy_Simulation_Bessy2_LoBeta_long_FLUX/round_0/104_Bessy2_LoBeta_long_FLUX.rml
2024-07-05 15:10:01,814 - INFO - Completed: 9, remaining: 41, RAYPy_Simulation_Bessy2_LoBeta_long_FLUX/round_0/107_Bessy2_LoBeta_long_FLUX.rml
2024-07-05 15:10:04,157 - INFO - Completed: 10, remaining: 40, RAYPy_Simulation_Bessy2_LoBeta_long_FLUX/round_0/100_Bessy2_LoBeta_long_FLUX.rml
2024-07-05 15:10:04,418 - INFO - Completed: 11, remaining: 39, RAYPy_Simulation_Bessy2_LoBeta_long_FLUX/round_0/110_Bessy2_LoBeta_long_FLUX.rml
2024-07-05 15:10:04,442 - INFO - Completed: 12, remaining: 38, RAYPy_Simulation_Bessy2_LoBeta_long_FLUX/round_0/115_Bessy2_LoBeta_long_FLUX.rml
2024-07-05 15:10:04,521 - INFO - Completed: 13, remaining: 37, RAYPy_Simulation_Bessy2_LoBeta_long_FLUX/round_0/113_Bessy2_LoBeta_long_FLUX.rml
2024-07-05 15:10:04,578 - INFO - Completed: 14, remaining: 36, RAYPy_Simulation_Bessy2_LoBeta_long_FLUX/round_0/111_Bessy2_LoBeta_long_FLUX.rml
2024-07-05 15:10:04,627 - INFO - Completed: 15, remaining: 35, RAYPy_Simulation_Bessy2_LoBeta_long_FLUX/round_0/112_Bessy2_LoBeta_long_FLUX.rml
2024-07-05 15:10:04,761 - INFO - Completed: 16, remaining: 34, RAYPy_Simulation_Bessy2_LoBeta_long_FLUX/round_0/116_Bessy2_LoBeta_long_FLUX.rml
2024-07-05 15:10:05,095 - INFO - Completed: 17, remaining: 33, RAYPy_Simulation_Bessy2_LoBeta_long_FLUX/round_0/114_Bessy2_LoBeta_long_FLUX.rml
2024-07-05 15:10:05,735 - INFO - Completed: 18, remaining: 32, RAYPy_Simulation_Bessy2_LoBeta_long_FLUX/round_1/0_Bessy2_LoBeta_long_FLUX.rml
2024-07-05 15:10:05,801 - INFO - Completed: 19, remaining: 31, RAYPy_Simulation_Bessy2_LoBeta_long_FLUX/round_1/1_Bessy2_LoBeta_long_FLUX.rml
2024-07-05 15:10:08,932 - INFO - Completed: 20, remaining: 30, RAYPy_Simulation_Bessy2_LoBeta_long_FLUX/round_1/2_Bessy2_LoBeta_long_FLUX.rml
2024-07-05 15:10:09,404 - INFO - Completed: 21, remaining: 29, RAYPy_Simulation_Bessy2_LoBeta_long_FLUX/round_1/3_Bessy2_LoBeta_long_FLUX.rml
2024-07-05 15:10:09,588 - INFO - Completed: 22, remaining: 28, RAYPy_Simulation_Bessy2_LoBeta_long_FLUX/round_1/4_Bessy2_LoBeta_long_FLUX.rml
2024-07-05 15:10:09,626 - INFO - Completed: 23, remaining: 27, RAYPy_Simulation_Bessy2_LoBeta_long_FLUX/round_1/7_Bessy2_LoBeta_long_FLUX.rml
2024-07-05 15:10:09,743 - INFO - Completed: 24, remaining: 26, RAYPy_Simulation_Bessy2_LoBeta_long_FLUX/round_1/8_Bessy2_LoBeta_long_FLUX.rml
2024-07-05 15:10:09,817 - INFO - Completed: 25, remaining: 25, RAYPy_Simulation_Bessy2_LoBeta_long_FLUX/round_1/6_Bessy2_LoBeta_long_FLUX.rml
2024-07-05 15:10:10,013 - INFO - Completed: 26, remaining: 24, RAYPy_Simulation_Bessy2_LoBeta_long_FLUX/round_1/5_Bessy2_LoBeta_long_FLUX.rml
2024-07-05 15:10:10,175 - INFO - Completed: 27, remaining: 23, RAYPy_Simulation_Bessy2_LoBeta_long_FLUX/round_1/9_Bessy2_LoBeta_long_FLUX.rml
2024-07-05 15:10:11,132 - INFO - Completed: 28, remaining: 22, RAYPy_Simulation_Bessy2_LoBeta_long_FLUX/round_1/11_Bessy2_LoBeta_long_FLUX.rml
2024-07-05 15:10:11,292 - INFO - Completed: 29, remaining: 21, RAYPy_Simulation_Bessy2_LoBeta_long_FLUX/round_1/10_Bessy2_LoBeta_long_FLUX.rml
2024-07-05 15:10:12,948 - INFO - Completed: 30, remaining: 20, RAYPy_Simulation_Bessy2_LoBeta_long_FLUX/round_1/12_Bessy2_LoBeta_long_FLUX.rml
2024-07-05 15:10:14,509 - INFO - Completed: 31, remaining: 19, RAYPy_Simulation_Bessy2_LoBeta_long_FLUX/round_1/13_Bessy2_LoBeta_long_FLUX.rml
2024-07-05 15:10:14,759 - INFO - Completed: 32, remaining: 18, RAYPy_Simulation_Bessy2_LoBeta_long_FLUX/round_1/17_Bessy2_LoBeta_long_FLUX.rml
2024-07-05 15:10:14,843 - INFO - Completed: 33, remaining: 17, RAYPy_Simulation_Bessy2_LoBeta_long_FLUX/round_1/15_Bessy2_LoBeta_long_FLUX.rml
2024-07-05 15:10:14,928 - INFO - Completed: 34, remaining: 16, RAYPy_Simulation_Bessy2_LoBeta_long_FLUX/round_1/16_Bessy2_LoBeta_long_FLUX.rml
2024-07-05 15:10:15,029 - INFO - Completed: 35, remaining: 15, RAYPy_Simulation_Bessy2_LoBeta_long_FLUX/round_1/14_Bessy2_LoBeta_long_FLUX.rml
2024-07-05 15:10:15,537 - INFO - Completed: 36, remaining: 14, RAYPy_Simulation_Bessy2_LoBeta_long_FLUX/round_1/19_Bessy2_LoBeta_long_FLUX.rml
2024-07-05 15:10:15,737 - INFO - Completed: 37, remaining: 13, RAYPy_Simulation_Bessy2_LoBeta_long_FLUX/round_1/18_Bessy2_LoBeta_long_FLUX.rml
2024-07-05 15:10:16,520 - INFO - Completed: 38, remaining: 12, RAYPy_Simulation_Bessy2_LoBeta_long_FLUX/round_1/20_Bessy2_LoBeta_long_FLUX.rml
2024-07-05 15:10:16,877 - INFO - Completed: 39, remaining: 11, RAYPy_Simulation_Bessy2_LoBeta_long_FLUX/round_1/21_Bessy2_LoBeta_long_FLUX.rml
2024-07-05 15:10:19,479 - INFO - Completed: 40, remaining: 10, RAYPy_Simulation_Bessy2_LoBeta_long_FLUX/round_1/22_Bessy2_LoBeta_long_FLUX.rml
2024-07-05 15:10:21,034 - INFO - Completed: 41, remaining: 9, RAYPy_Simulation_Bessy2_LoBeta_long_FLUX/round_1/23_Bessy2_LoBeta_long_FLUX.rml
2024-07-05 15:10:21,243 - INFO - Completed: 42, remaining: 8, RAYPy_Simulation_Bessy2_LoBeta_long_FLUX/round_1/25_Bessy2_LoBeta_long_FLUX.rml
2024-07-05 15:10:21,328 - INFO - Completed: 43, remaining: 7, RAYPy_Simulation_Bessy2_LoBeta_long_FLUX/round_1/24_Bessy2_LoBeta_long_FLUX.rml
2024-07-05 15:10:21,354 - INFO - Completed: 44, remaining: 6, RAYPy_Simulation_Bessy2_LoBeta_long_FLUX/round_1/26_Bessy2_LoBeta_long_FLUX.rml
2024-07-05 15:10:21,405 - INFO - Completed: 45, remaining: 5, RAYPy_Simulation_Bessy2_LoBeta_long_FLUX/round_1/27_Bessy2_LoBeta_long_FLUX.rml
2024-07-05 15:10:21,554 - INFO - Completed: 46, remaining: 4, RAYPy_Simulation_Bessy2_LoBeta_long_FLUX/round_1/28_Bessy2_LoBeta_long_FLUX.rml
2024-07-05 15:10:21,640 - INFO - Completed: 47, remaining: 3, RAYPy_Simulation_Bessy2_LoBeta_long_FLUX/round_1/29_Bessy2_LoBeta_long_FLUX.rml
2024-07-05 15:10:21,728 - INFO - Completed: 48, remaining: 2, RAYPy_Simulation_Bessy2_LoBeta_long_FLUX/round_1/30_Bessy2_LoBeta_long_FLUX.rml
2024-07-05 15:10:21,739 - INFO - Completed: 49, remaining: 1, RAYPy_Simulation_Bessy2_LoBeta_long_FLUX/round_1/31_Bessy2_LoBeta_long_FLUX.rml
2024-07-05 15:10:22,128 - INFO - Completed: 50, remaining: 0, RAYPy_Simulation_Bessy2_LoBeta_long_FLUX/round_1/32_Bessy2_LoBeta_long_FLUX.rml
2024-07-05 15:10:22,129 - INFO - Batch Completed
2024-07-05 15:10:22,130 - INFO - Waiting For batch, 50 simulations to go
2024-07-05 15:10:22,146 - INFO - Prepared sim number: 33: RAYPy_Simulation_Bessy2_LoBeta_long_FLUX/round_1/33_Bessy2_LoBeta_long_FLUX.rml
2024-07-05 15:10:22,151 - INFO - Prepared sim number: 34: RAYPy_Simulation_Bessy2_LoBeta_long_FLUX/round_1/34_Bessy2_LoBeta_long_FLUX.rml
2024-07-05 15:10:22,161 - INFO - Prepared sim number: 35: RAYPy_Simulation_Bessy2_LoBeta_long_FLUX/round_1/35_Bessy2_LoBeta_long_FLUX.rml
2024-07-05 15:10:22,168 - INFO - Prepared sim number: 36: RAYPy_Simulation_Bessy2_LoBeta_long_FLUX/round_1/36_Bessy2_LoBeta_long_FLUX.rml
2024-07-05 15:10:22,177 - INFO - Prepared sim number: 37: RAYPy_Simulation_Bessy2_LoBeta_long_FLUX/round_1/37_Bessy2_LoBeta_long_FLUX.rml
2024-07-05 15:10:22,185 - INFO - Prepared sim number: 38: RAYPy_Simulation_Bessy2_LoBeta_long_FLUX/round_1/38_Bessy2_LoBeta_long_FLUX.rml
2024-07-05 15:10:22,194 - INFO - Prepared sim number: 39: RAYPy_Simulation_Bessy2_LoBeta_long_FLUX/round_1/39_Bessy2_LoBeta_long_FLUX.rml
2024-07-05 15:10:22,204 - INFO - Prepared sim number: 40: RAYPy_Simulation_Bessy2_LoBeta_long_FLUX/round_1/40_Bessy2_LoBeta_long_FLUX.rml
2024-07-05 15:10:22,213 - INFO - Prepared sim number: 41: RAYPy_Simulation_Bessy2_LoBeta_long_FLUX/round_1/41_Bessy2_LoBeta_long_FLUX.rml
2024-07-05 15:10:22,219 - INFO - Prepared sim number: 42: RAYPy_Simulation_Bessy2_LoBeta_long_FLUX/round_1/42_Bessy2_LoBeta_long_FLUX.rml
2024-07-05 15:10:22,224 - INFO - Prepared sim number: 43: RAYPy_Simulation_Bessy2_LoBeta_long_FLUX/round_1/43_Bessy2_LoBeta_long_FLUX.rml
2024-07-05 15:10:22,229 - INFO - Prepared sim number: 44: RAYPy_Simulation_Bessy2_LoBeta_long_FLUX/round_1/44_Bessy2_LoBeta_long_FLUX.rml
2024-07-05 15:10:22,234 - INFO - Prepared sim number: 45: RAYPy_Simulation_Bessy2_LoBeta_long_FLUX/round_1/45_Bessy2_LoBeta_long_FLUX.rml
2024-07-05 15:10:22,238 - INFO - Prepared sim number: 46: RAYPy_Simulation_Bessy2_LoBeta_long_FLUX/round_1/46_Bessy2_LoBeta_long_FLUX.rml
2024-07-05 15:10:22,242 - INFO - Prepared sim number: 47: RAYPy_Simulation_Bessy2_LoBeta_long_FLUX/round_1/47_Bessy2_LoBeta_long_FLUX.rml
2024-07-05 15:10:22,245 - INFO - Prepared sim number: 48: RAYPy_Simulation_Bessy2_LoBeta_long_FLUX/round_1/48_Bessy2_LoBeta_long_FLUX.rml
2024-07-05 15:10:22,249 - INFO - Prepared sim number: 49: RAYPy_Simulation_Bessy2_LoBeta_long_FLUX/round_1/49_Bessy2_LoBeta_long_FLUX.rml
2024-07-05 15:10:22,252 - INFO - Prepared sim number: 50: RAYPy_Simulation_Bessy2_LoBeta_long_FLUX/round_1/50_Bessy2_LoBeta_long_FLUX.rml
2024-07-05 15:10:22,256 - INFO - Prepared sim number: 51: RAYPy_Simulation_Bessy2_LoBeta_long_FLUX/round_1/51_Bessy2_LoBeta_long_FLUX.rml
2024-07-05 15:10:22,260 - INFO - Prepared sim number: 52: RAYPy_Simulation_Bessy2_LoBeta_long_FLUX/round_1/52_Bessy2_LoBeta_long_FLUX.rml
2024-07-05 15:10:22,264 - INFO - Prepared sim number: 53: RAYPy_Simulation_Bessy2_LoBeta_long_FLUX/round_1/53_Bessy2_LoBeta_long_FLUX.rml
2024-07-05 15:10:22,268 - INFO - Prepared sim number: 54: RAYPy_Simulation_Bessy2_LoBeta_long_FLUX/round_1/54_Bessy2_LoBeta_long_FLUX.rml
2024-07-05 15:10:22,273 - INFO - Prepared sim number: 55: RAYPy_Simulation_Bessy2_LoBeta_long_FLUX/round_1/55_Bessy2_LoBeta_long_FLUX.rml
2024-07-05 15:10:22,279 - INFO - Prepared sim number: 56: RAYPy_Simulation_Bessy2_LoBeta_long_FLUX/round_1/56_Bessy2_LoBeta_long_FLUX.rml
2024-07-05 15:10:22,283 - INFO - Prepared sim number: 57: RAYPy_Simulation_Bessy2_LoBeta_long_FLUX/round_1/57_Bessy2_LoBeta_long_FLUX.rml
2024-07-05 15:10:22,288 - INFO - Prepared sim number: 58: RAYPy_Simulation_Bessy2_LoBeta_long_FLUX/round_1/58_Bessy2_LoBeta_long_FLUX.rml
2024-07-05 15:10:22,294 - INFO - Prepared sim number: 59: RAYPy_Simulation_Bessy2_LoBeta_long_FLUX/round_1/59_Bessy2_LoBeta_long_FLUX.rml
2024-07-05 15:10:22,300 - INFO - Prepared sim number: 60: RAYPy_Simulation_Bessy2_LoBeta_long_FLUX/round_1/60_Bessy2_LoBeta_long_FLUX.rml
2024-07-05 15:10:22,306 - INFO - Prepared sim number: 61: RAYPy_Simulation_Bessy2_LoBeta_long_FLUX/round_1/61_Bessy2_LoBeta_long_FLUX.rml
2024-07-05 15:10:22,311 - INFO - Prepared sim number: 62: RAYPy_Simulation_Bessy2_LoBeta_long_FLUX/round_1/62_Bessy2_LoBeta_long_FLUX.rml
2024-07-05 15:10:22,316 - INFO - Prepared sim number: 63: RAYPy_Simulation_Bessy2_LoBeta_long_FLUX/round_1/63_Bessy2_LoBeta_long_FLUX.rml
2024-07-05 15:10:22,322 - INFO - Prepared sim number: 64: RAYPy_Simulation_Bessy2_LoBeta_long_FLUX/round_1/64_Bessy2_LoBeta_long_FLUX.rml
2024-07-05 15:10:22,328 - INFO - Prepared sim number: 65: RAYPy_Simulation_Bessy2_LoBeta_long_FLUX/round_1/65_Bessy2_LoBeta_long_FLUX.rml
2024-07-05 15:10:22,334 - INFO - Prepared sim number: 66: RAYPy_Simulation_Bessy2_LoBeta_long_FLUX/round_1/66_Bessy2_LoBeta_long_FLUX.rml
2024-07-05 15:10:22,340 - INFO - Prepared sim number: 67: RAYPy_Simulation_Bessy2_LoBeta_long_FLUX/round_1/67_Bessy2_LoBeta_long_FLUX.rml
2024-07-05 15:10:22,346 - INFO - Prepared sim number: 68: RAYPy_Simulation_Bessy2_LoBeta_long_FLUX/round_1/68_Bessy2_LoBeta_long_FLUX.rml
2024-07-05 15:10:22,353 - INFO - Prepared sim number: 69: RAYPy_Simulation_Bessy2_LoBeta_long_FLUX/round_1/69_Bessy2_LoBeta_long_FLUX.rml
2024-07-05 15:10:22,358 - INFO - Prepared sim number: 70: RAYPy_Simulation_Bessy2_LoBeta_long_FLUX/round_1/70_Bessy2_LoBeta_long_FLUX.rml
2024-07-05 15:10:22,364 - INFO - Prepared sim number: 71: RAYPy_Simulation_Bessy2_LoBeta_long_FLUX/round_1/71_Bessy2_LoBeta_long_FLUX.rml
2024-07-05 15:10:22,369 - INFO - Prepared sim number: 72: RAYPy_Simulation_Bessy2_LoBeta_long_FLUX/round_1/72_Bessy2_LoBeta_long_FLUX.rml
2024-07-05 15:10:22,375 - INFO - Prepared sim number: 73: RAYPy_Simulation_Bessy2_LoBeta_long_FLUX/round_1/73_Bessy2_LoBeta_long_FLUX.rml
2024-07-05 15:10:22,380 - INFO - Prepared sim number: 74: RAYPy_Simulation_Bessy2_LoBeta_long_FLUX/round_1/74_Bessy2_LoBeta_long_FLUX.rml
2024-07-05 15:10:22,386 - INFO - Prepared sim number: 75: RAYPy_Simulation_Bessy2_LoBeta_long_FLUX/round_1/75_Bessy2_LoBeta_long_FLUX.rml
2024-07-05 15:10:22,391 - INFO - Prepared sim number: 76: RAYPy_Simulation_Bessy2_LoBeta_long_FLUX/round_1/76_Bessy2_LoBeta_long_FLUX.rml
2024-07-05 15:10:22,395 - INFO - Prepared sim number: 77: RAYPy_Simulation_Bessy2_LoBeta_long_FLUX/round_1/77_Bessy2_LoBeta_long_FLUX.rml
2024-07-05 15:10:22,398 - INFO - Prepared sim number: 78: RAYPy_Simulation_Bessy2_LoBeta_long_FLUX/round_1/78_Bessy2_LoBeta_long_FLUX.rml
2024-07-05 15:10:22,400 - INFO - Prepared sim number: 79: RAYPy_Simulation_Bessy2_LoBeta_long_FLUX/round_1/79_Bessy2_LoBeta_long_FLUX.rml
2024-07-05 15:10:22,404 - INFO - Prepared sim number: 80: RAYPy_Simulation_Bessy2_LoBeta_long_FLUX/round_1/80_Bessy2_LoBeta_long_FLUX.rml
2024-07-05 15:10:22,408 - INFO - Prepared sim number: 81: RAYPy_Simulation_Bessy2_LoBeta_long_FLUX/round_1/81_Bessy2_LoBeta_long_FLUX.rml
2024-07-05 15:10:22,411 - INFO - Prepared sim number: 82: RAYPy_Simulation_Bessy2_LoBeta_long_FLUX/round_1/82_Bessy2_LoBeta_long_FLUX.rml
2024-07-05 15:10:22,412 - INFO - Waiting for batch number: 3, timeout: 33.47347621917724s
2024-07-05 15:10:24,507 - INFO - Completed: 1, remaining: 49, RAYPy_Simulation_Bessy2_LoBeta_long_FLUX/round_1/40_Bessy2_LoBeta_long_FLUX.rml
2024-07-05 15:10:24,513 - INFO - Completed: 2, remaining: 48, RAYPy_Simulation_Bessy2_LoBeta_long_FLUX/round_1/39_Bessy2_LoBeta_long_FLUX.rml
2024-07-05 15:10:24,852 - INFO - Completed: 3, remaining: 47, RAYPy_Simulation_Bessy2_LoBeta_long_FLUX/round_1/35_Bessy2_LoBeta_long_FLUX.rml
2024-07-05 15:10:25,110 - INFO - Completed: 4, remaining: 46, RAYPy_Simulation_Bessy2_LoBeta_long_FLUX/round_1/42_Bessy2_LoBeta_long_FLUX.rml
2024-07-05 15:10:30,187 - INFO - Completed: 5, remaining: 45, RAYPy_Simulation_Bessy2_LoBeta_long_FLUX/round_1/41_Bessy2_LoBeta_long_FLUX.rml
2024-07-05 15:10:30,240 - INFO - Completed: 6, remaining: 44, RAYPy_Simulation_Bessy2_LoBeta_long_FLUX/round_1/38_Bessy2_LoBeta_long_FLUX.rml
2024-07-05 15:10:30,254 - INFO - Completed: 7, remaining: 43, RAYPy_Simulation_Bessy2_LoBeta_long_FLUX/round_1/34_Bessy2_LoBeta_long_FLUX.rml
2024-07-05 15:10:30,289 - INFO - Completed: 8, remaining: 42, RAYPy_Simulation_Bessy2_LoBeta_long_FLUX/round_1/43_Bessy2_LoBeta_long_FLUX.rml
2024-07-05 15:10:30,332 - INFO - Completed: 9, remaining: 41, RAYPy_Simulation_Bessy2_LoBeta_long_FLUX/round_1/44_Bessy2_LoBeta_long_FLUX.rml
2024-07-05 15:10:30,355 - INFO - Completed: 10, remaining: 40, RAYPy_Simulation_Bessy2_LoBeta_long_FLUX/round_1/33_Bessy2_LoBeta_long_FLUX.rml
2024-07-05 15:10:30,474 - INFO - Completed: 11, remaining: 39, RAYPy_Simulation_Bessy2_LoBeta_long_FLUX/round_1/36_Bessy2_LoBeta_long_FLUX.rml
2024-07-05 15:10:30,483 - INFO - Completed: 12, remaining: 38, RAYPy_Simulation_Bessy2_LoBeta_long_FLUX/round_1/37_Bessy2_LoBeta_long_FLUX.rml
2024-07-05 15:10:30,663 - INFO - Completed: 13, remaining: 37, RAYPy_Simulation_Bessy2_LoBeta_long_FLUX/round_1/45_Bessy2_LoBeta_long_FLUX.rml
2024-07-05 15:10:31,083 - INFO - Completed: 14, remaining: 36, RAYPy_Simulation_Bessy2_LoBeta_long_FLUX/round_1/46_Bessy2_LoBeta_long_FLUX.rml
2024-07-05 15:10:34,715 - INFO - Completed: 15, remaining: 35, RAYPy_Simulation_Bessy2_LoBeta_long_FLUX/round_1/49_Bessy2_LoBeta_long_FLUX.rml
2024-07-05 15:10:34,831 - INFO - Completed: 16, remaining: 34, RAYPy_Simulation_Bessy2_LoBeta_long_FLUX/round_1/48_Bessy2_LoBeta_long_FLUX.rml
2024-07-05 15:10:34,845 - INFO - Completed: 17, remaining: 33, RAYPy_Simulation_Bessy2_LoBeta_long_FLUX/round_1/50_Bessy2_LoBeta_long_FLUX.rml
2024-07-05 15:10:34,900 - INFO - Completed: 18, remaining: 32, RAYPy_Simulation_Bessy2_LoBeta_long_FLUX/round_1/52_Bessy2_LoBeta_long_FLUX.rml
2024-07-05 15:10:34,976 - INFO - Completed: 19, remaining: 31, RAYPy_Simulation_Bessy2_LoBeta_long_FLUX/round_1/47_Bessy2_LoBeta_long_FLUX.rml
2024-07-05 15:10:35,042 - INFO - Completed: 20, remaining: 30, RAYPy_Simulation_Bessy2_LoBeta_long_FLUX/round_1/54_Bessy2_LoBeta_long_FLUX.rml
2024-07-05 15:10:35,084 - INFO - Completed: 21, remaining: 29, RAYPy_Simulation_Bessy2_LoBeta_long_FLUX/round_1/53_Bessy2_LoBeta_long_FLUX.rml
2024-07-05 15:10:35,124 - INFO - Completed: 22, remaining: 28, RAYPy_Simulation_Bessy2_LoBeta_long_FLUX/round_1/55_Bessy2_LoBeta_long_FLUX.rml
2024-07-05 15:10:35,387 - INFO - Completed: 23, remaining: 27, RAYPy_Simulation_Bessy2_LoBeta_long_FLUX/round_1/51_Bessy2_LoBeta_long_FLUX.rml
2024-07-05 15:10:35,423 - INFO - Completed: 24, remaining: 26, RAYPy_Simulation_Bessy2_LoBeta_long_FLUX/round_1/56_Bessy2_LoBeta_long_FLUX.rml
2024-07-05 15:10:41,209 - INFO - Completed: 25, remaining: 25, RAYPy_Simulation_Bessy2_LoBeta_long_FLUX/round_1/60_Bessy2_LoBeta_long_FLUX.rml
2024-07-05 15:10:41,219 - INFO - Completed: 26, remaining: 24, RAYPy_Simulation_Bessy2_LoBeta_long_FLUX/round_1/57_Bessy2_LoBeta_long_FLUX.rml
2024-07-05 15:10:41,291 - INFO - Completed: 27, remaining: 23, RAYPy_Simulation_Bessy2_LoBeta_long_FLUX/round_1/63_Bessy2_LoBeta_long_FLUX.rml
2024-07-05 15:10:41,317 - INFO - Completed: 28, remaining: 22, RAYPy_Simulation_Bessy2_LoBeta_long_FLUX/round_1/58_Bessy2_LoBeta_long_FLUX.rml
2024-07-05 15:10:41,376 - INFO - Completed: 29, remaining: 21, RAYPy_Simulation_Bessy2_LoBeta_long_FLUX/round_1/59_Bessy2_LoBeta_long_FLUX.rml
2024-07-05 15:10:41,457 - INFO - Completed: 30, remaining: 20, RAYPy_Simulation_Bessy2_LoBeta_long_FLUX/round_1/65_Bessy2_LoBeta_long_FLUX.rml
2024-07-05 15:10:41,469 - INFO - Completed: 31, remaining: 19, RAYPy_Simulation_Bessy2_LoBeta_long_FLUX/round_1/62_Bessy2_LoBeta_long_FLUX.rml
2024-07-05 15:10:41,537 - INFO - Completed: 32, remaining: 18, RAYPy_Simulation_Bessy2_LoBeta_long_FLUX/round_1/61_Bessy2_LoBeta_long_FLUX.rml
2024-07-05 15:10:41,658 - INFO - Completed: 33, remaining: 17, RAYPy_Simulation_Bessy2_LoBeta_long_FLUX/round_1/66_Bessy2_LoBeta_long_FLUX.rml
2024-07-05 15:10:41,875 - INFO - Completed: 34, remaining: 16, RAYPy_Simulation_Bessy2_LoBeta_long_FLUX/round_1/64_Bessy2_LoBeta_long_FLUX.rml
2024-07-05 15:10:45,928 - INFO - Completed: 35, remaining: 15, RAYPy_Simulation_Bessy2_LoBeta_long_FLUX/round_1/67_Bessy2_LoBeta_long_FLUX.rml
2024-07-05 15:10:46,063 - INFO - Completed: 36, remaining: 14, RAYPy_Simulation_Bessy2_LoBeta_long_FLUX/round_1/73_Bessy2_LoBeta_long_FLUX.rml
2024-07-05 15:10:46,133 - INFO - Completed: 37, remaining: 13, RAYPy_Simulation_Bessy2_LoBeta_long_FLUX/round_1/70_Bessy2_LoBeta_long_FLUX.rml
2024-07-05 15:10:46,165 - INFO - Completed: 38, remaining: 12, RAYPy_Simulation_Bessy2_LoBeta_long_FLUX/round_1/71_Bessy2_LoBeta_long_FLUX.rml
2024-07-05 15:10:46,232 - INFO - Completed: 39, remaining: 11, RAYPy_Simulation_Bessy2_LoBeta_long_FLUX/round_1/74_Bessy2_LoBeta_long_FLUX.rml
2024-07-05 15:10:46,329 - INFO - Completed: 40, remaining: 10, RAYPy_Simulation_Bessy2_LoBeta_long_FLUX/round_1/68_Bessy2_LoBeta_long_FLUX.rml
2024-07-05 15:10:46,391 - INFO - Completed: 41, remaining: 9, RAYPy_Simulation_Bessy2_LoBeta_long_FLUX/round_1/69_Bessy2_LoBeta_long_FLUX.rml
2024-07-05 15:10:46,456 - INFO - Completed: 42, remaining: 8, RAYPy_Simulation_Bessy2_LoBeta_long_FLUX/round_1/72_Bessy2_LoBeta_long_FLUX.rml
2024-07-05 15:10:46,503 - INFO - Completed: 43, remaining: 7, RAYPy_Simulation_Bessy2_LoBeta_long_FLUX/round_1/75_Bessy2_LoBeta_long_FLUX.rml
2024-07-05 15:10:46,674 - INFO - Completed: 44, remaining: 6, RAYPy_Simulation_Bessy2_LoBeta_long_FLUX/round_1/76_Bessy2_LoBeta_long_FLUX.rml
2024-07-05 15:10:49,320 - INFO - Completed: 45, remaining: 5, RAYPy_Simulation_Bessy2_LoBeta_long_FLUX/round_1/77_Bessy2_LoBeta_long_FLUX.rml
2024-07-05 15:10:49,412 - INFO - Completed: 46, remaining: 4, RAYPy_Simulation_Bessy2_LoBeta_long_FLUX/round_1/80_Bessy2_LoBeta_long_FLUX.rml
2024-07-05 15:10:49,509 - INFO - Completed: 47, remaining: 3, RAYPy_Simulation_Bessy2_LoBeta_long_FLUX/round_1/79_Bessy2_LoBeta_long_FLUX.rml
2024-07-05 15:10:49,523 - INFO - Completed: 48, remaining: 2, RAYPy_Simulation_Bessy2_LoBeta_long_FLUX/round_1/81_Bessy2_LoBeta_long_FLUX.rml
2024-07-05 15:10:49,551 - INFO - Completed: 49, remaining: 1, RAYPy_Simulation_Bessy2_LoBeta_long_FLUX/round_1/82_Bessy2_LoBeta_long_FLUX.rml
2024-07-05 15:10:49,603 - INFO - Completed: 50, remaining: 0, RAYPy_Simulation_Bessy2_LoBeta_long_FLUX/round_1/78_Bessy2_LoBeta_long_FLUX.rml
2024-07-05 15:10:49,603 - INFO - Batch Completed
2024-07-05 15:10:49,603 - INFO - Waiting For batch, 50 simulations to go
2024-07-05 15:10:49,610 - INFO - Prepared sim number: 83: RAYPy_Simulation_Bessy2_LoBeta_long_FLUX/round_1/83_Bessy2_LoBeta_long_FLUX.rml
2024-07-05 15:10:49,616 - INFO - Prepared sim number: 84: RAYPy_Simulation_Bessy2_LoBeta_long_FLUX/round_1/84_Bessy2_LoBeta_long_FLUX.rml
2024-07-05 15:10:49,625 - INFO - Prepared sim number: 85: RAYPy_Simulation_Bessy2_LoBeta_long_FLUX/round_1/85_Bessy2_LoBeta_long_FLUX.rml
2024-07-05 15:10:49,632 - INFO - Prepared sim number: 86: RAYPy_Simulation_Bessy2_LoBeta_long_FLUX/round_1/86_Bessy2_LoBeta_long_FLUX.rml
2024-07-05 15:10:49,637 - INFO - Prepared sim number: 87: RAYPy_Simulation_Bessy2_LoBeta_long_FLUX/round_1/87_Bessy2_LoBeta_long_FLUX.rml
2024-07-05 15:10:49,642 - INFO - Prepared sim number: 88: RAYPy_Simulation_Bessy2_LoBeta_long_FLUX/round_1/88_Bessy2_LoBeta_long_FLUX.rml
2024-07-05 15:10:49,650 - INFO - Prepared sim number: 89: RAYPy_Simulation_Bessy2_LoBeta_long_FLUX/round_1/89_Bessy2_LoBeta_long_FLUX.rml
2024-07-05 15:10:49,655 - INFO - Prepared sim number: 90: RAYPy_Simulation_Bessy2_LoBeta_long_FLUX/round_1/90_Bessy2_LoBeta_long_FLUX.rml
2024-07-05 15:10:49,660 - INFO - Prepared sim number: 91: RAYPy_Simulation_Bessy2_LoBeta_long_FLUX/round_1/91_Bessy2_LoBeta_long_FLUX.rml
2024-07-05 15:10:49,667 - INFO - Prepared sim number: 92: RAYPy_Simulation_Bessy2_LoBeta_long_FLUX/round_1/92_Bessy2_LoBeta_long_FLUX.rml
2024-07-05 15:10:49,672 - INFO - Prepared sim number: 93: RAYPy_Simulation_Bessy2_LoBeta_long_FLUX/round_1/93_Bessy2_LoBeta_long_FLUX.rml
2024-07-05 15:10:49,676 - INFO - Prepared sim number: 94: RAYPy_Simulation_Bessy2_LoBeta_long_FLUX/round_1/94_Bessy2_LoBeta_long_FLUX.rml
2024-07-05 15:10:49,681 - INFO - Prepared sim number: 95: RAYPy_Simulation_Bessy2_LoBeta_long_FLUX/round_1/95_Bessy2_LoBeta_long_FLUX.rml
2024-07-05 15:10:49,686 - INFO - Prepared sim number: 96: RAYPy_Simulation_Bessy2_LoBeta_long_FLUX/round_1/96_Bessy2_LoBeta_long_FLUX.rml
2024-07-05 15:10:49,691 - INFO - Prepared sim number: 97: RAYPy_Simulation_Bessy2_LoBeta_long_FLUX/round_1/97_Bessy2_LoBeta_long_FLUX.rml
2024-07-05 15:10:49,696 - INFO - Prepared sim number: 98: RAYPy_Simulation_Bessy2_LoBeta_long_FLUX/round_1/98_Bessy2_LoBeta_long_FLUX.rml
2024-07-05 15:10:49,701 - INFO - Prepared sim number: 99: RAYPy_Simulation_Bessy2_LoBeta_long_FLUX/round_1/99_Bessy2_LoBeta_long_FLUX.rml
2024-07-05 15:10:49,705 - INFO - Prepared sim number: 100: RAYPy_Simulation_Bessy2_LoBeta_long_FLUX/round_1/100_Bessy2_LoBeta_long_FLUX.rml
2024-07-05 15:10:49,710 - INFO - Prepared sim number: 101: RAYPy_Simulation_Bessy2_LoBeta_long_FLUX/round_1/101_Bessy2_LoBeta_long_FLUX.rml
2024-07-05 15:10:49,716 - INFO - Prepared sim number: 102: RAYPy_Simulation_Bessy2_LoBeta_long_FLUX/round_1/102_Bessy2_LoBeta_long_FLUX.rml
2024-07-05 15:10:49,721 - INFO - Prepared sim number: 103: RAYPy_Simulation_Bessy2_LoBeta_long_FLUX/round_1/103_Bessy2_LoBeta_long_FLUX.rml
2024-07-05 15:10:49,725 - INFO - Prepared sim number: 104: RAYPy_Simulation_Bessy2_LoBeta_long_FLUX/round_1/104_Bessy2_LoBeta_long_FLUX.rml
2024-07-05 15:10:49,731 - INFO - Prepared sim number: 105: RAYPy_Simulation_Bessy2_LoBeta_long_FLUX/round_1/105_Bessy2_LoBeta_long_FLUX.rml
2024-07-05 15:10:49,736 - INFO - Prepared sim number: 106: RAYPy_Simulation_Bessy2_LoBeta_long_FLUX/round_1/106_Bessy2_LoBeta_long_FLUX.rml
2024-07-05 15:10:49,741 - INFO - Prepared sim number: 107: RAYPy_Simulation_Bessy2_LoBeta_long_FLUX/round_1/107_Bessy2_LoBeta_long_FLUX.rml
2024-07-05 15:10:49,747 - INFO - Prepared sim number: 108: RAYPy_Simulation_Bessy2_LoBeta_long_FLUX/round_1/108_Bessy2_LoBeta_long_FLUX.rml
2024-07-05 15:10:49,752 - INFO - Prepared sim number: 109: RAYPy_Simulation_Bessy2_LoBeta_long_FLUX/round_1/109_Bessy2_LoBeta_long_FLUX.rml
2024-07-05 15:10:49,757 - INFO - Prepared sim number: 110: RAYPy_Simulation_Bessy2_LoBeta_long_FLUX/round_1/110_Bessy2_LoBeta_long_FLUX.rml
2024-07-05 15:10:49,762 - INFO - Prepared sim number: 111: RAYPy_Simulation_Bessy2_LoBeta_long_FLUX/round_1/111_Bessy2_LoBeta_long_FLUX.rml
2024-07-05 15:10:49,766 - INFO - Prepared sim number: 112: RAYPy_Simulation_Bessy2_LoBeta_long_FLUX/round_1/112_Bessy2_LoBeta_long_FLUX.rml
2024-07-05 15:10:49,771 - INFO - Prepared sim number: 113: RAYPy_Simulation_Bessy2_LoBeta_long_FLUX/round_1/113_Bessy2_LoBeta_long_FLUX.rml
2024-07-05 15:10:49,776 - INFO - Prepared sim number: 114: RAYPy_Simulation_Bessy2_LoBeta_long_FLUX/round_1/114_Bessy2_LoBeta_long_FLUX.rml
2024-07-05 15:10:49,781 - INFO - Prepared sim number: 115: RAYPy_Simulation_Bessy2_LoBeta_long_FLUX/round_1/115_Bessy2_LoBeta_long_FLUX.rml
2024-07-05 15:10:49,786 - INFO - Prepared sim number: 116: RAYPy_Simulation_Bessy2_LoBeta_long_FLUX/round_1/116_Bessy2_LoBeta_long_FLUX.rml
2024-07-05 15:10:49,786 - INFO - Waiting for batch number: 4, timeout: 32.86899139165878s
2024-07-05 15:10:53,525 - INFO - Completed: 1, remaining: 49, RAYPy_Simulation_Bessy2_LoBeta_long_FLUX/round_1/90_Bessy2_LoBeta_long_FLUX.rml
2024-07-05 15:10:53,674 - INFO - Completed: 2, remaining: 48, RAYPy_Simulation_Bessy2_LoBeta_long_FLUX/round_1/83_Bessy2_LoBeta_long_FLUX.rml
2024-07-05 15:10:53,820 - INFO - Completed: 3, remaining: 47, RAYPy_Simulation_Bessy2_LoBeta_long_FLUX/round_1/86_Bessy2_LoBeta_long_FLUX.rml
2024-07-05 15:10:53,851 - INFO - Completed: 4, remaining: 46, RAYPy_Simulation_Bessy2_LoBeta_long_FLUX/round_1/88_Bessy2_LoBeta_long_FLUX.rml
2024-07-05 15:10:53,914 - INFO - Completed: 5, remaining: 45, RAYPy_Simulation_Bessy2_LoBeta_long_FLUX/round_1/92_Bessy2_LoBeta_long_FLUX.rml
2024-07-05 15:10:54,087 - INFO - Completed: 6, remaining: 44, RAYPy_Simulation_Bessy2_LoBeta_long_FLUX/round_1/87_Bessy2_LoBeta_long_FLUX.rml
2024-07-05 15:10:54,217 - INFO - Completed: 7, remaining: 43, RAYPy_Simulation_Bessy2_LoBeta_long_FLUX/round_1/89_Bessy2_LoBeta_long_FLUX.rml
2024-07-05 15:10:56,186 - INFO - Completed: 8, remaining: 42, RAYPy_Simulation_Bessy2_LoBeta_long_FLUX/round_1/84_Bessy2_LoBeta_long_FLUX.rml
2024-07-05 15:10:56,298 - INFO - Completed: 9, remaining: 41, RAYPy_Simulation_Bessy2_LoBeta_long_FLUX/round_1/85_Bessy2_LoBeta_long_FLUX.rml
2024-07-05 15:10:56,970 - INFO - Completed: 10, remaining: 40, RAYPy_Simulation_Bessy2_LoBeta_long_FLUX/round_1/91_Bessy2_LoBeta_long_FLUX.rml
2024-07-05 15:10:59,469 - INFO - Completed: 11, remaining: 39, RAYPy_Simulation_Bessy2_LoBeta_long_FLUX/round_1/93_Bessy2_LoBeta_long_FLUX.rml
2024-07-05 15:10:59,587 - INFO - Completed: 12, remaining: 38, RAYPy_Simulation_Bessy2_LoBeta_long_FLUX/round_1/95_Bessy2_LoBeta_long_FLUX.rml
2024-07-05 15:10:59,699 - INFO - Completed: 13, remaining: 37, RAYPy_Simulation_Bessy2_LoBeta_long_FLUX/round_1/97_Bessy2_LoBeta_long_FLUX.rml
2024-07-05 15:10:59,843 - INFO - Completed: 14, remaining: 36, RAYPy_Simulation_Bessy2_LoBeta_long_FLUX/round_1/94_Bessy2_LoBeta_long_FLUX.rml
2024-07-05 15:10:59,954 - INFO - Completed: 15, remaining: 35, RAYPy_Simulation_Bessy2_LoBeta_long_FLUX/round_1/99_Bessy2_LoBeta_long_FLUX.rml
2024-07-05 15:11:00,012 - INFO - Completed: 16, remaining: 34, RAYPy_Simulation_Bessy2_LoBeta_long_FLUX/round_1/96_Bessy2_LoBeta_long_FLUX.rml
2024-07-05 15:11:00,133 - INFO - Completed: 17, remaining: 33, RAYPy_Simulation_Bessy2_LoBeta_long_FLUX/round_1/98_Bessy2_LoBeta_long_FLUX.rml
2024-07-05 15:11:01,878 - INFO - Completed: 18, remaining: 32, RAYPy_Simulation_Bessy2_LoBeta_long_FLUX/round_1/100_Bessy2_LoBeta_long_FLUX.rml
2024-07-05 15:11:02,090 - INFO - Completed: 19, remaining: 31, RAYPy_Simulation_Bessy2_LoBeta_long_FLUX/round_1/101_Bessy2_LoBeta_long_FLUX.rml
2024-07-05 15:11:02,234 - INFO - Completed: 20, remaining: 30, RAYPy_Simulation_Bessy2_LoBeta_long_FLUX/round_1/102_Bessy2_LoBeta_long_FLUX.rml
2024-07-05 15:11:04,377 - INFO - Completed: 21, remaining: 29, RAYPy_Simulation_Bessy2_LoBeta_long_FLUX/round_1/104_Bessy2_LoBeta_long_FLUX.rml
2024-07-05 15:11:04,755 - INFO - Completed: 22, remaining: 28, RAYPy_Simulation_Bessy2_LoBeta_long_FLUX/round_1/103_Bessy2_LoBeta_long_FLUX.rml
2024-07-05 15:11:04,802 - INFO - Completed: 23, remaining: 27, RAYPy_Simulation_Bessy2_LoBeta_long_FLUX/round_1/105_Bessy2_LoBeta_long_FLUX.rml
2024-07-05 15:11:05,140 - INFO - Completed: 24, remaining: 26, RAYPy_Simulation_Bessy2_LoBeta_long_FLUX/round_1/109_Bessy2_LoBeta_long_FLUX.rml
2024-07-05 15:11:05,274 - INFO - Completed: 25, remaining: 25, RAYPy_Simulation_Bessy2_LoBeta_long_FLUX/round_1/107_Bessy2_LoBeta_long_FLUX.rml
2024-07-05 15:11:05,287 - INFO - Completed: 26, remaining: 24, RAYPy_Simulation_Bessy2_LoBeta_long_FLUX/round_1/106_Bessy2_LoBeta_long_FLUX.rml
2024-07-05 15:11:05,329 - INFO - Completed: 27, remaining: 23, RAYPy_Simulation_Bessy2_LoBeta_long_FLUX/round_1/108_Bessy2_LoBeta_long_FLUX.rml
2024-07-05 15:11:06,542 - INFO - Completed: 28, remaining: 22, RAYPy_Simulation_Bessy2_LoBeta_long_FLUX/round_1/110_Bessy2_LoBeta_long_FLUX.rml
2024-07-05 15:11:06,544 - INFO - Completed: 29, remaining: 21, RAYPy_Simulation_Bessy2_LoBeta_long_FLUX/round_1/111_Bessy2_LoBeta_long_FLUX.rml
2024-07-05 15:11:06,646 - INFO - Completed: 30, remaining: 20, RAYPy_Simulation_Bessy2_LoBeta_long_FLUX/round_1/112_Bessy2_LoBeta_long_FLUX.rml
2024-07-05 15:11:07,545 - INFO - Completed: 31, remaining: 19, RAYPy_Simulation_Bessy2_LoBeta_long_FLUX/round_1/113_Bessy2_LoBeta_long_FLUX.rml
2024-07-05 15:11:07,682 - INFO - Completed: 32, remaining: 18, RAYPy_Simulation_Bessy2_LoBeta_long_FLUX/round_1/115_Bessy2_LoBeta_long_FLUX.rml
2024-07-05 15:11:07,764 - INFO - Completed: 33, remaining: 17, RAYPy_Simulation_Bessy2_LoBeta_long_FLUX/round_1/114_Bessy2_LoBeta_long_FLUX.rml
2024-07-05 15:11:07,851 - INFO - Completed: 34, remaining: 16, RAYPy_Simulation_Bessy2_LoBeta_long_FLUX/round_1/116_Bessy2_LoBeta_long_FLUX.rml
2024-07-05 15:11:07,851 - INFO - Batch Completed
2024-07-05 15:11:07,852 - INFO - Waiting For batch, 50 simulations to go
2024-07-05 15:11:07,853 - INFO - Remaning Simulations 0, stop the simulations loop
2024-07-05 15:11:07,853 - INFO - Checking that all simulations are completed before stopping the ProcessPoolExecutor
2024-07-05 15:11:08,061 - INFO - Executor shutdown completed.
2024-07-05 15:11:08,074 - INFO - Simulation completed successfully.
2024-07-05 15:11:08,075 - INFO - Starting cleanup
2024-07-05 15:11:09,128 - INFO - Done with the cleanup
2024-07-05 15:11:09,128 - INFO - End of the Simulations
