2024-07-05 15:17:18,906 - INFO - Simulation started, using 10 workers
2024-07-05 15:17:18,913 - INFO - Start round 0
2024-07-05 15:17:18,927 - INFO - Prepared sim number: 0: RAYPy_Simulation_Bessy3_long_RP/round_0/0_Bessy3_long_RP.rml
2024-07-05 15:17:18,943 - INFO - Prepared sim number: 1: RAYPy_Simulation_Bessy3_long_RP/round_0/1_Bessy3_long_RP.rml
2024-07-05 15:17:18,956 - INFO - Prepared sim number: 2: RAYPy_Simulation_Bessy3_long_RP/round_0/2_Bessy3_long_RP.rml
2024-07-05 15:17:18,982 - INFO - Prepared sim number: 3: RAYPy_Simulation_Bessy3_long_RP/round_0/3_Bessy3_long_RP.rml
2024-07-05 15:17:19,016 - INFO - Prepared sim number: 4: RAYPy_Simulation_Bessy3_long_RP/round_0/4_Bessy3_long_RP.rml
2024-07-05 15:17:19,039 - INFO - Prepared sim number: 5: RAYPy_Simulation_Bessy3_long_RP/round_0/5_Bessy3_long_RP.rml
2024-07-05 15:17:19,061 - INFO - Prepared sim number: 6: RAYPy_Simulation_Bessy3_long_RP/round_0/6_Bessy3_long_RP.rml
2024-07-05 15:17:19,079 - INFO - Prepared sim number: 7: RAYPy_Simulation_Bessy3_long_RP/round_0/7_Bessy3_long_RP.rml
2024-07-05 15:17:19,098 - INFO - Prepared sim number: 8: RAYPy_Simulation_Bessy3_long_RP/round_0/8_Bessy3_long_RP.rml
2024-07-05 15:17:19,112 - INFO - Prepared sim number: 9: RAYPy_Simulation_Bessy3_long_RP/round_0/9_Bessy3_long_RP.rml
2024-07-05 15:17:19,120 - INFO - Prepared sim number: 10: RAYPy_Simulation_Bessy3_long_RP/round_0/10_Bessy3_long_RP.rml
2024-07-05 15:17:19,128 - INFO - Prepared sim number: 11: RAYPy_Simulation_Bessy3_long_RP/round_0/11_Bessy3_long_RP.rml
2024-07-05 15:17:19,136 - INFO - Prepared sim number: 12: RAYPy_Simulation_Bessy3_long_RP/round_0/12_Bessy3_long_RP.rml
2024-07-05 15:17:19,145 - INFO - Prepared sim number: 13: RAYPy_Simulation_Bessy3_long_RP/round_0/13_Bessy3_long_RP.rml
2024-07-05 15:17:19,153 - INFO - Prepared sim number: 14: RAYPy_Simulation_Bessy3_long_RP/round_0/14_Bessy3_long_RP.rml
2024-07-05 15:17:19,163 - INFO - Prepared sim number: 15: RAYPy_Simulation_Bessy3_long_RP/round_0/15_Bessy3_long_RP.rml
2024-07-05 15:17:19,171 - INFO - Prepared sim number: 16: RAYPy_Simulation_Bessy3_long_RP/round_0/16_Bessy3_long_RP.rml
2024-07-05 15:17:19,183 - INFO - Prepared sim number: 17: RAYPy_Simulation_Bessy3_long_RP/round_0/17_Bessy3_long_RP.rml
2024-07-05 15:17:19,194 - INFO - Prepared sim number: 18: RAYPy_Simulation_Bessy3_long_RP/round_0/18_Bessy3_long_RP.rml
2024-07-05 15:17:19,204 - INFO - Prepared sim number: 19: RAYPy_Simulation_Bessy3_long_RP/round_0/19_Bessy3_long_RP.rml
2024-07-05 15:17:19,213 - INFO - Prepared sim number: 20: RAYPy_Simulation_Bessy3_long_RP/round_0/20_Bessy3_long_RP.rml
2024-07-05 15:17:19,222 - INFO - Prepared sim number: 21: RAYPy_Simulation_Bessy3_long_RP/round_0/21_Bessy3_long_RP.rml
2024-07-05 15:17:19,232 - INFO - Prepared sim number: 22: RAYPy_Simulation_Bessy3_long_RP/round_0/22_Bessy3_long_RP.rml
2024-07-05 15:17:19,243 - INFO - Prepared sim number: 23: RAYPy_Simulation_Bessy3_long_RP/round_0/23_Bessy3_long_RP.rml
2024-07-05 15:17:19,252 - INFO - Prepared sim number: 24: RAYPy_Simulation_Bessy3_long_RP/round_0/24_Bessy3_long_RP.rml
2024-07-05 15:17:19,261 - INFO - Prepared sim number: 25: RAYPy_Simulation_Bessy3_long_RP/round_0/25_Bessy3_long_RP.rml
2024-07-05 15:17:19,270 - INFO - Prepared sim number: 26: RAYPy_Simulation_Bessy3_long_RP/round_0/26_Bessy3_long_RP.rml
2024-07-05 15:17:19,279 - INFO - Prepared sim number: 27: RAYPy_Simulation_Bessy3_long_RP/round_0/27_Bessy3_long_RP.rml
2024-07-05 15:17:19,289 - INFO - Prepared sim number: 28: RAYPy_Simulation_Bessy3_long_RP/round_0/28_Bessy3_long_RP.rml
2024-07-05 15:17:19,302 - INFO - Prepared sim number: 29: RAYPy_Simulation_Bessy3_long_RP/round_0/29_Bessy3_long_RP.rml
2024-07-05 15:17:19,311 - INFO - Prepared sim number: 30: RAYPy_Simulation_Bessy3_long_RP/round_0/30_Bessy3_long_RP.rml
2024-07-05 15:17:19,320 - INFO - Prepared sim number: 31: RAYPy_Simulation_Bessy3_long_RP/round_0/31_Bessy3_long_RP.rml
2024-07-05 15:17:19,329 - INFO - Prepared sim number: 32: RAYPy_Simulation_Bessy3_long_RP/round_0/32_Bessy3_long_RP.rml
2024-07-05 15:17:19,338 - INFO - Prepared sim number: 33: RAYPy_Simulation_Bessy3_long_RP/round_0/33_Bessy3_long_RP.rml
2024-07-05 15:17:19,348 - INFO - Prepared sim number: 34: RAYPy_Simulation_Bessy3_long_RP/round_0/34_Bessy3_long_RP.rml
2024-07-05 15:17:19,358 - INFO - Prepared sim number: 35: RAYPy_Simulation_Bessy3_long_RP/round_0/35_Bessy3_long_RP.rml
2024-07-05 15:17:19,369 - INFO - Prepared sim number: 36: RAYPy_Simulation_Bessy3_long_RP/round_0/36_Bessy3_long_RP.rml
2024-07-05 15:17:19,379 - INFO - Prepared sim number: 37: RAYPy_Simulation_Bessy3_long_RP/round_0/37_Bessy3_long_RP.rml
2024-07-05 15:17:19,392 - INFO - Prepared sim number: 38: RAYPy_Simulation_Bessy3_long_RP/round_0/38_Bessy3_long_RP.rml
2024-07-05 15:17:19,402 - INFO - Prepared sim number: 39: RAYPy_Simulation_Bessy3_long_RP/round_0/39_Bessy3_long_RP.rml
2024-07-05 15:17:19,409 - INFO - Prepared sim number: 40: RAYPy_Simulation_Bessy3_long_RP/round_0/40_Bessy3_long_RP.rml
2024-07-05 15:17:19,417 - INFO - Prepared sim number: 41: RAYPy_Simulation_Bessy3_long_RP/round_0/41_Bessy3_long_RP.rml
2024-07-05 15:17:19,426 - INFO - Prepared sim number: 42: RAYPy_Simulation_Bessy3_long_RP/round_0/42_Bessy3_long_RP.rml
2024-07-05 15:17:19,435 - INFO - Prepared sim number: 43: RAYPy_Simulation_Bessy3_long_RP/round_0/43_Bessy3_long_RP.rml
2024-07-05 15:17:19,449 - INFO - Prepared sim number: 44: RAYPy_Simulation_Bessy3_long_RP/round_0/44_Bessy3_long_RP.rml
2024-07-05 15:17:19,464 - INFO - Prepared sim number: 45: RAYPy_Simulation_Bessy3_long_RP/round_0/45_Bessy3_long_RP.rml
2024-07-05 15:17:19,476 - INFO - Prepared sim number: 46: RAYPy_Simulation_Bessy3_long_RP/round_0/46_Bessy3_long_RP.rml
2024-07-05 15:17:19,487 - INFO - Prepared sim number: 47: RAYPy_Simulation_Bessy3_long_RP/round_0/47_Bessy3_long_RP.rml
2024-07-05 15:17:19,499 - INFO - Prepared sim number: 48: RAYPy_Simulation_Bessy3_long_RP/round_0/48_Bessy3_long_RP.rml
2024-07-05 15:17:19,510 - INFO - Prepared sim number: 49: RAYPy_Simulation_Bessy3_long_RP/round_0/49_Bessy3_long_RP.rml
2024-07-05 15:17:19,529 - INFO - Waiting for batch number: 0, timeout: 60s
2024-07-05 15:17:21,529 - INFO - Completed: 1, remaining: 49, RAYPy_Simulation_Bessy3_long_RP/round_0/1_Bessy3_long_RP.rml
2024-07-05 15:17:21,538 - INFO - Completed: 2, remaining: 48, RAYPy_Simulation_Bessy3_long_RP/round_0/9_Bessy3_long_RP.rml
2024-07-05 15:17:21,689 - INFO - Completed: 3, remaining: 47, RAYPy_Simulation_Bessy3_long_RP/round_0/4_Bessy3_long_RP.rml
2024-07-05 15:17:21,849 - INFO - Completed: 4, remaining: 46, RAYPy_Simulation_Bessy3_long_RP/round_0/7_Bessy3_long_RP.rml
2024-07-05 15:17:21,968 - INFO - Completed: 5, remaining: 45, RAYPy_Simulation_Bessy3_long_RP/round_0/5_Bessy3_long_RP.rml
2024-07-05 15:17:22,179 - INFO - Completed: 6, remaining: 44, RAYPy_Simulation_Bessy3_long_RP/round_0/8_Bessy3_long_RP.rml
2024-07-05 15:17:22,311 - INFO - Completed: 7, remaining: 43, RAYPy_Simulation_Bessy3_long_RP/round_0/3_Bessy3_long_RP.rml
2024-07-05 15:17:25,890 - INFO - Completed: 8, remaining: 42, RAYPy_Simulation_Bessy3_long_RP/round_0/0_Bessy3_long_RP.rml
2024-07-05 15:17:26,087 - INFO - Completed: 9, remaining: 41, RAYPy_Simulation_Bessy3_long_RP/round_0/11_Bessy3_long_RP.rml
2024-07-05 15:17:26,171 - INFO - Completed: 10, remaining: 40, RAYPy_Simulation_Bessy3_long_RP/round_0/10_Bessy3_long_RP.rml
2024-07-05 15:17:26,269 - INFO - Completed: 11, remaining: 39, RAYPy_Simulation_Bessy3_long_RP/round_0/6_Bessy3_long_RP.rml
2024-07-05 15:17:26,386 - INFO - Completed: 12, remaining: 38, RAYPy_Simulation_Bessy3_long_RP/round_0/12_Bessy3_long_RP.rml
2024-07-05 15:17:26,633 - INFO - Completed: 13, remaining: 37, RAYPy_Simulation_Bessy3_long_RP/round_0/13_Bessy3_long_RP.rml
2024-07-05 15:17:26,850 - INFO - Completed: 14, remaining: 36, RAYPy_Simulation_Bessy3_long_RP/round_0/16_Bessy3_long_RP.rml
2024-07-05 15:17:27,026 - INFO - Completed: 15, remaining: 35, RAYPy_Simulation_Bessy3_long_RP/round_0/14_Bessy3_long_RP.rml
2024-07-05 15:17:27,455 - INFO - Completed: 16, remaining: 34, RAYPy_Simulation_Bessy3_long_RP/round_0/15_Bessy3_long_RP.rml
2024-07-05 15:17:28,644 - INFO - Completed: 17, remaining: 33, RAYPy_Simulation_Bessy3_long_RP/round_0/2_Bessy3_long_RP.rml
2024-07-05 15:17:31,270 - INFO - Completed: 18, remaining: 32, RAYPy_Simulation_Bessy3_long_RP/round_0/18_Bessy3_long_RP.rml
2024-07-05 15:17:31,365 - INFO - Completed: 19, remaining: 31, RAYPy_Simulation_Bessy3_long_RP/round_0/17_Bessy3_long_RP.rml
2024-07-05 15:17:31,532 - INFO - Completed: 20, remaining: 30, RAYPy_Simulation_Bessy3_long_RP/round_0/19_Bessy3_long_RP.rml
2024-07-05 15:17:31,584 - INFO - Completed: 21, remaining: 29, RAYPy_Simulation_Bessy3_long_RP/round_0/20_Bessy3_long_RP.rml
2024-07-05 15:17:31,765 - INFO - Completed: 22, remaining: 28, RAYPy_Simulation_Bessy3_long_RP/round_0/21_Bessy3_long_RP.rml
2024-07-05 15:17:31,977 - INFO - Completed: 23, remaining: 27, RAYPy_Simulation_Bessy3_long_RP/round_0/22_Bessy3_long_RP.rml
2024-07-05 15:17:32,100 - INFO - Completed: 24, remaining: 26, RAYPy_Simulation_Bessy3_long_RP/round_0/23_Bessy3_long_RP.rml
2024-07-05 15:17:32,336 - INFO - Completed: 25, remaining: 25, RAYPy_Simulation_Bessy3_long_RP/round_0/25_Bessy3_long_RP.rml
2024-07-05 15:17:32,567 - INFO - Completed: 26, remaining: 24, RAYPy_Simulation_Bessy3_long_RP/round_0/24_Bessy3_long_RP.rml
2024-07-05 15:17:33,912 - INFO - Completed: 27, remaining: 23, RAYPy_Simulation_Bessy3_long_RP/round_0/26_Bessy3_long_RP.rml
2024-07-05 15:17:36,365 - INFO - Completed: 28, remaining: 22, RAYPy_Simulation_Bessy3_long_RP/round_0/27_Bessy3_long_RP.rml
2024-07-05 15:17:36,551 - INFO - Completed: 29, remaining: 21, RAYPy_Simulation_Bessy3_long_RP/round_0/30_Bessy3_long_RP.rml
2024-07-05 15:17:36,716 - INFO - Completed: 30, remaining: 20, RAYPy_Simulation_Bessy3_long_RP/round_0/28_Bessy3_long_RP.rml
2024-07-05 15:17:36,757 - INFO - Completed: 31, remaining: 19, RAYPy_Simulation_Bessy3_long_RP/round_0/31_Bessy3_long_RP.rml
2024-07-05 15:17:36,809 - INFO - Completed: 32, remaining: 18, RAYPy_Simulation_Bessy3_long_RP/round_0/29_Bessy3_long_RP.rml
2024-07-05 15:17:37,113 - INFO - Completed: 33, remaining: 17, RAYPy_Simulation_Bessy3_long_RP/round_0/32_Bessy3_long_RP.rml
2024-07-05 15:17:37,531 - INFO - Completed: 34, remaining: 16, RAYPy_Simulation_Bessy3_long_RP/round_0/34_Bessy3_long_RP.rml
2024-07-05 15:17:37,967 - INFO - Completed: 35, remaining: 15, RAYPy_Simulation_Bessy3_long_RP/round_0/33_Bessy3_long_RP.rml
2024-07-05 15:17:38,645 - INFO - Completed: 36, remaining: 14, RAYPy_Simulation_Bessy3_long_RP/round_0/35_Bessy3_long_RP.rml
2024-07-05 15:17:38,915 - INFO - Completed: 37, remaining: 13, RAYPy_Simulation_Bessy3_long_RP/round_0/36_Bessy3_long_RP.rml
2024-07-05 15:17:41,393 - INFO - Completed: 38, remaining: 12, RAYPy_Simulation_Bessy3_long_RP/round_0/37_Bessy3_long_RP.rml
2024-07-05 15:17:41,405 - INFO - Completed: 39, remaining: 11, RAYPy_Simulation_Bessy3_long_RP/round_0/38_Bessy3_long_RP.rml
2024-07-05 15:17:41,776 - INFO - Completed: 40, remaining: 10, RAYPy_Simulation_Bessy3_long_RP/round_0/41_Bessy3_long_RP.rml
2024-07-05 15:17:41,835 - INFO - Completed: 41, remaining: 9, RAYPy_Simulation_Bessy3_long_RP/round_0/39_Bessy3_long_RP.rml
2024-07-05 15:17:41,989 - INFO - Completed: 42, remaining: 8, RAYPy_Simulation_Bessy3_long_RP/round_0/40_Bessy3_long_RP.rml
2024-07-05 15:17:42,017 - INFO - Completed: 43, remaining: 7, RAYPy_Simulation_Bessy3_long_RP/round_0/42_Bessy3_long_RP.rml
2024-07-05 15:17:42,511 - INFO - Completed: 44, remaining: 6, RAYPy_Simulation_Bessy3_long_RP/round_0/43_Bessy3_long_RP.rml
2024-07-05 15:17:42,627 - INFO - Completed: 45, remaining: 5, RAYPy_Simulation_Bessy3_long_RP/round_0/44_Bessy3_long_RP.rml
2024-07-05 15:17:42,761 - INFO - Completed: 46, remaining: 4, RAYPy_Simulation_Bessy3_long_RP/round_0/45_Bessy3_long_RP.rml
2024-07-05 15:17:43,002 - INFO - Completed: 47, remaining: 3, RAYPy_Simulation_Bessy3_long_RP/round_0/46_Bessy3_long_RP.rml
2024-07-05 15:17:43,650 - INFO - Completed: 48, remaining: 2, RAYPy_Simulation_Bessy3_long_RP/round_0/47_Bessy3_long_RP.rml
2024-07-05 15:17:43,687 - INFO - Completed: 49, remaining: 1, RAYPy_Simulation_Bessy3_long_RP/round_0/48_Bessy3_long_RP.rml
2024-07-05 15:17:43,784 - INFO - Completed: 50, remaining: 0, RAYPy_Simulation_Bessy3_long_RP/round_0/49_Bessy3_long_RP.rml
2024-07-05 15:17:43,785 - INFO - Batch Completed
2024-07-05 15:17:43,785 - INFO - Waiting For batch, 50 simulations to go
2024-07-05 15:17:43,814 - INFO - Prepared sim number: 50: RAYPy_Simulation_Bessy3_long_RP/round_0/50_Bessy3_long_RP.rml
2024-07-05 15:17:43,827 - INFO - Prepared sim number: 51: RAYPy_Simulation_Bessy3_long_RP/round_0/51_Bessy3_long_RP.rml
2024-07-05 15:17:43,845 - INFO - Prepared sim number: 52: RAYPy_Simulation_Bessy3_long_RP/round_0/52_Bessy3_long_RP.rml
2024-07-05 15:17:43,857 - INFO - Prepared sim number: 53: RAYPy_Simulation_Bessy3_long_RP/round_0/53_Bessy3_long_RP.rml
2024-07-05 15:17:43,872 - INFO - Prepared sim number: 54: RAYPy_Simulation_Bessy3_long_RP/round_0/54_Bessy3_long_RP.rml
2024-07-05 15:17:43,882 - INFO - Prepared sim number: 55: RAYPy_Simulation_Bessy3_long_RP/round_0/55_Bessy3_long_RP.rml
2024-07-05 15:17:43,892 - INFO - Prepared sim number: 56: RAYPy_Simulation_Bessy3_long_RP/round_0/56_Bessy3_long_RP.rml
2024-07-05 15:17:43,902 - INFO - Prepared sim number: 57: RAYPy_Simulation_Bessy3_long_RP/round_0/57_Bessy3_long_RP.rml
2024-07-05 15:17:43,911 - INFO - Prepared sim number: 58: RAYPy_Simulation_Bessy3_long_RP/round_0/58_Bessy3_long_RP.rml
2024-07-05 15:17:43,920 - INFO - Prepared sim number: 59: RAYPy_Simulation_Bessy3_long_RP/round_0/59_Bessy3_long_RP.rml
2024-07-05 15:17:43,928 - INFO - Prepared sim number: 60: RAYPy_Simulation_Bessy3_long_RP/round_0/60_Bessy3_long_RP.rml
2024-07-05 15:17:43,937 - INFO - Prepared sim number: 61: RAYPy_Simulation_Bessy3_long_RP/round_0/61_Bessy3_long_RP.rml
2024-07-05 15:17:43,946 - INFO - Prepared sim number: 62: RAYPy_Simulation_Bessy3_long_RP/round_0/62_Bessy3_long_RP.rml
2024-07-05 15:17:43,956 - INFO - Prepared sim number: 63: RAYPy_Simulation_Bessy3_long_RP/round_0/63_Bessy3_long_RP.rml
2024-07-05 15:17:43,967 - INFO - Prepared sim number: 64: RAYPy_Simulation_Bessy3_long_RP/round_0/64_Bessy3_long_RP.rml
2024-07-05 15:17:43,978 - INFO - Prepared sim number: 65: RAYPy_Simulation_Bessy3_long_RP/round_0/65_Bessy3_long_RP.rml
2024-07-05 15:17:43,990 - INFO - Prepared sim number: 66: RAYPy_Simulation_Bessy3_long_RP/round_0/66_Bessy3_long_RP.rml
2024-07-05 15:17:44,001 - INFO - Prepared sim number: 67: RAYPy_Simulation_Bessy3_long_RP/round_0/67_Bessy3_long_RP.rml
2024-07-05 15:17:44,012 - INFO - Prepared sim number: 68: RAYPy_Simulation_Bessy3_long_RP/round_0/68_Bessy3_long_RP.rml
2024-07-05 15:17:44,020 - INFO - Prepared sim number: 69: RAYPy_Simulation_Bessy3_long_RP/round_0/69_Bessy3_long_RP.rml
2024-07-05 15:17:44,030 - INFO - Prepared sim number: 70: RAYPy_Simulation_Bessy3_long_RP/round_0/70_Bessy3_long_RP.rml
2024-07-05 15:17:44,047 - INFO - Prepared sim number: 71: RAYPy_Simulation_Bessy3_long_RP/round_0/71_Bessy3_long_RP.rml
2024-07-05 15:17:44,059 - INFO - Prepared sim number: 72: RAYPy_Simulation_Bessy3_long_RP/round_0/72_Bessy3_long_RP.rml
2024-07-05 15:17:44,070 - INFO - Prepared sim number: 73: RAYPy_Simulation_Bessy3_long_RP/round_0/73_Bessy3_long_RP.rml
2024-07-05 15:17:44,079 - INFO - Prepared sim number: 74: RAYPy_Simulation_Bessy3_long_RP/round_0/74_Bessy3_long_RP.rml
2024-07-05 15:17:44,091 - INFO - Prepared sim number: 75: RAYPy_Simulation_Bessy3_long_RP/round_0/75_Bessy3_long_RP.rml
2024-07-05 15:17:44,104 - INFO - Prepared sim number: 76: RAYPy_Simulation_Bessy3_long_RP/round_0/76_Bessy3_long_RP.rml
2024-07-05 15:17:44,119 - INFO - Prepared sim number: 77: RAYPy_Simulation_Bessy3_long_RP/round_0/77_Bessy3_long_RP.rml
2024-07-05 15:17:44,134 - INFO - Prepared sim number: 78: RAYPy_Simulation_Bessy3_long_RP/round_0/78_Bessy3_long_RP.rml
2024-07-05 15:17:44,147 - INFO - Prepared sim number: 79: RAYPy_Simulation_Bessy3_long_RP/round_0/79_Bessy3_long_RP.rml
2024-07-05 15:17:44,160 - INFO - Prepared sim number: 80: RAYPy_Simulation_Bessy3_long_RP/round_0/80_Bessy3_long_RP.rml
2024-07-05 15:17:44,170 - INFO - Prepared sim number: 81: RAYPy_Simulation_Bessy3_long_RP/round_0/81_Bessy3_long_RP.rml
2024-07-05 15:17:44,184 - INFO - Prepared sim number: 82: RAYPy_Simulation_Bessy3_long_RP/round_0/82_Bessy3_long_RP.rml
2024-07-05 15:17:44,199 - INFO - Prepared sim number: 83: RAYPy_Simulation_Bessy3_long_RP/round_0/83_Bessy3_long_RP.rml
2024-07-05 15:17:44,212 - INFO - Prepared sim number: 84: RAYPy_Simulation_Bessy3_long_RP/round_0/84_Bessy3_long_RP.rml
2024-07-05 15:17:44,223 - INFO - Prepared sim number: 85: RAYPy_Simulation_Bessy3_long_RP/round_0/85_Bessy3_long_RP.rml
2024-07-05 15:17:44,235 - INFO - Prepared sim number: 86: RAYPy_Simulation_Bessy3_long_RP/round_0/86_Bessy3_long_RP.rml
2024-07-05 15:17:44,244 - INFO - Prepared sim number: 87: RAYPy_Simulation_Bessy3_long_RP/round_0/87_Bessy3_long_RP.rml
2024-07-05 15:17:44,255 - INFO - Prepared sim number: 88: RAYPy_Simulation_Bessy3_long_RP/round_0/88_Bessy3_long_RP.rml
2024-07-05 15:17:44,267 - INFO - Prepared sim number: 89: RAYPy_Simulation_Bessy3_long_RP/round_0/89_Bessy3_long_RP.rml
2024-07-05 15:17:44,277 - INFO - Prepared sim number: 90: RAYPy_Simulation_Bessy3_long_RP/round_0/90_Bessy3_long_RP.rml
2024-07-05 15:17:44,289 - INFO - Prepared sim number: 91: RAYPy_Simulation_Bessy3_long_RP/round_0/91_Bessy3_long_RP.rml
2024-07-05 15:17:44,300 - INFO - Prepared sim number: 92: RAYPy_Simulation_Bessy3_long_RP/round_0/92_Bessy3_long_RP.rml
2024-07-05 15:17:44,309 - INFO - Prepared sim number: 93: RAYPy_Simulation_Bessy3_long_RP/round_0/93_Bessy3_long_RP.rml
2024-07-05 15:17:44,317 - INFO - Prepared sim number: 94: RAYPy_Simulation_Bessy3_long_RP/round_0/94_Bessy3_long_RP.rml
2024-07-05 15:17:44,326 - INFO - Prepared sim number: 95: RAYPy_Simulation_Bessy3_long_RP/round_0/95_Bessy3_long_RP.rml
2024-07-05 15:17:44,334 - INFO - Prepared sim number: 96: RAYPy_Simulation_Bessy3_long_RP/round_0/96_Bessy3_long_RP.rml
2024-07-05 15:17:44,345 - INFO - Prepared sim number: 97: RAYPy_Simulation_Bessy3_long_RP/round_0/97_Bessy3_long_RP.rml
2024-07-05 15:17:44,354 - INFO - Prepared sim number: 98: RAYPy_Simulation_Bessy3_long_RP/round_0/98_Bessy3_long_RP.rml
2024-07-05 15:17:44,362 - INFO - Prepared sim number: 99: RAYPy_Simulation_Bessy3_long_RP/round_0/99_Bessy3_long_RP.rml
2024-07-05 15:17:44,363 - INFO - Waiting for batch number: 1, timeout: 27.901710748672485s
2024-07-05 15:17:47,915 - INFO - Completed: 1, remaining: 49, RAYPy_Simulation_Bessy3_long_RP/round_0/58_Bessy3_long_RP.rml
2024-07-05 15:17:47,962 - INFO - Completed: 2, remaining: 48, RAYPy_Simulation_Bessy3_long_RP/round_0/51_Bessy3_long_RP.rml
2024-07-05 15:17:48,151 - INFO - Completed: 3, remaining: 47, RAYPy_Simulation_Bessy3_long_RP/round_0/52_Bessy3_long_RP.rml
2024-07-05 15:17:48,227 - INFO - Completed: 4, remaining: 46, RAYPy_Simulation_Bessy3_long_RP/round_0/50_Bessy3_long_RP.rml
2024-07-05 15:17:48,280 - INFO - Completed: 5, remaining: 45, RAYPy_Simulation_Bessy3_long_RP/round_0/54_Bessy3_long_RP.rml
2024-07-05 15:17:48,297 - INFO - Completed: 6, remaining: 44, RAYPy_Simulation_Bessy3_long_RP/round_0/55_Bessy3_long_RP.rml
2024-07-05 15:17:48,454 - INFO - Completed: 7, remaining: 43, RAYPy_Simulation_Bessy3_long_RP/round_0/53_Bessy3_long_RP.rml
2024-07-05 15:17:48,719 - INFO - Completed: 8, remaining: 42, RAYPy_Simulation_Bessy3_long_RP/round_0/59_Bessy3_long_RP.rml
2024-07-05 15:17:49,067 - INFO - Completed: 9, remaining: 41, RAYPy_Simulation_Bessy3_long_RP/round_0/56_Bessy3_long_RP.rml
2024-07-05 15:17:51,167 - INFO - Completed: 10, remaining: 40, RAYPy_Simulation_Bessy3_long_RP/round_0/57_Bessy3_long_RP.rml
2024-07-05 15:17:52,598 - INFO - Completed: 11, remaining: 39, RAYPy_Simulation_Bessy3_long_RP/round_0/61_Bessy3_long_RP.rml
2024-07-05 15:17:52,735 - INFO - Completed: 12, remaining: 38, RAYPy_Simulation_Bessy3_long_RP/round_0/60_Bessy3_long_RP.rml
2024-07-05 15:17:53,247 - INFO - Completed: 13, remaining: 37, RAYPy_Simulation_Bessy3_long_RP/round_0/63_Bessy3_long_RP.rml
2024-07-05 15:17:53,255 - INFO - Completed: 14, remaining: 36, RAYPy_Simulation_Bessy3_long_RP/round_0/65_Bessy3_long_RP.rml
2024-07-05 15:17:53,597 - INFO - Completed: 15, remaining: 35, RAYPy_Simulation_Bessy3_long_RP/round_0/66_Bessy3_long_RP.rml
2024-07-05 15:17:53,925 - INFO - Completed: 16, remaining: 34, RAYPy_Simulation_Bessy3_long_RP/round_0/62_Bessy3_long_RP.rml
2024-07-05 15:17:54,023 - INFO - Completed: 17, remaining: 33, RAYPy_Simulation_Bessy3_long_RP/round_0/67_Bessy3_long_RP.rml
2024-07-05 15:17:54,174 - INFO - Completed: 18, remaining: 32, RAYPy_Simulation_Bessy3_long_RP/round_0/68_Bessy3_long_RP.rml
2024-07-05 15:17:55,366 - INFO - Completed: 19, remaining: 31, RAYPy_Simulation_Bessy3_long_RP/round_0/64_Bessy3_long_RP.rml
2024-07-05 15:17:56,552 - INFO - Completed: 20, remaining: 30, RAYPy_Simulation_Bessy3_long_RP/round_0/69_Bessy3_long_RP.rml
2024-07-05 15:17:57,576 - INFO - Completed: 21, remaining: 29, RAYPy_Simulation_Bessy3_long_RP/round_0/70_Bessy3_long_RP.rml
2024-07-05 15:17:57,732 - INFO - Completed: 22, remaining: 28, RAYPy_Simulation_Bessy3_long_RP/round_0/71_Bessy3_long_RP.rml
2024-07-05 15:17:58,040 - INFO - Completed: 23, remaining: 27, RAYPy_Simulation_Bessy3_long_RP/round_0/72_Bessy3_long_RP.rml
2024-07-05 15:17:58,145 - INFO - Completed: 24, remaining: 26, RAYPy_Simulation_Bessy3_long_RP/round_0/73_Bessy3_long_RP.rml
2024-07-05 15:17:58,187 - INFO - Completed: 25, remaining: 25, RAYPy_Simulation_Bessy3_long_RP/round_0/74_Bessy3_long_RP.rml
2024-07-05 15:17:58,476 - INFO - Completed: 26, remaining: 24, RAYPy_Simulation_Bessy3_long_RP/round_0/77_Bessy3_long_RP.rml
2024-07-05 15:17:58,488 - INFO - Completed: 27, remaining: 23, RAYPy_Simulation_Bessy3_long_RP/round_0/76_Bessy3_long_RP.rml
2024-07-05 15:17:59,174 - INFO - Completed: 28, remaining: 22, RAYPy_Simulation_Bessy3_long_RP/round_0/75_Bessy3_long_RP.rml
2024-07-05 15:17:59,580 - INFO - Completed: 29, remaining: 21, RAYPy_Simulation_Bessy3_long_RP/round_0/78_Bessy3_long_RP.rml
2024-07-05 15:18:01,115 - INFO - Completed: 30, remaining: 20, RAYPy_Simulation_Bessy3_long_RP/round_0/79_Bessy3_long_RP.rml
2024-07-05 15:18:01,733 - INFO - Completed: 31, remaining: 19, RAYPy_Simulation_Bessy3_long_RP/round_0/80_Bessy3_long_RP.rml
2024-07-05 15:18:02,001 - INFO - Completed: 32, remaining: 18, RAYPy_Simulation_Bessy3_long_RP/round_0/81_Bessy3_long_RP.rml
2024-07-05 15:18:02,657 - INFO - Completed: 33, remaining: 17, RAYPy_Simulation_Bessy3_long_RP/round_0/84_Bessy3_long_RP.rml
2024-07-05 15:18:02,855 - INFO - Completed: 34, remaining: 16, RAYPy_Simulation_Bessy3_long_RP/round_0/83_Bessy3_long_RP.rml
2024-07-05 15:18:02,961 - INFO - Completed: 35, remaining: 15, RAYPy_Simulation_Bessy3_long_RP/round_0/82_Bessy3_long_RP.rml
2024-07-05 15:18:03,256 - INFO - Completed: 36, remaining: 14, RAYPy_Simulation_Bessy3_long_RP/round_0/86_Bessy3_long_RP.rml
2024-07-05 15:18:03,617 - INFO - Completed: 37, remaining: 13, RAYPy_Simulation_Bessy3_long_RP/round_0/85_Bessy3_long_RP.rml
2024-07-05 15:18:04,104 - INFO - Completed: 38, remaining: 12, RAYPy_Simulation_Bessy3_long_RP/round_0/87_Bessy3_long_RP.rml
2024-07-05 15:18:04,590 - INFO - Completed: 39, remaining: 11, RAYPy_Simulation_Bessy3_long_RP/round_0/88_Bessy3_long_RP.rml
2024-07-05 15:18:06,083 - INFO - Completed: 40, remaining: 10, RAYPy_Simulation_Bessy3_long_RP/round_0/89_Bessy3_long_RP.rml
2024-07-05 15:18:06,548 - INFO - Completed: 41, remaining: 9, RAYPy_Simulation_Bessy3_long_RP/round_0/91_Bessy3_long_RP.rml
2024-07-05 15:18:07,032 - INFO - Completed: 42, remaining: 8, RAYPy_Simulation_Bessy3_long_RP/round_0/92_Bessy3_long_RP.rml
2024-07-05 15:18:07,173 - INFO - Completed: 43, remaining: 7, RAYPy_Simulation_Bessy3_long_RP/round_0/90_Bessy3_long_RP.rml
2024-07-05 15:18:07,191 - INFO - Completed: 44, remaining: 6, RAYPy_Simulation_Bessy3_long_RP/round_0/93_Bessy3_long_RP.rml
2024-07-05 15:18:07,371 - INFO - Completed: 45, remaining: 5, RAYPy_Simulation_Bessy3_long_RP/round_0/94_Bessy3_long_RP.rml
2024-07-05 15:18:07,389 - INFO - Completed: 46, remaining: 4, RAYPy_Simulation_Bessy3_long_RP/round_0/95_Bessy3_long_RP.rml
2024-07-05 15:18:07,544 - INFO - Completed: 47, remaining: 3, RAYPy_Simulation_Bessy3_long_RP/round_0/96_Bessy3_long_RP.rml
2024-07-05 15:18:07,721 - INFO - Completed: 48, remaining: 2, RAYPy_Simulation_Bessy3_long_RP/round_0/97_Bessy3_long_RP.rml
2024-07-05 15:18:08,160 - INFO - Completed: 49, remaining: 1, RAYPy_Simulation_Bessy3_long_RP/round_0/98_Bessy3_long_RP.rml
2024-07-05 15:18:08,260 - INFO - Completed: 50, remaining: 0, RAYPy_Simulation_Bessy3_long_RP/round_0/99_Bessy3_long_RP.rml
2024-07-05 15:18:08,260 - INFO - Batch Completed
2024-07-05 15:18:08,261 - INFO - Waiting For batch, 50 simulations to go
2024-07-05 15:18:08,288 - INFO - Prepared sim number: 100: RAYPy_Simulation_Bessy3_long_RP/round_0/100_Bessy3_long_RP.rml
2024-07-05 15:18:08,314 - INFO - Prepared sim number: 101: RAYPy_Simulation_Bessy3_long_RP/round_0/101_Bessy3_long_RP.rml
2024-07-05 15:18:08,333 - INFO - Prepared sim number: 102: RAYPy_Simulation_Bessy3_long_RP/round_0/102_Bessy3_long_RP.rml
2024-07-05 15:18:08,347 - INFO - Prepared sim number: 103: RAYPy_Simulation_Bessy3_long_RP/round_0/103_Bessy3_long_RP.rml
2024-07-05 15:18:08,360 - INFO - Prepared sim number: 104: RAYPy_Simulation_Bessy3_long_RP/round_0/104_Bessy3_long_RP.rml
2024-07-05 15:18:08,378 - INFO - Prepared sim number: 105: RAYPy_Simulation_Bessy3_long_RP/round_0/105_Bessy3_long_RP.rml
2024-07-05 15:18:08,395 - INFO - Prepared sim number: 106: RAYPy_Simulation_Bessy3_long_RP/round_0/106_Bessy3_long_RP.rml
2024-07-05 15:18:08,412 - INFO - Prepared sim number: 107: RAYPy_Simulation_Bessy3_long_RP/round_0/107_Bessy3_long_RP.rml
2024-07-05 15:18:08,429 - INFO - Prepared sim number: 108: RAYPy_Simulation_Bessy3_long_RP/round_0/108_Bessy3_long_RP.rml
2024-07-05 15:18:08,444 - INFO - Prepared sim number: 109: RAYPy_Simulation_Bessy3_long_RP/round_0/109_Bessy3_long_RP.rml
2024-07-05 15:18:08,454 - INFO - Prepared sim number: 110: RAYPy_Simulation_Bessy3_long_RP/round_0/110_Bessy3_long_RP.rml
2024-07-05 15:18:08,476 - INFO - Prepared sim number: 111: RAYPy_Simulation_Bessy3_long_RP/round_0/111_Bessy3_long_RP.rml
2024-07-05 15:18:08,486 - INFO - Prepared sim number: 112: RAYPy_Simulation_Bessy3_long_RP/round_0/112_Bessy3_long_RP.rml
2024-07-05 15:18:08,496 - INFO - Prepared sim number: 113: RAYPy_Simulation_Bessy3_long_RP/round_0/113_Bessy3_long_RP.rml
2024-07-05 15:18:08,504 - INFO - Prepared sim number: 114: RAYPy_Simulation_Bessy3_long_RP/round_0/114_Bessy3_long_RP.rml
2024-07-05 15:18:08,515 - INFO - Prepared sim number: 115: RAYPy_Simulation_Bessy3_long_RP/round_0/115_Bessy3_long_RP.rml
2024-07-05 15:18:08,526 - INFO - Prepared sim number: 116: RAYPy_Simulation_Bessy3_long_RP/round_0/116_Bessy3_long_RP.rml
2024-07-05 15:18:08,526 - INFO - Start round 1
2024-07-05 15:18:08,530 - INFO - Prepared sim number: 0: RAYPy_Simulation_Bessy3_long_RP/round_1/0_Bessy3_long_RP.rml
2024-07-05 15:18:08,534 - INFO - Prepared sim number: 1: RAYPy_Simulation_Bessy3_long_RP/round_1/1_Bessy3_long_RP.rml
2024-07-05 15:18:08,538 - INFO - Prepared sim number: 2: RAYPy_Simulation_Bessy3_long_RP/round_1/2_Bessy3_long_RP.rml
2024-07-05 15:18:08,542 - INFO - Prepared sim number: 3: RAYPy_Simulation_Bessy3_long_RP/round_1/3_Bessy3_long_RP.rml
2024-07-05 15:18:08,547 - INFO - Prepared sim number: 4: RAYPy_Simulation_Bessy3_long_RP/round_1/4_Bessy3_long_RP.rml
2024-07-05 15:18:08,551 - INFO - Prepared sim number: 5: RAYPy_Simulation_Bessy3_long_RP/round_1/5_Bessy3_long_RP.rml
2024-07-05 15:18:08,555 - INFO - Prepared sim number: 6: RAYPy_Simulation_Bessy3_long_RP/round_1/6_Bessy3_long_RP.rml
2024-07-05 15:18:08,560 - INFO - Prepared sim number: 7: RAYPy_Simulation_Bessy3_long_RP/round_1/7_Bessy3_long_RP.rml
2024-07-05 15:18:08,564 - INFO - Prepared sim number: 8: RAYPy_Simulation_Bessy3_long_RP/round_1/8_Bessy3_long_RP.rml
2024-07-05 15:18:08,568 - INFO - Prepared sim number: 9: RAYPy_Simulation_Bessy3_long_RP/round_1/9_Bessy3_long_RP.rml
2024-07-05 15:18:08,572 - INFO - Prepared sim number: 10: RAYPy_Simulation_Bessy3_long_RP/round_1/10_Bessy3_long_RP.rml
2024-07-05 15:18:08,578 - INFO - Prepared sim number: 11: RAYPy_Simulation_Bessy3_long_RP/round_1/11_Bessy3_long_RP.rml
2024-07-05 15:18:08,582 - INFO - Prepared sim number: 12: RAYPy_Simulation_Bessy3_long_RP/round_1/12_Bessy3_long_RP.rml
2024-07-05 15:18:08,587 - INFO - Prepared sim number: 13: RAYPy_Simulation_Bessy3_long_RP/round_1/13_Bessy3_long_RP.rml
2024-07-05 15:18:08,594 - INFO - Prepared sim number: 14: RAYPy_Simulation_Bessy3_long_RP/round_1/14_Bessy3_long_RP.rml
2024-07-05 15:18:08,601 - INFO - Prepared sim number: 15: RAYPy_Simulation_Bessy3_long_RP/round_1/15_Bessy3_long_RP.rml
2024-07-05 15:18:08,608 - INFO - Prepared sim number: 16: RAYPy_Simulation_Bessy3_long_RP/round_1/16_Bessy3_long_RP.rml
2024-07-05 15:18:08,615 - INFO - Prepared sim number: 17: RAYPy_Simulation_Bessy3_long_RP/round_1/17_Bessy3_long_RP.rml
2024-07-05 15:18:08,622 - INFO - Prepared sim number: 18: RAYPy_Simulation_Bessy3_long_RP/round_1/18_Bessy3_long_RP.rml
2024-07-05 15:18:08,629 - INFO - Prepared sim number: 19: RAYPy_Simulation_Bessy3_long_RP/round_1/19_Bessy3_long_RP.rml
2024-07-05 15:18:08,635 - INFO - Prepared sim number: 20: RAYPy_Simulation_Bessy3_long_RP/round_1/20_Bessy3_long_RP.rml
2024-07-05 15:18:08,641 - INFO - Prepared sim number: 21: RAYPy_Simulation_Bessy3_long_RP/round_1/21_Bessy3_long_RP.rml
2024-07-05 15:18:08,649 - INFO - Prepared sim number: 22: RAYPy_Simulation_Bessy3_long_RP/round_1/22_Bessy3_long_RP.rml
2024-07-05 15:18:08,653 - INFO - Prepared sim number: 23: RAYPy_Simulation_Bessy3_long_RP/round_1/23_Bessy3_long_RP.rml
2024-07-05 15:18:08,659 - INFO - Prepared sim number: 24: RAYPy_Simulation_Bessy3_long_RP/round_1/24_Bessy3_long_RP.rml
2024-07-05 15:18:08,665 - INFO - Prepared sim number: 25: RAYPy_Simulation_Bessy3_long_RP/round_1/25_Bessy3_long_RP.rml
2024-07-05 15:18:08,670 - INFO - Prepared sim number: 26: RAYPy_Simulation_Bessy3_long_RP/round_1/26_Bessy3_long_RP.rml
2024-07-05 15:18:08,675 - INFO - Prepared sim number: 27: RAYPy_Simulation_Bessy3_long_RP/round_1/27_Bessy3_long_RP.rml
2024-07-05 15:18:08,678 - INFO - Prepared sim number: 28: RAYPy_Simulation_Bessy3_long_RP/round_1/28_Bessy3_long_RP.rml
2024-07-05 15:18:08,683 - INFO - Prepared sim number: 29: RAYPy_Simulation_Bessy3_long_RP/round_1/29_Bessy3_long_RP.rml
2024-07-05 15:18:08,688 - INFO - Prepared sim number: 30: RAYPy_Simulation_Bessy3_long_RP/round_1/30_Bessy3_long_RP.rml
2024-07-05 15:18:08,696 - INFO - Prepared sim number: 31: RAYPy_Simulation_Bessy3_long_RP/round_1/31_Bessy3_long_RP.rml
2024-07-05 15:18:08,704 - INFO - Prepared sim number: 32: RAYPy_Simulation_Bessy3_long_RP/round_1/32_Bessy3_long_RP.rml
2024-07-05 15:18:08,705 - INFO - Waiting for batch number: 2, timeout: 27.793927474021913s
2024-07-05 15:18:10,387 - INFO - Completed: 1, remaining: 49, RAYPy_Simulation_Bessy3_long_RP/round_0/101_Bessy3_long_RP.rml
2024-07-05 15:18:10,521 - INFO - Completed: 2, remaining: 48, RAYPy_Simulation_Bessy3_long_RP/round_0/104_Bessy3_long_RP.rml
2024-07-05 15:18:10,573 - INFO - Completed: 3, remaining: 47, RAYPy_Simulation_Bessy3_long_RP/round_0/107_Bessy3_long_RP.rml
2024-07-05 15:18:10,677 - INFO - Completed: 4, remaining: 46, RAYPy_Simulation_Bessy3_long_RP/round_0/105_Bessy3_long_RP.rml
2024-07-05 15:18:12,012 - INFO - Completed: 5, remaining: 45, RAYPy_Simulation_Bessy3_long_RP/round_0/103_Bessy3_long_RP.rml
2024-07-05 15:18:14,625 - INFO - Completed: 6, remaining: 44, RAYPy_Simulation_Bessy3_long_RP/round_0/110_Bessy3_long_RP.rml
2024-07-05 15:18:14,700 - INFO - Completed: 7, remaining: 43, RAYPy_Simulation_Bessy3_long_RP/round_0/111_Bessy3_long_RP.rml
2024-07-05 15:18:14,963 - INFO - Completed: 8, remaining: 42, RAYPy_Simulation_Bessy3_long_RP/round_0/108_Bessy3_long_RP.rml
2024-07-05 15:18:15,079 - INFO - Completed: 9, remaining: 41, RAYPy_Simulation_Bessy3_long_RP/round_0/100_Bessy3_long_RP.rml
2024-07-05 15:18:15,131 - INFO - Completed: 10, remaining: 40, RAYPy_Simulation_Bessy3_long_RP/round_0/113_Bessy3_long_RP.rml
2024-07-05 15:18:15,180 - INFO - Completed: 11, remaining: 39, RAYPy_Simulation_Bessy3_long_RP/round_0/109_Bessy3_long_RP.rml
2024-07-05 15:18:15,295 - INFO - Completed: 12, remaining: 38, RAYPy_Simulation_Bessy3_long_RP/round_0/102_Bessy3_long_RP.rml
2024-07-05 15:18:15,571 - INFO - Completed: 13, remaining: 37, RAYPy_Simulation_Bessy3_long_RP/round_0/106_Bessy3_long_RP.rml
2024-07-05 15:18:16,001 - INFO - Completed: 14, remaining: 36, RAYPy_Simulation_Bessy3_long_RP/round_0/112_Bessy3_long_RP.rml
2024-07-05 15:18:16,636 - INFO - Completed: 15, remaining: 35, RAYPy_Simulation_Bessy3_long_RP/round_0/114_Bessy3_long_RP.rml
2024-07-05 15:18:19,421 - INFO - Completed: 16, remaining: 34, RAYPy_Simulation_Bessy3_long_RP/round_0/116_Bessy3_long_RP.rml
2024-07-05 15:18:19,655 - INFO - Completed: 17, remaining: 33, RAYPy_Simulation_Bessy3_long_RP/round_0/115_Bessy3_long_RP.rml
2024-07-05 15:18:19,946 - INFO - Completed: 18, remaining: 32, RAYPy_Simulation_Bessy3_long_RP/round_1/0_Bessy3_long_RP.rml
2024-07-05 15:18:20,050 - INFO - Completed: 19, remaining: 31, RAYPy_Simulation_Bessy3_long_RP/round_1/2_Bessy3_long_RP.rml
2024-07-05 15:18:20,164 - INFO - Completed: 20, remaining: 30, RAYPy_Simulation_Bessy3_long_RP/round_1/4_Bessy3_long_RP.rml
2024-07-05 15:18:20,368 - INFO - Completed: 21, remaining: 29, RAYPy_Simulation_Bessy3_long_RP/round_1/5_Bessy3_long_RP.rml
2024-07-05 15:18:20,428 - INFO - Completed: 22, remaining: 28, RAYPy_Simulation_Bessy3_long_RP/round_1/1_Bessy3_long_RP.rml
2024-07-05 15:18:21,011 - INFO - Completed: 23, remaining: 27, RAYPy_Simulation_Bessy3_long_RP/round_1/6_Bessy3_long_RP.rml
2024-07-05 15:18:21,313 - INFO - Completed: 24, remaining: 26, RAYPy_Simulation_Bessy3_long_RP/round_1/7_Bessy3_long_RP.rml
2024-07-05 15:18:21,389 - INFO - Completed: 25, remaining: 25, RAYPy_Simulation_Bessy3_long_RP/round_1/3_Bessy3_long_RP.rml
2024-07-05 15:18:23,868 - INFO - Completed: 26, remaining: 24, RAYPy_Simulation_Bessy3_long_RP/round_1/8_Bessy3_long_RP.rml
2024-07-05 15:18:24,119 - INFO - Completed: 27, remaining: 23, RAYPy_Simulation_Bessy3_long_RP/round_1/9_Bessy3_long_RP.rml
2024-07-05 15:18:24,632 - INFO - Completed: 28, remaining: 22, RAYPy_Simulation_Bessy3_long_RP/round_1/10_Bessy3_long_RP.rml
2024-07-05 15:18:24,714 - INFO - Completed: 29, remaining: 21, RAYPy_Simulation_Bessy3_long_RP/round_1/11_Bessy3_long_RP.rml
2024-07-05 15:18:24,746 - INFO - Completed: 30, remaining: 20, RAYPy_Simulation_Bessy3_long_RP/round_1/12_Bessy3_long_RP.rml
2024-07-05 15:18:24,996 - INFO - Completed: 31, remaining: 19, RAYPy_Simulation_Bessy3_long_RP/round_1/14_Bessy3_long_RP.rml
2024-07-05 15:18:25,210 - INFO - Completed: 32, remaining: 18, RAYPy_Simulation_Bessy3_long_RP/round_1/15_Bessy3_long_RP.rml
2024-07-05 15:18:25,389 - INFO - Completed: 33, remaining: 17, RAYPy_Simulation_Bessy3_long_RP/round_1/13_Bessy3_long_RP.rml
2024-07-05 15:18:25,609 - INFO - Completed: 34, remaining: 16, RAYPy_Simulation_Bessy3_long_RP/round_1/16_Bessy3_long_RP.rml
2024-07-05 15:18:25,849 - INFO - Completed: 35, remaining: 15, RAYPy_Simulation_Bessy3_long_RP/round_1/17_Bessy3_long_RP.rml
2024-07-05 15:18:27,107 - INFO - Completed: 36, remaining: 14, RAYPy_Simulation_Bessy3_long_RP/round_1/18_Bessy3_long_RP.rml
2024-07-05 15:18:27,207 - INFO - Completed: 37, remaining: 13, RAYPy_Simulation_Bessy3_long_RP/round_1/19_Bessy3_long_RP.rml
2024-07-05 15:18:27,531 - INFO - Completed: 38, remaining: 12, RAYPy_Simulation_Bessy3_long_RP/round_1/21_Bessy3_long_RP.rml
2024-07-05 15:18:27,669 - INFO - Completed: 39, remaining: 11, RAYPy_Simulation_Bessy3_long_RP/round_1/20_Bessy3_long_RP.rml
2024-07-05 15:18:27,942 - INFO - Completed: 40, remaining: 10, RAYPy_Simulation_Bessy3_long_RP/round_1/22_Bessy3_long_RP.rml
2024-07-05 15:18:28,486 - INFO - Completed: 41, remaining: 9, RAYPy_Simulation_Bessy3_long_RP/round_1/24_Bessy3_long_RP.rml
2024-07-05 15:18:28,770 - INFO - Completed: 42, remaining: 8, RAYPy_Simulation_Bessy3_long_RP/round_1/23_Bessy3_long_RP.rml
2024-07-05 15:18:28,804 - INFO - Completed: 43, remaining: 7, RAYPy_Simulation_Bessy3_long_RP/round_1/25_Bessy3_long_RP.rml
2024-07-05 15:18:29,256 - INFO - Completed: 44, remaining: 6, RAYPy_Simulation_Bessy3_long_RP/round_1/27_Bessy3_long_RP.rml
2024-07-05 15:18:29,344 - INFO - Completed: 45, remaining: 5, RAYPy_Simulation_Bessy3_long_RP/round_1/26_Bessy3_long_RP.rml
2024-07-05 15:18:30,136 - INFO - Completed: 46, remaining: 4, RAYPy_Simulation_Bessy3_long_RP/round_1/28_Bessy3_long_RP.rml
2024-07-05 15:18:30,183 - INFO - Completed: 47, remaining: 3, RAYPy_Simulation_Bessy3_long_RP/round_1/29_Bessy3_long_RP.rml
2024-07-05 15:18:30,282 - INFO - Completed: 48, remaining: 2, RAYPy_Simulation_Bessy3_long_RP/round_1/30_Bessy3_long_RP.rml
2024-07-05 15:18:30,429 - INFO - Completed: 49, remaining: 1, RAYPy_Simulation_Bessy3_long_RP/round_1/31_Bessy3_long_RP.rml
2024-07-05 15:18:30,469 - INFO - Completed: 50, remaining: 0, RAYPy_Simulation_Bessy3_long_RP/round_1/32_Bessy3_long_RP.rml
2024-07-05 15:18:30,469 - INFO - Batch Completed
2024-07-05 15:18:30,470 - INFO - Waiting For batch, 50 simulations to go
2024-07-05 15:18:30,484 - INFO - Prepared sim number: 33: RAYPy_Simulation_Bessy3_long_RP/round_1/33_Bessy3_long_RP.rml
2024-07-05 15:18:30,498 - INFO - Prepared sim number: 34: RAYPy_Simulation_Bessy3_long_RP/round_1/34_Bessy3_long_RP.rml
2024-07-05 15:18:30,509 - INFO - Prepared sim number: 35: RAYPy_Simulation_Bessy3_long_RP/round_1/35_Bessy3_long_RP.rml
2024-07-05 15:18:30,519 - INFO - Prepared sim number: 36: RAYPy_Simulation_Bessy3_long_RP/round_1/36_Bessy3_long_RP.rml
2024-07-05 15:18:30,529 - INFO - Prepared sim number: 37: RAYPy_Simulation_Bessy3_long_RP/round_1/37_Bessy3_long_RP.rml
2024-07-05 15:18:30,535 - INFO - Prepared sim number: 38: RAYPy_Simulation_Bessy3_long_RP/round_1/38_Bessy3_long_RP.rml
2024-07-05 15:18:30,541 - INFO - Prepared sim number: 39: RAYPy_Simulation_Bessy3_long_RP/round_1/39_Bessy3_long_RP.rml
2024-07-05 15:18:30,548 - INFO - Prepared sim number: 40: RAYPy_Simulation_Bessy3_long_RP/round_1/40_Bessy3_long_RP.rml
2024-07-05 15:18:30,553 - INFO - Prepared sim number: 41: RAYPy_Simulation_Bessy3_long_RP/round_1/41_Bessy3_long_RP.rml
2024-07-05 15:18:30,559 - INFO - Prepared sim number: 42: RAYPy_Simulation_Bessy3_long_RP/round_1/42_Bessy3_long_RP.rml
2024-07-05 15:18:30,565 - INFO - Prepared sim number: 43: RAYPy_Simulation_Bessy3_long_RP/round_1/43_Bessy3_long_RP.rml
2024-07-05 15:18:30,571 - INFO - Prepared sim number: 44: RAYPy_Simulation_Bessy3_long_RP/round_1/44_Bessy3_long_RP.rml
2024-07-05 15:18:30,576 - INFO - Prepared sim number: 45: RAYPy_Simulation_Bessy3_long_RP/round_1/45_Bessy3_long_RP.rml
2024-07-05 15:18:30,581 - INFO - Prepared sim number: 46: RAYPy_Simulation_Bessy3_long_RP/round_1/46_Bessy3_long_RP.rml
2024-07-05 15:18:30,586 - INFO - Prepared sim number: 47: RAYPy_Simulation_Bessy3_long_RP/round_1/47_Bessy3_long_RP.rml
2024-07-05 15:18:30,591 - INFO - Prepared sim number: 48: RAYPy_Simulation_Bessy3_long_RP/round_1/48_Bessy3_long_RP.rml
2024-07-05 15:18:30,596 - INFO - Prepared sim number: 49: RAYPy_Simulation_Bessy3_long_RP/round_1/49_Bessy3_long_RP.rml
2024-07-05 15:18:30,601 - INFO - Prepared sim number: 50: RAYPy_Simulation_Bessy3_long_RP/round_1/50_Bessy3_long_RP.rml
2024-07-05 15:18:30,606 - INFO - Prepared sim number: 51: RAYPy_Simulation_Bessy3_long_RP/round_1/51_Bessy3_long_RP.rml
2024-07-05 15:18:30,610 - INFO - Prepared sim number: 52: RAYPy_Simulation_Bessy3_long_RP/round_1/52_Bessy3_long_RP.rml
2024-07-05 15:18:30,616 - INFO - Prepared sim number: 53: RAYPy_Simulation_Bessy3_long_RP/round_1/53_Bessy3_long_RP.rml
2024-07-05 15:18:30,622 - INFO - Prepared sim number: 54: RAYPy_Simulation_Bessy3_long_RP/round_1/54_Bessy3_long_RP.rml
2024-07-05 15:18:30,629 - INFO - Prepared sim number: 55: RAYPy_Simulation_Bessy3_long_RP/round_1/55_Bessy3_long_RP.rml
2024-07-05 15:18:30,634 - INFO - Prepared sim number: 56: RAYPy_Simulation_Bessy3_long_RP/round_1/56_Bessy3_long_RP.rml
2024-07-05 15:18:30,639 - INFO - Prepared sim number: 57: RAYPy_Simulation_Bessy3_long_RP/round_1/57_Bessy3_long_RP.rml
2024-07-05 15:18:30,645 - INFO - Prepared sim number: 58: RAYPy_Simulation_Bessy3_long_RP/round_1/58_Bessy3_long_RP.rml
2024-07-05 15:18:30,652 - INFO - Prepared sim number: 59: RAYPy_Simulation_Bessy3_long_RP/round_1/59_Bessy3_long_RP.rml
2024-07-05 15:18:30,663 - INFO - Prepared sim number: 60: RAYPy_Simulation_Bessy3_long_RP/round_1/60_Bessy3_long_RP.rml
2024-07-05 15:18:30,673 - INFO - Prepared sim number: 61: RAYPy_Simulation_Bessy3_long_RP/round_1/61_Bessy3_long_RP.rml
2024-07-05 15:18:30,679 - INFO - Prepared sim number: 62: RAYPy_Simulation_Bessy3_long_RP/round_1/62_Bessy3_long_RP.rml
2024-07-05 15:18:30,687 - INFO - Prepared sim number: 63: RAYPy_Simulation_Bessy3_long_RP/round_1/63_Bessy3_long_RP.rml
2024-07-05 15:18:30,700 - INFO - Prepared sim number: 64: RAYPy_Simulation_Bessy3_long_RP/round_1/64_Bessy3_long_RP.rml
2024-07-05 15:18:30,712 - INFO - Prepared sim number: 65: RAYPy_Simulation_Bessy3_long_RP/round_1/65_Bessy3_long_RP.rml
2024-07-05 15:18:30,723 - INFO - Prepared sim number: 66: RAYPy_Simulation_Bessy3_long_RP/round_1/66_Bessy3_long_RP.rml
2024-07-05 15:18:30,734 - INFO - Prepared sim number: 67: RAYPy_Simulation_Bessy3_long_RP/round_1/67_Bessy3_long_RP.rml
2024-07-05 15:18:30,744 - INFO - Prepared sim number: 68: RAYPy_Simulation_Bessy3_long_RP/round_1/68_Bessy3_long_RP.rml
2024-07-05 15:18:30,751 - INFO - Prepared sim number: 69: RAYPy_Simulation_Bessy3_long_RP/round_1/69_Bessy3_long_RP.rml
2024-07-05 15:18:30,775 - INFO - Prepared sim number: 70: RAYPy_Simulation_Bessy3_long_RP/round_1/70_Bessy3_long_RP.rml
2024-07-05 15:18:30,794 - INFO - Prepared sim number: 71: RAYPy_Simulation_Bessy3_long_RP/round_1/71_Bessy3_long_RP.rml
2024-07-05 15:18:30,806 - INFO - Prepared sim number: 72: RAYPy_Simulation_Bessy3_long_RP/round_1/72_Bessy3_long_RP.rml
2024-07-05 15:18:30,812 - INFO - Prepared sim number: 73: RAYPy_Simulation_Bessy3_long_RP/round_1/73_Bessy3_long_RP.rml
2024-07-05 15:18:30,818 - INFO - Prepared sim number: 74: RAYPy_Simulation_Bessy3_long_RP/round_1/74_Bessy3_long_RP.rml
2024-07-05 15:18:30,822 - INFO - Prepared sim number: 75: RAYPy_Simulation_Bessy3_long_RP/round_1/75_Bessy3_long_RP.rml
2024-07-05 15:18:30,826 - INFO - Prepared sim number: 76: RAYPy_Simulation_Bessy3_long_RP/round_1/76_Bessy3_long_RP.rml
2024-07-05 15:18:30,830 - INFO - Prepared sim number: 77: RAYPy_Simulation_Bessy3_long_RP/round_1/77_Bessy3_long_RP.rml
2024-07-05 15:18:30,834 - INFO - Prepared sim number: 78: RAYPy_Simulation_Bessy3_long_RP/round_1/78_Bessy3_long_RP.rml
2024-07-05 15:18:30,838 - INFO - Prepared sim number: 79: RAYPy_Simulation_Bessy3_long_RP/round_1/79_Bessy3_long_RP.rml
2024-07-05 15:18:30,842 - INFO - Prepared sim number: 80: RAYPy_Simulation_Bessy3_long_RP/round_1/80_Bessy3_long_RP.rml
2024-07-05 15:18:30,847 - INFO - Prepared sim number: 81: RAYPy_Simulation_Bessy3_long_RP/round_1/81_Bessy3_long_RP.rml
2024-07-05 15:18:30,852 - INFO - Prepared sim number: 82: RAYPy_Simulation_Bessy3_long_RP/round_1/82_Bessy3_long_RP.rml
2024-07-05 15:18:30,853 - INFO - Waiting for batch number: 3, timeout: 26.891964168548586s
2024-07-05 15:18:33,088 - INFO - Completed: 1, remaining: 49, RAYPy_Simulation_Bessy3_long_RP/round_1/40_Bessy3_long_RP.rml
2024-07-05 15:18:33,119 - INFO - Completed: 2, remaining: 48, RAYPy_Simulation_Bessy3_long_RP/round_1/35_Bessy3_long_RP.rml
2024-07-05 15:18:33,233 - INFO - Completed: 3, remaining: 47, RAYPy_Simulation_Bessy3_long_RP/round_1/41_Bessy3_long_RP.rml
2024-07-05 15:18:33,340 - INFO - Completed: 4, remaining: 46, RAYPy_Simulation_Bessy3_long_RP/round_1/36_Bessy3_long_RP.rml
2024-07-05 15:18:33,356 - INFO - Completed: 5, remaining: 45, RAYPy_Simulation_Bessy3_long_RP/round_1/42_Bessy3_long_RP.rml
2024-07-05 15:18:33,558 - INFO - Completed: 6, remaining: 44, RAYPy_Simulation_Bessy3_long_RP/round_1/38_Bessy3_long_RP.rml
2024-07-05 15:18:33,732 - INFO - Completed: 7, remaining: 43, RAYPy_Simulation_Bessy3_long_RP/round_1/33_Bessy3_long_RP.rml
2024-07-05 15:18:37,401 - INFO - Completed: 8, remaining: 42, RAYPy_Simulation_Bessy3_long_RP/round_1/34_Bessy3_long_RP.rml
2024-07-05 15:18:37,429 - INFO - Completed: 9, remaining: 41, RAYPy_Simulation_Bessy3_long_RP/round_1/39_Bessy3_long_RP.rml
2024-07-05 15:18:37,646 - INFO - Completed: 10, remaining: 40, RAYPy_Simulation_Bessy3_long_RP/round_1/37_Bessy3_long_RP.rml
2024-07-05 15:18:38,002 - INFO - Completed: 11, remaining: 39, RAYPy_Simulation_Bessy3_long_RP/round_1/44_Bessy3_long_RP.rml
2024-07-05 15:18:38,216 - INFO - Completed: 12, remaining: 38, RAYPy_Simulation_Bessy3_long_RP/round_1/47_Bessy3_long_RP.rml
2024-07-05 15:18:38,311 - INFO - Completed: 13, remaining: 37, RAYPy_Simulation_Bessy3_long_RP/round_1/45_Bessy3_long_RP.rml
2024-07-05 15:18:38,464 - INFO - Completed: 14, remaining: 36, RAYPy_Simulation_Bessy3_long_RP/round_1/43_Bessy3_long_RP.rml
2024-07-05 15:18:38,586 - INFO - Completed: 15, remaining: 35, RAYPy_Simulation_Bessy3_long_RP/round_1/49_Bessy3_long_RP.rml
2024-07-05 15:18:38,828 - INFO - Completed: 16, remaining: 34, RAYPy_Simulation_Bessy3_long_RP/round_1/48_Bessy3_long_RP.rml
2024-07-05 15:18:40,051 - INFO - Completed: 17, remaining: 33, RAYPy_Simulation_Bessy3_long_RP/round_1/46_Bessy3_long_RP.rml
2024-07-05 15:18:42,081 - INFO - Completed: 18, remaining: 32, RAYPy_Simulation_Bessy3_long_RP/round_1/51_Bessy3_long_RP.rml
2024-07-05 15:18:42,190 - INFO - Completed: 19, remaining: 31, RAYPy_Simulation_Bessy3_long_RP/round_1/50_Bessy3_long_RP.rml
2024-07-05 15:18:42,298 - INFO - Completed: 20, remaining: 30, RAYPy_Simulation_Bessy3_long_RP/round_1/52_Bessy3_long_RP.rml
2024-07-05 15:18:42,660 - INFO - Completed: 21, remaining: 29, RAYPy_Simulation_Bessy3_long_RP/round_1/53_Bessy3_long_RP.rml
2024-07-05 15:18:42,747 - INFO - Completed: 22, remaining: 28, RAYPy_Simulation_Bessy3_long_RP/round_1/55_Bessy3_long_RP.rml
2024-07-05 15:18:42,935 - INFO - Completed: 23, remaining: 27, RAYPy_Simulation_Bessy3_long_RP/round_1/57_Bessy3_long_RP.rml
2024-07-05 15:18:43,088 - INFO - Completed: 24, remaining: 26, RAYPy_Simulation_Bessy3_long_RP/round_1/56_Bessy3_long_RP.rml
2024-07-05 15:18:43,251 - INFO - Completed: 25, remaining: 25, RAYPy_Simulation_Bessy3_long_RP/round_1/58_Bessy3_long_RP.rml
2024-07-05 15:18:43,476 - INFO - Completed: 26, remaining: 24, RAYPy_Simulation_Bessy3_long_RP/round_1/54_Bessy3_long_RP.rml
2024-07-05 15:18:44,216 - INFO - Completed: 27, remaining: 23, RAYPy_Simulation_Bessy3_long_RP/round_1/59_Bessy3_long_RP.rml
2024-07-05 15:18:46,642 - INFO - Completed: 28, remaining: 22, RAYPy_Simulation_Bessy3_long_RP/round_1/61_Bessy3_long_RP.rml
2024-07-05 15:18:46,742 - INFO - Completed: 29, remaining: 21, RAYPy_Simulation_Bessy3_long_RP/round_1/60_Bessy3_long_RP.rml
2024-07-05 15:18:47,099 - INFO - Completed: 30, remaining: 20, RAYPy_Simulation_Bessy3_long_RP/round_1/62_Bessy3_long_RP.rml
2024-07-05 15:18:47,319 - INFO - Completed: 31, remaining: 19, RAYPy_Simulation_Bessy3_long_RP/round_1/63_Bessy3_long_RP.rml
2024-07-05 15:18:47,422 - INFO - Completed: 32, remaining: 18, RAYPy_Simulation_Bessy3_long_RP/round_1/64_Bessy3_long_RP.rml
2024-07-05 15:18:47,980 - INFO - Completed: 33, remaining: 17, RAYPy_Simulation_Bessy3_long_RP/round_1/66_Bessy3_long_RP.rml
2024-07-05 15:18:48,250 - INFO - Completed: 34, remaining: 16, RAYPy_Simulation_Bessy3_long_RP/round_1/65_Bessy3_long_RP.rml
2024-07-05 15:18:48,438 - INFO - Completed: 35, remaining: 15, RAYPy_Simulation_Bessy3_long_RP/round_1/67_Bessy3_long_RP.rml
2024-07-05 15:18:49,225 - INFO - Completed: 36, remaining: 14, RAYPy_Simulation_Bessy3_long_RP/round_1/69_Bessy3_long_RP.rml
2024-07-05 15:18:49,460 - INFO - Completed: 37, remaining: 13, RAYPy_Simulation_Bessy3_long_RP/round_1/68_Bessy3_long_RP.rml
2024-07-05 15:18:51,436 - INFO - Completed: 38, remaining: 12, RAYPy_Simulation_Bessy3_long_RP/round_1/71_Bessy3_long_RP.rml
2024-07-05 15:18:51,880 - INFO - Completed: 39, remaining: 11, RAYPy_Simulation_Bessy3_long_RP/round_1/72_Bessy3_long_RP.rml
2024-07-05 15:18:51,910 - INFO - Completed: 40, remaining: 10, RAYPy_Simulation_Bessy3_long_RP/round_1/74_Bessy3_long_RP.rml
2024-07-05 15:18:52,034 - INFO - Completed: 41, remaining: 9, RAYPy_Simulation_Bessy3_long_RP/round_1/73_Bessy3_long_RP.rml
2024-07-05 15:18:52,135 - INFO - Completed: 42, remaining: 8, RAYPy_Simulation_Bessy3_long_RP/round_1/70_Bessy3_long_RP.rml
2024-07-05 15:18:52,273 - INFO - Completed: 43, remaining: 7, RAYPy_Simulation_Bessy3_long_RP/round_1/75_Bessy3_long_RP.rml
2024-07-05 15:18:52,418 - INFO - Completed: 44, remaining: 6, RAYPy_Simulation_Bessy3_long_RP/round_1/76_Bessy3_long_RP.rml
2024-07-05 15:18:52,491 - INFO - Completed: 45, remaining: 5, RAYPy_Simulation_Bessy3_long_RP/round_1/77_Bessy3_long_RP.rml
2024-07-05 15:18:52,772 - INFO - Completed: 46, remaining: 4, RAYPy_Simulation_Bessy3_long_RP/round_1/78_Bessy3_long_RP.rml
2024-07-05 15:18:52,858 - INFO - Completed: 47, remaining: 3, RAYPy_Simulation_Bessy3_long_RP/round_1/79_Bessy3_long_RP.rml
2024-07-05 15:18:53,572 - INFO - Completed: 48, remaining: 2, RAYPy_Simulation_Bessy3_long_RP/round_1/80_Bessy3_long_RP.rml
2024-07-05 15:18:53,691 - INFO - Completed: 49, remaining: 1, RAYPy_Simulation_Bessy3_long_RP/round_1/81_Bessy3_long_RP.rml
2024-07-05 15:18:53,781 - INFO - Completed: 50, remaining: 0, RAYPy_Simulation_Bessy3_long_RP/round_1/82_Bessy3_long_RP.rml
2024-07-05 15:18:53,781 - INFO - Batch Completed
2024-07-05 15:18:53,782 - INFO - Waiting For batch, 50 simulations to go
2024-07-05 15:18:53,795 - INFO - Prepared sim number: 83: RAYPy_Simulation_Bessy3_long_RP/round_1/83_Bessy3_long_RP.rml
2024-07-05 15:18:53,807 - INFO - Prepared sim number: 84: RAYPy_Simulation_Bessy3_long_RP/round_1/84_Bessy3_long_RP.rml
2024-07-05 15:18:53,819 - INFO - Prepared sim number: 85: RAYPy_Simulation_Bessy3_long_RP/round_1/85_Bessy3_long_RP.rml
2024-07-05 15:18:53,831 - INFO - Prepared sim number: 86: RAYPy_Simulation_Bessy3_long_RP/round_1/86_Bessy3_long_RP.rml
2024-07-05 15:18:53,846 - INFO - Prepared sim number: 87: RAYPy_Simulation_Bessy3_long_RP/round_1/87_Bessy3_long_RP.rml
2024-07-05 15:18:53,857 - INFO - Prepared sim number: 88: RAYPy_Simulation_Bessy3_long_RP/round_1/88_Bessy3_long_RP.rml
2024-07-05 15:18:53,868 - INFO - Prepared sim number: 89: RAYPy_Simulation_Bessy3_long_RP/round_1/89_Bessy3_long_RP.rml
2024-07-05 15:18:53,877 - INFO - Prepared sim number: 90: RAYPy_Simulation_Bessy3_long_RP/round_1/90_Bessy3_long_RP.rml
2024-07-05 15:18:53,885 - INFO - Prepared sim number: 91: RAYPy_Simulation_Bessy3_long_RP/round_1/91_Bessy3_long_RP.rml
2024-07-05 15:18:53,892 - INFO - Prepared sim number: 92: RAYPy_Simulation_Bessy3_long_RP/round_1/92_Bessy3_long_RP.rml
2024-07-05 15:18:53,898 - INFO - Prepared sim number: 93: RAYPy_Simulation_Bessy3_long_RP/round_1/93_Bessy3_long_RP.rml
2024-07-05 15:18:53,905 - INFO - Prepared sim number: 94: RAYPy_Simulation_Bessy3_long_RP/round_1/94_Bessy3_long_RP.rml
2024-07-05 15:18:53,912 - INFO - Prepared sim number: 95: RAYPy_Simulation_Bessy3_long_RP/round_1/95_Bessy3_long_RP.rml
2024-07-05 15:18:53,919 - INFO - Prepared sim number: 96: RAYPy_Simulation_Bessy3_long_RP/round_1/96_Bessy3_long_RP.rml
2024-07-05 15:18:53,925 - INFO - Prepared sim number: 97: RAYPy_Simulation_Bessy3_long_RP/round_1/97_Bessy3_long_RP.rml
2024-07-05 15:18:53,931 - INFO - Prepared sim number: 98: RAYPy_Simulation_Bessy3_long_RP/round_1/98_Bessy3_long_RP.rml
2024-07-05 15:18:53,939 - INFO - Prepared sim number: 99: RAYPy_Simulation_Bessy3_long_RP/round_1/99_Bessy3_long_RP.rml
2024-07-05 15:18:53,945 - INFO - Prepared sim number: 100: RAYPy_Simulation_Bessy3_long_RP/round_1/100_Bessy3_long_RP.rml
2024-07-05 15:18:53,951 - INFO - Prepared sim number: 101: RAYPy_Simulation_Bessy3_long_RP/round_1/101_Bessy3_long_RP.rml
2024-07-05 15:18:53,958 - INFO - Prepared sim number: 102: RAYPy_Simulation_Bessy3_long_RP/round_1/102_Bessy3_long_RP.rml
2024-07-05 15:18:53,964 - INFO - Prepared sim number: 103: RAYPy_Simulation_Bessy3_long_RP/round_1/103_Bessy3_long_RP.rml
2024-07-05 15:18:53,969 - INFO - Prepared sim number: 104: RAYPy_Simulation_Bessy3_long_RP/round_1/104_Bessy3_long_RP.rml
2024-07-05 15:18:53,975 - INFO - Prepared sim number: 105: RAYPy_Simulation_Bessy3_long_RP/round_1/105_Bessy3_long_RP.rml
2024-07-05 15:18:53,983 - INFO - Prepared sim number: 106: RAYPy_Simulation_Bessy3_long_RP/round_1/106_Bessy3_long_RP.rml
2024-07-05 15:18:53,990 - INFO - Prepared sim number: 107: RAYPy_Simulation_Bessy3_long_RP/round_1/107_Bessy3_long_RP.rml
2024-07-05 15:18:53,997 - INFO - Prepared sim number: 108: RAYPy_Simulation_Bessy3_long_RP/round_1/108_Bessy3_long_RP.rml
2024-07-05 15:18:54,002 - INFO - Prepared sim number: 109: RAYPy_Simulation_Bessy3_long_RP/round_1/109_Bessy3_long_RP.rml
2024-07-05 15:18:54,015 - INFO - Prepared sim number: 110: RAYPy_Simulation_Bessy3_long_RP/round_1/110_Bessy3_long_RP.rml
2024-07-05 15:18:54,023 - INFO - Prepared sim number: 111: RAYPy_Simulation_Bessy3_long_RP/round_1/111_Bessy3_long_RP.rml
2024-07-05 15:18:54,028 - INFO - Prepared sim number: 112: RAYPy_Simulation_Bessy3_long_RP/round_1/112_Bessy3_long_RP.rml
2024-07-05 15:18:54,037 - INFO - Prepared sim number: 113: RAYPy_Simulation_Bessy3_long_RP/round_1/113_Bessy3_long_RP.rml
2024-07-05 15:18:54,046 - INFO - Prepared sim number: 114: RAYPy_Simulation_Bessy3_long_RP/round_1/114_Bessy3_long_RP.rml
2024-07-05 15:18:54,053 - INFO - Prepared sim number: 115: RAYPy_Simulation_Bessy3_long_RP/round_1/115_Bessy3_long_RP.rml
2024-07-05 15:18:54,060 - INFO - Prepared sim number: 116: RAYPy_Simulation_Bessy3_long_RP/round_1/116_Bessy3_long_RP.rml
2024-07-05 15:18:54,061 - INFO - Waiting for batch number: 4, timeout: 26.752485501766206s
2024-07-05 15:18:57,131 - INFO - Completed: 1, remaining: 49, RAYPy_Simulation_Bessy3_long_RP/round_1/84_Bessy3_long_RP.rml
2024-07-05 15:18:57,153 - INFO - Completed: 2, remaining: 48, RAYPy_Simulation_Bessy3_long_RP/round_1/92_Bessy3_long_RP.rml
2024-07-05 15:18:57,217 - INFO - Completed: 3, remaining: 47, RAYPy_Simulation_Bessy3_long_RP/round_1/86_Bessy3_long_RP.rml
2024-07-05 15:18:57,306 - INFO - Completed: 4, remaining: 46, RAYPy_Simulation_Bessy3_long_RP/round_1/83_Bessy3_long_RP.rml
2024-07-05 15:18:57,416 - INFO - Completed: 5, remaining: 45, RAYPy_Simulation_Bessy3_long_RP/round_1/91_Bessy3_long_RP.rml
2024-07-05 15:18:57,494 - INFO - Completed: 6, remaining: 44, RAYPy_Simulation_Bessy3_long_RP/round_1/88_Bessy3_long_RP.rml
2024-07-05 15:18:57,530 - INFO - Completed: 7, remaining: 43, RAYPy_Simulation_Bessy3_long_RP/round_1/90_Bessy3_long_RP.rml
2024-07-05 15:18:57,727 - INFO - Completed: 8, remaining: 42, RAYPy_Simulation_Bessy3_long_RP/round_1/87_Bessy3_long_RP.rml
2024-07-05 15:18:58,137 - INFO - Completed: 9, remaining: 41, RAYPy_Simulation_Bessy3_long_RP/round_1/89_Bessy3_long_RP.rml
2024-07-05 15:19:00,738 - INFO - Completed: 10, remaining: 40, RAYPy_Simulation_Bessy3_long_RP/round_1/85_Bessy3_long_RP.rml
2024-07-05 15:19:01,994 - INFO - Completed: 11, remaining: 39, RAYPy_Simulation_Bessy3_long_RP/round_1/95_Bessy3_long_RP.rml
2024-07-05 15:19:02,137 - INFO - Completed: 12, remaining: 38, RAYPy_Simulation_Bessy3_long_RP/round_1/94_Bessy3_long_RP.rml
2024-07-05 15:19:02,226 - INFO - Completed: 13, remaining: 37, RAYPy_Simulation_Bessy3_long_RP/round_1/96_Bessy3_long_RP.rml
2024-07-05 15:19:02,360 - INFO - Completed: 14, remaining: 36, RAYPy_Simulation_Bessy3_long_RP/round_1/98_Bessy3_long_RP.rml
2024-07-05 15:19:02,554 - INFO - Completed: 15, remaining: 35, RAYPy_Simulation_Bessy3_long_RP/round_1/93_Bessy3_long_RP.rml
2024-07-05 15:19:02,623 - INFO - Completed: 16, remaining: 34, RAYPy_Simulation_Bessy3_long_RP/round_1/100_Bessy3_long_RP.rml
2024-07-05 15:19:02,631 - INFO - Completed: 17, remaining: 33, RAYPy_Simulation_Bessy3_long_RP/round_1/97_Bessy3_long_RP.rml
2024-07-05 15:19:02,915 - INFO - Completed: 18, remaining: 32, RAYPy_Simulation_Bessy3_long_RP/round_1/101_Bessy3_long_RP.rml
2024-07-05 15:19:03,237 - INFO - Completed: 19, remaining: 31, RAYPy_Simulation_Bessy3_long_RP/round_1/99_Bessy3_long_RP.rml
2024-07-05 15:19:05,159 - INFO - Completed: 20, remaining: 30, RAYPy_Simulation_Bessy3_long_RP/round_1/102_Bessy3_long_RP.rml
2024-07-05 15:19:06,924 - INFO - Completed: 21, remaining: 29, RAYPy_Simulation_Bessy3_long_RP/round_1/106_Bessy3_long_RP.rml
2024-07-05 15:19:07,027 - INFO - Completed: 22, remaining: 28, RAYPy_Simulation_Bessy3_long_RP/round_1/103_Bessy3_long_RP.rml
2024-07-05 15:19:07,117 - INFO - Completed: 23, remaining: 27, RAYPy_Simulation_Bessy3_long_RP/round_1/107_Bessy3_long_RP.rml
2024-07-05 15:19:07,169 - INFO - Completed: 24, remaining: 26, RAYPy_Simulation_Bessy3_long_RP/round_1/108_Bessy3_long_RP.rml
2024-07-05 15:19:07,261 - INFO - Completed: 25, remaining: 25, RAYPy_Simulation_Bessy3_long_RP/round_1/104_Bessy3_long_RP.rml
2024-07-05 15:19:07,284 - INFO - Completed: 26, remaining: 24, RAYPy_Simulation_Bessy3_long_RP/round_1/109_Bessy3_long_RP.rml
2024-07-05 15:19:07,312 - INFO - Completed: 27, remaining: 23, RAYPy_Simulation_Bessy3_long_RP/round_1/105_Bessy3_long_RP.rml
2024-07-05 15:19:07,495 - INFO - Completed: 28, remaining: 22, RAYPy_Simulation_Bessy3_long_RP/round_1/110_Bessy3_long_RP.rml
2024-07-05 15:19:07,922 - INFO - Completed: 29, remaining: 21, RAYPy_Simulation_Bessy3_long_RP/round_1/111_Bessy3_long_RP.rml
2024-07-05 15:19:09,176 - INFO - Completed: 30, remaining: 20, RAYPy_Simulation_Bessy3_long_RP/round_1/112_Bessy3_long_RP.rml
2024-07-05 15:19:09,355 - INFO - Completed: 31, remaining: 19, RAYPy_Simulation_Bessy3_long_RP/round_1/113_Bessy3_long_RP.rml
2024-07-05 15:19:09,472 - INFO - Completed: 32, remaining: 18, RAYPy_Simulation_Bessy3_long_RP/round_1/116_Bessy3_long_RP.rml
2024-07-05 15:19:09,572 - INFO - Completed: 33, remaining: 17, RAYPy_Simulation_Bessy3_long_RP/round_1/114_Bessy3_long_RP.rml
2024-07-05 15:19:09,701 - INFO - Completed: 34, remaining: 16, RAYPy_Simulation_Bessy3_long_RP/round_1/115_Bessy3_long_RP.rml
2024-07-05 15:19:09,702 - INFO - Batch Completed
2024-07-05 15:19:09,702 - INFO - Waiting For batch, 50 simulations to go
2024-07-05 15:19:09,702 - INFO - Remaning Simulations 0, stop the simulations loop
2024-07-05 15:19:09,703 - INFO - Checking that all simulations are completed before stopping the ProcessPoolExecutor
2024-07-05 15:19:09,765 - INFO - Executor shutdown completed.
2024-07-05 15:19:09,785 - INFO - Simulation completed successfully.
2024-07-05 15:19:09,786 - INFO - Starting cleanup
2024-07-05 15:19:10,345 - INFO - Done with the cleanup
2024-07-05 15:19:10,346 - INFO - End of the Simulations
