2025-01-16 15:26:35,850 - INFO - Simulation started, using 12 workers
2025-01-16 15:26:35,854 - INFO - Start round 0
2025-01-16 15:26:35,862 - INFO - Prepared sim number: 0: RAYPy_Simulation_bessy3_56m_PGM_2Perc_coupling_errors_on_RP/round_0/0_bessy3_56m_PGM_2Perc_coupling_errors_on_RP.rml
2025-01-16 15:26:35,873 - INFO - Prepared sim number: 1: RAYPy_Simulation_bessy3_56m_PGM_2Perc_coupling_errors_on_RP/round_0/1_bessy3_56m_PGM_2Perc_coupling_errors_on_RP.rml
2025-01-16 15:26:35,883 - INFO - Prepared sim number: 2: RAYPy_Simulation_bessy3_56m_PGM_2Perc_coupling_errors_on_RP/round_0/2_bessy3_56m_PGM_2Perc_coupling_errors_on_RP.rml
2025-01-16 15:26:35,891 - INFO - Prepared sim number: 3: RAYPy_Simulation_bessy3_56m_PGM_2Perc_coupling_errors_on_RP/round_0/3_bessy3_56m_PGM_2Perc_coupling_errors_on_RP.rml
2025-01-16 15:26:35,900 - INFO - Prepared sim number: 4: RAYPy_Simulation_bessy3_56m_PGM_2Perc_coupling_errors_on_RP/round_0/4_bessy3_56m_PGM_2Perc_coupling_errors_on_RP.rml
2025-01-16 15:26:35,907 - INFO - Prepared sim number: 5: RAYPy_Simulation_bessy3_56m_PGM_2Perc_coupling_errors_on_RP/round_0/5_bessy3_56m_PGM_2Perc_coupling_errors_on_RP.rml
2025-01-16 15:26:35,915 - INFO - Prepared sim number: 6: RAYPy_Simulation_bessy3_56m_PGM_2Perc_coupling_errors_on_RP/round_0/6_bessy3_56m_PGM_2Perc_coupling_errors_on_RP.rml
2025-01-16 15:26:35,921 - INFO - Prepared sim number: 7: RAYPy_Simulation_bessy3_56m_PGM_2Perc_coupling_errors_on_RP/round_0/7_bessy3_56m_PGM_2Perc_coupling_errors_on_RP.rml
2025-01-16 15:26:35,928 - INFO - Prepared sim number: 8: RAYPy_Simulation_bessy3_56m_PGM_2Perc_coupling_errors_on_RP/round_0/8_bessy3_56m_PGM_2Perc_coupling_errors_on_RP.rml
2025-01-16 15:26:35,934 - INFO - Prepared sim number: 9: RAYPy_Simulation_bessy3_56m_PGM_2Perc_coupling_errors_on_RP/round_0/9_bessy3_56m_PGM_2Perc_coupling_errors_on_RP.rml
2025-01-16 15:26:35,941 - INFO - Prepared sim number: 10: RAYPy_Simulation_bessy3_56m_PGM_2Perc_coupling_errors_on_RP/round_0/10_bessy3_56m_PGM_2Perc_coupling_errors_on_RP.rml
2025-01-16 15:26:35,947 - INFO - Prepared sim number: 11: RAYPy_Simulation_bessy3_56m_PGM_2Perc_coupling_errors_on_RP/round_0/11_bessy3_56m_PGM_2Perc_coupling_errors_on_RP.rml
2025-01-16 15:26:35,953 - INFO - Prepared sim number: 12: RAYPy_Simulation_bessy3_56m_PGM_2Perc_coupling_errors_on_RP/round_0/12_bessy3_56m_PGM_2Perc_coupling_errors_on_RP.rml
2025-01-16 15:26:35,960 - INFO - Prepared sim number: 13: RAYPy_Simulation_bessy3_56m_PGM_2Perc_coupling_errors_on_RP/round_0/13_bessy3_56m_PGM_2Perc_coupling_errors_on_RP.rml
2025-01-16 15:26:35,966 - INFO - Prepared sim number: 14: RAYPy_Simulation_bessy3_56m_PGM_2Perc_coupling_errors_on_RP/round_0/14_bessy3_56m_PGM_2Perc_coupling_errors_on_RP.rml
2025-01-16 15:26:35,973 - INFO - Prepared sim number: 15: RAYPy_Simulation_bessy3_56m_PGM_2Perc_coupling_errors_on_RP/round_0/15_bessy3_56m_PGM_2Perc_coupling_errors_on_RP.rml
2025-01-16 15:26:35,979 - INFO - Prepared sim number: 16: RAYPy_Simulation_bessy3_56m_PGM_2Perc_coupling_errors_on_RP/round_0/16_bessy3_56m_PGM_2Perc_coupling_errors_on_RP.rml
2025-01-16 15:26:35,985 - INFO - Prepared sim number: 17: RAYPy_Simulation_bessy3_56m_PGM_2Perc_coupling_errors_on_RP/round_0/17_bessy3_56m_PGM_2Perc_coupling_errors_on_RP.rml
2025-01-16 15:26:35,992 - INFO - Prepared sim number: 18: RAYPy_Simulation_bessy3_56m_PGM_2Perc_coupling_errors_on_RP/round_0/18_bessy3_56m_PGM_2Perc_coupling_errors_on_RP.rml
2025-01-16 15:26:35,998 - INFO - Prepared sim number: 19: RAYPy_Simulation_bessy3_56m_PGM_2Perc_coupling_errors_on_RP/round_0/19_bessy3_56m_PGM_2Perc_coupling_errors_on_RP.rml
2025-01-16 15:26:36,005 - INFO - Prepared sim number: 20: RAYPy_Simulation_bessy3_56m_PGM_2Perc_coupling_errors_on_RP/round_0/20_bessy3_56m_PGM_2Perc_coupling_errors_on_RP.rml
2025-01-16 15:26:36,005 - INFO - Start round 1
2025-01-16 15:26:36,008 - INFO - Prepared sim number: 0: RAYPy_Simulation_bessy3_56m_PGM_2Perc_coupling_errors_on_RP/round_1/0_bessy3_56m_PGM_2Perc_coupling_errors_on_RP.rml
2025-01-16 15:26:36,011 - INFO - Prepared sim number: 1: RAYPy_Simulation_bessy3_56m_PGM_2Perc_coupling_errors_on_RP/round_1/1_bessy3_56m_PGM_2Perc_coupling_errors_on_RP.rml
2025-01-16 15:26:36,014 - INFO - Prepared sim number: 2: RAYPy_Simulation_bessy3_56m_PGM_2Perc_coupling_errors_on_RP/round_1/2_bessy3_56m_PGM_2Perc_coupling_errors_on_RP.rml
2025-01-16 15:26:36,018 - INFO - Prepared sim number: 3: RAYPy_Simulation_bessy3_56m_PGM_2Perc_coupling_errors_on_RP/round_1/3_bessy3_56m_PGM_2Perc_coupling_errors_on_RP.rml
2025-01-16 15:26:36,021 - INFO - Prepared sim number: 4: RAYPy_Simulation_bessy3_56m_PGM_2Perc_coupling_errors_on_RP/round_1/4_bessy3_56m_PGM_2Perc_coupling_errors_on_RP.rml
2025-01-16 15:26:36,024 - INFO - Prepared sim number: 5: RAYPy_Simulation_bessy3_56m_PGM_2Perc_coupling_errors_on_RP/round_1/5_bessy3_56m_PGM_2Perc_coupling_errors_on_RP.rml
2025-01-16 15:26:36,026 - INFO - Prepared sim number: 6: RAYPy_Simulation_bessy3_56m_PGM_2Perc_coupling_errors_on_RP/round_1/6_bessy3_56m_PGM_2Perc_coupling_errors_on_RP.rml
2025-01-16 15:26:36,029 - INFO - Prepared sim number: 7: RAYPy_Simulation_bessy3_56m_PGM_2Perc_coupling_errors_on_RP/round_1/7_bessy3_56m_PGM_2Perc_coupling_errors_on_RP.rml
2025-01-16 15:26:36,032 - INFO - Prepared sim number: 8: RAYPy_Simulation_bessy3_56m_PGM_2Perc_coupling_errors_on_RP/round_1/8_bessy3_56m_PGM_2Perc_coupling_errors_on_RP.rml
2025-01-16 15:26:36,035 - INFO - Prepared sim number: 9: RAYPy_Simulation_bessy3_56m_PGM_2Perc_coupling_errors_on_RP/round_1/9_bessy3_56m_PGM_2Perc_coupling_errors_on_RP.rml
2025-01-16 15:26:36,039 - INFO - Prepared sim number: 10: RAYPy_Simulation_bessy3_56m_PGM_2Perc_coupling_errors_on_RP/round_1/10_bessy3_56m_PGM_2Perc_coupling_errors_on_RP.rml
2025-01-16 15:26:36,042 - INFO - Prepared sim number: 11: RAYPy_Simulation_bessy3_56m_PGM_2Perc_coupling_errors_on_RP/round_1/11_bessy3_56m_PGM_2Perc_coupling_errors_on_RP.rml
2025-01-16 15:26:36,045 - INFO - Prepared sim number: 12: RAYPy_Simulation_bessy3_56m_PGM_2Perc_coupling_errors_on_RP/round_1/12_bessy3_56m_PGM_2Perc_coupling_errors_on_RP.rml
2025-01-16 15:26:36,048 - INFO - Prepared sim number: 13: RAYPy_Simulation_bessy3_56m_PGM_2Perc_coupling_errors_on_RP/round_1/13_bessy3_56m_PGM_2Perc_coupling_errors_on_RP.rml
2025-01-16 15:26:36,051 - INFO - Prepared sim number: 14: RAYPy_Simulation_bessy3_56m_PGM_2Perc_coupling_errors_on_RP/round_1/14_bessy3_56m_PGM_2Perc_coupling_errors_on_RP.rml
2025-01-16 15:26:36,054 - INFO - Prepared sim number: 15: RAYPy_Simulation_bessy3_56m_PGM_2Perc_coupling_errors_on_RP/round_1/15_bessy3_56m_PGM_2Perc_coupling_errors_on_RP.rml
2025-01-16 15:26:36,057 - INFO - Prepared sim number: 16: RAYPy_Simulation_bessy3_56m_PGM_2Perc_coupling_errors_on_RP/round_1/16_bessy3_56m_PGM_2Perc_coupling_errors_on_RP.rml
2025-01-16 15:26:36,060 - INFO - Prepared sim number: 17: RAYPy_Simulation_bessy3_56m_PGM_2Perc_coupling_errors_on_RP/round_1/17_bessy3_56m_PGM_2Perc_coupling_errors_on_RP.rml
2025-01-16 15:26:36,062 - INFO - Prepared sim number: 18: RAYPy_Simulation_bessy3_56m_PGM_2Perc_coupling_errors_on_RP/round_1/18_bessy3_56m_PGM_2Perc_coupling_errors_on_RP.rml
2025-01-16 15:26:36,065 - INFO - Prepared sim number: 19: RAYPy_Simulation_bessy3_56m_PGM_2Perc_coupling_errors_on_RP/round_1/19_bessy3_56m_PGM_2Perc_coupling_errors_on_RP.rml
2025-01-16 15:26:36,068 - INFO - Prepared sim number: 20: RAYPy_Simulation_bessy3_56m_PGM_2Perc_coupling_errors_on_RP/round_1/20_bessy3_56m_PGM_2Perc_coupling_errors_on_RP.rml
2025-01-16 15:26:36,068 - INFO - Start round 2
2025-01-16 15:26:36,070 - INFO - Prepared sim number: 0: RAYPy_Simulation_bessy3_56m_PGM_2Perc_coupling_errors_on_RP/round_2/0_bessy3_56m_PGM_2Perc_coupling_errors_on_RP.rml
2025-01-16 15:26:36,073 - INFO - Prepared sim number: 1: RAYPy_Simulation_bessy3_56m_PGM_2Perc_coupling_errors_on_RP/round_2/1_bessy3_56m_PGM_2Perc_coupling_errors_on_RP.rml
2025-01-16 15:26:36,076 - INFO - Prepared sim number: 2: RAYPy_Simulation_bessy3_56m_PGM_2Perc_coupling_errors_on_RP/round_2/2_bessy3_56m_PGM_2Perc_coupling_errors_on_RP.rml
2025-01-16 15:26:36,078 - INFO - Prepared sim number: 3: RAYPy_Simulation_bessy3_56m_PGM_2Perc_coupling_errors_on_RP/round_2/3_bessy3_56m_PGM_2Perc_coupling_errors_on_RP.rml
2025-01-16 15:26:36,082 - INFO - Prepared sim number: 4: RAYPy_Simulation_bessy3_56m_PGM_2Perc_coupling_errors_on_RP/round_2/4_bessy3_56m_PGM_2Perc_coupling_errors_on_RP.rml
2025-01-16 15:26:36,084 - INFO - Prepared sim number: 5: RAYPy_Simulation_bessy3_56m_PGM_2Perc_coupling_errors_on_RP/round_2/5_bessy3_56m_PGM_2Perc_coupling_errors_on_RP.rml
2025-01-16 15:26:36,087 - INFO - Prepared sim number: 6: RAYPy_Simulation_bessy3_56m_PGM_2Perc_coupling_errors_on_RP/round_2/6_bessy3_56m_PGM_2Perc_coupling_errors_on_RP.rml
2025-01-16 15:26:36,090 - INFO - Prepared sim number: 7: RAYPy_Simulation_bessy3_56m_PGM_2Perc_coupling_errors_on_RP/round_2/7_bessy3_56m_PGM_2Perc_coupling_errors_on_RP.rml
2025-01-16 15:26:36,093 - INFO - Prepared sim number: 8: RAYPy_Simulation_bessy3_56m_PGM_2Perc_coupling_errors_on_RP/round_2/8_bessy3_56m_PGM_2Perc_coupling_errors_on_RP.rml
2025-01-16 15:26:36,096 - INFO - Prepared sim number: 9: RAYPy_Simulation_bessy3_56m_PGM_2Perc_coupling_errors_on_RP/round_2/9_bessy3_56m_PGM_2Perc_coupling_errors_on_RP.rml
2025-01-16 15:26:36,100 - INFO - Prepared sim number: 10: RAYPy_Simulation_bessy3_56m_PGM_2Perc_coupling_errors_on_RP/round_2/10_bessy3_56m_PGM_2Perc_coupling_errors_on_RP.rml
2025-01-16 15:26:36,103 - INFO - Prepared sim number: 11: RAYPy_Simulation_bessy3_56m_PGM_2Perc_coupling_errors_on_RP/round_2/11_bessy3_56m_PGM_2Perc_coupling_errors_on_RP.rml
2025-01-16 15:26:36,106 - INFO - Prepared sim number: 12: RAYPy_Simulation_bessy3_56m_PGM_2Perc_coupling_errors_on_RP/round_2/12_bessy3_56m_PGM_2Perc_coupling_errors_on_RP.rml
2025-01-16 15:26:36,109 - INFO - Prepared sim number: 13: RAYPy_Simulation_bessy3_56m_PGM_2Perc_coupling_errors_on_RP/round_2/13_bessy3_56m_PGM_2Perc_coupling_errors_on_RP.rml
2025-01-16 15:26:36,112 - INFO - Prepared sim number: 14: RAYPy_Simulation_bessy3_56m_PGM_2Perc_coupling_errors_on_RP/round_2/14_bessy3_56m_PGM_2Perc_coupling_errors_on_RP.rml
2025-01-16 15:26:36,115 - INFO - Prepared sim number: 15: RAYPy_Simulation_bessy3_56m_PGM_2Perc_coupling_errors_on_RP/round_2/15_bessy3_56m_PGM_2Perc_coupling_errors_on_RP.rml
2025-01-16 15:26:36,118 - INFO - Prepared sim number: 16: RAYPy_Simulation_bessy3_56m_PGM_2Perc_coupling_errors_on_RP/round_2/16_bessy3_56m_PGM_2Perc_coupling_errors_on_RP.rml
2025-01-16 15:26:36,121 - INFO - Prepared sim number: 17: RAYPy_Simulation_bessy3_56m_PGM_2Perc_coupling_errors_on_RP/round_2/17_bessy3_56m_PGM_2Perc_coupling_errors_on_RP.rml
2025-01-16 15:26:36,137 - INFO - Waiting for batch number: 0, timeout: 60s
2025-01-16 15:26:37,849 - INFO - Completed: 1, remaining: 59, RAYPy_Simulation_bessy3_56m_PGM_2Perc_coupling_errors_on_RP/round_0/3_bessy3_56m_PGM_2Perc_coupling_errors_on_RP.rml
2025-01-16 15:26:37,932 - INFO - Completed: 2, remaining: 58, RAYPy_Simulation_bessy3_56m_PGM_2Perc_coupling_errors_on_RP/round_0/4_bessy3_56m_PGM_2Perc_coupling_errors_on_RP.rml
2025-01-16 15:26:37,941 - INFO - Completed: 3, remaining: 57, RAYPy_Simulation_bessy3_56m_PGM_2Perc_coupling_errors_on_RP/round_0/2_bessy3_56m_PGM_2Perc_coupling_errors_on_RP.rml
2025-01-16 15:26:38,021 - INFO - Completed: 4, remaining: 56, RAYPy_Simulation_bessy3_56m_PGM_2Perc_coupling_errors_on_RP/round_0/5_bessy3_56m_PGM_2Perc_coupling_errors_on_RP.rml
2025-01-16 15:26:38,150 - INFO - Completed: 5, remaining: 55, RAYPy_Simulation_bessy3_56m_PGM_2Perc_coupling_errors_on_RP/round_0/0_bessy3_56m_PGM_2Perc_coupling_errors_on_RP.rml
2025-01-16 15:26:38,248 - INFO - Completed: 6, remaining: 54, RAYPy_Simulation_bessy3_56m_PGM_2Perc_coupling_errors_on_RP/round_0/6_bessy3_56m_PGM_2Perc_coupling_errors_on_RP.rml
2025-01-16 15:26:39,892 - INFO - Completed: 7, remaining: 53, RAYPy_Simulation_bessy3_56m_PGM_2Perc_coupling_errors_on_RP/round_0/12_bessy3_56m_PGM_2Perc_coupling_errors_on_RP.rml
2025-01-16 15:26:40,027 - INFO - Completed: 8, remaining: 52, RAYPy_Simulation_bessy3_56m_PGM_2Perc_coupling_errors_on_RP/round_0/13_bessy3_56m_PGM_2Perc_coupling_errors_on_RP.rml
2025-01-16 15:26:40,163 - INFO - Completed: 9, remaining: 51, RAYPy_Simulation_bessy3_56m_PGM_2Perc_coupling_errors_on_RP/round_0/14_bessy3_56m_PGM_2Perc_coupling_errors_on_RP.rml
2025-01-16 15:26:40,249 - INFO - Completed: 10, remaining: 50, RAYPy_Simulation_bessy3_56m_PGM_2Perc_coupling_errors_on_RP/round_0/1_bessy3_56m_PGM_2Perc_coupling_errors_on_RP.rml
2025-01-16 15:26:40,414 - INFO - Completed: 11, remaining: 49, RAYPy_Simulation_bessy3_56m_PGM_2Perc_coupling_errors_on_RP/round_0/8_bessy3_56m_PGM_2Perc_coupling_errors_on_RP.rml
2025-01-16 15:26:40,518 - INFO - Completed: 12, remaining: 48, RAYPy_Simulation_bessy3_56m_PGM_2Perc_coupling_errors_on_RP/round_0/7_bessy3_56m_PGM_2Perc_coupling_errors_on_RP.rml
2025-01-16 15:26:40,605 - INFO - Completed: 13, remaining: 47, RAYPy_Simulation_bessy3_56m_PGM_2Perc_coupling_errors_on_RP/round_0/10_bessy3_56m_PGM_2Perc_coupling_errors_on_RP.rml
2025-01-16 15:26:40,624 - INFO - Completed: 14, remaining: 46, RAYPy_Simulation_bessy3_56m_PGM_2Perc_coupling_errors_on_RP/round_0/15_bessy3_56m_PGM_2Perc_coupling_errors_on_RP.rml
2025-01-16 15:26:40,656 - INFO - Completed: 15, remaining: 45, RAYPy_Simulation_bessy3_56m_PGM_2Perc_coupling_errors_on_RP/round_0/17_bessy3_56m_PGM_2Perc_coupling_errors_on_RP.rml
2025-01-16 15:26:42,253 - INFO - Completed: 16, remaining: 44, RAYPy_Simulation_bessy3_56m_PGM_2Perc_coupling_errors_on_RP/round_0/18_bessy3_56m_PGM_2Perc_coupling_errors_on_RP.rml
2025-01-16 15:26:42,477 - INFO - Completed: 17, remaining: 43, RAYPy_Simulation_bessy3_56m_PGM_2Perc_coupling_errors_on_RP/round_0/9_bessy3_56m_PGM_2Perc_coupling_errors_on_RP.rml
2025-01-16 15:26:42,610 - INFO - Completed: 18, remaining: 42, RAYPy_Simulation_bessy3_56m_PGM_2Perc_coupling_errors_on_RP/round_0/19_bessy3_56m_PGM_2Perc_coupling_errors_on_RP.rml
2025-01-16 15:26:42,729 - INFO - Completed: 19, remaining: 41, RAYPy_Simulation_bessy3_56m_PGM_2Perc_coupling_errors_on_RP/round_1/0_bessy3_56m_PGM_2Perc_coupling_errors_on_RP.rml
2025-01-16 15:26:42,804 - INFO - Completed: 20, remaining: 40, RAYPy_Simulation_bessy3_56m_PGM_2Perc_coupling_errors_on_RP/round_0/11_bessy3_56m_PGM_2Perc_coupling_errors_on_RP.rml
2025-01-16 15:26:42,808 - INFO - Completed: 21, remaining: 39, RAYPy_Simulation_bessy3_56m_PGM_2Perc_coupling_errors_on_RP/round_0/16_bessy3_56m_PGM_2Perc_coupling_errors_on_RP.rml
2025-01-16 15:26:42,958 - INFO - Completed: 22, remaining: 38, RAYPy_Simulation_bessy3_56m_PGM_2Perc_coupling_errors_on_RP/round_1/1_bessy3_56m_PGM_2Perc_coupling_errors_on_RP.rml
2025-01-16 15:26:43,083 - INFO - Completed: 23, remaining: 37, RAYPy_Simulation_bessy3_56m_PGM_2Perc_coupling_errors_on_RP/round_1/4_bessy3_56m_PGM_2Perc_coupling_errors_on_RP.rml
2025-01-16 15:26:43,185 - INFO - Completed: 24, remaining: 36, RAYPy_Simulation_bessy3_56m_PGM_2Perc_coupling_errors_on_RP/round_1/5_bessy3_56m_PGM_2Perc_coupling_errors_on_RP.rml
2025-01-16 15:26:43,249 - INFO - Completed: 25, remaining: 35, RAYPy_Simulation_bessy3_56m_PGM_2Perc_coupling_errors_on_RP/round_0/20_bessy3_56m_PGM_2Perc_coupling_errors_on_RP.rml
2025-01-16 15:26:43,321 - INFO - Completed: 26, remaining: 34, RAYPy_Simulation_bessy3_56m_PGM_2Perc_coupling_errors_on_RP/round_1/3_bessy3_56m_PGM_2Perc_coupling_errors_on_RP.rml
2025-01-16 15:26:43,400 - INFO - Completed: 27, remaining: 33, RAYPy_Simulation_bessy3_56m_PGM_2Perc_coupling_errors_on_RP/round_1/2_bessy3_56m_PGM_2Perc_coupling_errors_on_RP.rml
2025-01-16 15:26:44,773 - INFO - Completed: 28, remaining: 32, RAYPy_Simulation_bessy3_56m_PGM_2Perc_coupling_errors_on_RP/round_1/6_bessy3_56m_PGM_2Perc_coupling_errors_on_RP.rml
2025-01-16 15:26:44,996 - INFO - Completed: 29, remaining: 31, RAYPy_Simulation_bessy3_56m_PGM_2Perc_coupling_errors_on_RP/round_1/7_bessy3_56m_PGM_2Perc_coupling_errors_on_RP.rml
2025-01-16 15:26:45,099 - INFO - Completed: 30, remaining: 30, RAYPy_Simulation_bessy3_56m_PGM_2Perc_coupling_errors_on_RP/round_1/8_bessy3_56m_PGM_2Perc_coupling_errors_on_RP.rml
2025-01-16 15:26:45,332 - INFO - Completed: 31, remaining: 29, RAYPy_Simulation_bessy3_56m_PGM_2Perc_coupling_errors_on_RP/round_1/10_bessy3_56m_PGM_2Perc_coupling_errors_on_RP.rml
2025-01-16 15:26:45,391 - INFO - Completed: 32, remaining: 28, RAYPy_Simulation_bessy3_56m_PGM_2Perc_coupling_errors_on_RP/round_1/9_bessy3_56m_PGM_2Perc_coupling_errors_on_RP.rml
2025-01-16 15:26:45,399 - INFO - Completed: 33, remaining: 27, RAYPy_Simulation_bessy3_56m_PGM_2Perc_coupling_errors_on_RP/round_1/11_bessy3_56m_PGM_2Perc_coupling_errors_on_RP.rml
2025-01-16 15:26:45,501 - INFO - Completed: 34, remaining: 26, RAYPy_Simulation_bessy3_56m_PGM_2Perc_coupling_errors_on_RP/round_1/12_bessy3_56m_PGM_2Perc_coupling_errors_on_RP.rml
2025-01-16 15:26:45,737 - INFO - Completed: 35, remaining: 25, RAYPy_Simulation_bessy3_56m_PGM_2Perc_coupling_errors_on_RP/round_1/14_bessy3_56m_PGM_2Perc_coupling_errors_on_RP.rml
2025-01-16 15:26:45,761 - INFO - Completed: 36, remaining: 24, RAYPy_Simulation_bessy3_56m_PGM_2Perc_coupling_errors_on_RP/round_1/15_bessy3_56m_PGM_2Perc_coupling_errors_on_RP.rml
2025-01-16 15:26:45,911 - INFO - Completed: 37, remaining: 23, RAYPy_Simulation_bessy3_56m_PGM_2Perc_coupling_errors_on_RP/round_1/16_bessy3_56m_PGM_2Perc_coupling_errors_on_RP.rml
2025-01-16 15:26:45,951 - INFO - Completed: 38, remaining: 22, RAYPy_Simulation_bessy3_56m_PGM_2Perc_coupling_errors_on_RP/round_1/13_bessy3_56m_PGM_2Perc_coupling_errors_on_RP.rml
2025-01-16 15:26:46,147 - INFO - Completed: 39, remaining: 21, RAYPy_Simulation_bessy3_56m_PGM_2Perc_coupling_errors_on_RP/round_1/17_bessy3_56m_PGM_2Perc_coupling_errors_on_RP.rml
2025-01-16 15:26:47,358 - INFO - Completed: 40, remaining: 20, RAYPy_Simulation_bessy3_56m_PGM_2Perc_coupling_errors_on_RP/round_1/19_bessy3_56m_PGM_2Perc_coupling_errors_on_RP.rml
2025-01-16 15:26:47,578 - INFO - Completed: 41, remaining: 19, RAYPy_Simulation_bessy3_56m_PGM_2Perc_coupling_errors_on_RP/round_1/18_bessy3_56m_PGM_2Perc_coupling_errors_on_RP.rml
2025-01-16 15:26:47,661 - INFO - Completed: 42, remaining: 18, RAYPy_Simulation_bessy3_56m_PGM_2Perc_coupling_errors_on_RP/round_2/0_bessy3_56m_PGM_2Perc_coupling_errors_on_RP.rml
2025-01-16 15:26:47,694 - INFO - Completed: 43, remaining: 17, RAYPy_Simulation_bessy3_56m_PGM_2Perc_coupling_errors_on_RP/round_1/20_bessy3_56m_PGM_2Perc_coupling_errors_on_RP.rml
2025-01-16 15:26:47,819 - INFO - Completed: 44, remaining: 16, RAYPy_Simulation_bessy3_56m_PGM_2Perc_coupling_errors_on_RP/round_2/2_bessy3_56m_PGM_2Perc_coupling_errors_on_RP.rml
2025-01-16 15:26:47,823 - INFO - Completed: 45, remaining: 15, RAYPy_Simulation_bessy3_56m_PGM_2Perc_coupling_errors_on_RP/round_2/3_bessy3_56m_PGM_2Perc_coupling_errors_on_RP.rml
2025-01-16 15:26:48,081 - INFO - Completed: 46, remaining: 14, RAYPy_Simulation_bessy3_56m_PGM_2Perc_coupling_errors_on_RP/round_2/4_bessy3_56m_PGM_2Perc_coupling_errors_on_RP.rml
2025-01-16 15:26:48,135 - INFO - Completed: 47, remaining: 13, RAYPy_Simulation_bessy3_56m_PGM_2Perc_coupling_errors_on_RP/round_2/7_bessy3_56m_PGM_2Perc_coupling_errors_on_RP.rml
2025-01-16 15:26:48,309 - INFO - Completed: 48, remaining: 12, RAYPy_Simulation_bessy3_56m_PGM_2Perc_coupling_errors_on_RP/round_2/6_bessy3_56m_PGM_2Perc_coupling_errors_on_RP.rml
2025-01-16 15:26:48,325 - INFO - Completed: 49, remaining: 11, RAYPy_Simulation_bessy3_56m_PGM_2Perc_coupling_errors_on_RP/round_2/5_bessy3_56m_PGM_2Perc_coupling_errors_on_RP.rml
2025-01-16 15:26:48,682 - INFO - Completed: 50, remaining: 10, RAYPy_Simulation_bessy3_56m_PGM_2Perc_coupling_errors_on_RP/round_2/8_bessy3_56m_PGM_2Perc_coupling_errors_on_RP.rml
2025-01-16 15:26:49,867 - INFO - Completed: 51, remaining: 9, RAYPy_Simulation_bessy3_56m_PGM_2Perc_coupling_errors_on_RP/round_2/1_bessy3_56m_PGM_2Perc_coupling_errors_on_RP.rml
2025-01-16 15:26:49,894 - INFO - Completed: 52, remaining: 8, RAYPy_Simulation_bessy3_56m_PGM_2Perc_coupling_errors_on_RP/round_2/9_bessy3_56m_PGM_2Perc_coupling_errors_on_RP.rml
2025-01-16 15:26:50,176 - INFO - Completed: 53, remaining: 7, RAYPy_Simulation_bessy3_56m_PGM_2Perc_coupling_errors_on_RP/round_2/10_bessy3_56m_PGM_2Perc_coupling_errors_on_RP.rml
2025-01-16 15:26:50,180 - INFO - Completed: 54, remaining: 6, RAYPy_Simulation_bessy3_56m_PGM_2Perc_coupling_errors_on_RP/round_2/11_bessy3_56m_PGM_2Perc_coupling_errors_on_RP.rml
2025-01-16 15:26:50,220 - INFO - Completed: 55, remaining: 5, RAYPy_Simulation_bessy3_56m_PGM_2Perc_coupling_errors_on_RP/round_2/12_bessy3_56m_PGM_2Perc_coupling_errors_on_RP.rml
2025-01-16 15:26:50,282 - INFO - Completed: 56, remaining: 4, RAYPy_Simulation_bessy3_56m_PGM_2Perc_coupling_errors_on_RP/round_2/14_bessy3_56m_PGM_2Perc_coupling_errors_on_RP.rml
2025-01-16 15:26:50,383 - INFO - Completed: 57, remaining: 3, RAYPy_Simulation_bessy3_56m_PGM_2Perc_coupling_errors_on_RP/round_2/15_bessy3_56m_PGM_2Perc_coupling_errors_on_RP.rml
2025-01-16 15:26:50,553 - INFO - Completed: 58, remaining: 2, RAYPy_Simulation_bessy3_56m_PGM_2Perc_coupling_errors_on_RP/round_2/17_bessy3_56m_PGM_2Perc_coupling_errors_on_RP.rml
2025-01-16 15:26:50,612 - INFO - Completed: 59, remaining: 1, RAYPy_Simulation_bessy3_56m_PGM_2Perc_coupling_errors_on_RP/round_2/16_bessy3_56m_PGM_2Perc_coupling_errors_on_RP.rml
2025-01-16 15:26:51,518 - INFO - Completed: 60, remaining: 0, RAYPy_Simulation_bessy3_56m_PGM_2Perc_coupling_errors_on_RP/round_2/13_bessy3_56m_PGM_2Perc_coupling_errors_on_RP.rml
2025-01-16 15:26:51,518 - INFO - Batch Completed
2025-01-16 15:26:51,518 - INFO - Waiting For batch, 60 simulations to go
2025-01-16 15:26:51,522 - INFO - Prepared sim number: 18: RAYPy_Simulation_bessy3_56m_PGM_2Perc_coupling_errors_on_RP/round_2/18_bessy3_56m_PGM_2Perc_coupling_errors_on_RP.rml
2025-01-16 15:26:51,525 - INFO - Prepared sim number: 19: RAYPy_Simulation_bessy3_56m_PGM_2Perc_coupling_errors_on_RP/round_2/19_bessy3_56m_PGM_2Perc_coupling_errors_on_RP.rml
2025-01-16 15:26:51,528 - INFO - Prepared sim number: 20: RAYPy_Simulation_bessy3_56m_PGM_2Perc_coupling_errors_on_RP/round_2/20_bessy3_56m_PGM_2Perc_coupling_errors_on_RP.rml
2025-01-16 15:26:51,528 - INFO - Start round 3
2025-01-16 15:26:51,535 - INFO - Prepared sim number: 0: RAYPy_Simulation_bessy3_56m_PGM_2Perc_coupling_errors_on_RP/round_3/0_bessy3_56m_PGM_2Perc_coupling_errors_on_RP.rml
2025-01-16 15:26:51,538 - INFO - Prepared sim number: 1: RAYPy_Simulation_bessy3_56m_PGM_2Perc_coupling_errors_on_RP/round_3/1_bessy3_56m_PGM_2Perc_coupling_errors_on_RP.rml
2025-01-16 15:26:51,543 - INFO - Prepared sim number: 2: RAYPy_Simulation_bessy3_56m_PGM_2Perc_coupling_errors_on_RP/round_3/2_bessy3_56m_PGM_2Perc_coupling_errors_on_RP.rml
2025-01-16 15:26:51,547 - INFO - Prepared sim number: 3: RAYPy_Simulation_bessy3_56m_PGM_2Perc_coupling_errors_on_RP/round_3/3_bessy3_56m_PGM_2Perc_coupling_errors_on_RP.rml
2025-01-16 15:26:51,550 - INFO - Prepared sim number: 4: RAYPy_Simulation_bessy3_56m_PGM_2Perc_coupling_errors_on_RP/round_3/4_bessy3_56m_PGM_2Perc_coupling_errors_on_RP.rml
2025-01-16 15:26:51,553 - INFO - Prepared sim number: 5: RAYPy_Simulation_bessy3_56m_PGM_2Perc_coupling_errors_on_RP/round_3/5_bessy3_56m_PGM_2Perc_coupling_errors_on_RP.rml
2025-01-16 15:26:51,556 - INFO - Prepared sim number: 6: RAYPy_Simulation_bessy3_56m_PGM_2Perc_coupling_errors_on_RP/round_3/6_bessy3_56m_PGM_2Perc_coupling_errors_on_RP.rml
2025-01-16 15:26:51,562 - INFO - Prepared sim number: 7: RAYPy_Simulation_bessy3_56m_PGM_2Perc_coupling_errors_on_RP/round_3/7_bessy3_56m_PGM_2Perc_coupling_errors_on_RP.rml
2025-01-16 15:26:51,566 - INFO - Prepared sim number: 8: RAYPy_Simulation_bessy3_56m_PGM_2Perc_coupling_errors_on_RP/round_3/8_bessy3_56m_PGM_2Perc_coupling_errors_on_RP.rml
2025-01-16 15:26:51,569 - INFO - Prepared sim number: 9: RAYPy_Simulation_bessy3_56m_PGM_2Perc_coupling_errors_on_RP/round_3/9_bessy3_56m_PGM_2Perc_coupling_errors_on_RP.rml
2025-01-16 15:26:51,572 - INFO - Prepared sim number: 10: RAYPy_Simulation_bessy3_56m_PGM_2Perc_coupling_errors_on_RP/round_3/10_bessy3_56m_PGM_2Perc_coupling_errors_on_RP.rml
2025-01-16 15:26:51,576 - INFO - Prepared sim number: 11: RAYPy_Simulation_bessy3_56m_PGM_2Perc_coupling_errors_on_RP/round_3/11_bessy3_56m_PGM_2Perc_coupling_errors_on_RP.rml
2025-01-16 15:26:51,579 - INFO - Prepared sim number: 12: RAYPy_Simulation_bessy3_56m_PGM_2Perc_coupling_errors_on_RP/round_3/12_bessy3_56m_PGM_2Perc_coupling_errors_on_RP.rml
2025-01-16 15:26:51,582 - INFO - Prepared sim number: 13: RAYPy_Simulation_bessy3_56m_PGM_2Perc_coupling_errors_on_RP/round_3/13_bessy3_56m_PGM_2Perc_coupling_errors_on_RP.rml
2025-01-16 15:26:51,585 - INFO - Prepared sim number: 14: RAYPy_Simulation_bessy3_56m_PGM_2Perc_coupling_errors_on_RP/round_3/14_bessy3_56m_PGM_2Perc_coupling_errors_on_RP.rml
2025-01-16 15:26:51,588 - INFO - Prepared sim number: 15: RAYPy_Simulation_bessy3_56m_PGM_2Perc_coupling_errors_on_RP/round_3/15_bessy3_56m_PGM_2Perc_coupling_errors_on_RP.rml
2025-01-16 15:26:51,591 - INFO - Prepared sim number: 16: RAYPy_Simulation_bessy3_56m_PGM_2Perc_coupling_errors_on_RP/round_3/16_bessy3_56m_PGM_2Perc_coupling_errors_on_RP.rml
2025-01-16 15:26:51,593 - INFO - Prepared sim number: 17: RAYPy_Simulation_bessy3_56m_PGM_2Perc_coupling_errors_on_RP/round_3/17_bessy3_56m_PGM_2Perc_coupling_errors_on_RP.rml
2025-01-16 15:26:51,596 - INFO - Prepared sim number: 18: RAYPy_Simulation_bessy3_56m_PGM_2Perc_coupling_errors_on_RP/round_3/18_bessy3_56m_PGM_2Perc_coupling_errors_on_RP.rml
2025-01-16 15:26:51,599 - INFO - Prepared sim number: 19: RAYPy_Simulation_bessy3_56m_PGM_2Perc_coupling_errors_on_RP/round_3/19_bessy3_56m_PGM_2Perc_coupling_errors_on_RP.rml
2025-01-16 15:26:51,601 - INFO - Prepared sim number: 20: RAYPy_Simulation_bessy3_56m_PGM_2Perc_coupling_errors_on_RP/round_3/20_bessy3_56m_PGM_2Perc_coupling_errors_on_RP.rml
2025-01-16 15:26:51,601 - INFO - Start round 4
2025-01-16 15:26:51,604 - INFO - Prepared sim number: 0: RAYPy_Simulation_bessy3_56m_PGM_2Perc_coupling_errors_on_RP/round_4/0_bessy3_56m_PGM_2Perc_coupling_errors_on_RP.rml
2025-01-16 15:26:51,607 - INFO - Prepared sim number: 1: RAYPy_Simulation_bessy3_56m_PGM_2Perc_coupling_errors_on_RP/round_4/1_bessy3_56m_PGM_2Perc_coupling_errors_on_RP.rml
2025-01-16 15:26:51,609 - INFO - Prepared sim number: 2: RAYPy_Simulation_bessy3_56m_PGM_2Perc_coupling_errors_on_RP/round_4/2_bessy3_56m_PGM_2Perc_coupling_errors_on_RP.rml
2025-01-16 15:26:51,613 - INFO - Prepared sim number: 3: RAYPy_Simulation_bessy3_56m_PGM_2Perc_coupling_errors_on_RP/round_4/3_bessy3_56m_PGM_2Perc_coupling_errors_on_RP.rml
2025-01-16 15:26:51,615 - INFO - Prepared sim number: 4: RAYPy_Simulation_bessy3_56m_PGM_2Perc_coupling_errors_on_RP/round_4/4_bessy3_56m_PGM_2Perc_coupling_errors_on_RP.rml
2025-01-16 15:26:51,618 - INFO - Prepared sim number: 5: RAYPy_Simulation_bessy3_56m_PGM_2Perc_coupling_errors_on_RP/round_4/5_bessy3_56m_PGM_2Perc_coupling_errors_on_RP.rml
2025-01-16 15:26:51,620 - INFO - Prepared sim number: 6: RAYPy_Simulation_bessy3_56m_PGM_2Perc_coupling_errors_on_RP/round_4/6_bessy3_56m_PGM_2Perc_coupling_errors_on_RP.rml
2025-01-16 15:26:51,623 - INFO - Prepared sim number: 7: RAYPy_Simulation_bessy3_56m_PGM_2Perc_coupling_errors_on_RP/round_4/7_bessy3_56m_PGM_2Perc_coupling_errors_on_RP.rml
2025-01-16 15:26:51,626 - INFO - Prepared sim number: 8: RAYPy_Simulation_bessy3_56m_PGM_2Perc_coupling_errors_on_RP/round_4/8_bessy3_56m_PGM_2Perc_coupling_errors_on_RP.rml
2025-01-16 15:26:51,629 - INFO - Prepared sim number: 9: RAYPy_Simulation_bessy3_56m_PGM_2Perc_coupling_errors_on_RP/round_4/9_bessy3_56m_PGM_2Perc_coupling_errors_on_RP.rml
2025-01-16 15:26:51,631 - INFO - Prepared sim number: 10: RAYPy_Simulation_bessy3_56m_PGM_2Perc_coupling_errors_on_RP/round_4/10_bessy3_56m_PGM_2Perc_coupling_errors_on_RP.rml
2025-01-16 15:26:51,635 - INFO - Prepared sim number: 11: RAYPy_Simulation_bessy3_56m_PGM_2Perc_coupling_errors_on_RP/round_4/11_bessy3_56m_PGM_2Perc_coupling_errors_on_RP.rml
2025-01-16 15:26:51,638 - INFO - Prepared sim number: 12: RAYPy_Simulation_bessy3_56m_PGM_2Perc_coupling_errors_on_RP/round_4/12_bessy3_56m_PGM_2Perc_coupling_errors_on_RP.rml
2025-01-16 15:26:51,641 - INFO - Prepared sim number: 13: RAYPy_Simulation_bessy3_56m_PGM_2Perc_coupling_errors_on_RP/round_4/13_bessy3_56m_PGM_2Perc_coupling_errors_on_RP.rml
2025-01-16 15:26:51,644 - INFO - Prepared sim number: 14: RAYPy_Simulation_bessy3_56m_PGM_2Perc_coupling_errors_on_RP/round_4/14_bessy3_56m_PGM_2Perc_coupling_errors_on_RP.rml
2025-01-16 15:26:51,647 - INFO - Prepared sim number: 15: RAYPy_Simulation_bessy3_56m_PGM_2Perc_coupling_errors_on_RP/round_4/15_bessy3_56m_PGM_2Perc_coupling_errors_on_RP.rml
2025-01-16 15:26:51,650 - INFO - Prepared sim number: 16: RAYPy_Simulation_bessy3_56m_PGM_2Perc_coupling_errors_on_RP/round_4/16_bessy3_56m_PGM_2Perc_coupling_errors_on_RP.rml
2025-01-16 15:26:51,652 - INFO - Prepared sim number: 17: RAYPy_Simulation_bessy3_56m_PGM_2Perc_coupling_errors_on_RP/round_4/17_bessy3_56m_PGM_2Perc_coupling_errors_on_RP.rml
2025-01-16 15:26:51,655 - INFO - Prepared sim number: 18: RAYPy_Simulation_bessy3_56m_PGM_2Perc_coupling_errors_on_RP/round_4/18_bessy3_56m_PGM_2Perc_coupling_errors_on_RP.rml
2025-01-16 15:26:51,658 - INFO - Prepared sim number: 19: RAYPy_Simulation_bessy3_56m_PGM_2Perc_coupling_errors_on_RP/round_4/19_bessy3_56m_PGM_2Perc_coupling_errors_on_RP.rml
2025-01-16 15:26:51,660 - INFO - Prepared sim number: 20: RAYPy_Simulation_bessy3_56m_PGM_2Perc_coupling_errors_on_RP/round_4/20_bessy3_56m_PGM_2Perc_coupling_errors_on_RP.rml
2025-01-16 15:26:51,660 - INFO - Waiting for batch number: 1, timeout: 16.703216886520384s
2025-01-16 15:26:53,456 - INFO - Completed: 1, remaining: 59, RAYPy_Simulation_bessy3_56m_PGM_2Perc_coupling_errors_on_RP/round_3/6_bessy3_56m_PGM_2Perc_coupling_errors_on_RP.rml
2025-01-16 15:26:53,492 - INFO - Completed: 2, remaining: 58, RAYPy_Simulation_bessy3_56m_PGM_2Perc_coupling_errors_on_RP/round_3/2_bessy3_56m_PGM_2Perc_coupling_errors_on_RP.rml
2025-01-16 15:26:53,562 - INFO - Completed: 3, remaining: 57, RAYPy_Simulation_bessy3_56m_PGM_2Perc_coupling_errors_on_RP/round_3/0_bessy3_56m_PGM_2Perc_coupling_errors_on_RP.rml
2025-01-16 15:26:53,628 - INFO - Completed: 4, remaining: 56, RAYPy_Simulation_bessy3_56m_PGM_2Perc_coupling_errors_on_RP/round_3/8_bessy3_56m_PGM_2Perc_coupling_errors_on_RP.rml
2025-01-16 15:26:53,723 - INFO - Completed: 5, remaining: 55, RAYPy_Simulation_bessy3_56m_PGM_2Perc_coupling_errors_on_RP/round_3/3_bessy3_56m_PGM_2Perc_coupling_errors_on_RP.rml
2025-01-16 15:26:53,806 - INFO - Completed: 6, remaining: 54, RAYPy_Simulation_bessy3_56m_PGM_2Perc_coupling_errors_on_RP/round_2/18_bessy3_56m_PGM_2Perc_coupling_errors_on_RP.rml
2025-01-16 15:26:54,023 - INFO - Completed: 7, remaining: 53, RAYPy_Simulation_bessy3_56m_PGM_2Perc_coupling_errors_on_RP/round_3/4_bessy3_56m_PGM_2Perc_coupling_errors_on_RP.rml
2025-01-16 15:26:55,776 - INFO - Completed: 8, remaining: 52, RAYPy_Simulation_bessy3_56m_PGM_2Perc_coupling_errors_on_RP/round_3/9_bessy3_56m_PGM_2Perc_coupling_errors_on_RP.rml
2025-01-16 15:26:55,870 - INFO - Completed: 9, remaining: 51, RAYPy_Simulation_bessy3_56m_PGM_2Perc_coupling_errors_on_RP/round_3/11_bessy3_56m_PGM_2Perc_coupling_errors_on_RP.rml
2025-01-16 15:26:55,952 - INFO - Completed: 10, remaining: 50, RAYPy_Simulation_bessy3_56m_PGM_2Perc_coupling_errors_on_RP/round_3/5_bessy3_56m_PGM_2Perc_coupling_errors_on_RP.rml
2025-01-16 15:26:56,062 - INFO - Completed: 11, remaining: 49, RAYPy_Simulation_bessy3_56m_PGM_2Perc_coupling_errors_on_RP/round_3/10_bessy3_56m_PGM_2Perc_coupling_errors_on_RP.rml
2025-01-16 15:26:56,213 - INFO - Completed: 12, remaining: 48, RAYPy_Simulation_bessy3_56m_PGM_2Perc_coupling_errors_on_RP/round_3/1_bessy3_56m_PGM_2Perc_coupling_errors_on_RP.rml
2025-01-16 15:26:56,476 - INFO - Completed: 13, remaining: 47, RAYPy_Simulation_bessy3_56m_PGM_2Perc_coupling_errors_on_RP/round_2/20_bessy3_56m_PGM_2Perc_coupling_errors_on_RP.rml
2025-01-16 15:26:56,633 - INFO - Completed: 14, remaining: 46, RAYPy_Simulation_bessy3_56m_PGM_2Perc_coupling_errors_on_RP/round_3/7_bessy3_56m_PGM_2Perc_coupling_errors_on_RP.rml
2025-01-16 15:26:56,676 - INFO - Completed: 15, remaining: 45, RAYPy_Simulation_bessy3_56m_PGM_2Perc_coupling_errors_on_RP/round_2/19_bessy3_56m_PGM_2Perc_coupling_errors_on_RP.rml
2025-01-16 15:26:56,703 - INFO - Completed: 16, remaining: 44, RAYPy_Simulation_bessy3_56m_PGM_2Perc_coupling_errors_on_RP/round_3/12_bessy3_56m_PGM_2Perc_coupling_errors_on_RP.rml
2025-01-16 15:26:56,743 - INFO - Completed: 17, remaining: 43, RAYPy_Simulation_bessy3_56m_PGM_2Perc_coupling_errors_on_RP/round_3/14_bessy3_56m_PGM_2Perc_coupling_errors_on_RP.rml
2025-01-16 15:26:56,822 - INFO - Completed: 18, remaining: 42, RAYPy_Simulation_bessy3_56m_PGM_2Perc_coupling_errors_on_RP/round_3/13_bessy3_56m_PGM_2Perc_coupling_errors_on_RP.rml
2025-01-16 15:26:56,873 - INFO - Completed: 19, remaining: 41, RAYPy_Simulation_bessy3_56m_PGM_2Perc_coupling_errors_on_RP/round_3/15_bessy3_56m_PGM_2Perc_coupling_errors_on_RP.rml
2025-01-16 15:26:58,633 - INFO - Completed: 20, remaining: 40, RAYPy_Simulation_bessy3_56m_PGM_2Perc_coupling_errors_on_RP/round_3/17_bessy3_56m_PGM_2Perc_coupling_errors_on_RP.rml
2025-01-16 15:26:58,656 - INFO - Completed: 21, remaining: 39, RAYPy_Simulation_bessy3_56m_PGM_2Perc_coupling_errors_on_RP/round_3/16_bessy3_56m_PGM_2Perc_coupling_errors_on_RP.rml
2025-01-16 15:26:59,028 - INFO - Completed: 22, remaining: 38, RAYPy_Simulation_bessy3_56m_PGM_2Perc_coupling_errors_on_RP/round_3/20_bessy3_56m_PGM_2Perc_coupling_errors_on_RP.rml
2025-01-16 15:26:59,081 - INFO - Completed: 23, remaining: 37, RAYPy_Simulation_bessy3_56m_PGM_2Perc_coupling_errors_on_RP/round_3/19_bessy3_56m_PGM_2Perc_coupling_errors_on_RP.rml
2025-01-16 15:26:59,201 - INFO - Completed: 24, remaining: 36, RAYPy_Simulation_bessy3_56m_PGM_2Perc_coupling_errors_on_RP/round_4/1_bessy3_56m_PGM_2Perc_coupling_errors_on_RP.rml
2025-01-16 15:26:59,220 - INFO - Completed: 25, remaining: 35, RAYPy_Simulation_bessy3_56m_PGM_2Perc_coupling_errors_on_RP/round_4/0_bessy3_56m_PGM_2Perc_coupling_errors_on_RP.rml
2025-01-16 15:26:59,333 - INFO - Completed: 26, remaining: 34, RAYPy_Simulation_bessy3_56m_PGM_2Perc_coupling_errors_on_RP/round_3/18_bessy3_56m_PGM_2Perc_coupling_errors_on_RP.rml
2025-01-16 15:26:59,482 - INFO - Completed: 27, remaining: 33, RAYPy_Simulation_bessy3_56m_PGM_2Perc_coupling_errors_on_RP/round_4/3_bessy3_56m_PGM_2Perc_coupling_errors_on_RP.rml
2025-01-16 15:26:59,615 - INFO - Completed: 28, remaining: 32, RAYPy_Simulation_bessy3_56m_PGM_2Perc_coupling_errors_on_RP/round_4/4_bessy3_56m_PGM_2Perc_coupling_errors_on_RP.rml
2025-01-16 15:26:59,672 - INFO - Completed: 29, remaining: 31, RAYPy_Simulation_bessy3_56m_PGM_2Perc_coupling_errors_on_RP/round_4/5_bessy3_56m_PGM_2Perc_coupling_errors_on_RP.rml
2025-01-16 15:26:59,686 - INFO - Completed: 30, remaining: 30, RAYPy_Simulation_bessy3_56m_PGM_2Perc_coupling_errors_on_RP/round_4/2_bessy3_56m_PGM_2Perc_coupling_errors_on_RP.rml
2025-01-16 15:26:59,748 - INFO - Completed: 31, remaining: 29, RAYPy_Simulation_bessy3_56m_PGM_2Perc_coupling_errors_on_RP/round_4/6_bessy3_56m_PGM_2Perc_coupling_errors_on_RP.rml
2025-01-16 15:27:01,341 - INFO - Completed: 32, remaining: 28, RAYPy_Simulation_bessy3_56m_PGM_2Perc_coupling_errors_on_RP/round_4/8_bessy3_56m_PGM_2Perc_coupling_errors_on_RP.rml
2025-01-16 15:27:01,537 - INFO - Completed: 33, remaining: 27, RAYPy_Simulation_bessy3_56m_PGM_2Perc_coupling_errors_on_RP/round_4/7_bessy3_56m_PGM_2Perc_coupling_errors_on_RP.rml
2025-01-16 15:27:01,715 - INFO - Completed: 34, remaining: 26, RAYPy_Simulation_bessy3_56m_PGM_2Perc_coupling_errors_on_RP/round_4/9_bessy3_56m_PGM_2Perc_coupling_errors_on_RP.rml
2025-01-16 15:27:01,898 - INFO - Completed: 35, remaining: 25, RAYPy_Simulation_bessy3_56m_PGM_2Perc_coupling_errors_on_RP/round_4/10_bessy3_56m_PGM_2Perc_coupling_errors_on_RP.rml
2025-01-16 15:27:01,960 - INFO - Completed: 36, remaining: 24, RAYPy_Simulation_bessy3_56m_PGM_2Perc_coupling_errors_on_RP/round_4/12_bessy3_56m_PGM_2Perc_coupling_errors_on_RP.rml
2025-01-16 15:27:02,049 - INFO - Completed: 37, remaining: 23, RAYPy_Simulation_bessy3_56m_PGM_2Perc_coupling_errors_on_RP/round_4/11_bessy3_56m_PGM_2Perc_coupling_errors_on_RP.rml
2025-01-16 15:27:02,113 - INFO - Completed: 38, remaining: 22, RAYPy_Simulation_bessy3_56m_PGM_2Perc_coupling_errors_on_RP/round_4/13_bessy3_56m_PGM_2Perc_coupling_errors_on_RP.rml
2025-01-16 15:27:02,358 - INFO - Completed: 39, remaining: 21, RAYPy_Simulation_bessy3_56m_PGM_2Perc_coupling_errors_on_RP/round_4/14_bessy3_56m_PGM_2Perc_coupling_errors_on_RP.rml
2025-01-16 15:27:02,438 - INFO - Completed: 40, remaining: 20, RAYPy_Simulation_bessy3_56m_PGM_2Perc_coupling_errors_on_RP/round_4/15_bessy3_56m_PGM_2Perc_coupling_errors_on_RP.rml
2025-01-16 15:27:02,545 - INFO - Completed: 41, remaining: 19, RAYPy_Simulation_bessy3_56m_PGM_2Perc_coupling_errors_on_RP/round_4/16_bessy3_56m_PGM_2Perc_coupling_errors_on_RP.rml
2025-01-16 15:27:02,554 - INFO - Completed: 42, remaining: 18, RAYPy_Simulation_bessy3_56m_PGM_2Perc_coupling_errors_on_RP/round_4/17_bessy3_56m_PGM_2Perc_coupling_errors_on_RP.rml
2025-01-16 15:27:02,656 - INFO - Completed: 43, remaining: 17, RAYPy_Simulation_bessy3_56m_PGM_2Perc_coupling_errors_on_RP/round_4/18_bessy3_56m_PGM_2Perc_coupling_errors_on_RP.rml
2025-01-16 15:27:03,623 - INFO - Completed: 44, remaining: 16, RAYPy_Simulation_bessy3_56m_PGM_2Perc_coupling_errors_on_RP/round_4/19_bessy3_56m_PGM_2Perc_coupling_errors_on_RP.rml
2025-01-16 15:27:03,817 - INFO - Completed: 45, remaining: 15, RAYPy_Simulation_bessy3_56m_PGM_2Perc_coupling_errors_on_RP/round_4/20_bessy3_56m_PGM_2Perc_coupling_errors_on_RP.rml
2025-01-16 15:27:03,817 - INFO - Batch Completed
2025-01-16 15:27:03,817 - INFO - Waiting For batch, 60 simulations to go
2025-01-16 15:27:03,817 - INFO - Remaning Simulations 0, stop the simulations loop
2025-01-16 15:27:03,817 - INFO - Checking that all simulations are completed before stopping the ProcessPoolExecutor
2025-01-16 15:27:03,857 - INFO - Executor shutdown completed.
2025-01-16 15:27:03,872 - INFO - Simulation completed successfully.
2025-01-16 15:27:03,872 - INFO - Starting cleanup
2025-01-16 15:27:04,049 - INFO - Done with the cleanup
2025-01-16 15:27:04,049 - INFO - Create Pandas Recap Files
2025-01-16 15:27:04,060 - INFO - End of the Simulations
