2024-07-08 11:17:26,799 - INFO - Simulation started, using 10 workers
2024-07-08 11:17:26,803 - INFO - Start round 0
2024-07-08 11:17:26,810 - INFO - Prepared sim number: 0: RAYPy_Simulation_Bessy2_LoBeta_short_FLUX/round_0/0_Bessy2_LoBeta_short_FLUX.rml
2024-07-08 11:17:26,818 - INFO - Prepared sim number: 1: RAYPy_Simulation_Bessy2_LoBeta_short_FLUX/round_0/1_Bessy2_LoBeta_short_FLUX.rml
2024-07-08 11:17:26,831 - INFO - Prepared sim number: 2: RAYPy_Simulation_Bessy2_LoBeta_short_FLUX/round_0/2_Bessy2_LoBeta_short_FLUX.rml
2024-07-08 11:17:26,842 - INFO - Prepared sim number: 3: RAYPy_Simulation_Bessy2_LoBeta_short_FLUX/round_0/3_Bessy2_LoBeta_short_FLUX.rml
2024-07-08 11:17:26,849 - INFO - Prepared sim number: 4: RAYPy_Simulation_Bessy2_LoBeta_short_FLUX/round_0/4_Bessy2_LoBeta_short_FLUX.rml
2024-07-08 11:17:26,858 - INFO - Prepared sim number: 5: RAYPy_Simulation_Bessy2_LoBeta_short_FLUX/round_0/5_Bessy2_LoBeta_short_FLUX.rml
2024-07-08 11:17:26,864 - INFO - Prepared sim number: 6: RAYPy_Simulation_Bessy2_LoBeta_short_FLUX/round_0/6_Bessy2_LoBeta_short_FLUX.rml
2024-07-08 11:17:26,871 - INFO - Prepared sim number: 7: RAYPy_Simulation_Bessy2_LoBeta_short_FLUX/round_0/7_Bessy2_LoBeta_short_FLUX.rml
2024-07-08 11:17:26,877 - INFO - Prepared sim number: 8: RAYPy_Simulation_Bessy2_LoBeta_short_FLUX/round_0/8_Bessy2_LoBeta_short_FLUX.rml
2024-07-08 11:17:26,883 - INFO - Prepared sim number: 9: RAYPy_Simulation_Bessy2_LoBeta_short_FLUX/round_0/9_Bessy2_LoBeta_short_FLUX.rml
2024-07-08 11:17:26,890 - INFO - Prepared sim number: 10: RAYPy_Simulation_Bessy2_LoBeta_short_FLUX/round_0/10_Bessy2_LoBeta_short_FLUX.rml
2024-07-08 11:17:26,904 - INFO - Prepared sim number: 11: RAYPy_Simulation_Bessy2_LoBeta_short_FLUX/round_0/11_Bessy2_LoBeta_short_FLUX.rml
2024-07-08 11:17:26,910 - INFO - Prepared sim number: 12: RAYPy_Simulation_Bessy2_LoBeta_short_FLUX/round_0/12_Bessy2_LoBeta_short_FLUX.rml
2024-07-08 11:17:26,916 - INFO - Prepared sim number: 13: RAYPy_Simulation_Bessy2_LoBeta_short_FLUX/round_0/13_Bessy2_LoBeta_short_FLUX.rml
2024-07-08 11:17:26,923 - INFO - Prepared sim number: 14: RAYPy_Simulation_Bessy2_LoBeta_short_FLUX/round_0/14_Bessy2_LoBeta_short_FLUX.rml
2024-07-08 11:17:26,930 - INFO - Prepared sim number: 15: RAYPy_Simulation_Bessy2_LoBeta_short_FLUX/round_0/15_Bessy2_LoBeta_short_FLUX.rml
2024-07-08 11:17:26,937 - INFO - Prepared sim number: 16: RAYPy_Simulation_Bessy2_LoBeta_short_FLUX/round_0/16_Bessy2_LoBeta_short_FLUX.rml
2024-07-08 11:17:26,942 - INFO - Prepared sim number: 17: RAYPy_Simulation_Bessy2_LoBeta_short_FLUX/round_0/17_Bessy2_LoBeta_short_FLUX.rml
2024-07-08 11:17:26,949 - INFO - Prepared sim number: 18: RAYPy_Simulation_Bessy2_LoBeta_short_FLUX/round_0/18_Bessy2_LoBeta_short_FLUX.rml
2024-07-08 11:17:26,954 - INFO - Prepared sim number: 19: RAYPy_Simulation_Bessy2_LoBeta_short_FLUX/round_0/19_Bessy2_LoBeta_short_FLUX.rml
2024-07-08 11:17:26,960 - INFO - Prepared sim number: 20: RAYPy_Simulation_Bessy2_LoBeta_short_FLUX/round_0/20_Bessy2_LoBeta_short_FLUX.rml
2024-07-08 11:17:26,966 - INFO - Prepared sim number: 21: RAYPy_Simulation_Bessy2_LoBeta_short_FLUX/round_0/21_Bessy2_LoBeta_short_FLUX.rml
2024-07-08 11:17:26,972 - INFO - Prepared sim number: 22: RAYPy_Simulation_Bessy2_LoBeta_short_FLUX/round_0/22_Bessy2_LoBeta_short_FLUX.rml
2024-07-08 11:17:26,979 - INFO - Prepared sim number: 23: RAYPy_Simulation_Bessy2_LoBeta_short_FLUX/round_0/23_Bessy2_LoBeta_short_FLUX.rml
2024-07-08 11:17:26,986 - INFO - Prepared sim number: 24: RAYPy_Simulation_Bessy2_LoBeta_short_FLUX/round_0/24_Bessy2_LoBeta_short_FLUX.rml
2024-07-08 11:17:26,992 - INFO - Prepared sim number: 25: RAYPy_Simulation_Bessy2_LoBeta_short_FLUX/round_0/25_Bessy2_LoBeta_short_FLUX.rml
2024-07-08 11:17:26,998 - INFO - Prepared sim number: 26: RAYPy_Simulation_Bessy2_LoBeta_short_FLUX/round_0/26_Bessy2_LoBeta_short_FLUX.rml
2024-07-08 11:17:27,004 - INFO - Prepared sim number: 27: RAYPy_Simulation_Bessy2_LoBeta_short_FLUX/round_0/27_Bessy2_LoBeta_short_FLUX.rml
2024-07-08 11:17:27,010 - INFO - Prepared sim number: 28: RAYPy_Simulation_Bessy2_LoBeta_short_FLUX/round_0/28_Bessy2_LoBeta_short_FLUX.rml
2024-07-08 11:17:27,016 - INFO - Prepared sim number: 29: RAYPy_Simulation_Bessy2_LoBeta_short_FLUX/round_0/29_Bessy2_LoBeta_short_FLUX.rml
2024-07-08 11:17:27,022 - INFO - Prepared sim number: 30: RAYPy_Simulation_Bessy2_LoBeta_short_FLUX/round_0/30_Bessy2_LoBeta_short_FLUX.rml
2024-07-08 11:17:27,028 - INFO - Prepared sim number: 31: RAYPy_Simulation_Bessy2_LoBeta_short_FLUX/round_0/31_Bessy2_LoBeta_short_FLUX.rml
2024-07-08 11:17:27,035 - INFO - Prepared sim number: 32: RAYPy_Simulation_Bessy2_LoBeta_short_FLUX/round_0/32_Bessy2_LoBeta_short_FLUX.rml
2024-07-08 11:17:27,041 - INFO - Prepared sim number: 33: RAYPy_Simulation_Bessy2_LoBeta_short_FLUX/round_0/33_Bessy2_LoBeta_short_FLUX.rml
2024-07-08 11:17:27,048 - INFO - Prepared sim number: 34: RAYPy_Simulation_Bessy2_LoBeta_short_FLUX/round_0/34_Bessy2_LoBeta_short_FLUX.rml
2024-07-08 11:17:27,054 - INFO - Prepared sim number: 35: RAYPy_Simulation_Bessy2_LoBeta_short_FLUX/round_0/35_Bessy2_LoBeta_short_FLUX.rml
2024-07-08 11:17:27,060 - INFO - Prepared sim number: 36: RAYPy_Simulation_Bessy2_LoBeta_short_FLUX/round_0/36_Bessy2_LoBeta_short_FLUX.rml
2024-07-08 11:17:27,066 - INFO - Prepared sim number: 37: RAYPy_Simulation_Bessy2_LoBeta_short_FLUX/round_0/37_Bessy2_LoBeta_short_FLUX.rml
2024-07-08 11:17:27,072 - INFO - Prepared sim number: 38: RAYPy_Simulation_Bessy2_LoBeta_short_FLUX/round_0/38_Bessy2_LoBeta_short_FLUX.rml
2024-07-08 11:17:27,077 - INFO - Prepared sim number: 39: RAYPy_Simulation_Bessy2_LoBeta_short_FLUX/round_0/39_Bessy2_LoBeta_short_FLUX.rml
2024-07-08 11:17:27,083 - INFO - Prepared sim number: 40: RAYPy_Simulation_Bessy2_LoBeta_short_FLUX/round_0/40_Bessy2_LoBeta_short_FLUX.rml
2024-07-08 11:17:27,090 - INFO - Prepared sim number: 41: RAYPy_Simulation_Bessy2_LoBeta_short_FLUX/round_0/41_Bessy2_LoBeta_short_FLUX.rml
2024-07-08 11:17:27,096 - INFO - Prepared sim number: 42: RAYPy_Simulation_Bessy2_LoBeta_short_FLUX/round_0/42_Bessy2_LoBeta_short_FLUX.rml
2024-07-08 11:17:27,102 - INFO - Prepared sim number: 43: RAYPy_Simulation_Bessy2_LoBeta_short_FLUX/round_0/43_Bessy2_LoBeta_short_FLUX.rml
2024-07-08 11:17:27,108 - INFO - Prepared sim number: 44: RAYPy_Simulation_Bessy2_LoBeta_short_FLUX/round_0/44_Bessy2_LoBeta_short_FLUX.rml
2024-07-08 11:17:27,116 - INFO - Prepared sim number: 45: RAYPy_Simulation_Bessy2_LoBeta_short_FLUX/round_0/45_Bessy2_LoBeta_short_FLUX.rml
2024-07-08 11:17:27,125 - INFO - Prepared sim number: 46: RAYPy_Simulation_Bessy2_LoBeta_short_FLUX/round_0/46_Bessy2_LoBeta_short_FLUX.rml
2024-07-08 11:17:27,132 - INFO - Prepared sim number: 47: RAYPy_Simulation_Bessy2_LoBeta_short_FLUX/round_0/47_Bessy2_LoBeta_short_FLUX.rml
2024-07-08 11:17:27,138 - INFO - Prepared sim number: 48: RAYPy_Simulation_Bessy2_LoBeta_short_FLUX/round_0/48_Bessy2_LoBeta_short_FLUX.rml
2024-07-08 11:17:27,144 - INFO - Prepared sim number: 49: RAYPy_Simulation_Bessy2_LoBeta_short_FLUX/round_0/49_Bessy2_LoBeta_short_FLUX.rml
2024-07-08 11:17:27,160 - INFO - Waiting for batch number: 0, timeout: 60s
2024-07-08 11:17:29,729 - INFO - Completed: 1, remaining: 49, RAYPy_Simulation_Bessy2_LoBeta_short_FLUX/round_0/2_Bessy2_LoBeta_short_FLUX.rml
2024-07-08 11:17:29,734 - INFO - Completed: 2, remaining: 48, RAYPy_Simulation_Bessy2_LoBeta_short_FLUX/round_0/4_Bessy2_LoBeta_short_FLUX.rml
2024-07-08 11:17:29,795 - INFO - Completed: 3, remaining: 47, RAYPy_Simulation_Bessy2_LoBeta_short_FLUX/round_0/6_Bessy2_LoBeta_short_FLUX.rml
2024-07-08 11:17:29,959 - INFO - Completed: 4, remaining: 46, RAYPy_Simulation_Bessy2_LoBeta_short_FLUX/round_0/9_Bessy2_LoBeta_short_FLUX.rml
2024-07-08 11:17:29,975 - INFO - Completed: 5, remaining: 45, RAYPy_Simulation_Bessy2_LoBeta_short_FLUX/round_0/1_Bessy2_LoBeta_short_FLUX.rml
2024-07-08 11:17:30,200 - INFO - Completed: 6, remaining: 44, RAYPy_Simulation_Bessy2_LoBeta_short_FLUX/round_0/0_Bessy2_LoBeta_short_FLUX.rml
2024-07-08 11:17:30,205 - INFO - Completed: 7, remaining: 43, RAYPy_Simulation_Bessy2_LoBeta_short_FLUX/round_0/3_Bessy2_LoBeta_short_FLUX.rml
2024-07-08 11:17:30,246 - INFO - Completed: 8, remaining: 42, RAYPy_Simulation_Bessy2_LoBeta_short_FLUX/round_0/8_Bessy2_LoBeta_short_FLUX.rml
2024-07-08 11:17:32,679 - INFO - Completed: 9, remaining: 41, RAYPy_Simulation_Bessy2_LoBeta_short_FLUX/round_0/7_Bessy2_LoBeta_short_FLUX.rml
2024-07-08 11:17:32,717 - INFO - Completed: 10, remaining: 40, RAYPy_Simulation_Bessy2_LoBeta_short_FLUX/round_0/5_Bessy2_LoBeta_short_FLUX.rml
2024-07-08 11:17:34,335 - INFO - Completed: 11, remaining: 39, RAYPy_Simulation_Bessy2_LoBeta_short_FLUX/round_0/11_Bessy2_LoBeta_short_FLUX.rml
2024-07-08 11:17:34,480 - INFO - Completed: 12, remaining: 38, RAYPy_Simulation_Bessy2_LoBeta_short_FLUX/round_0/12_Bessy2_LoBeta_short_FLUX.rml
2024-07-08 11:17:34,962 - INFO - Completed: 13, remaining: 37, RAYPy_Simulation_Bessy2_LoBeta_short_FLUX/round_0/14_Bessy2_LoBeta_short_FLUX.rml
2024-07-08 11:17:35,085 - INFO - Completed: 14, remaining: 36, RAYPy_Simulation_Bessy2_LoBeta_short_FLUX/round_0/13_Bessy2_LoBeta_short_FLUX.rml
2024-07-08 11:17:35,335 - INFO - Completed: 15, remaining: 35, RAYPy_Simulation_Bessy2_LoBeta_short_FLUX/round_0/17_Bessy2_LoBeta_short_FLUX.rml
2024-07-08 11:17:35,370 - INFO - Completed: 16, remaining: 34, RAYPy_Simulation_Bessy2_LoBeta_short_FLUX/round_0/15_Bessy2_LoBeta_short_FLUX.rml
2024-07-08 11:17:35,963 - INFO - Completed: 17, remaining: 33, RAYPy_Simulation_Bessy2_LoBeta_short_FLUX/round_0/16_Bessy2_LoBeta_short_FLUX.rml
2024-07-08 11:17:36,523 - INFO - Completed: 18, remaining: 32, RAYPy_Simulation_Bessy2_LoBeta_short_FLUX/round_0/10_Bessy2_LoBeta_short_FLUX.rml
2024-07-08 11:17:37,240 - INFO - Completed: 19, remaining: 31, RAYPy_Simulation_Bessy2_LoBeta_short_FLUX/round_0/18_Bessy2_LoBeta_short_FLUX.rml
2024-07-08 11:17:37,621 - INFO - Completed: 20, remaining: 30, RAYPy_Simulation_Bessy2_LoBeta_short_FLUX/round_0/19_Bessy2_LoBeta_short_FLUX.rml
2024-07-08 11:17:39,097 - INFO - Completed: 21, remaining: 29, RAYPy_Simulation_Bessy2_LoBeta_short_FLUX/round_0/20_Bessy2_LoBeta_short_FLUX.rml
2024-07-08 11:17:39,319 - INFO - Completed: 22, remaining: 28, RAYPy_Simulation_Bessy2_LoBeta_short_FLUX/round_0/21_Bessy2_LoBeta_short_FLUX.rml
2024-07-08 11:17:40,192 - INFO - Completed: 23, remaining: 27, RAYPy_Simulation_Bessy2_LoBeta_short_FLUX/round_0/22_Bessy2_LoBeta_short_FLUX.rml
2024-07-08 11:17:40,262 - INFO - Completed: 24, remaining: 26, RAYPy_Simulation_Bessy2_LoBeta_short_FLUX/round_0/23_Bessy2_LoBeta_short_FLUX.rml
2024-07-08 11:17:40,344 - INFO - Completed: 25, remaining: 25, RAYPy_Simulation_Bessy2_LoBeta_short_FLUX/round_0/24_Bessy2_LoBeta_short_FLUX.rml
2024-07-08 11:17:41,103 - INFO - Completed: 26, remaining: 24, RAYPy_Simulation_Bessy2_LoBeta_short_FLUX/round_0/25_Bessy2_LoBeta_short_FLUX.rml
2024-07-08 11:17:41,153 - INFO - Completed: 27, remaining: 23, RAYPy_Simulation_Bessy2_LoBeta_short_FLUX/round_0/26_Bessy2_LoBeta_short_FLUX.rml
2024-07-08 11:17:41,628 - INFO - Completed: 28, remaining: 22, RAYPy_Simulation_Bessy2_LoBeta_short_FLUX/round_0/27_Bessy2_LoBeta_short_FLUX.rml
2024-07-08 11:17:42,223 - INFO - Completed: 29, remaining: 21, RAYPy_Simulation_Bessy2_LoBeta_short_FLUX/round_0/28_Bessy2_LoBeta_short_FLUX.rml
2024-07-08 11:17:42,454 - INFO - Completed: 30, remaining: 20, RAYPy_Simulation_Bessy2_LoBeta_short_FLUX/round_0/29_Bessy2_LoBeta_short_FLUX.rml
2024-07-08 11:17:43,692 - INFO - Completed: 31, remaining: 19, RAYPy_Simulation_Bessy2_LoBeta_short_FLUX/round_0/30_Bessy2_LoBeta_short_FLUX.rml
2024-07-08 11:17:43,975 - INFO - Completed: 32, remaining: 18, RAYPy_Simulation_Bessy2_LoBeta_short_FLUX/round_0/31_Bessy2_LoBeta_short_FLUX.rml
2024-07-08 11:17:45,166 - INFO - Completed: 33, remaining: 17, RAYPy_Simulation_Bessy2_LoBeta_short_FLUX/round_0/32_Bessy2_LoBeta_short_FLUX.rml
2024-07-08 11:17:45,257 - INFO - Completed: 34, remaining: 16, RAYPy_Simulation_Bessy2_LoBeta_short_FLUX/round_0/33_Bessy2_LoBeta_short_FLUX.rml
2024-07-08 11:17:45,455 - INFO - Completed: 35, remaining: 15, RAYPy_Simulation_Bessy2_LoBeta_short_FLUX/round_0/34_Bessy2_LoBeta_short_FLUX.rml
2024-07-08 11:17:46,201 - INFO - Completed: 36, remaining: 14, RAYPy_Simulation_Bessy2_LoBeta_short_FLUX/round_0/36_Bessy2_LoBeta_short_FLUX.rml
2024-07-08 11:17:46,219 - INFO - Completed: 37, remaining: 13, RAYPy_Simulation_Bessy2_LoBeta_short_FLUX/round_0/35_Bessy2_LoBeta_short_FLUX.rml
2024-07-08 11:17:46,601 - INFO - Completed: 38, remaining: 12, RAYPy_Simulation_Bessy2_LoBeta_short_FLUX/round_0/37_Bessy2_LoBeta_short_FLUX.rml
2024-07-08 11:17:47,042 - INFO - Completed: 39, remaining: 11, RAYPy_Simulation_Bessy2_LoBeta_short_FLUX/round_0/38_Bessy2_LoBeta_short_FLUX.rml
2024-07-08 11:17:47,206 - INFO - Completed: 40, remaining: 10, RAYPy_Simulation_Bessy2_LoBeta_short_FLUX/round_0/39_Bessy2_LoBeta_short_FLUX.rml
2024-07-08 11:17:48,058 - INFO - Completed: 41, remaining: 9, RAYPy_Simulation_Bessy2_LoBeta_short_FLUX/round_0/40_Bessy2_LoBeta_short_FLUX.rml
2024-07-08 11:17:48,363 - INFO - Completed: 42, remaining: 8, RAYPy_Simulation_Bessy2_LoBeta_short_FLUX/round_0/41_Bessy2_LoBeta_short_FLUX.rml
2024-07-08 11:17:49,484 - INFO - Completed: 43, remaining: 7, RAYPy_Simulation_Bessy2_LoBeta_short_FLUX/round_0/42_Bessy2_LoBeta_short_FLUX.rml
2024-07-08 11:17:49,531 - INFO - Completed: 44, remaining: 6, RAYPy_Simulation_Bessy2_LoBeta_short_FLUX/round_0/43_Bessy2_LoBeta_short_FLUX.rml
2024-07-08 11:17:49,648 - INFO - Completed: 45, remaining: 5, RAYPy_Simulation_Bessy2_LoBeta_short_FLUX/round_0/44_Bessy2_LoBeta_short_FLUX.rml
2024-07-08 11:17:50,202 - INFO - Completed: 46, remaining: 4, RAYPy_Simulation_Bessy2_LoBeta_short_FLUX/round_0/45_Bessy2_LoBeta_short_FLUX.rml
2024-07-08 11:17:50,332 - INFO - Completed: 47, remaining: 3, RAYPy_Simulation_Bessy2_LoBeta_short_FLUX/round_0/46_Bessy2_LoBeta_short_FLUX.rml
2024-07-08 11:17:50,347 - INFO - Completed: 48, remaining: 2, RAYPy_Simulation_Bessy2_LoBeta_short_FLUX/round_0/47_Bessy2_LoBeta_short_FLUX.rml
2024-07-08 11:17:50,488 - INFO - Completed: 49, remaining: 1, RAYPy_Simulation_Bessy2_LoBeta_short_FLUX/round_0/48_Bessy2_LoBeta_short_FLUX.rml
2024-07-08 11:17:50,620 - INFO - Completed: 50, remaining: 0, RAYPy_Simulation_Bessy2_LoBeta_short_FLUX/round_0/49_Bessy2_LoBeta_short_FLUX.rml
2024-07-08 11:17:50,620 - INFO - Batch Completed
2024-07-08 11:17:50,621 - INFO - Waiting For batch, 50 simulations to go
2024-07-08 11:17:50,636 - INFO - Prepared sim number: 50: RAYPy_Simulation_Bessy2_LoBeta_short_FLUX/round_0/50_Bessy2_LoBeta_short_FLUX.rml
2024-07-08 11:17:50,656 - INFO - Prepared sim number: 51: RAYPy_Simulation_Bessy2_LoBeta_short_FLUX/round_0/51_Bessy2_LoBeta_short_FLUX.rml
2024-07-08 11:17:50,675 - INFO - Prepared sim number: 52: RAYPy_Simulation_Bessy2_LoBeta_short_FLUX/round_0/52_Bessy2_LoBeta_short_FLUX.rml
2024-07-08 11:17:50,689 - INFO - Prepared sim number: 53: RAYPy_Simulation_Bessy2_LoBeta_short_FLUX/round_0/53_Bessy2_LoBeta_short_FLUX.rml
2024-07-08 11:17:50,701 - INFO - Prepared sim number: 54: RAYPy_Simulation_Bessy2_LoBeta_short_FLUX/round_0/54_Bessy2_LoBeta_short_FLUX.rml
2024-07-08 11:17:50,712 - INFO - Prepared sim number: 55: RAYPy_Simulation_Bessy2_LoBeta_short_FLUX/round_0/55_Bessy2_LoBeta_short_FLUX.rml
2024-07-08 11:17:50,723 - INFO - Prepared sim number: 56: RAYPy_Simulation_Bessy2_LoBeta_short_FLUX/round_0/56_Bessy2_LoBeta_short_FLUX.rml
2024-07-08 11:17:50,734 - INFO - Prepared sim number: 57: RAYPy_Simulation_Bessy2_LoBeta_short_FLUX/round_0/57_Bessy2_LoBeta_short_FLUX.rml
2024-07-08 11:17:50,745 - INFO - Prepared sim number: 58: RAYPy_Simulation_Bessy2_LoBeta_short_FLUX/round_0/58_Bessy2_LoBeta_short_FLUX.rml
2024-07-08 11:17:50,756 - INFO - Prepared sim number: 59: RAYPy_Simulation_Bessy2_LoBeta_short_FLUX/round_0/59_Bessy2_LoBeta_short_FLUX.rml
2024-07-08 11:17:50,766 - INFO - Prepared sim number: 60: RAYPy_Simulation_Bessy2_LoBeta_short_FLUX/round_0/60_Bessy2_LoBeta_short_FLUX.rml
2024-07-08 11:17:50,776 - INFO - Prepared sim number: 61: RAYPy_Simulation_Bessy2_LoBeta_short_FLUX/round_0/61_Bessy2_LoBeta_short_FLUX.rml
2024-07-08 11:17:50,786 - INFO - Prepared sim number: 62: RAYPy_Simulation_Bessy2_LoBeta_short_FLUX/round_0/62_Bessy2_LoBeta_short_FLUX.rml
2024-07-08 11:17:50,796 - INFO - Prepared sim number: 63: RAYPy_Simulation_Bessy2_LoBeta_short_FLUX/round_0/63_Bessy2_LoBeta_short_FLUX.rml
2024-07-08 11:17:50,807 - INFO - Prepared sim number: 64: RAYPy_Simulation_Bessy2_LoBeta_short_FLUX/round_0/64_Bessy2_LoBeta_short_FLUX.rml
2024-07-08 11:17:50,817 - INFO - Prepared sim number: 65: RAYPy_Simulation_Bessy2_LoBeta_short_FLUX/round_0/65_Bessy2_LoBeta_short_FLUX.rml
2024-07-08 11:17:50,828 - INFO - Prepared sim number: 66: RAYPy_Simulation_Bessy2_LoBeta_short_FLUX/round_0/66_Bessy2_LoBeta_short_FLUX.rml
2024-07-08 11:17:50,838 - INFO - Prepared sim number: 67: RAYPy_Simulation_Bessy2_LoBeta_short_FLUX/round_0/67_Bessy2_LoBeta_short_FLUX.rml
2024-07-08 11:17:50,849 - INFO - Prepared sim number: 68: RAYPy_Simulation_Bessy2_LoBeta_short_FLUX/round_0/68_Bessy2_LoBeta_short_FLUX.rml
2024-07-08 11:17:50,860 - INFO - Prepared sim number: 69: RAYPy_Simulation_Bessy2_LoBeta_short_FLUX/round_0/69_Bessy2_LoBeta_short_FLUX.rml
2024-07-08 11:17:50,871 - INFO - Prepared sim number: 70: RAYPy_Simulation_Bessy2_LoBeta_short_FLUX/round_0/70_Bessy2_LoBeta_short_FLUX.rml
2024-07-08 11:17:50,882 - INFO - Prepared sim number: 71: RAYPy_Simulation_Bessy2_LoBeta_short_FLUX/round_0/71_Bessy2_LoBeta_short_FLUX.rml
2024-07-08 11:17:50,892 - INFO - Prepared sim number: 72: RAYPy_Simulation_Bessy2_LoBeta_short_FLUX/round_0/72_Bessy2_LoBeta_short_FLUX.rml
2024-07-08 11:17:50,903 - INFO - Prepared sim number: 73: RAYPy_Simulation_Bessy2_LoBeta_short_FLUX/round_0/73_Bessy2_LoBeta_short_FLUX.rml
2024-07-08 11:17:50,913 - INFO - Prepared sim number: 74: RAYPy_Simulation_Bessy2_LoBeta_short_FLUX/round_0/74_Bessy2_LoBeta_short_FLUX.rml
2024-07-08 11:17:50,924 - INFO - Prepared sim number: 75: RAYPy_Simulation_Bessy2_LoBeta_short_FLUX/round_0/75_Bessy2_LoBeta_short_FLUX.rml
2024-07-08 11:17:50,934 - INFO - Prepared sim number: 76: RAYPy_Simulation_Bessy2_LoBeta_short_FLUX/round_0/76_Bessy2_LoBeta_short_FLUX.rml
2024-07-08 11:17:50,944 - INFO - Prepared sim number: 77: RAYPy_Simulation_Bessy2_LoBeta_short_FLUX/round_0/77_Bessy2_LoBeta_short_FLUX.rml
2024-07-08 11:17:50,955 - INFO - Prepared sim number: 78: RAYPy_Simulation_Bessy2_LoBeta_short_FLUX/round_0/78_Bessy2_LoBeta_short_FLUX.rml
2024-07-08 11:17:50,966 - INFO - Prepared sim number: 79: RAYPy_Simulation_Bessy2_LoBeta_short_FLUX/round_0/79_Bessy2_LoBeta_short_FLUX.rml
2024-07-08 11:17:50,979 - INFO - Prepared sim number: 80: RAYPy_Simulation_Bessy2_LoBeta_short_FLUX/round_0/80_Bessy2_LoBeta_short_FLUX.rml
2024-07-08 11:17:50,991 - INFO - Prepared sim number: 81: RAYPy_Simulation_Bessy2_LoBeta_short_FLUX/round_0/81_Bessy2_LoBeta_short_FLUX.rml
2024-07-08 11:17:51,001 - INFO - Prepared sim number: 82: RAYPy_Simulation_Bessy2_LoBeta_short_FLUX/round_0/82_Bessy2_LoBeta_short_FLUX.rml
2024-07-08 11:17:51,013 - INFO - Prepared sim number: 83: RAYPy_Simulation_Bessy2_LoBeta_short_FLUX/round_0/83_Bessy2_LoBeta_short_FLUX.rml
2024-07-08 11:17:51,026 - INFO - Prepared sim number: 84: RAYPy_Simulation_Bessy2_LoBeta_short_FLUX/round_0/84_Bessy2_LoBeta_short_FLUX.rml
2024-07-08 11:17:51,038 - INFO - Prepared sim number: 85: RAYPy_Simulation_Bessy2_LoBeta_short_FLUX/round_0/85_Bessy2_LoBeta_short_FLUX.rml
2024-07-08 11:17:51,052 - INFO - Prepared sim number: 86: RAYPy_Simulation_Bessy2_LoBeta_short_FLUX/round_0/86_Bessy2_LoBeta_short_FLUX.rml
2024-07-08 11:17:51,064 - INFO - Prepared sim number: 87: RAYPy_Simulation_Bessy2_LoBeta_short_FLUX/round_0/87_Bessy2_LoBeta_short_FLUX.rml
2024-07-08 11:17:51,074 - INFO - Prepared sim number: 88: RAYPy_Simulation_Bessy2_LoBeta_short_FLUX/round_0/88_Bessy2_LoBeta_short_FLUX.rml
2024-07-08 11:17:51,084 - INFO - Prepared sim number: 89: RAYPy_Simulation_Bessy2_LoBeta_short_FLUX/round_0/89_Bessy2_LoBeta_short_FLUX.rml
2024-07-08 11:17:51,094 - INFO - Prepared sim number: 90: RAYPy_Simulation_Bessy2_LoBeta_short_FLUX/round_0/90_Bessy2_LoBeta_short_FLUX.rml
2024-07-08 11:17:51,105 - INFO - Prepared sim number: 91: RAYPy_Simulation_Bessy2_LoBeta_short_FLUX/round_0/91_Bessy2_LoBeta_short_FLUX.rml
2024-07-08 11:17:51,115 - INFO - Prepared sim number: 92: RAYPy_Simulation_Bessy2_LoBeta_short_FLUX/round_0/92_Bessy2_LoBeta_short_FLUX.rml
2024-07-08 11:17:51,126 - INFO - Prepared sim number: 93: RAYPy_Simulation_Bessy2_LoBeta_short_FLUX/round_0/93_Bessy2_LoBeta_short_FLUX.rml
2024-07-08 11:17:51,135 - INFO - Prepared sim number: 94: RAYPy_Simulation_Bessy2_LoBeta_short_FLUX/round_0/94_Bessy2_LoBeta_short_FLUX.rml
2024-07-08 11:17:51,145 - INFO - Prepared sim number: 95: RAYPy_Simulation_Bessy2_LoBeta_short_FLUX/round_0/95_Bessy2_LoBeta_short_FLUX.rml
2024-07-08 11:17:51,155 - INFO - Prepared sim number: 96: RAYPy_Simulation_Bessy2_LoBeta_short_FLUX/round_0/96_Bessy2_LoBeta_short_FLUX.rml
2024-07-08 11:17:51,165 - INFO - Prepared sim number: 97: RAYPy_Simulation_Bessy2_LoBeta_short_FLUX/round_0/97_Bessy2_LoBeta_short_FLUX.rml
2024-07-08 11:17:51,175 - INFO - Prepared sim number: 98: RAYPy_Simulation_Bessy2_LoBeta_short_FLUX/round_0/98_Bessy2_LoBeta_short_FLUX.rml
2024-07-08 11:17:51,184 - INFO - Prepared sim number: 99: RAYPy_Simulation_Bessy2_LoBeta_short_FLUX/round_0/99_Bessy2_LoBeta_short_FLUX.rml
2024-07-08 11:17:51,186 - INFO - Waiting for batch number: 1, timeout: 27.05100763320923s
2024-07-08 11:17:54,918 - INFO - Completed: 1, remaining: 49, RAYPy_Simulation_Bessy2_LoBeta_short_FLUX/round_0/53_Bessy2_LoBeta_short_FLUX.rml
2024-07-08 11:17:54,975 - INFO - Completed: 2, remaining: 48, RAYPy_Simulation_Bessy2_LoBeta_short_FLUX/round_0/56_Bessy2_LoBeta_short_FLUX.rml
2024-07-08 11:17:55,032 - INFO - Completed: 3, remaining: 47, RAYPy_Simulation_Bessy2_LoBeta_short_FLUX/round_0/54_Bessy2_LoBeta_short_FLUX.rml
2024-07-08 11:17:55,150 - INFO - Completed: 4, remaining: 46, RAYPy_Simulation_Bessy2_LoBeta_short_FLUX/round_0/59_Bessy2_LoBeta_short_FLUX.rml
2024-07-08 11:17:55,527 - INFO - Completed: 5, remaining: 45, RAYPy_Simulation_Bessy2_LoBeta_short_FLUX/round_0/57_Bessy2_LoBeta_short_FLUX.rml
2024-07-08 11:17:55,545 - INFO - Completed: 6, remaining: 44, RAYPy_Simulation_Bessy2_LoBeta_short_FLUX/round_0/52_Bessy2_LoBeta_short_FLUX.rml
2024-07-08 11:17:57,442 - INFO - Completed: 7, remaining: 43, RAYPy_Simulation_Bessy2_LoBeta_short_FLUX/round_0/50_Bessy2_LoBeta_short_FLUX.rml
2024-07-08 11:17:57,622 - INFO - Completed: 8, remaining: 42, RAYPy_Simulation_Bessy2_LoBeta_short_FLUX/round_0/51_Bessy2_LoBeta_short_FLUX.rml
2024-07-08 11:17:58,222 - INFO - Completed: 9, remaining: 41, RAYPy_Simulation_Bessy2_LoBeta_short_FLUX/round_0/58_Bessy2_LoBeta_short_FLUX.rml
2024-07-08 11:17:58,535 - INFO - Completed: 10, remaining: 40, RAYPy_Simulation_Bessy2_LoBeta_short_FLUX/round_0/55_Bessy2_LoBeta_short_FLUX.rml
2024-07-08 11:17:59,974 - INFO - Completed: 11, remaining: 39, RAYPy_Simulation_Bessy2_LoBeta_short_FLUX/round_0/62_Bessy2_LoBeta_short_FLUX.rml
2024-07-08 11:18:00,084 - INFO - Completed: 12, remaining: 38, RAYPy_Simulation_Bessy2_LoBeta_short_FLUX/round_0/61_Bessy2_LoBeta_short_FLUX.rml
2024-07-08 11:18:00,210 - INFO - Completed: 13, remaining: 37, RAYPy_Simulation_Bessy2_LoBeta_short_FLUX/round_0/60_Bessy2_LoBeta_short_FLUX.rml
2024-07-08 11:18:00,259 - INFO - Completed: 14, remaining: 36, RAYPy_Simulation_Bessy2_LoBeta_short_FLUX/round_0/63_Bessy2_LoBeta_short_FLUX.rml
2024-07-08 11:18:00,622 - INFO - Completed: 15, remaining: 35, RAYPy_Simulation_Bessy2_LoBeta_short_FLUX/round_0/64_Bessy2_LoBeta_short_FLUX.rml
2024-07-08 11:18:00,695 - INFO - Completed: 16, remaining: 34, RAYPy_Simulation_Bessy2_LoBeta_short_FLUX/round_0/65_Bessy2_LoBeta_short_FLUX.rml
2024-07-08 11:18:01,968 - INFO - Completed: 17, remaining: 33, RAYPy_Simulation_Bessy2_LoBeta_short_FLUX/round_0/66_Bessy2_LoBeta_short_FLUX.rml
2024-07-08 11:18:02,124 - INFO - Completed: 18, remaining: 32, RAYPy_Simulation_Bessy2_LoBeta_short_FLUX/round_0/67_Bessy2_LoBeta_short_FLUX.rml
2024-07-08 11:18:02,752 - INFO - Completed: 19, remaining: 31, RAYPy_Simulation_Bessy2_LoBeta_short_FLUX/round_0/68_Bessy2_LoBeta_short_FLUX.rml
2024-07-08 11:18:03,070 - INFO - Completed: 20, remaining: 30, RAYPy_Simulation_Bessy2_LoBeta_short_FLUX/round_0/69_Bessy2_LoBeta_short_FLUX.rml
2024-07-08 11:18:04,657 - INFO - Completed: 21, remaining: 29, RAYPy_Simulation_Bessy2_LoBeta_short_FLUX/round_0/70_Bessy2_LoBeta_short_FLUX.rml
2024-07-08 11:18:04,883 - INFO - Completed: 22, remaining: 28, RAYPy_Simulation_Bessy2_LoBeta_short_FLUX/round_0/71_Bessy2_LoBeta_short_FLUX.rml
2024-07-08 11:18:05,184 - INFO - Completed: 23, remaining: 27, RAYPy_Simulation_Bessy2_LoBeta_short_FLUX/round_0/72_Bessy2_LoBeta_short_FLUX.rml
2024-07-08 11:18:05,329 - INFO - Completed: 24, remaining: 26, RAYPy_Simulation_Bessy2_LoBeta_short_FLUX/round_0/73_Bessy2_LoBeta_short_FLUX.rml
2024-07-08 11:18:05,459 - INFO - Completed: 25, remaining: 25, RAYPy_Simulation_Bessy2_LoBeta_short_FLUX/round_0/74_Bessy2_LoBeta_short_FLUX.rml
2024-07-08 11:18:05,591 - INFO - Completed: 26, remaining: 24, RAYPy_Simulation_Bessy2_LoBeta_short_FLUX/round_0/75_Bessy2_LoBeta_short_FLUX.rml
2024-07-08 11:18:06,879 - INFO - Completed: 27, remaining: 23, RAYPy_Simulation_Bessy2_LoBeta_short_FLUX/round_0/76_Bessy2_LoBeta_short_FLUX.rml
2024-07-08 11:18:06,898 - INFO - Completed: 28, remaining: 22, RAYPy_Simulation_Bessy2_LoBeta_short_FLUX/round_0/77_Bessy2_LoBeta_short_FLUX.rml
2024-07-08 11:18:07,155 - INFO - Completed: 29, remaining: 21, RAYPy_Simulation_Bessy2_LoBeta_short_FLUX/round_0/78_Bessy2_LoBeta_short_FLUX.rml
2024-07-08 11:18:07,378 - INFO - Completed: 30, remaining: 20, RAYPy_Simulation_Bessy2_LoBeta_short_FLUX/round_0/79_Bessy2_LoBeta_short_FLUX.rml
2024-07-08 11:18:09,153 - INFO - Completed: 31, remaining: 19, RAYPy_Simulation_Bessy2_LoBeta_short_FLUX/round_0/80_Bessy2_LoBeta_short_FLUX.rml
2024-07-08 11:18:10,554 - INFO - Completed: 32, remaining: 18, RAYPy_Simulation_Bessy2_LoBeta_short_FLUX/round_0/83_Bessy2_LoBeta_short_FLUX.rml
2024-07-08 11:18:10,700 - INFO - Completed: 33, remaining: 17, RAYPy_Simulation_Bessy2_LoBeta_short_FLUX/round_0/82_Bessy2_LoBeta_short_FLUX.rml
2024-07-08 11:18:10,939 - INFO - Completed: 34, remaining: 16, RAYPy_Simulation_Bessy2_LoBeta_short_FLUX/round_0/85_Bessy2_LoBeta_short_FLUX.rml
2024-07-08 11:18:10,942 - INFO - Completed: 35, remaining: 15, RAYPy_Simulation_Bessy2_LoBeta_short_FLUX/round_0/84_Bessy2_LoBeta_short_FLUX.rml
2024-07-08 11:18:11,096 - INFO - Completed: 36, remaining: 14, RAYPy_Simulation_Bessy2_LoBeta_short_FLUX/round_0/81_Bessy2_LoBeta_short_FLUX.rml
2024-07-08 11:18:12,221 - INFO - Completed: 37, remaining: 13, RAYPy_Simulation_Bessy2_LoBeta_short_FLUX/round_0/87_Bessy2_LoBeta_short_FLUX.rml
2024-07-08 11:18:12,250 - INFO - Completed: 38, remaining: 12, RAYPy_Simulation_Bessy2_LoBeta_short_FLUX/round_0/86_Bessy2_LoBeta_short_FLUX.rml
2024-07-08 11:18:12,441 - INFO - Completed: 39, remaining: 11, RAYPy_Simulation_Bessy2_LoBeta_short_FLUX/round_0/89_Bessy2_LoBeta_short_FLUX.rml
2024-07-08 11:18:12,560 - INFO - Completed: 40, remaining: 10, RAYPy_Simulation_Bessy2_LoBeta_short_FLUX/round_0/88_Bessy2_LoBeta_short_FLUX.rml
2024-07-08 11:18:13,322 - INFO - Completed: 41, remaining: 9, RAYPy_Simulation_Bessy2_LoBeta_short_FLUX/round_0/90_Bessy2_LoBeta_short_FLUX.rml
2024-07-08 11:18:15,182 - INFO - Completed: 42, remaining: 8, RAYPy_Simulation_Bessy2_LoBeta_short_FLUX/round_0/92_Bessy2_LoBeta_short_FLUX.rml
2024-07-08 11:18:15,485 - INFO - Completed: 43, remaining: 7, RAYPy_Simulation_Bessy2_LoBeta_short_FLUX/round_0/94_Bessy2_LoBeta_short_FLUX.rml
2024-07-08 11:18:15,498 - INFO - Completed: 44, remaining: 6, RAYPy_Simulation_Bessy2_LoBeta_short_FLUX/round_0/93_Bessy2_LoBeta_short_FLUX.rml
2024-07-08 11:18:15,628 - INFO - Completed: 45, remaining: 5, RAYPy_Simulation_Bessy2_LoBeta_short_FLUX/round_0/95_Bessy2_LoBeta_short_FLUX.rml
2024-07-08 11:18:15,640 - INFO - Completed: 46, remaining: 4, RAYPy_Simulation_Bessy2_LoBeta_short_FLUX/round_0/91_Bessy2_LoBeta_short_FLUX.rml
2024-07-08 11:18:16,084 - INFO - Completed: 47, remaining: 3, RAYPy_Simulation_Bessy2_LoBeta_short_FLUX/round_0/97_Bessy2_LoBeta_short_FLUX.rml
2024-07-08 11:18:16,175 - INFO - Completed: 48, remaining: 2, RAYPy_Simulation_Bessy2_LoBeta_short_FLUX/round_0/99_Bessy2_LoBeta_short_FLUX.rml
2024-07-08 11:18:16,192 - INFO - Completed: 49, remaining: 1, RAYPy_Simulation_Bessy2_LoBeta_short_FLUX/round_0/98_Bessy2_LoBeta_short_FLUX.rml
2024-07-08 11:18:16,278 - INFO - Completed: 50, remaining: 0, RAYPy_Simulation_Bessy2_LoBeta_short_FLUX/round_0/96_Bessy2_LoBeta_short_FLUX.rml
2024-07-08 11:18:16,278 - INFO - Batch Completed
2024-07-08 11:18:16,279 - INFO - Waiting For batch, 50 simulations to go
2024-07-08 11:18:16,302 - INFO - Prepared sim number: 100: RAYPy_Simulation_Bessy2_LoBeta_short_FLUX/round_0/100_Bessy2_LoBeta_short_FLUX.rml
2024-07-08 11:18:16,320 - INFO - Prepared sim number: 101: RAYPy_Simulation_Bessy2_LoBeta_short_FLUX/round_0/101_Bessy2_LoBeta_short_FLUX.rml
2024-07-08 11:18:16,333 - INFO - Prepared sim number: 102: RAYPy_Simulation_Bessy2_LoBeta_short_FLUX/round_0/102_Bessy2_LoBeta_short_FLUX.rml
2024-07-08 11:18:16,350 - INFO - Prepared sim number: 103: RAYPy_Simulation_Bessy2_LoBeta_short_FLUX/round_0/103_Bessy2_LoBeta_short_FLUX.rml
2024-07-08 11:18:16,364 - INFO - Prepared sim number: 104: RAYPy_Simulation_Bessy2_LoBeta_short_FLUX/round_0/104_Bessy2_LoBeta_short_FLUX.rml
2024-07-08 11:18:16,375 - INFO - Prepared sim number: 105: RAYPy_Simulation_Bessy2_LoBeta_short_FLUX/round_0/105_Bessy2_LoBeta_short_FLUX.rml
2024-07-08 11:18:16,386 - INFO - Prepared sim number: 106: RAYPy_Simulation_Bessy2_LoBeta_short_FLUX/round_0/106_Bessy2_LoBeta_short_FLUX.rml
2024-07-08 11:18:16,401 - INFO - Prepared sim number: 107: RAYPy_Simulation_Bessy2_LoBeta_short_FLUX/round_0/107_Bessy2_LoBeta_short_FLUX.rml
2024-07-08 11:18:16,412 - INFO - Prepared sim number: 108: RAYPy_Simulation_Bessy2_LoBeta_short_FLUX/round_0/108_Bessy2_LoBeta_short_FLUX.rml
2024-07-08 11:18:16,422 - INFO - Prepared sim number: 109: RAYPy_Simulation_Bessy2_LoBeta_short_FLUX/round_0/109_Bessy2_LoBeta_short_FLUX.rml
2024-07-08 11:18:16,433 - INFO - Prepared sim number: 110: RAYPy_Simulation_Bessy2_LoBeta_short_FLUX/round_0/110_Bessy2_LoBeta_short_FLUX.rml
2024-07-08 11:18:16,443 - INFO - Prepared sim number: 111: RAYPy_Simulation_Bessy2_LoBeta_short_FLUX/round_0/111_Bessy2_LoBeta_short_FLUX.rml
2024-07-08 11:18:16,453 - INFO - Prepared sim number: 112: RAYPy_Simulation_Bessy2_LoBeta_short_FLUX/round_0/112_Bessy2_LoBeta_short_FLUX.rml
2024-07-08 11:18:16,464 - INFO - Prepared sim number: 113: RAYPy_Simulation_Bessy2_LoBeta_short_FLUX/round_0/113_Bessy2_LoBeta_short_FLUX.rml
2024-07-08 11:18:16,474 - INFO - Prepared sim number: 114: RAYPy_Simulation_Bessy2_LoBeta_short_FLUX/round_0/114_Bessy2_LoBeta_short_FLUX.rml
2024-07-08 11:18:16,484 - INFO - Prepared sim number: 115: RAYPy_Simulation_Bessy2_LoBeta_short_FLUX/round_0/115_Bessy2_LoBeta_short_FLUX.rml
2024-07-08 11:18:16,494 - INFO - Prepared sim number: 116: RAYPy_Simulation_Bessy2_LoBeta_short_FLUX/round_0/116_Bessy2_LoBeta_short_FLUX.rml
2024-07-08 11:18:16,494 - INFO - Start round 1
2024-07-08 11:18:16,498 - INFO - Prepared sim number: 0: RAYPy_Simulation_Bessy2_LoBeta_short_FLUX/round_1/0_Bessy2_LoBeta_short_FLUX.rml
2024-07-08 11:18:16,503 - INFO - Prepared sim number: 1: RAYPy_Simulation_Bessy2_LoBeta_short_FLUX/round_1/1_Bessy2_LoBeta_short_FLUX.rml
2024-07-08 11:18:16,507 - INFO - Prepared sim number: 2: RAYPy_Simulation_Bessy2_LoBeta_short_FLUX/round_1/2_Bessy2_LoBeta_short_FLUX.rml
2024-07-08 11:18:16,511 - INFO - Prepared sim number: 3: RAYPy_Simulation_Bessy2_LoBeta_short_FLUX/round_1/3_Bessy2_LoBeta_short_FLUX.rml
2024-07-08 11:18:16,517 - INFO - Prepared sim number: 4: RAYPy_Simulation_Bessy2_LoBeta_short_FLUX/round_1/4_Bessy2_LoBeta_short_FLUX.rml
2024-07-08 11:18:16,521 - INFO - Prepared sim number: 5: RAYPy_Simulation_Bessy2_LoBeta_short_FLUX/round_1/5_Bessy2_LoBeta_short_FLUX.rml
2024-07-08 11:18:16,526 - INFO - Prepared sim number: 6: RAYPy_Simulation_Bessy2_LoBeta_short_FLUX/round_1/6_Bessy2_LoBeta_short_FLUX.rml
2024-07-08 11:18:16,530 - INFO - Prepared sim number: 7: RAYPy_Simulation_Bessy2_LoBeta_short_FLUX/round_1/7_Bessy2_LoBeta_short_FLUX.rml
2024-07-08 11:18:16,535 - INFO - Prepared sim number: 8: RAYPy_Simulation_Bessy2_LoBeta_short_FLUX/round_1/8_Bessy2_LoBeta_short_FLUX.rml
2024-07-08 11:18:16,539 - INFO - Prepared sim number: 9: RAYPy_Simulation_Bessy2_LoBeta_short_FLUX/round_1/9_Bessy2_LoBeta_short_FLUX.rml
2024-07-08 11:18:16,543 - INFO - Prepared sim number: 10: RAYPy_Simulation_Bessy2_LoBeta_short_FLUX/round_1/10_Bessy2_LoBeta_short_FLUX.rml
2024-07-08 11:18:16,548 - INFO - Prepared sim number: 11: RAYPy_Simulation_Bessy2_LoBeta_short_FLUX/round_1/11_Bessy2_LoBeta_short_FLUX.rml
2024-07-08 11:18:16,552 - INFO - Prepared sim number: 12: RAYPy_Simulation_Bessy2_LoBeta_short_FLUX/round_1/12_Bessy2_LoBeta_short_FLUX.rml
2024-07-08 11:18:16,556 - INFO - Prepared sim number: 13: RAYPy_Simulation_Bessy2_LoBeta_short_FLUX/round_1/13_Bessy2_LoBeta_short_FLUX.rml
2024-07-08 11:18:16,561 - INFO - Prepared sim number: 14: RAYPy_Simulation_Bessy2_LoBeta_short_FLUX/round_1/14_Bessy2_LoBeta_short_FLUX.rml
2024-07-08 11:18:16,565 - INFO - Prepared sim number: 15: RAYPy_Simulation_Bessy2_LoBeta_short_FLUX/round_1/15_Bessy2_LoBeta_short_FLUX.rml
2024-07-08 11:18:16,583 - INFO - Prepared sim number: 16: RAYPy_Simulation_Bessy2_LoBeta_short_FLUX/round_1/16_Bessy2_LoBeta_short_FLUX.rml
2024-07-08 11:18:16,587 - INFO - Prepared sim number: 17: RAYPy_Simulation_Bessy2_LoBeta_short_FLUX/round_1/17_Bessy2_LoBeta_short_FLUX.rml
2024-07-08 11:18:16,592 - INFO - Prepared sim number: 18: RAYPy_Simulation_Bessy2_LoBeta_short_FLUX/round_1/18_Bessy2_LoBeta_short_FLUX.rml
2024-07-08 11:18:16,596 - INFO - Prepared sim number: 19: RAYPy_Simulation_Bessy2_LoBeta_short_FLUX/round_1/19_Bessy2_LoBeta_short_FLUX.rml
2024-07-08 11:18:16,600 - INFO - Prepared sim number: 20: RAYPy_Simulation_Bessy2_LoBeta_short_FLUX/round_1/20_Bessy2_LoBeta_short_FLUX.rml
2024-07-08 11:18:16,604 - INFO - Prepared sim number: 21: RAYPy_Simulation_Bessy2_LoBeta_short_FLUX/round_1/21_Bessy2_LoBeta_short_FLUX.rml
2024-07-08 11:18:16,608 - INFO - Prepared sim number: 22: RAYPy_Simulation_Bessy2_LoBeta_short_FLUX/round_1/22_Bessy2_LoBeta_short_FLUX.rml
2024-07-08 11:18:16,612 - INFO - Prepared sim number: 23: RAYPy_Simulation_Bessy2_LoBeta_short_FLUX/round_1/23_Bessy2_LoBeta_short_FLUX.rml
2024-07-08 11:18:16,616 - INFO - Prepared sim number: 24: RAYPy_Simulation_Bessy2_LoBeta_short_FLUX/round_1/24_Bessy2_LoBeta_short_FLUX.rml
2024-07-08 11:18:16,620 - INFO - Prepared sim number: 25: RAYPy_Simulation_Bessy2_LoBeta_short_FLUX/round_1/25_Bessy2_LoBeta_short_FLUX.rml
2024-07-08 11:18:16,624 - INFO - Prepared sim number: 26: RAYPy_Simulation_Bessy2_LoBeta_short_FLUX/round_1/26_Bessy2_LoBeta_short_FLUX.rml
2024-07-08 11:18:16,629 - INFO - Prepared sim number: 27: RAYPy_Simulation_Bessy2_LoBeta_short_FLUX/round_1/27_Bessy2_LoBeta_short_FLUX.rml
2024-07-08 11:18:16,633 - INFO - Prepared sim number: 28: RAYPy_Simulation_Bessy2_LoBeta_short_FLUX/round_1/28_Bessy2_LoBeta_short_FLUX.rml
2024-07-08 11:18:16,637 - INFO - Prepared sim number: 29: RAYPy_Simulation_Bessy2_LoBeta_short_FLUX/round_1/29_Bessy2_LoBeta_short_FLUX.rml
2024-07-08 11:18:16,642 - INFO - Prepared sim number: 30: RAYPy_Simulation_Bessy2_LoBeta_short_FLUX/round_1/30_Bessy2_LoBeta_short_FLUX.rml
2024-07-08 11:18:16,646 - INFO - Prepared sim number: 31: RAYPy_Simulation_Bessy2_LoBeta_short_FLUX/round_1/31_Bessy2_LoBeta_short_FLUX.rml
2024-07-08 11:18:16,650 - INFO - Prepared sim number: 32: RAYPy_Simulation_Bessy2_LoBeta_short_FLUX/round_1/32_Bessy2_LoBeta_short_FLUX.rml
2024-07-08 11:18:16,650 - INFO - Waiting for batch number: 2, timeout: 28.14159019947052s
2024-07-08 11:18:20,148 - INFO - Completed: 1, remaining: 49, RAYPy_Simulation_Bessy2_LoBeta_short_FLUX/round_0/103_Bessy2_LoBeta_short_FLUX.rml
2024-07-08 11:18:20,196 - INFO - Completed: 2, remaining: 48, RAYPy_Simulation_Bessy2_LoBeta_short_FLUX/round_0/106_Bessy2_LoBeta_short_FLUX.rml
2024-07-08 11:18:20,225 - INFO - Completed: 3, remaining: 47, RAYPy_Simulation_Bessy2_LoBeta_short_FLUX/round_0/102_Bessy2_LoBeta_short_FLUX.rml
2024-07-08 11:18:20,373 - INFO - Completed: 4, remaining: 46, RAYPy_Simulation_Bessy2_LoBeta_short_FLUX/round_0/108_Bessy2_LoBeta_short_FLUX.rml
2024-07-08 11:18:20,414 - INFO - Completed: 5, remaining: 45, RAYPy_Simulation_Bessy2_LoBeta_short_FLUX/round_0/100_Bessy2_LoBeta_short_FLUX.rml
2024-07-08 11:18:20,529 - INFO - Completed: 6, remaining: 44, RAYPy_Simulation_Bessy2_LoBeta_short_FLUX/round_0/101_Bessy2_LoBeta_short_FLUX.rml
2024-07-08 11:18:22,301 - INFO - Completed: 7, remaining: 43, RAYPy_Simulation_Bessy2_LoBeta_short_FLUX/round_0/105_Bessy2_LoBeta_short_FLUX.rml
2024-07-08 11:18:22,349 - INFO - Completed: 8, remaining: 42, RAYPy_Simulation_Bessy2_LoBeta_short_FLUX/round_0/107_Bessy2_LoBeta_short_FLUX.rml
2024-07-08 11:18:24,769 - INFO - Completed: 9, remaining: 41, RAYPy_Simulation_Bessy2_LoBeta_short_FLUX/round_0/110_Bessy2_LoBeta_short_FLUX.rml
2024-07-08 11:18:24,880 - INFO - Completed: 10, remaining: 40, RAYPy_Simulation_Bessy2_LoBeta_short_FLUX/round_0/111_Bessy2_LoBeta_short_FLUX.rml
2024-07-08 11:18:25,039 - INFO - Completed: 11, remaining: 39, RAYPy_Simulation_Bessy2_LoBeta_short_FLUX/round_0/112_Bessy2_LoBeta_short_FLUX.rml
2024-07-08 11:18:25,157 - INFO - Completed: 12, remaining: 38, RAYPy_Simulation_Bessy2_LoBeta_short_FLUX/round_0/114_Bessy2_LoBeta_short_FLUX.rml
2024-07-08 11:18:25,270 - INFO - Completed: 13, remaining: 37, RAYPy_Simulation_Bessy2_LoBeta_short_FLUX/round_0/104_Bessy2_LoBeta_short_FLUX.rml
2024-07-08 11:18:25,368 - INFO - Completed: 14, remaining: 36, RAYPy_Simulation_Bessy2_LoBeta_short_FLUX/round_0/115_Bessy2_LoBeta_short_FLUX.rml
2024-07-08 11:18:25,790 - INFO - Completed: 15, remaining: 35, RAYPy_Simulation_Bessy2_LoBeta_short_FLUX/round_0/109_Bessy2_LoBeta_short_FLUX.rml
2024-07-08 11:18:25,881 - INFO - Completed: 16, remaining: 34, RAYPy_Simulation_Bessy2_LoBeta_short_FLUX/round_0/113_Bessy2_LoBeta_short_FLUX.rml
2024-07-08 11:18:26,432 - INFO - Completed: 17, remaining: 33, RAYPy_Simulation_Bessy2_LoBeta_short_FLUX/round_0/116_Bessy2_LoBeta_short_FLUX.rml
2024-07-08 11:18:26,504 - INFO - Completed: 18, remaining: 32, RAYPy_Simulation_Bessy2_LoBeta_short_FLUX/round_1/0_Bessy2_LoBeta_short_FLUX.rml
2024-07-08 11:18:29,393 - INFO - Completed: 19, remaining: 31, RAYPy_Simulation_Bessy2_LoBeta_short_FLUX/round_1/2_Bessy2_LoBeta_short_FLUX.rml
2024-07-08 11:18:29,524 - INFO - Completed: 20, remaining: 30, RAYPy_Simulation_Bessy2_LoBeta_short_FLUX/round_1/1_Bessy2_LoBeta_short_FLUX.rml
2024-07-08 11:18:30,267 - INFO - Completed: 21, remaining: 29, RAYPy_Simulation_Bessy2_LoBeta_short_FLUX/round_1/5_Bessy2_LoBeta_short_FLUX.rml
2024-07-08 11:18:30,454 - INFO - Completed: 22, remaining: 28, RAYPy_Simulation_Bessy2_LoBeta_short_FLUX/round_1/4_Bessy2_LoBeta_short_FLUX.rml
2024-07-08 11:18:30,656 - INFO - Completed: 23, remaining: 27, RAYPy_Simulation_Bessy2_LoBeta_short_FLUX/round_1/6_Bessy2_LoBeta_short_FLUX.rml
2024-07-08 11:18:30,668 - INFO - Completed: 24, remaining: 26, RAYPy_Simulation_Bessy2_LoBeta_short_FLUX/round_1/3_Bessy2_LoBeta_short_FLUX.rml
2024-07-08 11:18:31,133 - INFO - Completed: 25, remaining: 25, RAYPy_Simulation_Bessy2_LoBeta_short_FLUX/round_1/8_Bessy2_LoBeta_short_FLUX.rml
2024-07-08 11:18:31,246 - INFO - Completed: 26, remaining: 24, RAYPy_Simulation_Bessy2_LoBeta_short_FLUX/round_1/7_Bessy2_LoBeta_short_FLUX.rml
2024-07-08 11:18:31,690 - INFO - Completed: 27, remaining: 23, RAYPy_Simulation_Bessy2_LoBeta_short_FLUX/round_1/9_Bessy2_LoBeta_short_FLUX.rml
2024-07-08 11:18:31,818 - INFO - Completed: 28, remaining: 22, RAYPy_Simulation_Bessy2_LoBeta_short_FLUX/round_1/10_Bessy2_LoBeta_short_FLUX.rml
2024-07-08 11:18:34,194 - INFO - Completed: 29, remaining: 21, RAYPy_Simulation_Bessy2_LoBeta_short_FLUX/round_1/11_Bessy2_LoBeta_short_FLUX.rml
2024-07-08 11:18:35,004 - INFO - Completed: 30, remaining: 20, RAYPy_Simulation_Bessy2_LoBeta_short_FLUX/round_1/12_Bessy2_LoBeta_short_FLUX.rml
2024-07-08 11:18:35,911 - INFO - Completed: 31, remaining: 19, RAYPy_Simulation_Bessy2_LoBeta_short_FLUX/round_1/14_Bessy2_LoBeta_short_FLUX.rml
2024-07-08 11:18:36,006 - INFO - Completed: 32, remaining: 18, RAYPy_Simulation_Bessy2_LoBeta_short_FLUX/round_1/13_Bessy2_LoBeta_short_FLUX.rml
2024-07-08 11:18:36,138 - INFO - Completed: 33, remaining: 17, RAYPy_Simulation_Bessy2_LoBeta_short_FLUX/round_1/15_Bessy2_LoBeta_short_FLUX.rml
2024-07-08 11:18:36,528 - INFO - Completed: 34, remaining: 16, RAYPy_Simulation_Bessy2_LoBeta_short_FLUX/round_1/16_Bessy2_LoBeta_short_FLUX.rml
2024-07-08 11:18:36,716 - INFO - Completed: 35, remaining: 15, RAYPy_Simulation_Bessy2_LoBeta_short_FLUX/round_1/18_Bessy2_LoBeta_short_FLUX.rml
2024-07-08 11:18:36,784 - INFO - Completed: 36, remaining: 14, RAYPy_Simulation_Bessy2_LoBeta_short_FLUX/round_1/20_Bessy2_LoBeta_short_FLUX.rml
2024-07-08 11:18:36,933 - INFO - Completed: 37, remaining: 13, RAYPy_Simulation_Bessy2_LoBeta_short_FLUX/round_1/19_Bessy2_LoBeta_short_FLUX.rml
2024-07-08 11:18:36,948 - INFO - Completed: 38, remaining: 12, RAYPy_Simulation_Bessy2_LoBeta_short_FLUX/round_1/17_Bessy2_LoBeta_short_FLUX.rml
2024-07-08 11:18:37,898 - INFO - Completed: 39, remaining: 11, RAYPy_Simulation_Bessy2_LoBeta_short_FLUX/round_1/21_Bessy2_LoBeta_short_FLUX.rml
2024-07-08 11:18:39,208 - INFO - Completed: 40, remaining: 10, RAYPy_Simulation_Bessy2_LoBeta_short_FLUX/round_1/22_Bessy2_LoBeta_short_FLUX.rml
2024-07-08 11:18:41,118 - INFO - Completed: 41, remaining: 9, RAYPy_Simulation_Bessy2_LoBeta_short_FLUX/round_1/24_Bessy2_LoBeta_short_FLUX.rml
2024-07-08 11:18:41,511 - INFO - Completed: 42, remaining: 8, RAYPy_Simulation_Bessy2_LoBeta_short_FLUX/round_1/25_Bessy2_LoBeta_short_FLUX.rml
2024-07-08 11:18:41,627 - INFO - Completed: 43, remaining: 7, RAYPy_Simulation_Bessy2_LoBeta_short_FLUX/round_1/23_Bessy2_LoBeta_short_FLUX.rml
2024-07-08 11:18:42,183 - INFO - Completed: 44, remaining: 6, RAYPy_Simulation_Bessy2_LoBeta_short_FLUX/round_1/26_Bessy2_LoBeta_short_FLUX.rml
2024-07-08 11:18:42,256 - INFO - Completed: 45, remaining: 5, RAYPy_Simulation_Bessy2_LoBeta_short_FLUX/round_1/27_Bessy2_LoBeta_short_FLUX.rml
2024-07-08 11:18:42,398 - INFO - Completed: 46, remaining: 4, RAYPy_Simulation_Bessy2_LoBeta_short_FLUX/round_1/30_Bessy2_LoBeta_short_FLUX.rml
2024-07-08 11:18:42,410 - INFO - Completed: 47, remaining: 3, RAYPy_Simulation_Bessy2_LoBeta_short_FLUX/round_1/29_Bessy2_LoBeta_short_FLUX.rml
2024-07-08 11:18:42,662 - INFO - Completed: 48, remaining: 2, RAYPy_Simulation_Bessy2_LoBeta_short_FLUX/round_1/31_Bessy2_LoBeta_short_FLUX.rml
2024-07-08 11:18:42,751 - INFO - Completed: 49, remaining: 1, RAYPy_Simulation_Bessy2_LoBeta_short_FLUX/round_1/28_Bessy2_LoBeta_short_FLUX.rml
2024-07-08 11:18:42,962 - INFO - Completed: 50, remaining: 0, RAYPy_Simulation_Bessy2_LoBeta_short_FLUX/round_1/32_Bessy2_LoBeta_short_FLUX.rml
2024-07-08 11:18:42,962 - INFO - Batch Completed
2024-07-08 11:18:42,962 - INFO - Waiting For batch, 50 simulations to go
2024-07-08 11:18:42,968 - INFO - Prepared sim number: 33: RAYPy_Simulation_Bessy2_LoBeta_short_FLUX/round_1/33_Bessy2_LoBeta_short_FLUX.rml
2024-07-08 11:18:42,974 - INFO - Prepared sim number: 34: RAYPy_Simulation_Bessy2_LoBeta_short_FLUX/round_1/34_Bessy2_LoBeta_short_FLUX.rml
2024-07-08 11:18:42,983 - INFO - Prepared sim number: 35: RAYPy_Simulation_Bessy2_LoBeta_short_FLUX/round_1/35_Bessy2_LoBeta_short_FLUX.rml
2024-07-08 11:18:42,989 - INFO - Prepared sim number: 36: RAYPy_Simulation_Bessy2_LoBeta_short_FLUX/round_1/36_Bessy2_LoBeta_short_FLUX.rml
2024-07-08 11:18:42,995 - INFO - Prepared sim number: 37: RAYPy_Simulation_Bessy2_LoBeta_short_FLUX/round_1/37_Bessy2_LoBeta_short_FLUX.rml
2024-07-08 11:18:43,000 - INFO - Prepared sim number: 38: RAYPy_Simulation_Bessy2_LoBeta_short_FLUX/round_1/38_Bessy2_LoBeta_short_FLUX.rml
2024-07-08 11:18:43,006 - INFO - Prepared sim number: 39: RAYPy_Simulation_Bessy2_LoBeta_short_FLUX/round_1/39_Bessy2_LoBeta_short_FLUX.rml
2024-07-08 11:18:43,013 - INFO - Prepared sim number: 40: RAYPy_Simulation_Bessy2_LoBeta_short_FLUX/round_1/40_Bessy2_LoBeta_short_FLUX.rml
2024-07-08 11:18:43,019 - INFO - Prepared sim number: 41: RAYPy_Simulation_Bessy2_LoBeta_short_FLUX/round_1/41_Bessy2_LoBeta_short_FLUX.rml
2024-07-08 11:18:43,026 - INFO - Prepared sim number: 42: RAYPy_Simulation_Bessy2_LoBeta_short_FLUX/round_1/42_Bessy2_LoBeta_short_FLUX.rml
2024-07-08 11:18:43,031 - INFO - Prepared sim number: 43: RAYPy_Simulation_Bessy2_LoBeta_short_FLUX/round_1/43_Bessy2_LoBeta_short_FLUX.rml
2024-07-08 11:18:43,036 - INFO - Prepared sim number: 44: RAYPy_Simulation_Bessy2_LoBeta_short_FLUX/round_1/44_Bessy2_LoBeta_short_FLUX.rml
2024-07-08 11:18:43,041 - INFO - Prepared sim number: 45: RAYPy_Simulation_Bessy2_LoBeta_short_FLUX/round_1/45_Bessy2_LoBeta_short_FLUX.rml
2024-07-08 11:18:43,046 - INFO - Prepared sim number: 46: RAYPy_Simulation_Bessy2_LoBeta_short_FLUX/round_1/46_Bessy2_LoBeta_short_FLUX.rml
2024-07-08 11:18:43,050 - INFO - Prepared sim number: 47: RAYPy_Simulation_Bessy2_LoBeta_short_FLUX/round_1/47_Bessy2_LoBeta_short_FLUX.rml
2024-07-08 11:18:43,055 - INFO - Prepared sim number: 48: RAYPy_Simulation_Bessy2_LoBeta_short_FLUX/round_1/48_Bessy2_LoBeta_short_FLUX.rml
2024-07-08 11:18:43,060 - INFO - Prepared sim number: 49: RAYPy_Simulation_Bessy2_LoBeta_short_FLUX/round_1/49_Bessy2_LoBeta_short_FLUX.rml
2024-07-08 11:18:43,064 - INFO - Prepared sim number: 50: RAYPy_Simulation_Bessy2_LoBeta_short_FLUX/round_1/50_Bessy2_LoBeta_short_FLUX.rml
2024-07-08 11:18:43,069 - INFO - Prepared sim number: 51: RAYPy_Simulation_Bessy2_LoBeta_short_FLUX/round_1/51_Bessy2_LoBeta_short_FLUX.rml
2024-07-08 11:18:43,074 - INFO - Prepared sim number: 52: RAYPy_Simulation_Bessy2_LoBeta_short_FLUX/round_1/52_Bessy2_LoBeta_short_FLUX.rml
2024-07-08 11:18:43,079 - INFO - Prepared sim number: 53: RAYPy_Simulation_Bessy2_LoBeta_short_FLUX/round_1/53_Bessy2_LoBeta_short_FLUX.rml
2024-07-08 11:18:43,084 - INFO - Prepared sim number: 54: RAYPy_Simulation_Bessy2_LoBeta_short_FLUX/round_1/54_Bessy2_LoBeta_short_FLUX.rml
2024-07-08 11:18:43,088 - INFO - Prepared sim number: 55: RAYPy_Simulation_Bessy2_LoBeta_short_FLUX/round_1/55_Bessy2_LoBeta_short_FLUX.rml
2024-07-08 11:18:43,092 - INFO - Prepared sim number: 56: RAYPy_Simulation_Bessy2_LoBeta_short_FLUX/round_1/56_Bessy2_LoBeta_short_FLUX.rml
2024-07-08 11:18:43,097 - INFO - Prepared sim number: 57: RAYPy_Simulation_Bessy2_LoBeta_short_FLUX/round_1/57_Bessy2_LoBeta_short_FLUX.rml
2024-07-08 11:18:43,101 - INFO - Prepared sim number: 58: RAYPy_Simulation_Bessy2_LoBeta_short_FLUX/round_1/58_Bessy2_LoBeta_short_FLUX.rml
2024-07-08 11:18:43,105 - INFO - Prepared sim number: 59: RAYPy_Simulation_Bessy2_LoBeta_short_FLUX/round_1/59_Bessy2_LoBeta_short_FLUX.rml
2024-07-08 11:18:43,109 - INFO - Prepared sim number: 60: RAYPy_Simulation_Bessy2_LoBeta_short_FLUX/round_1/60_Bessy2_LoBeta_short_FLUX.rml
2024-07-08 11:18:43,114 - INFO - Prepared sim number: 61: RAYPy_Simulation_Bessy2_LoBeta_short_FLUX/round_1/61_Bessy2_LoBeta_short_FLUX.rml
2024-07-08 11:18:43,118 - INFO - Prepared sim number: 62: RAYPy_Simulation_Bessy2_LoBeta_short_FLUX/round_1/62_Bessy2_LoBeta_short_FLUX.rml
2024-07-08 11:18:43,122 - INFO - Prepared sim number: 63: RAYPy_Simulation_Bessy2_LoBeta_short_FLUX/round_1/63_Bessy2_LoBeta_short_FLUX.rml
2024-07-08 11:18:43,126 - INFO - Prepared sim number: 64: RAYPy_Simulation_Bessy2_LoBeta_short_FLUX/round_1/64_Bessy2_LoBeta_short_FLUX.rml
2024-07-08 11:18:43,131 - INFO - Prepared sim number: 65: RAYPy_Simulation_Bessy2_LoBeta_short_FLUX/round_1/65_Bessy2_LoBeta_short_FLUX.rml
2024-07-08 11:18:43,136 - INFO - Prepared sim number: 66: RAYPy_Simulation_Bessy2_LoBeta_short_FLUX/round_1/66_Bessy2_LoBeta_short_FLUX.rml
2024-07-08 11:18:43,140 - INFO - Prepared sim number: 67: RAYPy_Simulation_Bessy2_LoBeta_short_FLUX/round_1/67_Bessy2_LoBeta_short_FLUX.rml
2024-07-08 11:18:43,145 - INFO - Prepared sim number: 68: RAYPy_Simulation_Bessy2_LoBeta_short_FLUX/round_1/68_Bessy2_LoBeta_short_FLUX.rml
2024-07-08 11:18:43,149 - INFO - Prepared sim number: 69: RAYPy_Simulation_Bessy2_LoBeta_short_FLUX/round_1/69_Bessy2_LoBeta_short_FLUX.rml
2024-07-08 11:18:43,153 - INFO - Prepared sim number: 70: RAYPy_Simulation_Bessy2_LoBeta_short_FLUX/round_1/70_Bessy2_LoBeta_short_FLUX.rml
2024-07-08 11:18:43,157 - INFO - Prepared sim number: 71: RAYPy_Simulation_Bessy2_LoBeta_short_FLUX/round_1/71_Bessy2_LoBeta_short_FLUX.rml
2024-07-08 11:18:43,161 - INFO - Prepared sim number: 72: RAYPy_Simulation_Bessy2_LoBeta_short_FLUX/round_1/72_Bessy2_LoBeta_short_FLUX.rml
2024-07-08 11:18:43,165 - INFO - Prepared sim number: 73: RAYPy_Simulation_Bessy2_LoBeta_short_FLUX/round_1/73_Bessy2_LoBeta_short_FLUX.rml
2024-07-08 11:18:43,169 - INFO - Prepared sim number: 74: RAYPy_Simulation_Bessy2_LoBeta_short_FLUX/round_1/74_Bessy2_LoBeta_short_FLUX.rml
2024-07-08 11:18:43,174 - INFO - Prepared sim number: 75: RAYPy_Simulation_Bessy2_LoBeta_short_FLUX/round_1/75_Bessy2_LoBeta_short_FLUX.rml
2024-07-08 11:18:43,178 - INFO - Prepared sim number: 76: RAYPy_Simulation_Bessy2_LoBeta_short_FLUX/round_1/76_Bessy2_LoBeta_short_FLUX.rml
2024-07-08 11:18:43,182 - INFO - Prepared sim number: 77: RAYPy_Simulation_Bessy2_LoBeta_short_FLUX/round_1/77_Bessy2_LoBeta_short_FLUX.rml
2024-07-08 11:18:43,186 - INFO - Prepared sim number: 78: RAYPy_Simulation_Bessy2_LoBeta_short_FLUX/round_1/78_Bessy2_LoBeta_short_FLUX.rml
2024-07-08 11:18:43,190 - INFO - Prepared sim number: 79: RAYPy_Simulation_Bessy2_LoBeta_short_FLUX/round_1/79_Bessy2_LoBeta_short_FLUX.rml
2024-07-08 11:18:43,195 - INFO - Prepared sim number: 80: RAYPy_Simulation_Bessy2_LoBeta_short_FLUX/round_1/80_Bessy2_LoBeta_short_FLUX.rml
2024-07-08 11:18:43,199 - INFO - Prepared sim number: 81: RAYPy_Simulation_Bessy2_LoBeta_short_FLUX/round_1/81_Bessy2_LoBeta_short_FLUX.rml
2024-07-08 11:18:43,203 - INFO - Prepared sim number: 82: RAYPy_Simulation_Bessy2_LoBeta_short_FLUX/round_1/82_Bessy2_LoBeta_short_FLUX.rml
2024-07-08 11:18:43,203 - INFO - Waiting for batch number: 3, timeout: 28.974599037170407s
2024-07-08 11:18:46,965 - INFO - Completed: 1, remaining: 49, RAYPy_Simulation_Bessy2_LoBeta_short_FLUX/round_1/40_Bessy2_LoBeta_short_FLUX.rml
2024-07-08 11:18:47,080 - INFO - Completed: 2, remaining: 48, RAYPy_Simulation_Bessy2_LoBeta_short_FLUX/round_1/36_Bessy2_LoBeta_short_FLUX.rml
2024-07-08 11:18:47,097 - INFO - Completed: 3, remaining: 47, RAYPy_Simulation_Bessy2_LoBeta_short_FLUX/round_1/35_Bessy2_LoBeta_short_FLUX.rml
2024-07-08 11:18:47,239 - INFO - Completed: 4, remaining: 46, RAYPy_Simulation_Bessy2_LoBeta_short_FLUX/round_1/42_Bessy2_LoBeta_short_FLUX.rml
2024-07-08 11:18:47,265 - INFO - Completed: 5, remaining: 45, RAYPy_Simulation_Bessy2_LoBeta_short_FLUX/round_1/39_Bessy2_LoBeta_short_FLUX.rml
2024-07-08 11:18:47,459 - INFO - Completed: 6, remaining: 44, RAYPy_Simulation_Bessy2_LoBeta_short_FLUX/round_1/37_Bessy2_LoBeta_short_FLUX.rml
2024-07-08 11:18:49,383 - INFO - Completed: 7, remaining: 43, RAYPy_Simulation_Bessy2_LoBeta_short_FLUX/round_1/34_Bessy2_LoBeta_short_FLUX.rml
2024-07-08 11:18:49,632 - INFO - Completed: 8, remaining: 42, RAYPy_Simulation_Bessy2_LoBeta_short_FLUX/round_1/41_Bessy2_LoBeta_short_FLUX.rml
2024-07-08 11:18:49,743 - INFO - Completed: 9, remaining: 41, RAYPy_Simulation_Bessy2_LoBeta_short_FLUX/round_1/38_Bessy2_LoBeta_short_FLUX.rml
2024-07-08 11:18:50,222 - INFO - Completed: 10, remaining: 40, RAYPy_Simulation_Bessy2_LoBeta_short_FLUX/round_1/33_Bessy2_LoBeta_short_FLUX.rml
2024-07-08 11:18:51,629 - INFO - Completed: 11, remaining: 39, RAYPy_Simulation_Bessy2_LoBeta_short_FLUX/round_1/43_Bessy2_LoBeta_short_FLUX.rml
2024-07-08 11:18:51,782 - INFO - Completed: 12, remaining: 38, RAYPy_Simulation_Bessy2_LoBeta_short_FLUX/round_1/45_Bessy2_LoBeta_short_FLUX.rml
2024-07-08 11:18:52,173 - INFO - Completed: 13, remaining: 37, RAYPy_Simulation_Bessy2_LoBeta_short_FLUX/round_1/46_Bessy2_LoBeta_short_FLUX.rml
2024-07-08 11:18:52,324 - INFO - Completed: 14, remaining: 36, RAYPy_Simulation_Bessy2_LoBeta_short_FLUX/round_1/48_Bessy2_LoBeta_short_FLUX.rml
2024-07-08 11:18:52,641 - INFO - Completed: 15, remaining: 35, RAYPy_Simulation_Bessy2_LoBeta_short_FLUX/round_1/47_Bessy2_LoBeta_short_FLUX.rml
2024-07-08 11:18:53,919 - INFO - Completed: 16, remaining: 34, RAYPy_Simulation_Bessy2_LoBeta_short_FLUX/round_1/44_Bessy2_LoBeta_short_FLUX.rml
2024-07-08 11:18:54,329 - INFO - Completed: 17, remaining: 33, RAYPy_Simulation_Bessy2_LoBeta_short_FLUX/round_1/49_Bessy2_LoBeta_short_FLUX.rml
2024-07-08 11:18:54,950 - INFO - Completed: 18, remaining: 32, RAYPy_Simulation_Bessy2_LoBeta_short_FLUX/round_1/50_Bessy2_LoBeta_short_FLUX.rml
2024-07-08 11:18:55,187 - INFO - Completed: 19, remaining: 31, RAYPy_Simulation_Bessy2_LoBeta_short_FLUX/round_1/52_Bessy2_LoBeta_short_FLUX.rml
2024-07-08 11:18:55,215 - INFO - Completed: 20, remaining: 30, RAYPy_Simulation_Bessy2_LoBeta_short_FLUX/round_1/51_Bessy2_LoBeta_short_FLUX.rml
2024-07-08 11:18:56,471 - INFO - Completed: 21, remaining: 29, RAYPy_Simulation_Bessy2_LoBeta_short_FLUX/round_1/53_Bessy2_LoBeta_short_FLUX.rml
2024-07-08 11:18:56,918 - INFO - Completed: 22, remaining: 28, RAYPy_Simulation_Bessy2_LoBeta_short_FLUX/round_1/54_Bessy2_LoBeta_short_FLUX.rml
2024-07-08 11:18:57,531 - INFO - Completed: 23, remaining: 27, RAYPy_Simulation_Bessy2_LoBeta_short_FLUX/round_1/56_Bessy2_LoBeta_short_FLUX.rml
2024-07-08 11:18:57,682 - INFO - Completed: 24, remaining: 26, RAYPy_Simulation_Bessy2_LoBeta_short_FLUX/round_1/55_Bessy2_LoBeta_short_FLUX.rml
2024-07-08 11:18:57,819 - INFO - Completed: 25, remaining: 25, RAYPy_Simulation_Bessy2_LoBeta_short_FLUX/round_1/57_Bessy2_LoBeta_short_FLUX.rml
2024-07-08 11:18:59,047 - INFO - Completed: 26, remaining: 24, RAYPy_Simulation_Bessy2_LoBeta_short_FLUX/round_1/58_Bessy2_LoBeta_short_FLUX.rml
2024-07-08 11:18:59,202 - INFO - Completed: 27, remaining: 23, RAYPy_Simulation_Bessy2_LoBeta_short_FLUX/round_1/59_Bessy2_LoBeta_short_FLUX.rml
2024-07-08 11:19:00,105 - INFO - Completed: 28, remaining: 22, RAYPy_Simulation_Bessy2_LoBeta_short_FLUX/round_1/60_Bessy2_LoBeta_short_FLUX.rml
2024-07-08 11:19:00,353 - INFO - Completed: 29, remaining: 21, RAYPy_Simulation_Bessy2_LoBeta_short_FLUX/round_1/61_Bessy2_LoBeta_short_FLUX.rml
2024-07-08 11:19:00,466 - INFO - Completed: 30, remaining: 20, RAYPy_Simulation_Bessy2_LoBeta_short_FLUX/round_1/62_Bessy2_LoBeta_short_FLUX.rml
2024-07-08 11:19:01,385 - INFO - Completed: 31, remaining: 19, RAYPy_Simulation_Bessy2_LoBeta_short_FLUX/round_1/63_Bessy2_LoBeta_short_FLUX.rml
2024-07-08 11:19:02,250 - INFO - Completed: 32, remaining: 18, RAYPy_Simulation_Bessy2_LoBeta_short_FLUX/round_1/64_Bessy2_LoBeta_short_FLUX.rml
2024-07-08 11:19:02,625 - INFO - Completed: 33, remaining: 17, RAYPy_Simulation_Bessy2_LoBeta_short_FLUX/round_1/65_Bessy2_LoBeta_short_FLUX.rml
2024-07-08 11:19:02,771 - INFO - Completed: 34, remaining: 16, RAYPy_Simulation_Bessy2_LoBeta_short_FLUX/round_1/66_Bessy2_LoBeta_short_FLUX.rml
2024-07-08 11:19:03,020 - INFO - Completed: 35, remaining: 15, RAYPy_Simulation_Bessy2_LoBeta_short_FLUX/round_1/67_Bessy2_LoBeta_short_FLUX.rml
2024-07-08 11:19:04,133 - INFO - Completed: 36, remaining: 14, RAYPy_Simulation_Bessy2_LoBeta_short_FLUX/round_1/68_Bessy2_LoBeta_short_FLUX.rml
2024-07-08 11:19:04,165 - INFO - Completed: 37, remaining: 13, RAYPy_Simulation_Bessy2_LoBeta_short_FLUX/round_1/69_Bessy2_LoBeta_short_FLUX.rml
2024-07-08 11:19:04,826 - INFO - Completed: 38, remaining: 12, RAYPy_Simulation_Bessy2_LoBeta_short_FLUX/round_1/70_Bessy2_LoBeta_short_FLUX.rml
2024-07-08 11:19:05,317 - INFO - Completed: 39, remaining: 11, RAYPy_Simulation_Bessy2_LoBeta_short_FLUX/round_1/71_Bessy2_LoBeta_short_FLUX.rml
2024-07-08 11:19:05,745 - INFO - Completed: 40, remaining: 10, RAYPy_Simulation_Bessy2_LoBeta_short_FLUX/round_1/72_Bessy2_LoBeta_short_FLUX.rml
2024-07-08 11:19:06,031 - INFO - Completed: 41, remaining: 9, RAYPy_Simulation_Bessy2_LoBeta_short_FLUX/round_1/73_Bessy2_LoBeta_short_FLUX.rml
2024-07-08 11:19:07,095 - INFO - Completed: 42, remaining: 8, RAYPy_Simulation_Bessy2_LoBeta_short_FLUX/round_1/74_Bessy2_LoBeta_short_FLUX.rml
2024-07-08 11:19:07,548 - INFO - Completed: 43, remaining: 7, RAYPy_Simulation_Bessy2_LoBeta_short_FLUX/round_1/75_Bessy2_LoBeta_short_FLUX.rml
2024-07-08 11:19:07,953 - INFO - Completed: 44, remaining: 6, RAYPy_Simulation_Bessy2_LoBeta_short_FLUX/round_1/77_Bessy2_LoBeta_short_FLUX.rml
2024-07-08 11:19:08,279 - INFO - Completed: 45, remaining: 5, RAYPy_Simulation_Bessy2_LoBeta_short_FLUX/round_1/76_Bessy2_LoBeta_short_FLUX.rml
2024-07-08 11:19:08,621 - INFO - Completed: 46, remaining: 4, RAYPy_Simulation_Bessy2_LoBeta_short_FLUX/round_1/79_Bessy2_LoBeta_short_FLUX.rml
2024-07-08 11:19:08,697 - INFO - Completed: 47, remaining: 3, RAYPy_Simulation_Bessy2_LoBeta_short_FLUX/round_1/78_Bessy2_LoBeta_short_FLUX.rml
2024-07-08 11:19:08,943 - INFO - Completed: 48, remaining: 2, RAYPy_Simulation_Bessy2_LoBeta_short_FLUX/round_1/80_Bessy2_LoBeta_short_FLUX.rml
2024-07-08 11:19:09,006 - INFO - Completed: 49, remaining: 1, RAYPy_Simulation_Bessy2_LoBeta_short_FLUX/round_1/81_Bessy2_LoBeta_short_FLUX.rml
2024-07-08 11:19:09,133 - INFO - Completed: 50, remaining: 0, RAYPy_Simulation_Bessy2_LoBeta_short_FLUX/round_1/82_Bessy2_LoBeta_short_FLUX.rml
2024-07-08 11:19:09,133 - INFO - Batch Completed
2024-07-08 11:19:09,133 - INFO - Waiting For batch, 50 simulations to go
2024-07-08 11:19:09,139 - INFO - Prepared sim number: 83: RAYPy_Simulation_Bessy2_LoBeta_short_FLUX/round_1/83_Bessy2_LoBeta_short_FLUX.rml
2024-07-08 11:19:09,145 - INFO - Prepared sim number: 84: RAYPy_Simulation_Bessy2_LoBeta_short_FLUX/round_1/84_Bessy2_LoBeta_short_FLUX.rml
2024-07-08 11:19:09,151 - INFO - Prepared sim number: 85: RAYPy_Simulation_Bessy2_LoBeta_short_FLUX/round_1/85_Bessy2_LoBeta_short_FLUX.rml
2024-07-08 11:19:09,158 - INFO - Prepared sim number: 86: RAYPy_Simulation_Bessy2_LoBeta_short_FLUX/round_1/86_Bessy2_LoBeta_short_FLUX.rml
2024-07-08 11:19:09,163 - INFO - Prepared sim number: 87: RAYPy_Simulation_Bessy2_LoBeta_short_FLUX/round_1/87_Bessy2_LoBeta_short_FLUX.rml
2024-07-08 11:19:09,169 - INFO - Prepared sim number: 88: RAYPy_Simulation_Bessy2_LoBeta_short_FLUX/round_1/88_Bessy2_LoBeta_short_FLUX.rml
2024-07-08 11:19:09,177 - INFO - Prepared sim number: 89: RAYPy_Simulation_Bessy2_LoBeta_short_FLUX/round_1/89_Bessy2_LoBeta_short_FLUX.rml
2024-07-08 11:19:09,184 - INFO - Prepared sim number: 90: RAYPy_Simulation_Bessy2_LoBeta_short_FLUX/round_1/90_Bessy2_LoBeta_short_FLUX.rml
2024-07-08 11:19:09,191 - INFO - Prepared sim number: 91: RAYPy_Simulation_Bessy2_LoBeta_short_FLUX/round_1/91_Bessy2_LoBeta_short_FLUX.rml
2024-07-08 11:19:09,197 - INFO - Prepared sim number: 92: RAYPy_Simulation_Bessy2_LoBeta_short_FLUX/round_1/92_Bessy2_LoBeta_short_FLUX.rml
2024-07-08 11:19:09,203 - INFO - Prepared sim number: 93: RAYPy_Simulation_Bessy2_LoBeta_short_FLUX/round_1/93_Bessy2_LoBeta_short_FLUX.rml
2024-07-08 11:19:09,208 - INFO - Prepared sim number: 94: RAYPy_Simulation_Bessy2_LoBeta_short_FLUX/round_1/94_Bessy2_LoBeta_short_FLUX.rml
2024-07-08 11:19:09,212 - INFO - Prepared sim number: 95: RAYPy_Simulation_Bessy2_LoBeta_short_FLUX/round_1/95_Bessy2_LoBeta_short_FLUX.rml
2024-07-08 11:19:09,217 - INFO - Prepared sim number: 96: RAYPy_Simulation_Bessy2_LoBeta_short_FLUX/round_1/96_Bessy2_LoBeta_short_FLUX.rml
2024-07-08 11:19:09,222 - INFO - Prepared sim number: 97: RAYPy_Simulation_Bessy2_LoBeta_short_FLUX/round_1/97_Bessy2_LoBeta_short_FLUX.rml
2024-07-08 11:19:09,229 - INFO - Prepared sim number: 98: RAYPy_Simulation_Bessy2_LoBeta_short_FLUX/round_1/98_Bessy2_LoBeta_short_FLUX.rml
2024-07-08 11:19:09,235 - INFO - Prepared sim number: 99: RAYPy_Simulation_Bessy2_LoBeta_short_FLUX/round_1/99_Bessy2_LoBeta_short_FLUX.rml
2024-07-08 11:19:09,240 - INFO - Prepared sim number: 100: RAYPy_Simulation_Bessy2_LoBeta_short_FLUX/round_1/100_Bessy2_LoBeta_short_FLUX.rml
2024-07-08 11:19:09,245 - INFO - Prepared sim number: 101: RAYPy_Simulation_Bessy2_LoBeta_short_FLUX/round_1/101_Bessy2_LoBeta_short_FLUX.rml
2024-07-08 11:19:09,249 - INFO - Prepared sim number: 102: RAYPy_Simulation_Bessy2_LoBeta_short_FLUX/round_1/102_Bessy2_LoBeta_short_FLUX.rml
2024-07-08 11:19:09,254 - INFO - Prepared sim number: 103: RAYPy_Simulation_Bessy2_LoBeta_short_FLUX/round_1/103_Bessy2_LoBeta_short_FLUX.rml
2024-07-08 11:19:09,259 - INFO - Prepared sim number: 104: RAYPy_Simulation_Bessy2_LoBeta_short_FLUX/round_1/104_Bessy2_LoBeta_short_FLUX.rml
2024-07-08 11:19:09,264 - INFO - Prepared sim number: 105: RAYPy_Simulation_Bessy2_LoBeta_short_FLUX/round_1/105_Bessy2_LoBeta_short_FLUX.rml
2024-07-08 11:19:09,268 - INFO - Prepared sim number: 106: RAYPy_Simulation_Bessy2_LoBeta_short_FLUX/round_1/106_Bessy2_LoBeta_short_FLUX.rml
2024-07-08 11:19:09,272 - INFO - Prepared sim number: 107: RAYPy_Simulation_Bessy2_LoBeta_short_FLUX/round_1/107_Bessy2_LoBeta_short_FLUX.rml
2024-07-08 11:19:09,277 - INFO - Prepared sim number: 108: RAYPy_Simulation_Bessy2_LoBeta_short_FLUX/round_1/108_Bessy2_LoBeta_short_FLUX.rml
2024-07-08 11:19:09,282 - INFO - Prepared sim number: 109: RAYPy_Simulation_Bessy2_LoBeta_short_FLUX/round_1/109_Bessy2_LoBeta_short_FLUX.rml
2024-07-08 11:19:09,287 - INFO - Prepared sim number: 110: RAYPy_Simulation_Bessy2_LoBeta_short_FLUX/round_1/110_Bessy2_LoBeta_short_FLUX.rml
2024-07-08 11:19:09,291 - INFO - Prepared sim number: 111: RAYPy_Simulation_Bessy2_LoBeta_short_FLUX/round_1/111_Bessy2_LoBeta_short_FLUX.rml
2024-07-08 11:19:09,296 - INFO - Prepared sim number: 112: RAYPy_Simulation_Bessy2_LoBeta_short_FLUX/round_1/112_Bessy2_LoBeta_short_FLUX.rml
2024-07-08 11:19:09,300 - INFO - Prepared sim number: 113: RAYPy_Simulation_Bessy2_LoBeta_short_FLUX/round_1/113_Bessy2_LoBeta_short_FLUX.rml
2024-07-08 11:19:09,305 - INFO - Prepared sim number: 114: RAYPy_Simulation_Bessy2_LoBeta_short_FLUX/round_1/114_Bessy2_LoBeta_short_FLUX.rml
2024-07-08 11:19:09,309 - INFO - Prepared sim number: 115: RAYPy_Simulation_Bessy2_LoBeta_short_FLUX/round_1/115_Bessy2_LoBeta_short_FLUX.rml
2024-07-08 11:19:09,313 - INFO - Prepared sim number: 116: RAYPy_Simulation_Bessy2_LoBeta_short_FLUX/round_1/116_Bessy2_LoBeta_short_FLUX.rml
2024-07-08 11:19:09,315 - INFO - Waiting for batch number: 4, timeout: 29.208085792064665s
2024-07-08 11:19:13,692 - INFO - Completed: 1, remaining: 49, RAYPy_Simulation_Bessy2_LoBeta_short_FLUX/round_1/87_Bessy2_LoBeta_short_FLUX.rml
2024-07-08 11:19:13,742 - INFO - Completed: 2, remaining: 48, RAYPy_Simulation_Bessy2_LoBeta_short_FLUX/round_1/89_Bessy2_LoBeta_short_FLUX.rml
2024-07-08 11:19:13,876 - INFO - Completed: 3, remaining: 47, RAYPy_Simulation_Bessy2_LoBeta_short_FLUX/round_1/83_Bessy2_LoBeta_short_FLUX.rml
2024-07-08 11:19:14,074 - INFO - Completed: 4, remaining: 46, RAYPy_Simulation_Bessy2_LoBeta_short_FLUX/round_1/86_Bessy2_LoBeta_short_FLUX.rml
2024-07-08 11:19:14,153 - INFO - Completed: 5, remaining: 45, RAYPy_Simulation_Bessy2_LoBeta_short_FLUX/round_1/88_Bessy2_LoBeta_short_FLUX.rml
2024-07-08 11:19:14,209 - INFO - Completed: 6, remaining: 44, RAYPy_Simulation_Bessy2_LoBeta_short_FLUX/round_1/85_Bessy2_LoBeta_short_FLUX.rml
2024-07-08 11:19:14,652 - INFO - Completed: 7, remaining: 43, RAYPy_Simulation_Bessy2_LoBeta_short_FLUX/round_1/91_Bessy2_LoBeta_short_FLUX.rml
2024-07-08 11:19:14,685 - INFO - Completed: 8, remaining: 42, RAYPy_Simulation_Bessy2_LoBeta_short_FLUX/round_1/84_Bessy2_LoBeta_short_FLUX.rml
2024-07-08 11:19:15,097 - INFO - Completed: 9, remaining: 41, RAYPy_Simulation_Bessy2_LoBeta_short_FLUX/round_1/90_Bessy2_LoBeta_short_FLUX.rml
2024-07-08 11:19:15,519 - INFO - Completed: 10, remaining: 40, RAYPy_Simulation_Bessy2_LoBeta_short_FLUX/round_1/92_Bessy2_LoBeta_short_FLUX.rml
2024-07-08 11:19:18,549 - INFO - Completed: 11, remaining: 39, RAYPy_Simulation_Bessy2_LoBeta_short_FLUX/round_1/93_Bessy2_LoBeta_short_FLUX.rml
2024-07-08 11:19:19,056 - INFO - Completed: 12, remaining: 38, RAYPy_Simulation_Bessy2_LoBeta_short_FLUX/round_1/94_Bessy2_LoBeta_short_FLUX.rml
2024-07-08 11:19:19,096 - INFO - Completed: 13, remaining: 37, RAYPy_Simulation_Bessy2_LoBeta_short_FLUX/round_1/96_Bessy2_LoBeta_short_FLUX.rml
2024-07-08 11:19:19,163 - INFO - Completed: 14, remaining: 36, RAYPy_Simulation_Bessy2_LoBeta_short_FLUX/round_1/95_Bessy2_LoBeta_short_FLUX.rml
2024-07-08 11:19:19,348 - INFO - Completed: 15, remaining: 35, RAYPy_Simulation_Bessy2_LoBeta_short_FLUX/round_1/98_Bessy2_LoBeta_short_FLUX.rml
2024-07-08 11:19:19,367 - INFO - Completed: 16, remaining: 34, RAYPy_Simulation_Bessy2_LoBeta_short_FLUX/round_1/97_Bessy2_LoBeta_short_FLUX.rml
2024-07-08 11:19:19,958 - INFO - Completed: 17, remaining: 33, RAYPy_Simulation_Bessy2_LoBeta_short_FLUX/round_1/100_Bessy2_LoBeta_short_FLUX.rml
2024-07-08 11:19:20,096 - INFO - Completed: 18, remaining: 32, RAYPy_Simulation_Bessy2_LoBeta_short_FLUX/round_1/101_Bessy2_LoBeta_short_FLUX.rml
2024-07-08 11:19:20,501 - INFO - Completed: 19, remaining: 31, RAYPy_Simulation_Bessy2_LoBeta_short_FLUX/round_1/102_Bessy2_LoBeta_short_FLUX.rml
2024-07-08 11:19:20,535 - INFO - Completed: 20, remaining: 30, RAYPy_Simulation_Bessy2_LoBeta_short_FLUX/round_1/99_Bessy2_LoBeta_short_FLUX.rml
2024-07-08 11:19:22,987 - INFO - Completed: 21, remaining: 29, RAYPy_Simulation_Bessy2_LoBeta_short_FLUX/round_1/103_Bessy2_LoBeta_short_FLUX.rml
2024-07-08 11:19:23,835 - INFO - Completed: 22, remaining: 28, RAYPy_Simulation_Bessy2_LoBeta_short_FLUX/round_1/105_Bessy2_LoBeta_short_FLUX.rml
2024-07-08 11:19:23,964 - INFO - Completed: 23, remaining: 27, RAYPy_Simulation_Bessy2_LoBeta_short_FLUX/round_1/104_Bessy2_LoBeta_short_FLUX.rml
2024-07-08 11:19:24,557 - INFO - Completed: 24, remaining: 26, RAYPy_Simulation_Bessy2_LoBeta_short_FLUX/round_1/108_Bessy2_LoBeta_short_FLUX.rml
2024-07-08 11:19:24,798 - INFO - Completed: 25, remaining: 25, RAYPy_Simulation_Bessy2_LoBeta_short_FLUX/round_1/106_Bessy2_LoBeta_short_FLUX.rml
2024-07-08 11:19:25,149 - INFO - Completed: 26, remaining: 24, RAYPy_Simulation_Bessy2_LoBeta_short_FLUX/round_1/109_Bessy2_LoBeta_short_FLUX.rml
2024-07-08 11:19:25,207 - INFO - Completed: 27, remaining: 23, RAYPy_Simulation_Bessy2_LoBeta_short_FLUX/round_1/110_Bessy2_LoBeta_short_FLUX.rml
2024-07-08 11:19:25,384 - INFO - Completed: 28, remaining: 22, RAYPy_Simulation_Bessy2_LoBeta_short_FLUX/round_1/107_Bessy2_LoBeta_short_FLUX.rml
2024-07-08 11:19:25,545 - INFO - Completed: 29, remaining: 21, RAYPy_Simulation_Bessy2_LoBeta_short_FLUX/round_1/111_Bessy2_LoBeta_short_FLUX.rml
2024-07-08 11:19:25,619 - INFO - Completed: 30, remaining: 20, RAYPy_Simulation_Bessy2_LoBeta_short_FLUX/round_1/112_Bessy2_LoBeta_short_FLUX.rml
2024-07-08 11:19:26,262 - INFO - Completed: 31, remaining: 19, RAYPy_Simulation_Bessy2_LoBeta_short_FLUX/round_1/113_Bessy2_LoBeta_short_FLUX.rml
2024-07-08 11:19:26,824 - INFO - Completed: 32, remaining: 18, RAYPy_Simulation_Bessy2_LoBeta_short_FLUX/round_1/114_Bessy2_LoBeta_short_FLUX.rml
2024-07-08 11:19:26,951 - INFO - Completed: 33, remaining: 17, RAYPy_Simulation_Bessy2_LoBeta_short_FLUX/round_1/115_Bessy2_LoBeta_short_FLUX.rml
2024-07-08 11:19:28,068 - INFO - Completed: 34, remaining: 16, RAYPy_Simulation_Bessy2_LoBeta_short_FLUX/round_1/116_Bessy2_LoBeta_short_FLUX.rml
2024-07-08 11:19:28,068 - INFO - Batch Completed
2024-07-08 11:19:28,068 - INFO - Waiting For batch, 50 simulations to go
2024-07-08 11:19:28,068 - INFO - Remaning Simulations 0, stop the simulations loop
2024-07-08 11:19:28,069 - INFO - Checking that all simulations are completed before stopping the ProcessPoolExecutor
2024-07-08 11:19:28,307 - INFO - Executor shutdown completed.
2024-07-08 11:19:28,321 - INFO - Simulation completed successfully.
2024-07-08 11:19:28,322 - INFO - Starting cleanup
2024-07-08 11:19:29,741 - INFO - Done with the cleanup
2024-07-08 11:19:29,741 - INFO - End of the Simulations
