2025-01-17 14:57:31,084 - INFO - Simulation started, using 12 workers
2025-01-17 14:57:31,089 - INFO - Start round 0
2025-01-17 14:57:31,118 - INFO - Prepared sim number: 0: RAYPy_Simulation_bessy2hi_37m_PGM_2Perc_coupling_errors_on_FLUX/round_0/0_bessy2hi_37m_PGM_2Perc_coupling_errors_on_FLUX.rml
2025-01-17 14:57:31,140 - INFO - Prepared sim number: 1: RAYPy_Simulation_bessy2hi_37m_PGM_2Perc_coupling_errors_on_FLUX/round_0/1_bessy2hi_37m_PGM_2Perc_coupling_errors_on_FLUX.rml
2025-01-17 14:57:31,156 - INFO - Prepared sim number: 2: RAYPy_Simulation_bessy2hi_37m_PGM_2Perc_coupling_errors_on_FLUX/round_0/2_bessy2hi_37m_PGM_2Perc_coupling_errors_on_FLUX.rml
2025-01-17 14:57:31,173 - INFO - Prepared sim number: 3: RAYPy_Simulation_bessy2hi_37m_PGM_2Perc_coupling_errors_on_FLUX/round_0/3_bessy2hi_37m_PGM_2Perc_coupling_errors_on_FLUX.rml
2025-01-17 14:57:31,188 - INFO - Prepared sim number: 4: RAYPy_Simulation_bessy2hi_37m_PGM_2Perc_coupling_errors_on_FLUX/round_0/4_bessy2hi_37m_PGM_2Perc_coupling_errors_on_FLUX.rml
2025-01-17 14:57:31,200 - INFO - Prepared sim number: 5: RAYPy_Simulation_bessy2hi_37m_PGM_2Perc_coupling_errors_on_FLUX/round_0/5_bessy2hi_37m_PGM_2Perc_coupling_errors_on_FLUX.rml
2025-01-17 14:57:31,211 - INFO - Prepared sim number: 6: RAYPy_Simulation_bessy2hi_37m_PGM_2Perc_coupling_errors_on_FLUX/round_0/6_bessy2hi_37m_PGM_2Perc_coupling_errors_on_FLUX.rml
2025-01-17 14:57:31,222 - INFO - Prepared sim number: 7: RAYPy_Simulation_bessy2hi_37m_PGM_2Perc_coupling_errors_on_FLUX/round_0/7_bessy2hi_37m_PGM_2Perc_coupling_errors_on_FLUX.rml
2025-01-17 14:57:31,233 - INFO - Prepared sim number: 8: RAYPy_Simulation_bessy2hi_37m_PGM_2Perc_coupling_errors_on_FLUX/round_0/8_bessy2hi_37m_PGM_2Perc_coupling_errors_on_FLUX.rml
2025-01-17 14:57:31,244 - INFO - Prepared sim number: 9: RAYPy_Simulation_bessy2hi_37m_PGM_2Perc_coupling_errors_on_FLUX/round_0/9_bessy2hi_37m_PGM_2Perc_coupling_errors_on_FLUX.rml
2025-01-17 14:57:31,254 - INFO - Prepared sim number: 10: RAYPy_Simulation_bessy2hi_37m_PGM_2Perc_coupling_errors_on_FLUX/round_0/10_bessy2hi_37m_PGM_2Perc_coupling_errors_on_FLUX.rml
2025-01-17 14:57:31,266 - INFO - Prepared sim number: 11: RAYPy_Simulation_bessy2hi_37m_PGM_2Perc_coupling_errors_on_FLUX/round_0/11_bessy2hi_37m_PGM_2Perc_coupling_errors_on_FLUX.rml
2025-01-17 14:57:31,277 - INFO - Prepared sim number: 12: RAYPy_Simulation_bessy2hi_37m_PGM_2Perc_coupling_errors_on_FLUX/round_0/12_bessy2hi_37m_PGM_2Perc_coupling_errors_on_FLUX.rml
2025-01-17 14:57:31,288 - INFO - Prepared sim number: 13: RAYPy_Simulation_bessy2hi_37m_PGM_2Perc_coupling_errors_on_FLUX/round_0/13_bessy2hi_37m_PGM_2Perc_coupling_errors_on_FLUX.rml
2025-01-17 14:57:31,300 - INFO - Prepared sim number: 14: RAYPy_Simulation_bessy2hi_37m_PGM_2Perc_coupling_errors_on_FLUX/round_0/14_bessy2hi_37m_PGM_2Perc_coupling_errors_on_FLUX.rml
2025-01-17 14:57:31,312 - INFO - Prepared sim number: 15: RAYPy_Simulation_bessy2hi_37m_PGM_2Perc_coupling_errors_on_FLUX/round_0/15_bessy2hi_37m_PGM_2Perc_coupling_errors_on_FLUX.rml
2025-01-17 14:57:31,323 - INFO - Prepared sim number: 16: RAYPy_Simulation_bessy2hi_37m_PGM_2Perc_coupling_errors_on_FLUX/round_0/16_bessy2hi_37m_PGM_2Perc_coupling_errors_on_FLUX.rml
2025-01-17 14:57:31,335 - INFO - Prepared sim number: 17: RAYPy_Simulation_bessy2hi_37m_PGM_2Perc_coupling_errors_on_FLUX/round_0/17_bessy2hi_37m_PGM_2Perc_coupling_errors_on_FLUX.rml
2025-01-17 14:57:31,347 - INFO - Prepared sim number: 18: RAYPy_Simulation_bessy2hi_37m_PGM_2Perc_coupling_errors_on_FLUX/round_0/18_bessy2hi_37m_PGM_2Perc_coupling_errors_on_FLUX.rml
2025-01-17 14:57:31,358 - INFO - Prepared sim number: 19: RAYPy_Simulation_bessy2hi_37m_PGM_2Perc_coupling_errors_on_FLUX/round_0/19_bessy2hi_37m_PGM_2Perc_coupling_errors_on_FLUX.rml
2025-01-17 14:57:31,370 - INFO - Prepared sim number: 20: RAYPy_Simulation_bessy2hi_37m_PGM_2Perc_coupling_errors_on_FLUX/round_0/20_bessy2hi_37m_PGM_2Perc_coupling_errors_on_FLUX.rml
2025-01-17 14:57:31,370 - INFO - Start round 1
2025-01-17 14:57:31,376 - INFO - Prepared sim number: 0: RAYPy_Simulation_bessy2hi_37m_PGM_2Perc_coupling_errors_on_FLUX/round_1/0_bessy2hi_37m_PGM_2Perc_coupling_errors_on_FLUX.rml
2025-01-17 14:57:31,381 - INFO - Prepared sim number: 1: RAYPy_Simulation_bessy2hi_37m_PGM_2Perc_coupling_errors_on_FLUX/round_1/1_bessy2hi_37m_PGM_2Perc_coupling_errors_on_FLUX.rml
2025-01-17 14:57:31,386 - INFO - Prepared sim number: 2: RAYPy_Simulation_bessy2hi_37m_PGM_2Perc_coupling_errors_on_FLUX/round_1/2_bessy2hi_37m_PGM_2Perc_coupling_errors_on_FLUX.rml
2025-01-17 14:57:31,392 - INFO - Prepared sim number: 3: RAYPy_Simulation_bessy2hi_37m_PGM_2Perc_coupling_errors_on_FLUX/round_1/3_bessy2hi_37m_PGM_2Perc_coupling_errors_on_FLUX.rml
2025-01-17 14:57:31,397 - INFO - Prepared sim number: 4: RAYPy_Simulation_bessy2hi_37m_PGM_2Perc_coupling_errors_on_FLUX/round_1/4_bessy2hi_37m_PGM_2Perc_coupling_errors_on_FLUX.rml
2025-01-17 14:57:31,402 - INFO - Prepared sim number: 5: RAYPy_Simulation_bessy2hi_37m_PGM_2Perc_coupling_errors_on_FLUX/round_1/5_bessy2hi_37m_PGM_2Perc_coupling_errors_on_FLUX.rml
2025-01-17 14:57:31,407 - INFO - Prepared sim number: 6: RAYPy_Simulation_bessy2hi_37m_PGM_2Perc_coupling_errors_on_FLUX/round_1/6_bessy2hi_37m_PGM_2Perc_coupling_errors_on_FLUX.rml
2025-01-17 14:57:31,413 - INFO - Prepared sim number: 7: RAYPy_Simulation_bessy2hi_37m_PGM_2Perc_coupling_errors_on_FLUX/round_1/7_bessy2hi_37m_PGM_2Perc_coupling_errors_on_FLUX.rml
2025-01-17 14:57:31,418 - INFO - Prepared sim number: 8: RAYPy_Simulation_bessy2hi_37m_PGM_2Perc_coupling_errors_on_FLUX/round_1/8_bessy2hi_37m_PGM_2Perc_coupling_errors_on_FLUX.rml
2025-01-17 14:57:31,423 - INFO - Prepared sim number: 9: RAYPy_Simulation_bessy2hi_37m_PGM_2Perc_coupling_errors_on_FLUX/round_1/9_bessy2hi_37m_PGM_2Perc_coupling_errors_on_FLUX.rml
2025-01-17 14:57:31,430 - INFO - Prepared sim number: 10: RAYPy_Simulation_bessy2hi_37m_PGM_2Perc_coupling_errors_on_FLUX/round_1/10_bessy2hi_37m_PGM_2Perc_coupling_errors_on_FLUX.rml
2025-01-17 14:57:31,437 - INFO - Prepared sim number: 11: RAYPy_Simulation_bessy2hi_37m_PGM_2Perc_coupling_errors_on_FLUX/round_1/11_bessy2hi_37m_PGM_2Perc_coupling_errors_on_FLUX.rml
2025-01-17 14:57:31,444 - INFO - Prepared sim number: 12: RAYPy_Simulation_bessy2hi_37m_PGM_2Perc_coupling_errors_on_FLUX/round_1/12_bessy2hi_37m_PGM_2Perc_coupling_errors_on_FLUX.rml
2025-01-17 14:57:31,449 - INFO - Prepared sim number: 13: RAYPy_Simulation_bessy2hi_37m_PGM_2Perc_coupling_errors_on_FLUX/round_1/13_bessy2hi_37m_PGM_2Perc_coupling_errors_on_FLUX.rml
2025-01-17 14:57:31,454 - INFO - Prepared sim number: 14: RAYPy_Simulation_bessy2hi_37m_PGM_2Perc_coupling_errors_on_FLUX/round_1/14_bessy2hi_37m_PGM_2Perc_coupling_errors_on_FLUX.rml
2025-01-17 14:57:31,459 - INFO - Prepared sim number: 15: RAYPy_Simulation_bessy2hi_37m_PGM_2Perc_coupling_errors_on_FLUX/round_1/15_bessy2hi_37m_PGM_2Perc_coupling_errors_on_FLUX.rml
2025-01-17 14:57:31,464 - INFO - Prepared sim number: 16: RAYPy_Simulation_bessy2hi_37m_PGM_2Perc_coupling_errors_on_FLUX/round_1/16_bessy2hi_37m_PGM_2Perc_coupling_errors_on_FLUX.rml
2025-01-17 14:57:31,469 - INFO - Prepared sim number: 17: RAYPy_Simulation_bessy2hi_37m_PGM_2Perc_coupling_errors_on_FLUX/round_1/17_bessy2hi_37m_PGM_2Perc_coupling_errors_on_FLUX.rml
2025-01-17 14:57:31,475 - INFO - Prepared sim number: 18: RAYPy_Simulation_bessy2hi_37m_PGM_2Perc_coupling_errors_on_FLUX/round_1/18_bessy2hi_37m_PGM_2Perc_coupling_errors_on_FLUX.rml
2025-01-17 14:57:31,481 - INFO - Prepared sim number: 19: RAYPy_Simulation_bessy2hi_37m_PGM_2Perc_coupling_errors_on_FLUX/round_1/19_bessy2hi_37m_PGM_2Perc_coupling_errors_on_FLUX.rml
2025-01-17 14:57:31,487 - INFO - Prepared sim number: 20: RAYPy_Simulation_bessy2hi_37m_PGM_2Perc_coupling_errors_on_FLUX/round_1/20_bessy2hi_37m_PGM_2Perc_coupling_errors_on_FLUX.rml
2025-01-17 14:57:31,487 - INFO - Start round 2
2025-01-17 14:57:31,491 - INFO - Prepared sim number: 0: RAYPy_Simulation_bessy2hi_37m_PGM_2Perc_coupling_errors_on_FLUX/round_2/0_bessy2hi_37m_PGM_2Perc_coupling_errors_on_FLUX.rml
2025-01-17 14:57:31,499 - INFO - Prepared sim number: 1: RAYPy_Simulation_bessy2hi_37m_PGM_2Perc_coupling_errors_on_FLUX/round_2/1_bessy2hi_37m_PGM_2Perc_coupling_errors_on_FLUX.rml
2025-01-17 14:57:31,505 - INFO - Prepared sim number: 2: RAYPy_Simulation_bessy2hi_37m_PGM_2Perc_coupling_errors_on_FLUX/round_2/2_bessy2hi_37m_PGM_2Perc_coupling_errors_on_FLUX.rml
2025-01-17 14:57:31,510 - INFO - Prepared sim number: 3: RAYPy_Simulation_bessy2hi_37m_PGM_2Perc_coupling_errors_on_FLUX/round_2/3_bessy2hi_37m_PGM_2Perc_coupling_errors_on_FLUX.rml
2025-01-17 14:57:31,518 - INFO - Prepared sim number: 4: RAYPy_Simulation_bessy2hi_37m_PGM_2Perc_coupling_errors_on_FLUX/round_2/4_bessy2hi_37m_PGM_2Perc_coupling_errors_on_FLUX.rml
2025-01-17 14:57:31,523 - INFO - Prepared sim number: 5: RAYPy_Simulation_bessy2hi_37m_PGM_2Perc_coupling_errors_on_FLUX/round_2/5_bessy2hi_37m_PGM_2Perc_coupling_errors_on_FLUX.rml
2025-01-17 14:57:31,530 - INFO - Prepared sim number: 6: RAYPy_Simulation_bessy2hi_37m_PGM_2Perc_coupling_errors_on_FLUX/round_2/6_bessy2hi_37m_PGM_2Perc_coupling_errors_on_FLUX.rml
2025-01-17 14:57:31,536 - INFO - Prepared sim number: 7: RAYPy_Simulation_bessy2hi_37m_PGM_2Perc_coupling_errors_on_FLUX/round_2/7_bessy2hi_37m_PGM_2Perc_coupling_errors_on_FLUX.rml
2025-01-17 14:57:31,541 - INFO - Prepared sim number: 8: RAYPy_Simulation_bessy2hi_37m_PGM_2Perc_coupling_errors_on_FLUX/round_2/8_bessy2hi_37m_PGM_2Perc_coupling_errors_on_FLUX.rml
2025-01-17 14:57:31,548 - INFO - Prepared sim number: 9: RAYPy_Simulation_bessy2hi_37m_PGM_2Perc_coupling_errors_on_FLUX/round_2/9_bessy2hi_37m_PGM_2Perc_coupling_errors_on_FLUX.rml
2025-01-17 14:57:31,555 - INFO - Prepared sim number: 10: RAYPy_Simulation_bessy2hi_37m_PGM_2Perc_coupling_errors_on_FLUX/round_2/10_bessy2hi_37m_PGM_2Perc_coupling_errors_on_FLUX.rml
2025-01-17 14:57:31,561 - INFO - Prepared sim number: 11: RAYPy_Simulation_bessy2hi_37m_PGM_2Perc_coupling_errors_on_FLUX/round_2/11_bessy2hi_37m_PGM_2Perc_coupling_errors_on_FLUX.rml
2025-01-17 14:57:31,566 - INFO - Prepared sim number: 12: RAYPy_Simulation_bessy2hi_37m_PGM_2Perc_coupling_errors_on_FLUX/round_2/12_bessy2hi_37m_PGM_2Perc_coupling_errors_on_FLUX.rml
2025-01-17 14:57:31,573 - INFO - Prepared sim number: 13: RAYPy_Simulation_bessy2hi_37m_PGM_2Perc_coupling_errors_on_FLUX/round_2/13_bessy2hi_37m_PGM_2Perc_coupling_errors_on_FLUX.rml
2025-01-17 14:57:31,578 - INFO - Prepared sim number: 14: RAYPy_Simulation_bessy2hi_37m_PGM_2Perc_coupling_errors_on_FLUX/round_2/14_bessy2hi_37m_PGM_2Perc_coupling_errors_on_FLUX.rml
2025-01-17 14:57:31,585 - INFO - Prepared sim number: 15: RAYPy_Simulation_bessy2hi_37m_PGM_2Perc_coupling_errors_on_FLUX/round_2/15_bessy2hi_37m_PGM_2Perc_coupling_errors_on_FLUX.rml
2025-01-17 14:57:31,592 - INFO - Prepared sim number: 16: RAYPy_Simulation_bessy2hi_37m_PGM_2Perc_coupling_errors_on_FLUX/round_2/16_bessy2hi_37m_PGM_2Perc_coupling_errors_on_FLUX.rml
2025-01-17 14:57:31,598 - INFO - Prepared sim number: 17: RAYPy_Simulation_bessy2hi_37m_PGM_2Perc_coupling_errors_on_FLUX/round_2/17_bessy2hi_37m_PGM_2Perc_coupling_errors_on_FLUX.rml
2025-01-17 14:57:31,617 - INFO - Waiting for batch number: 0, timeout: 60s
2025-01-17 14:57:47,519 - INFO - Completed: 1, remaining: 59, RAYPy_Simulation_bessy2hi_37m_PGM_2Perc_coupling_errors_on_FLUX/round_0/4_bessy2hi_37m_PGM_2Perc_coupling_errors_on_FLUX.rml
2025-01-17 14:57:47,932 - INFO - Completed: 2, remaining: 58, RAYPy_Simulation_bessy2hi_37m_PGM_2Perc_coupling_errors_on_FLUX/round_0/3_bessy2hi_37m_PGM_2Perc_coupling_errors_on_FLUX.rml
2025-01-17 14:57:48,270 - INFO - Completed: 3, remaining: 57, RAYPy_Simulation_bessy2hi_37m_PGM_2Perc_coupling_errors_on_FLUX/round_0/2_bessy2hi_37m_PGM_2Perc_coupling_errors_on_FLUX.rml
2025-01-17 14:57:48,364 - INFO - Completed: 4, remaining: 56, RAYPy_Simulation_bessy2hi_37m_PGM_2Perc_coupling_errors_on_FLUX/round_0/1_bessy2hi_37m_PGM_2Perc_coupling_errors_on_FLUX.rml
2025-01-17 14:57:48,414 - INFO - Completed: 5, remaining: 55, RAYPy_Simulation_bessy2hi_37m_PGM_2Perc_coupling_errors_on_FLUX/round_0/8_bessy2hi_37m_PGM_2Perc_coupling_errors_on_FLUX.rml
2025-01-17 14:57:48,471 - INFO - Completed: 6, remaining: 54, RAYPy_Simulation_bessy2hi_37m_PGM_2Perc_coupling_errors_on_FLUX/round_0/7_bessy2hi_37m_PGM_2Perc_coupling_errors_on_FLUX.rml
2025-01-17 14:57:48,554 - INFO - Completed: 7, remaining: 53, RAYPy_Simulation_bessy2hi_37m_PGM_2Perc_coupling_errors_on_FLUX/round_0/0_bessy2hi_37m_PGM_2Perc_coupling_errors_on_FLUX.rml
2025-01-17 14:57:48,751 - INFO - Completed: 8, remaining: 52, RAYPy_Simulation_bessy2hi_37m_PGM_2Perc_coupling_errors_on_FLUX/round_0/10_bessy2hi_37m_PGM_2Perc_coupling_errors_on_FLUX.rml
2025-01-17 14:57:49,139 - INFO - Completed: 9, remaining: 51, RAYPy_Simulation_bessy2hi_37m_PGM_2Perc_coupling_errors_on_FLUX/round_0/9_bessy2hi_37m_PGM_2Perc_coupling_errors_on_FLUX.rml
2025-01-17 14:57:50,072 - INFO - Completed: 10, remaining: 50, RAYPy_Simulation_bessy2hi_37m_PGM_2Perc_coupling_errors_on_FLUX/round_0/5_bessy2hi_37m_PGM_2Perc_coupling_errors_on_FLUX.rml
2025-01-17 14:57:50,170 - INFO - Completed: 11, remaining: 49, RAYPy_Simulation_bessy2hi_37m_PGM_2Perc_coupling_errors_on_FLUX/round_0/11_bessy2hi_37m_PGM_2Perc_coupling_errors_on_FLUX.rml
2025-01-17 14:57:50,247 - INFO - Completed: 12, remaining: 48, RAYPy_Simulation_bessy2hi_37m_PGM_2Perc_coupling_errors_on_FLUX/round_0/6_bessy2hi_37m_PGM_2Perc_coupling_errors_on_FLUX.rml
2025-01-17 14:58:03,328 - INFO - Completed: 13, remaining: 47, RAYPy_Simulation_bessy2hi_37m_PGM_2Perc_coupling_errors_on_FLUX/round_0/12_bessy2hi_37m_PGM_2Perc_coupling_errors_on_FLUX.rml
2025-01-17 14:58:04,440 - INFO - Completed: 14, remaining: 46, RAYPy_Simulation_bessy2hi_37m_PGM_2Perc_coupling_errors_on_FLUX/round_0/13_bessy2hi_37m_PGM_2Perc_coupling_errors_on_FLUX.rml
2025-01-17 14:58:05,082 - INFO - Completed: 15, remaining: 45, RAYPy_Simulation_bessy2hi_37m_PGM_2Perc_coupling_errors_on_FLUX/round_0/15_bessy2hi_37m_PGM_2Perc_coupling_errors_on_FLUX.rml
2025-01-17 14:58:05,092 - INFO - Completed: 16, remaining: 44, RAYPy_Simulation_bessy2hi_37m_PGM_2Perc_coupling_errors_on_FLUX/round_0/19_bessy2hi_37m_PGM_2Perc_coupling_errors_on_FLUX.rml
2025-01-17 14:58:05,159 - INFO - Completed: 17, remaining: 43, RAYPy_Simulation_bessy2hi_37m_PGM_2Perc_coupling_errors_on_FLUX/round_0/17_bessy2hi_37m_PGM_2Perc_coupling_errors_on_FLUX.rml
2025-01-17 14:58:05,266 - INFO - Completed: 18, remaining: 42, RAYPy_Simulation_bessy2hi_37m_PGM_2Perc_coupling_errors_on_FLUX/round_0/18_bessy2hi_37m_PGM_2Perc_coupling_errors_on_FLUX.rml
2025-01-17 14:58:05,311 - INFO - Completed: 19, remaining: 41, RAYPy_Simulation_bessy2hi_37m_PGM_2Perc_coupling_errors_on_FLUX/round_0/16_bessy2hi_37m_PGM_2Perc_coupling_errors_on_FLUX.rml
2025-01-17 14:58:05,346 - INFO - Completed: 20, remaining: 40, RAYPy_Simulation_bessy2hi_37m_PGM_2Perc_coupling_errors_on_FLUX/round_0/14_bessy2hi_37m_PGM_2Perc_coupling_errors_on_FLUX.rml
2025-01-17 14:58:06,054 - INFO - Completed: 21, remaining: 39, RAYPy_Simulation_bessy2hi_37m_PGM_2Perc_coupling_errors_on_FLUX/round_0/20_bessy2hi_37m_PGM_2Perc_coupling_errors_on_FLUX.rml
2025-01-17 14:58:06,230 - INFO - Completed: 22, remaining: 38, RAYPy_Simulation_bessy2hi_37m_PGM_2Perc_coupling_errors_on_FLUX/round_1/2_bessy2hi_37m_PGM_2Perc_coupling_errors_on_FLUX.rml
2025-01-17 14:58:06,333 - INFO - Completed: 23, remaining: 37, RAYPy_Simulation_bessy2hi_37m_PGM_2Perc_coupling_errors_on_FLUX/round_1/1_bessy2hi_37m_PGM_2Perc_coupling_errors_on_FLUX.rml
2025-01-17 14:58:06,587 - INFO - Completed: 24, remaining: 36, RAYPy_Simulation_bessy2hi_37m_PGM_2Perc_coupling_errors_on_FLUX/round_1/0_bessy2hi_37m_PGM_2Perc_coupling_errors_on_FLUX.rml
2025-01-17 14:58:14,942 - INFO - Completed: 25, remaining: 35, RAYPy_Simulation_bessy2hi_37m_PGM_2Perc_coupling_errors_on_FLUX/round_1/3_bessy2hi_37m_PGM_2Perc_coupling_errors_on_FLUX.rml
2025-01-17 14:58:22,004 - INFO - Completed: 26, remaining: 34, RAYPy_Simulation_bessy2hi_37m_PGM_2Perc_coupling_errors_on_FLUX/round_1/6_bessy2hi_37m_PGM_2Perc_coupling_errors_on_FLUX.rml
2025-01-17 14:58:22,245 - INFO - Completed: 27, remaining: 33, RAYPy_Simulation_bessy2hi_37m_PGM_2Perc_coupling_errors_on_FLUX/round_1/5_bessy2hi_37m_PGM_2Perc_coupling_errors_on_FLUX.rml
2025-01-17 14:58:22,379 - INFO - Completed: 28, remaining: 32, RAYPy_Simulation_bessy2hi_37m_PGM_2Perc_coupling_errors_on_FLUX/round_1/7_bessy2hi_37m_PGM_2Perc_coupling_errors_on_FLUX.rml
2025-01-17 14:58:22,656 - INFO - Completed: 29, remaining: 31, RAYPy_Simulation_bessy2hi_37m_PGM_2Perc_coupling_errors_on_FLUX/round_1/9_bessy2hi_37m_PGM_2Perc_coupling_errors_on_FLUX.rml
2025-01-17 14:58:22,870 - INFO - Completed: 30, remaining: 30, RAYPy_Simulation_bessy2hi_37m_PGM_2Perc_coupling_errors_on_FLUX/round_1/8_bessy2hi_37m_PGM_2Perc_coupling_errors_on_FLUX.rml
2025-01-17 14:58:23,022 - INFO - Completed: 31, remaining: 29, RAYPy_Simulation_bessy2hi_37m_PGM_2Perc_coupling_errors_on_FLUX/round_1/10_bessy2hi_37m_PGM_2Perc_coupling_errors_on_FLUX.rml
2025-01-17 14:58:23,787 - INFO - Completed: 32, remaining: 28, RAYPy_Simulation_bessy2hi_37m_PGM_2Perc_coupling_errors_on_FLUX/round_1/4_bessy2hi_37m_PGM_2Perc_coupling_errors_on_FLUX.rml
2025-01-17 14:58:23,800 - INFO - Completed: 33, remaining: 27, RAYPy_Simulation_bessy2hi_37m_PGM_2Perc_coupling_errors_on_FLUX/round_1/11_bessy2hi_37m_PGM_2Perc_coupling_errors_on_FLUX.rml
2025-01-17 14:58:23,955 - INFO - Completed: 34, remaining: 26, RAYPy_Simulation_bessy2hi_37m_PGM_2Perc_coupling_errors_on_FLUX/round_1/12_bessy2hi_37m_PGM_2Perc_coupling_errors_on_FLUX.rml
2025-01-17 14:58:23,996 - INFO - Completed: 35, remaining: 25, RAYPy_Simulation_bessy2hi_37m_PGM_2Perc_coupling_errors_on_FLUX/round_1/13_bessy2hi_37m_PGM_2Perc_coupling_errors_on_FLUX.rml
2025-01-17 14:58:24,078 - INFO - Completed: 36, remaining: 24, RAYPy_Simulation_bessy2hi_37m_PGM_2Perc_coupling_errors_on_FLUX/round_1/14_bessy2hi_37m_PGM_2Perc_coupling_errors_on_FLUX.rml
2025-01-17 14:58:28,140 - INFO - Completed: 37, remaining: 23, RAYPy_Simulation_bessy2hi_37m_PGM_2Perc_coupling_errors_on_FLUX/round_1/15_bessy2hi_37m_PGM_2Perc_coupling_errors_on_FLUX.rml
2025-01-17 14:58:31,617 - INFO - Exception during simulation: 23 (of 60) futures unfinished
2025-01-17 14:58:36,949 - INFO - Waiting for file RAYPy_Simulation_bessy2hi_37m_PGM_2Perc_coupling_errors_on_FLUX/round_1/16_bessy2hi_37m_PGM_2Perc_coupling_errors_on_FLUX.rml, wait_time 20.277139544487
2025-01-17 14:58:41,965 - INFO - Waiting for file RAYPy_Simulation_bessy2hi_37m_PGM_2Perc_coupling_errors_on_FLUX/round_1/16_bessy2hi_37m_PGM_2Perc_coupling_errors_on_FLUX.rml, wait_time 15.277139544487
2025-01-17 14:58:47,034 - INFO - Waiting for file RAYPy_Simulation_bessy2hi_37m_PGM_2Perc_coupling_errors_on_FLUX/round_2/6_bessy2hi_37m_PGM_2Perc_coupling_errors_on_FLUX.rml, wait_time 10.277139544487
2025-01-17 14:58:52,043 - INFO - Waiting for file RAYPy_Simulation_bessy2hi_37m_PGM_2Perc_coupling_errors_on_FLUX/round_2/7_bessy2hi_37m_PGM_2Perc_coupling_errors_on_FLUX.rml, wait_time 5.2771395444869995
2025-01-17 14:58:57,058 - INFO - Waiting for file RAYPy_Simulation_bessy2hi_37m_PGM_2Perc_coupling_errors_on_FLUX/round_2/7_bessy2hi_37m_PGM_2Perc_coupling_errors_on_FLUX.rml, wait_time 0.2771395444869995
2025-01-17 14:58:57,078 - INFO - Found all simulations of the batch, futures missed 23 simulations
2025-01-17 14:58:57,079 - INFO - Updated progress bar
2025-01-17 14:58:57,079 - INFO - Batch Completed
2025-01-17 14:58:57,079 - INFO - Waiting For batch, 60 simulations to go
2025-01-17 14:58:57,085 - INFO - Prepared sim number: 18: RAYPy_Simulation_bessy2hi_37m_PGM_2Perc_coupling_errors_on_FLUX/round_2/18_bessy2hi_37m_PGM_2Perc_coupling_errors_on_FLUX.rml
2025-01-17 14:58:57,091 - INFO - Prepared sim number: 19: RAYPy_Simulation_bessy2hi_37m_PGM_2Perc_coupling_errors_on_FLUX/round_2/19_bessy2hi_37m_PGM_2Perc_coupling_errors_on_FLUX.rml
2025-01-17 14:58:57,100 - INFO - Prepared sim number: 20: RAYPy_Simulation_bessy2hi_37m_PGM_2Perc_coupling_errors_on_FLUX/round_2/20_bessy2hi_37m_PGM_2Perc_coupling_errors_on_FLUX.rml
2025-01-17 14:58:57,100 - INFO - Start round 3
2025-01-17 14:58:57,108 - INFO - Prepared sim number: 0: RAYPy_Simulation_bessy2hi_37m_PGM_2Perc_coupling_errors_on_FLUX/round_3/0_bessy2hi_37m_PGM_2Perc_coupling_errors_on_FLUX.rml
2025-01-17 14:58:57,115 - INFO - Prepared sim number: 1: RAYPy_Simulation_bessy2hi_37m_PGM_2Perc_coupling_errors_on_FLUX/round_3/1_bessy2hi_37m_PGM_2Perc_coupling_errors_on_FLUX.rml
2025-01-17 14:58:57,121 - INFO - Prepared sim number: 2: RAYPy_Simulation_bessy2hi_37m_PGM_2Perc_coupling_errors_on_FLUX/round_3/2_bessy2hi_37m_PGM_2Perc_coupling_errors_on_FLUX.rml
2025-01-17 14:58:57,128 - INFO - Prepared sim number: 3: RAYPy_Simulation_bessy2hi_37m_PGM_2Perc_coupling_errors_on_FLUX/round_3/3_bessy2hi_37m_PGM_2Perc_coupling_errors_on_FLUX.rml
2025-01-17 14:58:57,134 - INFO - Prepared sim number: 4: RAYPy_Simulation_bessy2hi_37m_PGM_2Perc_coupling_errors_on_FLUX/round_3/4_bessy2hi_37m_PGM_2Perc_coupling_errors_on_FLUX.rml
2025-01-17 14:58:57,138 - INFO - Prepared sim number: 5: RAYPy_Simulation_bessy2hi_37m_PGM_2Perc_coupling_errors_on_FLUX/round_3/5_bessy2hi_37m_PGM_2Perc_coupling_errors_on_FLUX.rml
2025-01-17 14:58:57,143 - INFO - Prepared sim number: 6: RAYPy_Simulation_bessy2hi_37m_PGM_2Perc_coupling_errors_on_FLUX/round_3/6_bessy2hi_37m_PGM_2Perc_coupling_errors_on_FLUX.rml
2025-01-17 14:58:57,147 - INFO - Prepared sim number: 7: RAYPy_Simulation_bessy2hi_37m_PGM_2Perc_coupling_errors_on_FLUX/round_3/7_bessy2hi_37m_PGM_2Perc_coupling_errors_on_FLUX.rml
2025-01-17 14:58:57,152 - INFO - Prepared sim number: 8: RAYPy_Simulation_bessy2hi_37m_PGM_2Perc_coupling_errors_on_FLUX/round_3/8_bessy2hi_37m_PGM_2Perc_coupling_errors_on_FLUX.rml
2025-01-17 14:58:57,156 - INFO - Prepared sim number: 9: RAYPy_Simulation_bessy2hi_37m_PGM_2Perc_coupling_errors_on_FLUX/round_3/9_bessy2hi_37m_PGM_2Perc_coupling_errors_on_FLUX.rml
2025-01-17 14:58:57,161 - INFO - Prepared sim number: 10: RAYPy_Simulation_bessy2hi_37m_PGM_2Perc_coupling_errors_on_FLUX/round_3/10_bessy2hi_37m_PGM_2Perc_coupling_errors_on_FLUX.rml
2025-01-17 14:58:57,165 - INFO - Prepared sim number: 11: RAYPy_Simulation_bessy2hi_37m_PGM_2Perc_coupling_errors_on_FLUX/round_3/11_bessy2hi_37m_PGM_2Perc_coupling_errors_on_FLUX.rml
2025-01-17 14:58:57,170 - INFO - Prepared sim number: 12: RAYPy_Simulation_bessy2hi_37m_PGM_2Perc_coupling_errors_on_FLUX/round_3/12_bessy2hi_37m_PGM_2Perc_coupling_errors_on_FLUX.rml
2025-01-17 14:58:57,175 - INFO - Prepared sim number: 13: RAYPy_Simulation_bessy2hi_37m_PGM_2Perc_coupling_errors_on_FLUX/round_3/13_bessy2hi_37m_PGM_2Perc_coupling_errors_on_FLUX.rml
2025-01-17 14:58:57,179 - INFO - Prepared sim number: 14: RAYPy_Simulation_bessy2hi_37m_PGM_2Perc_coupling_errors_on_FLUX/round_3/14_bessy2hi_37m_PGM_2Perc_coupling_errors_on_FLUX.rml
2025-01-17 14:58:57,184 - INFO - Prepared sim number: 15: RAYPy_Simulation_bessy2hi_37m_PGM_2Perc_coupling_errors_on_FLUX/round_3/15_bessy2hi_37m_PGM_2Perc_coupling_errors_on_FLUX.rml
2025-01-17 14:58:57,189 - INFO - Prepared sim number: 16: RAYPy_Simulation_bessy2hi_37m_PGM_2Perc_coupling_errors_on_FLUX/round_3/16_bessy2hi_37m_PGM_2Perc_coupling_errors_on_FLUX.rml
2025-01-17 14:58:57,194 - INFO - Prepared sim number: 17: RAYPy_Simulation_bessy2hi_37m_PGM_2Perc_coupling_errors_on_FLUX/round_3/17_bessy2hi_37m_PGM_2Perc_coupling_errors_on_FLUX.rml
2025-01-17 14:58:57,198 - INFO - Prepared sim number: 18: RAYPy_Simulation_bessy2hi_37m_PGM_2Perc_coupling_errors_on_FLUX/round_3/18_bessy2hi_37m_PGM_2Perc_coupling_errors_on_FLUX.rml
2025-01-17 14:58:57,203 - INFO - Prepared sim number: 19: RAYPy_Simulation_bessy2hi_37m_PGM_2Perc_coupling_errors_on_FLUX/round_3/19_bessy2hi_37m_PGM_2Perc_coupling_errors_on_FLUX.rml
2025-01-17 14:58:57,209 - INFO - Prepared sim number: 20: RAYPy_Simulation_bessy2hi_37m_PGM_2Perc_coupling_errors_on_FLUX/round_3/20_bessy2hi_37m_PGM_2Perc_coupling_errors_on_FLUX.rml
2025-01-17 14:58:57,209 - INFO - Start round 4
2025-01-17 14:58:57,214 - INFO - Prepared sim number: 0: RAYPy_Simulation_bessy2hi_37m_PGM_2Perc_coupling_errors_on_FLUX/round_4/0_bessy2hi_37m_PGM_2Perc_coupling_errors_on_FLUX.rml
2025-01-17 14:58:57,218 - INFO - Prepared sim number: 1: RAYPy_Simulation_bessy2hi_37m_PGM_2Perc_coupling_errors_on_FLUX/round_4/1_bessy2hi_37m_PGM_2Perc_coupling_errors_on_FLUX.rml
2025-01-17 14:58:57,223 - INFO - Prepared sim number: 2: RAYPy_Simulation_bessy2hi_37m_PGM_2Perc_coupling_errors_on_FLUX/round_4/2_bessy2hi_37m_PGM_2Perc_coupling_errors_on_FLUX.rml
2025-01-17 14:58:57,227 - INFO - Prepared sim number: 3: RAYPy_Simulation_bessy2hi_37m_PGM_2Perc_coupling_errors_on_FLUX/round_4/3_bessy2hi_37m_PGM_2Perc_coupling_errors_on_FLUX.rml
2025-01-17 14:58:57,232 - INFO - Prepared sim number: 4: RAYPy_Simulation_bessy2hi_37m_PGM_2Perc_coupling_errors_on_FLUX/round_4/4_bessy2hi_37m_PGM_2Perc_coupling_errors_on_FLUX.rml
2025-01-17 14:58:57,236 - INFO - Prepared sim number: 5: RAYPy_Simulation_bessy2hi_37m_PGM_2Perc_coupling_errors_on_FLUX/round_4/5_bessy2hi_37m_PGM_2Perc_coupling_errors_on_FLUX.rml
2025-01-17 14:58:57,241 - INFO - Prepared sim number: 6: RAYPy_Simulation_bessy2hi_37m_PGM_2Perc_coupling_errors_on_FLUX/round_4/6_bessy2hi_37m_PGM_2Perc_coupling_errors_on_FLUX.rml
2025-01-17 14:58:57,245 - INFO - Prepared sim number: 7: RAYPy_Simulation_bessy2hi_37m_PGM_2Perc_coupling_errors_on_FLUX/round_4/7_bessy2hi_37m_PGM_2Perc_coupling_errors_on_FLUX.rml
2025-01-17 14:58:57,249 - INFO - Prepared sim number: 8: RAYPy_Simulation_bessy2hi_37m_PGM_2Perc_coupling_errors_on_FLUX/round_4/8_bessy2hi_37m_PGM_2Perc_coupling_errors_on_FLUX.rml
2025-01-17 14:58:57,254 - INFO - Prepared sim number: 9: RAYPy_Simulation_bessy2hi_37m_PGM_2Perc_coupling_errors_on_FLUX/round_4/9_bessy2hi_37m_PGM_2Perc_coupling_errors_on_FLUX.rml
2025-01-17 14:58:57,259 - INFO - Prepared sim number: 10: RAYPy_Simulation_bessy2hi_37m_PGM_2Perc_coupling_errors_on_FLUX/round_4/10_bessy2hi_37m_PGM_2Perc_coupling_errors_on_FLUX.rml
2025-01-17 14:58:57,263 - INFO - Prepared sim number: 11: RAYPy_Simulation_bessy2hi_37m_PGM_2Perc_coupling_errors_on_FLUX/round_4/11_bessy2hi_37m_PGM_2Perc_coupling_errors_on_FLUX.rml
2025-01-17 14:58:57,268 - INFO - Prepared sim number: 12: RAYPy_Simulation_bessy2hi_37m_PGM_2Perc_coupling_errors_on_FLUX/round_4/12_bessy2hi_37m_PGM_2Perc_coupling_errors_on_FLUX.rml
2025-01-17 14:58:57,272 - INFO - Prepared sim number: 13: RAYPy_Simulation_bessy2hi_37m_PGM_2Perc_coupling_errors_on_FLUX/round_4/13_bessy2hi_37m_PGM_2Perc_coupling_errors_on_FLUX.rml
2025-01-17 14:58:57,277 - INFO - Prepared sim number: 14: RAYPy_Simulation_bessy2hi_37m_PGM_2Perc_coupling_errors_on_FLUX/round_4/14_bessy2hi_37m_PGM_2Perc_coupling_errors_on_FLUX.rml
2025-01-17 14:58:57,281 - INFO - Prepared sim number: 15: RAYPy_Simulation_bessy2hi_37m_PGM_2Perc_coupling_errors_on_FLUX/round_4/15_bessy2hi_37m_PGM_2Perc_coupling_errors_on_FLUX.rml
2025-01-17 14:58:57,286 - INFO - Prepared sim number: 16: RAYPy_Simulation_bessy2hi_37m_PGM_2Perc_coupling_errors_on_FLUX/round_4/16_bessy2hi_37m_PGM_2Perc_coupling_errors_on_FLUX.rml
2025-01-17 14:58:57,291 - INFO - Prepared sim number: 17: RAYPy_Simulation_bessy2hi_37m_PGM_2Perc_coupling_errors_on_FLUX/round_4/17_bessy2hi_37m_PGM_2Perc_coupling_errors_on_FLUX.rml
2025-01-17 14:58:57,295 - INFO - Prepared sim number: 18: RAYPy_Simulation_bessy2hi_37m_PGM_2Perc_coupling_errors_on_FLUX/round_4/18_bessy2hi_37m_PGM_2Perc_coupling_errors_on_FLUX.rml
2025-01-17 14:58:57,299 - INFO - Prepared sim number: 19: RAYPy_Simulation_bessy2hi_37m_PGM_2Perc_coupling_errors_on_FLUX/round_4/19_bessy2hi_37m_PGM_2Perc_coupling_errors_on_FLUX.rml
2025-01-17 14:58:57,304 - INFO - Prepared sim number: 20: RAYPy_Simulation_bessy2hi_37m_PGM_2Perc_coupling_errors_on_FLUX/round_4/20_bessy2hi_37m_PGM_2Perc_coupling_errors_on_FLUX.rml
2025-01-17 14:58:57,305 - INFO - Start round 5
2025-01-17 14:58:57,309 - INFO - Prepared sim number: 0: RAYPy_Simulation_bessy2hi_37m_PGM_2Perc_coupling_errors_on_FLUX/round_5/0_bessy2hi_37m_PGM_2Perc_coupling_errors_on_FLUX.rml
2025-01-17 14:58:57,313 - INFO - Prepared sim number: 1: RAYPy_Simulation_bessy2hi_37m_PGM_2Perc_coupling_errors_on_FLUX/round_5/1_bessy2hi_37m_PGM_2Perc_coupling_errors_on_FLUX.rml
2025-01-17 14:58:57,317 - INFO - Prepared sim number: 2: RAYPy_Simulation_bessy2hi_37m_PGM_2Perc_coupling_errors_on_FLUX/round_5/2_bessy2hi_37m_PGM_2Perc_coupling_errors_on_FLUX.rml
2025-01-17 14:58:57,321 - INFO - Prepared sim number: 3: RAYPy_Simulation_bessy2hi_37m_PGM_2Perc_coupling_errors_on_FLUX/round_5/3_bessy2hi_37m_PGM_2Perc_coupling_errors_on_FLUX.rml
2025-01-17 14:58:57,326 - INFO - Prepared sim number: 4: RAYPy_Simulation_bessy2hi_37m_PGM_2Perc_coupling_errors_on_FLUX/round_5/4_bessy2hi_37m_PGM_2Perc_coupling_errors_on_FLUX.rml
2025-01-17 14:58:57,330 - INFO - Prepared sim number: 5: RAYPy_Simulation_bessy2hi_37m_PGM_2Perc_coupling_errors_on_FLUX/round_5/5_bessy2hi_37m_PGM_2Perc_coupling_errors_on_FLUX.rml
2025-01-17 14:58:57,335 - INFO - Prepared sim number: 6: RAYPy_Simulation_bessy2hi_37m_PGM_2Perc_coupling_errors_on_FLUX/round_5/6_bessy2hi_37m_PGM_2Perc_coupling_errors_on_FLUX.rml
2025-01-17 14:58:57,340 - INFO - Prepared sim number: 7: RAYPy_Simulation_bessy2hi_37m_PGM_2Perc_coupling_errors_on_FLUX/round_5/7_bessy2hi_37m_PGM_2Perc_coupling_errors_on_FLUX.rml
2025-01-17 14:58:57,345 - INFO - Prepared sim number: 8: RAYPy_Simulation_bessy2hi_37m_PGM_2Perc_coupling_errors_on_FLUX/round_5/8_bessy2hi_37m_PGM_2Perc_coupling_errors_on_FLUX.rml
2025-01-17 14:58:57,349 - INFO - Prepared sim number: 9: RAYPy_Simulation_bessy2hi_37m_PGM_2Perc_coupling_errors_on_FLUX/round_5/9_bessy2hi_37m_PGM_2Perc_coupling_errors_on_FLUX.rml
2025-01-17 14:58:57,353 - INFO - Prepared sim number: 10: RAYPy_Simulation_bessy2hi_37m_PGM_2Perc_coupling_errors_on_FLUX/round_5/10_bessy2hi_37m_PGM_2Perc_coupling_errors_on_FLUX.rml
2025-01-17 14:58:57,357 - INFO - Prepared sim number: 11: RAYPy_Simulation_bessy2hi_37m_PGM_2Perc_coupling_errors_on_FLUX/round_5/11_bessy2hi_37m_PGM_2Perc_coupling_errors_on_FLUX.rml
2025-01-17 14:58:57,362 - INFO - Prepared sim number: 12: RAYPy_Simulation_bessy2hi_37m_PGM_2Perc_coupling_errors_on_FLUX/round_5/12_bessy2hi_37m_PGM_2Perc_coupling_errors_on_FLUX.rml
2025-01-17 14:58:57,366 - INFO - Prepared sim number: 13: RAYPy_Simulation_bessy2hi_37m_PGM_2Perc_coupling_errors_on_FLUX/round_5/13_bessy2hi_37m_PGM_2Perc_coupling_errors_on_FLUX.rml
2025-01-17 14:58:57,371 - INFO - Prepared sim number: 14: RAYPy_Simulation_bessy2hi_37m_PGM_2Perc_coupling_errors_on_FLUX/round_5/14_bessy2hi_37m_PGM_2Perc_coupling_errors_on_FLUX.rml
2025-01-17 14:58:57,372 - INFO - Waiting for batch number: 1, timeout: 101.108558177948s
2025-01-17 14:59:12,736 - INFO - Completed: 1, remaining: 59, RAYPy_Simulation_bessy2hi_37m_PGM_2Perc_coupling_errors_on_FLUX/round_2/20_bessy2hi_37m_PGM_2Perc_coupling_errors_on_FLUX.rml
2025-01-17 14:59:13,968 - INFO - Completed: 2, remaining: 58, RAYPy_Simulation_bessy2hi_37m_PGM_2Perc_coupling_errors_on_FLUX/round_3/1_bessy2hi_37m_PGM_2Perc_coupling_errors_on_FLUX.rml
2025-01-17 14:59:14,109 - INFO - Completed: 3, remaining: 57, RAYPy_Simulation_bessy2hi_37m_PGM_2Perc_coupling_errors_on_FLUX/round_3/2_bessy2hi_37m_PGM_2Perc_coupling_errors_on_FLUX.rml
2025-01-17 14:59:14,197 - INFO - Completed: 4, remaining: 56, RAYPy_Simulation_bessy2hi_37m_PGM_2Perc_coupling_errors_on_FLUX/round_3/5_bessy2hi_37m_PGM_2Perc_coupling_errors_on_FLUX.rml
2025-01-17 14:59:14,316 - INFO - Completed: 5, remaining: 55, RAYPy_Simulation_bessy2hi_37m_PGM_2Perc_coupling_errors_on_FLUX/round_3/6_bessy2hi_37m_PGM_2Perc_coupling_errors_on_FLUX.rml
2025-01-17 14:59:14,405 - INFO - Completed: 6, remaining: 54, RAYPy_Simulation_bessy2hi_37m_PGM_2Perc_coupling_errors_on_FLUX/round_3/8_bessy2hi_37m_PGM_2Perc_coupling_errors_on_FLUX.rml
2025-01-17 14:59:14,463 - INFO - Completed: 7, remaining: 53, RAYPy_Simulation_bessy2hi_37m_PGM_2Perc_coupling_errors_on_FLUX/round_3/4_bessy2hi_37m_PGM_2Perc_coupling_errors_on_FLUX.rml
2025-01-17 14:59:14,627 - INFO - Completed: 8, remaining: 52, RAYPy_Simulation_bessy2hi_37m_PGM_2Perc_coupling_errors_on_FLUX/round_3/3_bessy2hi_37m_PGM_2Perc_coupling_errors_on_FLUX.rml
2025-01-17 14:59:14,939 - INFO - Completed: 9, remaining: 51, RAYPy_Simulation_bessy2hi_37m_PGM_2Perc_coupling_errors_on_FLUX/round_2/18_bessy2hi_37m_PGM_2Perc_coupling_errors_on_FLUX.rml
2025-01-17 14:59:15,559 - INFO - Completed: 10, remaining: 50, RAYPy_Simulation_bessy2hi_37m_PGM_2Perc_coupling_errors_on_FLUX/round_2/19_bessy2hi_37m_PGM_2Perc_coupling_errors_on_FLUX.rml
2025-01-17 14:59:15,688 - INFO - Completed: 11, remaining: 49, RAYPy_Simulation_bessy2hi_37m_PGM_2Perc_coupling_errors_on_FLUX/round_3/7_bessy2hi_37m_PGM_2Perc_coupling_errors_on_FLUX.rml
2025-01-17 14:59:25,805 - INFO - Completed: 12, remaining: 48, RAYPy_Simulation_bessy2hi_37m_PGM_2Perc_coupling_errors_on_FLUX/round_3/9_bessy2hi_37m_PGM_2Perc_coupling_errors_on_FLUX.rml
2025-01-17 14:59:29,905 - INFO - Completed: 13, remaining: 47, RAYPy_Simulation_bessy2hi_37m_PGM_2Perc_coupling_errors_on_FLUX/round_3/10_bessy2hi_37m_PGM_2Perc_coupling_errors_on_FLUX.rml
2025-01-17 14:59:30,725 - INFO - Completed: 14, remaining: 46, RAYPy_Simulation_bessy2hi_37m_PGM_2Perc_coupling_errors_on_FLUX/round_3/11_bessy2hi_37m_PGM_2Perc_coupling_errors_on_FLUX.rml
2025-01-17 14:59:31,073 - INFO - Completed: 15, remaining: 45, RAYPy_Simulation_bessy2hi_37m_PGM_2Perc_coupling_errors_on_FLUX/round_3/13_bessy2hi_37m_PGM_2Perc_coupling_errors_on_FLUX.rml
2025-01-17 14:59:31,379 - INFO - Completed: 16, remaining: 44, RAYPy_Simulation_bessy2hi_37m_PGM_2Perc_coupling_errors_on_FLUX/round_3/16_bessy2hi_37m_PGM_2Perc_coupling_errors_on_FLUX.rml
2025-01-17 14:59:31,581 - INFO - Completed: 17, remaining: 43, RAYPy_Simulation_bessy2hi_37m_PGM_2Perc_coupling_errors_on_FLUX/round_3/15_bessy2hi_37m_PGM_2Perc_coupling_errors_on_FLUX.rml
2025-01-17 14:59:31,611 - INFO - Completed: 18, remaining: 42, RAYPy_Simulation_bessy2hi_37m_PGM_2Perc_coupling_errors_on_FLUX/round_3/12_bessy2hi_37m_PGM_2Perc_coupling_errors_on_FLUX.rml
2025-01-17 14:59:31,914 - INFO - Completed: 19, remaining: 41, RAYPy_Simulation_bessy2hi_37m_PGM_2Perc_coupling_errors_on_FLUX/round_3/17_bessy2hi_37m_PGM_2Perc_coupling_errors_on_FLUX.rml
2025-01-17 14:59:32,080 - INFO - Completed: 20, remaining: 40, RAYPy_Simulation_bessy2hi_37m_PGM_2Perc_coupling_errors_on_FLUX/round_3/19_bessy2hi_37m_PGM_2Perc_coupling_errors_on_FLUX.rml
2025-01-17 14:59:32,228 - INFO - Completed: 21, remaining: 39, RAYPy_Simulation_bessy2hi_37m_PGM_2Perc_coupling_errors_on_FLUX/round_3/18_bessy2hi_37m_PGM_2Perc_coupling_errors_on_FLUX.rml
2025-01-17 14:59:32,895 - INFO - Completed: 22, remaining: 38, RAYPy_Simulation_bessy2hi_37m_PGM_2Perc_coupling_errors_on_FLUX/round_3/14_bessy2hi_37m_PGM_2Perc_coupling_errors_on_FLUX.rml
2025-01-17 14:59:37,541 - INFO - Completed: 23, remaining: 37, RAYPy_Simulation_bessy2hi_37m_PGM_2Perc_coupling_errors_on_FLUX/round_3/20_bessy2hi_37m_PGM_2Perc_coupling_errors_on_FLUX.rml
2025-01-17 14:59:45,353 - INFO - Completed: 24, remaining: 36, RAYPy_Simulation_bessy2hi_37m_PGM_2Perc_coupling_errors_on_FLUX/round_4/0_bessy2hi_37m_PGM_2Perc_coupling_errors_on_FLUX.rml
2025-01-17 14:59:46,450 - INFO - Completed: 25, remaining: 35, RAYPy_Simulation_bessy2hi_37m_PGM_2Perc_coupling_errors_on_FLUX/round_4/1_bessy2hi_37m_PGM_2Perc_coupling_errors_on_FLUX.rml
2025-01-17 14:59:47,329 - INFO - Completed: 26, remaining: 34, RAYPy_Simulation_bessy2hi_37m_PGM_2Perc_coupling_errors_on_FLUX/round_4/2_bessy2hi_37m_PGM_2Perc_coupling_errors_on_FLUX.rml
2025-01-17 14:59:47,817 - INFO - Completed: 27, remaining: 33, RAYPy_Simulation_bessy2hi_37m_PGM_2Perc_coupling_errors_on_FLUX/round_4/3_bessy2hi_37m_PGM_2Perc_coupling_errors_on_FLUX.rml
2025-01-17 14:59:48,169 - INFO - Completed: 28, remaining: 32, RAYPy_Simulation_bessy2hi_37m_PGM_2Perc_coupling_errors_on_FLUX/round_4/4_bessy2hi_37m_PGM_2Perc_coupling_errors_on_FLUX.rml
2025-01-17 14:59:48,497 - INFO - Completed: 29, remaining: 31, RAYPy_Simulation_bessy2hi_37m_PGM_2Perc_coupling_errors_on_FLUX/round_4/6_bessy2hi_37m_PGM_2Perc_coupling_errors_on_FLUX.rml
2025-01-17 14:59:48,556 - INFO - Completed: 30, remaining: 30, RAYPy_Simulation_bessy2hi_37m_PGM_2Perc_coupling_errors_on_FLUX/round_4/5_bessy2hi_37m_PGM_2Perc_coupling_errors_on_FLUX.rml
2025-01-17 14:59:48,805 - INFO - Completed: 31, remaining: 29, RAYPy_Simulation_bessy2hi_37m_PGM_2Perc_coupling_errors_on_FLUX/round_4/7_bessy2hi_37m_PGM_2Perc_coupling_errors_on_FLUX.rml
2025-01-17 14:59:49,081 - INFO - Completed: 32, remaining: 28, RAYPy_Simulation_bessy2hi_37m_PGM_2Perc_coupling_errors_on_FLUX/round_4/8_bessy2hi_37m_PGM_2Perc_coupling_errors_on_FLUX.rml
2025-01-17 14:59:49,404 - INFO - Completed: 33, remaining: 27, RAYPy_Simulation_bessy2hi_37m_PGM_2Perc_coupling_errors_on_FLUX/round_4/9_bessy2hi_37m_PGM_2Perc_coupling_errors_on_FLUX.rml
2025-01-17 14:59:51,675 - INFO - Completed: 34, remaining: 26, RAYPy_Simulation_bessy2hi_37m_PGM_2Perc_coupling_errors_on_FLUX/round_4/10_bessy2hi_37m_PGM_2Perc_coupling_errors_on_FLUX.rml
2025-01-17 14:59:58,162 - INFO - Completed: 35, remaining: 25, RAYPy_Simulation_bessy2hi_37m_PGM_2Perc_coupling_errors_on_FLUX/round_4/11_bessy2hi_37m_PGM_2Perc_coupling_errors_on_FLUX.rml
2025-01-17 15:00:01,629 - INFO - Completed: 36, remaining: 24, RAYPy_Simulation_bessy2hi_37m_PGM_2Perc_coupling_errors_on_FLUX/round_4/12_bessy2hi_37m_PGM_2Perc_coupling_errors_on_FLUX.rml
2025-01-17 15:00:03,659 - INFO - Completed: 37, remaining: 23, RAYPy_Simulation_bessy2hi_37m_PGM_2Perc_coupling_errors_on_FLUX/round_4/13_bessy2hi_37m_PGM_2Perc_coupling_errors_on_FLUX.rml
2025-01-17 15:00:04,447 - INFO - Completed: 38, remaining: 22, RAYPy_Simulation_bessy2hi_37m_PGM_2Perc_coupling_errors_on_FLUX/round_4/14_bessy2hi_37m_PGM_2Perc_coupling_errors_on_FLUX.rml
2025-01-17 15:00:04,979 - INFO - Completed: 39, remaining: 21, RAYPy_Simulation_bessy2hi_37m_PGM_2Perc_coupling_errors_on_FLUX/round_4/15_bessy2hi_37m_PGM_2Perc_coupling_errors_on_FLUX.rml
2025-01-17 15:00:05,031 - INFO - Completed: 40, remaining: 20, RAYPy_Simulation_bessy2hi_37m_PGM_2Perc_coupling_errors_on_FLUX/round_4/17_bessy2hi_37m_PGM_2Perc_coupling_errors_on_FLUX.rml
2025-01-17 15:00:05,217 - INFO - Completed: 41, remaining: 19, RAYPy_Simulation_bessy2hi_37m_PGM_2Perc_coupling_errors_on_FLUX/round_4/16_bessy2hi_37m_PGM_2Perc_coupling_errors_on_FLUX.rml
2025-01-17 15:00:05,366 - INFO - Completed: 42, remaining: 18, RAYPy_Simulation_bessy2hi_37m_PGM_2Perc_coupling_errors_on_FLUX/round_4/18_bessy2hi_37m_PGM_2Perc_coupling_errors_on_FLUX.rml
2025-01-17 15:00:05,882 - INFO - Completed: 43, remaining: 17, RAYPy_Simulation_bessy2hi_37m_PGM_2Perc_coupling_errors_on_FLUX/round_4/19_bessy2hi_37m_PGM_2Perc_coupling_errors_on_FLUX.rml
2025-01-17 15:00:06,600 - INFO - Completed: 44, remaining: 16, RAYPy_Simulation_bessy2hi_37m_PGM_2Perc_coupling_errors_on_FLUX/round_4/20_bessy2hi_37m_PGM_2Perc_coupling_errors_on_FLUX.rml
2025-01-17 15:00:07,732 - INFO - Completed: 45, remaining: 15, RAYPy_Simulation_bessy2hi_37m_PGM_2Perc_coupling_errors_on_FLUX/round_5/0_bessy2hi_37m_PGM_2Perc_coupling_errors_on_FLUX.rml
2025-01-17 15:00:12,855 - INFO - Completed: 46, remaining: 14, RAYPy_Simulation_bessy2hi_37m_PGM_2Perc_coupling_errors_on_FLUX/round_5/1_bessy2hi_37m_PGM_2Perc_coupling_errors_on_FLUX.rml
2025-01-17 15:00:15,933 - INFO - Completed: 47, remaining: 13, RAYPy_Simulation_bessy2hi_37m_PGM_2Perc_coupling_errors_on_FLUX/round_5/2_bessy2hi_37m_PGM_2Perc_coupling_errors_on_FLUX.rml
2025-01-17 15:00:18,117 - INFO - Completed: 48, remaining: 12, RAYPy_Simulation_bessy2hi_37m_PGM_2Perc_coupling_errors_on_FLUX/round_5/3_bessy2hi_37m_PGM_2Perc_coupling_errors_on_FLUX.rml
2025-01-17 15:00:20,021 - INFO - Completed: 49, remaining: 11, RAYPy_Simulation_bessy2hi_37m_PGM_2Perc_coupling_errors_on_FLUX/round_5/4_bessy2hi_37m_PGM_2Perc_coupling_errors_on_FLUX.rml
2025-01-17 15:00:21,125 - INFO - Completed: 50, remaining: 10, RAYPy_Simulation_bessy2hi_37m_PGM_2Perc_coupling_errors_on_FLUX/round_5/6_bessy2hi_37m_PGM_2Perc_coupling_errors_on_FLUX.rml
2025-01-17 15:00:21,438 - INFO - Completed: 51, remaining: 9, RAYPy_Simulation_bessy2hi_37m_PGM_2Perc_coupling_errors_on_FLUX/round_5/8_bessy2hi_37m_PGM_2Perc_coupling_errors_on_FLUX.rml
2025-01-17 15:00:21,545 - INFO - Completed: 52, remaining: 8, RAYPy_Simulation_bessy2hi_37m_PGM_2Perc_coupling_errors_on_FLUX/round_5/5_bessy2hi_37m_PGM_2Perc_coupling_errors_on_FLUX.rml
2025-01-17 15:00:21,568 - INFO - Completed: 53, remaining: 7, RAYPy_Simulation_bessy2hi_37m_PGM_2Perc_coupling_errors_on_FLUX/round_5/7_bessy2hi_37m_PGM_2Perc_coupling_errors_on_FLUX.rml
2025-01-17 15:00:21,873 - INFO - Completed: 54, remaining: 6, RAYPy_Simulation_bessy2hi_37m_PGM_2Perc_coupling_errors_on_FLUX/round_5/9_bessy2hi_37m_PGM_2Perc_coupling_errors_on_FLUX.rml
2025-01-17 15:00:22,170 - INFO - Completed: 55, remaining: 5, RAYPy_Simulation_bessy2hi_37m_PGM_2Perc_coupling_errors_on_FLUX/round_5/10_bessy2hi_37m_PGM_2Perc_coupling_errors_on_FLUX.rml
2025-01-17 15:00:22,706 - INFO - Completed: 56, remaining: 4, RAYPy_Simulation_bessy2hi_37m_PGM_2Perc_coupling_errors_on_FLUX/round_5/11_bessy2hi_37m_PGM_2Perc_coupling_errors_on_FLUX.rml
2025-01-17 15:00:24,148 - INFO - Completed: 57, remaining: 3, RAYPy_Simulation_bessy2hi_37m_PGM_2Perc_coupling_errors_on_FLUX/round_5/12_bessy2hi_37m_PGM_2Perc_coupling_errors_on_FLUX.rml
2025-01-17 15:00:24,963 - INFO - Completed: 58, remaining: 2, RAYPy_Simulation_bessy2hi_37m_PGM_2Perc_coupling_errors_on_FLUX/round_5/13_bessy2hi_37m_PGM_2Perc_coupling_errors_on_FLUX.rml
2025-01-17 15:00:25,513 - INFO - Completed: 59, remaining: 1, RAYPy_Simulation_bessy2hi_37m_PGM_2Perc_coupling_errors_on_FLUX/round_5/14_bessy2hi_37m_PGM_2Perc_coupling_errors_on_FLUX.rml
2025-01-17 15:00:38,486 - INFO - Exception during simulation: 1 (of 60) futures unfinished
2025-01-17 15:00:43,495 - INFO - Waiting for file RAYPy_Simulation_bessy2hi_37m_PGM_2Perc_coupling_errors_on_FLUX/round_3/0_bessy2hi_37m_PGM_2Perc_coupling_errors_on_FLUX.rml, wait_time 19.366566043347124
2025-01-17 15:00:48,501 - INFO - Waiting for file RAYPy_Simulation_bessy2hi_37m_PGM_2Perc_coupling_errors_on_FLUX/round_3/0_bessy2hi_37m_PGM_2Perc_coupling_errors_on_FLUX.rml, wait_time 14.366566043347124
2025-01-17 15:00:53,509 - INFO - Waiting for file RAYPy_Simulation_bessy2hi_37m_PGM_2Perc_coupling_errors_on_FLUX/round_3/0_bessy2hi_37m_PGM_2Perc_coupling_errors_on_FLUX.rml, wait_time 9.366566043347124
2025-01-17 15:00:58,510 - INFO - Waiting for file RAYPy_Simulation_bessy2hi_37m_PGM_2Perc_coupling_errors_on_FLUX/round_3/0_bessy2hi_37m_PGM_2Perc_coupling_errors_on_FLUX.rml, wait_time 4.366566043347124
2025-01-17 15:01:03,512 - INFO - Waiting for file RAYPy_Simulation_bessy2hi_37m_PGM_2Perc_coupling_errors_on_FLUX/round_3/0_bessy2hi_37m_PGM_2Perc_coupling_errors_on_FLUX.rml, wait_time -0.6334339566528762
2025-01-17 15:01:03,536 - INFO - Found most simulations of the batch, futures missed at least 1 simulations
2025-01-17 15:01:03,536 - INFO - Updated progress bar
2025-01-17 15:01:03,536 - INFO - Batch Completed
2025-01-17 15:01:03,537 - INFO - Waiting For batch, 60 simulations to go
2025-01-17 15:01:03,540 - INFO - Prepared sim number: 15: RAYPy_Simulation_bessy2hi_37m_PGM_2Perc_coupling_errors_on_FLUX/round_5/15_bessy2hi_37m_PGM_2Perc_coupling_errors_on_FLUX.rml
2025-01-17 15:01:03,545 - INFO - Prepared sim number: 16: RAYPy_Simulation_bessy2hi_37m_PGM_2Perc_coupling_errors_on_FLUX/round_5/16_bessy2hi_37m_PGM_2Perc_coupling_errors_on_FLUX.rml
2025-01-17 15:01:03,549 - INFO - Prepared sim number: 17: RAYPy_Simulation_bessy2hi_37m_PGM_2Perc_coupling_errors_on_FLUX/round_5/17_bessy2hi_37m_PGM_2Perc_coupling_errors_on_FLUX.rml
2025-01-17 15:01:03,553 - INFO - Prepared sim number: 18: RAYPy_Simulation_bessy2hi_37m_PGM_2Perc_coupling_errors_on_FLUX/round_5/18_bessy2hi_37m_PGM_2Perc_coupling_errors_on_FLUX.rml
2025-01-17 15:01:03,560 - INFO - Prepared sim number: 19: RAYPy_Simulation_bessy2hi_37m_PGM_2Perc_coupling_errors_on_FLUX/round_5/19_bessy2hi_37m_PGM_2Perc_coupling_errors_on_FLUX.rml
2025-01-17 15:01:03,565 - INFO - Prepared sim number: 20: RAYPy_Simulation_bessy2hi_37m_PGM_2Perc_coupling_errors_on_FLUX/round_5/20_bessy2hi_37m_PGM_2Perc_coupling_errors_on_FLUX.rml
2025-01-17 15:01:03,566 - INFO - Start round 6
2025-01-17 15:01:03,573 - INFO - Prepared sim number: 0: RAYPy_Simulation_bessy2hi_37m_PGM_2Perc_coupling_errors_on_FLUX/round_6/0_bessy2hi_37m_PGM_2Perc_coupling_errors_on_FLUX.rml
2025-01-17 15:01:03,577 - INFO - Prepared sim number: 1: RAYPy_Simulation_bessy2hi_37m_PGM_2Perc_coupling_errors_on_FLUX/round_6/1_bessy2hi_37m_PGM_2Perc_coupling_errors_on_FLUX.rml
2025-01-17 15:01:03,582 - INFO - Prepared sim number: 2: RAYPy_Simulation_bessy2hi_37m_PGM_2Perc_coupling_errors_on_FLUX/round_6/2_bessy2hi_37m_PGM_2Perc_coupling_errors_on_FLUX.rml
2025-01-17 15:01:03,587 - INFO - Prepared sim number: 3: RAYPy_Simulation_bessy2hi_37m_PGM_2Perc_coupling_errors_on_FLUX/round_6/3_bessy2hi_37m_PGM_2Perc_coupling_errors_on_FLUX.rml
2025-01-17 15:01:03,590 - INFO - Prepared sim number: 4: RAYPy_Simulation_bessy2hi_37m_PGM_2Perc_coupling_errors_on_FLUX/round_6/4_bessy2hi_37m_PGM_2Perc_coupling_errors_on_FLUX.rml
2025-01-17 15:01:03,594 - INFO - Prepared sim number: 5: RAYPy_Simulation_bessy2hi_37m_PGM_2Perc_coupling_errors_on_FLUX/round_6/5_bessy2hi_37m_PGM_2Perc_coupling_errors_on_FLUX.rml
2025-01-17 15:01:03,597 - INFO - Prepared sim number: 6: RAYPy_Simulation_bessy2hi_37m_PGM_2Perc_coupling_errors_on_FLUX/round_6/6_bessy2hi_37m_PGM_2Perc_coupling_errors_on_FLUX.rml
2025-01-17 15:01:03,601 - INFO - Prepared sim number: 7: RAYPy_Simulation_bessy2hi_37m_PGM_2Perc_coupling_errors_on_FLUX/round_6/7_bessy2hi_37m_PGM_2Perc_coupling_errors_on_FLUX.rml
2025-01-17 15:01:03,604 - INFO - Prepared sim number: 8: RAYPy_Simulation_bessy2hi_37m_PGM_2Perc_coupling_errors_on_FLUX/round_6/8_bessy2hi_37m_PGM_2Perc_coupling_errors_on_FLUX.rml
2025-01-17 15:01:03,607 - INFO - Prepared sim number: 9: RAYPy_Simulation_bessy2hi_37m_PGM_2Perc_coupling_errors_on_FLUX/round_6/9_bessy2hi_37m_PGM_2Perc_coupling_errors_on_FLUX.rml
2025-01-17 15:01:03,610 - INFO - Prepared sim number: 10: RAYPy_Simulation_bessy2hi_37m_PGM_2Perc_coupling_errors_on_FLUX/round_6/10_bessy2hi_37m_PGM_2Perc_coupling_errors_on_FLUX.rml
2025-01-17 15:01:03,614 - INFO - Prepared sim number: 11: RAYPy_Simulation_bessy2hi_37m_PGM_2Perc_coupling_errors_on_FLUX/round_6/11_bessy2hi_37m_PGM_2Perc_coupling_errors_on_FLUX.rml
2025-01-17 15:01:03,618 - INFO - Prepared sim number: 12: RAYPy_Simulation_bessy2hi_37m_PGM_2Perc_coupling_errors_on_FLUX/round_6/12_bessy2hi_37m_PGM_2Perc_coupling_errors_on_FLUX.rml
2025-01-17 15:01:03,621 - INFO - Prepared sim number: 13: RAYPy_Simulation_bessy2hi_37m_PGM_2Perc_coupling_errors_on_FLUX/round_6/13_bessy2hi_37m_PGM_2Perc_coupling_errors_on_FLUX.rml
2025-01-17 15:01:03,624 - INFO - Prepared sim number: 14: RAYPy_Simulation_bessy2hi_37m_PGM_2Perc_coupling_errors_on_FLUX/round_6/14_bessy2hi_37m_PGM_2Perc_coupling_errors_on_FLUX.rml
2025-01-17 15:01:03,628 - INFO - Prepared sim number: 15: RAYPy_Simulation_bessy2hi_37m_PGM_2Perc_coupling_errors_on_FLUX/round_6/15_bessy2hi_37m_PGM_2Perc_coupling_errors_on_FLUX.rml
2025-01-17 15:01:03,632 - INFO - Prepared sim number: 16: RAYPy_Simulation_bessy2hi_37m_PGM_2Perc_coupling_errors_on_FLUX/round_6/16_bessy2hi_37m_PGM_2Perc_coupling_errors_on_FLUX.rml
2025-01-17 15:01:03,635 - INFO - Prepared sim number: 17: RAYPy_Simulation_bessy2hi_37m_PGM_2Perc_coupling_errors_on_FLUX/round_6/17_bessy2hi_37m_PGM_2Perc_coupling_errors_on_FLUX.rml
2025-01-17 15:01:03,639 - INFO - Prepared sim number: 18: RAYPy_Simulation_bessy2hi_37m_PGM_2Perc_coupling_errors_on_FLUX/round_6/18_bessy2hi_37m_PGM_2Perc_coupling_errors_on_FLUX.rml
2025-01-17 15:01:03,642 - INFO - Prepared sim number: 19: RAYPy_Simulation_bessy2hi_37m_PGM_2Perc_coupling_errors_on_FLUX/round_6/19_bessy2hi_37m_PGM_2Perc_coupling_errors_on_FLUX.rml
2025-01-17 15:01:03,646 - INFO - Prepared sim number: 20: RAYPy_Simulation_bessy2hi_37m_PGM_2Perc_coupling_errors_on_FLUX/round_6/20_bessy2hi_37m_PGM_2Perc_coupling_errors_on_FLUX.rml
2025-01-17 15:01:03,646 - INFO - Start round 7
2025-01-17 15:01:03,650 - INFO - Prepared sim number: 0: RAYPy_Simulation_bessy2hi_37m_PGM_2Perc_coupling_errors_on_FLUX/round_7/0_bessy2hi_37m_PGM_2Perc_coupling_errors_on_FLUX.rml
2025-01-17 15:01:03,653 - INFO - Prepared sim number: 1: RAYPy_Simulation_bessy2hi_37m_PGM_2Perc_coupling_errors_on_FLUX/round_7/1_bessy2hi_37m_PGM_2Perc_coupling_errors_on_FLUX.rml
2025-01-17 15:01:03,657 - INFO - Prepared sim number: 2: RAYPy_Simulation_bessy2hi_37m_PGM_2Perc_coupling_errors_on_FLUX/round_7/2_bessy2hi_37m_PGM_2Perc_coupling_errors_on_FLUX.rml
2025-01-17 15:01:03,660 - INFO - Prepared sim number: 3: RAYPy_Simulation_bessy2hi_37m_PGM_2Perc_coupling_errors_on_FLUX/round_7/3_bessy2hi_37m_PGM_2Perc_coupling_errors_on_FLUX.rml
2025-01-17 15:01:03,665 - INFO - Prepared sim number: 4: RAYPy_Simulation_bessy2hi_37m_PGM_2Perc_coupling_errors_on_FLUX/round_7/4_bessy2hi_37m_PGM_2Perc_coupling_errors_on_FLUX.rml
2025-01-17 15:01:03,669 - INFO - Prepared sim number: 5: RAYPy_Simulation_bessy2hi_37m_PGM_2Perc_coupling_errors_on_FLUX/round_7/5_bessy2hi_37m_PGM_2Perc_coupling_errors_on_FLUX.rml
2025-01-17 15:01:03,672 - INFO - Prepared sim number: 6: RAYPy_Simulation_bessy2hi_37m_PGM_2Perc_coupling_errors_on_FLUX/round_7/6_bessy2hi_37m_PGM_2Perc_coupling_errors_on_FLUX.rml
2025-01-17 15:01:03,675 - INFO - Prepared sim number: 7: RAYPy_Simulation_bessy2hi_37m_PGM_2Perc_coupling_errors_on_FLUX/round_7/7_bessy2hi_37m_PGM_2Perc_coupling_errors_on_FLUX.rml
2025-01-17 15:01:03,679 - INFO - Prepared sim number: 8: RAYPy_Simulation_bessy2hi_37m_PGM_2Perc_coupling_errors_on_FLUX/round_7/8_bessy2hi_37m_PGM_2Perc_coupling_errors_on_FLUX.rml
2025-01-17 15:01:03,683 - INFO - Prepared sim number: 9: RAYPy_Simulation_bessy2hi_37m_PGM_2Perc_coupling_errors_on_FLUX/round_7/9_bessy2hi_37m_PGM_2Perc_coupling_errors_on_FLUX.rml
2025-01-17 15:01:03,686 - INFO - Prepared sim number: 10: RAYPy_Simulation_bessy2hi_37m_PGM_2Perc_coupling_errors_on_FLUX/round_7/10_bessy2hi_37m_PGM_2Perc_coupling_errors_on_FLUX.rml
2025-01-17 15:01:03,690 - INFO - Prepared sim number: 11: RAYPy_Simulation_bessy2hi_37m_PGM_2Perc_coupling_errors_on_FLUX/round_7/11_bessy2hi_37m_PGM_2Perc_coupling_errors_on_FLUX.rml
2025-01-17 15:01:03,693 - INFO - Prepared sim number: 12: RAYPy_Simulation_bessy2hi_37m_PGM_2Perc_coupling_errors_on_FLUX/round_7/12_bessy2hi_37m_PGM_2Perc_coupling_errors_on_FLUX.rml
2025-01-17 15:01:03,697 - INFO - Prepared sim number: 13: RAYPy_Simulation_bessy2hi_37m_PGM_2Perc_coupling_errors_on_FLUX/round_7/13_bessy2hi_37m_PGM_2Perc_coupling_errors_on_FLUX.rml
2025-01-17 15:01:03,701 - INFO - Prepared sim number: 14: RAYPy_Simulation_bessy2hi_37m_PGM_2Perc_coupling_errors_on_FLUX/round_7/14_bessy2hi_37m_PGM_2Perc_coupling_errors_on_FLUX.rml
2025-01-17 15:01:03,704 - INFO - Prepared sim number: 15: RAYPy_Simulation_bessy2hi_37m_PGM_2Perc_coupling_errors_on_FLUX/round_7/15_bessy2hi_37m_PGM_2Perc_coupling_errors_on_FLUX.rml
2025-01-17 15:01:03,708 - INFO - Prepared sim number: 16: RAYPy_Simulation_bessy2hi_37m_PGM_2Perc_coupling_errors_on_FLUX/round_7/16_bessy2hi_37m_PGM_2Perc_coupling_errors_on_FLUX.rml
2025-01-17 15:01:03,712 - INFO - Prepared sim number: 17: RAYPy_Simulation_bessy2hi_37m_PGM_2Perc_coupling_errors_on_FLUX/round_7/17_bessy2hi_37m_PGM_2Perc_coupling_errors_on_FLUX.rml
2025-01-17 15:01:03,716 - INFO - Prepared sim number: 18: RAYPy_Simulation_bessy2hi_37m_PGM_2Perc_coupling_errors_on_FLUX/round_7/18_bessy2hi_37m_PGM_2Perc_coupling_errors_on_FLUX.rml
2025-01-17 15:01:03,719 - INFO - Prepared sim number: 19: RAYPy_Simulation_bessy2hi_37m_PGM_2Perc_coupling_errors_on_FLUX/round_7/19_bessy2hi_37m_PGM_2Perc_coupling_errors_on_FLUX.rml
2025-01-17 15:01:03,723 - INFO - Prepared sim number: 20: RAYPy_Simulation_bessy2hi_37m_PGM_2Perc_coupling_errors_on_FLUX/round_7/20_bessy2hi_37m_PGM_2Perc_coupling_errors_on_FLUX.rml
2025-01-17 15:01:03,724 - INFO - Start round 8
2025-01-17 15:01:03,727 - INFO - Prepared sim number: 0: RAYPy_Simulation_bessy2hi_37m_PGM_2Perc_coupling_errors_on_FLUX/round_8/0_bessy2hi_37m_PGM_2Perc_coupling_errors_on_FLUX.rml
2025-01-17 15:01:03,731 - INFO - Prepared sim number: 1: RAYPy_Simulation_bessy2hi_37m_PGM_2Perc_coupling_errors_on_FLUX/round_8/1_bessy2hi_37m_PGM_2Perc_coupling_errors_on_FLUX.rml
2025-01-17 15:01:03,735 - INFO - Prepared sim number: 2: RAYPy_Simulation_bessy2hi_37m_PGM_2Perc_coupling_errors_on_FLUX/round_8/2_bessy2hi_37m_PGM_2Perc_coupling_errors_on_FLUX.rml
2025-01-17 15:01:03,740 - INFO - Prepared sim number: 3: RAYPy_Simulation_bessy2hi_37m_PGM_2Perc_coupling_errors_on_FLUX/round_8/3_bessy2hi_37m_PGM_2Perc_coupling_errors_on_FLUX.rml
2025-01-17 15:01:03,745 - INFO - Prepared sim number: 4: RAYPy_Simulation_bessy2hi_37m_PGM_2Perc_coupling_errors_on_FLUX/round_8/4_bessy2hi_37m_PGM_2Perc_coupling_errors_on_FLUX.rml
2025-01-17 15:01:03,748 - INFO - Prepared sim number: 5: RAYPy_Simulation_bessy2hi_37m_PGM_2Perc_coupling_errors_on_FLUX/round_8/5_bessy2hi_37m_PGM_2Perc_coupling_errors_on_FLUX.rml
2025-01-17 15:01:03,753 - INFO - Prepared sim number: 6: RAYPy_Simulation_bessy2hi_37m_PGM_2Perc_coupling_errors_on_FLUX/round_8/6_bessy2hi_37m_PGM_2Perc_coupling_errors_on_FLUX.rml
2025-01-17 15:01:03,758 - INFO - Prepared sim number: 7: RAYPy_Simulation_bessy2hi_37m_PGM_2Perc_coupling_errors_on_FLUX/round_8/7_bessy2hi_37m_PGM_2Perc_coupling_errors_on_FLUX.rml
2025-01-17 15:01:03,762 - INFO - Prepared sim number: 8: RAYPy_Simulation_bessy2hi_37m_PGM_2Perc_coupling_errors_on_FLUX/round_8/8_bessy2hi_37m_PGM_2Perc_coupling_errors_on_FLUX.rml
2025-01-17 15:01:03,766 - INFO - Prepared sim number: 9: RAYPy_Simulation_bessy2hi_37m_PGM_2Perc_coupling_errors_on_FLUX/round_8/9_bessy2hi_37m_PGM_2Perc_coupling_errors_on_FLUX.rml
2025-01-17 15:01:03,770 - INFO - Prepared sim number: 10: RAYPy_Simulation_bessy2hi_37m_PGM_2Perc_coupling_errors_on_FLUX/round_8/10_bessy2hi_37m_PGM_2Perc_coupling_errors_on_FLUX.rml
2025-01-17 15:01:03,774 - INFO - Prepared sim number: 11: RAYPy_Simulation_bessy2hi_37m_PGM_2Perc_coupling_errors_on_FLUX/round_8/11_bessy2hi_37m_PGM_2Perc_coupling_errors_on_FLUX.rml
2025-01-17 15:01:03,775 - INFO - Waiting for batch number: 2, timeout: 97.4662641733885s
2025-01-17 15:01:17,611 - INFO - Completed: 1, remaining: 59, RAYPy_Simulation_bessy2hi_37m_PGM_2Perc_coupling_errors_on_FLUX/round_5/19_bessy2hi_37m_PGM_2Perc_coupling_errors_on_FLUX.rml
2025-01-17 15:01:17,748 - INFO - Completed: 2, remaining: 58, RAYPy_Simulation_bessy2hi_37m_PGM_2Perc_coupling_errors_on_FLUX/round_6/2_bessy2hi_37m_PGM_2Perc_coupling_errors_on_FLUX.rml
2025-01-17 15:01:17,766 - INFO - Completed: 3, remaining: 57, RAYPy_Simulation_bessy2hi_37m_PGM_2Perc_coupling_errors_on_FLUX/round_5/18_bessy2hi_37m_PGM_2Perc_coupling_errors_on_FLUX.rml
2025-01-17 15:01:17,851 - INFO - Completed: 4, remaining: 56, RAYPy_Simulation_bessy2hi_37m_PGM_2Perc_coupling_errors_on_FLUX/round_5/17_bessy2hi_37m_PGM_2Perc_coupling_errors_on_FLUX.rml
2025-01-17 15:01:18,384 - INFO - Completed: 5, remaining: 55, RAYPy_Simulation_bessy2hi_37m_PGM_2Perc_coupling_errors_on_FLUX/round_6/3_bessy2hi_37m_PGM_2Perc_coupling_errors_on_FLUX.rml
2025-01-17 15:01:20,177 - INFO - Completed: 6, remaining: 54, RAYPy_Simulation_bessy2hi_37m_PGM_2Perc_coupling_errors_on_FLUX/round_5/20_bessy2hi_37m_PGM_2Perc_coupling_errors_on_FLUX.rml
2025-01-17 15:01:20,643 - INFO - Completed: 7, remaining: 53, RAYPy_Simulation_bessy2hi_37m_PGM_2Perc_coupling_errors_on_FLUX/round_6/1_bessy2hi_37m_PGM_2Perc_coupling_errors_on_FLUX.rml
2025-01-17 15:01:20,851 - INFO - Completed: 8, remaining: 52, RAYPy_Simulation_bessy2hi_37m_PGM_2Perc_coupling_errors_on_FLUX/round_6/4_bessy2hi_37m_PGM_2Perc_coupling_errors_on_FLUX.rml
2025-01-17 15:01:20,894 - INFO - Completed: 9, remaining: 51, RAYPy_Simulation_bessy2hi_37m_PGM_2Perc_coupling_errors_on_FLUX/round_5/16_bessy2hi_37m_PGM_2Perc_coupling_errors_on_FLUX.rml
2025-01-17 15:01:21,062 - INFO - Completed: 10, remaining: 50, RAYPy_Simulation_bessy2hi_37m_PGM_2Perc_coupling_errors_on_FLUX/round_6/0_bessy2hi_37m_PGM_2Perc_coupling_errors_on_FLUX.rml
2025-01-17 15:01:22,242 - INFO - Completed: 11, remaining: 49, RAYPy_Simulation_bessy2hi_37m_PGM_2Perc_coupling_errors_on_FLUX/round_5/15_bessy2hi_37m_PGM_2Perc_coupling_errors_on_FLUX.rml
2025-01-17 15:01:31,766 - INFO - Completed: 12, remaining: 48, RAYPy_Simulation_bessy2hi_37m_PGM_2Perc_coupling_errors_on_FLUX/round_6/5_bessy2hi_37m_PGM_2Perc_coupling_errors_on_FLUX.rml
2025-01-17 15:01:32,038 - INFO - Completed: 13, remaining: 47, RAYPy_Simulation_bessy2hi_37m_PGM_2Perc_coupling_errors_on_FLUX/round_6/7_bessy2hi_37m_PGM_2Perc_coupling_errors_on_FLUX.rml
2025-01-17 15:01:32,142 - INFO - Completed: 14, remaining: 46, RAYPy_Simulation_bessy2hi_37m_PGM_2Perc_coupling_errors_on_FLUX/round_6/6_bessy2hi_37m_PGM_2Perc_coupling_errors_on_FLUX.rml
2025-01-17 15:01:32,191 - INFO - Completed: 15, remaining: 45, RAYPy_Simulation_bessy2hi_37m_PGM_2Perc_coupling_errors_on_FLUX/round_6/8_bessy2hi_37m_PGM_2Perc_coupling_errors_on_FLUX.rml
2025-01-17 15:01:35,272 - INFO - Completed: 16, remaining: 44, RAYPy_Simulation_bessy2hi_37m_PGM_2Perc_coupling_errors_on_FLUX/round_6/9_bessy2hi_37m_PGM_2Perc_coupling_errors_on_FLUX.rml
2025-01-17 15:01:36,019 - INFO - Completed: 17, remaining: 43, RAYPy_Simulation_bessy2hi_37m_PGM_2Perc_coupling_errors_on_FLUX/round_6/10_bessy2hi_37m_PGM_2Perc_coupling_errors_on_FLUX.rml
2025-01-17 15:01:36,589 - INFO - Completed: 18, remaining: 42, RAYPy_Simulation_bessy2hi_37m_PGM_2Perc_coupling_errors_on_FLUX/round_6/11_bessy2hi_37m_PGM_2Perc_coupling_errors_on_FLUX.rml
2025-01-17 15:01:36,740 - INFO - Completed: 19, remaining: 41, RAYPy_Simulation_bessy2hi_37m_PGM_2Perc_coupling_errors_on_FLUX/round_6/12_bessy2hi_37m_PGM_2Perc_coupling_errors_on_FLUX.rml
2025-01-17 15:01:36,911 - INFO - Completed: 20, remaining: 40, RAYPy_Simulation_bessy2hi_37m_PGM_2Perc_coupling_errors_on_FLUX/round_6/14_bessy2hi_37m_PGM_2Perc_coupling_errors_on_FLUX.rml
2025-01-17 15:01:36,948 - INFO - Completed: 21, remaining: 39, RAYPy_Simulation_bessy2hi_37m_PGM_2Perc_coupling_errors_on_FLUX/round_6/13_bessy2hi_37m_PGM_2Perc_coupling_errors_on_FLUX.rml
2025-01-17 15:01:38,064 - INFO - Completed: 22, remaining: 38, RAYPy_Simulation_bessy2hi_37m_PGM_2Perc_coupling_errors_on_FLUX/round_6/15_bessy2hi_37m_PGM_2Perc_coupling_errors_on_FLUX.rml
2025-01-17 15:01:47,001 - INFO - Completed: 23, remaining: 37, RAYPy_Simulation_bessy2hi_37m_PGM_2Perc_coupling_errors_on_FLUX/round_6/18_bessy2hi_37m_PGM_2Perc_coupling_errors_on_FLUX.rml
2025-01-17 15:01:47,019 - INFO - Completed: 24, remaining: 36, RAYPy_Simulation_bessy2hi_37m_PGM_2Perc_coupling_errors_on_FLUX/round_6/16_bessy2hi_37m_PGM_2Perc_coupling_errors_on_FLUX.rml
2025-01-17 15:01:47,250 - INFO - Completed: 25, remaining: 35, RAYPy_Simulation_bessy2hi_37m_PGM_2Perc_coupling_errors_on_FLUX/round_6/19_bessy2hi_37m_PGM_2Perc_coupling_errors_on_FLUX.rml
2025-01-17 15:01:47,676 - INFO - Completed: 26, remaining: 34, RAYPy_Simulation_bessy2hi_37m_PGM_2Perc_coupling_errors_on_FLUX/round_6/17_bessy2hi_37m_PGM_2Perc_coupling_errors_on_FLUX.rml
2025-01-17 15:01:50,074 - INFO - Completed: 27, remaining: 33, RAYPy_Simulation_bessy2hi_37m_PGM_2Perc_coupling_errors_on_FLUX/round_6/20_bessy2hi_37m_PGM_2Perc_coupling_errors_on_FLUX.rml
2025-01-17 15:01:51,889 - INFO - Completed: 28, remaining: 32, RAYPy_Simulation_bessy2hi_37m_PGM_2Perc_coupling_errors_on_FLUX/round_7/0_bessy2hi_37m_PGM_2Perc_coupling_errors_on_FLUX.rml
2025-01-17 15:01:52,350 - INFO - Completed: 29, remaining: 31, RAYPy_Simulation_bessy2hi_37m_PGM_2Perc_coupling_errors_on_FLUX/round_7/1_bessy2hi_37m_PGM_2Perc_coupling_errors_on_FLUX.rml
2025-01-17 15:01:52,618 - INFO - Completed: 30, remaining: 30, RAYPy_Simulation_bessy2hi_37m_PGM_2Perc_coupling_errors_on_FLUX/round_7/3_bessy2hi_37m_PGM_2Perc_coupling_errors_on_FLUX.rml
2025-01-17 15:01:52,725 - INFO - Completed: 31, remaining: 29, RAYPy_Simulation_bessy2hi_37m_PGM_2Perc_coupling_errors_on_FLUX/round_7/2_bessy2hi_37m_PGM_2Perc_coupling_errors_on_FLUX.rml
2025-01-17 15:01:53,055 - INFO - Completed: 32, remaining: 28, RAYPy_Simulation_bessy2hi_37m_PGM_2Perc_coupling_errors_on_FLUX/round_7/4_bessy2hi_37m_PGM_2Perc_coupling_errors_on_FLUX.rml
2025-01-17 15:01:53,605 - INFO - Completed: 33, remaining: 27, RAYPy_Simulation_bessy2hi_37m_PGM_2Perc_coupling_errors_on_FLUX/round_7/5_bessy2hi_37m_PGM_2Perc_coupling_errors_on_FLUX.rml
2025-01-17 15:02:02,099 - INFO - Completed: 34, remaining: 26, RAYPy_Simulation_bessy2hi_37m_PGM_2Perc_coupling_errors_on_FLUX/round_7/7_bessy2hi_37m_PGM_2Perc_coupling_errors_on_FLUX.rml
2025-01-17 15:02:02,168 - INFO - Completed: 35, remaining: 25, RAYPy_Simulation_bessy2hi_37m_PGM_2Perc_coupling_errors_on_FLUX/round_7/6_bessy2hi_37m_PGM_2Perc_coupling_errors_on_FLUX.rml
2025-01-17 15:02:02,302 - INFO - Completed: 36, remaining: 24, RAYPy_Simulation_bessy2hi_37m_PGM_2Perc_coupling_errors_on_FLUX/round_7/8_bessy2hi_37m_PGM_2Perc_coupling_errors_on_FLUX.rml
2025-01-17 15:02:02,804 - INFO - Completed: 37, remaining: 23, RAYPy_Simulation_bessy2hi_37m_PGM_2Perc_coupling_errors_on_FLUX/round_7/9_bessy2hi_37m_PGM_2Perc_coupling_errors_on_FLUX.rml
2025-01-17 15:02:05,665 - INFO - Completed: 38, remaining: 22, RAYPy_Simulation_bessy2hi_37m_PGM_2Perc_coupling_errors_on_FLUX/round_7/10_bessy2hi_37m_PGM_2Perc_coupling_errors_on_FLUX.rml
2025-01-17 15:02:08,018 - INFO - Completed: 39, remaining: 21, RAYPy_Simulation_bessy2hi_37m_PGM_2Perc_coupling_errors_on_FLUX/round_7/11_bessy2hi_37m_PGM_2Perc_coupling_errors_on_FLUX.rml
2025-01-17 15:02:08,523 - INFO - Completed: 40, remaining: 20, RAYPy_Simulation_bessy2hi_37m_PGM_2Perc_coupling_errors_on_FLUX/round_7/12_bessy2hi_37m_PGM_2Perc_coupling_errors_on_FLUX.rml
2025-01-17 15:02:08,840 - INFO - Completed: 41, remaining: 19, RAYPy_Simulation_bessy2hi_37m_PGM_2Perc_coupling_errors_on_FLUX/round_7/13_bessy2hi_37m_PGM_2Perc_coupling_errors_on_FLUX.rml
2025-01-17 15:02:08,991 - INFO - Completed: 42, remaining: 18, RAYPy_Simulation_bessy2hi_37m_PGM_2Perc_coupling_errors_on_FLUX/round_7/14_bessy2hi_37m_PGM_2Perc_coupling_errors_on_FLUX.rml
2025-01-17 15:02:09,316 - INFO - Completed: 43, remaining: 17, RAYPy_Simulation_bessy2hi_37m_PGM_2Perc_coupling_errors_on_FLUX/round_7/15_bessy2hi_37m_PGM_2Perc_coupling_errors_on_FLUX.rml
2025-01-17 15:02:09,965 - INFO - Completed: 44, remaining: 16, RAYPy_Simulation_bessy2hi_37m_PGM_2Perc_coupling_errors_on_FLUX/round_7/16_bessy2hi_37m_PGM_2Perc_coupling_errors_on_FLUX.rml
2025-01-17 15:02:17,583 - INFO - Completed: 45, remaining: 15, RAYPy_Simulation_bessy2hi_37m_PGM_2Perc_coupling_errors_on_FLUX/round_7/20_bessy2hi_37m_PGM_2Perc_coupling_errors_on_FLUX.rml
2025-01-17 15:02:17,665 - INFO - Completed: 46, remaining: 14, RAYPy_Simulation_bessy2hi_37m_PGM_2Perc_coupling_errors_on_FLUX/round_7/18_bessy2hi_37m_PGM_2Perc_coupling_errors_on_FLUX.rml
2025-01-17 15:02:17,727 - INFO - Completed: 47, remaining: 13, RAYPy_Simulation_bessy2hi_37m_PGM_2Perc_coupling_errors_on_FLUX/round_7/19_bessy2hi_37m_PGM_2Perc_coupling_errors_on_FLUX.rml
2025-01-17 15:02:17,814 - INFO - Completed: 48, remaining: 12, RAYPy_Simulation_bessy2hi_37m_PGM_2Perc_coupling_errors_on_FLUX/round_7/17_bessy2hi_37m_PGM_2Perc_coupling_errors_on_FLUX.rml
2025-01-17 15:02:20,631 - INFO - Completed: 49, remaining: 11, RAYPy_Simulation_bessy2hi_37m_PGM_2Perc_coupling_errors_on_FLUX/round_8/0_bessy2hi_37m_PGM_2Perc_coupling_errors_on_FLUX.rml
2025-01-17 15:02:23,437 - INFO - Completed: 50, remaining: 10, RAYPy_Simulation_bessy2hi_37m_PGM_2Perc_coupling_errors_on_FLUX/round_8/1_bessy2hi_37m_PGM_2Perc_coupling_errors_on_FLUX.rml
2025-01-17 15:02:24,442 - INFO - Completed: 51, remaining: 9, RAYPy_Simulation_bessy2hi_37m_PGM_2Perc_coupling_errors_on_FLUX/round_8/3_bessy2hi_37m_PGM_2Perc_coupling_errors_on_FLUX.rml
2025-01-17 15:02:24,467 - INFO - Completed: 52, remaining: 8, RAYPy_Simulation_bessy2hi_37m_PGM_2Perc_coupling_errors_on_FLUX/round_8/2_bessy2hi_37m_PGM_2Perc_coupling_errors_on_FLUX.rml
2025-01-17 15:02:24,665 - INFO - Completed: 53, remaining: 7, RAYPy_Simulation_bessy2hi_37m_PGM_2Perc_coupling_errors_on_FLUX/round_8/4_bessy2hi_37m_PGM_2Perc_coupling_errors_on_FLUX.rml
2025-01-17 15:02:24,756 - INFO - Completed: 54, remaining: 6, RAYPy_Simulation_bessy2hi_37m_PGM_2Perc_coupling_errors_on_FLUX/round_8/5_bessy2hi_37m_PGM_2Perc_coupling_errors_on_FLUX.rml
2025-01-17 15:02:25,352 - INFO - Completed: 55, remaining: 5, RAYPy_Simulation_bessy2hi_37m_PGM_2Perc_coupling_errors_on_FLUX/round_8/6_bessy2hi_37m_PGM_2Perc_coupling_errors_on_FLUX.rml
2025-01-17 15:02:28,862 - INFO - Completed: 56, remaining: 4, RAYPy_Simulation_bessy2hi_37m_PGM_2Perc_coupling_errors_on_FLUX/round_8/7_bessy2hi_37m_PGM_2Perc_coupling_errors_on_FLUX.rml
2025-01-17 15:02:29,035 - INFO - Completed: 57, remaining: 3, RAYPy_Simulation_bessy2hi_37m_PGM_2Perc_coupling_errors_on_FLUX/round_8/9_bessy2hi_37m_PGM_2Perc_coupling_errors_on_FLUX.rml
2025-01-17 15:02:29,204 - INFO - Completed: 58, remaining: 2, RAYPy_Simulation_bessy2hi_37m_PGM_2Perc_coupling_errors_on_FLUX/round_8/8_bessy2hi_37m_PGM_2Perc_coupling_errors_on_FLUX.rml
2025-01-17 15:02:29,266 - INFO - Completed: 59, remaining: 1, RAYPy_Simulation_bessy2hi_37m_PGM_2Perc_coupling_errors_on_FLUX/round_8/10_bessy2hi_37m_PGM_2Perc_coupling_errors_on_FLUX.rml
2025-01-17 15:02:29,650 - INFO - Completed: 60, remaining: 0, RAYPy_Simulation_bessy2hi_37m_PGM_2Perc_coupling_errors_on_FLUX/round_8/11_bessy2hi_37m_PGM_2Perc_coupling_errors_on_FLUX.rml
2025-01-17 15:02:29,650 - INFO - Batch Completed
2025-01-17 15:02:29,650 - INFO - Waiting For batch, 60 simulations to go
2025-01-17 15:02:29,657 - INFO - Prepared sim number: 12: RAYPy_Simulation_bessy2hi_37m_PGM_2Perc_coupling_errors_on_FLUX/round_8/12_bessy2hi_37m_PGM_2Perc_coupling_errors_on_FLUX.rml
2025-01-17 15:02:29,665 - INFO - Prepared sim number: 13: RAYPy_Simulation_bessy2hi_37m_PGM_2Perc_coupling_errors_on_FLUX/round_8/13_bessy2hi_37m_PGM_2Perc_coupling_errors_on_FLUX.rml
2025-01-17 15:02:29,672 - INFO - Prepared sim number: 14: RAYPy_Simulation_bessy2hi_37m_PGM_2Perc_coupling_errors_on_FLUX/round_8/14_bessy2hi_37m_PGM_2Perc_coupling_errors_on_FLUX.rml
2025-01-17 15:02:29,679 - INFO - Prepared sim number: 15: RAYPy_Simulation_bessy2hi_37m_PGM_2Perc_coupling_errors_on_FLUX/round_8/15_bessy2hi_37m_PGM_2Perc_coupling_errors_on_FLUX.rml
2025-01-17 15:02:29,687 - INFO - Prepared sim number: 16: RAYPy_Simulation_bessy2hi_37m_PGM_2Perc_coupling_errors_on_FLUX/round_8/16_bessy2hi_37m_PGM_2Perc_coupling_errors_on_FLUX.rml
2025-01-17 15:02:29,693 - INFO - Prepared sim number: 17: RAYPy_Simulation_bessy2hi_37m_PGM_2Perc_coupling_errors_on_FLUX/round_8/17_bessy2hi_37m_PGM_2Perc_coupling_errors_on_FLUX.rml
2025-01-17 15:02:29,700 - INFO - Prepared sim number: 18: RAYPy_Simulation_bessy2hi_37m_PGM_2Perc_coupling_errors_on_FLUX/round_8/18_bessy2hi_37m_PGM_2Perc_coupling_errors_on_FLUX.rml
2025-01-17 15:02:29,706 - INFO - Prepared sim number: 19: RAYPy_Simulation_bessy2hi_37m_PGM_2Perc_coupling_errors_on_FLUX/round_8/19_bessy2hi_37m_PGM_2Perc_coupling_errors_on_FLUX.rml
2025-01-17 15:02:29,711 - INFO - Prepared sim number: 20: RAYPy_Simulation_bessy2hi_37m_PGM_2Perc_coupling_errors_on_FLUX/round_8/20_bessy2hi_37m_PGM_2Perc_coupling_errors_on_FLUX.rml
2025-01-17 15:02:29,711 - INFO - Start round 9
2025-01-17 15:02:29,716 - INFO - Prepared sim number: 0: RAYPy_Simulation_bessy2hi_37m_PGM_2Perc_coupling_errors_on_FLUX/round_9/0_bessy2hi_37m_PGM_2Perc_coupling_errors_on_FLUX.rml
2025-01-17 15:02:29,721 - INFO - Prepared sim number: 1: RAYPy_Simulation_bessy2hi_37m_PGM_2Perc_coupling_errors_on_FLUX/round_9/1_bessy2hi_37m_PGM_2Perc_coupling_errors_on_FLUX.rml
2025-01-17 15:02:29,726 - INFO - Prepared sim number: 2: RAYPy_Simulation_bessy2hi_37m_PGM_2Perc_coupling_errors_on_FLUX/round_9/2_bessy2hi_37m_PGM_2Perc_coupling_errors_on_FLUX.rml
2025-01-17 15:02:29,732 - INFO - Prepared sim number: 3: RAYPy_Simulation_bessy2hi_37m_PGM_2Perc_coupling_errors_on_FLUX/round_9/3_bessy2hi_37m_PGM_2Perc_coupling_errors_on_FLUX.rml
2025-01-17 15:02:29,738 - INFO - Prepared sim number: 4: RAYPy_Simulation_bessy2hi_37m_PGM_2Perc_coupling_errors_on_FLUX/round_9/4_bessy2hi_37m_PGM_2Perc_coupling_errors_on_FLUX.rml
2025-01-17 15:02:29,744 - INFO - Prepared sim number: 5: RAYPy_Simulation_bessy2hi_37m_PGM_2Perc_coupling_errors_on_FLUX/round_9/5_bessy2hi_37m_PGM_2Perc_coupling_errors_on_FLUX.rml
2025-01-17 15:02:29,749 - INFO - Prepared sim number: 6: RAYPy_Simulation_bessy2hi_37m_PGM_2Perc_coupling_errors_on_FLUX/round_9/6_bessy2hi_37m_PGM_2Perc_coupling_errors_on_FLUX.rml
2025-01-17 15:02:29,754 - INFO - Prepared sim number: 7: RAYPy_Simulation_bessy2hi_37m_PGM_2Perc_coupling_errors_on_FLUX/round_9/7_bessy2hi_37m_PGM_2Perc_coupling_errors_on_FLUX.rml
2025-01-17 15:02:29,759 - INFO - Prepared sim number: 8: RAYPy_Simulation_bessy2hi_37m_PGM_2Perc_coupling_errors_on_FLUX/round_9/8_bessy2hi_37m_PGM_2Perc_coupling_errors_on_FLUX.rml
2025-01-17 15:02:29,764 - INFO - Prepared sim number: 9: RAYPy_Simulation_bessy2hi_37m_PGM_2Perc_coupling_errors_on_FLUX/round_9/9_bessy2hi_37m_PGM_2Perc_coupling_errors_on_FLUX.rml
2025-01-17 15:02:29,770 - INFO - Prepared sim number: 10: RAYPy_Simulation_bessy2hi_37m_PGM_2Perc_coupling_errors_on_FLUX/round_9/10_bessy2hi_37m_PGM_2Perc_coupling_errors_on_FLUX.rml
2025-01-17 15:02:29,776 - INFO - Prepared sim number: 11: RAYPy_Simulation_bessy2hi_37m_PGM_2Perc_coupling_errors_on_FLUX/round_9/11_bessy2hi_37m_PGM_2Perc_coupling_errors_on_FLUX.rml
2025-01-17 15:02:29,780 - INFO - Prepared sim number: 12: RAYPy_Simulation_bessy2hi_37m_PGM_2Perc_coupling_errors_on_FLUX/round_9/12_bessy2hi_37m_PGM_2Perc_coupling_errors_on_FLUX.rml
2025-01-17 15:02:29,785 - INFO - Prepared sim number: 13: RAYPy_Simulation_bessy2hi_37m_PGM_2Perc_coupling_errors_on_FLUX/round_9/13_bessy2hi_37m_PGM_2Perc_coupling_errors_on_FLUX.rml
2025-01-17 15:02:29,790 - INFO - Prepared sim number: 14: RAYPy_Simulation_bessy2hi_37m_PGM_2Perc_coupling_errors_on_FLUX/round_9/14_bessy2hi_37m_PGM_2Perc_coupling_errors_on_FLUX.rml
2025-01-17 15:02:29,794 - INFO - Prepared sim number: 15: RAYPy_Simulation_bessy2hi_37m_PGM_2Perc_coupling_errors_on_FLUX/round_9/15_bessy2hi_37m_PGM_2Perc_coupling_errors_on_FLUX.rml
2025-01-17 15:02:29,799 - INFO - Prepared sim number: 16: RAYPy_Simulation_bessy2hi_37m_PGM_2Perc_coupling_errors_on_FLUX/round_9/16_bessy2hi_37m_PGM_2Perc_coupling_errors_on_FLUX.rml
2025-01-17 15:02:29,804 - INFO - Prepared sim number: 17: RAYPy_Simulation_bessy2hi_37m_PGM_2Perc_coupling_errors_on_FLUX/round_9/17_bessy2hi_37m_PGM_2Perc_coupling_errors_on_FLUX.rml
2025-01-17 15:02:29,809 - INFO - Prepared sim number: 18: RAYPy_Simulation_bessy2hi_37m_PGM_2Perc_coupling_errors_on_FLUX/round_9/18_bessy2hi_37m_PGM_2Perc_coupling_errors_on_FLUX.rml
2025-01-17 15:02:29,813 - INFO - Prepared sim number: 19: RAYPy_Simulation_bessy2hi_37m_PGM_2Perc_coupling_errors_on_FLUX/round_9/19_bessy2hi_37m_PGM_2Perc_coupling_errors_on_FLUX.rml
2025-01-17 15:02:29,819 - INFO - Prepared sim number: 20: RAYPy_Simulation_bessy2hi_37m_PGM_2Perc_coupling_errors_on_FLUX/round_9/20_bessy2hi_37m_PGM_2Perc_coupling_errors_on_FLUX.rml
2025-01-17 15:02:29,820 - INFO - Waiting for batch number: 3, timeout: 95.04032785158891s
2025-01-17 15:02:44,853 - INFO - Completed: 1, remaining: 59, RAYPy_Simulation_bessy2hi_37m_PGM_2Perc_coupling_errors_on_FLUX/round_9/1_bessy2hi_37m_PGM_2Perc_coupling_errors_on_FLUX.rml
2025-01-17 15:02:45,448 - INFO - Completed: 2, remaining: 58, RAYPy_Simulation_bessy2hi_37m_PGM_2Perc_coupling_errors_on_FLUX/round_8/12_bessy2hi_37m_PGM_2Perc_coupling_errors_on_FLUX.rml
2025-01-17 15:02:45,837 - INFO - Completed: 3, remaining: 57, RAYPy_Simulation_bessy2hi_37m_PGM_2Perc_coupling_errors_on_FLUX/round_9/0_bessy2hi_37m_PGM_2Perc_coupling_errors_on_FLUX.rml
2025-01-17 15:02:45,870 - INFO - Completed: 4, remaining: 56, RAYPy_Simulation_bessy2hi_37m_PGM_2Perc_coupling_errors_on_FLUX/round_8/15_bessy2hi_37m_PGM_2Perc_coupling_errors_on_FLUX.rml
2025-01-17 15:02:45,926 - INFO - Completed: 5, remaining: 55, RAYPy_Simulation_bessy2hi_37m_PGM_2Perc_coupling_errors_on_FLUX/round_8/13_bessy2hi_37m_PGM_2Perc_coupling_errors_on_FLUX.rml
2025-01-17 15:02:45,944 - INFO - Completed: 6, remaining: 54, RAYPy_Simulation_bessy2hi_37m_PGM_2Perc_coupling_errors_on_FLUX/round_8/18_bessy2hi_37m_PGM_2Perc_coupling_errors_on_FLUX.rml
2025-01-17 15:02:46,998 - INFO - Completed: 7, remaining: 53, RAYPy_Simulation_bessy2hi_37m_PGM_2Perc_coupling_errors_on_FLUX/round_8/20_bessy2hi_37m_PGM_2Perc_coupling_errors_on_FLUX.rml
2025-01-17 15:02:47,417 - INFO - Completed: 8, remaining: 52, RAYPy_Simulation_bessy2hi_37m_PGM_2Perc_coupling_errors_on_FLUX/round_8/19_bessy2hi_37m_PGM_2Perc_coupling_errors_on_FLUX.rml
2025-01-17 15:02:47,707 - INFO - Completed: 9, remaining: 51, RAYPy_Simulation_bessy2hi_37m_PGM_2Perc_coupling_errors_on_FLUX/round_8/16_bessy2hi_37m_PGM_2Perc_coupling_errors_on_FLUX.rml
2025-01-17 15:02:47,902 - INFO - Completed: 10, remaining: 50, RAYPy_Simulation_bessy2hi_37m_PGM_2Perc_coupling_errors_on_FLUX/round_8/17_bessy2hi_37m_PGM_2Perc_coupling_errors_on_FLUX.rml
2025-01-17 15:02:48,080 - INFO - Completed: 11, remaining: 49, RAYPy_Simulation_bessy2hi_37m_PGM_2Perc_coupling_errors_on_FLUX/round_8/14_bessy2hi_37m_PGM_2Perc_coupling_errors_on_FLUX.rml
2025-01-17 15:02:57,779 - INFO - Completed: 12, remaining: 48, RAYPy_Simulation_bessy2hi_37m_PGM_2Perc_coupling_errors_on_FLUX/round_9/2_bessy2hi_37m_PGM_2Perc_coupling_errors_on_FLUX.rml
2025-01-17 15:02:59,482 - INFO - Completed: 13, remaining: 47, RAYPy_Simulation_bessy2hi_37m_PGM_2Perc_coupling_errors_on_FLUX/round_9/3_bessy2hi_37m_PGM_2Perc_coupling_errors_on_FLUX.rml
2025-01-17 15:03:01,122 - INFO - Completed: 14, remaining: 46, RAYPy_Simulation_bessy2hi_37m_PGM_2Perc_coupling_errors_on_FLUX/round_9/4_bessy2hi_37m_PGM_2Perc_coupling_errors_on_FLUX.rml
2025-01-17 15:03:01,159 - INFO - Completed: 15, remaining: 45, RAYPy_Simulation_bessy2hi_37m_PGM_2Perc_coupling_errors_on_FLUX/round_9/5_bessy2hi_37m_PGM_2Perc_coupling_errors_on_FLUX.rml
2025-01-17 15:03:01,268 - INFO - Completed: 16, remaining: 44, RAYPy_Simulation_bessy2hi_37m_PGM_2Perc_coupling_errors_on_FLUX/round_9/6_bessy2hi_37m_PGM_2Perc_coupling_errors_on_FLUX.rml
2025-01-17 15:03:01,386 - INFO - Completed: 17, remaining: 43, RAYPy_Simulation_bessy2hi_37m_PGM_2Perc_coupling_errors_on_FLUX/round_9/7_bessy2hi_37m_PGM_2Perc_coupling_errors_on_FLUX.rml
2025-01-17 15:03:02,726 - INFO - Completed: 18, remaining: 42, RAYPy_Simulation_bessy2hi_37m_PGM_2Perc_coupling_errors_on_FLUX/round_9/8_bessy2hi_37m_PGM_2Perc_coupling_errors_on_FLUX.rml
2025-01-17 15:03:03,016 - INFO - Completed: 19, remaining: 41, RAYPy_Simulation_bessy2hi_37m_PGM_2Perc_coupling_errors_on_FLUX/round_9/9_bessy2hi_37m_PGM_2Perc_coupling_errors_on_FLUX.rml
2025-01-17 15:03:03,594 - INFO - Completed: 20, remaining: 40, RAYPy_Simulation_bessy2hi_37m_PGM_2Perc_coupling_errors_on_FLUX/round_9/10_bessy2hi_37m_PGM_2Perc_coupling_errors_on_FLUX.rml
2025-01-17 15:03:03,628 - INFO - Completed: 21, remaining: 39, RAYPy_Simulation_bessy2hi_37m_PGM_2Perc_coupling_errors_on_FLUX/round_9/11_bessy2hi_37m_PGM_2Perc_coupling_errors_on_FLUX.rml
2025-01-17 15:03:05,184 - INFO - Completed: 22, remaining: 38, RAYPy_Simulation_bessy2hi_37m_PGM_2Perc_coupling_errors_on_FLUX/round_9/12_bessy2hi_37m_PGM_2Perc_coupling_errors_on_FLUX.rml
2025-01-17 15:03:10,246 - INFO - Completed: 23, remaining: 37, RAYPy_Simulation_bessy2hi_37m_PGM_2Perc_coupling_errors_on_FLUX/round_9/13_bessy2hi_37m_PGM_2Perc_coupling_errors_on_FLUX.rml
2025-01-17 15:03:11,762 - INFO - Completed: 24, remaining: 36, RAYPy_Simulation_bessy2hi_37m_PGM_2Perc_coupling_errors_on_FLUX/round_9/14_bessy2hi_37m_PGM_2Perc_coupling_errors_on_FLUX.rml
2025-01-17 15:03:13,111 - INFO - Completed: 25, remaining: 35, RAYPy_Simulation_bessy2hi_37m_PGM_2Perc_coupling_errors_on_FLUX/round_9/15_bessy2hi_37m_PGM_2Perc_coupling_errors_on_FLUX.rml
2025-01-17 15:03:13,196 - INFO - Completed: 26, remaining: 34, RAYPy_Simulation_bessy2hi_37m_PGM_2Perc_coupling_errors_on_FLUX/round_9/18_bessy2hi_37m_PGM_2Perc_coupling_errors_on_FLUX.rml
2025-01-17 15:03:13,247 - INFO - Completed: 27, remaining: 33, RAYPy_Simulation_bessy2hi_37m_PGM_2Perc_coupling_errors_on_FLUX/round_9/16_bessy2hi_37m_PGM_2Perc_coupling_errors_on_FLUX.rml
2025-01-17 15:03:13,437 - INFO - Completed: 28, remaining: 32, RAYPy_Simulation_bessy2hi_37m_PGM_2Perc_coupling_errors_on_FLUX/round_9/17_bessy2hi_37m_PGM_2Perc_coupling_errors_on_FLUX.rml
2025-01-17 15:03:13,688 - INFO - Completed: 29, remaining: 31, RAYPy_Simulation_bessy2hi_37m_PGM_2Perc_coupling_errors_on_FLUX/round_9/19_bessy2hi_37m_PGM_2Perc_coupling_errors_on_FLUX.rml
2025-01-17 15:03:14,136 - INFO - Completed: 30, remaining: 30, RAYPy_Simulation_bessy2hi_37m_PGM_2Perc_coupling_errors_on_FLUX/round_9/20_bessy2hi_37m_PGM_2Perc_coupling_errors_on_FLUX.rml
2025-01-17 15:03:14,136 - INFO - Batch Completed
2025-01-17 15:03:14,136 - INFO - Waiting For batch, 60 simulations to go
2025-01-17 15:03:14,136 - INFO - Remaning Simulations 0, stop the simulations loop
2025-01-17 15:03:14,137 - INFO - Checking that all simulations are completed before stopping the ProcessPoolExecutor
2025-01-17 15:03:14,209 - INFO - This simulation is missing: round 3, number 0
2025-01-17 15:03:14,370 - INFO - Executor shutdown completed.
2025-01-17 15:03:14,370 - INFO - Finish missing simulations
2025-01-17 15:03:14,371 - INFO - Start round 0
2025-01-17 15:03:14,399 - INFO - Start round 1
2025-01-17 15:03:14,424 - INFO - Start round 2
2025-01-17 15:03:14,446 - INFO - Waiting for batch number: 4, timeout: 94.136902816834s
2025-01-17 15:03:14,446 - INFO - Batch Completed
2025-01-17 15:03:14,446 - INFO - Waiting For batch, 60 simulations to go
2025-01-17 15:03:14,449 - INFO - Start round 3
2025-01-17 15:03:14,459 - INFO - Prepared sim number: 0: RAYPy_Simulation_bessy2hi_37m_PGM_2Perc_coupling_errors_on_FLUX/round_3/0_bessy2hi_37m_PGM_2Perc_coupling_errors_on_FLUX.rml
2025-01-17 15:03:14,483 - INFO - Start round 4
2025-01-17 15:03:14,509 - INFO - Start round 5
2025-01-17 15:03:14,549 - INFO - Waiting for batch number: 5, timeout: 94.136902816834s
2025-01-17 15:03:20,399 - INFO - Completed: 1, remaining: 59, RAYPy_Simulation_bessy2hi_37m_PGM_2Perc_coupling_errors_on_FLUX/round_3/0_bessy2hi_37m_PGM_2Perc_coupling_errors_on_FLUX.rml
2025-01-17 15:03:20,400 - INFO - Batch Completed
2025-01-17 15:03:20,400 - INFO - Waiting For batch, 60 simulations to go
2025-01-17 15:03:20,406 - INFO - Start round 6
2025-01-17 15:03:20,433 - INFO - Start round 7
2025-01-17 15:03:20,463 - INFO - Start round 8
2025-01-17 15:03:20,475 - INFO - Waiting for batch number: 6, timeout: 35.09586954116821s
2025-01-17 15:03:20,475 - INFO - Batch Completed
2025-01-17 15:03:20,476 - INFO - Waiting For batch, 60 simulations to go
2025-01-17 15:03:20,485 - INFO - Start round 9
2025-01-17 15:03:20,504 - INFO - Waiting for batch number: 7, timeout: 35.09586954116821s
2025-01-17 15:03:20,505 - INFO - Batch Completed
2025-01-17 15:03:20,505 - INFO - Waiting For batch, 60 simulations to go
2025-01-17 15:03:20,505 - INFO - Remaning Simulations 0, stop the simulations loop
2025-01-17 15:03:20,505 - INFO - Checking that all simulations are completed before stopping the ProcessPoolExecutor
2025-01-17 15:03:20,705 - INFO - Executor shutdown completed.
2025-01-17 15:03:20,713 - INFO - Simulation completed successfully.
2025-01-17 15:03:20,713 - INFO - Starting cleanup
2025-01-17 15:03:22,396 - INFO - Done with the cleanup
2025-01-17 15:03:22,396 - INFO - Create Pandas Recap Files
2025-01-17 15:03:22,433 - INFO - End of the Simulations
