2024-07-05 15:14:54,465 - INFO - Simulation started, using 10 workers
2024-07-05 15:14:54,470 - INFO - Start round 0
2024-07-05 15:14:54,486 - INFO - Prepared sim number: 0: RAYPy_Simulation_Bessy3_long_FLUX/round_0/0_Bessy3_long_FLUX.rml
2024-07-05 15:14:54,513 - INFO - Prepared sim number: 1: RAYPy_Simulation_Bessy3_long_FLUX/round_0/1_Bessy3_long_FLUX.rml
2024-07-05 15:14:54,548 - INFO - Prepared sim number: 2: RAYPy_Simulation_Bessy3_long_FLUX/round_0/2_Bessy3_long_FLUX.rml
2024-07-05 15:14:54,577 - INFO - Prepared sim number: 3: RAYPy_Simulation_Bessy3_long_FLUX/round_0/3_Bessy3_long_FLUX.rml
2024-07-05 15:14:54,607 - INFO - Prepared sim number: 4: RAYPy_Simulation_Bessy3_long_FLUX/round_0/4_Bessy3_long_FLUX.rml
2024-07-05 15:14:54,626 - INFO - Prepared sim number: 5: RAYPy_Simulation_Bessy3_long_FLUX/round_0/5_Bessy3_long_FLUX.rml
2024-07-05 15:14:54,641 - INFO - Prepared sim number: 6: RAYPy_Simulation_Bessy3_long_FLUX/round_0/6_Bessy3_long_FLUX.rml
2024-07-05 15:14:54,652 - INFO - Prepared sim number: 7: RAYPy_Simulation_Bessy3_long_FLUX/round_0/7_Bessy3_long_FLUX.rml
2024-07-05 15:14:54,662 - INFO - Prepared sim number: 8: RAYPy_Simulation_Bessy3_long_FLUX/round_0/8_Bessy3_long_FLUX.rml
2024-07-05 15:14:54,676 - INFO - Prepared sim number: 9: RAYPy_Simulation_Bessy3_long_FLUX/round_0/9_Bessy3_long_FLUX.rml
2024-07-05 15:14:54,686 - INFO - Prepared sim number: 10: RAYPy_Simulation_Bessy3_long_FLUX/round_0/10_Bessy3_long_FLUX.rml
2024-07-05 15:14:54,697 - INFO - Prepared sim number: 11: RAYPy_Simulation_Bessy3_long_FLUX/round_0/11_Bessy3_long_FLUX.rml
2024-07-05 15:14:54,707 - INFO - Prepared sim number: 12: RAYPy_Simulation_Bessy3_long_FLUX/round_0/12_Bessy3_long_FLUX.rml
2024-07-05 15:14:54,715 - INFO - Prepared sim number: 13: RAYPy_Simulation_Bessy3_long_FLUX/round_0/13_Bessy3_long_FLUX.rml
2024-07-05 15:14:54,724 - INFO - Prepared sim number: 14: RAYPy_Simulation_Bessy3_long_FLUX/round_0/14_Bessy3_long_FLUX.rml
2024-07-05 15:14:54,733 - INFO - Prepared sim number: 15: RAYPy_Simulation_Bessy3_long_FLUX/round_0/15_Bessy3_long_FLUX.rml
2024-07-05 15:14:54,743 - INFO - Prepared sim number: 16: RAYPy_Simulation_Bessy3_long_FLUX/round_0/16_Bessy3_long_FLUX.rml
2024-07-05 15:14:54,752 - INFO - Prepared sim number: 17: RAYPy_Simulation_Bessy3_long_FLUX/round_0/17_Bessy3_long_FLUX.rml
2024-07-05 15:14:54,763 - INFO - Prepared sim number: 18: RAYPy_Simulation_Bessy3_long_FLUX/round_0/18_Bessy3_long_FLUX.rml
2024-07-05 15:14:54,774 - INFO - Prepared sim number: 19: RAYPy_Simulation_Bessy3_long_FLUX/round_0/19_Bessy3_long_FLUX.rml
2024-07-05 15:14:54,790 - INFO - Prepared sim number: 20: RAYPy_Simulation_Bessy3_long_FLUX/round_0/20_Bessy3_long_FLUX.rml
2024-07-05 15:14:54,802 - INFO - Prepared sim number: 21: RAYPy_Simulation_Bessy3_long_FLUX/round_0/21_Bessy3_long_FLUX.rml
2024-07-05 15:14:54,811 - INFO - Prepared sim number: 22: RAYPy_Simulation_Bessy3_long_FLUX/round_0/22_Bessy3_long_FLUX.rml
2024-07-05 15:14:54,822 - INFO - Prepared sim number: 23: RAYPy_Simulation_Bessy3_long_FLUX/round_0/23_Bessy3_long_FLUX.rml
2024-07-05 15:14:54,833 - INFO - Prepared sim number: 24: RAYPy_Simulation_Bessy3_long_FLUX/round_0/24_Bessy3_long_FLUX.rml
2024-07-05 15:14:54,840 - INFO - Prepared sim number: 25: RAYPy_Simulation_Bessy3_long_FLUX/round_0/25_Bessy3_long_FLUX.rml
2024-07-05 15:14:54,848 - INFO - Prepared sim number: 26: RAYPy_Simulation_Bessy3_long_FLUX/round_0/26_Bessy3_long_FLUX.rml
2024-07-05 15:14:54,856 - INFO - Prepared sim number: 27: RAYPy_Simulation_Bessy3_long_FLUX/round_0/27_Bessy3_long_FLUX.rml
2024-07-05 15:14:54,865 - INFO - Prepared sim number: 28: RAYPy_Simulation_Bessy3_long_FLUX/round_0/28_Bessy3_long_FLUX.rml
2024-07-05 15:14:54,874 - INFO - Prepared sim number: 29: RAYPy_Simulation_Bessy3_long_FLUX/round_0/29_Bessy3_long_FLUX.rml
2024-07-05 15:14:54,882 - INFO - Prepared sim number: 30: RAYPy_Simulation_Bessy3_long_FLUX/round_0/30_Bessy3_long_FLUX.rml
2024-07-05 15:14:54,892 - INFO - Prepared sim number: 31: RAYPy_Simulation_Bessy3_long_FLUX/round_0/31_Bessy3_long_FLUX.rml
2024-07-05 15:14:54,901 - INFO - Prepared sim number: 32: RAYPy_Simulation_Bessy3_long_FLUX/round_0/32_Bessy3_long_FLUX.rml
2024-07-05 15:14:54,911 - INFO - Prepared sim number: 33: RAYPy_Simulation_Bessy3_long_FLUX/round_0/33_Bessy3_long_FLUX.rml
2024-07-05 15:14:54,919 - INFO - Prepared sim number: 34: RAYPy_Simulation_Bessy3_long_FLUX/round_0/34_Bessy3_long_FLUX.rml
2024-07-05 15:14:54,927 - INFO - Prepared sim number: 35: RAYPy_Simulation_Bessy3_long_FLUX/round_0/35_Bessy3_long_FLUX.rml
2024-07-05 15:14:54,936 - INFO - Prepared sim number: 36: RAYPy_Simulation_Bessy3_long_FLUX/round_0/36_Bessy3_long_FLUX.rml
2024-07-05 15:14:54,948 - INFO - Prepared sim number: 37: RAYPy_Simulation_Bessy3_long_FLUX/round_0/37_Bessy3_long_FLUX.rml
2024-07-05 15:14:54,961 - INFO - Prepared sim number: 38: RAYPy_Simulation_Bessy3_long_FLUX/round_0/38_Bessy3_long_FLUX.rml
2024-07-05 15:14:54,973 - INFO - Prepared sim number: 39: RAYPy_Simulation_Bessy3_long_FLUX/round_0/39_Bessy3_long_FLUX.rml
2024-07-05 15:14:54,981 - INFO - Prepared sim number: 40: RAYPy_Simulation_Bessy3_long_FLUX/round_0/40_Bessy3_long_FLUX.rml
2024-07-05 15:14:54,989 - INFO - Prepared sim number: 41: RAYPy_Simulation_Bessy3_long_FLUX/round_0/41_Bessy3_long_FLUX.rml
2024-07-05 15:14:54,998 - INFO - Prepared sim number: 42: RAYPy_Simulation_Bessy3_long_FLUX/round_0/42_Bessy3_long_FLUX.rml
2024-07-05 15:14:55,007 - INFO - Prepared sim number: 43: RAYPy_Simulation_Bessy3_long_FLUX/round_0/43_Bessy3_long_FLUX.rml
2024-07-05 15:14:55,017 - INFO - Prepared sim number: 44: RAYPy_Simulation_Bessy3_long_FLUX/round_0/44_Bessy3_long_FLUX.rml
2024-07-05 15:14:55,025 - INFO - Prepared sim number: 45: RAYPy_Simulation_Bessy3_long_FLUX/round_0/45_Bessy3_long_FLUX.rml
2024-07-05 15:14:55,035 - INFO - Prepared sim number: 46: RAYPy_Simulation_Bessy3_long_FLUX/round_0/46_Bessy3_long_FLUX.rml
2024-07-05 15:14:55,047 - INFO - Prepared sim number: 47: RAYPy_Simulation_Bessy3_long_FLUX/round_0/47_Bessy3_long_FLUX.rml
2024-07-05 15:14:55,055 - INFO - Prepared sim number: 48: RAYPy_Simulation_Bessy3_long_FLUX/round_0/48_Bessy3_long_FLUX.rml
2024-07-05 15:14:55,063 - INFO - Prepared sim number: 49: RAYPy_Simulation_Bessy3_long_FLUX/round_0/49_Bessy3_long_FLUX.rml
2024-07-05 15:14:55,099 - INFO - Waiting for batch number: 0, timeout: 60s
2024-07-05 15:15:00,573 - INFO - Completed: 1, remaining: 49, RAYPy_Simulation_Bessy3_long_FLUX/round_0/4_Bessy3_long_FLUX.rml
2024-07-05 15:15:00,705 - INFO - Completed: 2, remaining: 48, RAYPy_Simulation_Bessy3_long_FLUX/round_0/7_Bessy3_long_FLUX.rml
2024-07-05 15:15:00,915 - INFO - Completed: 3, remaining: 47, RAYPy_Simulation_Bessy3_long_FLUX/round_0/8_Bessy3_long_FLUX.rml
2024-07-05 15:15:00,945 - INFO - Completed: 4, remaining: 46, RAYPy_Simulation_Bessy3_long_FLUX/round_0/9_Bessy3_long_FLUX.rml
2024-07-05 15:15:01,019 - INFO - Completed: 5, remaining: 45, RAYPy_Simulation_Bessy3_long_FLUX/round_0/2_Bessy3_long_FLUX.rml
2024-07-05 15:15:01,099 - INFO - Completed: 6, remaining: 44, RAYPy_Simulation_Bessy3_long_FLUX/round_0/1_Bessy3_long_FLUX.rml
2024-07-05 15:15:01,156 - INFO - Completed: 7, remaining: 43, RAYPy_Simulation_Bessy3_long_FLUX/round_0/0_Bessy3_long_FLUX.rml
2024-07-05 15:15:01,502 - INFO - Completed: 8, remaining: 42, RAYPy_Simulation_Bessy3_long_FLUX/round_0/3_Bessy3_long_FLUX.rml
2024-07-05 15:15:03,372 - INFO - Completed: 9, remaining: 41, RAYPy_Simulation_Bessy3_long_FLUX/round_0/6_Bessy3_long_FLUX.rml
2024-07-05 15:15:03,880 - INFO - Completed: 10, remaining: 40, RAYPy_Simulation_Bessy3_long_FLUX/round_0/5_Bessy3_long_FLUX.rml
2024-07-05 15:15:06,719 - INFO - Completed: 11, remaining: 39, RAYPy_Simulation_Bessy3_long_FLUX/round_0/10_Bessy3_long_FLUX.rml
2024-07-05 15:15:06,751 - INFO - Completed: 12, remaining: 38, RAYPy_Simulation_Bessy3_long_FLUX/round_0/11_Bessy3_long_FLUX.rml
2024-07-05 15:15:06,943 - INFO - Completed: 13, remaining: 37, RAYPy_Simulation_Bessy3_long_FLUX/round_0/12_Bessy3_long_FLUX.rml
2024-07-05 15:15:07,080 - INFO - Completed: 14, remaining: 36, RAYPy_Simulation_Bessy3_long_FLUX/round_0/15_Bessy3_long_FLUX.rml
2024-07-05 15:15:07,084 - INFO - Completed: 15, remaining: 35, RAYPy_Simulation_Bessy3_long_FLUX/round_0/16_Bessy3_long_FLUX.rml
2024-07-05 15:15:07,314 - INFO - Completed: 16, remaining: 34, RAYPy_Simulation_Bessy3_long_FLUX/round_0/13_Bessy3_long_FLUX.rml
2024-07-05 15:15:07,330 - INFO - Completed: 17, remaining: 33, RAYPy_Simulation_Bessy3_long_FLUX/round_0/17_Bessy3_long_FLUX.rml
2024-07-05 15:15:07,505 - INFO - Completed: 18, remaining: 32, RAYPy_Simulation_Bessy3_long_FLUX/round_0/14_Bessy3_long_FLUX.rml
2024-07-05 15:15:08,602 - INFO - Completed: 19, remaining: 31, RAYPy_Simulation_Bessy3_long_FLUX/round_0/18_Bessy3_long_FLUX.rml
2024-07-05 15:15:09,283 - INFO - Completed: 20, remaining: 30, RAYPy_Simulation_Bessy3_long_FLUX/round_0/19_Bessy3_long_FLUX.rml
2024-07-05 15:15:12,639 - INFO - Completed: 21, remaining: 29, RAYPy_Simulation_Bessy3_long_FLUX/round_0/21_Bessy3_long_FLUX.rml
2024-07-05 15:15:12,705 - INFO - Completed: 22, remaining: 28, RAYPy_Simulation_Bessy3_long_FLUX/round_0/22_Bessy3_long_FLUX.rml
2024-07-05 15:15:13,016 - INFO - Completed: 23, remaining: 27, RAYPy_Simulation_Bessy3_long_FLUX/round_0/20_Bessy3_long_FLUX.rml
2024-07-05 15:15:13,035 - INFO - Completed: 24, remaining: 26, RAYPy_Simulation_Bessy3_long_FLUX/round_0/26_Bessy3_long_FLUX.rml
2024-07-05 15:15:13,077 - INFO - Completed: 25, remaining: 25, RAYPy_Simulation_Bessy3_long_FLUX/round_0/24_Bessy3_long_FLUX.rml
2024-07-05 15:15:13,120 - INFO - Completed: 26, remaining: 24, RAYPy_Simulation_Bessy3_long_FLUX/round_0/25_Bessy3_long_FLUX.rml
2024-07-05 15:15:13,204 - INFO - Completed: 27, remaining: 23, RAYPy_Simulation_Bessy3_long_FLUX/round_0/27_Bessy3_long_FLUX.rml
2024-07-05 15:15:13,341 - INFO - Completed: 28, remaining: 22, RAYPy_Simulation_Bessy3_long_FLUX/round_0/23_Bessy3_long_FLUX.rml
2024-07-05 15:15:14,499 - INFO - Completed: 29, remaining: 21, RAYPy_Simulation_Bessy3_long_FLUX/round_0/28_Bessy3_long_FLUX.rml
2024-07-05 15:15:15,141 - INFO - Completed: 30, remaining: 20, RAYPy_Simulation_Bessy3_long_FLUX/round_0/29_Bessy3_long_FLUX.rml
2024-07-05 15:15:19,280 - INFO - Completed: 31, remaining: 19, RAYPy_Simulation_Bessy3_long_FLUX/round_0/30_Bessy3_long_FLUX.rml
2024-07-05 15:15:19,348 - INFO - Completed: 32, remaining: 18, RAYPy_Simulation_Bessy3_long_FLUX/round_0/31_Bessy3_long_FLUX.rml
2024-07-05 15:15:19,639 - INFO - Completed: 33, remaining: 17, RAYPy_Simulation_Bessy3_long_FLUX/round_0/32_Bessy3_long_FLUX.rml
2024-07-05 15:15:19,700 - INFO - Completed: 34, remaining: 16, RAYPy_Simulation_Bessy3_long_FLUX/round_0/34_Bessy3_long_FLUX.rml
2024-07-05 15:15:19,887 - INFO - Completed: 35, remaining: 15, RAYPy_Simulation_Bessy3_long_FLUX/round_0/36_Bessy3_long_FLUX.rml
2024-07-05 15:15:19,915 - INFO - Completed: 36, remaining: 14, RAYPy_Simulation_Bessy3_long_FLUX/round_0/35_Bessy3_long_FLUX.rml
2024-07-05 15:15:20,001 - INFO - Completed: 37, remaining: 13, RAYPy_Simulation_Bessy3_long_FLUX/round_0/33_Bessy3_long_FLUX.rml
2024-07-05 15:15:20,207 - INFO - Completed: 38, remaining: 12, RAYPy_Simulation_Bessy3_long_FLUX/round_0/37_Bessy3_long_FLUX.rml
2024-07-05 15:15:20,640 - INFO - Completed: 39, remaining: 11, RAYPy_Simulation_Bessy3_long_FLUX/round_0/38_Bessy3_long_FLUX.rml
2024-07-05 15:15:20,840 - INFO - Completed: 40, remaining: 10, RAYPy_Simulation_Bessy3_long_FLUX/round_0/39_Bessy3_long_FLUX.rml
2024-07-05 15:15:24,069 - INFO - Completed: 41, remaining: 9, RAYPy_Simulation_Bessy3_long_FLUX/round_0/40_Bessy3_long_FLUX.rml
2024-07-05 15:15:24,174 - INFO - Completed: 42, remaining: 8, RAYPy_Simulation_Bessy3_long_FLUX/round_0/41_Bessy3_long_FLUX.rml
2024-07-05 15:15:24,454 - INFO - Completed: 43, remaining: 7, RAYPy_Simulation_Bessy3_long_FLUX/round_0/43_Bessy3_long_FLUX.rml
2024-07-05 15:15:24,547 - INFO - Completed: 44, remaining: 6, RAYPy_Simulation_Bessy3_long_FLUX/round_0/42_Bessy3_long_FLUX.rml
2024-07-05 15:15:24,576 - INFO - Completed: 45, remaining: 5, RAYPy_Simulation_Bessy3_long_FLUX/round_0/44_Bessy3_long_FLUX.rml
2024-07-05 15:15:24,631 - INFO - Completed: 46, remaining: 4, RAYPy_Simulation_Bessy3_long_FLUX/round_0/46_Bessy3_long_FLUX.rml
2024-07-05 15:15:24,716 - INFO - Completed: 47, remaining: 3, RAYPy_Simulation_Bessy3_long_FLUX/round_0/47_Bessy3_long_FLUX.rml
2024-07-05 15:15:24,867 - INFO - Completed: 48, remaining: 2, RAYPy_Simulation_Bessy3_long_FLUX/round_0/45_Bessy3_long_FLUX.rml
2024-07-05 15:15:24,965 - INFO - Completed: 49, remaining: 1, RAYPy_Simulation_Bessy3_long_FLUX/round_0/48_Bessy3_long_FLUX.rml
2024-07-05 15:15:25,002 - INFO - Completed: 50, remaining: 0, RAYPy_Simulation_Bessy3_long_FLUX/round_0/49_Bessy3_long_FLUX.rml
2024-07-05 15:15:25,002 - INFO - Batch Completed
2024-07-05 15:15:25,002 - INFO - Waiting For batch, 50 simulations to go
2024-07-05 15:15:25,021 - INFO - Prepared sim number: 50: RAYPy_Simulation_Bessy3_long_FLUX/round_0/50_Bessy3_long_FLUX.rml
2024-07-05 15:15:25,037 - INFO - Prepared sim number: 51: RAYPy_Simulation_Bessy3_long_FLUX/round_0/51_Bessy3_long_FLUX.rml
2024-07-05 15:15:25,054 - INFO - Prepared sim number: 52: RAYPy_Simulation_Bessy3_long_FLUX/round_0/52_Bessy3_long_FLUX.rml
2024-07-05 15:15:25,073 - INFO - Prepared sim number: 53: RAYPy_Simulation_Bessy3_long_FLUX/round_0/53_Bessy3_long_FLUX.rml
2024-07-05 15:15:25,086 - INFO - Prepared sim number: 54: RAYPy_Simulation_Bessy3_long_FLUX/round_0/54_Bessy3_long_FLUX.rml
2024-07-05 15:15:25,100 - INFO - Prepared sim number: 55: RAYPy_Simulation_Bessy3_long_FLUX/round_0/55_Bessy3_long_FLUX.rml
2024-07-05 15:15:25,115 - INFO - Prepared sim number: 56: RAYPy_Simulation_Bessy3_long_FLUX/round_0/56_Bessy3_long_FLUX.rml
2024-07-05 15:15:25,127 - INFO - Prepared sim number: 57: RAYPy_Simulation_Bessy3_long_FLUX/round_0/57_Bessy3_long_FLUX.rml
2024-07-05 15:15:25,138 - INFO - Prepared sim number: 58: RAYPy_Simulation_Bessy3_long_FLUX/round_0/58_Bessy3_long_FLUX.rml
2024-07-05 15:15:25,153 - INFO - Prepared sim number: 59: RAYPy_Simulation_Bessy3_long_FLUX/round_0/59_Bessy3_long_FLUX.rml
2024-07-05 15:15:25,164 - INFO - Prepared sim number: 60: RAYPy_Simulation_Bessy3_long_FLUX/round_0/60_Bessy3_long_FLUX.rml
2024-07-05 15:15:25,175 - INFO - Prepared sim number: 61: RAYPy_Simulation_Bessy3_long_FLUX/round_0/61_Bessy3_long_FLUX.rml
2024-07-05 15:15:25,184 - INFO - Prepared sim number: 62: RAYPy_Simulation_Bessy3_long_FLUX/round_0/62_Bessy3_long_FLUX.rml
2024-07-05 15:15:25,193 - INFO - Prepared sim number: 63: RAYPy_Simulation_Bessy3_long_FLUX/round_0/63_Bessy3_long_FLUX.rml
2024-07-05 15:15:25,202 - INFO - Prepared sim number: 64: RAYPy_Simulation_Bessy3_long_FLUX/round_0/64_Bessy3_long_FLUX.rml
2024-07-05 15:15:25,210 - INFO - Prepared sim number: 65: RAYPy_Simulation_Bessy3_long_FLUX/round_0/65_Bessy3_long_FLUX.rml
2024-07-05 15:15:25,219 - INFO - Prepared sim number: 66: RAYPy_Simulation_Bessy3_long_FLUX/round_0/66_Bessy3_long_FLUX.rml
2024-07-05 15:15:25,227 - INFO - Prepared sim number: 67: RAYPy_Simulation_Bessy3_long_FLUX/round_0/67_Bessy3_long_FLUX.rml
2024-07-05 15:15:25,235 - INFO - Prepared sim number: 68: RAYPy_Simulation_Bessy3_long_FLUX/round_0/68_Bessy3_long_FLUX.rml
2024-07-05 15:15:25,244 - INFO - Prepared sim number: 69: RAYPy_Simulation_Bessy3_long_FLUX/round_0/69_Bessy3_long_FLUX.rml
2024-07-05 15:15:25,252 - INFO - Prepared sim number: 70: RAYPy_Simulation_Bessy3_long_FLUX/round_0/70_Bessy3_long_FLUX.rml
2024-07-05 15:15:25,265 - INFO - Prepared sim number: 71: RAYPy_Simulation_Bessy3_long_FLUX/round_0/71_Bessy3_long_FLUX.rml
2024-07-05 15:15:25,277 - INFO - Prepared sim number: 72: RAYPy_Simulation_Bessy3_long_FLUX/round_0/72_Bessy3_long_FLUX.rml
2024-07-05 15:15:25,288 - INFO - Prepared sim number: 73: RAYPy_Simulation_Bessy3_long_FLUX/round_0/73_Bessy3_long_FLUX.rml
2024-07-05 15:15:25,298 - INFO - Prepared sim number: 74: RAYPy_Simulation_Bessy3_long_FLUX/round_0/74_Bessy3_long_FLUX.rml
2024-07-05 15:15:25,309 - INFO - Prepared sim number: 75: RAYPy_Simulation_Bessy3_long_FLUX/round_0/75_Bessy3_long_FLUX.rml
2024-07-05 15:15:25,321 - INFO - Prepared sim number: 76: RAYPy_Simulation_Bessy3_long_FLUX/round_0/76_Bessy3_long_FLUX.rml
2024-07-05 15:15:25,331 - INFO - Prepared sim number: 77: RAYPy_Simulation_Bessy3_long_FLUX/round_0/77_Bessy3_long_FLUX.rml
2024-07-05 15:15:25,340 - INFO - Prepared sim number: 78: RAYPy_Simulation_Bessy3_long_FLUX/round_0/78_Bessy3_long_FLUX.rml
2024-07-05 15:15:25,349 - INFO - Prepared sim number: 79: RAYPy_Simulation_Bessy3_long_FLUX/round_0/79_Bessy3_long_FLUX.rml
2024-07-05 15:15:25,359 - INFO - Prepared sim number: 80: RAYPy_Simulation_Bessy3_long_FLUX/round_0/80_Bessy3_long_FLUX.rml
2024-07-05 15:15:25,368 - INFO - Prepared sim number: 81: RAYPy_Simulation_Bessy3_long_FLUX/round_0/81_Bessy3_long_FLUX.rml
2024-07-05 15:15:25,377 - INFO - Prepared sim number: 82: RAYPy_Simulation_Bessy3_long_FLUX/round_0/82_Bessy3_long_FLUX.rml
2024-07-05 15:15:25,385 - INFO - Prepared sim number: 83: RAYPy_Simulation_Bessy3_long_FLUX/round_0/83_Bessy3_long_FLUX.rml
2024-07-05 15:15:25,393 - INFO - Prepared sim number: 84: RAYPy_Simulation_Bessy3_long_FLUX/round_0/84_Bessy3_long_FLUX.rml
2024-07-05 15:15:25,402 - INFO - Prepared sim number: 85: RAYPy_Simulation_Bessy3_long_FLUX/round_0/85_Bessy3_long_FLUX.rml
2024-07-05 15:15:25,411 - INFO - Prepared sim number: 86: RAYPy_Simulation_Bessy3_long_FLUX/round_0/86_Bessy3_long_FLUX.rml
2024-07-05 15:15:25,421 - INFO - Prepared sim number: 87: RAYPy_Simulation_Bessy3_long_FLUX/round_0/87_Bessy3_long_FLUX.rml
2024-07-05 15:15:25,431 - INFO - Prepared sim number: 88: RAYPy_Simulation_Bessy3_long_FLUX/round_0/88_Bessy3_long_FLUX.rml
2024-07-05 15:15:25,440 - INFO - Prepared sim number: 89: RAYPy_Simulation_Bessy3_long_FLUX/round_0/89_Bessy3_long_FLUX.rml
2024-07-05 15:15:25,453 - INFO - Prepared sim number: 90: RAYPy_Simulation_Bessy3_long_FLUX/round_0/90_Bessy3_long_FLUX.rml
2024-07-05 15:15:25,467 - INFO - Prepared sim number: 91: RAYPy_Simulation_Bessy3_long_FLUX/round_0/91_Bessy3_long_FLUX.rml
2024-07-05 15:15:25,479 - INFO - Prepared sim number: 92: RAYPy_Simulation_Bessy3_long_FLUX/round_0/92_Bessy3_long_FLUX.rml
2024-07-05 15:15:25,488 - INFO - Prepared sim number: 93: RAYPy_Simulation_Bessy3_long_FLUX/round_0/93_Bessy3_long_FLUX.rml
2024-07-05 15:15:25,500 - INFO - Prepared sim number: 94: RAYPy_Simulation_Bessy3_long_FLUX/round_0/94_Bessy3_long_FLUX.rml
2024-07-05 15:15:25,508 - INFO - Prepared sim number: 95: RAYPy_Simulation_Bessy3_long_FLUX/round_0/95_Bessy3_long_FLUX.rml
2024-07-05 15:15:25,518 - INFO - Prepared sim number: 96: RAYPy_Simulation_Bessy3_long_FLUX/round_0/96_Bessy3_long_FLUX.rml
2024-07-05 15:15:25,526 - INFO - Prepared sim number: 97: RAYPy_Simulation_Bessy3_long_FLUX/round_0/97_Bessy3_long_FLUX.rml
2024-07-05 15:15:25,534 - INFO - Prepared sim number: 98: RAYPy_Simulation_Bessy3_long_FLUX/round_0/98_Bessy3_long_FLUX.rml
2024-07-05 15:15:25,544 - INFO - Prepared sim number: 99: RAYPy_Simulation_Bessy3_long_FLUX/round_0/99_Bessy3_long_FLUX.rml
2024-07-05 15:15:25,546 - INFO - Waiting for batch number: 1, timeout: 35.394448099136355s
2024-07-05 15:15:30,404 - INFO - Completed: 1, remaining: 49, RAYPy_Simulation_Bessy3_long_FLUX/round_0/51_Bessy3_long_FLUX.rml
2024-07-05 15:15:30,515 - INFO - Completed: 2, remaining: 48, RAYPy_Simulation_Bessy3_long_FLUX/round_0/53_Bessy3_long_FLUX.rml
2024-07-05 15:15:30,582 - INFO - Completed: 3, remaining: 47, RAYPy_Simulation_Bessy3_long_FLUX/round_0/58_Bessy3_long_FLUX.rml
2024-07-05 15:15:30,652 - INFO - Completed: 4, remaining: 46, RAYPy_Simulation_Bessy3_long_FLUX/round_0/55_Bessy3_long_FLUX.rml
2024-07-05 15:15:30,715 - INFO - Completed: 5, remaining: 45, RAYPy_Simulation_Bessy3_long_FLUX/round_0/59_Bessy3_long_FLUX.rml
2024-07-05 15:15:30,827 - INFO - Completed: 6, remaining: 44, RAYPy_Simulation_Bessy3_long_FLUX/round_0/57_Bessy3_long_FLUX.rml
2024-07-05 15:15:30,903 - INFO - Completed: 7, remaining: 43, RAYPy_Simulation_Bessy3_long_FLUX/round_0/54_Bessy3_long_FLUX.rml
2024-07-05 15:15:32,878 - INFO - Completed: 8, remaining: 42, RAYPy_Simulation_Bessy3_long_FLUX/round_0/50_Bessy3_long_FLUX.rml
2024-07-05 15:15:33,106 - INFO - Completed: 9, remaining: 41, RAYPy_Simulation_Bessy3_long_FLUX/round_0/52_Bessy3_long_FLUX.rml
2024-07-05 15:15:33,451 - INFO - Completed: 10, remaining: 40, RAYPy_Simulation_Bessy3_long_FLUX/round_0/56_Bessy3_long_FLUX.rml
2024-07-05 15:15:35,649 - INFO - Completed: 11, remaining: 39, RAYPy_Simulation_Bessy3_long_FLUX/round_0/60_Bessy3_long_FLUX.rml
2024-07-05 15:15:35,757 - INFO - Completed: 12, remaining: 38, RAYPy_Simulation_Bessy3_long_FLUX/round_0/61_Bessy3_long_FLUX.rml
2024-07-05 15:15:35,966 - INFO - Completed: 13, remaining: 37, RAYPy_Simulation_Bessy3_long_FLUX/round_0/63_Bessy3_long_FLUX.rml
2024-07-05 15:15:35,983 - INFO - Completed: 14, remaining: 36, RAYPy_Simulation_Bessy3_long_FLUX/round_0/64_Bessy3_long_FLUX.rml
2024-07-05 15:15:36,004 - INFO - Completed: 15, remaining: 35, RAYPy_Simulation_Bessy3_long_FLUX/round_0/65_Bessy3_long_FLUX.rml
2024-07-05 15:15:36,159 - INFO - Completed: 16, remaining: 34, RAYPy_Simulation_Bessy3_long_FLUX/round_0/66_Bessy3_long_FLUX.rml
2024-07-05 15:15:36,343 - INFO - Completed: 17, remaining: 33, RAYPy_Simulation_Bessy3_long_FLUX/round_0/62_Bessy3_long_FLUX.rml
2024-07-05 15:15:38,781 - INFO - Completed: 18, remaining: 32, RAYPy_Simulation_Bessy3_long_FLUX/round_0/68_Bessy3_long_FLUX.rml
2024-07-05 15:15:38,781 - INFO - Completed: 19, remaining: 31, RAYPy_Simulation_Bessy3_long_FLUX/round_0/67_Bessy3_long_FLUX.rml
2024-07-05 15:15:39,574 - INFO - Completed: 20, remaining: 30, RAYPy_Simulation_Bessy3_long_FLUX/round_0/69_Bessy3_long_FLUX.rml
2024-07-05 15:15:41,852 - INFO - Completed: 21, remaining: 29, RAYPy_Simulation_Bessy3_long_FLUX/round_0/71_Bessy3_long_FLUX.rml
2024-07-05 15:15:42,063 - INFO - Completed: 22, remaining: 28, RAYPy_Simulation_Bessy3_long_FLUX/round_0/72_Bessy3_long_FLUX.rml
2024-07-05 15:15:42,097 - INFO - Completed: 23, remaining: 27, RAYPy_Simulation_Bessy3_long_FLUX/round_0/70_Bessy3_long_FLUX.rml
2024-07-05 15:15:42,107 - INFO - Completed: 24, remaining: 26, RAYPy_Simulation_Bessy3_long_FLUX/round_0/74_Bessy3_long_FLUX.rml
2024-07-05 15:15:42,167 - INFO - Completed: 25, remaining: 25, RAYPy_Simulation_Bessy3_long_FLUX/round_0/73_Bessy3_long_FLUX.rml
2024-07-05 15:15:42,238 - INFO - Completed: 26, remaining: 24, RAYPy_Simulation_Bessy3_long_FLUX/round_0/75_Bessy3_long_FLUX.rml
2024-07-05 15:15:42,319 - INFO - Completed: 27, remaining: 23, RAYPy_Simulation_Bessy3_long_FLUX/round_0/76_Bessy3_long_FLUX.rml
2024-07-05 15:15:44,879 - INFO - Completed: 28, remaining: 22, RAYPy_Simulation_Bessy3_long_FLUX/round_0/77_Bessy3_long_FLUX.rml
2024-07-05 15:15:45,263 - INFO - Completed: 29, remaining: 21, RAYPy_Simulation_Bessy3_long_FLUX/round_0/78_Bessy3_long_FLUX.rml
2024-07-05 15:15:46,271 - INFO - Completed: 30, remaining: 20, RAYPy_Simulation_Bessy3_long_FLUX/round_0/79_Bessy3_long_FLUX.rml
2024-07-05 15:15:48,035 - INFO - Completed: 31, remaining: 19, RAYPy_Simulation_Bessy3_long_FLUX/round_0/81_Bessy3_long_FLUX.rml
2024-07-05 15:15:48,157 - INFO - Completed: 32, remaining: 18, RAYPy_Simulation_Bessy3_long_FLUX/round_0/85_Bessy3_long_FLUX.rml
2024-07-05 15:15:48,194 - INFO - Completed: 33, remaining: 17, RAYPy_Simulation_Bessy3_long_FLUX/round_0/82_Bessy3_long_FLUX.rml
2024-07-05 15:15:48,276 - INFO - Completed: 34, remaining: 16, RAYPy_Simulation_Bessy3_long_FLUX/round_0/86_Bessy3_long_FLUX.rml
2024-07-05 15:15:48,280 - INFO - Completed: 35, remaining: 15, RAYPy_Simulation_Bessy3_long_FLUX/round_0/80_Bessy3_long_FLUX.rml
2024-07-05 15:15:48,391 - INFO - Completed: 36, remaining: 14, RAYPy_Simulation_Bessy3_long_FLUX/round_0/83_Bessy3_long_FLUX.rml
2024-07-05 15:15:48,526 - INFO - Completed: 37, remaining: 13, RAYPy_Simulation_Bessy3_long_FLUX/round_0/84_Bessy3_long_FLUX.rml
2024-07-05 15:15:50,484 - INFO - Completed: 38, remaining: 12, RAYPy_Simulation_Bessy3_long_FLUX/round_0/87_Bessy3_long_FLUX.rml
2024-07-05 15:15:50,729 - INFO - Completed: 39, remaining: 11, RAYPy_Simulation_Bessy3_long_FLUX/round_0/88_Bessy3_long_FLUX.rml
2024-07-05 15:15:52,260 - INFO - Completed: 40, remaining: 10, RAYPy_Simulation_Bessy3_long_FLUX/round_0/89_Bessy3_long_FLUX.rml
2024-07-05 15:15:54,057 - INFO - Completed: 41, remaining: 9, RAYPy_Simulation_Bessy3_long_FLUX/round_0/90_Bessy3_long_FLUX.rml
2024-07-05 15:15:54,124 - INFO - Completed: 42, remaining: 8, RAYPy_Simulation_Bessy3_long_FLUX/round_0/92_Bessy3_long_FLUX.rml
2024-07-05 15:15:54,243 - INFO - Completed: 43, remaining: 7, RAYPy_Simulation_Bessy3_long_FLUX/round_0/94_Bessy3_long_FLUX.rml
2024-07-05 15:15:54,257 - INFO - Completed: 44, remaining: 6, RAYPy_Simulation_Bessy3_long_FLUX/round_0/91_Bessy3_long_FLUX.rml
2024-07-05 15:15:54,286 - INFO - Completed: 45, remaining: 5, RAYPy_Simulation_Bessy3_long_FLUX/round_0/93_Bessy3_long_FLUX.rml
2024-07-05 15:15:54,510 - INFO - Completed: 46, remaining: 4, RAYPy_Simulation_Bessy3_long_FLUX/round_0/95_Bessy3_long_FLUX.rml
2024-07-05 15:15:54,594 - INFO - Completed: 47, remaining: 3, RAYPy_Simulation_Bessy3_long_FLUX/round_0/96_Bessy3_long_FLUX.rml
2024-07-05 15:15:54,902 - INFO - Completed: 48, remaining: 2, RAYPy_Simulation_Bessy3_long_FLUX/round_0/97_Bessy3_long_FLUX.rml
2024-07-05 15:15:54,912 - INFO - Completed: 49, remaining: 1, RAYPy_Simulation_Bessy3_long_FLUX/round_0/98_Bessy3_long_FLUX.rml
2024-07-05 15:15:55,071 - INFO - Completed: 50, remaining: 0, RAYPy_Simulation_Bessy3_long_FLUX/round_0/99_Bessy3_long_FLUX.rml
2024-07-05 15:15:55,072 - INFO - Batch Completed
2024-07-05 15:15:55,072 - INFO - Waiting For batch, 50 simulations to go
2024-07-05 15:15:55,085 - INFO - Prepared sim number: 100: RAYPy_Simulation_Bessy3_long_FLUX/round_0/100_Bessy3_long_FLUX.rml
2024-07-05 15:15:55,103 - INFO - Prepared sim number: 101: RAYPy_Simulation_Bessy3_long_FLUX/round_0/101_Bessy3_long_FLUX.rml
2024-07-05 15:15:55,125 - INFO - Prepared sim number: 102: RAYPy_Simulation_Bessy3_long_FLUX/round_0/102_Bessy3_long_FLUX.rml
2024-07-05 15:15:55,139 - INFO - Prepared sim number: 103: RAYPy_Simulation_Bessy3_long_FLUX/round_0/103_Bessy3_long_FLUX.rml
2024-07-05 15:15:55,151 - INFO - Prepared sim number: 104: RAYPy_Simulation_Bessy3_long_FLUX/round_0/104_Bessy3_long_FLUX.rml
2024-07-05 15:15:55,163 - INFO - Prepared sim number: 105: RAYPy_Simulation_Bessy3_long_FLUX/round_0/105_Bessy3_long_FLUX.rml
2024-07-05 15:15:55,176 - INFO - Prepared sim number: 106: RAYPy_Simulation_Bessy3_long_FLUX/round_0/106_Bessy3_long_FLUX.rml
2024-07-05 15:15:55,185 - INFO - Prepared sim number: 107: RAYPy_Simulation_Bessy3_long_FLUX/round_0/107_Bessy3_long_FLUX.rml
2024-07-05 15:15:55,198 - INFO - Prepared sim number: 108: RAYPy_Simulation_Bessy3_long_FLUX/round_0/108_Bessy3_long_FLUX.rml
2024-07-05 15:15:55,213 - INFO - Prepared sim number: 109: RAYPy_Simulation_Bessy3_long_FLUX/round_0/109_Bessy3_long_FLUX.rml
2024-07-05 15:15:55,229 - INFO - Prepared sim number: 110: RAYPy_Simulation_Bessy3_long_FLUX/round_0/110_Bessy3_long_FLUX.rml
2024-07-05 15:15:55,246 - INFO - Prepared sim number: 111: RAYPy_Simulation_Bessy3_long_FLUX/round_0/111_Bessy3_long_FLUX.rml
2024-07-05 15:15:55,265 - INFO - Prepared sim number: 112: RAYPy_Simulation_Bessy3_long_FLUX/round_0/112_Bessy3_long_FLUX.rml
2024-07-05 15:15:55,280 - INFO - Prepared sim number: 113: RAYPy_Simulation_Bessy3_long_FLUX/round_0/113_Bessy3_long_FLUX.rml
2024-07-05 15:15:55,297 - INFO - Prepared sim number: 114: RAYPy_Simulation_Bessy3_long_FLUX/round_0/114_Bessy3_long_FLUX.rml
2024-07-05 15:15:55,315 - INFO - Prepared sim number: 115: RAYPy_Simulation_Bessy3_long_FLUX/round_0/115_Bessy3_long_FLUX.rml
2024-07-05 15:15:55,332 - INFO - Prepared sim number: 116: RAYPy_Simulation_Bessy3_long_FLUX/round_0/116_Bessy3_long_FLUX.rml
2024-07-05 15:15:55,332 - INFO - Start round 1
2024-07-05 15:15:55,339 - INFO - Prepared sim number: 0: RAYPy_Simulation_Bessy3_long_FLUX/round_1/0_Bessy3_long_FLUX.rml
2024-07-05 15:15:55,345 - INFO - Prepared sim number: 1: RAYPy_Simulation_Bessy3_long_FLUX/round_1/1_Bessy3_long_FLUX.rml
2024-07-05 15:15:55,350 - INFO - Prepared sim number: 2: RAYPy_Simulation_Bessy3_long_FLUX/round_1/2_Bessy3_long_FLUX.rml
2024-07-05 15:15:55,354 - INFO - Prepared sim number: 3: RAYPy_Simulation_Bessy3_long_FLUX/round_1/3_Bessy3_long_FLUX.rml
2024-07-05 15:15:55,359 - INFO - Prepared sim number: 4: RAYPy_Simulation_Bessy3_long_FLUX/round_1/4_Bessy3_long_FLUX.rml
2024-07-05 15:15:55,365 - INFO - Prepared sim number: 5: RAYPy_Simulation_Bessy3_long_FLUX/round_1/5_Bessy3_long_FLUX.rml
2024-07-05 15:15:55,370 - INFO - Prepared sim number: 6: RAYPy_Simulation_Bessy3_long_FLUX/round_1/6_Bessy3_long_FLUX.rml
2024-07-05 15:15:55,376 - INFO - Prepared sim number: 7: RAYPy_Simulation_Bessy3_long_FLUX/round_1/7_Bessy3_long_FLUX.rml
2024-07-05 15:15:55,382 - INFO - Prepared sim number: 8: RAYPy_Simulation_Bessy3_long_FLUX/round_1/8_Bessy3_long_FLUX.rml
2024-07-05 15:15:55,389 - INFO - Prepared sim number: 9: RAYPy_Simulation_Bessy3_long_FLUX/round_1/9_Bessy3_long_FLUX.rml
2024-07-05 15:15:55,396 - INFO - Prepared sim number: 10: RAYPy_Simulation_Bessy3_long_FLUX/round_1/10_Bessy3_long_FLUX.rml
2024-07-05 15:15:55,402 - INFO - Prepared sim number: 11: RAYPy_Simulation_Bessy3_long_FLUX/round_1/11_Bessy3_long_FLUX.rml
2024-07-05 15:15:55,410 - INFO - Prepared sim number: 12: RAYPy_Simulation_Bessy3_long_FLUX/round_1/12_Bessy3_long_FLUX.rml
2024-07-05 15:15:55,417 - INFO - Prepared sim number: 13: RAYPy_Simulation_Bessy3_long_FLUX/round_1/13_Bessy3_long_FLUX.rml
2024-07-05 15:15:55,423 - INFO - Prepared sim number: 14: RAYPy_Simulation_Bessy3_long_FLUX/round_1/14_Bessy3_long_FLUX.rml
2024-07-05 15:15:55,427 - INFO - Prepared sim number: 15: RAYPy_Simulation_Bessy3_long_FLUX/round_1/15_Bessy3_long_FLUX.rml
2024-07-05 15:15:55,431 - INFO - Prepared sim number: 16: RAYPy_Simulation_Bessy3_long_FLUX/round_1/16_Bessy3_long_FLUX.rml
2024-07-05 15:15:55,435 - INFO - Prepared sim number: 17: RAYPy_Simulation_Bessy3_long_FLUX/round_1/17_Bessy3_long_FLUX.rml
2024-07-05 15:15:55,438 - INFO - Prepared sim number: 18: RAYPy_Simulation_Bessy3_long_FLUX/round_1/18_Bessy3_long_FLUX.rml
2024-07-05 15:15:55,443 - INFO - Prepared sim number: 19: RAYPy_Simulation_Bessy3_long_FLUX/round_1/19_Bessy3_long_FLUX.rml
2024-07-05 15:15:55,447 - INFO - Prepared sim number: 20: RAYPy_Simulation_Bessy3_long_FLUX/round_1/20_Bessy3_long_FLUX.rml
2024-07-05 15:15:55,453 - INFO - Prepared sim number: 21: RAYPy_Simulation_Bessy3_long_FLUX/round_1/21_Bessy3_long_FLUX.rml
2024-07-05 15:15:55,458 - INFO - Prepared sim number: 22: RAYPy_Simulation_Bessy3_long_FLUX/round_1/22_Bessy3_long_FLUX.rml
2024-07-05 15:15:55,463 - INFO - Prepared sim number: 23: RAYPy_Simulation_Bessy3_long_FLUX/round_1/23_Bessy3_long_FLUX.rml
2024-07-05 15:15:55,469 - INFO - Prepared sim number: 24: RAYPy_Simulation_Bessy3_long_FLUX/round_1/24_Bessy3_long_FLUX.rml
2024-07-05 15:15:55,476 - INFO - Prepared sim number: 25: RAYPy_Simulation_Bessy3_long_FLUX/round_1/25_Bessy3_long_FLUX.rml
2024-07-05 15:15:55,483 - INFO - Prepared sim number: 26: RAYPy_Simulation_Bessy3_long_FLUX/round_1/26_Bessy3_long_FLUX.rml
2024-07-05 15:15:55,488 - INFO - Prepared sim number: 27: RAYPy_Simulation_Bessy3_long_FLUX/round_1/27_Bessy3_long_FLUX.rml
2024-07-05 15:15:55,493 - INFO - Prepared sim number: 28: RAYPy_Simulation_Bessy3_long_FLUX/round_1/28_Bessy3_long_FLUX.rml
2024-07-05 15:15:55,498 - INFO - Prepared sim number: 29: RAYPy_Simulation_Bessy3_long_FLUX/round_1/29_Bessy3_long_FLUX.rml
2024-07-05 15:15:55,503 - INFO - Prepared sim number: 30: RAYPy_Simulation_Bessy3_long_FLUX/round_1/30_Bessy3_long_FLUX.rml
2024-07-05 15:15:55,510 - INFO - Prepared sim number: 31: RAYPy_Simulation_Bessy3_long_FLUX/round_1/31_Bessy3_long_FLUX.rml
2024-07-05 15:15:55,515 - INFO - Prepared sim number: 32: RAYPy_Simulation_Bessy3_long_FLUX/round_1/32_Bessy3_long_FLUX.rml
2024-07-05 15:15:55,515 - INFO - Waiting for batch number: 2, timeout: 35.065459671020506s
2024-07-05 15:16:00,891 - INFO - Completed: 1, remaining: 49, RAYPy_Simulation_Bessy3_long_FLUX/round_0/102_Bessy3_long_FLUX.rml
2024-07-05 15:16:00,910 - INFO - Completed: 2, remaining: 48, RAYPy_Simulation_Bessy3_long_FLUX/round_0/101_Bessy3_long_FLUX.rml
2024-07-05 15:16:00,990 - INFO - Completed: 3, remaining: 47, RAYPy_Simulation_Bessy3_long_FLUX/round_0/100_Bessy3_long_FLUX.rml
2024-07-05 15:16:01,097 - INFO - Completed: 4, remaining: 46, RAYPy_Simulation_Bessy3_long_FLUX/round_0/107_Bessy3_long_FLUX.rml
2024-07-05 15:16:01,125 - INFO - Completed: 5, remaining: 45, RAYPy_Simulation_Bessy3_long_FLUX/round_0/106_Bessy3_long_FLUX.rml
2024-07-05 15:16:01,169 - INFO - Completed: 6, remaining: 44, RAYPy_Simulation_Bessy3_long_FLUX/round_0/108_Bessy3_long_FLUX.rml
2024-07-05 15:16:01,338 - INFO - Completed: 7, remaining: 43, RAYPy_Simulation_Bessy3_long_FLUX/round_0/109_Bessy3_long_FLUX.rml
2024-07-05 15:16:01,440 - INFO - Completed: 8, remaining: 42, RAYPy_Simulation_Bessy3_long_FLUX/round_0/105_Bessy3_long_FLUX.rml
2024-07-05 15:16:02,301 - INFO - Completed: 9, remaining: 41, RAYPy_Simulation_Bessy3_long_FLUX/round_0/104_Bessy3_long_FLUX.rml
2024-07-05 15:16:02,988 - INFO - Completed: 10, remaining: 40, RAYPy_Simulation_Bessy3_long_FLUX/round_0/103_Bessy3_long_FLUX.rml
2024-07-05 15:16:06,450 - INFO - Completed: 11, remaining: 39, RAYPy_Simulation_Bessy3_long_FLUX/round_0/111_Bessy3_long_FLUX.rml
2024-07-05 15:16:06,468 - INFO - Completed: 12, remaining: 38, RAYPy_Simulation_Bessy3_long_FLUX/round_0/110_Bessy3_long_FLUX.rml
2024-07-05 15:16:06,482 - INFO - Completed: 13, remaining: 37, RAYPy_Simulation_Bessy3_long_FLUX/round_0/113_Bessy3_long_FLUX.rml
2024-07-05 15:16:06,525 - INFO - Completed: 14, remaining: 36, RAYPy_Simulation_Bessy3_long_FLUX/round_0/114_Bessy3_long_FLUX.rml
2024-07-05 15:16:06,750 - INFO - Completed: 15, remaining: 35, RAYPy_Simulation_Bessy3_long_FLUX/round_0/116_Bessy3_long_FLUX.rml
2024-07-05 15:16:06,828 - INFO - Completed: 16, remaining: 34, RAYPy_Simulation_Bessy3_long_FLUX/round_1/0_Bessy3_long_FLUX.rml
2024-07-05 15:16:07,252 - INFO - Completed: 17, remaining: 33, RAYPy_Simulation_Bessy3_long_FLUX/round_0/115_Bessy3_long_FLUX.rml
2024-07-05 15:16:07,441 - INFO - Completed: 18, remaining: 32, RAYPy_Simulation_Bessy3_long_FLUX/round_0/112_Bessy3_long_FLUX.rml
2024-07-05 15:16:07,710 - INFO - Completed: 19, remaining: 31, RAYPy_Simulation_Bessy3_long_FLUX/round_1/1_Bessy3_long_FLUX.rml
2024-07-05 15:16:09,291 - INFO - Completed: 20, remaining: 30, RAYPy_Simulation_Bessy3_long_FLUX/round_1/2_Bessy3_long_FLUX.rml
2024-07-05 15:16:13,000 - INFO - Completed: 21, remaining: 29, RAYPy_Simulation_Bessy3_long_FLUX/round_1/3_Bessy3_long_FLUX.rml
2024-07-05 15:16:13,113 - INFO - Completed: 22, remaining: 28, RAYPy_Simulation_Bessy3_long_FLUX/round_1/6_Bessy3_long_FLUX.rml
2024-07-05 15:16:13,122 - INFO - Completed: 23, remaining: 27, RAYPy_Simulation_Bessy3_long_FLUX/round_1/5_Bessy3_long_FLUX.rml
2024-07-05 15:16:13,157 - INFO - Completed: 24, remaining: 26, RAYPy_Simulation_Bessy3_long_FLUX/round_1/7_Bessy3_long_FLUX.rml
2024-07-05 15:16:13,245 - INFO - Completed: 25, remaining: 25, RAYPy_Simulation_Bessy3_long_FLUX/round_1/4_Bessy3_long_FLUX.rml
2024-07-05 15:16:13,321 - INFO - Completed: 26, remaining: 24, RAYPy_Simulation_Bessy3_long_FLUX/round_1/8_Bessy3_long_FLUX.rml
2024-07-05 15:16:13,735 - INFO - Completed: 27, remaining: 23, RAYPy_Simulation_Bessy3_long_FLUX/round_1/9_Bessy3_long_FLUX.rml
2024-07-05 15:16:13,866 - INFO - Completed: 28, remaining: 22, RAYPy_Simulation_Bessy3_long_FLUX/round_1/10_Bessy3_long_FLUX.rml
2024-07-05 15:16:14,636 - INFO - Completed: 29, remaining: 21, RAYPy_Simulation_Bessy3_long_FLUX/round_1/11_Bessy3_long_FLUX.rml
2024-07-05 15:16:15,057 - INFO - Completed: 30, remaining: 20, RAYPy_Simulation_Bessy3_long_FLUX/round_1/12_Bessy3_long_FLUX.rml
2024-07-05 15:16:18,927 - INFO - Completed: 31, remaining: 19, RAYPy_Simulation_Bessy3_long_FLUX/round_1/13_Bessy3_long_FLUX.rml
2024-07-05 15:16:19,041 - INFO - Completed: 32, remaining: 18, RAYPy_Simulation_Bessy3_long_FLUX/round_1/15_Bessy3_long_FLUX.rml
2024-07-05 15:16:19,165 - INFO - Completed: 33, remaining: 17, RAYPy_Simulation_Bessy3_long_FLUX/round_1/18_Bessy3_long_FLUX.rml
2024-07-05 15:16:19,245 - INFO - Completed: 34, remaining: 16, RAYPy_Simulation_Bessy3_long_FLUX/round_1/16_Bessy3_long_FLUX.rml
2024-07-05 15:16:19,299 - INFO - Completed: 35, remaining: 15, RAYPy_Simulation_Bessy3_long_FLUX/round_1/17_Bessy3_long_FLUX.rml
2024-07-05 15:16:19,524 - INFO - Completed: 36, remaining: 14, RAYPy_Simulation_Bessy3_long_FLUX/round_1/14_Bessy3_long_FLUX.rml
2024-07-05 15:16:19,563 - INFO - Completed: 37, remaining: 13, RAYPy_Simulation_Bessy3_long_FLUX/round_1/19_Bessy3_long_FLUX.rml
2024-07-05 15:16:19,586 - INFO - Completed: 38, remaining: 12, RAYPy_Simulation_Bessy3_long_FLUX/round_1/20_Bessy3_long_FLUX.rml
2024-07-05 15:16:20,230 - INFO - Completed: 39, remaining: 11, RAYPy_Simulation_Bessy3_long_FLUX/round_1/21_Bessy3_long_FLUX.rml
2024-07-05 15:16:21,224 - INFO - Completed: 40, remaining: 10, RAYPy_Simulation_Bessy3_long_FLUX/round_1/22_Bessy3_long_FLUX.rml
2024-07-05 15:16:24,896 - INFO - Completed: 41, remaining: 9, RAYPy_Simulation_Bessy3_long_FLUX/round_1/27_Bessy3_long_FLUX.rml
2024-07-05 15:16:24,930 - INFO - Completed: 42, remaining: 8, RAYPy_Simulation_Bessy3_long_FLUX/round_1/26_Bessy3_long_FLUX.rml
2024-07-05 15:16:24,951 - INFO - Completed: 43, remaining: 7, RAYPy_Simulation_Bessy3_long_FLUX/round_1/25_Bessy3_long_FLUX.rml
2024-07-05 15:16:25,036 - INFO - Completed: 44, remaining: 6, RAYPy_Simulation_Bessy3_long_FLUX/round_1/23_Bessy3_long_FLUX.rml
2024-07-05 15:16:25,216 - INFO - Completed: 45, remaining: 5, RAYPy_Simulation_Bessy3_long_FLUX/round_1/28_Bessy3_long_FLUX.rml
2024-07-05 15:16:25,252 - INFO - Completed: 46, remaining: 4, RAYPy_Simulation_Bessy3_long_FLUX/round_1/29_Bessy3_long_FLUX.rml
2024-07-05 15:16:25,295 - INFO - Completed: 47, remaining: 3, RAYPy_Simulation_Bessy3_long_FLUX/round_1/24_Bessy3_long_FLUX.rml
2024-07-05 15:16:25,502 - INFO - Completed: 48, remaining: 2, RAYPy_Simulation_Bessy3_long_FLUX/round_1/30_Bessy3_long_FLUX.rml
2024-07-05 15:16:25,598 - INFO - Completed: 49, remaining: 1, RAYPy_Simulation_Bessy3_long_FLUX/round_1/31_Bessy3_long_FLUX.rml
2024-07-05 15:16:25,622 - INFO - Completed: 50, remaining: 0, RAYPy_Simulation_Bessy3_long_FLUX/round_1/32_Bessy3_long_FLUX.rml
2024-07-05 15:16:25,624 - INFO - Batch Completed
2024-07-05 15:16:25,625 - INFO - Waiting For batch, 50 simulations to go
2024-07-05 15:16:25,632 - INFO - Prepared sim number: 33: RAYPy_Simulation_Bessy3_long_FLUX/round_1/33_Bessy3_long_FLUX.rml
2024-07-05 15:16:25,641 - INFO - Prepared sim number: 34: RAYPy_Simulation_Bessy3_long_FLUX/round_1/34_Bessy3_long_FLUX.rml
2024-07-05 15:16:25,651 - INFO - Prepared sim number: 35: RAYPy_Simulation_Bessy3_long_FLUX/round_1/35_Bessy3_long_FLUX.rml
2024-07-05 15:16:25,667 - INFO - Prepared sim number: 36: RAYPy_Simulation_Bessy3_long_FLUX/round_1/36_Bessy3_long_FLUX.rml
2024-07-05 15:16:25,679 - INFO - Prepared sim number: 37: RAYPy_Simulation_Bessy3_long_FLUX/round_1/37_Bessy3_long_FLUX.rml
2024-07-05 15:16:25,690 - INFO - Prepared sim number: 38: RAYPy_Simulation_Bessy3_long_FLUX/round_1/38_Bessy3_long_FLUX.rml
2024-07-05 15:16:25,705 - INFO - Prepared sim number: 39: RAYPy_Simulation_Bessy3_long_FLUX/round_1/39_Bessy3_long_FLUX.rml
2024-07-05 15:16:25,717 - INFO - Prepared sim number: 40: RAYPy_Simulation_Bessy3_long_FLUX/round_1/40_Bessy3_long_FLUX.rml
2024-07-05 15:16:25,727 - INFO - Prepared sim number: 41: RAYPy_Simulation_Bessy3_long_FLUX/round_1/41_Bessy3_long_FLUX.rml
2024-07-05 15:16:25,737 - INFO - Prepared sim number: 42: RAYPy_Simulation_Bessy3_long_FLUX/round_1/42_Bessy3_long_FLUX.rml
2024-07-05 15:16:25,746 - INFO - Prepared sim number: 43: RAYPy_Simulation_Bessy3_long_FLUX/round_1/43_Bessy3_long_FLUX.rml
2024-07-05 15:16:25,754 - INFO - Prepared sim number: 44: RAYPy_Simulation_Bessy3_long_FLUX/round_1/44_Bessy3_long_FLUX.rml
2024-07-05 15:16:25,763 - INFO - Prepared sim number: 45: RAYPy_Simulation_Bessy3_long_FLUX/round_1/45_Bessy3_long_FLUX.rml
2024-07-05 15:16:25,772 - INFO - Prepared sim number: 46: RAYPy_Simulation_Bessy3_long_FLUX/round_1/46_Bessy3_long_FLUX.rml
2024-07-05 15:16:25,778 - INFO - Prepared sim number: 47: RAYPy_Simulation_Bessy3_long_FLUX/round_1/47_Bessy3_long_FLUX.rml
2024-07-05 15:16:25,784 - INFO - Prepared sim number: 48: RAYPy_Simulation_Bessy3_long_FLUX/round_1/48_Bessy3_long_FLUX.rml
2024-07-05 15:16:25,789 - INFO - Prepared sim number: 49: RAYPy_Simulation_Bessy3_long_FLUX/round_1/49_Bessy3_long_FLUX.rml
2024-07-05 15:16:25,796 - INFO - Prepared sim number: 50: RAYPy_Simulation_Bessy3_long_FLUX/round_1/50_Bessy3_long_FLUX.rml
2024-07-05 15:16:25,801 - INFO - Prepared sim number: 51: RAYPy_Simulation_Bessy3_long_FLUX/round_1/51_Bessy3_long_FLUX.rml
2024-07-05 15:16:25,807 - INFO - Prepared sim number: 52: RAYPy_Simulation_Bessy3_long_FLUX/round_1/52_Bessy3_long_FLUX.rml
2024-07-05 15:16:25,814 - INFO - Prepared sim number: 53: RAYPy_Simulation_Bessy3_long_FLUX/round_1/53_Bessy3_long_FLUX.rml
2024-07-05 15:16:25,820 - INFO - Prepared sim number: 54: RAYPy_Simulation_Bessy3_long_FLUX/round_1/54_Bessy3_long_FLUX.rml
2024-07-05 15:16:25,828 - INFO - Prepared sim number: 55: RAYPy_Simulation_Bessy3_long_FLUX/round_1/55_Bessy3_long_FLUX.rml
2024-07-05 15:16:25,835 - INFO - Prepared sim number: 56: RAYPy_Simulation_Bessy3_long_FLUX/round_1/56_Bessy3_long_FLUX.rml
2024-07-05 15:16:25,840 - INFO - Prepared sim number: 57: RAYPy_Simulation_Bessy3_long_FLUX/round_1/57_Bessy3_long_FLUX.rml
2024-07-05 15:16:25,845 - INFO - Prepared sim number: 58: RAYPy_Simulation_Bessy3_long_FLUX/round_1/58_Bessy3_long_FLUX.rml
2024-07-05 15:16:25,850 - INFO - Prepared sim number: 59: RAYPy_Simulation_Bessy3_long_FLUX/round_1/59_Bessy3_long_FLUX.rml
2024-07-05 15:16:25,855 - INFO - Prepared sim number: 60: RAYPy_Simulation_Bessy3_long_FLUX/round_1/60_Bessy3_long_FLUX.rml
2024-07-05 15:16:25,861 - INFO - Prepared sim number: 61: RAYPy_Simulation_Bessy3_long_FLUX/round_1/61_Bessy3_long_FLUX.rml
2024-07-05 15:16:25,868 - INFO - Prepared sim number: 62: RAYPy_Simulation_Bessy3_long_FLUX/round_1/62_Bessy3_long_FLUX.rml
2024-07-05 15:16:25,874 - INFO - Prepared sim number: 63: RAYPy_Simulation_Bessy3_long_FLUX/round_1/63_Bessy3_long_FLUX.rml
2024-07-05 15:16:25,880 - INFO - Prepared sim number: 64: RAYPy_Simulation_Bessy3_long_FLUX/round_1/64_Bessy3_long_FLUX.rml
2024-07-05 15:16:25,888 - INFO - Prepared sim number: 65: RAYPy_Simulation_Bessy3_long_FLUX/round_1/65_Bessy3_long_FLUX.rml
2024-07-05 15:16:25,894 - INFO - Prepared sim number: 66: RAYPy_Simulation_Bessy3_long_FLUX/round_1/66_Bessy3_long_FLUX.rml
2024-07-05 15:16:25,900 - INFO - Prepared sim number: 67: RAYPy_Simulation_Bessy3_long_FLUX/round_1/67_Bessy3_long_FLUX.rml
2024-07-05 15:16:25,905 - INFO - Prepared sim number: 68: RAYPy_Simulation_Bessy3_long_FLUX/round_1/68_Bessy3_long_FLUX.rml
2024-07-05 15:16:25,912 - INFO - Prepared sim number: 69: RAYPy_Simulation_Bessy3_long_FLUX/round_1/69_Bessy3_long_FLUX.rml
2024-07-05 15:16:25,917 - INFO - Prepared sim number: 70: RAYPy_Simulation_Bessy3_long_FLUX/round_1/70_Bessy3_long_FLUX.rml
2024-07-05 15:16:25,922 - INFO - Prepared sim number: 71: RAYPy_Simulation_Bessy3_long_FLUX/round_1/71_Bessy3_long_FLUX.rml
2024-07-05 15:16:25,926 - INFO - Prepared sim number: 72: RAYPy_Simulation_Bessy3_long_FLUX/round_1/72_Bessy3_long_FLUX.rml
2024-07-05 15:16:25,931 - INFO - Prepared sim number: 73: RAYPy_Simulation_Bessy3_long_FLUX/round_1/73_Bessy3_long_FLUX.rml
2024-07-05 15:16:25,936 - INFO - Prepared sim number: 74: RAYPy_Simulation_Bessy3_long_FLUX/round_1/74_Bessy3_long_FLUX.rml
2024-07-05 15:16:25,940 - INFO - Prepared sim number: 75: RAYPy_Simulation_Bessy3_long_FLUX/round_1/75_Bessy3_long_FLUX.rml
2024-07-05 15:16:25,945 - INFO - Prepared sim number: 76: RAYPy_Simulation_Bessy3_long_FLUX/round_1/76_Bessy3_long_FLUX.rml
2024-07-05 15:16:25,950 - INFO - Prepared sim number: 77: RAYPy_Simulation_Bessy3_long_FLUX/round_1/77_Bessy3_long_FLUX.rml
2024-07-05 15:16:25,955 - INFO - Prepared sim number: 78: RAYPy_Simulation_Bessy3_long_FLUX/round_1/78_Bessy3_long_FLUX.rml
2024-07-05 15:16:25,959 - INFO - Prepared sim number: 79: RAYPy_Simulation_Bessy3_long_FLUX/round_1/79_Bessy3_long_FLUX.rml
2024-07-05 15:16:25,963 - INFO - Prepared sim number: 80: RAYPy_Simulation_Bessy3_long_FLUX/round_1/80_Bessy3_long_FLUX.rml
2024-07-05 15:16:25,967 - INFO - Prepared sim number: 81: RAYPy_Simulation_Bessy3_long_FLUX/round_1/81_Bessy3_long_FLUX.rml
2024-07-05 15:16:25,971 - INFO - Prepared sim number: 82: RAYPy_Simulation_Bessy3_long_FLUX/round_1/82_Bessy3_long_FLUX.rml
2024-07-05 15:16:25,971 - INFO - Waiting for batch number: 3, timeout: 35.26077304840088s
2024-07-05 15:16:30,778 - INFO - Completed: 1, remaining: 49, RAYPy_Simulation_Bessy3_long_FLUX/round_1/35_Bessy3_long_FLUX.rml
2024-07-05 15:16:30,811 - INFO - Completed: 2, remaining: 48, RAYPy_Simulation_Bessy3_long_FLUX/round_1/40_Bessy3_long_FLUX.rml
2024-07-05 15:16:30,993 - INFO - Completed: 3, remaining: 47, RAYPy_Simulation_Bessy3_long_FLUX/round_1/42_Bessy3_long_FLUX.rml
2024-07-05 15:16:31,006 - INFO - Completed: 4, remaining: 46, RAYPy_Simulation_Bessy3_long_FLUX/round_1/33_Bessy3_long_FLUX.rml
2024-07-05 15:16:31,110 - INFO - Completed: 5, remaining: 45, RAYPy_Simulation_Bessy3_long_FLUX/round_1/34_Bessy3_long_FLUX.rml
2024-07-05 15:16:31,115 - INFO - Completed: 6, remaining: 44, RAYPy_Simulation_Bessy3_long_FLUX/round_1/36_Bessy3_long_FLUX.rml
2024-07-05 15:16:31,218 - INFO - Completed: 7, remaining: 43, RAYPy_Simulation_Bessy3_long_FLUX/round_1/38_Bessy3_long_FLUX.rml
2024-07-05 15:16:31,329 - INFO - Completed: 8, remaining: 42, RAYPy_Simulation_Bessy3_long_FLUX/round_1/37_Bessy3_long_FLUX.rml
2024-07-05 15:16:31,569 - INFO - Completed: 9, remaining: 41, RAYPy_Simulation_Bessy3_long_FLUX/round_1/39_Bessy3_long_FLUX.rml
2024-07-05 15:16:32,415 - INFO - Completed: 10, remaining: 40, RAYPy_Simulation_Bessy3_long_FLUX/round_1/41_Bessy3_long_FLUX.rml
2024-07-05 15:16:36,300 - INFO - Completed: 11, remaining: 39, RAYPy_Simulation_Bessy3_long_FLUX/round_1/43_Bessy3_long_FLUX.rml
2024-07-05 15:16:36,343 - INFO - Completed: 12, remaining: 38, RAYPy_Simulation_Bessy3_long_FLUX/round_1/44_Bessy3_long_FLUX.rml
2024-07-05 15:16:36,626 - INFO - Completed: 13, remaining: 37, RAYPy_Simulation_Bessy3_long_FLUX/round_1/46_Bessy3_long_FLUX.rml
2024-07-05 15:16:36,660 - INFO - Completed: 14, remaining: 36, RAYPy_Simulation_Bessy3_long_FLUX/round_1/49_Bessy3_long_FLUX.rml
2024-07-05 15:16:36,757 - INFO - Completed: 15, remaining: 35, RAYPy_Simulation_Bessy3_long_FLUX/round_1/45_Bessy3_long_FLUX.rml
2024-07-05 15:16:36,781 - INFO - Completed: 16, remaining: 34, RAYPy_Simulation_Bessy3_long_FLUX/round_1/50_Bessy3_long_FLUX.rml
2024-07-05 15:16:36,817 - INFO - Completed: 17, remaining: 33, RAYPy_Simulation_Bessy3_long_FLUX/round_1/47_Bessy3_long_FLUX.rml
2024-07-05 15:16:36,970 - INFO - Completed: 18, remaining: 32, RAYPy_Simulation_Bessy3_long_FLUX/round_1/51_Bessy3_long_FLUX.rml
2024-07-05 15:16:37,575 - INFO - Completed: 19, remaining: 31, RAYPy_Simulation_Bessy3_long_FLUX/round_1/52_Bessy3_long_FLUX.rml
2024-07-05 15:16:38,220 - INFO - Completed: 20, remaining: 30, RAYPy_Simulation_Bessy3_long_FLUX/round_1/48_Bessy3_long_FLUX.rml
2024-07-05 15:16:42,510 - INFO - Completed: 21, remaining: 29, RAYPy_Simulation_Bessy3_long_FLUX/round_1/53_Bessy3_long_FLUX.rml
2024-07-05 15:16:42,521 - INFO - Completed: 22, remaining: 28, RAYPy_Simulation_Bessy3_long_FLUX/round_1/54_Bessy3_long_FLUX.rml
2024-07-05 15:16:42,735 - INFO - Completed: 23, remaining: 27, RAYPy_Simulation_Bessy3_long_FLUX/round_1/56_Bessy3_long_FLUX.rml
2024-07-05 15:16:42,859 - INFO - Completed: 24, remaining: 26, RAYPy_Simulation_Bessy3_long_FLUX/round_1/57_Bessy3_long_FLUX.rml
2024-07-05 15:16:42,941 - INFO - Completed: 25, remaining: 25, RAYPy_Simulation_Bessy3_long_FLUX/round_1/59_Bessy3_long_FLUX.rml
2024-07-05 15:16:42,976 - INFO - Completed: 26, remaining: 24, RAYPy_Simulation_Bessy3_long_FLUX/round_1/60_Bessy3_long_FLUX.rml
2024-07-05 15:16:43,149 - INFO - Completed: 27, remaining: 23, RAYPy_Simulation_Bessy3_long_FLUX/round_1/58_Bessy3_long_FLUX.rml
2024-07-05 15:16:43,473 - INFO - Completed: 28, remaining: 22, RAYPy_Simulation_Bessy3_long_FLUX/round_1/61_Bessy3_long_FLUX.rml
2024-07-05 15:16:43,553 - INFO - Completed: 29, remaining: 21, RAYPy_Simulation_Bessy3_long_FLUX/round_1/55_Bessy3_long_FLUX.rml
2024-07-05 15:16:43,777 - INFO - Completed: 30, remaining: 20, RAYPy_Simulation_Bessy3_long_FLUX/round_1/62_Bessy3_long_FLUX.rml
2024-07-05 15:16:48,270 - INFO - Completed: 31, remaining: 19, RAYPy_Simulation_Bessy3_long_FLUX/round_1/63_Bessy3_long_FLUX.rml
2024-07-05 15:16:48,522 - INFO - Completed: 32, remaining: 18, RAYPy_Simulation_Bessy3_long_FLUX/round_1/65_Bessy3_long_FLUX.rml
2024-07-05 15:16:48,539 - INFO - Completed: 33, remaining: 17, RAYPy_Simulation_Bessy3_long_FLUX/round_1/66_Bessy3_long_FLUX.rml
2024-07-05 15:16:48,662 - INFO - Completed: 34, remaining: 16, RAYPy_Simulation_Bessy3_long_FLUX/round_1/64_Bessy3_long_FLUX.rml
2024-07-05 15:16:48,696 - INFO - Completed: 35, remaining: 15, RAYPy_Simulation_Bessy3_long_FLUX/round_1/68_Bessy3_long_FLUX.rml
2024-07-05 15:16:48,764 - INFO - Completed: 36, remaining: 14, RAYPy_Simulation_Bessy3_long_FLUX/round_1/67_Bessy3_long_FLUX.rml
2024-07-05 15:16:49,041 - INFO - Completed: 37, remaining: 13, RAYPy_Simulation_Bessy3_long_FLUX/round_1/70_Bessy3_long_FLUX.rml
2024-07-05 15:16:49,173 - INFO - Completed: 38, remaining: 12, RAYPy_Simulation_Bessy3_long_FLUX/round_1/71_Bessy3_long_FLUX.rml
2024-07-05 15:16:49,198 - INFO - Completed: 39, remaining: 11, RAYPy_Simulation_Bessy3_long_FLUX/round_1/69_Bessy3_long_FLUX.rml
2024-07-05 15:16:49,897 - INFO - Completed: 40, remaining: 10, RAYPy_Simulation_Bessy3_long_FLUX/round_1/72_Bessy3_long_FLUX.rml
2024-07-05 15:16:54,618 - INFO - Completed: 41, remaining: 9, RAYPy_Simulation_Bessy3_long_FLUX/round_1/73_Bessy3_long_FLUX.rml
2024-07-05 15:16:54,722 - INFO - Completed: 42, remaining: 8, RAYPy_Simulation_Bessy3_long_FLUX/round_1/74_Bessy3_long_FLUX.rml
2024-07-05 15:16:54,846 - INFO - Completed: 43, remaining: 7, RAYPy_Simulation_Bessy3_long_FLUX/round_1/78_Bessy3_long_FLUX.rml
2024-07-05 15:16:54,896 - INFO - Completed: 44, remaining: 6, RAYPy_Simulation_Bessy3_long_FLUX/round_1/75_Bessy3_long_FLUX.rml
2024-07-05 15:16:54,910 - INFO - Completed: 45, remaining: 5, RAYPy_Simulation_Bessy3_long_FLUX/round_1/76_Bessy3_long_FLUX.rml
2024-07-05 15:16:54,928 - INFO - Completed: 46, remaining: 4, RAYPy_Simulation_Bessy3_long_FLUX/round_1/77_Bessy3_long_FLUX.rml
2024-07-05 15:16:55,074 - INFO - Completed: 47, remaining: 3, RAYPy_Simulation_Bessy3_long_FLUX/round_1/79_Bessy3_long_FLUX.rml
2024-07-05 15:16:55,183 - INFO - Completed: 48, remaining: 2, RAYPy_Simulation_Bessy3_long_FLUX/round_1/81_Bessy3_long_FLUX.rml
2024-07-05 15:16:55,199 - INFO - Completed: 49, remaining: 1, RAYPy_Simulation_Bessy3_long_FLUX/round_1/80_Bessy3_long_FLUX.rml
2024-07-05 15:16:55,303 - INFO - Completed: 50, remaining: 0, RAYPy_Simulation_Bessy3_long_FLUX/round_1/82_Bessy3_long_FLUX.rml
2024-07-05 15:16:55,304 - INFO - Batch Completed
2024-07-05 15:16:55,304 - INFO - Waiting For batch, 50 simulations to go
2024-07-05 15:16:55,309 - INFO - Prepared sim number: 83: RAYPy_Simulation_Bessy3_long_FLUX/round_1/83_Bessy3_long_FLUX.rml
2024-07-05 15:16:55,317 - INFO - Prepared sim number: 84: RAYPy_Simulation_Bessy3_long_FLUX/round_1/84_Bessy3_long_FLUX.rml
2024-07-05 15:16:55,325 - INFO - Prepared sim number: 85: RAYPy_Simulation_Bessy3_long_FLUX/round_1/85_Bessy3_long_FLUX.rml
2024-07-05 15:16:55,333 - INFO - Prepared sim number: 86: RAYPy_Simulation_Bessy3_long_FLUX/round_1/86_Bessy3_long_FLUX.rml
2024-07-05 15:16:55,338 - INFO - Prepared sim number: 87: RAYPy_Simulation_Bessy3_long_FLUX/round_1/87_Bessy3_long_FLUX.rml
2024-07-05 15:16:55,344 - INFO - Prepared sim number: 88: RAYPy_Simulation_Bessy3_long_FLUX/round_1/88_Bessy3_long_FLUX.rml
2024-07-05 15:16:55,352 - INFO - Prepared sim number: 89: RAYPy_Simulation_Bessy3_long_FLUX/round_1/89_Bessy3_long_FLUX.rml
2024-07-05 15:16:55,357 - INFO - Prepared sim number: 90: RAYPy_Simulation_Bessy3_long_FLUX/round_1/90_Bessy3_long_FLUX.rml
2024-07-05 15:16:55,363 - INFO - Prepared sim number: 91: RAYPy_Simulation_Bessy3_long_FLUX/round_1/91_Bessy3_long_FLUX.rml
2024-07-05 15:16:55,368 - INFO - Prepared sim number: 92: RAYPy_Simulation_Bessy3_long_FLUX/round_1/92_Bessy3_long_FLUX.rml
2024-07-05 15:16:55,373 - INFO - Prepared sim number: 93: RAYPy_Simulation_Bessy3_long_FLUX/round_1/93_Bessy3_long_FLUX.rml
2024-07-05 15:16:55,378 - INFO - Prepared sim number: 94: RAYPy_Simulation_Bessy3_long_FLUX/round_1/94_Bessy3_long_FLUX.rml
2024-07-05 15:16:55,384 - INFO - Prepared sim number: 95: RAYPy_Simulation_Bessy3_long_FLUX/round_1/95_Bessy3_long_FLUX.rml
2024-07-05 15:16:55,389 - INFO - Prepared sim number: 96: RAYPy_Simulation_Bessy3_long_FLUX/round_1/96_Bessy3_long_FLUX.rml
2024-07-05 15:16:55,395 - INFO - Prepared sim number: 97: RAYPy_Simulation_Bessy3_long_FLUX/round_1/97_Bessy3_long_FLUX.rml
2024-07-05 15:16:55,400 - INFO - Prepared sim number: 98: RAYPy_Simulation_Bessy3_long_FLUX/round_1/98_Bessy3_long_FLUX.rml
2024-07-05 15:16:55,404 - INFO - Prepared sim number: 99: RAYPy_Simulation_Bessy3_long_FLUX/round_1/99_Bessy3_long_FLUX.rml
2024-07-05 15:16:55,409 - INFO - Prepared sim number: 100: RAYPy_Simulation_Bessy3_long_FLUX/round_1/100_Bessy3_long_FLUX.rml
2024-07-05 15:16:55,413 - INFO - Prepared sim number: 101: RAYPy_Simulation_Bessy3_long_FLUX/round_1/101_Bessy3_long_FLUX.rml
2024-07-05 15:16:55,418 - INFO - Prepared sim number: 102: RAYPy_Simulation_Bessy3_long_FLUX/round_1/102_Bessy3_long_FLUX.rml
2024-07-05 15:16:55,422 - INFO - Prepared sim number: 103: RAYPy_Simulation_Bessy3_long_FLUX/round_1/103_Bessy3_long_FLUX.rml
2024-07-05 15:16:55,428 - INFO - Prepared sim number: 104: RAYPy_Simulation_Bessy3_long_FLUX/round_1/104_Bessy3_long_FLUX.rml
2024-07-05 15:16:55,434 - INFO - Prepared sim number: 105: RAYPy_Simulation_Bessy3_long_FLUX/round_1/105_Bessy3_long_FLUX.rml
2024-07-05 15:16:55,439 - INFO - Prepared sim number: 106: RAYPy_Simulation_Bessy3_long_FLUX/round_1/106_Bessy3_long_FLUX.rml
2024-07-05 15:16:55,446 - INFO - Prepared sim number: 107: RAYPy_Simulation_Bessy3_long_FLUX/round_1/107_Bessy3_long_FLUX.rml
2024-07-05 15:16:55,451 - INFO - Prepared sim number: 108: RAYPy_Simulation_Bessy3_long_FLUX/round_1/108_Bessy3_long_FLUX.rml
2024-07-05 15:16:55,456 - INFO - Prepared sim number: 109: RAYPy_Simulation_Bessy3_long_FLUX/round_1/109_Bessy3_long_FLUX.rml
2024-07-05 15:16:55,463 - INFO - Prepared sim number: 110: RAYPy_Simulation_Bessy3_long_FLUX/round_1/110_Bessy3_long_FLUX.rml
2024-07-05 15:16:55,469 - INFO - Prepared sim number: 111: RAYPy_Simulation_Bessy3_long_FLUX/round_1/111_Bessy3_long_FLUX.rml
2024-07-05 15:16:55,475 - INFO - Prepared sim number: 112: RAYPy_Simulation_Bessy3_long_FLUX/round_1/112_Bessy3_long_FLUX.rml
2024-07-05 15:16:55,483 - INFO - Prepared sim number: 113: RAYPy_Simulation_Bessy3_long_FLUX/round_1/113_Bessy3_long_FLUX.rml
2024-07-05 15:16:55,490 - INFO - Prepared sim number: 114: RAYPy_Simulation_Bessy3_long_FLUX/round_1/114_Bessy3_long_FLUX.rml
2024-07-05 15:16:55,497 - INFO - Prepared sim number: 115: RAYPy_Simulation_Bessy3_long_FLUX/round_1/115_Bessy3_long_FLUX.rml
2024-07-05 15:16:55,504 - INFO - Prepared sim number: 116: RAYPy_Simulation_Bessy3_long_FLUX/round_1/116_Bessy3_long_FLUX.rml
2024-07-05 15:16:55,504 - INFO - Waiting for batch number: 4, timeout: 35.143474037647245s
2024-07-05 15:17:00,357 - INFO - Completed: 1, remaining: 49, RAYPy_Simulation_Bessy3_long_FLUX/round_1/84_Bessy3_long_FLUX.rml
2024-07-05 15:17:00,479 - INFO - Completed: 2, remaining: 48, RAYPy_Simulation_Bessy3_long_FLUX/round_1/83_Bessy3_long_FLUX.rml
2024-07-05 15:17:00,498 - INFO - Completed: 3, remaining: 47, RAYPy_Simulation_Bessy3_long_FLUX/round_1/90_Bessy3_long_FLUX.rml
2024-07-05 15:17:00,512 - INFO - Completed: 4, remaining: 46, RAYPy_Simulation_Bessy3_long_FLUX/round_1/85_Bessy3_long_FLUX.rml
2024-07-05 15:17:00,614 - INFO - Completed: 5, remaining: 45, RAYPy_Simulation_Bessy3_long_FLUX/round_1/92_Bessy3_long_FLUX.rml
2024-07-05 15:17:01,123 - INFO - Completed: 6, remaining: 44, RAYPy_Simulation_Bessy3_long_FLUX/round_1/87_Bessy3_long_FLUX.rml
2024-07-05 15:17:01,399 - INFO - Completed: 7, remaining: 43, RAYPy_Simulation_Bessy3_long_FLUX/round_1/89_Bessy3_long_FLUX.rml
2024-07-05 15:17:02,944 - INFO - Completed: 8, remaining: 42, RAYPy_Simulation_Bessy3_long_FLUX/round_1/88_Bessy3_long_FLUX.rml
2024-07-05 15:17:03,054 - INFO - Completed: 9, remaining: 41, RAYPy_Simulation_Bessy3_long_FLUX/round_1/91_Bessy3_long_FLUX.rml
2024-07-05 15:17:03,315 - INFO - Completed: 10, remaining: 40, RAYPy_Simulation_Bessy3_long_FLUX/round_1/86_Bessy3_long_FLUX.rml
2024-07-05 15:17:06,040 - INFO - Completed: 11, remaining: 39, RAYPy_Simulation_Bessy3_long_FLUX/round_1/93_Bessy3_long_FLUX.rml
2024-07-05 15:17:06,163 - INFO - Completed: 12, remaining: 38, RAYPy_Simulation_Bessy3_long_FLUX/round_1/94_Bessy3_long_FLUX.rml
2024-07-05 15:17:06,222 - INFO - Completed: 13, remaining: 37, RAYPy_Simulation_Bessy3_long_FLUX/round_1/97_Bessy3_long_FLUX.rml
2024-07-05 15:17:06,240 - INFO - Completed: 14, remaining: 36, RAYPy_Simulation_Bessy3_long_FLUX/round_1/96_Bessy3_long_FLUX.rml
2024-07-05 15:17:06,285 - INFO - Completed: 15, remaining: 35, RAYPy_Simulation_Bessy3_long_FLUX/round_1/95_Bessy3_long_FLUX.rml
2024-07-05 15:17:06,621 - INFO - Completed: 16, remaining: 34, RAYPy_Simulation_Bessy3_long_FLUX/round_1/98_Bessy3_long_FLUX.rml
2024-07-05 15:17:06,887 - INFO - Completed: 17, remaining: 33, RAYPy_Simulation_Bessy3_long_FLUX/round_1/99_Bessy3_long_FLUX.rml
2024-07-05 15:17:08,253 - INFO - Completed: 18, remaining: 32, RAYPy_Simulation_Bessy3_long_FLUX/round_1/100_Bessy3_long_FLUX.rml
2024-07-05 15:17:08,745 - INFO - Completed: 19, remaining: 31, RAYPy_Simulation_Bessy3_long_FLUX/round_1/101_Bessy3_long_FLUX.rml
2024-07-05 15:17:09,557 - INFO - Completed: 20, remaining: 30, RAYPy_Simulation_Bessy3_long_FLUX/round_1/102_Bessy3_long_FLUX.rml
2024-07-05 15:17:11,623 - INFO - Completed: 21, remaining: 29, RAYPy_Simulation_Bessy3_long_FLUX/round_1/103_Bessy3_long_FLUX.rml
2024-07-05 15:17:11,758 - INFO - Completed: 22, remaining: 28, RAYPy_Simulation_Bessy3_long_FLUX/round_1/107_Bessy3_long_FLUX.rml
2024-07-05 15:17:11,768 - INFO - Completed: 23, remaining: 27, RAYPy_Simulation_Bessy3_long_FLUX/round_1/105_Bessy3_long_FLUX.rml
2024-07-05 15:17:11,795 - INFO - Completed: 24, remaining: 26, RAYPy_Simulation_Bessy3_long_FLUX/round_1/104_Bessy3_long_FLUX.rml
2024-07-05 15:17:11,887 - INFO - Completed: 25, remaining: 25, RAYPy_Simulation_Bessy3_long_FLUX/round_1/106_Bessy3_long_FLUX.rml
2024-07-05 15:17:12,052 - INFO - Completed: 26, remaining: 24, RAYPy_Simulation_Bessy3_long_FLUX/round_1/108_Bessy3_long_FLUX.rml
2024-07-05 15:17:12,179 - INFO - Completed: 27, remaining: 23, RAYPy_Simulation_Bessy3_long_FLUX/round_1/109_Bessy3_long_FLUX.rml
2024-07-05 15:17:13,398 - INFO - Completed: 28, remaining: 22, RAYPy_Simulation_Bessy3_long_FLUX/round_1/111_Bessy3_long_FLUX.rml
2024-07-05 15:17:13,586 - INFO - Completed: 29, remaining: 21, RAYPy_Simulation_Bessy3_long_FLUX/round_1/110_Bessy3_long_FLUX.rml
2024-07-05 15:17:13,737 - INFO - Completed: 30, remaining: 20, RAYPy_Simulation_Bessy3_long_FLUX/round_1/112_Bessy3_long_FLUX.rml
2024-07-05 15:17:14,754 - INFO - Completed: 31, remaining: 19, RAYPy_Simulation_Bessy3_long_FLUX/round_1/114_Bessy3_long_FLUX.rml
2024-07-05 15:17:14,818 - INFO - Completed: 32, remaining: 18, RAYPy_Simulation_Bessy3_long_FLUX/round_1/115_Bessy3_long_FLUX.rml
2024-07-05 15:17:14,846 - INFO - Completed: 33, remaining: 17, RAYPy_Simulation_Bessy3_long_FLUX/round_1/116_Bessy3_long_FLUX.rml
2024-07-05 15:17:14,889 - INFO - Completed: 34, remaining: 16, RAYPy_Simulation_Bessy3_long_FLUX/round_1/113_Bessy3_long_FLUX.rml
2024-07-05 15:17:14,890 - INFO - Batch Completed
2024-07-05 15:17:14,890 - INFO - Waiting For batch, 50 simulations to go
2024-07-05 15:17:14,890 - INFO - Remaning Simulations 0, stop the simulations loop
2024-07-05 15:17:14,891 - INFO - Checking that all simulations are completed before stopping the ProcessPoolExecutor
2024-07-05 15:17:15,143 - INFO - Executor shutdown completed.
2024-07-05 15:17:15,157 - INFO - Simulation completed successfully.
2024-07-05 15:17:15,158 - INFO - Starting cleanup
2024-07-05 15:17:16,591 - INFO - Done with the cleanup
2024-07-05 15:17:16,591 - INFO - End of the Simulations
